[12.11.2015 00:36:12] DFP method started
[12.11.2015 00:36:12] Input data. Start point DenseMatrix 2x1-Double
1
1
, epsilon 0,01000
[12.11.2015 00:36:12] Step 1: K = 0
[12.11.2015 00:36:12] Step 2: ITERATION number 0
[12.11.2015 00:36:12] Step 4: K==0, go to step 8.
[12.11.2015 00:36:13] Step 8: Search vector: DenseMatrix 2x1-Double
47,2032
38,4398

[12.11.2015 00:36:13] DSK method started!
[12.11.2015 00:36:13] Step 1: f(alpha)=7918868,7950, f(alpha + h)=7956425,1706; k=0;
[12.11.2015 00:36:13] Step 3: b=0,0954, alpha1=0,0955, h=-0,0001, k=2.
[12.11.2015 00:36:13] Step 4: alphak=0,0952
[12.11.2015 00:36:13] Step 5: h > 0; b=alpha(k-1)=0,0953
[12.11.2015 00:36:13] k = k + 1 = 3; Go to step 4!
[12.11.2015 00:36:13] Step 4: alphak=0,0950
[12.11.2015 00:36:13] Step 5: h > 0; b=alpha(k-1)=0,0952
[12.11.2015 00:36:13] k = k + 1 = 4; Go to step 4!
[12.11.2015 00:36:13] Step 4: alphak=0,0946
[12.11.2015 00:36:13] Step 5: h > 0; b=alpha(k-1)=0,0950
[12.11.2015 00:36:13] k = k + 1 = 5; Go to step 4!
[12.11.2015 00:36:13] Step 4: alphak=0,0938
[12.11.2015 00:36:13] Step 5: h > 0; b=alpha(k-1)=0,0946
[12.11.2015 00:36:13] k = k + 1 = 6; Go to step 4!
[12.11.2015 00:36:13] Step 4: alphak=0,0922
[12.11.2015 00:36:13] Step 5: h > 0; b=alpha(k-1)=0,0938
[12.11.2015 00:36:13] k = k + 1 = 7; Go to step 4!
[12.11.2015 00:36:13] Step 4: alphak=0,0890
[12.11.2015 00:36:13] Step 5: h > 0; b=alpha(k-1)=0,0922
[12.11.2015 00:36:13] k = k + 1 = 8; Go to step 4!
[12.11.2015 00:36:13] Step 4: alphak=0,0826
[12.11.2015 00:36:13] Step 5: h > 0; b=alpha(k-1)=0,0890
[12.11.2015 00:36:13] k = k + 1 = 9; Go to step 4!
[12.11.2015 00:36:13] Step 4: alphak=0,0698
[12.11.2015 00:36:13] Step 5: h > 0; b=alpha(k-1)=0,0826
[12.11.2015 00:36:13] k = k + 1 = 10; Go to step 4!
[12.11.2015 00:36:13] Step 4: alphak=0,0442
[12.11.2015 00:36:13] Step 5: h > 0; b=alpha(k-1)=0,0698
[12.11.2015 00:36:13] k = k + 1 = 11; Go to step 4!
[12.11.2015 00:36:13] Step 4: alphak=-0,0070
[12.11.2015 00:36:13] Step 5: h > 0; b=alpha(k-1)=0,0442
[12.11.2015 00:36:13] k = k + 1 = 12; Go to step 4!
[12.11.2015 00:36:13] Step 4: alphak=-0,1094
[12.11.2015 00:36:13] Step 5: h < 0; a=alphak-0,1094
[12.11.2015 00:36:13] Step 6: Interval is: [-0,1094 ; 0,0442]
[12.11.2015 00:36:13] Dichotomy method has been started!
[12.11.2015 00:36:13] Counting: delta = eps / 10 = 1E-05
[12.11.2015 00:36:13] Step 1: counting alpha_1 = -0,0326, alpha_2 = -0,0326
[12.11.2015 00:36:13] Step 3: f(-0,0326) = 516197,1996 > f(-0,0326) = 515224,3932; a = alpha_1 = -0,0326.
[12.11.2015 00:36:13] Iter 0: Answer is in the range: [-0,0326; 0,0442]
[12.11.2015 00:36:13] Step 1: counting alpha_1 = 0,0058, alpha_2 = 0,0058
[12.11.2015 00:36:13] Step 3: f(0,0058) = 19,7720 <= f(0,0058) = 20,3309; b = alpha_2 = 0,0058.
[12.11.2015 00:36:13] Iter 1: Answer is in the range: [-0,0326; 0,0058]
[12.11.2015 00:36:13] Step 1: counting alpha_1 = -0,0134, alpha_2 = -0,0134
[12.11.2015 00:36:13] Step 3: f(-0,0134) = 45291,6547 > f(-0,0134) = 45131,7808; a = alpha_1 = -0,0134.
[12.11.2015 00:36:13] Iter 2: Answer is in the range: [-0,0134; 0,0058]
[12.11.2015 00:36:13] Step 1: counting alpha_1 = -0,0038, alpha_2 = -0,0038
[12.11.2015 00:36:13] Step 3: f(-0,0038) = 4689,5669 > f(-0,0038) = 4658,7745; a = alpha_1 = -0,0038.
[12.11.2015 00:36:13] Iter 3: Answer is in the range: [-0,0038; 0,0058]
[12.11.2015 00:36:13] Step 1: counting alpha_1 = 0,0010, alpha_2 = 0,0010
[12.11.2015 00:36:13] Step 3: f(0,0010) = 551,5029 > f(0,0010) = 544,5153; a = alpha_1 = 0,0010.
[12.11.2015 00:36:13] Iter 4: Answer is in the range: [0,0010; 0,0058]
[12.11.2015 00:36:13] Step 1: counting alpha_1 = 0,0034, alpha_2 = 0,0034
[12.11.2015 00:36:13] Step 3: f(0,0034) = 63,6179 > f(0,0034) = 61,9249; a = alpha_1 = 0,0034.
[12.11.2015 00:36:13] Iter 5: Answer is in the range: [0,0034; 0,0058]
[12.11.2015 00:36:13] Step 1: counting alpha_1 = 0,0046, alpha_2 = 0,0046
[12.11.2015 00:36:13] Step 3: f(0,0046) = 8,0819 > f(0,0046) = 7,8314; a = alpha_1 = 0,0046.
[12.11.2015 00:36:13] Iter 6: Answer is in the range: [0,0046; 0,0058]
[12.11.2015 00:36:13] Step 1: counting alpha_1 = 0,0052, alpha_2 = 0,0052
[12.11.2015 00:36:13] Step 3: f(0,0052) = 7,8412 <= f(0,0052) = 8,0665; b = alpha_2 = 0,0052.
[12.11.2015 00:36:13] Iter 7: Answer is in the range: [0,0046; 0,0052]
[12.11.2015 00:36:13] Step 1: counting alpha_1 = 0,0049, alpha_2 = 0,0049
[12.11.2015 00:36:13] Step 3: f(0,0049) = 6,1691 <= f(0,0049) = 6,1753; b = alpha_2 = 0,0049.
[12.11.2015 00:36:13] Iter 8: Answer is in the range: [0,0046; 0,0049]
[12.11.2015 00:36:13] Step 1: counting alpha_1 = 0,0048, alpha_2 = 0,0048
[12.11.2015 00:36:13] Step 3: f(0,0048) = 6,6419 > f(0,0048) = 6,5245; a = alpha_1 = 0,0048.
[12.11.2015 00:36:13] Step 4: (b-a)/2 = 0,0001 < eps = 0,0001; STOP SEARCHING!
[12.11.2015 00:36:13] Iter 9: Answer is in the range: [0,0048; 0,0049]
[12.11.2015 00:36:13] Step 5: alpha_end = (a+b)/2; Minimum x* is: 0,0048
[12.11.2015 00:36:13] Step 9: New alpha 0,00484012989044189
[12.11.2015 00:36:13] Step 10: New local search point DenseMatrix 2x1-Double
1,22847
1,18605

[12.11.2015 00:36:13] Step 11: Iteration end.
[12.11.2015 00:36:13] Step 2: ITERATION number 1
[12.11.2015 00:36:13] Step 5: Sk = DenseMatrix 2x1-Double
0,228469
0,186054

[12.11.2015 00:36:13] Step 6: Yk = DenseMatrix 2x1-Double
-3,52182
 0,69684

[12.11.2015 00:36:13] Step 7: Quasi-Newton matrix: 
DenseMatrix 2x2-Double
NaN  NaN
NaN  NaN

[12.11.2015 00:36:13] Step 8: Search vector: DenseMatrix 2x1-Double
NaN
NaN

[12.11.2015 00:36:13] DSK method started!
[12.11.2015 00:36:13] Step 1: f(alpha)=NaN, f(alpha + h)=NaN; k=0;
[12.11.2015 00:36:13] Step 3: b=0,0048, alpha1=0,0049, h=-0,0001, k=2.
[12.11.2015 00:36:13] Step 4: alphak=0,0046
[12.11.2015 00:36:13] Step 5: h > 0; b=alpha(k-1)=0,0047
[12.11.2015 00:36:13] k = k + 1 = 3; Go to step 4!
[12.11.2015 00:36:13] Step 4: alphak=0,0044
[12.11.2015 00:36:13] Step 5: h > 0; b=alpha(k-1)=0,0046
[12.11.2015 00:36:13] k = k + 1 = 4; Go to step 4!
[12.11.2015 00:36:13] Step 4: alphak=0,0040
[12.11.2015 00:36:13] Step 5: h > 0; b=alpha(k-1)=0,0044
[12.11.2015 00:36:13] k = k + 1 = 5; Go to step 4!
[12.11.2015 00:36:13] Step 4: alphak=0,0032
[12.11.2015 00:36:13] Step 5: h > 0; b=alpha(k-1)=0,0040
[12.11.2015 00:36:13] k = k + 1 = 6; Go to step 4!
[12.11.2015 00:36:13] Step 4: alphak=0,0016
[12.11.2015 00:36:13] Step 5: h > 0; b=alpha(k-1)=0,0032
[12.11.2015 00:36:13] k = k + 1 = 7; Go to step 4!
[12.11.2015 00:36:13] Step 4: alphak=-0,0016
[12.11.2015 00:36:13] Step 5: h > 0; b=alpha(k-1)=0,0016
[12.11.2015 00:36:13] k = k + 1 = 8; Go to step 4!
[12.11.2015 00:36:13] Step 4: alphak=-0,0080
[12.11.2015 00:36:13] Step 5: h > 0; b=alpha(k-1)=-0,0016
[12.11.2015 00:36:13] k = k + 1 = 9; Go to step 4!
[12.11.2015 00:36:13] Step 4: alphak=-0,0208
[12.11.2015 00:36:13] Step 5: h > 0; b=alpha(k-1)=-0,0080
[12.11.2015 00:36:13] k = k + 1 = 10; Go to step 4!
[12.11.2015 00:36:13] Step 4: alphak=-0,0464
[12.11.2015 00:36:13] Step 5: h > 0; b=alpha(k-1)=-0,0208
[12.11.2015 00:36:13] k = k + 1 = 11; Go to step 4!
[12.11.2015 00:36:13] Step 4: alphak=-0,0976
[12.11.2015 00:36:13] Step 5: h > 0; b=alpha(k-1)=-0,0464
[12.11.2015 00:36:13] k = k + 1 = 12; Go to step 4!
[12.11.2015 00:36:13] Step 4: alphak=-0,2000
[12.11.2015 00:36:13] Step 5: h > 0; b=alpha(k-1)=-0,0976
[12.11.2015 00:36:13] k = k + 1 = 13; Go to step 4!
[12.11.2015 00:36:13] Step 4: alphak=-0,4048
[12.11.2015 00:36:13] Step 5: h > 0; b=alpha(k-1)=-0,2000
[12.11.2015 00:36:13] k = k + 1 = 14; Go to step 4!
[12.11.2015 00:36:13] Step 4: alphak=-0,8144
[12.11.2015 00:36:13] Step 5: h > 0; b=alpha(k-1)=-0,4048
[12.11.2015 00:36:13] k = k + 1 = 15; Go to step 4!
[12.11.2015 00:36:13] Step 4: alphak=-1,6336
[12.11.2015 00:36:13] Step 5: h > 0; b=alpha(k-1)=-0,8144
[12.11.2015 00:36:13] k = k + 1 = 16; Go to step 4!
[12.11.2015 00:36:13] Step 4: alphak=-3,2720
[12.11.2015 00:36:13] Step 5: h > 0; b=alpha(k-1)=-1,6336
[12.11.2015 00:36:13] k = k + 1 = 17; Go to step 4!
[12.11.2015 00:36:13] Step 4: alphak=-6,5488
[12.11.2015 00:36:13] Step 5: h > 0; b=alpha(k-1)=-3,2720
[12.11.2015 00:36:13] k = k + 1 = 18; Go to step 4!
[12.11.2015 00:36:13] Step 4: alphak=-13,1024
[12.11.2015 00:36:13] Step 5: h > 0; b=alpha(k-1)=-6,5488
[12.11.2015 00:36:13] k = k + 1 = 19; Go to step 4!
[12.11.2015 00:36:13] Step 4: alphak=-26,2096
[12.11.2015 00:36:13] Step 5: h > 0; b=alpha(k-1)=-13,1024
[12.11.2015 00:36:13] k = k + 1 = 20; Go to step 4!
[12.11.2015 00:36:13] Step 4: alphak=-52,4240
[12.11.2015 00:36:13] Step 5: h > 0; b=alpha(k-1)=-26,2096
[12.11.2015 00:36:13] k = k + 1 = 21; Go to step 4!
[12.11.2015 00:36:13] Step 4: alphak=-104,8528
[12.11.2015 00:36:13] Step 5: h > 0; b=alpha(k-1)=-52,4240
[12.11.2015 00:36:13] k = k + 1 = 22; Go to step 4!
[12.11.2015 00:36:13] Step 4: alphak=-209,7104
[12.11.2015 00:36:13] Step 5: h > 0; b=alpha(k-1)=-104,8528
[12.11.2015 00:36:13] k = k + 1 = 23; Go to step 4!
[12.11.2015 00:36:13] Step 4: alphak=-419,4256
[12.11.2015 00:36:13] Step 5: h > 0; b=alpha(k-1)=-209,7104
[12.11.2015 00:36:13] k = k + 1 = 24; Go to step 4!
[12.11.2015 00:36:13] Step 4: alphak=-838,8560
[12.11.2015 00:36:13] Step 5: h > 0; b=alpha(k-1)=-419,4256
[12.11.2015 00:36:13] k = k + 1 = 25; Go to step 4!
[12.11.2015 00:36:13] Step 4: alphak=-1677,7168
[12.11.2015 00:36:13] Step 5: h > 0; b=alpha(k-1)=-838,8560
[12.11.2015 00:36:13] k = k + 1 = 26; Go to step 4!
[12.11.2015 00:36:13] Step 4: alphak=-3355,4384
[12.11.2015 00:36:13] Step 5: h > 0; b=alpha(k-1)=-1677,7168
[12.11.2015 00:36:13] k = k + 1 = 27; Go to step 4!
[12.11.2015 00:36:13] Step 4: alphak=-6710,8816
[12.11.2015 00:36:13] Step 5: h > 0; b=alpha(k-1)=-3355,4384
[12.11.2015 00:36:13] k = k + 1 = 28; Go to step 4!
[12.11.2015 00:36:13] Step 4: alphak=-13421,7680
[12.11.2015 00:36:13] Step 5: h > 0; b=alpha(k-1)=-6710,8816
[12.11.2015 00:36:13] k = k + 1 = 29; Go to step 4!
[12.11.2015 00:36:13] Step 4: alphak=-26843,5408
[12.11.2015 00:36:13] Step 5: h > 0; b=alpha(k-1)=-13421,7680
[12.11.2015 00:36:13] k = k + 1 = 30; Go to step 4!
[12.11.2015 00:36:13] Step 4: alphak=-53687,0864
[12.11.2015 00:36:13] Step 5: h > 0; b=alpha(k-1)=-26843,5408
[12.11.2015 00:36:13] k = k + 1 = 31; Go to step 4!
[12.11.2015 00:36:13] Step 4: alphak=-107374,1776
[12.11.2015 00:36:13] Step 5: h > 0; b=alpha(k-1)=-53687,0864
[12.11.2015 00:36:13] k = k + 1 = 32; Go to step 4!
[12.11.2015 00:36:13] Step 4: alphak=-214748,3600
[12.11.2015 00:36:13] Step 5: h > 0; b=alpha(k-1)=-107374,1776
[12.11.2015 00:36:13] k = k + 1 = 33; Go to step 4!
[12.11.2015 00:36:13] Step 4: alphak=-429496,7248
[12.11.2015 00:36:13] Step 5: h > 0; b=alpha(k-1)=-214748,3600
[12.11.2015 00:36:13] k = k + 1 = 34; Go to step 4!
[12.11.2015 00:36:14] Step 4: alphak=-858993,4544
[12.11.2015 00:36:14] Step 5: h > 0; b=alpha(k-1)=-429496,7248
[12.11.2015 00:36:14] k = k + 1 = 35; Go to step 4!
[12.11.2015 00:36:14] Step 4: alphak=-1717986,9136
[12.11.2015 00:36:14] Step 5: h > 0; b=alpha(k-1)=-858993,4544
[12.11.2015 00:36:14] k = k + 1 = 36; Go to step 4!
[12.11.2015 00:36:14] Step 4: alphak=-3435973,8320
[12.11.2015 00:36:14] Step 5: h > 0; b=alpha(k-1)=-1717986,9136
[12.11.2015 00:36:14] k = k + 1 = 37; Go to step 4!
[12.11.2015 00:36:14] Step 4: alphak=-6871947,6688
[12.11.2015 00:36:14] Step 5: h > 0; b=alpha(k-1)=-3435973,8320
[12.11.2015 00:36:14] k = k + 1 = 38; Go to step 4!
[12.11.2015 00:36:14] Step 4: alphak=-13743895,3424
[12.11.2015 00:36:14] Step 5: h > 0; b=alpha(k-1)=-6871947,6688
[12.11.2015 00:36:14] k = k + 1 = 39; Go to step 4!
[12.11.2015 00:36:14] Step 4: alphak=-27487790,6896
[12.11.2015 00:36:14] Step 5: h > 0; b=alpha(k-1)=-13743895,3424
[12.11.2015 00:36:14] k = k + 1 = 40; Go to step 4!
[12.11.2015 00:36:14] Step 4: alphak=-54975581,3840
[12.11.2015 00:36:14] Step 5: h > 0; b=alpha(k-1)=-27487790,6896
[12.11.2015 00:36:14] k = k + 1 = 41; Go to step 4!
[12.11.2015 00:36:14] Step 4: alphak=-109951162,7728
[12.11.2015 00:36:14] Step 5: h > 0; b=alpha(k-1)=-54975581,3840
[12.11.2015 00:36:14] k = k + 1 = 42; Go to step 4!
[12.11.2015 00:36:14] Step 4: alphak=-219902325,5504
[12.11.2015 00:36:14] Step 5: h > 0; b=alpha(k-1)=-109951162,7728
[12.11.2015 00:36:14] k = k + 1 = 43; Go to step 4!
[12.11.2015 00:36:14] Step 4: alphak=-439804651,1056
[12.11.2015 00:36:14] Step 5: h > 0; b=alpha(k-1)=-219902325,5504
[12.11.2015 00:36:14] k = k + 1 = 44; Go to step 4!
[12.11.2015 00:36:14] Step 4: alphak=-879609302,2160
[12.11.2015 00:36:14] Step 5: h > 0; b=alpha(k-1)=-439804651,1056
[12.11.2015 00:36:14] k = k + 1 = 45; Go to step 4!
[12.11.2015 00:36:14] Step 4: alphak=-1759218604,4368
[12.11.2015 00:36:14] Step 5: h > 0; b=alpha(k-1)=-879609302,2160
[12.11.2015 00:36:14] k = k + 1 = 46; Go to step 4!
[12.11.2015 00:36:14] Step 4: alphak=-3518437208,8784
[12.11.2015 00:36:14] Step 5: h > 0; b=alpha(k-1)=-1759218604,4368
[12.11.2015 00:36:14] k = k + 1 = 47; Go to step 4!
[12.11.2015 00:36:14] Step 4: alphak=-7036874417,7616
[12.11.2015 00:36:14] Step 5: h > 0; b=alpha(k-1)=-3518437208,8784
[12.11.2015 00:36:14] k = k + 1 = 48; Go to step 4!
[12.11.2015 00:36:14] Step 4: alphak=-14073748835,5280
[12.11.2015 00:36:14] Step 5: h > 0; b=alpha(k-1)=-7036874417,7616
[12.11.2015 00:36:14] k = k + 1 = 49; Go to step 4!
[12.11.2015 00:36:14] Step 4: alphak=-28147497671,0608
[12.11.2015 00:36:14] Step 5: h > 0; b=alpha(k-1)=-14073748835,5280
[12.11.2015 00:36:14] k = k + 1 = 50; Go to step 4!
[12.11.2015 00:36:14] Step 4: alphak=-56294995342,1264
[12.11.2015 00:36:14] Step 5: h > 0; b=alpha(k-1)=-28147497671,0608
[12.11.2015 00:36:14] k = k + 1 = 51; Go to step 4!
[12.11.2015 00:36:14] Step 4: alphak=-112589990684,2580
[12.11.2015 00:36:14] Step 5: h > 0; b=alpha(k-1)=-56294995342,1264
[12.11.2015 00:36:14] k = k + 1 = 52; Go to step 4!
[12.11.2015 00:36:14] Step 4: alphak=-225179981368,5200
[12.11.2015 00:36:14] Step 5: h > 0; b=alpha(k-1)=-112589990684,2580
[12.11.2015 00:36:14] k = k + 1 = 53; Go to step 4!
[12.11.2015 00:36:14] Step 4: alphak=-450359962737,0450
[12.11.2015 00:36:14] Step 5: h > 0; b=alpha(k-1)=-225179981368,5200
[12.11.2015 00:36:14] k = k + 1 = 54; Go to step 4!
[12.11.2015 00:36:14] Step 4: alphak=-900719925474,0940
[12.11.2015 00:36:14] Step 5: h > 0; b=alpha(k-1)=-450359962737,0450
[12.11.2015 00:36:14] k = k + 1 = 55; Go to step 4!
[12.11.2015 00:36:14] Step 4: alphak=-1801439850948,1900
[12.11.2015 00:36:14] Step 5: h > 0; b=alpha(k-1)=-900719925474,0940
[12.11.2015 00:36:14] k = k + 1 = 56; Go to step 4!
[12.11.2015 00:36:14] Step 4: alphak=-3602879701896,3900
[12.11.2015 00:36:14] Step 5: h > 0; b=alpha(k-1)=-1801439850948,1900
[12.11.2015 00:36:14] k = k + 1 = 57; Go to step 4!
[12.11.2015 00:36:14] Step 4: alphak=-7205759403792,7900
[12.11.2015 00:36:14] Step 5: h > 0; b=alpha(k-1)=-3602879701896,3900
[12.11.2015 00:36:14] k = k + 1 = 58; Go to step 4!
[12.11.2015 00:36:14] Step 4: alphak=-14411518807585,6000
[12.11.2015 00:36:14] Step 5: h > 0; b=alpha(k-1)=-7205759403792,7900
[12.11.2015 00:36:14] k = k + 1 = 59; Go to step 4!
[12.11.2015 00:36:14] Step 4: alphak=-28823037615171,2000
[12.11.2015 00:36:14] Step 5: h > 0; b=alpha(k-1)=-14411518807585,6000
[12.11.2015 00:36:14] k = k + 1 = 60; Go to step 4!
[12.11.2015 00:36:14] Step 4: alphak=-57646075230342,3000
[12.11.2015 00:36:14] Step 5: h > 0; b=alpha(k-1)=-28823037615171,2000
[12.11.2015 00:36:14] k = k + 1 = 61; Go to step 4!
[12.11.2015 00:36:14] Step 4: alphak=-115292150460685,0000
[12.11.2015 00:36:14] Step 5: h > 0; b=alpha(k-1)=-57646075230342,3000
[12.11.2015 00:36:14] k = k + 1 = 62; Go to step 4!
[12.11.2015 00:36:14] Step 4: alphak=-230584300921369,0000
[12.11.2015 00:36:14] Step 5: h > 0; b=alpha(k-1)=-115292150460685,0000
[12.11.2015 00:36:14] k = k + 1 = 63; Go to step 4!
[12.11.2015 00:36:14] Step 4: alphak=-461168601842739,0000
[12.11.2015 00:36:14] Step 5: h > 0; b=alpha(k-1)=-230584300921369,0000
[12.11.2015 00:36:14] k = k + 1 = 64; Go to step 4!
[12.11.2015 00:36:14] Step 4: alphak=-922337203685478,0000
[12.11.2015 00:36:14] Step 5: h > 0; b=alpha(k-1)=-461168601842739,0000
[12.11.2015 00:36:14] k = k + 1 = 65; Go to step 4!
[12.11.2015 00:36:14] Step 4: alphak=-1844674407370960,0000
[12.11.2015 00:36:14] Step 5: h > 0; b=alpha(k-1)=-922337203685478,0000
[12.11.2015 00:36:14] k = k + 1 = 66; Go to step 4!
[12.11.2015 00:36:14] Step 4: alphak=-3689348814741910,0000
[12.11.2015 00:36:14] Step 5: h > 0; b=alpha(k-1)=-1844674407370960,0000
[12.11.2015 00:36:14] k = k + 1 = 67; Go to step 4!
[12.11.2015 00:36:14] Step 4: alphak=-7378697629483820,0000
[12.11.2015 00:36:14] Step 5: h > 0; b=alpha(k-1)=-3689348814741910,0000
[12.11.2015 00:36:14] k = k + 1 = 68; Go to step 4!
[12.11.2015 00:36:14] Step 4: alphak=-14757395258967600,0000
[12.11.2015 00:36:14] Step 5: h > 0; b=alpha(k-1)=-7378697629483820,0000
[12.11.2015 00:36:14] k = k + 1 = 69; Go to step 4!
[12.11.2015 00:36:14] Step 4: alphak=-29514790517935300,0000
[12.11.2015 00:36:14] Step 5: h > 0; b=alpha(k-1)=-14757395258967600,0000
[12.11.2015 00:36:14] k = k + 1 = 70; Go to step 4!
[12.11.2015 00:36:14] Step 4: alphak=-59029581035870600,0000
[12.11.2015 00:36:14] Step 5: h > 0; b=alpha(k-1)=-29514790517935300,0000
[12.11.2015 00:36:14] k = k + 1 = 71; Go to step 4!
[12.11.2015 00:36:14] Step 4: alphak=-118059162071741000,0000
[12.11.2015 00:36:14] Step 5: h > 0; b=alpha(k-1)=-59029581035870600,0000
[12.11.2015 00:36:14] k = k + 1 = 72; Go to step 4!
[12.11.2015 00:36:14] Step 4: alphak=-236118324143482000,0000
[12.11.2015 00:36:14] Step 5: h > 0; b=alpha(k-1)=-118059162071741000,0000
[12.11.2015 00:36:14] k = k + 1 = 73; Go to step 4!
[12.11.2015 00:36:14] Step 4: alphak=-472236648286965000,0000
[12.11.2015 00:36:14] Step 5: h > 0; b=alpha(k-1)=-236118324143482000,0000
[12.11.2015 00:36:14] k = k + 1 = 74; Go to step 4!
[12.11.2015 00:36:14] Step 4: alphak=-944473296573929000,0000
[12.11.2015 00:36:14] Step 5: h > 0; b=alpha(k-1)=-472236648286965000,0000
[12.11.2015 00:36:14] k = k + 1 = 75; Go to step 4!
[12.11.2015 00:36:14] Step 4: alphak=-1888946593147860000,0000
[12.11.2015 00:36:14] Step 5: h > 0; b=alpha(k-1)=-944473296573929000,0000
[12.11.2015 00:36:14] k = k + 1 = 76; Go to step 4!
[12.11.2015 00:36:14] Step 4: alphak=-3777893186295720000,0000
[12.11.2015 00:36:14] Step 5: h > 0; b=alpha(k-1)=-1888946593147860000,0000
[12.11.2015 00:36:14] k = k + 1 = 77; Go to step 4!
[12.11.2015 00:36:14] Step 4: alphak=-7555786372591430000,0000
[12.11.2015 00:36:14] Step 5: h > 0; b=alpha(k-1)=-3777893186295720000,0000
[12.11.2015 00:36:14] k = k + 1 = 78; Go to step 4!
[12.11.2015 00:36:14] Step 4: alphak=-15111572745182900000,0000
[12.11.2015 00:36:14] Step 5: h > 0; b=alpha(k-1)=-7555786372591430000,0000
[12.11.2015 00:36:14] k = k + 1 = 79; Go to step 4!
[12.11.2015 00:36:14] Step 4: alphak=-30223145490365700000,0000
[12.11.2015 00:36:14] Step 5: h > 0; b=alpha(k-1)=-15111572745182900000,0000
[12.11.2015 00:36:14] k = k + 1 = 80; Go to step 4!
[12.11.2015 00:36:14] Step 4: alphak=-60446290980731500000,0000
[12.11.2015 00:36:15] Step 5: h > 0; b=alpha(k-1)=-30223145490365700000,0000
[12.11.2015 00:36:15] k = k + 1 = 81; Go to step 4!
[12.11.2015 00:36:15] Step 4: alphak=-120892581961463000000,0000
[12.11.2015 00:36:15] Step 5: h > 0; b=alpha(k-1)=-60446290980731500000,0000
[12.11.2015 00:36:15] k = k + 1 = 82; Go to step 4!
[12.11.2015 00:36:15] Step 4: alphak=-241785163922926000000,0000
[12.11.2015 00:36:15] Step 5: h > 0; b=alpha(k-1)=-120892581961463000000,0000
[12.11.2015 00:36:15] k = k + 1 = 83; Go to step 4!
[12.11.2015 00:36:15] Step 4: alphak=-483570327845852000000,0000
[12.11.2015 00:36:15] Step 5: h > 0; b=alpha(k-1)=-241785163922926000000,0000
[12.11.2015 00:36:15] k = k + 1 = 84; Go to step 4!
[12.11.2015 00:36:15] Step 4: alphak=-967140655691703000000,0000
[12.11.2015 00:36:15] Step 5: h > 0; b=alpha(k-1)=-483570327845852000000,0000
[12.11.2015 00:36:15] k = k + 1 = 85; Go to step 4!
[12.11.2015 00:36:15] Step 4: alphak=-1934281311383410000000,0000
[12.11.2015 00:36:15] Step 5: h > 0; b=alpha(k-1)=-967140655691703000000,0000
[12.11.2015 00:36:15] k = k + 1 = 86; Go to step 4!
[12.11.2015 00:36:15] Step 4: alphak=-3868562622766810000000,0000
[12.11.2015 00:36:15] Step 5: h > 0; b=alpha(k-1)=-1934281311383410000000,0000
[12.11.2015 00:36:15] k = k + 1 = 87; Go to step 4!
[12.11.2015 00:36:15] Step 4: alphak=-7737125245533630000000,0000
[12.11.2015 00:36:15] Step 5: h > 0; b=alpha(k-1)=-3868562622766810000000,0000
[12.11.2015 00:36:15] k = k + 1 = 88; Go to step 4!
[12.11.2015 00:36:15] Step 4: alphak=-15474250491067300000000,0000
[12.11.2015 00:36:15] Step 5: h > 0; b=alpha(k-1)=-7737125245533630000000,0000
[12.11.2015 00:36:15] k = k + 1 = 89; Go to step 4!
[12.11.2015 00:36:15] Step 4: alphak=-30948500982134500000000,0000
[12.11.2015 00:36:15] Step 5: h > 0; b=alpha(k-1)=-15474250491067300000000,0000
[12.11.2015 00:36:15] k = k + 1 = 90; Go to step 4!
[12.11.2015 00:36:15] Step 4: alphak=-61897001964269000000000,0000
[12.11.2015 00:36:15] Step 5: h > 0; b=alpha(k-1)=-30948500982134500000000,0000
[12.11.2015 00:36:15] k = k + 1 = 91; Go to step 4!
[12.11.2015 00:36:15] Step 4: alphak=-123794003928538000000000,0000
[12.11.2015 00:36:15] Step 5: h > 0; b=alpha(k-1)=-61897001964269000000000,0000
[12.11.2015 00:36:15] k = k + 1 = 92; Go to step 4!
[12.11.2015 00:36:15] Step 4: alphak=-247588007857076000000000,0000
[12.11.2015 00:36:15] Step 5: h > 0; b=alpha(k-1)=-123794003928538000000000,0000
[12.11.2015 00:36:15] k = k + 1 = 93; Go to step 4!
[12.11.2015 00:36:15] Step 4: alphak=-495176015714152000000000,0000
[12.11.2015 00:36:15] Step 5: h > 0; b=alpha(k-1)=-247588007857076000000000,0000
[12.11.2015 00:36:15] k = k + 1 = 94; Go to step 4!
[12.11.2015 00:36:15] Step 4: alphak=-990352031428304000000000,0000
[12.11.2015 00:36:15] Step 5: h > 0; b=alpha(k-1)=-495176015714152000000000,0000
[12.11.2015 00:36:15] k = k + 1 = 95; Go to step 4!
[12.11.2015 00:36:15] Step 4: alphak=-1980704062856610000000000,0000
[12.11.2015 00:36:15] Step 5: h > 0; b=alpha(k-1)=-990352031428304000000000,0000
[12.11.2015 00:36:15] k = k + 1 = 96; Go to step 4!
[12.11.2015 00:36:15] Step 4: alphak=-3961408125713220000000000,0000
[12.11.2015 00:36:15] Step 5: h > 0; b=alpha(k-1)=-1980704062856610000000000,0000
[12.11.2015 00:36:15] k = k + 1 = 97; Go to step 4!
[12.11.2015 00:36:15] Step 4: alphak=-7922816251426430000000000,0000
[12.11.2015 00:36:15] Step 5: h > 0; b=alpha(k-1)=-3961408125713220000000000,0000
[12.11.2015 00:36:15] k = k + 1 = 98; Go to step 4!
[12.11.2015 00:36:15] Step 4: alphak=-15845632502852900000000000,0000
[12.11.2015 00:36:15] Step 5: h > 0; b=alpha(k-1)=-7922816251426430000000000,0000
[12.11.2015 00:36:15] k = k + 1 = 99; Go to step 4!
[12.11.2015 00:36:15] Step 4: alphak=-31691265005705700000000000,0000
[12.11.2015 00:36:15] Step 5: h > 0; b=alpha(k-1)=-15845632502852900000000000,0000
[12.11.2015 00:36:15] k = k + 1 = 100; Go to step 4!
[12.11.2015 00:36:15] Step 4: alphak=-63382530011411500000000000,0000
[12.11.2015 00:36:15] Step 5: h > 0; b=alpha(k-1)=-31691265005705700000000000,0000
[12.11.2015 00:36:15] k = k + 1 = 101; Go to step 4!
[12.11.2015 00:36:15] Step 4: alphak=-126765060022823000000000000,0000
[12.11.2015 00:36:15] Step 5: h > 0; b=alpha(k-1)=-63382530011411500000000000,0000
[12.11.2015 00:36:15] k = k + 1 = 102; Go to step 4!
[12.11.2015 00:36:15] Step 4: alphak=-253530120045646000000000000,0000
[12.11.2015 00:36:15] Step 5: h > 0; b=alpha(k-1)=-126765060022823000000000000,0000
[12.11.2015 00:36:15] k = k + 1 = 103; Go to step 4!
[12.11.2015 00:36:15] Step 4: alphak=-507060240091292000000000000,0000
[12.11.2015 00:36:15] Step 5: h > 0; b=alpha(k-1)=-253530120045646000000000000,0000
[12.11.2015 00:36:15] k = k + 1 = 104; Go to step 4!
[12.11.2015 00:36:15] Step 4: alphak=-1014120480182580000000000000,0000
[12.11.2015 00:36:15] Step 5: h > 0; b=alpha(k-1)=-507060240091292000000000000,0000
[12.11.2015 00:36:15] k = k + 1 = 105; Go to step 4!
[12.11.2015 00:36:15] Step 4: alphak=-2028240960365170000000000000,0000
[12.11.2015 00:36:15] Step 5: h > 0; b=alpha(k-1)=-1014120480182580000000000000,0000
[12.11.2015 00:36:15] k = k + 1 = 106; Go to step 4!
[12.11.2015 00:36:15] Step 4: alphak=-4056481920730330000000000000,0000
[12.11.2015 00:36:15] Step 5: h > 0; b=alpha(k-1)=-2028240960365170000000000000,0000
[12.11.2015 00:36:15] k = k + 1 = 107; Go to step 4!
[12.11.2015 00:36:15] Step 4: alphak=-8112963841460670000000000000,0000
[12.11.2015 00:36:15] Step 5: h > 0; b=alpha(k-1)=-4056481920730330000000000000,0000
[12.11.2015 00:36:15] k = k + 1 = 108; Go to step 4!
[12.11.2015 00:36:15] Step 4: alphak=-16225927682921300000000000000,0000
[12.11.2015 00:36:15] Step 5: h > 0; b=alpha(k-1)=-8112963841460670000000000000,0000
[12.11.2015 00:36:15] k = k + 1 = 109; Go to step 4!
[12.11.2015 00:36:15] Step 4: alphak=-32451855365842700000000000000,0000
[12.11.2015 00:36:15] Step 5: h > 0; b=alpha(k-1)=-16225927682921300000000000000,0000
[12.11.2015 00:36:15] k = k + 1 = 110; Go to step 4!
[12.11.2015 00:36:15] Step 4: alphak=-64903710731685300000000000000,0000
[12.11.2015 00:36:15] Step 5: h > 0; b=alpha(k-1)=-32451855365842700000000000000,0000
[12.11.2015 00:36:15] k = k + 1 = 111; Go to step 4!
[12.11.2015 00:36:15] Step 4: alphak=-129807421463371000000000000000,0000
[12.11.2015 00:36:15] Step 5: h > 0; b=alpha(k-1)=-64903710731685300000000000000,0000
[12.11.2015 00:36:15] k = k + 1 = 112; Go to step 4!
[12.11.2015 00:36:15] Step 4: alphak=-259614842926741000000000000000,0000
[12.11.2015 00:36:15] Step 5: h > 0; b=alpha(k-1)=-129807421463371000000000000000,0000
[12.11.2015 00:36:15] k = k + 1 = 113; Go to step 4!
[12.11.2015 00:36:15] Step 4: alphak=-519229685853483000000000000000,0000
[12.11.2015 00:36:15] Step 5: h > 0; b=alpha(k-1)=-259614842926741000000000000000,0000
[12.11.2015 00:36:15] k = k + 1 = 114; Go to step 4!
[12.11.2015 00:36:15] Step 4: alphak=-1038459371706970000000000000000,0000
[12.11.2015 00:36:15] Step 5: h > 0; b=alpha(k-1)=-519229685853483000000000000000,0000
[12.11.2015 00:36:15] k = k + 1 = 115; Go to step 4!
[12.11.2015 00:36:15] Step 4: alphak=-2076918743413930000000000000000,0000
[12.11.2015 00:36:15] Step 5: h > 0; b=alpha(k-1)=-1038459371706970000000000000000,0000
[12.11.2015 00:36:15] k = k + 1 = 116; Go to step 4!
[12.11.2015 00:36:15] Step 4: alphak=-4153837486827860000000000000000,0000
[12.11.2015 00:36:15] Step 5: h > 0; b=alpha(k-1)=-2076918743413930000000000000000,0000
[12.11.2015 00:36:15] k = k + 1 = 117; Go to step 4!
[12.11.2015 00:36:15] Step 4: alphak=-8307674973655720000000000000000,0000
[12.11.2015 00:36:15] Step 5: h > 0; b=alpha(k-1)=-4153837486827860000000000000000,0000
[12.11.2015 00:36:15] k = k + 1 = 118; Go to step 4!
[12.11.2015 00:36:15] Step 4: alphak=-16615349947311400000000000000000,0000
[12.11.2015 00:36:15] Step 5: h > 0; b=alpha(k-1)=-8307674973655720000000000000000,0000
[12.11.2015 00:36:15] k = k + 1 = 119; Go to step 4!
[12.11.2015 00:36:15] Step 4: alphak=-33230699894622900000000000000000,0000
[12.11.2015 00:36:15] Step 5: h > 0; b=alpha(k-1)=-16615349947311400000000000000000,0000
[12.11.2015 00:36:15] k = k + 1 = 120; Go to step 4!
[12.11.2015 00:36:15] Step 4: alphak=-66461399789245800000000000000000,0000
[12.11.2015 00:36:15] Step 5: h > 0; b=alpha(k-1)=-33230699894622900000000000000000,0000
[12.11.2015 00:36:15] k = k + 1 = 121; Go to step 4!
[12.11.2015 00:36:15] Step 4: alphak=-132922799578492000000000000000000,0000
[12.11.2015 00:36:15] Step 5: h > 0; b=alpha(k-1)=-66461399789245800000000000000000,0000
[12.11.2015 00:36:15] k = k + 1 = 122; Go to step 4!
[12.11.2015 00:36:15] Step 4: alphak=-265845599156983000000000000000000,0000
[12.11.2015 00:36:15] Step 5: h > 0; b=alpha(k-1)=-132922799578492000000000000000000,0000
[12.11.2015 00:36:15] k = k + 1 = 123; Go to step 4!
[12.11.2015 00:36:15] Step 4: alphak=-531691198313966000000000000000000,0000
[12.11.2015 00:36:15] Step 5: h > 0; b=alpha(k-1)=-265845599156983000000000000000000,0000
[12.11.2015 00:36:15] k = k + 1 = 124; Go to step 4!
[12.11.2015 00:36:15] Step 4: alphak=-1063382396627930000000000000000000,0000
[12.11.2015 00:36:15] Step 5: h > 0; b=alpha(k-1)=-531691198313966000000000000000000,0000
[12.11.2015 00:36:15] k = k + 1 = 125; Go to step 4!
[12.11.2015 00:36:15] Step 4: alphak=-2126764793255870000000000000000000,0000
[12.11.2015 00:36:15] Step 5: h > 0; b=alpha(k-1)=-1063382396627930000000000000000000,0000
[12.11.2015 00:36:15] k = k + 1 = 126; Go to step 4!
[12.11.2015 00:36:15] Step 4: alphak=-4253529586511730000000000000000000,0000
[12.11.2015 00:36:15] Step 5: h > 0; b=alpha(k-1)=-2126764793255870000000000000000000,0000
[12.11.2015 00:36:15] k = k + 1 = 127; Go to step 4!
[12.11.2015 00:36:15] Step 4: alphak=-8507059173023460000000000000000000,0000
[12.11.2015 00:36:15] Step 5: h > 0; b=alpha(k-1)=-4253529586511730000000000000000000,0000
[12.11.2015 00:36:15] k = k + 1 = 128; Go to step 4!
[12.11.2015 00:36:15] Step 4: alphak=-17014118346046900000000000000000000,0000
[12.11.2015 00:36:15] Step 5: h > 0; b=alpha(k-1)=-8507059173023460000000000000000000,0000
[12.11.2015 00:36:15] k = k + 1 = 129; Go to step 4!
[12.11.2015 00:36:15] Step 4: alphak=-34028236692093800000000000000000000,0000
[12.11.2015 00:36:16] Step 5: h > 0; b=alpha(k-1)=-17014118346046900000000000000000000,0000
[12.11.2015 00:36:16] k = k + 1 = 130; Go to step 4!
[12.11.2015 00:36:16] Step 4: alphak=-68056473384187700000000000000000000,0000
[12.11.2015 00:36:16] Step 5: h > 0; b=alpha(k-1)=-34028236692093800000000000000000000,0000
[12.11.2015 00:36:16] k = k + 1 = 131; Go to step 4!
[12.11.2015 00:36:16] Step 4: alphak=-136112946768375000000000000000000000,0000
[12.11.2015 00:36:16] Step 5: h > 0; b=alpha(k-1)=-68056473384187700000000000000000000,0000
[12.11.2015 00:36:16] k = k + 1 = 132; Go to step 4!
[12.11.2015 00:36:16] Step 4: alphak=-272225893536751000000000000000000000,0000
[12.11.2015 00:36:16] Step 5: h > 0; b=alpha(k-1)=-136112946768375000000000000000000000,0000
[12.11.2015 00:36:16] k = k + 1 = 133; Go to step 4!
[12.11.2015 00:36:16] Step 4: alphak=-544451787073502000000000000000000000,0000
[12.11.2015 00:36:16] Step 5: h > 0; b=alpha(k-1)=-272225893536751000000000000000000000,0000
[12.11.2015 00:36:16] k = k + 1 = 134; Go to step 4!
[12.11.2015 00:36:16] Step 4: alphak=-1088903574147000000000000000000000000,0000
[12.11.2015 00:36:16] Step 5: h > 0; b=alpha(k-1)=-544451787073502000000000000000000000,0000
[12.11.2015 00:36:16] k = k + 1 = 135; Go to step 4!
[12.11.2015 00:36:16] Step 4: alphak=-2177807148294010000000000000000000000,0000
[12.11.2015 00:36:16] Step 5: h > 0; b=alpha(k-1)=-1088903574147000000000000000000000000,0000
[12.11.2015 00:36:16] k = k + 1 = 136; Go to step 4!
[12.11.2015 00:36:16] Step 4: alphak=-4355614296588010000000000000000000000,0000
[12.11.2015 00:36:16] Step 5: h > 0; b=alpha(k-1)=-2177807148294010000000000000000000000,0000
[12.11.2015 00:36:16] k = k + 1 = 137; Go to step 4!
[12.11.2015 00:36:16] Step 4: alphak=-8711228593176030000000000000000000000,0000
[12.11.2015 00:36:16] Step 5: h > 0; b=alpha(k-1)=-4355614296588010000000000000000000000,0000
[12.11.2015 00:36:16] k = k + 1 = 138; Go to step 4!
[12.11.2015 00:36:16] Step 4: alphak=-17422457186352100000000000000000000000,0000
[12.11.2015 00:36:16] Step 5: h > 0; b=alpha(k-1)=-8711228593176030000000000000000000000,0000
[12.11.2015 00:36:16] k = k + 1 = 139; Go to step 4!
[12.11.2015 00:36:16] Step 4: alphak=-34844914372704100000000000000000000000,0000
[12.11.2015 00:36:16] Step 5: h > 0; b=alpha(k-1)=-17422457186352100000000000000000000000,0000
[12.11.2015 00:36:16] k = k + 1 = 140; Go to step 4!
[12.11.2015 00:36:16] Step 4: alphak=-69689828745408200000000000000000000000,0000
[12.11.2015 00:36:16] Step 5: h > 0; b=alpha(k-1)=-34844914372704100000000000000000000000,0000
[12.11.2015 00:36:16] k = k + 1 = 141; Go to step 4!
[12.11.2015 00:36:16] Step 4: alphak=-139379657490816000000000000000000000000,0000
[12.11.2015 00:36:16] Step 5: h > 0; b=alpha(k-1)=-69689828745408200000000000000000000000,0000
[12.11.2015 00:36:16] k = k + 1 = 142; Go to step 4!
[12.11.2015 00:36:16] Step 4: alphak=-278759314981633000000000000000000000000,0000
[12.11.2015 00:36:16] Step 5: h > 0; b=alpha(k-1)=-139379657490816000000000000000000000000,0000
[12.11.2015 00:36:16] k = k + 1 = 143; Go to step 4!
[12.11.2015 00:36:16] Step 4: alphak=-557518629963266000000000000000000000000,0000
[12.11.2015 00:36:16] Step 5: h > 0; b=alpha(k-1)=-278759314981633000000000000000000000000,0000
[12.11.2015 00:36:16] k = k + 1 = 144; Go to step 4!
[12.11.2015 00:36:16] Step 4: alphak=-1115037259926530000000000000000000000000,0000
[12.11.2015 00:36:16] Step 5: h > 0; b=alpha(k-1)=-557518629963266000000000000000000000000,0000
[12.11.2015 00:36:16] k = k + 1 = 145; Go to step 4!
[12.11.2015 00:36:16] Step 4: alphak=-2230074519853060000000000000000000000000,0000
[12.11.2015 00:36:16] Step 5: h > 0; b=alpha(k-1)=-1115037259926530000000000000000000000000,0000
[12.11.2015 00:36:16] k = k + 1 = 146; Go to step 4!
[12.11.2015 00:36:16] Step 4: alphak=-4460149039706120000000000000000000000000,0000
[12.11.2015 00:36:16] Step 5: h > 0; b=alpha(k-1)=-2230074519853060000000000000000000000000,0000
[12.11.2015 00:36:16] k = k + 1 = 147; Go to step 4!
[12.11.2015 00:36:16] Step 4: alphak=-8920298079412250000000000000000000000000,0000
[12.11.2015 00:36:16] Step 5: h > 0; b=alpha(k-1)=-4460149039706120000000000000000000000000,0000
[12.11.2015 00:36:16] k = k + 1 = 148; Go to step 4!
[12.11.2015 00:36:16] Step 4: alphak=-17840596158824500000000000000000000000000,0000
[12.11.2015 00:36:16] Step 5: h > 0; b=alpha(k-1)=-8920298079412250000000000000000000000000,0000
[12.11.2015 00:36:16] k = k + 1 = 149; Go to step 4!
[12.11.2015 00:36:16] Step 4: alphak=-35681192317649000000000000000000000000000,0000
[12.11.2015 00:36:16] Step 5: h > 0; b=alpha(k-1)=-17840596158824500000000000000000000000000,0000
[12.11.2015 00:36:16] k = k + 1 = 150; Go to step 4!
[12.11.2015 00:36:16] Step 4: alphak=-71362384635298000000000000000000000000000,0000
[12.11.2015 00:36:16] Step 5: h > 0; b=alpha(k-1)=-35681192317649000000000000000000000000000,0000
[12.11.2015 00:36:16] k = k + 1 = 151; Go to step 4!
[12.11.2015 00:36:16] Step 4: alphak=-142724769270596000000000000000000000000000,0000
[12.11.2015 00:36:16] Step 5: h > 0; b=alpha(k-1)=-71362384635298000000000000000000000000000,0000
[12.11.2015 00:36:16] k = k + 1 = 152; Go to step 4!
[12.11.2015 00:36:16] Step 4: alphak=-285449538541192000000000000000000000000000,0000
[12.11.2015 00:36:16] Step 5: h > 0; b=alpha(k-1)=-142724769270596000000000000000000000000000,0000
[12.11.2015 00:36:16] k = k + 1 = 153; Go to step 4!
[12.11.2015 00:36:16] Step 4: alphak=-570899077082384000000000000000000000000000,0000
[12.11.2015 00:36:16] Step 5: h > 0; b=alpha(k-1)=-285449538541192000000000000000000000000000,0000
[12.11.2015 00:36:16] k = k + 1 = 154; Go to step 4!
[12.11.2015 00:36:16] Step 4: alphak=-1141798154164770000000000000000000000000000,0000
[12.11.2015 00:36:16] Step 5: h > 0; b=alpha(k-1)=-570899077082384000000000000000000000000000,0000
[12.11.2015 00:36:16] k = k + 1 = 155; Go to step 4!
[12.11.2015 00:36:16] Step 4: alphak=-2283596308329540000000000000000000000000000,0000
[12.11.2015 00:36:16] Step 5: h > 0; b=alpha(k-1)=-1141798154164770000000000000000000000000000,0000
[12.11.2015 00:36:16] k = k + 1 = 156; Go to step 4!
[12.11.2015 00:36:16] Step 4: alphak=-4567192616659070000000000000000000000000000,0000
[12.11.2015 00:36:16] Step 5: h > 0; b=alpha(k-1)=-2283596308329540000000000000000000000000000,0000
[12.11.2015 00:36:16] k = k + 1 = 157; Go to step 4!
[12.11.2015 00:36:16] Step 4: alphak=-9134385233318140000000000000000000000000000,0000
[12.11.2015 00:36:16] Step 5: h > 0; b=alpha(k-1)=-4567192616659070000000000000000000000000000,0000
[12.11.2015 00:36:16] k = k + 1 = 158; Go to step 4!
[12.11.2015 00:36:16] Step 4: alphak=-18268770466636300000000000000000000000000000,0000
[12.11.2015 00:36:16] Step 5: h > 0; b=alpha(k-1)=-9134385233318140000000000000000000000000000,0000
[12.11.2015 00:36:16] k = k + 1 = 159; Go to step 4!
[12.11.2015 00:36:16] Step 4: alphak=-36537540933272600000000000000000000000000000,0000
[12.11.2015 00:36:16] Step 5: h > 0; b=alpha(k-1)=-18268770466636300000000000000000000000000000,0000
[12.11.2015 00:36:16] k = k + 1 = 160; Go to step 4!
[12.11.2015 00:36:16] Step 4: alphak=-73075081866545100000000000000000000000000000,0000
[12.11.2015 00:36:16] Step 5: h > 0; b=alpha(k-1)=-36537540933272600000000000000000000000000000,0000
[12.11.2015 00:36:16] k = k + 1 = 161; Go to step 4!
[12.11.2015 00:36:16] Step 4: alphak=-146150163733090000000000000000000000000000000,0000
[12.11.2015 00:36:16] Step 5: h > 0; b=alpha(k-1)=-73075081866545100000000000000000000000000000,0000
[12.11.2015 00:36:16] k = k + 1 = 162; Go to step 4!
[12.11.2015 00:36:17] Step 4: alphak=-292300327466181000000000000000000000000000000,0000
[12.11.2015 00:36:17] Step 5: h > 0; b=alpha(k-1)=-146150163733090000000000000000000000000000000,0000
[12.11.2015 00:36:17] k = k + 1 = 163; Go to step 4!
[12.11.2015 00:36:17] Step 4: alphak=-584600654932361000000000000000000000000000000,0000
[12.11.2015 00:36:17] Step 5: h > 0; b=alpha(k-1)=-292300327466181000000000000000000000000000000,0000
[12.11.2015 00:36:17] k = k + 1 = 164; Go to step 4!
[12.11.2015 00:36:17] Step 4: alphak=-1169201309864720000000000000000000000000000000,0000
[12.11.2015 00:36:17] Step 5: h > 0; b=alpha(k-1)=-584600654932361000000000000000000000000000000,0000
[12.11.2015 00:36:17] k = k + 1 = 165; Go to step 4!
[12.11.2015 00:36:17] Step 4: alphak=-2338402619729440000000000000000000000000000000,0000
