[23.11.2015 18:23:11] DFP method started
[23.11.2015 18:23:11] Input data. Start point DenseVector 2-Double
3,5
 -1
, epsilon 0,01000
[23.11.2015 18:23:11] Step 1: K = 0
[23.11.2015 18:23:11] Step 2: ITERATION number 0
[23.11.2015 18:23:11] Step 4: K==0, go to step 8.
[23.11.2015 18:23:11] Step 8: Search vector: DenseVector 2-Double
1,44949
  -10,5

[23.11.2015 18:23:11] DSK method started!
[23.11.2015 18:23:11] Step 1: f(alpha)=6,0874, f(alpha + h)=5,9748; k=0;
[23.11.2015 18:23:11] Step 2: a=0,0010, alpha1=0,0020, k=2; Go to step 4!
[23.11.2015 18:23:11] Step 4: alphak=0,0030
[23.11.2015 18:23:11] Step 5: h > 0; a=alpha(k-1)=0,0020
[23.11.2015 18:23:11] k = k + 1 = 3; Go to step 4!
[23.11.2015 18:23:11] Step 4: alphak=0,0050
[23.11.2015 18:23:11] Step 5: h > 0; a=alpha(k-1)=0,0030
[23.11.2015 18:23:11] k = k + 1 = 4; Go to step 4!
[23.11.2015 18:23:11] Step 4: alphak=0,0090
[23.11.2015 18:23:11] Step 5: h > 0; a=alpha(k-1)=0,0050
[23.11.2015 18:23:11] k = k + 1 = 5; Go to step 4!
[23.11.2015 18:23:11] Step 4: alphak=0,0170
[23.11.2015 18:23:11] Step 5: h > 0; a=alpha(k-1)=0,0090
[23.11.2015 18:23:11] k = k + 1 = 6; Go to step 4!
[23.11.2015 18:23:11] Step 4: alphak=0,0330
[23.11.2015 18:23:11] Step 5: h > 0; a=alpha(k-1)=0,0170
[23.11.2015 18:23:11] k = k + 1 = 7; Go to step 4!
[23.11.2015 18:23:11] Step 4: alphak=0,0650
[23.11.2015 18:23:11] Step 5: h > 0; a=alpha(k-1)=0,0330
[23.11.2015 18:23:11] k = k + 1 = 8; Go to step 4!
[23.11.2015 18:23:11] Step 4: alphak=0,1290
[23.11.2015 18:23:11] Step 5: h > 0; b=alphak=0,1290
[23.11.2015 18:23:11] Step 6: Interval is: [0,0330 ; 0,1290]
[23.11.2015 18:23:11] Dichotomy method has been started!
[23.11.2015 18:23:11] Counting: delta = eps / 10 = 0,0001
[23.11.2015 18:23:11] Step 1: counting alpha_1 = 0,0809, alpha_2 = 0,0811
[23.11.2015 18:23:11] Step 3: f(0,0809) = 0,0502 <= f(0,0811) = 0,0515; b = alpha_2 = 0,0811.
[23.11.2015 18:23:11] Iter 0: Answer is in the range: [0,0330; 0,0811]
[23.11.2015 18:23:11] Step 1: counting alpha_1 = 0,0570, alpha_2 = 0,0572
[23.11.2015 18:23:11] Step 3: f(0,0570) = 0,7347 > f(0,0572) = 0,7230; a = alpha_1 = 0,0570.
[23.11.2015 18:23:11] Iter 1: Answer is in the range: [0,0570; 0,0811]
[23.11.2015 18:23:11] Step 1: counting alpha_1 = 0,0689, alpha_2 = 0,0691
[23.11.2015 18:23:11] Step 3: f(0,0689) = 0,1985 > f(0,0691) = 0,1926; a = alpha_1 = 0,0689.
[23.11.2015 18:23:11] Iter 2: Answer is in the range: [0,0689; 0,0811]
[23.11.2015 18:23:11] Step 1: counting alpha_1 = 0,0749, alpha_2 = 0,0751
[23.11.2015 18:23:11] Step 3: f(0,0749) = 0,0704 > f(0,0751) = 0,0680; a = alpha_1 = 0,0749.
[23.11.2015 18:23:11] Iter 3: Answer is in the range: [0,0749; 0,0811]
[23.11.2015 18:23:11] Step 1: counting alpha_1 = 0,0779, alpha_2 = 0,0781
[23.11.2015 18:23:11] Step 3: f(0,0779) = 0,0461 > f(0,0781) = 0,0455; a = alpha_1 = 0,0779.
[23.11.2015 18:23:11] Iter 4: Answer is in the range: [0,0779; 0,0811]
[23.11.2015 18:23:11] Step 1: counting alpha_1 = 0,0794, alpha_2 = 0,0796
[23.11.2015 18:23:11] Step 3: f(0,0794) = 0,0445 <= f(0,0796) = 0,0448; b = alpha_2 = 0,0796.
[23.11.2015 18:23:11] Step 4: (b-a)/2 = 0,0008 < eps = 0,0010; STOP SEARCHING!
[23.11.2015 18:23:11] Iter 5: Answer is in the range: [0,0779; 0,0796]
[23.11.2015 18:23:11] Step 5: alpha_end = (a+b)/2; Minimum x* is: 0,0788
[23.11.2015 18:23:11] Step 9: New alpha 0,0787546875474975
[23.11.2015 18:23:11] Step 10: New local search point DenseVector 2-Double
 3,61415
-1,82692

[23.11.2015 18:23:11] Step 11: Iteration end.
[23.11.2015 18:23:11] Step 2: ITERATION number 1
[23.11.2015 18:23:11] Step 5: Sk = DenseVector 2-Double
 0,114154
-0,826924

[23.11.2015 18:23:11] Step 6: Yk = DenseVector 2-Double
  5,0599
-8,57537

