[23.11.2015 19:06:47] DFP method started
[23.11.2015 19:06:47] Input data. Start point DenseVector 2-Double
0
0
, epsilon 0,01000
[23.11.2015 19:06:47] Step 1: K = 0
[23.11.2015 19:06:47] Step 2: ITERATION number 0
[23.11.2015 19:06:47] Step 4: K==0, go to step 8.
[23.11.2015 19:06:47] Step 8: Search vector: DenseVector 2-Double
14,0315
22,0195

[23.11.2015 19:06:47] DSK method started!
[23.11.2015 19:06:47] Step 1: f(alpha)=167,8129, f(alpha + h)=167,0231; k=0;
[23.11.2015 19:06:47] Step 2: a=0,0015, alpha1=0,0025, k=2; Go to step 4!
[23.11.2015 19:06:47] Step 4: alphak=0,0035
[23.11.2015 19:06:47] Step 5: h > 0; a=alpha(k-1)=0,0025
[23.11.2015 19:06:47] k = k + 1 = 3; Go to step 4!
[23.11.2015 19:06:47] Step 4: alphak=0,0055
[23.11.2015 19:06:47] Step 5: h > 0; a=alpha(k-1)=0,0035
[23.11.2015 19:06:47] k = k + 1 = 4; Go to step 4!
[23.11.2015 19:06:47] Step 4: alphak=0,0095
[23.11.2015 19:06:47] Step 5: h > 0; a=alpha(k-1)=0,0055
[23.11.2015 19:06:47] k = k + 1 = 5; Go to step 4!
[23.11.2015 19:06:47] Step 4: alphak=0,0175
[23.11.2015 19:06:47] Step 5: h > 0; a=alpha(k-1)=0,0095
[23.11.2015 19:06:47] k = k + 1 = 6; Go to step 4!
[23.11.2015 19:06:47] Step 4: alphak=0,0335
[23.11.2015 19:06:47] Step 5: h > 0; a=alpha(k-1)=0,0175
[23.11.2015 19:06:47] k = k + 1 = 7; Go to step 4!
[23.11.2015 19:06:47] Step 4: alphak=0,0655
[23.11.2015 19:06:47] Step 5: h > 0; a=alpha(k-1)=0,0335
[23.11.2015 19:06:47] k = k + 1 = 8; Go to step 4!
[23.11.2015 19:06:47] Step 4: alphak=0,1295
[23.11.2015 19:06:47] Step 5: h > 0; a=alpha(k-1)=0,0655
[23.11.2015 19:06:47] k = k + 1 = 9; Go to step 4!
[23.11.2015 19:06:47] Step 4: alphak=0,2575
[23.11.2015 19:06:47] Step 5: h > 0; b=alphak=0,2575
[23.11.2015 19:06:47] Step 6: Interval is: [0,0655 ; 0,2575]
[23.11.2015 19:06:47] Dichotomy method has been started!
[23.11.2015 19:06:47] Counting: delta = eps / 10 = 0,0001
[23.11.2015 19:06:47] Step 1: counting alpha_1 = 0,1614, alpha_2 = 0,1616
[23.11.2015 19:06:47] Step 3: f(0,1614) = 88,4529 <= f(0,1616) = 89,0919; b = alpha_2 = 0,1616.
[23.11.2015 19:06:47] Iter 0: Answer is in the range: [0,0655; 0,1616]
[23.11.2015 19:06:47] Step 1: counting alpha_1 = 0,1135, alpha_2 = 0,1137
[23.11.2015 19:06:47] Step 3: f(0,1135) = 32,2036 > f(0,1137) = 32,1312; a = alpha_1 = 0,1135.
[23.11.2015 19:06:47] Iter 1: Answer is in the range: [0,1135; 0,1616]
[23.11.2015 19:06:47] Step 1: counting alpha_1 = 0,1374, alpha_2 = 0,1376
[23.11.2015 19:06:47] Step 3: f(0,1374) = 39,1492 <= f(0,1376) = 39,3617; b = alpha_2 = 0,1376.
[23.11.2015 19:06:47] Iter 2: Answer is in the range: [0,1135; 0,1376]
[23.11.2015 19:06:47] Step 1: counting alpha_1 = 0,1254, alpha_2 = 0,1256
[23.11.2015 19:06:47] Step 3: f(0,1254) = 31,4226 <= f(0,1256) = 31,4762; b = alpha_2 = 0,1256.
[23.11.2015 19:06:47] Iter 3: Answer is in the range: [0,1135; 0,1256]
[23.11.2015 19:06:47] Step 1: counting alpha_1 = 0,1194, alpha_2 = 0,1196
[23.11.2015 19:06:47] Step 3: f(0,1194) = 30,8710 > f(0,1196) = 30,8577; a = alpha_1 = 0,1194.
[23.11.2015 19:06:47] Iter 4: Answer is in the range: [0,1194; 0,1256]
[23.11.2015 19:06:47] Step 1: counting alpha_1 = 0,1224, alpha_2 = 0,1226
[23.11.2015 19:06:47] Step 3: f(0,1224) = 30,8965 <= f(0,1226) = 30,9157; b = alpha_2 = 0,1226.
[23.11.2015 19:06:47] Iter 5: Answer is in the range: [0,1194; 0,1226]
[23.11.2015 19:06:47] Step 1: counting alpha_1 = 0,1209, alpha_2 = 0,1211
[23.11.2015 19:06:47] Step 3: f(0,1209) = 30,8230 <= f(0,1211) = 30,8257; b = alpha_2 = 0,1211.
[23.11.2015 19:06:47] Step 4: (b-a)/2 = 0,0008 < eps = 0,0010; STOP SEARCHING!
[23.11.2015 19:06:47] Iter 6: Answer is in the range: [0,1194; 0,1211]
[23.11.2015 19:06:47] Step 5: alpha_end = (a+b)/2; Minimum x* is: 0,1203
[23.11.2015 19:06:47] Step 9: New alpha 0,120292968763038
[23.11.2015 19:06:47] Step 10: New local search point DenseVector 2-Double
1,68789
2,64879

[23.11.2015 19:06:47] Step 11: Iteration end.
[23.11.2015 19:06:47] Step 2: ITERATION number 1
[23.11.2015 19:06:47] Step 5: Sk = DenseVector 2-Double
1,68789
2,64879

[23.11.2015 19:06:47] Step 6: Yk = DenseVector 2-Double
-19,7163
 29,0879

[23.11.2015 19:06:47] Step 7: Quasi-Newton matrix: 
DenseMatrix 2x2-Double
0,750287  0,566586
0,566586  0,475104

[23.11.2015 19:06:47] Step 8: Search vector: DenseVector 2-Double
 21,281
15,7357

[23.11.2015 19:06:47] DSK method started!
[23.11.2015 19:06:47] Step 1: f(alpha)=2119859,3929, f(alpha + h)=2202148,6946; k=0;
[23.11.2015 19:06:47] Step 3: b=0,1203, alpha1=0,1213, h=-0,0010, k=2.
[23.11.2015 19:06:47] Step 4: alphak=0,1183
[23.11.2015 19:06:47] Step 5: h > 0; b=alpha(k-1)=0,1193
[23.11.2015 19:06:47] k = k + 1 = 3; Go to step 4!
[23.11.2015 19:06:47] Step 4: alphak=0,1163
[23.11.2015 19:06:47] Step 5: h > 0; b=alpha(k-1)=0,1183
[23.11.2015 19:06:47] k = k + 1 = 4; Go to step 4!
[23.11.2015 19:06:47] Step 4: alphak=0,1123
[23.11.2015 19:06:47] Step 5: h > 0; b=alpha(k-1)=0,1163
[23.11.2015 19:06:47] k = k + 1 = 5; Go to step 4!
[23.11.2015 19:06:47] Step 4: alphak=0,1043
[23.11.2015 19:06:47] Step 5: h > 0; b=alpha(k-1)=0,1123
[23.11.2015 19:06:47] k = k + 1 = 6; Go to step 4!
[23.11.2015 19:06:47] Step 4: alphak=0,0883
[23.11.2015 19:06:47] Step 5: h > 0; b=alpha(k-1)=0,1043
[23.11.2015 19:06:47] k = k + 1 = 7; Go to step 4!
[23.11.2015 19:06:47] Step 4: alphak=0,0563
[23.11.2015 19:06:47] Step 5: h > 0; b=alpha(k-1)=0,0883
[23.11.2015 19:06:47] k = k + 1 = 8; Go to step 4!
[23.11.2015 19:06:47] Step 4: alphak=-0,0077
[23.11.2015 19:06:47] Step 5: h > 0; b=alpha(k-1)=0,0563
[23.11.2015 19:06:47] k = k + 1 = 9; Go to step 4!
[23.11.2015 19:06:47] Step 4: alphak=-0,1357
[23.11.2015 19:06:47] Step 5: h < 0; a=alphak-0,1357
[23.11.2015 19:06:47] Step 6: Interval is: [-0,1357 ; 0,0563]
[23.11.2015 19:06:47] Dichotomy method has been started!
[23.11.2015 19:06:47] Counting: delta = eps / 10 = 0,0001
[23.11.2015 19:06:47] Step 1: counting alpha_1 = -0,0398, alpha_2 = -0,0396
[23.11.2015 19:06:47] Step 3: f(-0,0398) = 154962,0972 > f(-0,0396) = 152673,2226; a = alpha_1 = -0,0398.
[23.11.2015 19:06:47] Iter 0: Answer is in the range: [-0,0398; 0,0563]
[23.11.2015 19:06:47] Step 1: counting alpha_1 = 0,0081, alpha_2 = 0,0083
[23.11.2015 19:06:47] Step 3: f(0,0081) = 17,0823 <= f(0,0083) = 20,3593; b = alpha_2 = 0,0083.
[23.11.2015 19:06:47] Iter 1: Answer is in the range: [-0,0398; 0,0083]
[23.11.2015 19:06:47] Step 1: counting alpha_1 = -0,0158, alpha_2 = -0,0156
[23.11.2015 19:06:47] Step 3: f(-0,0158) = 14232,1679 > f(-0,0156) = 13841,3347; a = alpha_1 = -0,0158.
[23.11.2015 19:06:47] Iter 2: Answer is in the range: [-0,0158; 0,0083]
[23.11.2015 19:06:47] Step 1: counting alpha_1 = -0,0038, alpha_2 = -0,0036
[23.11.2015 19:06:47] Step 3: f(-0,0038) = 1524,6378 > f(-0,0036) = 1446,1267; a = alpha_1 = -0,0038.
[23.11.2015 19:06:47] Iter 3: Answer is in the range: [-0,0038; 0,0083]
[23.11.2015 19:06:47] Step 1: counting alpha_1 = 0,0021, alpha_2 = 0,0023
[23.11.2015 19:06:47] Step 3: f(0,0021) = 170,9031 > f(0,0023) = 153,0123; a = alpha_1 = 0,0021.
[23.11.2015 19:06:47] Iter 4: Answer is in the range: [0,0021; 0,0083]
[23.11.2015 19:06:47] Step 1: counting alpha_1 = 0,0051, alpha_2 = 0,0053
[23.11.2015 19:06:47] Step 3: f(0,0051) = 14,2112 > f(0,0053) = 10,6996; a = alpha_1 = 0,0051.
[23.11.2015 19:06:47] Iter 5: Answer is in the range: [0,0051; 0,0083]
[23.11.2015 19:06:47] Step 1: counting alpha_1 = 0,0066, alpha_2 = 0,0068
[23.11.2015 19:06:47] Step 3: f(0,0066) = 2,6150 <= f(0,0068) = 3,3044; b = alpha_2 = 0,0068.
[23.11.2015 19:06:47] Step 4: (b-a)/2 = 0,0008 < eps = 0,0010; STOP SEARCHING!
[23.11.2015 19:06:47] Iter 6: Answer is in the range: [0,0051; 0,0068]
[23.11.2015 19:06:47] Step 5: alpha_end = (a+b)/2; Minimum x* is: 0,0060
[23.11.2015 19:06:47] Step 9: New alpha 0,00599531251303849
[23.11.2015 19:06:47] Step 10: New local search point DenseVector 2-Double
1,81548
2,74313

[23.11.2015 19:06:47] Step 11: Iteration end.
[23.11.2015 19:06:47] Step 2: ITERATION number 2
[23.11.2015 19:06:47] Step 5: Sk = DenseVector 2-Double
 0,127586
0,0943404

[23.11.2015 19:06:47] Step 6: Yk = DenseVector 2-Double
2,41275
8,72691

[23.11.2015 19:06:47] Step 7: Quasi-Newton matrix: 
DenseMatrix 2x2-Double
0,693669   0,320387
0,320387  -0,446019

[23.11.2015 19:06:47] Step 8: Search vector: DenseVector 2-Double
16,6082
17,1579

[23.11.2015 19:06:47] DSK method started!
[23.11.2015 19:06:47] Step 1: f(alpha)=21,1443, f(alpha + h)=19,9182; k=0;
[23.11.2015 19:06:47] Step 2: a=0,0060, alpha1=0,0070, k=2; Go to step 4!
[23.11.2015 19:06:47] Step 4: alphak=0,0080
[23.11.2015 19:06:47] Step 5: h > 0; a=alpha(k-1)=0,0070
[23.11.2015 19:06:47] k = k + 1 = 3; Go to step 4!
[23.11.2015 19:06:47] Step 4: alphak=0,0100
[23.11.2015 19:06:47] Step 5: h > 0; a=alpha(k-1)=0,0080
[23.11.2015 19:06:47] k = k + 1 = 4; Go to step 4!
[23.11.2015 19:06:47] Step 4: alphak=0,0140
[23.11.2015 19:06:47] Step 5: h > 0; a=alpha(k-1)=0,0100
[23.11.2015 19:06:47] k = k + 1 = 5; Go to step 4!
[23.11.2015 19:06:47] Step 4: alphak=0,0220
[23.11.2015 19:06:47] Step 5: h > 0; a=alpha(k-1)=0,0140
[23.11.2015 19:06:47] k = k + 1 = 6; Go to step 4!
[23.11.2015 19:06:47] Step 4: alphak=0,0380
[23.11.2015 19:06:47] Step 5: h > 0; a=alpha(k-1)=0,0220
[23.11.2015 19:06:47] k = k + 1 = 7; Go to step 4!
[23.11.2015 19:06:47] Step 4: alphak=0,0700
[23.11.2015 19:06:47] Step 5: h > 0; b=alphak=0,0700
[23.11.2015 19:06:47] Step 6: Interval is: [0,0220 ; 0,0700]
[23.11.2015 19:06:47] Dichotomy method has been started!
[23.11.2015 19:06:47] Counting: delta = eps / 10 = 0,0001
[23.11.2015 19:06:47] Step 1: counting alpha_1 = 0,0459, alpha_2 = 0,0461
[23.11.2015 19:06:47] Step 3: f(0,0459) = 1,9832 <= f(0,0461) = 2,0695; b = alpha_2 = 0,0461.
[23.11.2015 19:06:47] Iter 0: Answer is in the range: [0,0220; 0,0461]
[23.11.2015 19:06:47] Step 1: counting alpha_1 = 0,0339, alpha_2 = 0,0341
[23.11.2015 19:06:47] Step 3: f(0,0339) = 0,6129 > f(0,0341) = 0,5787; a = alpha_1 = 0,0339.
[23.11.2015 19:06:47] Iter 1: Answer is in the range: [0,0339; 0,0461]
[23.11.2015 19:06:47] Step 1: counting alpha_1 = 0,0399, alpha_2 = 0,0401
[23.11.2015 19:06:47] Step 3: f(0,0399) = 0,4006 <= f(0,0401) = 0,4235; b = alpha_2 = 0,0401.
[23.11.2015 19:06:47] Iter 2: Answer is in the range: [0,0339; 0,0401]
[23.11.2015 19:06:47] Step 1: counting alpha_1 = 0,0369, alpha_2 = 0,0371
[23.11.2015 19:06:47] Step 3: f(0,0369) = 0,2941 > f(0,0371) = 0,2877; a = alpha_1 = 0,0369.
[23.11.2015 19:06:47] Iter 3: Answer is in the range: [0,0369; 0,0401]
[23.11.2015 19:06:47] Step 1: counting alpha_1 = 0,0384, alpha_2 = 0,0386
[23.11.2015 19:06:47] Step 3: f(0,0384) = 0,2928 <= f(0,0386) = 0,3009; b = alpha_2 = 0,0386.
[23.11.2015 19:06:47] Step 4: (b-a)/2 = 0,0008 < eps = 0,0010; STOP SEARCHING!
[23.11.2015 19:06:47] Iter 4: Answer is in the range: [0,0369; 0,0386]
[23.11.2015 19:06:47] Step 5: alpha_end = (a+b)/2; Minimum x* is: 0,0378
[23.11.2015 19:06:47] Step 9: New alpha 0,0377796875130385
[23.11.2015 19:06:47] Step 10: New local search point DenseVector 2-Double
2,44293
3,39135

[23.11.2015 19:06:47] Step 11: Iteration end.
[23.11.2015 19:06:47] Step 2: ITERATION number 3
[23.11.2015 19:06:47] Step 5: Sk = DenseVector 2-Double
0,627454
 0,64822

[23.11.2015 19:06:47] Step 6: Yk = DenseVector 2-Double
29,2016
75,1637

[23.11.2015 19:06:47] Step 7: Quasi-Newton matrix: 
DenseMatrix 2x2-Double
-0,0162863   -0,25352
  -0,25352  -0,909654

[23.11.2015 19:06:47] Step 8: Search vector: DenseVector 2-Double
23,0163
82,1668

[23.11.2015 19:06:47] DSK method started!
[23.11.2015 19:06:47] Step 1: f(alpha)=1002788,6394, f(alpha + h)=1137753,7175; k=0;
[23.11.2015 19:06:47] Step 3: b=0,0378, alpha1=0,0388, h=-0,0010, k=2.
[23.11.2015 19:06:47] Step 4: alphak=0,0358
[23.11.2015 19:06:47] Step 5: h > 0; b=alpha(k-1)=0,0368
[23.11.2015 19:06:47] k = k + 1 = 3; Go to step 4!
[23.11.2015 19:06:47] Step 4: alphak=0,0338
[23.11.2015 19:06:47] Step 5: h > 0; b=alpha(k-1)=0,0358
[23.11.2015 19:06:47] k = k + 1 = 4; Go to step 4!
[23.11.2015 19:06:47] Step 4: alphak=0,0298
[23.11.2015 19:06:47] Step 5: h > 0; b=alpha(k-1)=0,0338
[23.11.2015 19:06:47] k = k + 1 = 5; Go to step 4!
[23.11.2015 19:06:47] Step 4: alphak=0,0218
[23.11.2015 19:06:47] Step 5: h > 0; b=alpha(k-1)=0,0298
[23.11.2015 19:06:47] k = k + 1 = 6; Go to step 4!
[23.11.2015 19:06:47] Step 4: alphak=0,0058
[23.11.2015 19:06:47] Step 5: h > 0; b=alpha(k-1)=0,0218
[23.11.2015 19:06:47] k = k + 1 = 7; Go to step 4!
[23.11.2015 19:06:47] Step 4: alphak=-0,0262
[23.11.2015 19:06:47] Step 5: h < 0; a=alphak-0,0262
[23.11.2015 19:06:47] Step 6: Interval is: [-0,0262 ; 0,0218]
[23.11.2015 19:06:47] Dichotomy method has been started!
[23.11.2015 19:06:47] Counting: delta = eps / 10 = 0,0001
[23.11.2015 19:06:47] Step 1: counting alpha_1 = -0,0023, alpha_2 = -0,0021
[23.11.2015 19:06:47] Step 3: f(-0,0023) = 5750,3025 > f(-0,0021) = 5216,8081; a = alpha_1 = -0,0023.
[23.11.2015 19:06:48] Iter 0: Answer is in the range: [-0,0023; 0,0218]
[23.11.2015 19:06:48] Step 1: counting alpha_1 = 0,0096, alpha_2 = 0,0098
[23.11.2015 19:06:48] Step 3: f(0,0096) = 154,8925 <= f(0,0098) = 178,1964; b = alpha_2 = 0,0098.
[23.11.2015 19:06:48] Iter 1: Answer is in the range: [-0,0023; 0,0098]
[23.11.2015 19:06:48] Step 1: counting alpha_1 = 0,0037, alpha_2 = 0,0039
[23.11.2015 19:06:48] Step 3: f(0,0037) = 13,0139 > f(0,0039) = 7,1499; a = alpha_1 = 0,0037.
[23.11.2015 19:06:48] Iter 2: Answer is in the range: [0,0037; 0,0098]
[23.11.2015 19:06:48] Step 1: counting alpha_1 = 0,0066, alpha_2 = 0,0068
[23.11.2015 19:06:48] Step 3: f(0,0066) = 61,3380 <= f(0,0068) = 64,8281; b = alpha_2 = 0,0068.
[23.11.2015 19:06:48] Iter 3: Answer is in the range: [0,0037; 0,0068]
[23.11.2015 19:06:48] Step 1: counting alpha_1 = 0,0051, alpha_2 = 0,0053
[23.11.2015 19:06:48] Step 3: f(0,0051) = 21,3031 <= f(0,0053) = 27,2508; b = alpha_2 = 0,0053.
[23.11.2015 19:06:48] Step 4: (b-a)/2 = 0,0008 < eps = 0,0010; STOP SEARCHING!
[23.11.2015 19:06:48] Iter 4: Answer is in the range: [0,0037; 0,0053]
[23.11.2015 19:06:48] Step 5: alpha_end = (a+b)/2; Minimum x* is: 0,0045
[23.11.2015 19:06:48] Step 9: New alpha 0,00450156251303849
[23.11.2015 19:06:48] Step 10: New local search point DenseVector 2-Double
2,54654
3,76123

[23.11.2015 19:06:48] Step 11: Iteration end.
[23.11.2015 19:06:48] Step 2: ITERATION number 4
[23.11.2015 19:06:48] Step 5: Sk = DenseVector 2-Double
0,103609
0,369879

[23.11.2015 19:06:48] Step 6: Yk = DenseVector 2-Double
13,8691
53,4816

[23.11.2015 19:06:48] Step 7: Quasi-Newton matrix: 
DenseMatrix 2x2-Double
1,05743    -1,0303
-1,0303  -0,338366

[23.11.2015 19:06:48] Step 8: Search vector: DenseVector 2-Double
136,558
61,1335

[23.11.2015 19:06:48] DSK method started!
[23.11.2015 19:06:48] Step 1: f(alpha)=30,3765, f(alpha + h)=17,6021; k=0;
[23.11.2015 19:06:48] Step 2: a=0,0045, alpha1=0,0055, k=2; Go to step 4!
[23.11.2015 19:06:48] Step 4: alphak=0,0065
[23.11.2015 19:06:48] Step 5: h > 0; a=alpha(k-1)=0,0055
[23.11.2015 19:06:48] k = k + 1 = 3; Go to step 4!
[23.11.2015 19:06:48] Step 4: alphak=0,0085
[23.11.2015 19:06:48] Step 5: h > 0; a=alpha(k-1)=0,0065
[23.11.2015 19:06:48] k = k + 1 = 4; Go to step 4!
[23.11.2015 19:06:48] Step 4: alphak=0,0125
[23.11.2015 19:06:48] Step 5: h > 0; b=alphak=0,0125
[23.11.2015 19:06:48] Step 6: Interval is: [0,0065 ; 0,0125]
[23.11.2015 19:06:48] Dichotomy method has been started!
[23.11.2015 19:06:48] Counting: delta = eps / 10 = 0,0001
[23.11.2015 19:06:48] Step 1: counting alpha_1 = 0,0094, alpha_2 = 0,0096
[23.11.2015 19:06:48] Step 3: f(0,0094) = 5,4657 <= f(0,0096) = 6,0404; b = alpha_2 = 0,0096.
[23.11.2015 19:06:48] Iter 0: Answer is in the range: [0,0065; 0,0096]
[23.11.2015 19:06:48] Step 1: counting alpha_1 = 0,0080, alpha_2 = 0,0082
[23.11.2015 19:06:48] Step 3: f(0,0080) = 4,2413 > f(0,0082) = 4,0705; a = alpha_1 = 0,0080.
[23.11.2015 19:06:48] Step 4: (b-a)/2 = 0,0008 < eps = 0,0010; STOP SEARCHING!
[23.11.2015 19:06:48] Iter 1: Answer is in the range: [0,0080; 0,0096]
[23.11.2015 19:06:48] Step 5: alpha_end = (a+b)/2; Minimum x* is: 0,0088
[23.11.2015 19:06:48] Step 9: New alpha 0,00877656251303849
[23.11.2015 19:06:48] Step 10: New local search point DenseVector 2-Double
3,74505
4,29777

[23.11.2015 19:06:48] Step 11: Iteration end.
[23.11.2015 19:06:48] Step 2: ITERATION number 5
[23.11.2015 19:06:48] Step 5: Sk = DenseVector 2-Double
 1,19851
0,536542

[23.11.2015 19:06:48] Step 6: Yk = DenseVector 2-Double
128,833
132,144

[23.11.2015 19:06:48] Step 7: Quasi-Newton matrix: 
DenseMatrix 2x2-Double
  1,11493  -0,807892
-0,807892   0,605684

[23.11.2015 19:06:48] Step 8: Search vector: DenseVector 2-Double
 66,9641
-54,1426

[23.11.2015 19:06:48] DSK method started!
[23.11.2015 19:06:48] Step 1: f(alpha)=12,3426, f(alpha + h)=24,5099; k=0;
[23.11.2015 19:06:48] Step 3: b=0,0088, alpha1=0,0098, h=-0,0010, k=2.
[23.11.2015 19:06:48] Step 4: alphak=0,0068
[23.11.2015 19:06:48] Step 5: h > 0; b=alpha(k-1)=0,0078
[23.11.2015 19:06:48] k = k + 1 = 3; Go to step 4!
[23.11.2015 19:06:48] Step 4: alphak=0,0048
[23.11.2015 19:06:48] Step 5: h < 0; a=alphak0,0048
[23.11.2015 19:06:48] Step 6: Interval is: [0,0048 ; 0,0078]
[23.11.2015 19:06:48] Dichotomy method has been started!
[23.11.2015 19:06:48] Counting: delta = eps / 10 = 0,0001
[23.11.2015 19:06:48] Step 1: counting alpha_1 = 0,0062, alpha_2 = 0,0064
[23.11.2015 19:06:48] Step 3: f(0,0062) = 5,9106 > f(0,0064) = 4,7261; a = alpha_1 = 0,0062.
[23.11.2015 19:06:48] Step 4: (b-a)/2 = 0,0008 < eps = 0,0010; STOP SEARCHING!
[23.11.2015 19:06:48] Iter 0: Answer is in the range: [0,0062; 0,0078]
[23.11.2015 19:06:48] Step 5: alpha_end = (a+b)/2; Minimum x* is: 0,0070
[23.11.2015 19:06:48] Step 9: New alpha 0,00697656251303849
[23.11.2015 19:06:48] Step 10: New local search point DenseVector 2-Double
4,21223
3,92004

[23.11.2015 19:06:48] Step 11: Iteration end.
[23.11.2015 19:06:48] Step 2: ITERATION number 6
[23.11.2015 19:06:48] Step 5: Sk = DenseVector 2-Double
 0,467179
-0,377729

[23.11.2015 19:06:48] Step 6: Yk = DenseVector 2-Double
 64,8325
-57,7814

[23.11.2015 19:06:48] Step 7: Quasi-Newton matrix: 
DenseMatrix 2x2-Double
 -0,36776  -0,262839
-0,262839   0,406129

[23.11.2015 19:06:48] Step 8: Search vector: DenseVector 2-Double
 133,171
-35,0097

[23.11.2015 19:06:48] DSK method started!
[23.11.2015 19:06:48] Step 1: f(alpha)=14,5822, f(alpha + h)=34,0608; k=0;
[23.11.2015 19:06:48] Step 3: b=0,0070, alpha1=0,0080, h=-0,0010, k=2.
[23.11.2015 19:06:48] Step 4: alphak=0,0050
[23.11.2015 19:06:48] Step 5: h < 0; a=alphak0,0050
[23.11.2015 19:06:48] Step 6: Interval is: [0,0050 ; 0,0070]
[23.11.2015 19:06:48] Dichotomy method has been started!
[23.11.2015 19:06:48] Counting: delta = eps / 10 = 0,0001
[23.11.2015 19:06:48] Step 1: counting alpha_1 = 0,0059, alpha_2 = 0,0061
[23.11.2015 19:06:48] Step 3: f(0,0059) = 4,4799 <= f(0,0061) = 5,1359; b = alpha_2 = 0,0061.
[23.11.2015 19:06:48] Step 4: (b-a)/2 = 0,0006 < eps = 0,0010; STOP SEARCHING!
[23.11.2015 19:06:48] Iter 0: Answer is in the range: [0,0050; 0,0061]
[23.11.2015 19:06:48] Step 5: alpha_end = (a+b)/2; Minimum x* is: 0,0055
[23.11.2015 19:06:48] Step 9: New alpha 0,00552656251303849
[23.11.2015 19:06:48] Step 10: New local search point DenseVector 2-Double
 4,9482
3,72656

[23.11.2015 19:06:48] Step 11: Iteration end.
[23.11.2015 19:06:48] Step 2: ITERATION number 7
[23.11.2015 19:06:48] Step 5: Sk = DenseVector 2-Double
 0,735979
-0,193483

[23.11.2015 19:06:48] Step 6: Yk = DenseVector 2-Double
 159,736
-7,76237

[23.11.2015 19:06:48] Step 7: Quasi-Newton matrix: 
DenseMatrix 2x2-Double
 -1,4781   0,544776
0,544776  -0,180321

[23.11.2015 19:06:48] Step 8: Search vector: DenseVector 2-Double
 424,501
-160,781

[23.11.2015 19:06:48] DSK method started!
[23.11.2015 19:06:48] Step 1: f(alpha)=98,5413, f(alpha + h)=87,8111; k=0;
[23.11.2015 19:06:48] Step 2: a=0,0055, alpha1=0,0065, k=2; Go to step 4!
[23.11.2015 19:06:48] Step 4: alphak=0,0075
[23.11.2015 19:06:48] Step 5: h > 0; a=alpha(k-1)=0,0065
[23.11.2015 19:06:48] k = k + 1 = 3; Go to step 4!
[23.11.2015 19:06:48] Step 4: alphak=0,0095
[23.11.2015 19:06:48] Step 5: h > 0; b=alphak=0,0095
[23.11.2015 19:06:48] Step 6: Interval is: [0,0065 ; 0,0095]
[23.11.2015 19:06:48] Dichotomy method has been started!
[23.11.2015 19:06:48] Counting: delta = eps / 10 = 0,0001
[23.11.2015 19:06:48] Step 1: counting alpha_1 = 0,0079, alpha_2 = 0,0081
[23.11.2015 19:06:48] Step 3: f(0,0079) = 71,5169 <= f(0,0081) = 84,7119; b = alpha_2 = 0,0081.
[23.11.2015 19:06:48] Step 4: (b-a)/2 = 0,0008 < eps = 0,0010; STOP SEARCHING!
[23.11.2015 19:06:48] Iter 0: Answer is in the range: [0,0065; 0,0081]
[23.11.2015 19:06:48] Step 5: alpha_end = (a+b)/2; Minimum x* is: 0,0073
[23.11.2015 19:06:48] Step 9: New alpha 0,00732656251303849
[23.11.2015 19:06:48] Step 10: New local search point DenseVector 2-Double
8,05834
2,54859

[23.11.2015 19:06:48] Step 11: Iteration end.
[23.11.2015 19:06:48] Step 2: ITERATION number 8
[23.11.2015 19:06:48] Step 5: Sk = DenseVector 2-Double
 3,11014
-1,17797

[23.11.2015 19:06:48] Step 6: Yk = DenseVector 2-Double
 1473,25
-21,1489

[23.11.2015 19:06:48] Step 7: Quasi-Newton matrix: 
DenseMatrix 2x2-Double
-1,10811  0,815527
0,815527  0,020416

[23.11.2015 19:06:48] Step 8: Search vector: DenseVector 2-Double
 1882,15
-1503,28

[23.11.2015 19:06:48] DSK method started!
[23.11.2015 19:06:48] Step 1: f(alpha)=5532728681,7923, f(alpha + h)=9590990863,6550; k=0;
[23.11.2015 19:06:48] Step 3: b=0,0073, alpha1=0,0083, h=-0,0010, k=2.
[23.11.2015 19:06:48] Step 4: alphak=0,0053
[23.11.2015 19:06:48] Step 5: h > 0; b=alpha(k-1)=0,0063
[23.11.2015 19:06:48] k = k + 1 = 3; Go to step 4!
[23.11.2015 19:06:48] Step 4: alphak=0,0033
[23.11.2015 19:06:48] Step 5: h > 0; b=alpha(k-1)=0,0053
[23.11.2015 19:06:48] k = k + 1 = 4; Go to step 4!
[23.11.2015 19:06:48] Step 4: alphak=-0,0007
[23.11.2015 19:06:48] Step 5: h > 0; b=alpha(k-1)=0,0033
[23.11.2015 19:06:48] k = k + 1 = 5; Go to step 4!
[23.11.2015 19:06:48] Step 4: alphak=-0,0087
[23.11.2015 19:06:48] Step 5: h < 0; a=alphak-0,0087
[23.11.2015 19:06:48] Step 6: Interval is: [-0,0087 ; 0,0033]
[23.11.2015 19:06:48] Dichotomy method has been started!
[23.11.2015 19:06:48] Counting: delta = eps / 10 = 0,0001
[23.11.2015 19:06:48] Step 1: counting alpha_1 = -0,0028, alpha_2 = -0,0026
[23.11.2015 19:06:48] Step 3: f(-0,0028) = 315542625,0123 > f(-0,0026) = 245978167,9363; a = alpha_1 = -0,0028.
[23.11.2015 19:06:48] Iter 0: Answer is in the range: [-0,0028; 0,0033]
[23.11.2015 19:06:48] Step 1: counting alpha_1 = 0,0002, alpha_2 = 0,0004
[23.11.2015 19:06:48] Step 3: f(0,0002) = 44775,3626 > f(0,0004) = 4186,3717; a = alpha_1 = 0,0002.
[23.11.2015 19:06:48] Iter 1: Answer is in the range: [0,0002; 0,0033]
[23.11.2015 19:06:48] Step 1: counting alpha_1 = 0,0017, alpha_2 = 0,0019
[23.11.2015 19:06:48] Step 3: f(0,0017) = 3878711,9552 <= f(0,0019) = 7569346,6546; b = alpha_2 = 0,0019.
[23.11.2015 19:06:48] Step 4: (b-a)/2 = 0,0008 < eps = 0,0010; STOP SEARCHING!
[23.11.2015 19:06:48] Iter 2: Answer is in the range: [0,0002; 0,0019]
[23.11.2015 19:06:48] Step 5: alpha_end = (a+b)/2; Minimum x* is: 0,0010
[23.11.2015 19:06:48] Step 9: New alpha 0,00101406251303849
[23.11.2015 19:06:48] Step 10: New local search point DenseVector 2-Double
9,96696
1,02417

[23.11.2015 19:06:48] Step 11: Iteration end.
[23.11.2015 19:06:48] Step 2: ITERATION number 9
[23.11.2015 19:06:48] Step 5: Sk = DenseVector 2-Double
 1,90862
-1,52442

[23.11.2015 19:06:48] Step 6: Yk = DenseVector 2-Double
1735,18
5,17585

[23.11.2015 19:06:48] Step 7: Quasi-Newton matrix: 
DenseMatrix 2x2-Double
0,371087  0,269809
0,269809  0,221951

[23.11.2015 19:06:48] Step 8: Search vector: DenseVector 2-Double
-1377,96
-1006,92

[23.11.2015 19:06:48] DSK method started!
[23.11.2015 19:06:48] Step 1: f(alpha)=887,1323, f(alpha + h)=53,8281; k=0;
[23.11.2015 19:06:48] Step 2: a=0,0010, alpha1=0,0020, k=2; Go to step 4!
[23.11.2015 19:06:48] Step 4: alphak=0,0030
[23.11.2015 19:06:48] Step 5: h > 0; b=alphak=0,0030
[23.11.2015 19:06:48] Step 6: Interval is: [0,0010 ; 0,0030]
[23.11.2015 19:06:48] Dichotomy method has been started!
[23.11.2015 19:06:48] Counting: delta = eps / 10 = 0,0001
[23.11.2015 19:06:48] Step 1: counting alpha_1 = 0,0019, alpha_2 = 0,0021
[23.11.2015 19:06:48] Step 3: f(0,0019) = 81,9823 > f(0,0021) = 33,7567; a = alpha_1 = 0,0019.
[23.11.2015 19:06:48] Step 4: (b-a)/2 = 0,0006 < eps = 0,0010; STOP SEARCHING!
[23.11.2015 19:06:48] Iter 0: Answer is in the range: [0,0019; 0,0030]
[23.11.2015 19:06:48] Step 5: alpha_end = (a+b)/2; Minimum x* is: 0,0025
[23.11.2015 19:06:48] Step 9: New alpha 0,00246406251303849
[23.11.2015 19:06:48] Step 10: New local search point DenseVector 2-Double
 6,57158
-1,45694

[23.11.2015 19:06:48] Step 11: Iteration end.
[23.11.2015 19:06:48] Step 2: ITERATION number 10
[23.11.2015 19:06:48] Step 5: Sk = DenseVector 2-Double
-3,39538
 -2,4811

[23.11.2015 19:06:48] Step 6: Yk = DenseVector 2-Double
-2760,51
-143,598

[23.11.2015 19:06:48] Step 7: Quasi-Newton matrix: 
DenseMatrix 2x2-Double
   1,4822  -0,579814
-0,579814   0,874275

[23.11.2015 19:06:48] Step 8: Search vector: DenseVector 2-Double
-1173,2
425,517

[23.11.2015 19:06:48] DSK method started!
[23.11.2015 19:06:48] Step 1: f(alpha)=12,9677, f(alpha + h)=12,4762; k=0;
[23.11.2015 19:06:48] Step 2: a=0,0025, alpha1=0,0035, k=2; Go to step 4!
[23.11.2015 19:06:48] Step 4: alphak=0,0045
[23.11.2015 19:06:48] Step 5: h > 0; a=alpha(k-1)=0,0035
[23.11.2015 19:06:48] k = k + 1 = 3; Go to step 4!
[23.11.2015 19:06:48] Step 4: alphak=0,0065
[23.11.2015 19:06:48] Step 5: h > 0; a=alpha(k-1)=0,0045
[23.11.2015 19:06:48] k = k + 1 = 4; Go to step 4!
[23.11.2015 19:06:48] Step 4: alphak=0,0105
[23.11.2015 19:06:48] Step 5: h > 0; a=alpha(k-1)=0,0065
[23.11.2015 19:06:48] k = k + 1 = 5; Go to step 4!
[23.11.2015 19:06:48] Step 4: alphak=0,0185
[23.11.2015 19:06:48] Step 5: h > 0; b=alphak=0,0185
[23.11.2015 19:06:48] Step 6: Interval is: [0,0065 ; 0,0185]
[23.11.2015 19:06:48] Dichotomy method has been started!
[23.11.2015 19:06:48] Counting: delta = eps / 10 = 0,0001
[23.11.2015 19:06:48] Step 1: counting alpha_1 = 0,0124, alpha_2 = 0,0126
[23.11.2015 19:06:48] Step 3: f(0,0124) = 11,3043 <= f(0,0126) = 11,3397; b = alpha_2 = 0,0126.
[23.11.2015 19:06:48] Iter 0: Answer is in the range: [0,0065; 0,0126]
[23.11.2015 19:06:48] Step 1: counting alpha_1 = 0,0094, alpha_2 = 0,0096
[23.11.2015 19:06:48] Step 3: f(0,0094) = 11,0844 > f(0,0096) = 11,0810; a = alpha_1 = 0,0094.
[23.11.2015 19:06:48] Iter 1: Answer is in the range: [0,0094; 0,0126]
[23.11.2015 19:06:48] Step 1: counting alpha_1 = 0,0109, alpha_2 = 0,0111
[23.11.2015 19:06:48] Step 3: f(0,0109) = 11,1228 <= f(0,0111) = 11,1391; b = alpha_2 = 0,0111.
[23.11.2015 19:06:48] Step 4: (b-a)/2 = 0,0008 < eps = 0,0010; STOP SEARCHING!
[23.11.2015 19:06:48] Iter 2: Answer is in the range: [0,0094; 0,0111]
[23.11.2015 19:06:48] Step 5: alpha_end = (a+b)/2; Minimum x* is: 0,0103
[23.11.2015 19:06:48] Step 9: New alpha 0,0102515625130385
[23.11.2015 19:06:48] Step 10: New local search point DenseVector 2-Double
-5,45552
 2,90528

[23.11.2015 19:06:48] Step 11: Iteration end.
[23.11.2015 19:06:48] Step 2: ITERATION number 11
[23.11.2015 19:06:48] Step 5: Sk = DenseVector 2-Double
-12,0271
 4,36221

[23.11.2015 19:06:48] Step 6: Yk = DenseVector 2-Double
-1292,01
-54,9048

[23.11.2015 19:06:48] Step 7: Quasi-Newton matrix: 
DenseMatrix 2x2-Double
  1,12061  -0,854083
-0,854083   0,677821

[23.11.2015 19:06:48] Step 8: Search vector: DenseVector 2-Double
 536,033
-408,452

[23.11.2015 19:06:48] DSK method started!
[23.11.2015 19:06:48] Step 1: f(alpha)=177,0032, f(alpha + h)=176,7605; k=0;
[23.11.2015 19:06:48] Step 2: a=0,0103, alpha1=0,0113, k=2; Go to step 4!
[23.11.2015 19:06:48] Step 4: alphak=0,0123
[23.11.2015 19:06:48] Step 5: h > 0; a=alpha(k-1)=0,0113
[23.11.2015 19:06:48] k = k + 1 = 3; Go to step 4!
[23.11.2015 19:06:48] Step 4: alphak=0,0143
[23.11.2015 19:06:48] Step 5: h > 0; a=alpha(k-1)=0,0123
[23.11.2015 19:06:48] k = k + 1 = 4; Go to step 4!
[23.11.2015 19:06:48] Step 4: alphak=0,0183
[23.11.2015 19:06:48] Step 5: h > 0; a=alpha(k-1)=0,0143
[23.11.2015 19:06:48] k = k + 1 = 5; Go to step 4!
[23.11.2015 19:06:48] Step 4: alphak=0,0263
[23.11.2015 19:06:48] Step 5: h > 0; a=alpha(k-1)=0,0183
[23.11.2015 19:06:48] k = k + 1 = 6; Go to step 4!
[23.11.2015 19:06:48] Step 4: alphak=0,0423
[23.11.2015 19:06:48] Step 5: h > 0; a=alpha(k-1)=0,0263
[23.11.2015 19:06:48] k = k + 1 = 7; Go to step 4!
[23.11.2015 19:06:48] Step 4: alphak=0,0743
[23.11.2015 19:06:48] Step 5: h > 0; a=alpha(k-1)=0,0423
[23.11.2015 19:06:48] k = k + 1 = 8; Go to step 4!
[23.11.2015 19:06:48] Step 4: alphak=0,1383
[23.11.2015 19:06:48] Step 5: h > 0; a=alpha(k-1)=0,0743
[23.11.2015 19:06:48] k = k + 1 = 9; Go to step 4!
[23.11.2015 19:06:48] Step 4: alphak=0,2663
[23.11.2015 19:06:48] Step 5: h > 0; a=alpha(k-1)=0,1383
[23.11.2015 19:06:48] k = k + 1 = 10; Go to step 4!
[23.11.2015 19:06:48] Step 4: alphak=0,5223
[23.11.2015 19:06:48] Step 5: h > 0; b=alphak=0,5223
[23.11.2015 19:06:48] Step 6: Interval is: [0,1383 ; 0,5223]
[23.11.2015 19:06:48] Dichotomy method has been started!
[23.11.2015 19:06:48] Counting: delta = eps / 10 = 0,0001
[23.11.2015 19:06:48] Step 1: counting alpha_1 = 0,3302, alpha_2 = 0,3304
[23.11.2015 19:06:48] Step 3: f(0,3302) = 23,1585 <= f(0,3304) = 23,3591; b = alpha_2 = 0,3304.
[23.11.2015 19:06:48] Iter 0: Answer is in the range: [0,1383; 0,3304]
[23.11.2015 19:06:48] Step 1: counting alpha_1 = 0,2342, alpha_2 = 0,2344
[23.11.2015 19:06:48] Step 3: f(0,2342) = 16,0941 > f(0,2344) = 15,9753; a = alpha_1 = 0,2342.
[23.11.2015 19:06:48] Iter 1: Answer is in the range: [0,2342; 0,3304]
[23.11.2015 19:06:48] Step 1: counting alpha_1 = 0,2822, alpha_2 = 0,2824
[23.11.2015 19:06:48] Step 3: f(0,2822) = 0,6199 <= f(0,2824) = 0,6221; b = alpha_2 = 0,2824.
[23.11.2015 19:06:48] Iter 2: Answer is in the range: [0,2342; 0,2824]
[23.11.2015 19:06:48] Step 1: counting alpha_1 = 0,2582, alpha_2 = 0,2584
[23.11.2015 19:06:48] Step 3: f(0,2582) = 4,7437 > f(0,2584) = 4,6765; a = alpha_1 = 0,2582.
[23.11.2015 19:06:48] Iter 3: Answer is in the range: [0,2582; 0,2824]
[23.11.2015 19:06:48] Step 1: counting alpha_1 = 0,2702, alpha_2 = 0,2704
[23.11.2015 19:06:48] Step 3: f(0,2702) = 1,6440 > f(0,2704) = 1,6091; a = alpha_1 = 0,2702.
[23.11.2015 19:06:48] Iter 4: Answer is in the range: [0,2702; 0,2824]
[23.11.2015 19:06:48] Step 1: counting alpha_1 = 0,2762, alpha_2 = 0,2764
[23.11.2015 19:06:48] Step 3: f(0,2762) = 0,8550 > f(0,2764) = 0,8380; a = alpha_1 = 0,2762.
[23.11.2015 19:06:48] Iter 5: Answer is in the range: [0,2762; 0,2824]
[23.11.2015 19:06:49] Step 1: counting alpha_1 = 0,2792, alpha_2 = 0,2794
[23.11.2015 19:06:49] Step 3: f(0,2792) = 0,6660 > f(0,2794) = 0,6584; a = alpha_1 = 0,2792.
[23.11.2015 19:06:49] Iter 6: Answer is in the range: [0,2792; 0,2824]
[23.11.2015 19:06:49] Step 1: counting alpha_1 = 0,2807, alpha_2 = 0,2809
[23.11.2015 19:06:49] Step 3: f(0,2807) = 0,6248 > f(0,2809) = 0,6221; a = alpha_1 = 0,2807.
[23.11.2015 19:06:49] Step 4: (b-a)/2 = 0,0008 < eps = 0,0010; STOP SEARCHING!
[23.11.2015 19:06:49] Iter 7: Answer is in the range: [0,2807; 0,2824]
[23.11.2015 19:06:49] Step 5: alpha_end = (a+b)/2; Minimum x* is: 0,2815
[23.11.2015 19:06:49] Step 9: New alpha 0,281526953138039
[23.11.2015 19:06:49] Step 10: New local search point DenseVector 2-Double
 145,452
-112,085

[23.11.2015 19:06:49] Step 11: Iteration end.
[23.11.2015 19:06:49] Step 2: ITERATION number 12
[23.11.2015 19:06:49] Step 5: Sk = DenseVector 2-Double
150,908
-114,99

[23.11.2015 19:06:49] Step 6: Yk = DenseVector 2-Double
 1,22633E+07
-5,65253E+06

[23.11.2015 19:06:49] Step 7: Quasi-Newton matrix: 
DenseMatrix 2x2-Double
 -0,269006  -0,0734362
-0,0734362    0,239277

[23.11.2015 19:06:49] Step 8: Search vector: DenseVector 2-Double
2,88366E+06
2,25306E+06

[23.11.2015 19:06:49] DSK method started!
[23.11.2015 19:06:49] Step 1: f(alpha)=138884489000024000000000000000000000000000000000000000000000000000000000,0000, f(alpha + h)=140868330758873000000000000000000000000000000000000000000000000000000000,0000; k=0;
[23.11.2015 19:06:49] Step 3: b=0,2815, alpha1=0,2825, h=-0,0010, k=2.
[23.11.2015 19:06:49] Step 4: alphak=0,2795
[23.11.2015 19:06:49] Step 5: h > 0; b=alpha(k-1)=0,2805
[23.11.2015 19:06:49] k = k + 1 = 3; Go to step 4!
[23.11.2015 19:06:49] Step 4: alphak=0,2775
[23.11.2015 19:06:49] Step 5: h > 0; b=alpha(k-1)=0,2795
[23.11.2015 19:06:49] k = k + 1 = 4; Go to step 4!
[23.11.2015 19:06:49] Step 4: alphak=0,2735
[23.11.2015 19:06:49] Step 5: h > 0; b=alpha(k-1)=0,2775
[23.11.2015 19:06:49] k = k + 1 = 5; Go to step 4!
[23.11.2015 19:06:49] Step 4: alphak=0,2655
[23.11.2015 19:06:49] Step 5: h > 0; b=alpha(k-1)=0,2735
[23.11.2015 19:06:49] k = k + 1 = 6; Go to step 4!
[23.11.2015 19:06:49] Step 4: alphak=0,2495
[23.11.2015 19:06:49] Step 5: h > 0; b=alpha(k-1)=0,2655
[23.11.2015 19:06:49] k = k + 1 = 7; Go to step 4!
[23.11.2015 19:06:49] Step 4: alphak=0,2175
[23.11.2015 19:06:49] Step 5: h > 0; b=alpha(k-1)=0,2495
[23.11.2015 19:06:49] k = k + 1 = 8; Go to step 4!
[23.11.2015 19:06:49] Step 4: alphak=0,1535
[23.11.2015 19:06:49] Step 5: h > 0; b=alpha(k-1)=0,2175
[23.11.2015 19:06:49] k = k + 1 = 9; Go to step 4!
[23.11.2015 19:06:49] Step 4: alphak=0,0255
[23.11.2015 19:06:49] Step 5: h > 0; b=alpha(k-1)=0,1535
[23.11.2015 19:06:49] k = k + 1 = 10; Go to step 4!
[23.11.2015 19:06:49] Step 4: alphak=-0,2305
[23.11.2015 19:06:49] Step 5: h < 0; a=alphak-0,2305
[23.11.2015 19:06:49] Step 6: Interval is: [-0,2305 ; 0,1535]
[23.11.2015 19:06:49] Dichotomy method has been started!
[23.11.2015 19:06:49] Counting: delta = eps / 10 = 0,0001
[23.11.2015 19:06:49] Step 1: counting alpha_1 = -0,0386, alpha_2 = -0,0384
[23.11.2015 19:06:49] Step 3: f(-0,0386) = 48945143285811600000000000000000000000000000000000000000000000000000,0000 > f(-0,0384) = 47937895108342300000000000000000000000000000000000000000000000000000,0000; a = alpha_1 = -0,0386.
[23.11.2015 19:06:49] Iter 0: Answer is in the range: [-0,0386; 0,1535]
[23.11.2015 19:06:49] Step 1: counting alpha_1 = 0,0574, alpha_2 = 0,0576
[23.11.2015 19:06:49] Step 3: f(0,0574) = 239620380908303000000000000000000000000000000000000000000000000000000,0000 <= f(0,0576) = 242978888547261000000000000000000000000000000000000000000000000000000,0000; b = alpha_2 = 0,0576.
[23.11.2015 19:06:49] Iter 1: Answer is in the range: [-0,0386; 0,0576]
[23.11.2015 19:06:49] Step 1: counting alpha_1 = 0,0094, alpha_2 = 0,0096
[23.11.2015 19:06:49] Step 3: f(0,0094) = 172761176714535000000000000000000000000000000000000000000000000000,0000 <= f(0,0096) = 187936940677900000000000000000000000000000000000000000000000000000,0000; b = alpha_2 = 0,0096.
[23.11.2015 19:06:49] Iter 2: Answer is in the range: [-0,0386; 0,0096]
[23.11.2015 19:06:49] Step 1: counting alpha_1 = -0,0146, alpha_2 = -0,0144
[23.11.2015 19:06:49] Step 3: f(-0,0146) = 1000609662807460000000000000000000000000000000000000000000000000000,0000 > f(-0,0144) = 946845957136747000000000000000000000000000000000000000000000000000,0000; a = alpha_1 = -0,0146.
[23.11.2015 19:06:49] Iter 3: Answer is in the range: [-0,0146; 0,0096]
[23.11.2015 19:06:49] Step 1: counting alpha_1 = -0,0026, alpha_2 = -0,0024
[23.11.2015 19:06:49] Step 3: f(-0,0026) = 997648752338020000000000000000000000000000000000000000000000000,0000 > f(-0,0024) = 723554072025879000000000000000000000000000000000000000000000000,0000; a = alpha_1 = -0,0026.
[23.11.2015 19:06:49] Iter 4: Answer is in the range: [-0,0026; 0,0096]
[23.11.2015 19:06:49] Step 1: counting alpha_1 = 0,0034, alpha_2 = 0,0036
[23.11.2015 19:06:49] Step 3: f(0,0034) = 2972228223639630000000000000000000000000000000000000000000000000,0000 <= f(0,0036) = 3734500771357360000000000000000000000000000000000000000000000000,0000; b = alpha_2 = 0,0036.
[23.11.2015 19:06:49] Iter 5: Answer is in the range: [-0,0026; 0,0036]
[23.11.2015 19:06:49] Step 1: counting alpha_1 = 0,0004, alpha_2 = 0,0006
[23.11.2015 19:06:49] Step 3: f(0,0004) = 604528716274197000000000000000000000000000000000000000000000,0000 <= f(0,0006) = 2994331110521290000000000000000000000000000000000000000000000,0000; b = alpha_2 = 0,0006.
[23.11.2015 19:06:49] Iter 6: Answer is in the range: [-0,0026; 0,0006]
[23.11.2015 19:06:49] Step 1: counting alpha_1 = -0,0011, alpha_2 = -0,0009
[23.11.2015 19:06:49] Step 3: f(-0,0011) = 31505313739740000000000000000000000000000000000000000000000000,0000 > f(-0,0009) = 14033265971607100000000000000000000000000000000000000000000000,0000; a = alpha_1 = -0,0011.
[23.11.2015 19:06:49] Step 4: (b-a)/2 = 0,0008 < eps = 0,0010; STOP SEARCHING!
[23.11.2015 19:06:49] Iter 7: Answer is in the range: [-0,0011; 0,0006]
[23.11.2015 19:06:49] Step 5: alpha_end = (a+b)/2; Minimum x* is: -0,0002
[23.11.2015 19:06:49] Step 9: New alpha -0,000242968736961458
[23.11.2015 19:06:49] Step 10: New local search point DenseVector 2-Double
-555,188
-659,507

[23.11.2015 19:06:49] Step 11: Iteration end.
[23.11.2015 19:06:49] Step 2: ITERATION number 13
[23.11.2015 19:06:49] Step 5: Sk = DenseVector 2-Double
 -700,64
-547,422

[23.11.2015 19:06:49] Step 6: Yk = DenseVector 2-Double
-6,94415E+08
-1,13966E+09

[23.11.2015 19:06:49] Step 7: Quasi-Newton matrix: 
DenseMatrix 2x2-Double
-0,821933   0,434745
 0,434745  -0,227779

[23.11.2015 19:06:49] Step 8: Search vector: DenseVector 2-Double
-6,27644E+07
 3,56845E+07

[23.11.2015 19:06:49] DSK method started!
[23.11.2015 19:06:49] Step 1: f(alpha)=90813216856105000000000000000000000000,0000, f(alpha + h)=8558383258915870000000000000000000000000,0000; k=0;
[23.11.2015 19:06:49] Step 3: a=-0,0012, b=0,0008; Go to step 6!
