[11.11.2015 22:26:52] DFP method started
[11.11.2015 22:26:52] Input data. Start point (0,000;0,000), epsilon 0,01000
[11.11.2015 22:26:52] Step 1: K = 0
[11.11.2015 22:26:52] Step 2: ITERATION number 0
[11.11.2015 22:26:52] Step 4: K==0, go to step 8.
[11.11.2015 22:26:52] Step 8: Search vector: (0,000;0,000)
[11.11.2015 22:26:52] DSK method started!
[11.11.2015 22:26:52] Step 1: f(alpha)=169,9932, f(alpha + h)=162,1753; k=0;
[11.11.2015 22:26:52] Step 2: a=0,0000, alpha1=0,0100, k=2; Go to step 4!
[11.11.2015 22:26:52] Step 4: alphak=0,0200
[11.11.2015 22:26:52] Step 5: h > 0; a=alpha(k-1)=0,0100
[11.11.2015 22:26:52] k = k + 1 = 3; Go to step 4!
[11.11.2015 22:26:52] Step 4: alphak=0,0400
[11.11.2015 22:26:52] Step 5: h > 0; a=alpha(k-1)=0,0200
[11.11.2015 22:26:52] k = k + 1 = 4; Go to step 4!
[11.11.2015 22:26:52] Step 4: alphak=0,0800
[11.11.2015 22:26:52] Step 5: h > 0; a=alpha(k-1)=0,0400
[11.11.2015 22:26:52] k = k + 1 = 5; Go to step 4!
[11.11.2015 22:26:52] Step 4: alphak=0,1600
[11.11.2015 22:26:52] Step 5: h > 0; a=alpha(k-1)=0,0800
[11.11.2015 22:26:52] k = k + 1 = 6; Go to step 4!
[11.11.2015 22:26:52] Step 4: alphak=0,3200
[11.11.2015 22:26:52] Step 5: h > 0; b=alphak=0,3200
[11.11.2015 22:26:52] Step 6: Interval is: [0,0800 ; 0,3200]
[11.11.2015 22:26:52] Dichotomy method has been started!
[11.11.2015 22:26:52] Counting: delta = eps / 10 = 0,001
[11.11.2015 22:26:52] Step 1: counting alpha_1 = 0,1990, alpha_2 = 0,2010
[11.11.2015 22:26:52] Step 3: f(0,1990) = 224,9520 <= f(0,2010) = 238,0420; b = alpha_2 = 0,2010.
[11.11.2015 22:26:52] Iter 0: Answer is in the range: [0,0800; 0,2010]
[11.11.2015 22:26:52] Step 1: counting alpha_1 = 0,1395, alpha_2 = 0,1415
[11.11.2015 22:26:52] Step 3: f(0,1395) = 36,0670 <= f(0,1415) = 37,5359; b = alpha_2 = 0,1415.
[11.11.2015 22:26:52] Iter 1: Answer is in the range: [0,0800; 0,1415]
[11.11.2015 22:26:52] Step 1: counting alpha_1 = 0,1098, alpha_2 = 0,1118
[11.11.2015 22:26:52] Step 3: f(0,1098) = 38,8735 > f(0,1118) = 37,4989; a = alpha_1 = 0,1098.
[11.11.2015 22:26:52] Iter 2: Answer is in the range: [0,1098; 0,1415]
[11.11.2015 22:26:52] Step 1: counting alpha_1 = 0,1246, alpha_2 = 0,1266
[11.11.2015 22:26:52] Step 3: f(0,1246) = 32,3019 > f(0,1266) = 32,1377; a = alpha_1 = 0,1246.
[11.11.2015 22:26:52] Step 4: (b-a)/2 = 0,0084 < eps = 0,0100; STOP SEARCHING!
[11.11.2015 22:26:52] Iter 3: Answer is in the range: [0,1246; 0,1415]
[11.11.2015 22:26:52] Step 5: alpha_end = (a+b)/2; Minimum x* is: 0,1331
[11.11.2015 22:26:52] Step 9: Quasi-Newton matrix: 

[11.11.2015 22:26:52] Step 10: New local search point (0,000;0,000)
[11.11.2015 22:26:52] Step 11: Iteration end.
[11.11.2015 22:26:52] Step 2: ITERATION number 1
[11.11.2015 22:26:52] Step 5: Sk = 
[11.11.2015 22:26:52] Step 6: Yk = 
[11.11.2015 22:26:52] Step 7: Quasi-Newton matrix: 

[11.11.2015 22:26:52] Step 8: Search vector: (0,000;0,000)
[11.11.2015 22:26:52] DSK method started!
[11.11.2015 22:26:52] Step 1: f(alpha)=32,9657, f(alpha + h)=38,8599; k=0;
[11.11.2015 22:26:52] Step 3: b=0,1331, alpha1=0,1431, h=-0,0100, k=2.
[11.11.2015 22:26:52] Step 4: alphak=0,1131
[11.11.2015 22:26:52] Step 5: h < 0; a=alphak0,1131
[11.11.2015 22:26:52] Step 6: Interval is: [0,1131 ; 0,1331]
[11.11.2015 22:26:52] Dichotomy method has been started!
[11.11.2015 22:26:52] Counting: delta = eps / 10 = 0,001
[11.11.2015 22:26:52] Step 1: counting alpha_1 = 0,1221, alpha_2 = 0,1241
[11.11.2015 22:26:52] Step 3: f(0,1221) = 32,7836 > f(0,1241) = 32,3820; a = alpha_1 = 0,1221.
[11.11.2015 22:26:52] Step 4: (b-a)/2 = 0,0055 < eps = 0,0100; STOP SEARCHING!
[11.11.2015 22:26:52] Iter 0: Answer is in the range: [0,1221; 0,1331]
[11.11.2015 22:26:52] Step 5: alpha_end = (a+b)/2; Minimum x* is: 0,1276
[11.11.2015 22:26:52] Step 9: Quasi-Newton matrix: 

[11.11.2015 22:26:52] Step 10: New local search point (0,000;0,000)
[11.11.2015 22:26:52] Step 11: Iteration end.
[11.11.2015 22:26:52] Step 2: ITERATION number 2
[11.11.2015 22:26:52] Step 5: Sk = 
[11.11.2015 22:26:52] Step 6: Yk = 
[11.11.2015 22:26:52] Step 7: Quasi-Newton matrix: 

[11.11.2015 22:26:52] Step 8: Search vector: (0,000;0,000)
[11.11.2015 22:26:52] DSK method started!
[11.11.2015 22:26:52] Step 1: f(alpha)=32,1271, f(alpha + h)=34,8784; k=0;
[11.11.2015 22:26:52] Step 3: a=0,1176, b=0,1376; Go to step 6!
[11.11.2015 22:26:52] Step 6: Interval is: [0,1176 ; 0,1376]
[11.11.2015 22:26:52] Dichotomy method has been started!
[11.11.2015 22:26:52] Counting: delta = eps / 10 = 0,001
[11.11.2015 22:26:52] Step 1: counting alpha_1 = 0,1266, alpha_2 = 0,1286
[11.11.2015 22:26:52] Step 3: f(0,1266) = 32,1400 <= f(0,1286) = 32,1636; b = alpha_2 = 0,1286.
[11.11.2015 22:26:52] Step 4: (b-a)/2 = 0,0055 < eps = 0,0100; STOP SEARCHING!
[11.11.2015 22:26:52] Iter 0: Answer is in the range: [0,1176; 0,1286]
[11.11.2015 22:26:52] Step 5: alpha_end = (a+b)/2; Minimum x* is: 0,1231
[11.11.2015 22:26:52] Step 9: Quasi-Newton matrix: 

[11.11.2015 22:26:52] Step 10: New local search point (0,000;0,000)
[11.11.2015 22:26:53] Step 11: Iteration end.
[11.11.2015 22:26:53] Step 2: ITERATION number 3
[11.11.2015 22:26:53] Step 5: Sk = 
[11.11.2015 22:26:53] Step 6: Yk = 
[11.11.2015 22:26:53] Step 7: Quasi-Newton matrix: 

[11.11.2015 22:26:53] Step 8: Search vector: (0,000;0,000)
[11.11.2015 22:26:53] DSK method started!
[11.11.2015 22:26:53] Step 1: f(alpha)=32,5602, f(alpha + h)=32,9657; k=0;
[11.11.2015 22:26:53] Step 3: a=0,1131, b=0,1331; Go to step 6!
[11.11.2015 22:26:53] Step 6: Interval is: [0,1131 ; 0,1331]
[11.11.2015 22:26:53] Dichotomy method has been started!
[11.11.2015 22:26:53] Counting: delta = eps / 10 = 0,001
[11.11.2015 22:26:53] Step 1: counting alpha_1 = 0,1221, alpha_2 = 0,1241
[11.11.2015 22:26:53] Step 3: f(0,1221) = 32,7836 > f(0,1241) = 32,3820; a = alpha_1 = 0,1221.
[11.11.2015 22:26:53] Step 4: (b-a)/2 = 0,0055 < eps = 0,0100; STOP SEARCHING!
[11.11.2015 22:26:53] Iter 0: Answer is in the range: [0,1221; 0,1331]
[11.11.2015 22:26:53] Step 5: alpha_end = (a+b)/2; Minimum x* is: 0,1276
[11.11.2015 22:26:53] Step 9: Quasi-Newton matrix: 

[11.11.2015 22:26:53] Step 10: New local search point (0,000;0,000)
[11.11.2015 22:26:53] Step 11: Iteration end.
[11.11.2015 22:26:53] Step 2: ITERATION number 4
[11.11.2015 22:26:53] Step 5: Sk = 
[11.11.2015 22:26:53] Step 6: Yk = 
[11.11.2015 22:26:53] Step 7: Quasi-Newton matrix: 

[11.11.2015 22:26:53] Step 8: Search vector: (0,000;0,000)
[11.11.2015 22:26:53] DSK method started!
[11.11.2015 22:26:53] Step 1: f(alpha)=32,1271, f(alpha + h)=34,8784; k=0;
[11.11.2015 22:26:53] Step 3: a=0,1176, b=0,1376; Go to step 6!
[11.11.2015 22:26:53] Step 6: Interval is: [0,1176 ; 0,1376]
[11.11.2015 22:26:53] Dichotomy method has been started!
[11.11.2015 22:26:53] Counting: delta = eps / 10 = 0,001
[11.11.2015 22:26:53] Step 1: counting alpha_1 = 0,1266, alpha_2 = 0,1286
[11.11.2015 22:26:53] Step 3: f(0,1266) = 32,1400 <= f(0,1286) = 32,1636; b = alpha_2 = 0,1286.
[11.11.2015 22:26:53] Step 4: (b-a)/2 = 0,0055 < eps = 0,0100; STOP SEARCHING!
[11.11.2015 22:26:53] Iter 0: Answer is in the range: [0,1176; 0,1286]
[11.11.2015 22:26:53] Step 5: alpha_end = (a+b)/2; Minimum x* is: 0,1231
[11.11.2015 22:26:53] Step 9: Quasi-Newton matrix: 

[11.11.2015 22:26:53] Step 10: New local search point (0,000;0,000)
[11.11.2015 22:26:53] Step 11: Iteration end.
[11.11.2015 22:26:53] Step 2: ITERATION number 5
[11.11.2015 22:26:53] Step 5: Sk = 
[11.11.2015 22:26:53] Step 6: Yk = 
[11.11.2015 22:26:53] Step 7: Quasi-Newton matrix: 

[11.11.2015 22:26:53] Step 8: Search vector: (0,000;0,000)
[11.11.2015 22:26:53] DSK method started!
[11.11.2015 22:26:53] Step 1: f(alpha)=32,5602, f(alpha + h)=32,9657; k=0;
[11.11.2015 22:26:53] Step 3: a=0,1131, b=0,1331; Go to step 6!
[11.11.2015 22:26:53] Step 6: Interval is: [0,1131 ; 0,1331]
[11.11.2015 22:26:53] Dichotomy method has been started!
[11.11.2015 22:26:53] Counting: delta = eps / 10 = 0,001
[11.11.2015 22:26:53] Step 1: counting alpha_1 = 0,1221, alpha_2 = 0,1241
[11.11.2015 22:26:53] Step 3: f(0,1221) = 32,7836 > f(0,1241) = 32,3820; a = alpha_1 = 0,1221.
[11.11.2015 22:26:53] Step 4: (b-a)/2 = 0,0055 < eps = 0,0100; STOP SEARCHING!
[11.11.2015 22:26:53] Iter 0: Answer is in the range: [0,1221; 0,1331]
[11.11.2015 22:26:53] Step 5: alpha_end = (a+b)/2; Minimum x* is: 0,1276
[11.11.2015 22:26:53] Step 9: Quasi-Newton matrix: 

[11.11.2015 22:26:53] Step 10: New local search point (0,000;0,000)
[11.11.2015 22:26:53] Step 11: Iteration end.
[11.11.2015 22:26:53] Step 2: ITERATION number 6
[11.11.2015 22:26:53] Step 5: Sk = 
[11.11.2015 22:26:53] Step 6: Yk = 
[11.11.2015 22:26:53] Step 7: Quasi-Newton matrix: 

[11.11.2015 22:26:53] Step 8: Search vector: (0,000;0,000)
[11.11.2015 22:26:53] DSK method started!
[11.11.2015 22:26:53] Step 1: f(alpha)=32,1271, f(alpha + h)=34,8784; k=0;
[11.11.2015 22:26:53] Step 3: a=0,1176, b=0,1376; Go to step 6!
[11.11.2015 22:26:53] Step 6: Interval is: [0,1176 ; 0,1376]
[11.11.2015 22:26:53] Dichotomy method has been started!
[11.11.2015 22:26:53] Counting: delta = eps / 10 = 0,001
[11.11.2015 22:26:53] Step 1: counting alpha_1 = 0,1266, alpha_2 = 0,1286
[11.11.2015 22:26:53] Step 3: f(0,1266) = 32,1400 <= f(0,1286) = 32,1636; b = alpha_2 = 0,1286.
[11.11.2015 22:26:53] Step 4: (b-a)/2 = 0,0055 < eps = 0,0100; STOP SEARCHING!
[11.11.2015 22:26:53] Iter 0: Answer is in the range: [0,1176; 0,1286]
[11.11.2015 22:26:53] Step 5: alpha_end = (a+b)/2; Minimum x* is: 0,1231
[11.11.2015 22:26:53] Step 9: Quasi-Newton matrix: 

[11.11.2015 22:26:53] Step 10: New local search point (0,000;0,000)
[11.11.2015 22:26:53] Step 11: Iteration end.
[11.11.2015 22:26:53] Step 2: ITERATION number 7
[11.11.2015 22:26:53] Step 5: Sk = 
[11.11.2015 22:26:53] Step 6: Yk = 
[11.11.2015 22:26:53] Step 7: Quasi-Newton matrix: 

[11.11.2015 22:26:53] Step 8: Search vector: (0,000;0,000)
[11.11.2015 22:26:53] DSK method started!
[11.11.2015 22:26:53] Step 1: f(alpha)=32,5602, f(alpha + h)=32,9657; k=0;
[11.11.2015 22:26:53] Step 3: a=0,1131, b=0,1331; Go to step 6!
[11.11.2015 22:26:53] Step 6: Interval is: [0,1131 ; 0,1331]
[11.11.2015 22:26:53] Dichotomy method has been started!
[11.11.2015 22:26:53] Counting: delta = eps / 10 = 0,001
[11.11.2015 22:26:53] Step 1: counting alpha_1 = 0,1221, alpha_2 = 0,1241
[11.11.2015 22:26:53] Step 3: f(0,1221) = 32,7836 > f(0,1241) = 32,3820; a = alpha_1 = 0,1221.
[11.11.2015 22:26:53] Step 4: (b-a)/2 = 0,0055 < eps = 0,0100; STOP SEARCHING!
[11.11.2015 22:26:53] Iter 0: Answer is in the range: [0,1221; 0,1331]
[11.11.2015 22:26:53] Step 5: alpha_end = (a+b)/2; Minimum x* is: 0,1276
[11.11.2015 22:26:53] Step 9: Quasi-Newton matrix: 

[11.11.2015 22:26:53] Step 10: New local search point (0,000;0,000)
[11.11.2015 22:26:53] Step 11: Iteration end.
[11.11.2015 22:26:53] Step 2: ITERATION number 8
[11.11.2015 22:26:53] Step 5: Sk = 
[11.11.2015 22:26:53] Step 6: Yk = 
[11.11.2015 22:26:53] Step 7: Quasi-Newton matrix: 

[11.11.2015 22:26:53] Step 8: Search vector: (0,000;0,000)
[11.11.2015 22:26:53] DSK method started!
[11.11.2015 22:26:53] Step 1: f(alpha)=32,1271, f(alpha + h)=34,8784; k=0;
[11.11.2015 22:26:53] Step 3: a=0,1176, b=0,1376; Go to step 6!
[11.11.2015 22:26:53] Step 6: Interval is: [0,1176 ; 0,1376]
[11.11.2015 22:26:53] Dichotomy method has been started!
[11.11.2015 22:26:53] Counting: delta = eps / 10 = 0,001
[11.11.2015 22:26:53] Step 1: counting alpha_1 = 0,1266, alpha_2 = 0,1286
[11.11.2015 22:26:53] Step 3: f(0,1266) = 32,1400 <= f(0,1286) = 32,1636; b = alpha_2 = 0,1286.
[11.11.2015 22:26:53] Step 4: (b-a)/2 = 0,0055 < eps = 0,0100; STOP SEARCHING!
[11.11.2015 22:26:53] Iter 0: Answer is in the range: [0,1176; 0,1286]
[11.11.2015 22:26:53] Step 5: alpha_end = (a+b)/2; Minimum x* is: 0,1231
[11.11.2015 22:26:53] Step 9: Quasi-Newton matrix: 

[11.11.2015 22:26:53] Step 10: New local search point (0,000;0,000)
[11.11.2015 22:26:53] Step 11: Iteration end.
[11.11.2015 22:26:53] Step 2: ITERATION number 9
[11.11.2015 22:26:53] Step 5: Sk = 
[11.11.2015 22:26:53] Step 6: Yk = 
[11.11.2015 22:26:53] Step 7: Quasi-Newton matrix: 

[11.11.2015 22:26:53] Step 8: Search vector: (0,000;0,000)
[11.11.2015 22:26:53] DSK method started!
[11.11.2015 22:26:53] Step 1: f(alpha)=32,5602, f(alpha + h)=32,9657; k=0;
[11.11.2015 22:26:53] Step 3: a=0,1131, b=0,1331; Go to step 6!
[11.11.2015 22:26:53] Step 6: Interval is: [0,1131 ; 0,1331]
[11.11.2015 22:26:53] Dichotomy method has been started!
[11.11.2015 22:26:53] Counting: delta = eps / 10 = 0,001
[11.11.2015 22:26:53] Step 1: counting alpha_1 = 0,1221, alpha_2 = 0,1241
[11.11.2015 22:26:53] Step 3: f(0,1221) = 32,7836 > f(0,1241) = 32,3820; a = alpha_1 = 0,1221.
[11.11.2015 22:26:53] Step 4: (b-a)/2 = 0,0055 < eps = 0,0100; STOP SEARCHING!
[11.11.2015 22:26:53] Iter 0: Answer is in the range: [0,1221; 0,1331]
[11.11.2015 22:26:53] Step 5: alpha_end = (a+b)/2; Minimum x* is: 0,1276
[11.11.2015 22:26:53] Step 9: Quasi-Newton matrix: 

[11.11.2015 22:26:53] Step 10: New local search point (0,000;0,000)
[11.11.2015 22:26:53] Step 11: Iteration end.
[11.11.2015 22:26:53] Step 2: ITERATION number 10
[11.11.2015 22:26:53] Step 5: Sk = 
[11.11.2015 22:26:53] Step 6: Yk = 
[11.11.2015 22:26:53] Step 7: Quasi-Newton matrix: 

[11.11.2015 22:26:53] Step 8: Search vector: (0,000;0,000)
[11.11.2015 22:26:53] DSK method started!
[11.11.2015 22:26:53] Step 1: f(alpha)=32,1271, f(alpha + h)=34,8784; k=0;
[11.11.2015 22:26:53] Step 3: a=0,1176, b=0,1376; Go to step 6!
[11.11.2015 22:26:53] Step 6: Interval is: [0,1176 ; 0,1376]
[11.11.2015 22:26:53] Dichotomy method has been started!
[11.11.2015 22:26:53] Counting: delta = eps / 10 = 0,001
[11.11.2015 22:26:53] Step 1: counting alpha_1 = 0,1266, alpha_2 = 0,1286
[11.11.2015 22:26:53] Step 3: f(0,1266) = 32,1400 <= f(0,1286) = 32,1636; b = alpha_2 = 0,1286.
[11.11.2015 22:26:53] Step 4: (b-a)/2 = 0,0055 < eps = 0,0100; STOP SEARCHING!
[11.11.2015 22:26:53] Iter 0: Answer is in the range: [0,1176; 0,1286]
[11.11.2015 22:26:53] Step 5: alpha_end = (a+b)/2; Minimum x* is: 0,1231
[11.11.2015 22:26:53] Step 9: Quasi-Newton matrix: 

[11.11.2015 22:26:53] Step 10: New local search point (0,000;0,000)
[11.11.2015 22:26:53] Step 11: Iteration end.
[11.11.2015 22:26:53] Step 2: ITERATION number 11
[11.11.2015 22:26:53] Step 5: Sk = 
[11.11.2015 22:26:53] Step 6: Yk = 
[11.11.2015 22:26:53] Step 7: Quasi-Newton matrix: 

[11.11.2015 22:26:53] Step 8: Search vector: (0,000;0,000)
[11.11.2015 22:26:53] DSK method started!
[11.11.2015 22:26:54] Step 1: f(alpha)=32,5602, f(alpha + h)=32,9657; k=0;
[11.11.2015 22:26:54] Step 3: a=0,1131, b=0,1331; Go to step 6!
[11.11.2015 22:26:54] Step 6: Interval is: [0,1131 ; 0,1331]
[11.11.2015 22:26:54] Dichotomy method has been started!
[11.11.2015 22:26:54] Counting: delta = eps / 10 = 0,001
[11.11.2015 22:26:54] Step 1: counting alpha_1 = 0,1221, alpha_2 = 0,1241
[11.11.2015 22:26:54] Step 3: f(0,1221) = 32,7836 > f(0,1241) = 32,3820; a = alpha_1 = 0,1221.
[11.11.2015 22:26:54] Step 4: (b-a)/2 = 0,0055 < eps = 0,0100; STOP SEARCHING!
[11.11.2015 22:26:54] Iter 0: Answer is in the range: [0,1221; 0,1331]
[11.11.2015 22:26:54] Step 5: alpha_end = (a+b)/2; Minimum x* is: 0,1276
[11.11.2015 22:26:54] Step 9: Quasi-Newton matrix: 

[11.11.2015 22:26:54] Step 10: New local search point (0,000;0,000)
[11.11.2015 22:26:54] Step 11: Iteration end.
[11.11.2015 22:26:54] Step 2: ITERATION number 12
[11.11.2015 22:26:54] Step 5: Sk = 
[11.11.2015 22:26:54] Step 6: Yk = 
[11.11.2015 22:26:54] Step 7: Quasi-Newton matrix: 

[11.11.2015 22:26:54] Step 8: Search vector: (0,000;0,000)
[11.11.2015 22:26:54] DSK method started!
[11.11.2015 22:26:54] Step 1: f(alpha)=32,1271, f(alpha + h)=34,8784; k=0;
[11.11.2015 22:26:54] Step 3: a=0,1176, b=0,1376; Go to step 6!
[11.11.2015 22:26:54] Step 6: Interval is: [0,1176 ; 0,1376]
[11.11.2015 22:26:54] Dichotomy method has been started!
[11.11.2015 22:26:54] Counting: delta = eps / 10 = 0,001
[11.11.2015 22:26:54] Step 1: counting alpha_1 = 0,1266, alpha_2 = 0,1286
[11.11.2015 22:26:54] Step 3: f(0,1266) = 32,1400 <= f(0,1286) = 32,1636; b = alpha_2 = 0,1286.
[11.11.2015 22:26:54] Step 4: (b-a)/2 = 0,0055 < eps = 0,0100; STOP SEARCHING!
[11.11.2015 22:26:54] Iter 0: Answer is in the range: [0,1176; 0,1286]
[11.11.2015 22:26:54] Step 5: alpha_end = (a+b)/2; Minimum x* is: 0,1231
[11.11.2015 22:26:54] Step 9: Quasi-Newton matrix: 

[11.11.2015 22:26:54] Step 10: New local search point (0,000;0,000)
[11.11.2015 22:26:54] Step 11: Iteration end.
[11.11.2015 22:26:54] Step 2: ITERATION number 13
[11.11.2015 22:26:54] Step 5: Sk = 
[11.11.2015 22:26:54] Step 6: Yk = 
[11.11.2015 22:26:54] Step 7: Quasi-Newton matrix: 

[11.11.2015 22:26:54] Step 8: Search vector: (0,000;0,000)
[11.11.2015 22:26:54] DSK method started!
[11.11.2015 22:26:54] Step 1: f(alpha)=32,5602, f(alpha + h)=32,9657; k=0;
[11.11.2015 22:26:54] Step 3: a=0,1131, b=0,1331; Go to step 6!
[11.11.2015 22:26:54] Step 6: Interval is: [0,1131 ; 0,1331]
[11.11.2015 22:26:54] Dichotomy method has been started!
[11.11.2015 22:26:54] Counting: delta = eps / 10 = 0,001
[11.11.2015 22:26:54] Step 1: counting alpha_1 = 0,1221, alpha_2 = 0,1241
[11.11.2015 22:26:54] Step 3: f(0,1221) = 32,7836 > f(0,1241) = 32,3820; a = alpha_1 = 0,1221.
[11.11.2015 22:26:54] Step 4: (b-a)/2 = 0,0055 < eps = 0,0100; STOP SEARCHING!
[11.11.2015 22:26:54] Iter 0: Answer is in the range: [0,1221; 0,1331]
[11.11.2015 22:26:54] Step 5: alpha_end = (a+b)/2; Minimum x* is: 0,1276
[11.11.2015 22:26:54] Step 9: Quasi-Newton matrix: 

[11.11.2015 22:26:54] Step 10: New local search point (0,000;0,000)
[11.11.2015 22:26:54] Step 11: Iteration end.
[11.11.2015 22:26:54] Step 2: ITERATION number 14
[11.11.2015 22:26:54] Step 5: Sk = 
[11.11.2015 22:26:54] Step 6: Yk = 
[11.11.2015 22:26:54] Step 7: Quasi-Newton matrix: 

[11.11.2015 22:26:54] Step 8: Search vector: (0,000;0,000)
[11.11.2015 22:26:54] DSK method started!
[11.11.2015 22:26:54] Step 1: f(alpha)=32,1271, f(alpha + h)=34,8784; k=0;
[11.11.2015 22:26:54] Step 3: a=0,1176, b=0,1376; Go to step 6!
[11.11.2015 22:26:54] Step 6: Interval is: [0,1176 ; 0,1376]
[11.11.2015 22:26:54] Dichotomy method has been started!
[11.11.2015 22:26:54] Counting: delta = eps / 10 = 0,001
[11.11.2015 22:26:54] Step 1: counting alpha_1 = 0,1266, alpha_2 = 0,1286
[11.11.2015 22:26:54] Step 3: f(0,1266) = 32,1400 <= f(0,1286) = 32,1636; b = alpha_2 = 0,1286.
[11.11.2015 22:26:54] Step 4: (b-a)/2 = 0,0055 < eps = 0,0100; STOP SEARCHING!
[11.11.2015 22:26:54] Iter 0: Answer is in the range: [0,1176; 0,1286]
[11.11.2015 22:26:54] Step 5: alpha_end = (a+b)/2; Minimum x* is: 0,1231
[11.11.2015 22:26:54] Step 9: Quasi-Newton matrix: 

[11.11.2015 22:26:54] Step 10: New local search point (0,000;0,000)
[11.11.2015 22:26:54] Step 11: Iteration end.
[11.11.2015 22:26:54] Step 2: ITERATION number 15
[11.11.2015 22:26:54] Step 5: Sk = 
[11.11.2015 22:26:54] Step 6: Yk = 
[11.11.2015 22:26:54] Step 7: Quasi-Newton matrix: 

[11.11.2015 22:26:54] Step 8: Search vector: (0,000;0,000)
[11.11.2015 22:26:54] DSK method started!
[11.11.2015 22:26:54] Step 1: f(alpha)=32,5602, f(alpha + h)=32,9657; k=0;
[11.11.2015 22:26:54] Step 3: a=0,1131, b=0,1331; Go to step 6!
[11.11.2015 22:26:54] Step 6: Interval is: [0,1131 ; 0,1331]
[11.11.2015 22:26:54] Dichotomy method has been started!
[11.11.2015 22:26:54] Counting: delta = eps / 10 = 0,001
[11.11.2015 22:26:54] Step 1: counting alpha_1 = 0,1221, alpha_2 = 0,1241
[11.11.2015 22:26:54] Step 3: f(0,1221) = 32,7836 > f(0,1241) = 32,3820; a = alpha_1 = 0,1221.
[11.11.2015 22:26:54] Step 4: (b-a)/2 = 0,0055 < eps = 0,0100; STOP SEARCHING!
[11.11.2015 22:26:54] Iter 0: Answer is in the range: [0,1221; 0,1331]
[11.11.2015 22:26:54] Step 5: alpha_end = (a+b)/2; Minimum x* is: 0,1276
[11.11.2015 22:26:54] Step 9: Quasi-Newton matrix: 

[11.11.2015 22:26:54] Step 10: New local search point (0,000;0,000)
[11.11.2015 22:26:54] Step 11: Iteration end.
[11.11.2015 22:26:54] Step 2: ITERATION number 16
[11.11.2015 22:26:54] Step 5: Sk = 
[11.11.2015 22:26:54] Step 6: Yk = 
[11.11.2015 22:26:54] Step 7: Quasi-Newton matrix: 

[11.11.2015 22:26:54] Step 8: Search vector: (0,000;0,000)
[11.11.2015 22:26:54] DSK method started!
[11.11.2015 22:26:54] Step 1: f(alpha)=32,1271, f(alpha + h)=34,8784; k=0;
[11.11.2015 22:26:54] Step 3: a=0,1176, b=0,1376; Go to step 6!
[11.11.2015 22:26:54] Step 6: Interval is: [0,1176 ; 0,1376]
[11.11.2015 22:26:54] Dichotomy method has been started!
[11.11.2015 22:26:54] Counting: delta = eps / 10 = 0,001
[11.11.2015 22:26:54] Step 1: counting alpha_1 = 0,1266, alpha_2 = 0,1286
[11.11.2015 22:26:54] Step 3: f(0,1266) = 32,1400 <= f(0,1286) = 32,1636; b = alpha_2 = 0,1286.
[11.11.2015 22:26:54] Step 4: (b-a)/2 = 0,0055 < eps = 0,0100; STOP SEARCHING!
[11.11.2015 22:26:54] Iter 0: Answer is in the range: [0,1176; 0,1286]
[11.11.2015 22:26:54] Step 5: alpha_end = (a+b)/2; Minimum x* is: 0,1231
[11.11.2015 22:26:54] Step 9: Quasi-Newton matrix: 

[11.11.2015 22:26:54] Step 10: New local search point (0,000;0,000)
[11.11.2015 22:26:54] Step 11: Iteration end.
[11.11.2015 22:26:54] Step 2: ITERATION number 17
[11.11.2015 22:26:54] Step 5: Sk = 
[11.11.2015 22:26:54] Step 6: Yk = 
[11.11.2015 22:26:54] Step 7: Quasi-Newton matrix: 

[11.11.2015 22:26:54] Step 8: Search vector: (0,000;0,000)
[11.11.2015 22:26:54] DSK method started!
[11.11.2015 22:26:54] Step 1: f(alpha)=32,5602, f(alpha + h)=32,9657; k=0;
[11.11.2015 22:26:54] Step 3: a=0,1131, b=0,1331; Go to step 6!
[11.11.2015 22:26:54] Step 6: Interval is: [0,1131 ; 0,1331]
[11.11.2015 22:26:54] Dichotomy method has been started!
[11.11.2015 22:26:54] Counting: delta = eps / 10 = 0,001
[11.11.2015 22:26:54] Step 1: counting alpha_1 = 0,1221, alpha_2 = 0,1241
[11.11.2015 22:26:54] Step 3: f(0,1221) = 32,7836 > f(0,1241) = 32,3820; a = alpha_1 = 0,1221.
[11.11.2015 22:26:54] Step 4: (b-a)/2 = 0,0055 < eps = 0,0100; STOP SEARCHING!
[11.11.2015 22:26:54] Iter 0: Answer is in the range: [0,1221; 0,1331]
[11.11.2015 22:26:54] Step 5: alpha_end = (a+b)/2; Minimum x* is: 0,1276
[11.11.2015 22:26:54] Step 9: Quasi-Newton matrix: 

[11.11.2015 22:26:54] Step 10: New local search point (0,000;0,000)
[11.11.2015 22:26:54] Step 11: Iteration end.
[11.11.2015 22:26:54] Step 2: ITERATION number 18
[11.11.2015 22:26:54] Step 5: Sk = 
[11.11.2015 22:26:54] Step 6: Yk = 
[11.11.2015 22:26:54] Step 7: Quasi-Newton matrix: 

[11.11.2015 22:26:54] Step 8: Search vector: (0,000;0,000)
[11.11.2015 22:26:54] DSK method started!
[11.11.2015 22:26:54] Step 1: f(alpha)=32,1271, f(alpha + h)=34,8784; k=0;
[11.11.2015 22:26:54] Step 3: a=0,1176, b=0,1376; Go to step 6!
[11.11.2015 22:26:54] Step 6: Interval is: [0,1176 ; 0,1376]
[11.11.2015 22:26:54] Dichotomy method has been started!
[11.11.2015 22:26:54] Counting: delta = eps / 10 = 0,001
[11.11.2015 22:26:54] Step 1: counting alpha_1 = 0,1266, alpha_2 = 0,1286
[11.11.2015 22:26:54] Step 3: f(0,1266) = 32,1400 <= f(0,1286) = 32,1636; b = alpha_2 = 0,1286.
[11.11.2015 22:26:55] Step 4: (b-a)/2 = 0,0055 < eps = 0,0100; STOP SEARCHING!
[11.11.2015 22:26:55] Iter 0: Answer is in the range: [0,1176; 0,1286]
[11.11.2015 22:26:55] Step 5: alpha_end = (a+b)/2; Minimum x* is: 0,1231
[11.11.2015 22:26:55] Step 9: Quasi-Newton matrix: 

[11.11.2015 22:26:55] Step 10: New local search point (0,000;0,000)
[11.11.2015 22:26:55] Step 11: Iteration end.
[11.11.2015 22:26:55] Step 2: ITERATION number 19
[11.11.2015 22:26:55] Step 5: Sk = 
[11.11.2015 22:26:55] Step 6: Yk = 
[11.11.2015 22:26:55] Step 7: Quasi-Newton matrix: 

[11.11.2015 22:26:55] Step 8: Search vector: (0,000;0,000)
[11.11.2015 22:26:55] DSK method started!
[11.11.2015 22:26:55] Step 1: f(alpha)=32,5602, f(alpha + h)=32,9657; k=0;
[11.11.2015 22:26:55] Step 3: a=0,1131, b=0,1331; Go to step 6!
[11.11.2015 22:26:55] Step 6: Interval is: [0,1131 ; 0,1331]
[11.11.2015 22:26:55] Dichotomy method has been started!
[11.11.2015 22:26:55] Counting: delta = eps / 10 = 0,001
[11.11.2015 22:26:55] Step 1: counting alpha_1 = 0,1221, alpha_2 = 0,1241
[11.11.2015 22:26:55] Step 3: f(0,1221) = 32,7836 > f(0,1241) = 32,3820; a = alpha_1 = 0,1221.
[11.11.2015 22:26:55] Step 4: (b-a)/2 = 0,0055 < eps = 0,0100; STOP SEARCHING!
[11.11.2015 22:26:55] Iter 0: Answer is in the range: [0,1221; 0,1331]
[11.11.2015 22:26:55] Step 5: alpha_end = (a+b)/2; Minimum x* is: 0,1276
[11.11.2015 22:26:55] Step 9: Quasi-Newton matrix: 

[11.11.2015 22:26:55] Step 10: New local search point (0,000;0,000)
[11.11.2015 22:26:55] Step 11: Iteration end.
[11.11.2015 22:26:55] Step 2: ITERATION number 20
[11.11.2015 22:26:55] Step 5: Sk = 
[11.11.2015 22:26:55] Step 6: Yk = 
[11.11.2015 22:26:55] Step 7: Quasi-Newton matrix: 

[11.11.2015 22:26:55] Step 8: Search vector: (0,000;0,000)
[11.11.2015 22:26:55] DSK method started!
[11.11.2015 22:26:55] Step 1: f(alpha)=32,1271, f(alpha + h)=34,8784; k=0;
[11.11.2015 22:26:55] Step 3: a=0,1176, b=0,1376; Go to step 6!
[11.11.2015 22:26:55] Step 6: Interval is: [0,1176 ; 0,1376]
[11.11.2015 22:26:55] Dichotomy method has been started!
[11.11.2015 22:26:55] Counting: delta = eps / 10 = 0,001
[11.11.2015 22:26:55] Step 1: counting alpha_1 = 0,1266, alpha_2 = 0,1286
[11.11.2015 22:26:55] Step 3: f(0,1266) = 32,1400 <= f(0,1286) = 32,1636; b = alpha_2 = 0,1286.
[11.11.2015 22:26:55] Step 4: (b-a)/2 = 0,0055 < eps = 0,0100; STOP SEARCHING!
[11.11.2015 22:26:55] Iter 0: Answer is in the range: [0,1176; 0,1286]
[11.11.2015 22:26:55] Step 5: alpha_end = (a+b)/2; Minimum x* is: 0,1231
[11.11.2015 22:26:55] Step 9: Quasi-Newton matrix: 

[11.11.2015 22:26:55] Step 10: New local search point (0,000;0,000)
[11.11.2015 22:26:55] Step 11: Iteration end.
[11.11.2015 22:26:55] Step 2: ITERATION number 21
[11.11.2015 22:26:55] Step 5: Sk = 
[11.11.2015 22:26:55] Step 6: Yk = 
[11.11.2015 22:26:55] Step 7: Quasi-Newton matrix: 

[11.11.2015 22:26:55] Step 8: Search vector: (0,000;0,000)
[11.11.2015 22:26:55] DSK method started!
[11.11.2015 22:26:55] Step 1: f(alpha)=32,5602, f(alpha + h)=32,9657; k=0;
[11.11.2015 22:26:55] Step 3: a=0,1131, b=0,1331; Go to step 6!
[11.11.2015 22:26:55] Step 6: Interval is: [0,1131 ; 0,1331]
[11.11.2015 22:26:55] Dichotomy method has been started!
[11.11.2015 22:26:55] Counting: delta = eps / 10 = 0,001
[11.11.2015 22:26:55] Step 1: counting alpha_1 = 0,1221, alpha_2 = 0,1241
[11.11.2015 22:26:55] Step 3: f(0,1221) = 32,7836 > f(0,1241) = 32,3820; a = alpha_1 = 0,1221.
[11.11.2015 22:26:55] Step 4: (b-a)/2 = 0,0055 < eps = 0,0100; STOP SEARCHING!
[11.11.2015 22:26:55] Iter 0: Answer is in the range: [0,1221; 0,1331]
[11.11.2015 22:26:55] Step 5: alpha_end = (a+b)/2; Minimum x* is: 0,1276
[11.11.2015 22:26:55] Step 9: Quasi-Newton matrix: 

[11.11.2015 22:26:55] Step 10: New local search point (0,000;0,000)
[11.11.2015 22:26:55] Step 11: Iteration end.
[11.11.2015 22:26:55] Step 2: ITERATION number 22
[11.11.2015 22:26:55] Step 5: Sk = 
[11.11.2015 22:26:55] Step 6: Yk = 
[11.11.2015 22:26:55] Step 7: Quasi-Newton matrix: 

[11.11.2015 22:26:55] Step 8: Search vector: (0,000;0,000)
[11.11.2015 22:26:55] DSK method started!
[11.11.2015 22:26:55] Step 1: f(alpha)=32,1271, f(alpha + h)=34,8784; k=0;
[11.11.2015 22:26:55] Step 3: a=0,1176, b=0,1376; Go to step 6!
[11.11.2015 22:26:55] Step 6: Interval is: [0,1176 ; 0,1376]
[11.11.2015 22:26:55] Dichotomy method has been started!
[11.11.2015 22:26:55] Counting: delta = eps / 10 = 0,001
[11.11.2015 22:26:55] Step 1: counting alpha_1 = 0,1266, alpha_2 = 0,1286
[11.11.2015 22:26:55] Step 3: f(0,1266) = 32,1400 <= f(0,1286) = 32,1636; b = alpha_2 = 0,1286.
[11.11.2015 22:26:55] Step 4: (b-a)/2 = 0,0055 < eps = 0,0100; STOP SEARCHING!
[11.11.2015 22:26:55] Iter 0: Answer is in the range: [0,1176; 0,1286]
[11.11.2015 22:26:55] Step 5: alpha_end = (a+b)/2; Minimum x* is: 0,1231
[11.11.2015 22:26:55] Step 9: Quasi-Newton matrix: 

[11.11.2015 22:26:55] Step 10: New local search point (0,000;0,000)
[11.11.2015 22:26:55] Step 11: Iteration end.
[11.11.2015 22:26:55] Step 2: ITERATION number 23
[11.11.2015 22:26:55] Step 5: Sk = 
[11.11.2015 22:26:55] Step 6: Yk = 
[11.11.2015 22:26:55] Step 7: Quasi-Newton matrix: 

[11.11.2015 22:26:55] Step 8: Search vector: (0,000;0,000)
[11.11.2015 22:26:55] DSK method started!
[11.11.2015 22:26:55] Step 1: f(alpha)=32,5602, f(alpha + h)=32,9657; k=0;
[11.11.2015 22:26:55] Step 3: a=0,1131, b=0,1331; Go to step 6!
[11.11.2015 22:26:55] Step 6: Interval is: [0,1131 ; 0,1331]
[11.11.2015 22:26:55] Dichotomy method has been started!
[11.11.2015 22:26:55] Counting: delta = eps / 10 = 0,001
[11.11.2015 22:26:55] Step 1: counting alpha_1 = 0,1221, alpha_2 = 0,1241
[11.11.2015 22:26:55] Step 3: f(0,1221) = 32,7836 > f(0,1241) = 32,3820; a = alpha_1 = 0,1221.
[11.11.2015 22:26:55] Step 4: (b-a)/2 = 0,0055 < eps = 0,0100; STOP SEARCHING!
[11.11.2015 22:26:55] Iter 0: Answer is in the range: [0,1221; 0,1331]
[11.11.2015 22:26:55] Step 5: alpha_end = (a+b)/2; Minimum x* is: 0,1276
[11.11.2015 22:26:55] Step 9: Quasi-Newton matrix: 

[11.11.2015 22:26:55] Step 10: New local search point (0,000;0,000)
[11.11.2015 22:26:55] Step 11: Iteration end.
[11.11.2015 22:26:55] Step 2: ITERATION number 24
[11.11.2015 22:26:55] Step 5: Sk = 
[11.11.2015 22:26:55] Step 6: Yk = 
[11.11.2015 22:26:55] Step 7: Quasi-Newton matrix: 

[11.11.2015 22:26:55] Step 8: Search vector: (0,000;0,000)
[11.11.2015 22:26:55] DSK method started!
[11.11.2015 22:26:55] Step 1: f(alpha)=32,1271, f(alpha + h)=34,8784; k=0;
[11.11.2015 22:26:55] Step 3: a=0,1176, b=0,1376; Go to step 6!
[11.11.2015 22:26:55] Step 6: Interval is: [0,1176 ; 0,1376]
[11.11.2015 22:26:55] Dichotomy method has been started!
[11.11.2015 22:26:55] Counting: delta = eps / 10 = 0,001
[11.11.2015 22:26:55] Step 1: counting alpha_1 = 0,1266, alpha_2 = 0,1286
[11.11.2015 22:26:55] Step 3: f(0,1266) = 32,1400 <= f(0,1286) = 32,1636; b = alpha_2 = 0,1286.
[11.11.2015 22:26:55] Step 4: (b-a)/2 = 0,0055 < eps = 0,0100; STOP SEARCHING!
[11.11.2015 22:26:55] Iter 0: Answer is in the range: [0,1176; 0,1286]
[11.11.2015 22:26:55] Step 5: alpha_end = (a+b)/2; Minimum x* is: 0,1231
[11.11.2015 22:26:55] Step 9: Quasi-Newton matrix: 

[11.11.2015 22:26:55] Step 10: New local search point (0,000;0,000)
[11.11.2015 22:26:55] Step 11: Iteration end.
[11.11.2015 22:26:55] Step 2: ITERATION number 25
[11.11.2015 22:26:55] Step 5: Sk = 
[11.11.2015 22:26:55] Step 6: Yk = 
[11.11.2015 22:26:55] Step 7: Quasi-Newton matrix: 

[11.11.2015 22:26:55] Step 8: Search vector: (0,000;0,000)
[11.11.2015 22:26:55] DSK method started!
[11.11.2015 22:26:55] Step 1: f(alpha)=32,5602, f(alpha + h)=32,9657; k=0;
[11.11.2015 22:26:55] Step 3: a=0,1131, b=0,1331; Go to step 6!
[11.11.2015 22:26:55] Step 6: Interval is: [0,1131 ; 0,1331]
[11.11.2015 22:26:55] Dichotomy method has been started!
[11.11.2015 22:26:55] Counting: delta = eps / 10 = 0,001
[11.11.2015 22:26:55] Step 1: counting alpha_1 = 0,1221, alpha_2 = 0,1241
[11.11.2015 22:26:56] Step 3: f(0,1221) = 32,7836 > f(0,1241) = 32,3820; a = alpha_1 = 0,1221.
[11.11.2015 22:26:56] Step 4: (b-a)/2 = 0,0055 < eps = 0,0100; STOP SEARCHING!
[11.11.2015 22:26:56] Iter 0: Answer is in the range: [0,1221; 0,1331]
[11.11.2015 22:26:56] Step 5: alpha_end = (a+b)/2; Minimum x* is: 0,1276
[11.11.2015 22:26:56] Step 9: Quasi-Newton matrix: 

[11.11.2015 22:26:56] Step 10: New local search point (0,000;0,000)
[11.11.2015 22:26:56] Step 11: Iteration end.
[11.11.2015 22:26:56] Step 2: ITERATION number 26
[11.11.2015 22:26:56] Step 5: Sk = 
[11.11.2015 22:26:56] Step 6: Yk = 
[11.11.2015 22:26:56] Step 7: Quasi-Newton matrix: 

[11.11.2015 22:26:56] Step 8: Search vector: (0,000;0,000)
[11.11.2015 22:26:56] DSK method started!
[11.11.2015 22:26:56] Step 1: f(alpha)=32,1271, f(alpha + h)=34,8784; k=0;
[11.11.2015 22:26:56] Step 3: a=0,1176, b=0,1376; Go to step 6!
[11.11.2015 22:26:56] Step 6: Interval is: [0,1176 ; 0,1376]
[11.11.2015 22:26:56] Dichotomy method has been started!
[11.11.2015 22:26:56] Counting: delta = eps / 10 = 0,001
[11.11.2015 22:26:56] Step 1: counting alpha_1 = 0,1266, alpha_2 = 0,1286
[11.11.2015 22:26:56] Step 3: f(0,1266) = 32,1400 <= f(0,1286) = 32,1636; b = alpha_2 = 0,1286.
[11.11.2015 22:26:56] Step 4: (b-a)/2 = 0,0055 < eps = 0,0100; STOP SEARCHING!
[11.11.2015 22:26:56] Iter 0: Answer is in the range: [0,1176; 0,1286]
[11.11.2015 22:26:56] Step 5: alpha_end = (a+b)/2; Minimum x* is: 0,1231
[11.11.2015 22:26:56] Step 9: Quasi-Newton matrix: 

[11.11.2015 22:26:56] Step 10: New local search point (0,000;0,000)
[11.11.2015 22:26:56] Step 11: Iteration end.
[11.11.2015 22:26:56] Step 2: ITERATION number 27
[11.11.2015 22:26:56] Step 5: Sk = 
[11.11.2015 22:26:56] Step 6: Yk = 
[11.11.2015 22:26:56] Step 7: Quasi-Newton matrix: 

[11.11.2015 22:26:56] Step 8: Search vector: (0,000;0,000)
[11.11.2015 22:26:56] DSK method started!
[11.11.2015 22:26:56] Step 1: f(alpha)=32,5602, f(alpha + h)=32,9657; k=0;
[11.11.2015 22:26:56] Step 3: a=0,1131, b=0,1331; Go to step 6!
[11.11.2015 22:26:56] Step 6: Interval is: [0,1131 ; 0,1331]
[11.11.2015 22:26:56] Dichotomy method has been started!
[11.11.2015 22:26:56] Counting: delta = eps / 10 = 0,001
[11.11.2015 22:26:56] Step 1: counting alpha_1 = 0,1221, alpha_2 = 0,1241
[11.11.2015 22:26:56] Step 3: f(0,1221) = 32,7836 > f(0,1241) = 32,3820; a = alpha_1 = 0,1221.
[11.11.2015 22:26:56] Step 4: (b-a)/2 = 0,0055 < eps = 0,0100; STOP SEARCHING!
[11.11.2015 22:26:56] Iter 0: Answer is in the range: [0,1221; 0,1331]
[11.11.2015 22:26:56] Step 5: alpha_end = (a+b)/2; Minimum x* is: 0,1276
[11.11.2015 22:26:56] Step 9: Quasi-Newton matrix: 

[11.11.2015 22:26:56] Step 10: New local search point (0,000;0,000)
[11.11.2015 22:26:56] Step 11: Iteration end.
[11.11.2015 22:26:56] Step 2: ITERATION number 28
[11.11.2015 22:26:56] Step 5: Sk = 
[11.11.2015 22:26:56] Step 6: Yk = 
[11.11.2015 22:26:56] Step 7: Quasi-Newton matrix: 

[11.11.2015 22:26:56] Step 8: Search vector: (0,000;0,000)
[11.11.2015 22:26:56] DSK method started!
[11.11.2015 22:26:56] Step 1: f(alpha)=32,1271, f(alpha + h)=34,8784; k=0;
[11.11.2015 22:26:56] Step 3: a=0,1176, b=0,1376; Go to step 6!
[11.11.2015 22:26:56] Step 6: Interval is: [0,1176 ; 0,1376]
[11.11.2015 22:26:56] Dichotomy method has been started!
[11.11.2015 22:26:56] Counting: delta = eps / 10 = 0,001
[11.11.2015 22:26:56] Step 1: counting alpha_1 = 0,1266, alpha_2 = 0,1286
[11.11.2015 22:26:56] Step 3: f(0,1266) = 32,1400 <= f(0,1286) = 32,1636; b = alpha_2 = 0,1286.
[11.11.2015 22:26:56] Step 4: (b-a)/2 = 0,0055 < eps = 0,0100; STOP SEARCHING!
[11.11.2015 22:26:56] Iter 0: Answer is in the range: [0,1176; 0,1286]
[11.11.2015 22:26:56] Step 5: alpha_end = (a+b)/2; Minimum x* is: 0,1231
[11.11.2015 22:26:56] Step 9: Quasi-Newton matrix: 

[11.11.2015 22:26:56] Step 10: New local search point (0,000;0,000)
[11.11.2015 22:26:56] Step 11: Iteration end.
[11.11.2015 22:26:56] Step 2: ITERATION number 29
[11.11.2015 22:26:56] Step 5: Sk = 
[11.11.2015 22:26:56] Step 6: Yk = 
[11.11.2015 22:26:56] Step 7: Quasi-Newton matrix: 

[11.11.2015 22:26:56] Step 8: Search vector: (0,000;0,000)
[11.11.2015 22:26:56] DSK method started!
[11.11.2015 22:26:56] Step 1: f(alpha)=32,5602, f(alpha + h)=32,9657; k=0;
[11.11.2015 22:26:56] Step 3: a=0,1131, b=0,1331; Go to step 6!
[11.11.2015 22:26:56] Step 6: Interval is: [0,1131 ; 0,1331]
