[11.11.2015 23:58:15] DFP method started
[11.11.2015 23:58:15] Input data. Start point DenseMatrix 2x1-Double
0
0
, epsilon 0,01000
[11.11.2015 23:58:15] Step 1: K = 0
[11.11.2015 23:58:15] Step 2: ITERATION number 0
[11.11.2015 23:58:15] Step 4: K==0, go to step 8.
[11.11.2015 23:58:16] Step 8: Search vector: DenseMatrix 2x1-Double
 16,003
23,2396

[11.11.2015 23:58:16] DSK method started!
[11.11.2015 23:58:16] Step 1: f(alpha)=636,8185, f(alpha + h)=909,9114; k=0;
[11.11.2015 23:58:16] Step 3: b=0,0954, alpha1=0,1054, h=-0,0100, k=2.
[11.11.2015 23:58:16] Step 4: alphak=0,0754
[11.11.2015 23:58:16] Step 5: h > 0; b=alpha(k-1)=0,0854
[11.11.2015 23:58:16] k = k + 1 = 3; Go to step 4!
[11.11.2015 23:58:16] Step 4: alphak=0,0554
[11.11.2015 23:58:16] Step 5: h > 0; b=alpha(k-1)=0,0754
[11.11.2015 23:58:16] k = k + 1 = 4; Go to step 4!
[11.11.2015 23:58:16] Step 4: alphak=0,0154
[11.11.2015 23:58:16] Step 5: h > 0; b=alpha(k-1)=0,0554
[11.11.2015 23:58:16] k = k + 1 = 5; Go to step 4!
[11.11.2015 23:58:16] Step 4: alphak=-0,0646
[11.11.2015 23:58:16] Step 5: h < 0; a=alphak-0,0646
[11.11.2015 23:58:16] Step 6: Interval is: [-0,0646 ; 0,0554]
[11.11.2015 23:58:16] Dichotomy method has been started!
[11.11.2015 23:58:17] Counting: delta = eps / 10 = 0,001
[11.11.2015 23:58:17] Step 1: counting alpha_1 = -0,0056, alpha_2 = -0,0036
[11.11.2015 23:58:17] Step 3: f(-0,0056) = 52,9364 > f(-0,0036) = 48,9469; a = alpha_1 = -0,0056.
[11.11.2015 23:58:17] Iter 0: Answer is in the range: [-0,0056; 0,0554]
[11.11.2015 23:58:17] Step 1: counting alpha_1 = 0,0239, alpha_2 = 0,0259
[11.11.2015 23:58:17] Step 3: f(0,0239) = 9,6707 > f(0,0259) = 9,1270; a = alpha_1 = 0,0239.
[11.11.2015 23:58:17] Iter 1: Answer is in the range: [0,0239; 0,0554]
[11.11.2015 23:58:17] Step 1: counting alpha_1 = 0,0387, alpha_2 = 0,0407
[11.11.2015 23:58:17] Step 3: f(0,0387) = 19,0636 <= f(0,0407) = 23,1611; b = alpha_2 = 0,0407.
[11.11.2015 23:58:17] Step 4: (b-a)/2 = 0,0084 < eps = 0,0100; STOP SEARCHING!
[11.11.2015 23:58:17] Iter 2: Answer is in the range: [0,0239; 0,0407]
[11.11.2015 23:58:17] Step 5: alpha_end = (a+b)/2; Minimum x* is: 0,0323
[11.11.2015 23:58:17] Step 9: New alpha 0,0322950029373169
[11.11.2015 23:58:17] Step 10: New local search point DenseMatrix 2x1-Double
0,516815
0,750523

[11.11.2015 23:58:17] Step 11: Iteration end.
[11.11.2015 23:58:17] Step 2: ITERATION number 1
[11.11.2015 23:58:17] Step 5: Sk = DenseMatrix 2x1-Double
0,516815
0,750523

[11.11.2015 23:58:17] Step 6: Yk = DenseMatrix 2x1-Double
-18,3736
-15,5912

[11.11.2015 23:58:17] Step 7: Quasi-Newton matrix: 
DenseMatrix 2x2-Double
2,40688E+12  -2,83642E+12
3,49529E+12  -4,11907E+12

[11.11.2015 23:58:17] Step 8: Search vector: DenseMatrix 2x1-Double
-2,82633E+13
-4,10442E+13

[11.11.2015 23:58:17] DSK method started!
[11.11.2015 23:58:17] Step 1: f(alpha)=8179089183450030000000000000000000000000000000000000000000000000000000000000000000000000000000000000000000000000000000000000000000000000000000,0000, f(alpha + h)=24061343215163700000000000000000000000000000000000000000000000000000000000000000000000000000000000000000000000000000000000000000000000000000000,0000; k=0;
[11.11.2015 23:58:17] Step 3: b=0,0323, alpha1=0,0423, h=-0,0100, k=2.
[11.11.2015 23:58:17] Step 4: alphak=0,0123
[11.11.2015 23:58:17] Step 5: h > 0; b=alpha(k-1)=0,0223
[11.11.2015 23:58:17] k = k + 1 = 3; Go to step 4!
[11.11.2015 23:58:17] Step 4: alphak=-0,0077
[11.11.2015 23:58:17] Step 5: h > 0; b=alpha(k-1)=0,0123
[11.11.2015 23:58:17] k = k + 1 = 4; Go to step 4!
[11.11.2015 23:58:17] Step 4: alphak=-0,0477
[11.11.2015 23:58:17] Step 5: h < 0; a=alphak-0,0477
[11.11.2015 23:58:17] Step 6: Interval is: [-0,0477 ; 0,0123]
[11.11.2015 23:58:17] Dichotomy method has been started!
[11.11.2015 23:58:17] Counting: delta = eps / 10 = 0,001
[11.11.2015 23:58:17] Step 1: counting alpha_1 = -0,0187, alpha_2 = -0,0167
[11.11.2015 23:58:17] Step 3: f(-0,0187) = 920437295166969000000000000000000000000000000000000000000000000000000000000000000000000000000000000000000000000000000000000000000000000000000,0000 > f(-0,0167) = 585530125769356000000000000000000000000000000000000000000000000000000000000000000000000000000000000000000000000000000000000000000000000000000,0000; a = alpha_1 = -0,0187.
[11.11.2015 23:58:17] Iter 0: Answer is in the range: [-0,0187; 0,0123]
[11.11.2015 23:58:17] Step 1: counting alpha_1 = -0,0042, alpha_2 = -0,0022
[11.11.2015 23:58:17] Step 3: f(-0,0042) = 2350858109452980000000000000000000000000000000000000000000000000000000000000000000000000000000000000000000000000000000000000000000000000000,0000 > f(-0,0022) = 177744303613809000000000000000000000000000000000000000000000000000000000000000000000000000000000000000000000000000000000000000000000000000,0000; a = alpha_1 = -0,0042.
[11.11.2015 23:58:17] Step 4: (b-a)/2 = 0,0083 < eps = 0,0100; STOP SEARCHING!
[11.11.2015 23:58:17] Iter 1: Answer is in the range: [-0,0042; 0,0123]
[11.11.2015 23:58:17] Step 5: alpha_end = (a+b)/2; Minimum x* is: 0,0040
[11.11.2015 23:58:17] Step 9: New alpha 0,00404500293731689
[11.11.2015 23:58:17] Step 10: New local search point DenseMatrix 2x1-Double
-1,14325E+11
-1,66024E+11

[11.11.2015 23:58:17] Step 11: Iteration end.
[11.11.2015 23:58:17] Step 2: ITERATION number 2
[11.11.2015 23:58:17] Step 5: Sk = DenseMatrix 2x1-Double
-1,14325E+11
-1,66024E+11

[11.11.2015 23:58:17] Step 6: Yk = DenseMatrix 2x1-Double
-5,99352E+33
-1,83331E+34

[11.11.2015 23:58:17] Step 7: Quasi-Newton matrix: 
DenseMatrix 2x2-Double
6,80493E+12  -2,83642E+12
3,49529E+12   2,78979E+11

[11.11.2015 23:58:17] Step 8: Search vector: DenseMatrix 2x1-Double
-1,12149E+46
 2,60637E+46

[11.11.2015 23:58:17] DSK method started!
[11.11.2015 23:58:17] Step 1: f(alpha)=127778082255130000000000000000000000000000000000000000000000000000000000000000000000000000000000000000000000000000000000000000000000000000000000000000000000000000000000000000000,0000, f(alpha + h)=127778082255130000000000000000000000000000000000000000000000000000000000000000000000000000000000000000000000000000000000000000000000000000000000000000000000000000000000000000000,0000; k=0;
[11.11.2015 23:58:17] Step 3: a=-0,0060, b=0,0140; Go to step 6!
[11.11.2015 23:58:17] Step 6: Interval is: [-0,0060 ; 0,0140]
[11.11.2015 23:58:17] Dichotomy method has been started!
[11.11.2015 23:58:17] Counting: delta = eps / 10 = 0,001
[11.11.2015 23:58:17] Step 1: counting alpha_1 = 0,0030, alpha_2 = 0,0050
[11.11.2015 23:58:17] Step 3: f(0,0030) = 127778082255130000000000000000000000000000000000000000000000000000000000000000000000000000000000000000000000000000000000000000000000000000000000000000000000000000000000000000000,0000 <= f(0,0050) = 127778082255130000000000000000000000000000000000000000000000000000000000000000000000000000000000000000000000000000000000000000000000000000000000000000000000000000000000000000000,0000; b = alpha_2 = 0,0050.
[11.11.2015 23:58:17] Step 4: (b-a)/2 = 0,0055 < eps = 0,0100; STOP SEARCHING!
[11.11.2015 23:58:17] Iter 0: Answer is in the range: [-0,0060; 0,0050]
[11.11.2015 23:58:17] Step 5: alpha_end = (a+b)/2; Minimum x* is: -0,0005
[11.11.2015 23:58:17] Step 9: New alpha -0,000454997062683107
[11.11.2015 23:58:17] Step 10: New local search point DenseMatrix 2x1-Double
 5,10277E+42
-1,18589E+43

[11.11.2015 23:58:17] Step 11: Iteration end.
[11.11.2015 23:58:17] Step 2: ITERATION number 3
[11.11.2015 23:58:17] Step 3: End of searching. Final values: Function = 2,04557483604901E+172, Point = DenseMatrix 2x1-Double
 5,10277E+42
-1,18589E+43
. Go to step 12.
[11.11.2015 23:58:17] Step 12: Search is done!
