[11.11.2015 23:48:30] DFP method started
[11.11.2015 23:48:30] Input data. Start point DenseMatrix 2x1-Double
0
0
, epsilon 0,01000
[11.11.2015 23:48:30] Step 1: K = 0
[11.11.2015 23:48:30] Step 2: ITERATION number 0
[11.11.2015 23:48:30] Step 4: K==0, go to step 8.
[11.11.2015 23:48:32] Step 8: Search vector: DenseMatrix 2x1-Double
 16,003
23,2396

[11.11.2015 23:48:32] DSK method started!
[11.11.2015 23:48:32] Step 1: f(alpha)=636,8185, f(alpha + h)=909,9114; k=0;
[11.11.2015 23:48:32] Step 3: b=0,0954, alpha1=0,1054, h=-0,0100, k=2.
[11.11.2015 23:48:32] Step 4: alphak=0,0754
[11.11.2015 23:48:32] Step 5: h > 0; b=alpha(k-1)=0,0854
[11.11.2015 23:48:32] k = k + 1 = 3; Go to step 4!
[11.11.2015 23:48:32] Step 4: alphak=0,0554
[11.11.2015 23:48:32] Step 5: h > 0; b=alpha(k-1)=0,0754
[11.11.2015 23:48:32] k = k + 1 = 4; Go to step 4!
[11.11.2015 23:48:32] Step 4: alphak=0,0154
[11.11.2015 23:48:32] Step 5: h > 0; b=alpha(k-1)=0,0554
[11.11.2015 23:48:32] k = k + 1 = 5; Go to step 4!
[11.11.2015 23:48:32] Step 4: alphak=-0,0646
[11.11.2015 23:48:32] Step 5: h < 0; a=alphak-0,0646
[11.11.2015 23:48:32] Step 6: Interval is: [-0,0646 ; 0,0554]
[11.11.2015 23:48:32] Dichotomy method has been started!
[11.11.2015 23:48:32] Counting: delta = eps / 10 = 0,001
[11.11.2015 23:48:32] Step 1: counting alpha_1 = -0,0056, alpha_2 = -0,0036
[11.11.2015 23:48:32] Step 3: f(-0,0056) = 52,9364 > f(-0,0036) = 48,9469; a = alpha_1 = -0,0056.
[11.11.2015 23:48:32] Iter 0: Answer is in the range: [-0,0056; 0,0554]
[11.11.2015 23:48:32] Step 1: counting alpha_1 = 0,0239, alpha_2 = 0,0259
[11.11.2015 23:48:32] Step 3: f(0,0239) = 9,6707 > f(0,0259) = 9,1270; a = alpha_1 = 0,0239.
[11.11.2015 23:48:32] Iter 1: Answer is in the range: [0,0239; 0,0554]
[11.11.2015 23:48:32] Step 1: counting alpha_1 = 0,0387, alpha_2 = 0,0407
[11.11.2015 23:48:32] Step 3: f(0,0387) = 19,0636 <= f(0,0407) = 23,1611; b = alpha_2 = 0,0407.
[11.11.2015 23:48:32] Step 4: (b-a)/2 = 0,0084 < eps = 0,0100; STOP SEARCHING!
[11.11.2015 23:48:32] Iter 2: Answer is in the range: [0,0239; 0,0407]
[11.11.2015 23:48:32] Step 5: alpha_end = (a+b)/2; Minimum x* is: 0,0323
[11.11.2015 23:48:32] Step 9: New alpha 0,0322950029373169
[11.11.2015 23:48:32] Step 10: New local search point DenseMatrix 2x1-Double
0,516815
0,750523

[11.11.2015 23:48:32] Step 11: Iteration end.
[11.11.2015 23:48:32] Step 2: ITERATION number 1
[11.11.2015 23:48:32] Step 5: Sk = DenseMatrix 2x1-Double
0,516815
0,750523

[11.11.2015 23:48:32] Step 6: Yk = DenseMatrix 2x1-Double
-18,3736
-15,5912

[11.11.2015 23:48:32] Step 7: Quasi-Newton matrix: 
DenseMatrix 2x2-Double
2,40688E+12  -2,83642E+12
3,49529E+12  -4,11907E+12

[11.11.2015 23:48:32] Step 8: Search vector: DenseMatrix 2x1-Double
-2,82633E+13
-4,10442E+13

[11.11.2015 23:48:32] DSK method started!
[11.11.2015 23:48:32] Step 1: f(alpha)=8179089183450030000000000000000000000000000000000000000000000000000000000000000000000000000000000000000000000000000000000000000000000000000000,0000, f(alpha + h)=24061343215163700000000000000000000000000000000000000000000000000000000000000000000000000000000000000000000000000000000000000000000000000000000,0000; k=0;
[11.11.2015 23:48:32] Step 3: b=0,0323, alpha1=0,0423, h=-0,0100, k=2.
[11.11.2015 23:48:32] Step 4: alphak=0,0123
[11.11.2015 23:48:32] Step 5: h > 0; b=alpha(k-1)=0,0223
[11.11.2015 23:48:32] k = k + 1 = 3; Go to step 4!
[11.11.2015 23:48:32] Step 4: alphak=-0,0077
[11.11.2015 23:48:32] Step 5: h > 0; b=alpha(k-1)=0,0123
[11.11.2015 23:48:32] k = k + 1 = 4; Go to step 4!
[11.11.2015 23:48:32] Step 4: alphak=-0,0477
[11.11.2015 23:48:32] Step 5: h < 0; a=alphak-0,0477
[11.11.2015 23:48:32] Step 6: Interval is: [-0,0477 ; 0,0123]
[11.11.2015 23:48:32] Dichotomy method has been started!
[11.11.2015 23:48:32] Counting: delta = eps / 10 = 0,001
[11.11.2015 23:48:32] Step 1: counting alpha_1 = -0,0187, alpha_2 = -0,0167
[11.11.2015 23:48:32] Step 3: f(-0,0187) = 920437295166969000000000000000000000000000000000000000000000000000000000000000000000000000000000000000000000000000000000000000000000000000000,0000 > f(-0,0167) = 585530125769356000000000000000000000000000000000000000000000000000000000000000000000000000000000000000000000000000000000000000000000000000000,0000; a = alpha_1 = -0,0187.
[11.11.2015 23:48:32] Iter 0: Answer is in the range: [-0,0187; 0,0123]
[11.11.2015 23:48:32] Step 1: counting alpha_1 = -0,0042, alpha_2 = -0,0022
[11.11.2015 23:48:32] Step 3: f(-0,0042) = 2350858109452980000000000000000000000000000000000000000000000000000000000000000000000000000000000000000000000000000000000000000000000000000,0000 > f(-0,0022) = 177744303613809000000000000000000000000000000000000000000000000000000000000000000000000000000000000000000000000000000000000000000000000000,0000; a = alpha_1 = -0,0042.
[11.11.2015 23:48:32] Step 4: (b-a)/2 = 0,0083 < eps = 0,0100; STOP SEARCHING!
[11.11.2015 23:48:32] Iter 1: Answer is in the range: [-0,0042; 0,0123]
[11.11.2015 23:48:32] Step 5: alpha_end = (a+b)/2; Minimum x* is: 0,0040
[11.11.2015 23:48:32] Step 9: New alpha 0,00404500293731689
[11.11.2015 23:48:32] Step 10: New local search point DenseMatrix 2x1-Double
-1,14325E+11
-1,66024E+11

[11.11.2015 23:48:32] Step 11: Iteration end.
[11.11.2015 23:48:32] Step 2: ITERATION number 2
[11.11.2015 23:48:32] Step 5: Sk = DenseMatrix 2x1-Double
-1,14325E+11
-1,66024E+11

[11.11.2015 23:48:32] Step 6: Yk = DenseMatrix 2x1-Double
-5,99352E+33
-1,83331E+34

[11.11.2015 23:48:32] Step 7: Quasi-Newton matrix: 
DenseMatrix 2x2-Double
6,80493E+12  -2,83642E+12
3,49529E+12   2,78979E+11

[11.11.2015 23:48:32] Step 8: Search vector: DenseMatrix 2x1-Double
-1,12149E+46
 2,60637E+46

[11.11.2015 23:48:32] DSK method started!
[11.11.2015 23:48:32] Step 1: f(alpha)=127778082255130000000000000000000000000000000000000000000000000000000000000000000000000000000000000000000000000000000000000000000000000000000000000000000000000000000000000000000,0000, f(alpha + h)=127778082255130000000000000000000000000000000000000000000000000000000000000000000000000000000000000000000000000000000000000000000000000000000000000000000000000000000000000000000,0000; k=0;
[11.11.2015 23:48:32] Step 3: a=-0,0060, b=0,0140; Go to step 6!
[11.11.2015 23:48:32] Step 6: Interval is: [-0,0060 ; 0,0140]
[11.11.2015 23:48:32] Dichotomy method has been started!
[11.11.2015 23:48:32] Counting: delta = eps / 10 = 0,001
[11.11.2015 23:48:32] Step 1: counting alpha_1 = 0,0030, alpha_2 = 0,0050
[11.11.2015 23:48:32] Step 3: f(0,0030) = 127778082255130000000000000000000000000000000000000000000000000000000000000000000000000000000000000000000000000000000000000000000000000000000000000000000000000000000000000000000,0000 <= f(0,0050) = 127778082255130000000000000000000000000000000000000000000000000000000000000000000000000000000000000000000000000000000000000000000000000000000000000000000000000000000000000000000,0000; b = alpha_2 = 0,0050.
[11.11.2015 23:48:32] Step 4: (b-a)/2 = 0,0055 < eps = 0,0100; STOP SEARCHING!
[11.11.2015 23:48:32] Iter 0: Answer is in the range: [-0,0060; 0,0050]
[11.11.2015 23:48:32] Step 5: alpha_end = (a+b)/2; Minimum x* is: -0,0005
[11.11.2015 23:48:32] Step 9: New alpha -0,000454997062683107
[11.11.2015 23:48:32] Step 10: New local search point DenseMatrix 2x1-Double
 5,10277E+42
-1,18589E+43

[11.11.2015 23:48:32] Step 11: Iteration end.
[11.11.2015 23:48:32] Step 2: ITERATION number 3
[11.11.2015 23:48:32] Step 3: End of searching. Final values: Function = 2,04557483604901E+172, Point = DenseMatrix 2x1-Double
 5,10277E+42
-1,18589E+43
. Go to step 12.
[11.11.2015 23:48:32] Step 12: Search is done!
[11.11.2015 23:50:38] DFP method started
[11.11.2015 23:50:38] Input data. Start point DenseMatrix 2x1-Double
1
1
, epsilon 0,01000
[11.11.2015 23:50:38] Step 1: K = 0
[11.11.2015 23:50:38] Step 2: ITERATION number 0
[11.11.2015 23:50:38] Step 4: K==0, go to step 8.
[11.11.2015 23:50:38] Step 8: Search vector: DenseMatrix 2x1-Double
45,9941
37,9977

[11.11.2015 23:50:38] DSK method started!
[11.11.2015 23:50:38] Step 1: f(alpha)=109,2127, f(alpha + h)=72,8562; k=0;
[11.11.2015 23:50:38] Step 2: a=-0,0005, alpha1=0,0095, k=2; Go to step 4!
[11.11.2015 23:50:38] Step 4: alphak=0,0195
[11.11.2015 23:50:38] Step 5: h > 0; a=alpha(k-1)=0,0095
[11.11.2015 23:50:38] k = k + 1 = 3; Go to step 4!
[11.11.2015 23:50:38] Step 4: alphak=0,0395
[11.11.2015 23:50:38] Step 5: h > 0; a=alpha(k-1)=0,0195
[11.11.2015 23:50:38] k = k + 1 = 4; Go to step 4!
[11.11.2015 23:50:38] Step 4: alphak=0,0795
[11.11.2015 23:50:38] Step 5: h > 0; b=alphak=0,0795
[11.11.2015 23:50:38] Step 6: Interval is: [0,0195 ; 0,0795]
[11.11.2015 23:50:38] Dichotomy method has been started!
[11.11.2015 23:50:38] Counting: delta = eps / 10 = 0,001
[11.11.2015 23:50:38] Step 1: counting alpha_1 = 0,0485, alpha_2 = 0,0505
[11.11.2015 23:50:38] Step 3: f(0,0485) = 21,5494 <= f(0,0505) = 29,3579; b = alpha_2 = 0,0505.
[11.11.2015 23:50:38] Iter 0: Answer is in the range: [0,0195; 0,0505]
[11.11.2015 23:50:38] Step 1: counting alpha_1 = 0,0340, alpha_2 = 0,0360
[11.11.2015 23:50:38] Step 3: f(0,0340) = 5,8818 > f(0,0360) = 4,4743; a = alpha_1 = 0,0340.
[11.11.2015 23:50:38] Step 4: (b-a)/2 = 0,0083 < eps = 0,0100; STOP SEARCHING!
[11.11.2015 23:50:38] Iter 1: Answer is in the range: [0,0340; 0,0505]
[11.11.2015 23:50:38] Step 5: alpha_end = (a+b)/2; Minimum x* is: 0,0423
[11.11.2015 23:50:38] Step 9: New alpha 0,0422950029373169
[11.11.2015 23:50:38] Step 10: New local search point DenseMatrix 2x1-Double
2,94532
2,60711

[11.11.2015 23:50:38] Step 11: Iteration end.
[11.11.2015 23:50:38] Step 2: ITERATION number 1
[11.11.2015 23:50:38] Step 5: Sk = DenseMatrix 2x1-Double
1,94532
1,60711

[11.11.2015 23:50:38] Step 6: Yk = DenseMatrix 2x1-Double
56,9048
68,8098

[11.11.2015 23:50:38] Step 7: Quasi-Newton matrix: 
DenseMatrix 2x2-Double
3,18775E+12  -2,63623E+12
2,63354E+12   -2,1779E+12

[11.11.2015 23:50:38] Step 8: Search vector: DenseMatrix 2x1-Double
 4,7651E+13
3,93666E+13

[11.11.2015 23:50:38] DSK method started!
[11.11.2015 23:50:38] Step 1: f(alpha)=4006815878299700000000000000000000000000000000000000000000000000000000000000000000000000000000000000000000000000000000000000000000000000000000000,0000, f(alpha + h)=9364485364033380000000000000000000000000000000000000000000000000000000000000000000000000000000000000000000000000000000000000000000000000000000000,0000; k=0;
[11.11.2015 23:50:38] Step 3: b=0,0423, alpha1=0,0523, h=-0,0100, k=2.
[11.11.2015 23:50:38] Step 4: alphak=0,0223
[11.11.2015 23:50:38] Step 5: h > 0; b=alpha(k-1)=0,0323
[11.11.2015 23:50:38] k = k + 1 = 3; Go to step 4!
[11.11.2015 23:50:38] Step 4: alphak=0,0023
[11.11.2015 23:50:38] Step 5: h > 0; b=alpha(k-1)=0,0223
[11.11.2015 23:50:38] k = k + 1 = 4; Go to step 4!
[11.11.2015 23:50:38] Step 4: alphak=-0,0377
[11.11.2015 23:50:38] Step 5: h < 0; a=alphak-0,0377
[11.11.2015 23:50:38] Step 6: Interval is: [-0,0377 ; 0,0223]
[11.11.2015 23:50:38] Dichotomy method has been started!
[11.11.2015 23:50:38] Counting: delta = eps / 10 = 0,001
[11.11.2015 23:50:38] Step 1: counting alpha_1 = -0,0087, alpha_2 = -0,0067
[11.11.2015 23:50:39] Step 3: f(-0,0087) = 7189814142219800000000000000000000000000000000000000000000000000000000000000000000000000000000000000000000000000000000000000000000000000000000,0000 > f(-0,0067) = 2530681650107590000000000000000000000000000000000000000000000000000000000000000000000000000000000000000000000000000000000000000000000000000000,0000; a = alpha_1 = -0,0087.
[11.11.2015 23:50:39] Iter 0: Answer is in the range: [-0,0087; 0,0223]
[11.11.2015 23:50:39] Step 1: counting alpha_1 = 0,0058, alpha_2 = 0,0078
[11.11.2015 23:50:39] Step 3: f(0,0058) = 1412075084149610000000000000000000000000000000000000000000000000000000000000000000000000000000000000000000000000000000000000000000000000000000,0000 <= f(0,0078) = 4622833811064400000000000000000000000000000000000000000000000000000000000000000000000000000000000000000000000000000000000000000000000000000000,0000; b = alpha_2 = 0,0078.
[11.11.2015 23:50:39] Step 4: (b-a)/2 = 0,0083 < eps = 0,0100; STOP SEARCHING!
[11.11.2015 23:50:39] Iter 1: Answer is in the range: [-0,0087; 0,0078]
[11.11.2015 23:50:39] Step 5: alpha_end = (a+b)/2; Minimum x* is: -0,0005
[11.11.2015 23:50:39] Step 9: New alpha -0,000454997062683104
[11.11.2015 23:50:39] Step 10: New local search point DenseMatrix 2x1-Double
-2,16811E+10
-1,79117E+10

[11.11.2015 23:50:39] Step 11: Iteration end.
[11.11.2015 23:50:39] Step 2: ITERATION number 2
[11.11.2015 23:50:39] Step 5: Sk = DenseMatrix 2x1-Double
-2,16811E+10
-1,79117E+10

[11.11.2015 23:50:39] Step 6: Yk = DenseMatrix 2x1-Double
-4,06414E+31
-2,29565E+31

[11.11.2015 23:50:39] Step 7: Quasi-Newton matrix: 
DenseMatrix 2x2-Double
NaN  NaN
NaN  NaN

[11.11.2015 23:50:39] Step 8: Search vector: DenseMatrix 2x1-Double
NaN
NaN

[11.11.2015 23:50:39] DSK method started!
[11.11.2015 23:50:39] Step 1: f(alpha)=NaN, f(alpha + h)=NaN; k=0;
[11.11.2015 23:50:39] Step 3: b=-0,0005, alpha1=0,0095, h=-0,0100, k=2.
[11.11.2015 23:50:39] Step 4: alphak=-0,0205
[11.11.2015 23:50:39] Step 5: h > 0; b=alpha(k-1)=-0,0105
[11.11.2015 23:50:39] k = k + 1 = 3; Go to step 4!
[11.11.2015 23:50:39] Step 4: alphak=-0,0405
[11.11.2015 23:50:39] Step 5: h > 0; b=alpha(k-1)=-0,0205
[11.11.2015 23:50:39] k = k + 1 = 4; Go to step 4!
[11.11.2015 23:50:39] Step 4: alphak=-0,0805
[11.11.2015 23:50:39] Step 5: h > 0; b=alpha(k-1)=-0,0405
[11.11.2015 23:50:39] k = k + 1 = 5; Go to step 4!
[11.11.2015 23:50:39] Step 4: alphak=-0,1605
[11.11.2015 23:50:39] Step 5: h > 0; b=alpha(k-1)=-0,0805
[11.11.2015 23:50:39] k = k + 1 = 6; Go to step 4!
[11.11.2015 23:50:39] Step 4: alphak=-0,3205
[11.11.2015 23:50:39] Step 5: h > 0; b=alpha(k-1)=-0,1605
[11.11.2015 23:50:39] k = k + 1 = 7; Go to step 4!
[11.11.2015 23:50:39] Step 4: alphak=-0,6405
[11.11.2015 23:50:39] Step 5: h > 0; b=alpha(k-1)=-0,3205
[11.11.2015 23:50:39] k = k + 1 = 8; Go to step 4!
[11.11.2015 23:50:39] Step 4: alphak=-1,2805
[11.11.2015 23:50:39] Step 5: h > 0; b=alpha(k-1)=-0,6405
[11.11.2015 23:50:39] k = k + 1 = 9; Go to step 4!
[11.11.2015 23:50:39] Step 4: alphak=-2,5605
[11.11.2015 23:50:39] Step 5: h > 0; b=alpha(k-1)=-1,2805
[11.11.2015 23:50:39] k = k + 1 = 10; Go to step 4!
[11.11.2015 23:50:39] Step 4: alphak=-5,1205
[11.11.2015 23:50:39] Step 5: h > 0; b=alpha(k-1)=-2,5605
[11.11.2015 23:50:39] k = k + 1 = 11; Go to step 4!
[11.11.2015 23:50:39] Step 4: alphak=-10,2405
[11.11.2015 23:50:39] Step 5: h > 0; b=alpha(k-1)=-5,1205
[11.11.2015 23:50:39] k = k + 1 = 12; Go to step 4!
[11.11.2015 23:50:39] Step 4: alphak=-20,4805
[11.11.2015 23:50:39] Step 5: h > 0; b=alpha(k-1)=-10,2405
[11.11.2015 23:50:39] k = k + 1 = 13; Go to step 4!
[11.11.2015 23:50:39] Step 4: alphak=-40,9605
[11.11.2015 23:50:39] Step 5: h > 0; b=alpha(k-1)=-20,4805
[11.11.2015 23:50:39] k = k + 1 = 14; Go to step 4!
[11.11.2015 23:50:39] Step 4: alphak=-81,9205
[11.11.2015 23:50:39] Step 5: h > 0; b=alpha(k-1)=-40,9605
[11.11.2015 23:50:39] k = k + 1 = 15; Go to step 4!
[11.11.2015 23:50:39] Step 4: alphak=-163,8405
[11.11.2015 23:50:39] Step 5: h > 0; b=alpha(k-1)=-81,9205
[11.11.2015 23:50:39] k = k + 1 = 16; Go to step 4!
[11.11.2015 23:50:39] Step 4: alphak=-327,6805
[11.11.2015 23:50:39] Step 5: h > 0; b=alpha(k-1)=-163,8405
[11.11.2015 23:50:39] k = k + 1 = 17; Go to step 4!
[11.11.2015 23:50:39] Step 4: alphak=-655,3605
[11.11.2015 23:50:39] Step 5: h > 0; b=alpha(k-1)=-327,6805
[11.11.2015 23:50:39] k = k + 1 = 18; Go to step 4!
[11.11.2015 23:50:39] Step 4: alphak=-1310,7205
[11.11.2015 23:50:39] Step 5: h > 0; b=alpha(k-1)=-655,3605
[11.11.2015 23:50:39] k = k + 1 = 19; Go to step 4!
[11.11.2015 23:50:39] Step 4: alphak=-2621,4405
[11.11.2015 23:50:39] Step 5: h > 0; b=alpha(k-1)=-1310,7205
[11.11.2015 23:50:39] k = k + 1 = 20; Go to step 4!
[11.11.2015 23:50:39] Step 4: alphak=-5242,8805
[11.11.2015 23:50:39] Step 5: h > 0; b=alpha(k-1)=-2621,4405
[11.11.2015 23:50:39] k = k + 1 = 21; Go to step 4!
[11.11.2015 23:50:39] Step 4: alphak=-10485,7605
[11.11.2015 23:50:39] Step 5: h > 0; b=alpha(k-1)=-5242,8805
[11.11.2015 23:50:39] k = k + 1 = 22; Go to step 4!
[11.11.2015 23:50:39] Step 4: alphak=-20971,5205
[11.11.2015 23:50:39] Step 5: h > 0; b=alpha(k-1)=-10485,7605
[11.11.2015 23:50:39] k = k + 1 = 23; Go to step 4!
[11.11.2015 23:50:39] Step 4: alphak=-41943,0405
[11.11.2015 23:50:39] Step 5: h > 0; b=alpha(k-1)=-20971,5205
[11.11.2015 23:50:39] k = k + 1 = 24; Go to step 4!
[11.11.2015 23:50:39] Step 4: alphak=-83886,0805
[11.11.2015 23:50:39] Step 5: h > 0; b=alpha(k-1)=-41943,0405
[11.11.2015 23:50:39] k = k + 1 = 25; Go to step 4!
[11.11.2015 23:50:39] Step 4: alphak=-167772,1605
[11.11.2015 23:50:39] Step 5: h > 0; b=alpha(k-1)=-83886,0805
[11.11.2015 23:50:39] k = k + 1 = 26; Go to step 4!
[11.11.2015 23:50:39] Step 4: alphak=-335544,3205
[11.11.2015 23:50:39] Step 5: h > 0; b=alpha(k-1)=-167772,1605
[11.11.2015 23:50:39] k = k + 1 = 27; Go to step 4!
[11.11.2015 23:50:39] Step 4: alphak=-671088,6405
[11.11.2015 23:50:39] Step 5: h > 0; b=alpha(k-1)=-335544,3205
[11.11.2015 23:50:39] k = k + 1 = 28; Go to step 4!
[11.11.2015 23:50:39] Step 4: alphak=-1342177,2805
[11.11.2015 23:50:39] Step 5: h > 0; b=alpha(k-1)=-671088,6405
[11.11.2015 23:50:39] k = k + 1 = 29; Go to step 4!
[11.11.2015 23:50:39] Step 4: alphak=-2684354,5605
[11.11.2015 23:50:39] Step 5: h > 0; b=alpha(k-1)=-1342177,2805
[11.11.2015 23:50:39] k = k + 1 = 30; Go to step 4!
[11.11.2015 23:50:39] Step 4: alphak=-5368709,1205
[11.11.2015 23:50:39] Step 5: h > 0; b=alpha(k-1)=-2684354,5605
[11.11.2015 23:50:39] k = k + 1 = 31; Go to step 4!
[11.11.2015 23:50:39] Step 4: alphak=-10737418,2405
[11.11.2015 23:50:39] Step 5: h > 0; b=alpha(k-1)=-5368709,1205
[11.11.2015 23:50:39] k = k + 1 = 32; Go to step 4!
[11.11.2015 23:50:39] Step 4: alphak=-21474836,4805
[11.11.2015 23:50:39] Step 5: h > 0; b=alpha(k-1)=-10737418,2405
[11.11.2015 23:50:39] k = k + 1 = 33; Go to step 4!
[11.11.2015 23:50:39] Step 4: alphak=-42949672,9605
[11.11.2015 23:50:39] Step 5: h > 0; b=alpha(k-1)=-21474836,4805
[11.11.2015 23:50:39] k = k + 1 = 34; Go to step 4!
[11.11.2015 23:50:39] Step 4: alphak=-85899345,9205
[11.11.2015 23:50:39] Step 5: h > 0; b=alpha(k-1)=-42949672,9605
[11.11.2015 23:50:39] k = k + 1 = 35; Go to step 4!
[11.11.2015 23:50:39] Step 4: alphak=-171798691,8405
[11.11.2015 23:50:39] Step 5: h > 0; b=alpha(k-1)=-85899345,9205
[11.11.2015 23:50:39] k = k + 1 = 36; Go to step 4!
[11.11.2015 23:50:39] Step 4: alphak=-343597383,6805
[11.11.2015 23:50:39] Step 5: h > 0; b=alpha(k-1)=-171798691,8405
[11.11.2015 23:50:39] k = k + 1 = 37; Go to step 4!
[11.11.2015 23:50:40] Step 4: alphak=-687194767,3605
[11.11.2015 23:50:40] Step 5: h > 0; b=alpha(k-1)=-343597383,6805
[11.11.2015 23:50:40] k = k + 1 = 38; Go to step 4!
[11.11.2015 23:50:40] Step 4: alphak=-1374389534,7205
[11.11.2015 23:50:40] Step 5: h > 0; b=alpha(k-1)=-687194767,3605
[11.11.2015 23:50:40] k = k + 1 = 39; Go to step 4!
[11.11.2015 23:50:40] Step 4: alphak=-2748779069,4405
[11.11.2015 23:50:40] Step 5: h > 0; b=alpha(k-1)=-1374389534,7205
[11.11.2015 23:50:40] k = k + 1 = 40; Go to step 4!
[11.11.2015 23:50:40] Step 4: alphak=-5497558138,8805
[11.11.2015 23:50:40] Step 5: h > 0; b=alpha(k-1)=-2748779069,4405
[11.11.2015 23:50:40] k = k + 1 = 41; Go to step 4!
[11.11.2015 23:50:40] Step 4: alphak=-10995116277,7605
[11.11.2015 23:50:40] Step 5: h > 0; b=alpha(k-1)=-5497558138,8805
[11.11.2015 23:50:40] k = k + 1 = 42; Go to step 4!
[11.11.2015 23:50:40] Step 4: alphak=-21990232555,5205
[11.11.2015 23:50:40] Step 5: h > 0; b=alpha(k-1)=-10995116277,7605
[11.11.2015 23:50:40] k = k + 1 = 43; Go to step 4!
[11.11.2015 23:50:40] Step 4: alphak=-43980465111,0405
[11.11.2015 23:50:40] Step 5: h > 0; b=alpha(k-1)=-21990232555,5205
[11.11.2015 23:50:40] k = k + 1 = 44; Go to step 4!
[11.11.2015 23:50:40] Step 4: alphak=-87960930222,0805
[11.11.2015 23:50:40] Step 5: h > 0; b=alpha(k-1)=-43980465111,0405
[11.11.2015 23:50:40] k = k + 1 = 45; Go to step 4!
[11.11.2015 23:50:40] Step 4: alphak=-175921860444,1600
[11.11.2015 23:50:40] Step 5: h > 0; b=alpha(k-1)=-87960930222,0805
[11.11.2015 23:50:40] k = k + 1 = 46; Go to step 4!
[11.11.2015 23:50:40] Step 4: alphak=-351843720888,3200
[11.11.2015 23:50:40] Step 5: h > 0; b=alpha(k-1)=-175921860444,1600
[11.11.2015 23:50:40] k = k + 1 = 47; Go to step 4!
[11.11.2015 23:50:40] Step 4: alphak=-703687441776,6410
[11.11.2015 23:50:40] Step 5: h > 0; b=alpha(k-1)=-351843720888,3200
[11.11.2015 23:50:40] k = k + 1 = 48; Go to step 4!
[11.11.2015 23:50:40] Step 4: alphak=-1407374883553,2800
[11.11.2015 23:50:40] Step 5: h > 0; b=alpha(k-1)=-703687441776,6410
[11.11.2015 23:50:40] k = k + 1 = 49; Go to step 4!
[11.11.2015 23:50:40] Step 4: alphak=-2814749767106,5600
[11.11.2015 23:50:40] Step 5: h > 0; b=alpha(k-1)=-1407374883553,2800
[11.11.2015 23:50:40] k = k + 1 = 50; Go to step 4!
[11.11.2015 23:50:40] Step 4: alphak=-5629499534213,1200
[11.11.2015 23:50:40] Step 5: h > 0; b=alpha(k-1)=-2814749767106,5600
[11.11.2015 23:50:40] k = k + 1 = 51; Go to step 4!
[11.11.2015 23:50:40] Step 4: alphak=-11258999068426,2000
[11.11.2015 23:50:40] Step 5: h > 0; b=alpha(k-1)=-5629499534213,1200
[11.11.2015 23:50:40] k = k + 1 = 52; Go to step 4!
[11.11.2015 23:50:40] Step 4: alphak=-22517998136852,5000
[11.11.2015 23:50:40] Step 5: h > 0; b=alpha(k-1)=-11258999068426,2000
[11.11.2015 23:50:40] k = k + 1 = 53; Go to step 4!
[11.11.2015 23:50:40] Step 4: alphak=-45035996273705,0000
[11.11.2015 23:50:40] Step 5: h > 0; b=alpha(k-1)=-22517998136852,5000
[11.11.2015 23:50:40] k = k + 1 = 54; Go to step 4!
[11.11.2015 23:50:40] Step 4: alphak=-90071992547409,9000
[11.11.2015 23:50:40] Step 5: h > 0; b=alpha(k-1)=-45035996273705,0000
[11.11.2015 23:50:40] k = k + 1 = 55; Go to step 4!
[11.11.2015 23:50:40] Step 4: alphak=-180143985094820,0000
[11.11.2015 23:50:40] Step 5: h > 0; b=alpha(k-1)=-90071992547409,9000
[11.11.2015 23:50:40] k = k + 1 = 56; Go to step 4!
[11.11.2015 23:50:40] Step 4: alphak=-360287970189640,0000
[11.11.2015 23:50:40] Step 5: h > 0; b=alpha(k-1)=-180143985094820,0000
[11.11.2015 23:50:40] k = k + 1 = 57; Go to step 4!
[11.11.2015 23:50:40] Step 4: alphak=-720575940379279,0000
[11.11.2015 23:50:40] Step 5: h > 0; b=alpha(k-1)=-360287970189640,0000
[11.11.2015 23:50:40] k = k + 1 = 58; Go to step 4!
[11.11.2015 23:50:40] Step 4: alphak=-1441151880758560,0000
[11.11.2015 23:50:40] Step 5: h > 0; b=alpha(k-1)=-720575940379279,0000
[11.11.2015 23:50:40] k = k + 1 = 59; Go to step 4!
[11.11.2015 23:50:40] Step 4: alphak=-2882303761517120,0000
[11.11.2015 23:50:40] Step 5: h > 0; b=alpha(k-1)=-1441151880758560,0000
[11.11.2015 23:50:40] k = k + 1 = 60; Go to step 4!
[11.11.2015 23:50:40] Step 4: alphak=-5764607523034240,0000
[11.11.2015 23:50:40] Step 5: h > 0; b=alpha(k-1)=-2882303761517120,0000
[11.11.2015 23:50:40] k = k + 1 = 61; Go to step 4!
[11.11.2015 23:50:40] Step 4: alphak=-11529215046068500,0000
[11.11.2015 23:50:40] Step 5: h > 0; b=alpha(k-1)=-5764607523034240,0000
[11.11.2015 23:50:40] k = k + 1 = 62; Go to step 4!
[11.11.2015 23:50:40] Step 4: alphak=-23058430092136900,0000
[11.11.2015 23:50:40] Step 5: h > 0; b=alpha(k-1)=-11529215046068500,0000
[11.11.2015 23:50:40] k = k + 1 = 63; Go to step 4!
[11.11.2015 23:50:40] Step 4: alphak=-46116860184273900,0000
[11.11.2015 23:50:40] Step 5: h > 0; b=alpha(k-1)=-23058430092136900,0000
[11.11.2015 23:50:40] k = k + 1 = 64; Go to step 4!
[11.11.2015 23:50:40] Step 4: alphak=-92233720368547800,0000
[11.11.2015 23:50:40] Step 5: h > 0; b=alpha(k-1)=-46116860184273900,0000
[11.11.2015 23:50:40] k = k + 1 = 65; Go to step 4!
[11.11.2015 23:50:40] Step 4: alphak=-184467440737096000,0000
[11.11.2015 23:50:40] Step 5: h > 0; b=alpha(k-1)=-92233720368547800,0000
[11.11.2015 23:50:40] k = k + 1 = 66; Go to step 4!
[11.11.2015 23:50:40] Step 4: alphak=-368934881474191000,0000
[11.11.2015 23:50:40] Step 5: h > 0; b=alpha(k-1)=-184467440737096000,0000
[11.11.2015 23:50:40] k = k + 1 = 67; Go to step 4!
[11.11.2015 23:50:40] Step 4: alphak=-737869762948382000,0000
[11.11.2015 23:50:40] Step 5: h > 0; b=alpha(k-1)=-368934881474191000,0000
[11.11.2015 23:50:40] k = k + 1 = 68; Go to step 4!
[11.11.2015 23:50:40] Step 4: alphak=-1475739525896760000,0000
[11.11.2015 23:50:40] Step 5: h > 0; b=alpha(k-1)=-737869762948382000,0000
[11.11.2015 23:50:40] k = k + 1 = 69; Go to step 4!
[11.11.2015 23:50:40] Step 4: alphak=-2951479051793530000,0000
[11.11.2015 23:50:40] Step 5: h > 0; b=alpha(k-1)=-1475739525896760000,0000
[11.11.2015 23:50:40] k = k + 1 = 70; Go to step 4!
[11.11.2015 23:50:40] Step 4: alphak=-5902958103587060000,0000
[11.11.2015 23:50:40] Step 5: h > 0; b=alpha(k-1)=-2951479051793530000,0000
[11.11.2015 23:50:40] k = k + 1 = 71; Go to step 4!
[11.11.2015 23:50:40] Step 4: alphak=-11805916207174100000,0000
[11.11.2015 23:50:40] Step 5: h > 0; b=alpha(k-1)=-5902958103587060000,0000
[11.11.2015 23:50:40] k = k + 1 = 72; Go to step 4!
[11.11.2015 23:50:40] Step 4: alphak=-23611832414348200000,0000
[11.11.2015 23:50:40] Step 5: h > 0; b=alpha(k-1)=-11805916207174100000,0000
[11.11.2015 23:50:40] k = k + 1 = 73; Go to step 4!
[11.11.2015 23:50:40] Step 4: alphak=-47223664828696500000,0000
[11.11.2015 23:50:40] Step 5: h > 0; b=alpha(k-1)=-23611832414348200000,0000
[11.11.2015 23:50:40] k = k + 1 = 74; Go to step 4!
[11.11.2015 23:50:40] Step 4: alphak=-94447329657392900000,0000
[11.11.2015 23:50:40] Step 5: h > 0; b=alpha(k-1)=-47223664828696500000,0000
[11.11.2015 23:50:40] k = k + 1 = 75; Go to step 4!
[11.11.2015 23:50:40] Step 4: alphak=-188894659314786000000,0000
[11.11.2015 23:50:40] Step 5: h > 0; b=alpha(k-1)=-94447329657392900000,0000
[11.11.2015 23:50:40] k = k + 1 = 76; Go to step 4!
[11.11.2015 23:50:40] Step 4: alphak=-377789318629572000000,0000
[11.11.2015 23:50:40] Step 5: h > 0; b=alpha(k-1)=-188894659314786000000,0000
[11.11.2015 23:50:40] k = k + 1 = 77; Go to step 4!
[11.11.2015 23:50:40] Step 4: alphak=-755578637259143000000,0000
[11.11.2015 23:50:40] Step 5: h > 0; b=alpha(k-1)=-377789318629572000000,0000
[11.11.2015 23:50:40] k = k + 1 = 78; Go to step 4!
[11.11.2015 23:50:41] Step 4: alphak=-1511157274518290000000,0000
[11.11.2015 23:50:41] Step 5: h > 0; b=alpha(k-1)=-755578637259143000000,0000
[11.11.2015 23:50:41] k = k + 1 = 79; Go to step 4!
[11.11.2015 23:50:41] Step 4: alphak=-3022314549036570000000,0000
[11.11.2015 23:50:41] Step 5: h > 0; b=alpha(k-1)=-1511157274518290000000,0000
[11.11.2015 23:50:41] k = k + 1 = 80; Go to step 4!
[11.11.2015 23:50:41] Step 4: alphak=-6044629098073150000000,0000
[11.11.2015 23:50:41] Step 5: h > 0; b=alpha(k-1)=-3022314549036570000000,0000
[11.11.2015 23:50:41] k = k + 1 = 81; Go to step 4!
[11.11.2015 23:50:41] Step 4: alphak=-12089258196146300000000,0000
[11.11.2015 23:50:41] Step 5: h > 0; b=alpha(k-1)=-6044629098073150000000,0000
[11.11.2015 23:50:41] k = k + 1 = 82; Go to step 4!
[11.11.2015 23:50:41] Step 4: alphak=-24178516392292600000000,0000
[11.11.2015 23:50:41] Step 5: h > 0; b=alpha(k-1)=-12089258196146300000000,0000
[11.11.2015 23:50:41] k = k + 1 = 83; Go to step 4!
[11.11.2015 23:50:41] Step 4: alphak=-48357032784585200000000,0000
[11.11.2015 23:50:41] Step 5: h > 0; b=alpha(k-1)=-24178516392292600000000,0000
[11.11.2015 23:50:41] k = k + 1 = 84; Go to step 4!
[11.11.2015 23:50:41] Step 4: alphak=-96714065569170300000000,0000
[11.11.2015 23:50:41] Step 5: h > 0; b=alpha(k-1)=-48357032784585200000000,0000
[11.11.2015 23:50:41] k = k + 1 = 85; Go to step 4!
[11.11.2015 23:50:41] Step 4: alphak=-193428131138341000000000,0000
[11.11.2015 23:50:41] Step 5: h > 0; b=alpha(k-1)=-96714065569170300000000,0000
[11.11.2015 23:50:41] k = k + 1 = 86; Go to step 4!
[11.11.2015 23:50:41] Step 4: alphak=-386856262276681000000000,0000
[11.11.2015 23:50:41] Step 5: h > 0; b=alpha(k-1)=-193428131138341000000000,0000
[11.11.2015 23:50:41] k = k + 1 = 87; Go to step 4!
[11.11.2015 23:50:41] Step 4: alphak=-773712524553363000000000,0000
[11.11.2015 23:50:41] Step 5: h > 0; b=alpha(k-1)=-386856262276681000000000,0000
[11.11.2015 23:50:41] k = k + 1 = 88; Go to step 4!
[11.11.2015 23:50:41] Step 4: alphak=-1547425049106730000000000,0000
[11.11.2015 23:50:41] Step 5: h > 0; b=alpha(k-1)=-773712524553363000000000,0000
[11.11.2015 23:50:41] k = k + 1 = 89; Go to step 4!
[11.11.2015 23:50:41] Step 4: alphak=-3094850098213450000000000,0000
[11.11.2015 23:50:41] Step 5: h > 0; b=alpha(k-1)=-1547425049106730000000000,0000
[11.11.2015 23:50:41] k = k + 1 = 90; Go to step 4!
[11.11.2015 23:50:41] Step 4: alphak=-6189700196426900000000000,0000
[11.11.2015 23:50:41] Step 5: h > 0; b=alpha(k-1)=-3094850098213450000000000,0000
[11.11.2015 23:50:41] k = k + 1 = 91; Go to step 4!
[11.11.2015 23:50:41] Step 4: alphak=-12379400392853800000000000,0000
[11.11.2015 23:50:41] Step 5: h > 0; b=alpha(k-1)=-6189700196426900000000000,0000
[11.11.2015 23:50:41] k = k + 1 = 92; Go to step 4!
[11.11.2015 23:50:41] Step 4: alphak=-24758800785707600000000000,0000
[11.11.2015 23:50:41] Step 5: h > 0; b=alpha(k-1)=-12379400392853800000000000,0000
[11.11.2015 23:50:41] k = k + 1 = 93; Go to step 4!
[11.11.2015 23:50:41] Step 4: alphak=-49517601571415200000000000,0000
[11.11.2015 23:50:41] Step 5: h > 0; b=alpha(k-1)=-24758800785707600000000000,0000
[11.11.2015 23:50:41] k = k + 1 = 94; Go to step 4!
[11.11.2015 23:50:41] Step 4: alphak=-99035203142830400000000000,0000
[11.11.2015 23:50:41] Step 5: h > 0; b=alpha(k-1)=-49517601571415200000000000,0000
[11.11.2015 23:50:41] k = k + 1 = 95; Go to step 4!
[11.11.2015 23:50:41] Step 4: alphak=-198070406285661000000000000,0000
[11.11.2015 23:50:41] Step 5: h > 0; b=alpha(k-1)=-99035203142830400000000000,0000
[11.11.2015 23:50:41] k = k + 1 = 96; Go to step 4!
[11.11.2015 23:50:41] Step 4: alphak=-396140812571322000000000000,0000
[11.11.2015 23:50:41] Step 5: h > 0; b=alpha(k-1)=-198070406285661000000000000,0000
[11.11.2015 23:50:41] k = k + 1 = 97; Go to step 4!
[11.11.2015 23:50:41] Step 4: alphak=-792281625142643000000000000,0000
[11.11.2015 23:50:41] Step 5: h > 0; b=alpha(k-1)=-396140812571322000000000000,0000
[11.11.2015 23:50:41] k = k + 1 = 98; Go to step 4!
[11.11.2015 23:50:41] Step 4: alphak=-1584563250285290000000000000,0000
[11.11.2015 23:50:41] Step 5: h > 0; b=alpha(k-1)=-792281625142643000000000000,0000
[11.11.2015 23:50:41] k = k + 1 = 99; Go to step 4!
[11.11.2015 23:50:41] Step 4: alphak=-3169126500570570000000000000,0000
[11.11.2015 23:50:41] Step 5: h > 0; b=alpha(k-1)=-1584563250285290000000000000,0000
[11.11.2015 23:50:41] k = k + 1 = 100; Go to step 4!
[11.11.2015 23:50:41] Step 4: alphak=-6338253001141150000000000000,0000
[11.11.2015 23:50:41] Step 5: h > 0; b=alpha(k-1)=-3169126500570570000000000000,0000
[11.11.2015 23:50:41] k = k + 1 = 101; Go to step 4!
[11.11.2015 23:50:41] Step 4: alphak=-12676506002282300000000000000,0000
[11.11.2015 23:50:41] Step 5: h > 0; b=alpha(k-1)=-6338253001141150000000000000,0000
[11.11.2015 23:50:41] k = k + 1 = 102; Go to step 4!
[11.11.2015 23:50:41] Step 4: alphak=-25353012004564600000000000000,0000
[11.11.2015 23:50:41] Step 5: h > 0; b=alpha(k-1)=-12676506002282300000000000000,0000
[11.11.2015 23:50:41] k = k + 1 = 103; Go to step 4!
[11.11.2015 23:50:41] Step 4: alphak=-50706024009129200000000000000,0000
[11.11.2015 23:50:41] Step 5: h > 0; b=alpha(k-1)=-25353012004564600000000000000,0000
[11.11.2015 23:50:41] k = k + 1 = 104; Go to step 4!
[11.11.2015 23:50:41] Step 4: alphak=-101412048018258000000000000000,0000
[11.11.2015 23:50:41] Step 5: h > 0; b=alpha(k-1)=-50706024009129200000000000000,0000
[11.11.2015 23:50:41] k = k + 1 = 105; Go to step 4!
[11.11.2015 23:50:41] Step 4: alphak=-202824096036517000000000000000,0000
[11.11.2015 23:50:41] Step 5: h > 0; b=alpha(k-1)=-101412048018258000000000000000,0000
[11.11.2015 23:50:41] k = k + 1 = 106; Go to step 4!
[11.11.2015 23:50:41] Step 4: alphak=-405648192073033000000000000000,0000
[11.11.2015 23:50:41] Step 5: h > 0; b=alpha(k-1)=-202824096036517000000000000000,0000
[11.11.2015 23:50:41] k = k + 1 = 107; Go to step 4!
[11.11.2015 23:50:41] Step 4: alphak=-811296384146067000000000000000,0000
[11.11.2015 23:50:41] Step 5: h > 0; b=alpha(k-1)=-405648192073033000000000000000,0000
[11.11.2015 23:50:41] k = k + 1 = 108; Go to step 4!
[11.11.2015 23:50:41] Step 4: alphak=-1622592768292130000000000000000,0000
[11.11.2015 23:50:41] Step 5: h > 0; b=alpha(k-1)=-811296384146067000000000000000,0000
[11.11.2015 23:50:41] k = k + 1 = 109; Go to step 4!
[11.11.2015 23:50:41] Step 4: alphak=-3245185536584270000000000000000,0000
[11.11.2015 23:50:41] Step 5: h > 0; b=alpha(k-1)=-1622592768292130000000000000000,0000
[11.11.2015 23:50:41] k = k + 1 = 110; Go to step 4!
[11.11.2015 23:50:41] Step 4: alphak=-6490371073168530000000000000000,0000
[11.11.2015 23:50:41] Step 5: h > 0; b=alpha(k-1)=-3245185536584270000000000000000,0000
[11.11.2015 23:50:41] k = k + 1 = 111; Go to step 4!
[11.11.2015 23:50:41] Step 4: alphak=-12980742146337100000000000000000,0000
[11.11.2015 23:50:41] Step 5: h > 0; b=alpha(k-1)=-6490371073168530000000000000000,0000
[11.11.2015 23:50:41] k = k + 1 = 112; Go to step 4!
[11.11.2015 23:50:41] Step 4: alphak=-25961484292674100000000000000000,0000
[11.11.2015 23:50:41] Step 5: h > 0; b=alpha(k-1)=-12980742146337100000000000000000,0000
[11.11.2015 23:50:41] k = k + 1 = 113; Go to step 4!
[11.11.2015 23:50:41] Step 4: alphak=-51922968585348300000000000000000,0000
[11.11.2015 23:50:41] Step 5: h > 0; b=alpha(k-1)=-25961484292674100000000000000000,0000
[11.11.2015 23:50:41] k = k + 1 = 114; Go to step 4!
[11.11.2015 23:50:41] Step 4: alphak=-103845937170697000000000000000000,0000
[11.11.2015 23:50:41] Step 5: h > 0; b=alpha(k-1)=-51922968585348300000000000000000,0000
[11.11.2015 23:50:41] k = k + 1 = 115; Go to step 4!
[11.11.2015 23:50:41] Step 4: alphak=-207691874341393000000000000000000,0000
[11.11.2015 23:50:41] Step 5: h > 0; b=alpha(k-1)=-103845937170697000000000000000000,0000
[11.11.2015 23:50:41] k = k + 1 = 116; Go to step 4!
[11.11.2015 23:50:41] Step 4: alphak=-415383748682786000000000000000000,0000
[11.11.2015 23:50:41] Step 5: h > 0; b=alpha(k-1)=-207691874341393000000000000000000,0000
[11.11.2015 23:50:41] k = k + 1 = 117; Go to step 4!
[11.11.2015 23:50:41] Step 4: alphak=-830767497365572000000000000000000,0000
[11.11.2015 23:50:42] Step 5: h > 0; b=alpha(k-1)=-415383748682786000000000000000000,0000
[11.11.2015 23:50:42] k = k + 1 = 118; Go to step 4!
[11.11.2015 23:50:42] Step 4: alphak=-1661534994731140000000000000000000,0000
[11.11.2015 23:50:42] Step 5: h > 0; b=alpha(k-1)=-830767497365572000000000000000000,0000
[11.11.2015 23:50:42] k = k + 1 = 119; Go to step 4!
[11.11.2015 23:50:42] Step 4: alphak=-3323069989462290000000000000000000,0000
[11.11.2015 23:50:42] Step 5: h > 0; b=alpha(k-1)=-1661534994731140000000000000000000,0000
[11.11.2015 23:50:42] k = k + 1 = 120; Go to step 4!
[11.11.2015 23:50:42] Step 4: alphak=-6646139978924580000000000000000000,0000
[11.11.2015 23:50:42] Step 5: h > 0; b=alpha(k-1)=-3323069989462290000000000000000000,0000
[11.11.2015 23:50:42] k = k + 1 = 121; Go to step 4!
[11.11.2015 23:50:42] Step 4: alphak=-13292279957849200000000000000000000,0000
[11.11.2015 23:50:42] Step 5: h > 0; b=alpha(k-1)=-6646139978924580000000000000000000,0000
[11.11.2015 23:50:42] k = k + 1 = 122; Go to step 4!
[11.11.2015 23:50:42] Step 4: alphak=-26584559915698300000000000000000000,0000
[11.11.2015 23:50:42] Step 5: h > 0; b=alpha(k-1)=-13292279957849200000000000000000000,0000
[11.11.2015 23:50:42] k = k + 1 = 123; Go to step 4!
[11.11.2015 23:50:42] Step 4: alphak=-53169119831396600000000000000000000,0000
[11.11.2015 23:50:42] Step 5: h > 0; b=alpha(k-1)=-26584559915698300000000000000000000,0000
[11.11.2015 23:50:42] k = k + 1 = 124; Go to step 4!
[11.11.2015 23:50:42] Step 4: alphak=-106338239662793000000000000000000000,0000
[11.11.2015 23:50:42] Step 5: h > 0; b=alpha(k-1)=-53169119831396600000000000000000000,0000
[11.11.2015 23:50:42] k = k + 1 = 125; Go to step 4!
[11.11.2015 23:50:42] Step 4: alphak=-212676479325587000000000000000000000,0000
[11.11.2015 23:50:42] Step 5: h > 0; b=alpha(k-1)=-106338239662793000000000000000000000,0000
[11.11.2015 23:50:42] k = k + 1 = 126; Go to step 4!
[11.11.2015 23:50:42] Step 4: alphak=-425352958651173000000000000000000000,0000
[11.11.2015 23:50:42] Step 5: h > 0; b=alpha(k-1)=-212676479325587000000000000000000000,0000
[11.11.2015 23:50:42] k = k + 1 = 127; Go to step 4!
[11.11.2015 23:50:42] Step 4: alphak=-850705917302346000000000000000000000,0000
[11.11.2015 23:50:42] Step 5: h > 0; b=alpha(k-1)=-425352958651173000000000000000000000,0000
[11.11.2015 23:50:42] k = k + 1 = 128; Go to step 4!
[11.11.2015 23:50:42] Step 4: alphak=-1701411834604690000000000000000000000,0000
[11.11.2015 23:50:42] Step 5: h > 0; b=alpha(k-1)=-850705917302346000000000000000000000,0000
[11.11.2015 23:50:42] k = k + 1 = 129; Go to step 4!
[11.11.2015 23:50:42] Step 4: alphak=-3402823669209380000000000000000000000,0000
[11.11.2015 23:50:42] Step 5: h > 0; b=alpha(k-1)=-1701411834604690000000000000000000000,0000
[11.11.2015 23:50:42] k = k + 1 = 130; Go to step 4!
[11.11.2015 23:50:42] Step 4: alphak=-6805647338418770000000000000000000000,0000
[11.11.2015 23:50:42] Step 5: h > 0; b=alpha(k-1)=-3402823669209380000000000000000000000,0000
[11.11.2015 23:50:42] k = k + 1 = 131; Go to step 4!
[11.11.2015 23:50:42] Step 4: alphak=-13611294676837500000000000000000000000,0000
[11.11.2015 23:50:42] Step 5: h > 0; b=alpha(k-1)=-6805647338418770000000000000000000000,0000
[11.11.2015 23:50:42] k = k + 1 = 132; Go to step 4!
[11.11.2015 23:50:42] Step 4: alphak=-27222589353675100000000000000000000000,0000
[11.11.2015 23:50:42] Step 5: h > 0; b=alpha(k-1)=-13611294676837500000000000000000000000,0000
[11.11.2015 23:50:42] k = k + 1 = 133; Go to step 4!
[11.11.2015 23:50:42] Step 4: alphak=-54445178707350200000000000000000000000,0000
[11.11.2015 23:50:42] Step 5: h > 0; b=alpha(k-1)=-27222589353675100000000000000000000000,0000
[11.11.2015 23:50:42] k = k + 1 = 134; Go to step 4!
[11.11.2015 23:50:42] Step 4: alphak=-108890357414700000000000000000000000000,0000
[11.11.2015 23:50:42] Step 5: h > 0; b=alpha(k-1)=-54445178707350200000000000000000000000,0000
[11.11.2015 23:50:42] k = k + 1 = 135; Go to step 4!
[11.11.2015 23:50:42] Step 4: alphak=-217780714829401000000000000000000000000,0000
[11.11.2015 23:50:42] Step 5: h > 0; b=alpha(k-1)=-108890357414700000000000000000000000000,0000
[11.11.2015 23:50:42] k = k + 1 = 136; Go to step 4!
[11.11.2015 23:50:42] Step 4: alphak=-435561429658801000000000000000000000000,0000
[11.11.2015 23:50:42] Step 5: h > 0; b=alpha(k-1)=-217780714829401000000000000000000000000,0000
[11.11.2015 23:50:42] k = k + 1 = 137; Go to step 4!
[11.11.2015 23:50:42] Step 4: alphak=-871122859317602000000000000000000000000,0000
[11.11.2015 23:50:42] Step 5: h > 0; b=alpha(k-1)=-435561429658801000000000000000000000000,0000
[11.11.2015 23:50:42] k = k + 1 = 138; Go to step 4!
[11.11.2015 23:50:42] Step 4: alphak=-1742245718635210000000000000000000000000,0000
[11.11.2015 23:50:42] Step 5: h > 0; b=alpha(k-1)=-871122859317602000000000000000000000000,0000
[11.11.2015 23:50:42] k = k + 1 = 139; Go to step 4!
[11.11.2015 23:50:42] Step 4: alphak=-3484491437270410000000000000000000000000,0000
[11.11.2015 23:50:42] Step 5: h > 0; b=alpha(k-1)=-1742245718635210000000000000000000000000,0000
[11.11.2015 23:50:42] k = k + 1 = 140; Go to step 4!
[11.11.2015 23:50:42] Step 4: alphak=-6968982874540820000000000000000000000000,0000
[11.11.2015 23:50:42] Step 5: h > 0; b=alpha(k-1)=-3484491437270410000000000000000000000000,0000
[11.11.2015 23:50:42] k = k + 1 = 141; Go to step 4!
[11.11.2015 23:50:42] Step 4: alphak=-13937965749081600000000000000000000000000,0000
[11.11.2015 23:50:42] Step 5: h > 0; b=alpha(k-1)=-6968982874540820000000000000000000000000,0000
[11.11.2015 23:50:42] k = k + 1 = 142; Go to step 4!
[11.11.2015 23:50:42] Step 4: alphak=-27875931498163300000000000000000000000000,0000
[11.11.2015 23:50:42] Step 5: h > 0; b=alpha(k-1)=-13937965749081600000000000000000000000000,0000
[11.11.2015 23:50:42] k = k + 1 = 143; Go to step 4!
[11.11.2015 23:50:42] Step 4: alphak=-55751862996326600000000000000000000000000,0000
[11.11.2015 23:50:42] Step 5: h > 0; b=alpha(k-1)=-27875931498163300000000000000000000000000,0000
[11.11.2015 23:50:42] k = k + 1 = 144; Go to step 4!
[11.11.2015 23:50:42] Step 4: alphak=-111503725992653000000000000000000000000000,0000
[11.11.2015 23:50:42] Step 5: h > 0; b=alpha(k-1)=-55751862996326600000000000000000000000000,0000
[11.11.2015 23:50:42] k = k + 1 = 145; Go to step 4!
[11.11.2015 23:50:42] Step 4: alphak=-223007451985306000000000000000000000000000,0000
[11.11.2015 23:50:42] Step 5: h > 0; b=alpha(k-1)=-111503725992653000000000000000000000000000,0000
[11.11.2015 23:50:42] k = k + 1 = 146; Go to step 4!
[11.11.2015 23:50:42] Step 4: alphak=-446014903970612000000000000000000000000000,0000
[11.11.2015 23:50:42] Step 5: h > 0; b=alpha(k-1)=-223007451985306000000000000000000000000000,0000
[11.11.2015 23:50:42] k = k + 1 = 147; Go to step 4!
[11.11.2015 23:50:42] Step 4: alphak=-892029807941225000000000000000000000000000,0000
[11.11.2015 23:50:42] Step 5: h > 0; b=alpha(k-1)=-446014903970612000000000000000000000000000,0000
[11.11.2015 23:50:42] k = k + 1 = 148; Go to step 4!
[11.11.2015 23:50:42] Step 4: alphak=-1784059615882450000000000000000000000000000,0000
[11.11.2015 23:50:42] Step 5: h > 0; b=alpha(k-1)=-892029807941225000000000000000000000000000,0000
[11.11.2015 23:50:42] k = k + 1 = 149; Go to step 4!
[11.11.2015 23:50:42] Step 4: alphak=-3568119231764900000000000000000000000000000,0000
[11.11.2015 23:50:42] Step 5: h > 0; b=alpha(k-1)=-1784059615882450000000000000000000000000000,0000
[11.11.2015 23:50:42] k = k + 1 = 150; Go to step 4!
[11.11.2015 23:50:42] Step 4: alphak=-7136238463529800000000000000000000000000000,0000
[11.11.2015 23:50:42] Step 5: h > 0; b=alpha(k-1)=-3568119231764900000000000000000000000000000,0000
[11.11.2015 23:50:42] k = k + 1 = 151; Go to step 4!
[11.11.2015 23:50:42] Step 4: alphak=-14272476927059600000000000000000000000000000,0000
[11.11.2015 23:50:42] Step 5: h > 0; b=alpha(k-1)=-7136238463529800000000000000000000000000000,0000
[11.11.2015 23:50:42] k = k + 1 = 152; Go to step 4!
[11.11.2015 23:50:42] Step 4: alphak=-28544953854119200000000000000000000000000000,0000
[11.11.2015 23:50:42] Step 5: h > 0; b=alpha(k-1)=-14272476927059600000000000000000000000000000,0000
[11.11.2015 23:50:42] k = k + 1 = 153; Go to step 4!
[11.11.2015 23:50:43] Step 4: alphak=-57089907708238400000000000000000000000000000,0000
[11.11.2015 23:50:43] Step 5: h > 0; b=alpha(k-1)=-28544953854119200000000000000000000000000000,0000
[11.11.2015 23:50:43] k = k + 1 = 154; Go to step 4!
[11.11.2015 23:50:43] Step 4: alphak=-114179815416477000000000000000000000000000000,0000
[11.11.2015 23:50:43] Step 5: h > 0; b=alpha(k-1)=-57089907708238400000000000000000000000000000,0000
[11.11.2015 23:50:43] k = k + 1 = 155; Go to step 4!
[11.11.2015 23:50:43] Step 4: alphak=-228359630832954000000000000000000000000000000,0000
[11.11.2015 23:50:43] Step 5: h > 0; b=alpha(k-1)=-114179815416477000000000000000000000000000000,0000
[11.11.2015 23:50:43] k = k + 1 = 156; Go to step 4!
[11.11.2015 23:50:43] Step 4: alphak=-456719261665907000000000000000000000000000000,0000
[11.11.2015 23:50:43] Step 5: h > 0; b=alpha(k-1)=-228359630832954000000000000000000000000000000,0000
[11.11.2015 23:50:43] k = k + 1 = 157; Go to step 4!
[11.11.2015 23:50:43] Step 4: alphak=-913438523331814000000000000000000000000000000,0000
[11.11.2015 23:50:43] Step 5: h > 0; b=alpha(k-1)=-456719261665907000000000000000000000000000000,0000
[11.11.2015 23:50:43] k = k + 1 = 158; Go to step 4!
[11.11.2015 23:50:43] Step 4: alphak=-1826877046663630000000000000000000000000000000,0000
[11.11.2015 23:50:43] Step 5: h > 0; b=alpha(k-1)=-913438523331814000000000000000000000000000000,0000
[11.11.2015 23:50:43] k = k + 1 = 159; Go to step 4!
[11.11.2015 23:50:43] Step 4: alphak=-3653754093327260000000000000000000000000000000,0000
[11.11.2015 23:50:43] Step 5: h > 0; b=alpha(k-1)=-1826877046663630000000000000000000000000000000,0000
[11.11.2015 23:50:43] k = k + 1 = 160; Go to step 4!
[11.11.2015 23:50:43] Step 4: alphak=-7307508186654510000000000000000000000000000000,0000
[11.11.2015 23:50:43] Step 5: h > 0; b=alpha(k-1)=-3653754093327260000000000000000000000000000000,0000
[11.11.2015 23:50:43] k = k + 1 = 161; Go to step 4!
[11.11.2015 23:50:43] Step 4: alphak=-14615016373309000000000000000000000000000000000,0000
[11.11.2015 23:50:43] Step 5: h > 0; b=alpha(k-1)=-7307508186654510000000000000000000000000000000,0000
[11.11.2015 23:50:43] k = k + 1 = 162; Go to step 4!
[11.11.2015 23:50:43] Step 4: alphak=-29230032746618100000000000000000000000000000000,0000
[11.11.2015 23:50:43] Step 5: h > 0; b=alpha(k-1)=-14615016373309000000000000000000000000000000000,0000
[11.11.2015 23:50:43] k = k + 1 = 163; Go to step 4!
[11.11.2015 23:50:43] Step 4: alphak=-58460065493236100000000000000000000000000000000,0000
[11.11.2015 23:50:43] Step 5: h > 0; b=alpha(k-1)=-29230032746618100000000000000000000000000000000,0000
[11.11.2015 23:50:43] k = k + 1 = 164; Go to step 4!
[11.11.2015 23:50:43] Step 4: alphak=-116920130986472000000000000000000000000000000000,0000
[11.11.2015 23:50:43] Step 5: h > 0; b=alpha(k-1)=-58460065493236100000000000000000000000000000000,0000
[11.11.2015 23:50:43] k = k + 1 = 165; Go to step 4!
[11.11.2015 23:50:43] Step 4: alphak=-233840261972944000000000000000000000000000000000,0000
[11.11.2015 23:50:43] Step 5: h > 0; b=alpha(k-1)=-116920130986472000000000000000000000000000000000,0000
[11.11.2015 23:50:43] k = k + 1 = 166; Go to step 4!
[11.11.2015 23:50:43] Step 4: alphak=-467680523945889000000000000000000000000000000000,0000
[11.11.2015 23:50:43] Step 5: h > 0; b=alpha(k-1)=-233840261972944000000000000000000000000000000000,0000
[11.11.2015 23:50:43] k = k + 1 = 167; Go to step 4!
[11.11.2015 23:50:43] Step 4: alphak=-935361047891778000000000000000000000000000000000,0000
[11.11.2015 23:50:43] Step 5: h > 0; b=alpha(k-1)=-467680523945889000000000000000000000000000000000,0000
[11.11.2015 23:50:43] k = k + 1 = 168; Go to step 4!
[11.11.2015 23:50:43] Step 4: alphak=-1870722095783560000000000000000000000000000000000,0000
[11.11.2015 23:50:43] Step 5: h > 0; b=alpha(k-1)=-935361047891778000000000000000000000000000000000,0000
[11.11.2015 23:50:43] k = k + 1 = 169; Go to step 4!
[11.11.2015 23:50:43] Step 4: alphak=-3741444191567110000000000000000000000000000000000,0000
[11.11.2015 23:50:43] Step 5: h > 0; b=alpha(k-1)=-1870722095783560000000000000000000000000000000000,0000
[11.11.2015 23:50:43] k = k + 1 = 170; Go to step 4!
[11.11.2015 23:50:43] Step 4: alphak=-7482888383134220000000000000000000000000000000000,0000
[11.11.2015 23:50:43] Step 5: h > 0; b=alpha(k-1)=-3741444191567110000000000000000000000000000000000,0000
[11.11.2015 23:50:43] k = k + 1 = 171; Go to step 4!
[11.11.2015 23:50:43] Step 4: alphak=-14965776766268400000000000000000000000000000000000,0000
[11.11.2015 23:50:43] Step 5: h > 0; b=alpha(k-1)=-7482888383134220000000000000000000000000000000000,0000
[11.11.2015 23:50:43] k = k + 1 = 172; Go to step 4!
[11.11.2015 23:50:43] Step 4: alphak=-29931553532536900000000000000000000000000000000000,0000
[11.11.2015 23:50:43] Step 5: h > 0; b=alpha(k-1)=-14965776766268400000000000000000000000000000000000,0000
[11.11.2015 23:50:43] k = k + 1 = 173; Go to step 4!
[11.11.2015 23:50:43] Step 4: alphak=-59863107065073800000000000000000000000000000000000,0000
[11.11.2015 23:50:43] Step 5: h > 0; b=alpha(k-1)=-29931553532536900000000000000000000000000000000000,0000
[11.11.2015 23:50:43] k = k + 1 = 174; Go to step 4!
[11.11.2015 23:50:43] Step 4: alphak=-119726214130148000000000000000000000000000000000000,0000
[11.11.2015 23:50:43] Step 5: h > 0; b=alpha(k-1)=-59863107065073800000000000000000000000000000000000,0000
[11.11.2015 23:50:43] k = k + 1 = 175; Go to step 4!
[11.11.2015 23:50:43] Step 4: alphak=-239452428260295000000000000000000000000000000000000,0000
[11.11.2015 23:50:43] Step 5: h > 0; b=alpha(k-1)=-119726214130148000000000000000000000000000000000000,0000
[11.11.2015 23:50:43] k = k + 1 = 176; Go to step 4!
[11.11.2015 23:50:43] Step 4: alphak=-478904856520590000000000000000000000000000000000000,0000
[11.11.2015 23:50:43] Step 5: h > 0; b=alpha(k-1)=-239452428260295000000000000000000000000000000000000,0000
[11.11.2015 23:50:43] k = k + 1 = 177; Go to step 4!
[11.11.2015 23:50:43] Step 4: alphak=-957809713041181000000000000000000000000000000000000,0000
[11.11.2015 23:50:43] Step 5: h > 0; b=alpha(k-1)=-478904856520590000000000000000000000000000000000000,0000
[11.11.2015 23:50:43] k = k + 1 = 178; Go to step 4!
[11.11.2015 23:50:43] Step 4: alphak=-1915619426082360000000000000000000000000000000000000,0000
[11.11.2015 23:50:43] Step 5: h > 0; b=alpha(k-1)=-957809713041181000000000000000000000000000000000000,0000
[11.11.2015 23:50:43] k = k + 1 = 179; Go to step 4!
[11.11.2015 23:50:43] Step 4: alphak=-3831238852164720000000000000000000000000000000000000,0000
[11.11.2015 23:50:43] Step 5: h > 0; b=alpha(k-1)=-1915619426082360000000000000000000000000000000000000,0000
[11.11.2015 23:50:43] k = k + 1 = 180; Go to step 4!
[11.11.2015 23:50:43] Step 4: alphak=-7662477704329440000000000000000000000000000000000000,0000
[11.11.2015 23:50:43] Step 5: h > 0; b=alpha(k-1)=-3831238852164720000000000000000000000000000000000000,0000
[11.11.2015 23:50:43] k = k + 1 = 181; Go to step 4!
[11.11.2015 23:50:43] Step 4: alphak=-15324955408658900000000000000000000000000000000000000,0000
[11.11.2015 23:50:43] Step 5: h > 0; b=alpha(k-1)=-7662477704329440000000000000000000000000000000000000,0000
[11.11.2015 23:50:43] k = k + 1 = 182; Go to step 4!
[11.11.2015 23:50:43] Step 4: alphak=-30649910817317800000000000000000000000000000000000000,0000
[11.11.2015 23:50:43] Step 5: h > 0; b=alpha(k-1)=-15324955408658900000000000000000000000000000000000000,0000
[11.11.2015 23:50:43] k = k + 1 = 183; Go to step 4!
[11.11.2015 23:50:43] Step 4: alphak=-61299821634635600000000000000000000000000000000000000,0000
[11.11.2015 23:50:43] Step 5: h > 0; b=alpha(k-1)=-30649910817317800000000000000000000000000000000000000,0000
[11.11.2015 23:50:43] k = k + 1 = 184; Go to step 4!
[11.11.2015 23:50:43] Step 4: alphak=-122599643269271000000000000000000000000000000000000000,0000
[11.11.2015 23:50:43] Step 5: h > 0; b=alpha(k-1)=-61299821634635600000000000000000000000000000000000000,0000
[11.11.2015 23:50:43] k = k + 1 = 185; Go to step 4!
[11.11.2015 23:50:43] Step 4: alphak=-245199286538542000000000000000000000000000000000000000,0000
[11.11.2015 23:50:43] Step 5: h > 0; b=alpha(k-1)=-122599643269271000000000000000000000000000000000000000,0000
[11.11.2015 23:50:43] k = k + 1 = 186; Go to step 4!
[11.11.2015 23:50:43] Step 4: alphak=-490398573077084000000000000000000000000000000000000000,0000
[11.11.2015 23:50:43] Step 5: h > 0; b=alpha(k-1)=-245199286538542000000000000000000000000000000000000000,0000
[11.11.2015 23:50:43] k = k + 1 = 187; Go to step 4!
[11.11.2015 23:50:43] Step 4: alphak=-980797146154169000000000000000000000000000000000000000,0000
[11.11.2015 23:50:43] Step 5: h > 0; b=alpha(k-1)=-490398573077084000000000000000000000000000000000000000,0000
[11.11.2015 23:50:43] k = k + 1 = 188; Go to step 4!
[11.11.2015 23:50:43] Step 4: alphak=-1961594292308340000000000000000000000000000000000000000,0000
[11.11.2015 23:50:43] Step 5: h > 0; b=alpha(k-1)=-980797146154169000000000000000000000000000000000000000,0000
[11.11.2015 23:50:43] k = k + 1 = 189; Go to step 4!
[11.11.2015 23:50:43] Step 4: alphak=-3923188584616680000000000000000000000000000000000000000,0000
[11.11.2015 23:50:43] Step 5: h > 0; b=alpha(k-1)=-1961594292308340000000000000000000000000000000000000000,0000
[11.11.2015 23:50:43] k = k + 1 = 190; Go to step 4!
[11.11.2015 23:50:43] Step 4: alphak=-7846377169233350000000000000000000000000000000000000000,0000
[11.11.2015 23:50:43] Step 5: h > 0; b=alpha(k-1)=-3923188584616680000000000000000000000000000000000000000,0000
[11.11.2015 23:50:43] k = k + 1 = 191; Go to step 4!
[11.11.2015 23:50:43] Step 4: alphak=-15692754338466700000000000000000000000000000000000000000,0000
[11.11.2015 23:50:43] Step 5: h > 0; b=alpha(k-1)=-7846377169233350000000000000000000000000000000000000000,0000
[11.11.2015 23:50:43] k = k + 1 = 192; Go to step 4!
[11.11.2015 23:50:44] Step 4: alphak=-31385508676933400000000000000000000000000000000000000000,0000
[11.11.2015 23:50:44] Step 5: h > 0; b=alpha(k-1)=-15692754338466700000000000000000000000000000000000000000,0000
[11.11.2015 23:50:44] k = k + 1 = 193; Go to step 4!
[11.11.2015 23:50:44] Step 4: alphak=-62771017353866800000000000000000000000000000000000000000,0000
[11.11.2015 23:50:44] Step 5: h > 0; b=alpha(k-1)=-31385508676933400000000000000000000000000000000000000000,0000
[11.11.2015 23:50:44] k = k + 1 = 194; Go to step 4!
[11.11.2015 23:50:44] Step 4: alphak=-125542034707734000000000000000000000000000000000000000000,0000
[11.11.2015 23:50:44] Step 5: h > 0; b=alpha(k-1)=-62771017353866800000000000000000000000000000000000000000,0000
