[11.11.2015 18:30:16] Optimal gradient method started!
[11.11.2015 18:30:16] 	Data input:
(x1; x2) = (1; 1),
Alpha = 0,1,
eps = 0,01;
[11.11.2015 18:30:16] ITER 0:
[11.11.2015 18:30:16] Step 1: k = 0;
[11.11.2015 18:30:16] Step 2: gradient is (-45,9899999999998, -37,9900000000002);
[11.11.2015 18:30:16] DSK method started!
[11.11.2015 18:30:16] Step 1: f(alpha)=1100,2429, f(alpha + h)=1623,9103; k=0;
[11.11.2015 18:30:16] Step 3: b=0,1000, alpha1=0,1100, h=-0,0100, k=2.
[11.11.2015 18:30:16] Step 4: alphak=0,0800
[11.11.2015 18:30:16] Step 5: h > 0; b=alpha(k-1)=0,0900
[11.11.2015 18:30:16] k = k + 1 = 3; Go to step 4!
[11.11.2015 18:30:16] Step 4: alphak=0,0600
[11.11.2015 18:30:16] Step 5: h > 0; b=alpha(k-1)=0,0800
[11.11.2015 18:30:16] k = k + 1 = 4; Go to step 4!
[11.11.2015 18:30:16] Step 4: alphak=0,0200
[11.11.2015 18:30:16] Step 5: h > 0; b=alpha(k-1)=0,0600
[11.11.2015 18:30:16] k = k + 1 = 5; Go to step 4!
[11.11.2015 18:30:16] Step 4: alphak=-0,0600
[11.11.2015 18:30:16] Step 5: h < 0; a=alphak-0,0600
[11.11.2015 18:30:16] Step 6: Interval is: [-0,0600 ; 0,0600]
[11.11.2015 18:30:16] Dichotomy method has been started!
[11.11.2015 18:30:16] Counting: delta = eps / 10 = 0,001
[11.11.2015 18:30:16] Step 1: counting alpha_1 = -0,0010, alpha_2 = 0,0010
[11.11.2015 18:30:16] Step 3: f(-0,0010) = 109,5375 > f(0,0010) = 102,4210; a = alpha_1 = -0,0010.
[11.11.2015 18:30:16] Iter 0: Answer is in the range: [-0,0010; 0,0600]
[11.11.2015 18:30:16] Step 1: counting alpha_1 = 0,0285, alpha_2 = 0,0305
[11.11.2015 18:30:16] Step 3: f(0,0285) = 12,9248 > f(0,0305) = 9,4188; a = alpha_1 = 0,0285.
[11.11.2015 18:30:16] Iter 1: Answer is in the range: [0,0285; 0,0600]
[11.11.2015 18:30:16] Step 1: counting alpha_1 = 0,0433, alpha_2 = 0,0453
[11.11.2015 18:30:16] Step 3: f(0,0433) = 9,1835 <= f(0,0453) = 13,5392; b = alpha_2 = 0,0453.
[11.11.2015 18:30:16] Step 4: (b-a)/2 = 0,0084 < eps = 0,0100; STOP SEARCHING!
[11.11.2015 18:30:16] Iter 2: Answer is in the range: [0,0285; 0,0453]
[11.11.2015 18:30:16] Step 5: alpha_end = (a+b)/2; Minimum x* is: 0,0369
[11.11.2015 18:30:16] Step 4: Alpha = 0,036875;
[11.11.2015 18:30:16] Step 5: arguments = arguments - alpha * gradientValue = (2,69588124999999; 2,40088125000001);
[11.11.2015 18:30:16] Step 6: k = k + 1 = 0;
[11.11.2015 18:30:16] Step 7: answer is: (2,69588124999999; 2,40088125000001);
[11.11.2015 18:30:16] ITER 1:
[11.11.2015 18:30:16] Step 1: k = 1;
[11.11.2015 18:30:16] Step 2: gradient is (-10,4109482810828, 12,367427264514);
[11.11.2015 18:30:16] DSK method started!
[11.11.2015 18:30:16] Step 1: f(alpha)=0,2038, f(alpha + h)=1,1679; k=0;
[11.11.2015 18:30:16] Step 3: b=0,0369, alpha1=0,0469, h=-0,0100, k=2.
[11.11.2015 18:30:16] Step 4: alphak=0,0169
[11.11.2015 18:30:16] Step 5: h < 0; a=alphak0,0169
[11.11.2015 18:30:16] Step 6: Interval is: [0,0169 ; 0,0369]
[11.11.2015 18:30:16] Dichotomy method has been started!
[11.11.2015 18:30:16] Counting: delta = eps / 10 = 0,001
[11.11.2015 18:30:16] Step 1: counting alpha_1 = 0,0259, alpha_2 = 0,0279
[11.11.2015 18:30:16] Step 3: f(0,0259) = 0,1032 > f(0,0279) = 0,0464; a = alpha_1 = 0,0259.
[11.11.2015 18:30:16] Step 4: (b-a)/2 = 0,0055 < eps = 0,0100; STOP SEARCHING!
[11.11.2015 18:30:16] Iter 0: Answer is in the range: [0,0259; 0,0369]
[11.11.2015 18:30:16] Step 5: alpha_end = (a+b)/2; Minimum x* is: 0,0314
[11.11.2015 18:30:16] Step 4: Alpha = 0,031375;
[11.11.2015 18:30:16] Step 5: arguments = arguments - alpha * gradientValue = (3,02252475231897; 2,01285321957588);
[11.11.2015 18:30:17] Step 6: k = k + 1 = 1;
[11.11.2015 18:30:17] Step 7: answer is: (3,02252475231897; 2,01285321957588);
[11.11.2015 18:30:17] ITER 2:
[11.11.2015 18:30:17] Step 1: k = 2;
[11.11.2015 18:30:17] Step 2: gradient is (3,14284639383619, 1,44610534605279);
[11.11.2015 18:30:17] DSK method started!
[11.11.2015 18:30:17] Step 1: f(alpha)=0,2756, f(alpha + h)=0,5490; k=0;
[11.11.2015 18:30:17] Step 3: b=0,0314, alpha1=0,0414, h=-0,0100, k=2.
[11.11.2015 18:30:17] Step 4: alphak=0,0114
[11.11.2015 18:30:17] Step 5: h > 0; b=alpha(k-1)=0,0214
[11.11.2015 18:30:17] k = k + 1 = 3; Go to step 4!
[11.11.2015 18:30:17] Step 4: alphak=-0,0086
[11.11.2015 18:30:17] Step 5: h < 0; a=alphak-0,0086
[11.11.2015 18:30:17] Step 6: Interval is: [-0,0086 ; 0,0214]
[11.11.2015 18:30:17] Dichotomy method has been started!
[11.11.2015 18:30:17] Counting: delta = eps / 10 = 0,001
[11.11.2015 18:30:17] Step 1: counting alpha_1 = 0,0054, alpha_2 = 0,0074
[11.11.2015 18:30:17] Step 3: f(0,0054) = 0,0022 > f(0,0074) = 0,0001; a = alpha_1 = 0,0054.
[11.11.2015 18:30:17] Step 4: (b-a)/2 = 0,0080 < eps = 0,0100; STOP SEARCHING!
[11.11.2015 18:30:17] Iter 0: Answer is in the range: [0,0054; 0,0214]
[11.11.2015 18:30:17] Step 5: alpha_end = (a+b)/2; Minimum x* is: 0,0134
[11.11.2015 18:30:17] Step 4: Alpha = 0,013375;
[11.11.2015 18:30:17] Step 5: arguments = arguments - alpha * gradientValue = (2,98048918180141; 1,99351156057243);
[11.11.2015 18:30:17] Step 6: k = k + 1 = 2;
[11.11.2015 18:30:17] Step 7: answer is: (2,98048918180141; 1,99351156057243);
[11.11.2015 18:30:17] ITER 3:
[11.11.2015 18:30:17] Step 1: k = 3;
[11.11.2015 18:30:17] Step 2: gradient is (-1,07183162926844, -0,382343727900107);
[11.11.2015 18:30:17] DSK method started!
[11.11.2015 18:30:17] Step 1: f(alpha)=0,0012, f(alpha + h)=0,0015; k=0;
[11.11.2015 18:30:17] Step 3: a=0,0034, b=0,0234; Go to step 6!
[11.11.2015 18:30:17] Step 6: Interval is: [0,0034 ; 0,0234]
[11.11.2015 18:30:17] Dichotomy method has been started!
[11.11.2015 18:30:17] Counting: delta = eps / 10 = 0,001
[11.11.2015 18:30:17] Step 1: counting alpha_1 = 0,0124, alpha_2 = 0,0144
[11.11.2015 18:30:17] Step 3: f(0,0124) = 0,0017 > f(0,0144) = 0,0007; a = alpha_1 = 0,0124.
[11.11.2015 18:30:17] Step 4: (b-a)/2 = 0,0055 < eps = 0,0100; STOP SEARCHING!
[11.11.2015 18:30:17] Iter 0: Answer is in the range: [0,0124; 0,0234]
[11.11.2015 18:30:17] Step 5: alpha_end = (a+b)/2; Minimum x* is: 0,0179
[11.11.2015 18:30:17] Step 4: Alpha = 0,017875;
[11.11.2015 18:30:17] Step 5: arguments = arguments - alpha * gradientValue = (2,99964817217458; 2,00034595470864);
[11.11.2015 18:30:17] Step 6: k = k + 1 = 3;
[11.11.2015 18:30:17] Step 7: answer is: (2,99964817217458; 2,00034595470864);
[11.11.2015 18:30:17] ITER 4:
[11.11.2015 18:30:17] Step 1: k = 4;
[11.11.2015 18:30:17] Step 2: gradient is (0,645888472737061, 0,311301664937462);
[11.11.2015 18:30:17] DSK method started!
[11.11.2015 18:30:17] Step 1: f(alpha)=0,0069, f(alpha + h)=0,0166; k=0;
[11.11.2015 18:30:17] Step 3: b=0,0179, alpha1=0,0279, h=-0,0100, k=2.
[11.11.2015 18:30:17] Step 4: alphak=-0,0021
[11.11.2015 18:30:17] Step 5: h > 0; b=alpha(k-1)=0,0079
[11.11.2015 18:30:17] k = k + 1 = 3; Go to step 4!
[11.11.2015 18:30:17] Step 4: alphak=-0,0221
[11.11.2015 18:30:17] Step 5: h < 0; a=alphak-0,0221
[11.11.2015 18:30:17] Step 6: Interval is: [-0,0221 ; 0,0079]
[11.11.2015 18:30:17] Dichotomy method has been started!
[11.11.2015 18:30:17] Counting: delta = eps / 10 = 0,001
[11.11.2015 18:30:17] Step 1: counting alpha_1 = -0,0081, alpha_2 = -0,0061
[11.11.2015 18:30:17] Step 3: f(-0,0081) = 0,0013 > f(-0,0061) = 0,0007; a = alpha_1 = -0,0081.
[11.11.2015 18:30:17] Step 4: (b-a)/2 = 0,0080 < eps = 0,0100; STOP SEARCHING!
[11.11.2015 18:30:17] Iter 0: Answer is in the range: [-0,0081; 0,0079]
[11.11.2015 18:30:17] Step 5: alpha_end = (a+b)/2; Minimum x* is: -0,0001
[11.11.2015 18:30:17] Step 4: Alpha = -0,000125000000000002;
[11.11.2015 18:30:17] Step 5: arguments = arguments - alpha * gradientValue = (2,99972890823367; 2,00038486741676);
[11.11.2015 18:30:17] Step 6: k = k + 1 = 4;
[11.11.2015 18:30:17] Step 7: answer is: (2,99972890823367; 2,00038486741676);
[11.11.2015 18:30:17] ITER 5:
[11.11.2015 18:30:17] Step 1: k = 5;
[11.11.2015 18:30:17] Step 2: gradient is (-0,0169846067556238, 0,00554097974711641);
[11.11.2015 18:30:17] DSK method started!
[11.11.2015 18:30:17] Step 1: f(alpha)=0,0000, f(alpha + h)=0,0000; k=0;
[11.11.2015 18:30:17] Step 2: a=-0,0001, alpha1=0,0099, k=2; Go to step 4!
[11.11.2015 18:30:17] Step 4: alphak=0,0199
[11.11.2015 18:30:17] Step 5: h > 0; b=alphak=0,0199
[11.11.2015 18:30:17] Step 6: Interval is: [-0,0001 ; 0,0199]
[11.11.2015 18:30:17] Dichotomy method has been started!
[11.11.2015 18:30:17] Counting: delta = eps / 10 = 0,001
[11.11.2015 18:30:17] Step 1: counting alpha_1 = 0,0089, alpha_2 = 0,0109
[11.11.2015 18:30:17] Step 3: f(0,0089) = 0,0000 > f(0,0109) = 0,0000; a = alpha_1 = 0,0089.
[11.11.2015 18:30:17] Step 4: (b-a)/2 = 0,0055 < eps = 0,0100; STOP SEARCHING!
[11.11.2015 18:30:17] Iter 0: Answer is in the range: [0,0089; 0,0199]
[11.11.2015 18:30:17] Step 5: alpha_end = (a+b)/2; Minimum x* is: 0,0144
[11.11.2015 18:30:17] Step 4: Alpha = 0,014375;
[11.11.2015 18:30:17] Step 5: arguments = arguments - alpha * gradientValue = (2,99997306195578; 2,00030521583289);
[11.11.2015 18:30:17] Step 6: k = k + 1 = 5;
[11.11.2015 18:30:18] Step 7: answer is: (2,99997306195578; 2,00030521583289);
[11.11.2015 18:30:18] ITER 6:
[11.11.2015 18:30:18] Step 1: k = 6;
[11.11.2015 18:30:18] Step 2: gradient is (0,538463551208093, 0,255976662639588);
[11.11.2015 18:30:18] DSK method started!
[11.11.2015 18:30:18] Step 1: f(alpha)=0,0029, f(alpha + h)=0,0085; k=0;
[11.11.2015 18:30:18] Step 3: b=0,0144, alpha1=0,0244, h=-0,0100, k=2.
[11.11.2015 18:30:18] Step 4: alphak=-0,0056
[11.11.2015 18:30:18] Step 5: h < 0; a=alphak-0,0056
[11.11.2015 18:30:18] Step 6: Interval is: [-0,0056 ; 0,0144]
[11.11.2015 18:30:18] Dichotomy method has been started!
[11.11.2015 18:30:18] Counting: delta = eps / 10 = 0,001
[11.11.2015 18:30:18] Step 1: counting alpha_1 = 0,0034, alpha_2 = 0,0054
[11.11.2015 18:30:18] Step 3: f(0,0034) = 0,0002 <= f(0,0054) = 0,0004; b = alpha_2 = 0,0054.
[11.11.2015 18:30:18] Step 4: (b-a)/2 = 0,0055 < eps = 0,0100; STOP SEARCHING!
[11.11.2015 18:30:18] Iter 0: Answer is in the range: [-0,0056; 0,0054]
[11.11.2015 18:30:18] Step 5: alpha_end = (a+b)/2; Minimum x* is: -0,0001
[11.11.2015 18:30:18] Step 4: Alpha = -0,000125000000000003;
[11.11.2015 18:30:18] Step 5: arguments = arguments - alpha * gradientValue = (3,00004036989968; 2,00033721291572);
[11.11.2015 18:30:18] Step 6: k = k + 1 = 6;
[11.11.2015 18:30:18] Step 7: answer is: (3,00004036989968; 2,00033721291572);
[11.11.2015 18:30:18] ITER 7:
[11.11.2015 18:30:18] Step 1: k = 7;
[11.11.2015 18:30:18] Step 2: gradient is (0,00510689297129414, 0,0101495272979484);
[11.11.2015 18:30:18] DSK method started!
[11.11.2015 18:30:18] Step 1: f(alpha)=0,0000, f(alpha + h)=0,0000; k=0;
[11.11.2015 18:30:18] Step 2: a=-0,0001, alpha1=0,0099, k=2; Go to step 4!
[11.11.2015 18:30:18] Step 4: alphak=0,0199
[11.11.2015 18:30:18] Step 5: h > 0; a=alpha(k-1)=0,0099
[11.11.2015 18:30:18] k = k + 1 = 3; Go to step 4!
[11.11.2015 18:30:18] Step 4: alphak=0,0399
[11.11.2015 18:30:18] Step 5: h > 0; b=alphak=0,0399
[11.11.2015 18:30:18] Step 6: Interval is: [0,0099 ; 0,0399]
[11.11.2015 18:30:18] Dichotomy method has been started!
[11.11.2015 18:30:18] Counting: delta = eps / 10 = 0,001
[11.11.2015 18:30:18] Step 1: counting alpha_1 = 0,0239, alpha_2 = 0,0259
[11.11.2015 18:30:18] Step 3: f(0,0239) = 0,0000 <= f(0,0259) = 0,0000; b = alpha_2 = 0,0259.
[11.11.2015 18:30:18] Step 4: (b-a)/2 = 0,0080 < eps = 0,0100; STOP SEARCHING!
[11.11.2015 18:30:18] Iter 0: Answer is in the range: [0,0099; 0,0259]
[11.11.2015 18:30:18] Step 5: alpha_end = (a+b)/2; Minimum x* is: 0,0179
[11.11.2015 18:30:18] Step 4: Alpha = 0,017875;
[11.11.2015 18:30:18] Step 5: arguments = arguments - alpha * gradientValue = (2,99994908418782; 2,00015579011527);
[11.11.2015 18:30:18] Step 6: k = k + 1 = 7;
[11.11.2015 18:30:18] Step 7: answer is: (2,99994908418782; 2,00015579011527);
[11.11.2015 18:30:18] ITER 8:
[11.11.2015 18:30:18] Step 1: k = 8;
[11.11.2015 18:30:18] Step 2: gradient is (0,66453578156106, 0,310781155413871);
[11.11.2015 18:30:18] DSK method started!
[11.11.2015 18:30:18] Step 1: f(alpha)=0,0070, f(alpha + h)=0,0171; k=0;
[11.11.2015 18:30:18] Step 3: b=0,0179, alpha1=0,0279, h=-0,0100, k=2.
[11.11.2015 18:30:18] Step 4: alphak=-0,0021
[11.11.2015 18:30:18] Step 5: h > 0; b=alpha(k-1)=0,0079
[11.11.2015 18:30:18] k = k + 1 = 3; Go to step 4!
[11.11.2015 18:30:18] Step 4: alphak=-0,0221
[11.11.2015 18:30:18] Step 5: h < 0; a=alphak-0,0221
[11.11.2015 18:30:18] Step 6: Interval is: [-0,0221 ; 0,0079]
[11.11.2015 18:30:18] Dichotomy method has been started!
[11.11.2015 18:30:18] Counting: delta = eps / 10 = 0,001
[11.11.2015 18:30:18] Step 1: counting alpha_1 = -0,0081, alpha_2 = -0,0061
[11.11.2015 18:30:18] Step 3: f(-0,0081) = 0,0015 > f(-0,0061) = 0,0008; a = alpha_1 = -0,0081.
[11.11.2015 18:30:18] Step 4: (b-a)/2 = 0,0080 < eps = 0,0100; STOP SEARCHING!
[11.11.2015 18:30:18] Iter 0: Answer is in the range: [-0,0081; 0,0079]
[11.11.2015 18:30:18] Step 5: alpha_end = (a+b)/2; Minimum x* is: -0,0001
[11.11.2015 18:30:18] Step 4: Alpha = -0,000125000000000002;
[11.11.2015 18:30:18] Step 5: arguments = arguments - alpha * gradientValue = (3,00003215116052; 2,0001946377597);
[11.11.2015 18:30:18] Step 6: k = k + 1 = 8;
[11.11.2015 18:30:18] Step 7: answer is: (3,00003215116052; 2,0001946377597);
[11.11.2015 18:30:18] ITER 9:
[11.11.2015 18:30:18] Step 1: k = 9;
[11.11.2015 18:30:18] Step 2: gradient is (0,00164707324417887, 0,00513617641163093);
[11.11.2015 18:30:18] Step 3: gradient Euclidean norm is <= eps: 0,00539380741249481 <= 0,01; Go to step 7!
[11.11.2015 18:30:19] Step 7: answer is: (3,00003215116052; 2,0001946377597);
