[12.11.2015 00:26:28] Optimal gradient method started!
[12.11.2015 00:26:28] 	Data input:
(x1; x2) = (50,000; -50,000),
Alpha = 0,000,
eps = 0,010;
[12.11.2015 00:26:28] ITER 0:
[12.11.2015 00:26:28] Step 1: k = 0;
[12.11.2015 00:26:28] Step 2: gradient is (492 887,488, -503 720,491);
[12.11.2015 00:26:28] DSK method started!
[12.11.2015 00:26:28] Step 1: f(alpha)=140,2829, f(alpha + h)=12104989,4802; k=0;
[12.11.2015 00:26:28] Step 3: a=0,0000, b=0,0002; Go to step 6!
[12.11.2015 00:26:28] Step 6: Interval is: [0,0000 ; 0,0002]
[12.11.2015 00:26:28] Dichotomy method has been started!
[12.11.2015 00:26:28] Counting: delta = eps / 10 = 1E-05
[12.11.2015 00:26:28] Step 1: counting alpha_1 = 0,0001, alpha_2 = 0,0001
[12.11.2015 00:26:28] Step 3: f(0,0001) = 677,0042 > f(0,0001) = 474,3099; a = alpha_1 = 0,0001.
[12.11.2015 00:26:28] Step 4: (b-a)/2 = 0,0001 < eps = 0,0001; STOP SEARCHING!
[12.11.2015 00:26:28] Iter 0: Answer is in the range: [0,0001; 0,0002]
[12.11.2015 00:26:28] Step 5: alpha_end = (a+b)/2; Minimum x* is: 0,0001
[12.11.2015 00:26:28] Step 4: Alpha = 0,000145;
[12.11.2015 00:26:28] Step 5: arguments = arguments - alpha * gradientValue = (-21,469; 23,039);
[12.11.2015 00:26:28] Step 6: k = k + 1 = 0;
[12.11.2015 00:26:28] Step 7: answer is: (-21,469; 23,039);
[12.11.2015 00:26:28] ITER 1:
[12.11.2015 00:26:28] Step 1: k = 1;
[12.11.2015 00:26:28] Step 2: gradient is (-39 608,838, 47 241,721);
[12.11.2015 00:26:28] DSK method started!
[12.11.2015 00:26:28] Step 1: f(alpha)=121043,9599, f(alpha + h)=31983,1088; k=0;
[12.11.2015 00:26:28] Step 2: a=0,0001, alpha1=0,0002, k=2; Go to step 4!
[12.11.2015 00:26:28] Step 4: alphak=0,0003
[12.11.2015 00:26:28] Step 5: h > 0; a=alpha(k-1)=0,0002
[12.11.2015 00:26:28] k = k + 1 = 3; Go to step 4!
[12.11.2015 00:26:28] Step 4: alphak=0,0005
[12.11.2015 00:26:28] Step 5: h > 0; a=alpha(k-1)=0,0003
[12.11.2015 00:26:28] k = k + 1 = 4; Go to step 4!
[12.11.2015 00:26:28] Step 4: alphak=0,0009
[12.11.2015 00:26:28] Step 5: h > 0; b=alphak=0,0009
[12.11.2015 00:26:28] Step 6: Interval is: [0,0003 ; 0,0009]
[12.11.2015 00:26:28] Dichotomy method has been started!
[12.11.2015 00:26:28] Counting: delta = eps / 10 = 1E-05
[12.11.2015 00:26:28] Step 1: counting alpha_1 = 0,0006, alpha_2 = 0,0007
[12.11.2015 00:26:28] Step 3: f(0,0006) = 2054,3110 <= f(0,0007) = 3594,7890; b = alpha_2 = 0,0007.
[12.11.2015 00:26:28] Iter 0: Answer is in the range: [0,0003; 0,0007]
[12.11.2015 00:26:28] Step 1: counting alpha_1 = 0,0005, alpha_2 = 0,0005
[12.11.2015 00:26:28] Step 3: f(0,0005) = 128,9882 <= f(0,0005) = 160,3413; b = alpha_2 = 0,0005.
[12.11.2015 00:26:28] Step 4: (b-a)/2 = 0,0001 < eps = 0,0001; STOP SEARCHING!
[12.11.2015 00:26:28] Iter 1: Answer is in the range: [0,0003; 0,0005]
[12.11.2015 00:26:28] Step 5: alpha_end = (a+b)/2; Minimum x* is: 0,0004
[12.11.2015 00:26:28] Step 4: Alpha = 0,0004275;
[12.11.2015 00:26:28] Step 5: arguments = arguments - alpha * gradientValue = (-4,536; 2,844);
[12.11.2015 00:26:28] Step 6: k = k + 1 = 1;
[12.11.2015 00:26:28] Step 7: answer is: (-4,536; 2,844);
[12.11.2015 00:26:28] ITER 2:
[12.11.2015 00:26:28] Step 1: k = 2;
[12.11.2015 00:26:28] Step 2: gradient is (-232,162, -14,391);
[12.11.2015 00:26:28] DSK method started!
[12.11.2015 00:26:28] Step 1: f(alpha)=144,0185, f(alpha + h)=139,1464; k=0;
[12.11.2015 00:26:28] Step 2: a=0,0004, alpha1=0,0005, k=2; Go to step 4!
[12.11.2015 00:26:28] Step 4: alphak=0,0006
[12.11.2015 00:26:28] Step 5: h > 0; a=alpha(k-1)=0,0005
[12.11.2015 00:26:28] k = k + 1 = 3; Go to step 4!
[12.11.2015 00:26:28] Step 4: alphak=0,0008
[12.11.2015 00:26:28] Step 5: h > 0; a=alpha(k-1)=0,0006
[12.11.2015 00:26:28] k = k + 1 = 4; Go to step 4!
[12.11.2015 00:26:28] Step 4: alphak=0,0012
[12.11.2015 00:26:28] Step 5: h > 0; a=alpha(k-1)=0,0008
[12.11.2015 00:26:28] k = k + 1 = 5; Go to step 4!
[12.11.2015 00:26:28] Step 4: alphak=0,0020
[12.11.2015 00:26:28] Step 5: h > 0; a=alpha(k-1)=0,0012
[12.11.2015 00:26:28] k = k + 1 = 6; Go to step 4!
[12.11.2015 00:26:28] Step 4: alphak=0,0036
[12.11.2015 00:26:28] Step 5: h > 0; a=alpha(k-1)=0,0020
[12.11.2015 00:26:28] k = k + 1 = 7; Go to step 4!
[12.11.2015 00:26:28] Step 4: alphak=0,0068
[12.11.2015 00:26:28] Step 5: h > 0; a=alpha(k-1)=0,0036
[12.11.2015 00:26:28] k = k + 1 = 8; Go to step 4!
[12.11.2015 00:26:28] Step 4: alphak=0,0132
[12.11.2015 00:26:28] Step 5: h > 0; b=alphak=0,0132
[12.11.2015 00:26:28] Step 6: Interval is: [0,0036 ; 0,0132]
[12.11.2015 00:26:28] Dichotomy method has been started!
[12.11.2015 00:26:28] Counting: delta = eps / 10 = 1E-05
[12.11.2015 00:26:28] Step 1: counting alpha_1 = 0,0084, alpha_2 = 0,0084
[12.11.2015 00:26:28] Step 3: f(0,0084) = 2,5043 <= f(0,0084) = 2,5597; b = alpha_2 = 0,0084.
[12.11.2015 00:26:28] Iter 0: Answer is in the range: [0,0036; 0,0084]
[12.11.2015 00:26:28] Step 1: counting alpha_1 = 0,0060, alpha_2 = 0,0060
[12.11.2015 00:26:28] Step 3: f(0,0060) = 5,5582 > f(0,0060) = 5,4371; a = alpha_1 = 0,0060.
[12.11.2015 00:26:28] Iter 1: Answer is in the range: [0,0060; 0,0084]
[12.11.2015 00:26:28] Step 1: counting alpha_1 = 0,0072, alpha_2 = 0,0072
[12.11.2015 00:26:28] Step 3: f(0,0072) = 1,3887 > f(0,0072) = 1,3680; a = alpha_1 = 0,0072.
[12.11.2015 00:26:28] Iter 2: Answer is in the range: [0,0072; 0,0084]
[12.11.2015 00:26:28] Step 1: counting alpha_1 = 0,0078, alpha_2 = 0,0078
[12.11.2015 00:26:28] Step 3: f(0,0078) = 1,3758 <= f(0,0078) = 1,3961; b = alpha_2 = 0,0078.
[12.11.2015 00:26:28] Iter 3: Answer is in the range: [0,0072; 0,0078]
[12.11.2015 00:26:28] Step 1: counting alpha_1 = 0,0075, alpha_2 = 0,0075
[12.11.2015 00:26:28] Step 3: f(0,0075) = 1,2287 <= f(0,0075) = 1,2292; b = alpha_2 = 0,0075.
[12.11.2015 00:26:28] Iter 4: Answer is in the range: [0,0072; 0,0075]
[12.11.2015 00:26:28] Step 1: counting alpha_1 = 0,0074, alpha_2 = 0,0074
[12.11.2015 00:26:28] Step 3: f(0,0074) = 1,2689 > f(0,0074) = 1,2590; a = alpha_1 = 0,0074.
[12.11.2015 00:26:28] Step 4: (b-a)/2 = 0,0001 < eps = 0,0001; STOP SEARCHING!
[12.11.2015 00:26:28] Iter 5: Answer is in the range: [0,0074; 0,0075]
[12.11.2015 00:26:28] Step 5: alpha_end = (a+b)/2; Minimum x* is: 0,0075
[12.11.2015 00:26:28] Step 4: Alpha = 0,00745453125;
[12.11.2015 00:26:28] Step 5: arguments = arguments - alpha * gradientValue = (-2,805; 2,951);
[12.11.2015 00:26:28] Step 6: k = k + 1 = 2;
[12.11.2015 00:26:28] Step 7: answer is: (-2,805; 2,951);
[12.11.2015 00:26:28] ITER 3:
[12.11.2015 00:26:28] Step 1: k = 3;
[12.11.2015 00:26:28] Step 2: gradient is (0,060, -13,061);
[12.11.2015 00:26:28] DSK method started!
[12.11.2015 00:26:28] Step 1: f(alpha)=0,2703, f(alpha + h)=0,2620; k=0;
[12.11.2015 00:26:28] Step 2: a=0,0075, alpha1=0,0076, k=2; Go to step 4!
[12.11.2015 00:26:28] Step 4: alphak=0,0077
[12.11.2015 00:26:28] Step 5: h > 0; a=alpha(k-1)=0,0076
[12.11.2015 00:26:28] k = k + 1 = 3; Go to step 4!
[12.11.2015 00:26:28] Step 4: alphak=0,0079
[12.11.2015 00:26:28] Step 5: h > 0; a=alpha(k-1)=0,0077
[12.11.2015 00:26:28] k = k + 1 = 4; Go to step 4!
[12.11.2015 00:26:28] Step 4: alphak=0,0083
[12.11.2015 00:26:28] Step 5: h > 0; a=alpha(k-1)=0,0079
[12.11.2015 00:26:28] k = k + 1 = 5; Go to step 4!
[12.11.2015 00:26:28] Step 4: alphak=0,0091
[12.11.2015 00:26:28] Step 5: h > 0; a=alpha(k-1)=0,0083
[12.11.2015 00:26:28] k = k + 1 = 6; Go to step 4!
[12.11.2015 00:26:28] Step 4: alphak=0,0107
[12.11.2015 00:26:28] Step 5: h > 0; a=alpha(k-1)=0,0091
[12.11.2015 00:26:28] k = k + 1 = 7; Go to step 4!
[12.11.2015 00:26:28] Step 4: alphak=0,0139
[12.11.2015 00:26:28] Step 5: h > 0; a=alpha(k-1)=0,0107
[12.11.2015 00:26:28] k = k + 1 = 8; Go to step 4!
[12.11.2015 00:26:28] Step 4: alphak=0,0203
[12.11.2015 00:26:28] Step 5: h > 0; b=alphak=0,0203
[12.11.2015 00:26:28] Step 6: Interval is: [0,0107 ; 0,0203]
[12.11.2015 00:26:28] Dichotomy method has been started!
[12.11.2015 00:26:28] Counting: delta = eps / 10 = 1E-05
[12.11.2015 00:26:28] Step 1: counting alpha_1 = 0,0154, alpha_2 = 0,0155
[12.11.2015 00:26:28] Step 3: f(0,0154) = 0,0184 <= f(0,0155) = 0,0189; b = alpha_2 = 0,0155.
[12.11.2015 00:26:28] Iter 0: Answer is in the range: [0,0107; 0,0155]
[12.11.2015 00:26:28] Step 1: counting alpha_1 = 0,0130, alpha_2 = 0,0131
[12.11.2015 00:26:28] Step 3: f(0,0130) = 0,0040 > f(0,0131) = 0,0038; a = alpha_1 = 0,0130.
[12.11.2015 00:26:28] Iter 1: Answer is in the range: [0,0130; 0,0155]
[12.11.2015 00:26:28] Step 1: counting alpha_1 = 0,0142, alpha_2 = 0,0143
[12.11.2015 00:26:28] Step 3: f(0,0142) = 0,0013 <= f(0,0143) = 0,0014; b = alpha_2 = 0,0143.
[12.11.2015 00:26:28] Iter 2: Answer is in the range: [0,0130; 0,0143]
[12.11.2015 00:26:28] Step 1: counting alpha_1 = 0,0136, alpha_2 = 0,0137
[12.11.2015 00:26:28] Step 3: f(0,0136) = 0,0002 > f(0,0137) = 0,0002; a = alpha_1 = 0,0136.
[12.11.2015 00:26:28] Iter 3: Answer is in the range: [0,0136; 0,0143]
[12.11.2015 00:26:28] Step 1: counting alpha_1 = 0,0139, alpha_2 = 0,0140
[12.11.2015 00:26:28] Step 3: f(0,0139) = 0,0002 <= f(0,0140) = 0,0002; b = alpha_2 = 0,0140.
[12.11.2015 00:26:28] Iter 4: Answer is in the range: [0,0136; 0,0140]
[12.11.2015 00:26:28] Step 1: counting alpha_1 = 0,0138, alpha_2 = 0,0138
[12.11.2015 00:26:28] Step 3: f(0,0138) = 0,0000 > f(0,0138) = 0,0000; a = alpha_1 = 0,0138.
[12.11.2015 00:26:28] Step 4: (b-a)/2 = 0,0001 < eps = 0,0001; STOP SEARCHING!
[12.11.2015 00:26:28] Iter 5: Answer is in the range: [0,0138; 0,0140]
[12.11.2015 00:26:28] Step 5: alpha_end = (a+b)/2; Minimum x* is: 0,0139
[12.11.2015 00:26:28] Step 4: Alpha = 0,0138828125;
[12.11.2015 00:26:28] Step 5: arguments = arguments - alpha * gradientValue = (-2,806; 3,132);
[12.11.2015 00:26:28] Step 6: k = k + 1 = 3;
[12.11.2015 00:26:28] Step 7: answer is: (-2,806; 3,132);
[12.11.2015 00:26:28] ITER 4:
[12.11.2015 00:26:28] Step 1: k = 4;
[12.11.2015 00:26:28] Step 2: gradient is (-0,062, 0,073);
[12.11.2015 00:26:28] DSK method started!
[12.11.2015 00:26:28] Step 1: f(alpha)=0,0000, f(alpha + h)=0,0000; k=0;
[12.11.2015 00:26:28] Step 3: b=0,0139, alpha1=0,0140, h=-0,0001, k=2.
[12.11.2015 00:26:28] Step 4: alphak=0,0137
[12.11.2015 00:26:28] Step 5: h > 0; b=alpha(k-1)=0,0138
[12.11.2015 00:26:28] k = k + 1 = 3; Go to step 4!
[12.11.2015 00:26:28] Step 4: alphak=0,0135
[12.11.2015 00:26:28] Step 5: h < 0; a=alphak0,0135
[12.11.2015 00:26:28] Step 6: Interval is: [0,0135 ; 0,0138]
[12.11.2015 00:26:28] Dichotomy method has been started!
[12.11.2015 00:26:28] Counting: delta = eps / 10 = 1E-05
[12.11.2015 00:26:28] Step 1: counting alpha_1 = 0,0136, alpha_2 = 0,0136
[12.11.2015 00:26:28] Step 3: f(0,0136) = 0,0000 <= f(0,0136) = 0,0000; b = alpha_2 = 0,0136.
[12.11.2015 00:26:28] Step 4: (b-a)/2 = 0,0001 < eps = 0,0001; STOP SEARCHING!
[12.11.2015 00:26:28] Iter 0: Answer is in the range: [0,0135; 0,0136]
[12.11.2015 00:26:28] Step 5: alpha_end = (a+b)/2; Minimum x* is: 0,0136
[12.11.2015 00:26:28] Step 4: Alpha = 0,0135628125;
[12.11.2015 00:26:28] Step 5: arguments = arguments - alpha * gradientValue = (-2,805; 3,131);
[12.11.2015 00:26:29] Step 6: k = k + 1 = 4;
[12.11.2015 00:26:29] Step 7: answer is: (-2,805; 3,131);
[12.11.2015 00:26:29] ITER 5:
[12.11.2015 00:26:29] Step 1: k = 5;
[12.11.2015 00:26:29] Step 2: gradient is (-0,009, -0,006);
[12.11.2015 00:26:29] DSK method started!
[12.11.2015 00:26:29] Step 1: f(alpha)=0,0000, f(alpha + h)=0,0000; k=0;
[12.11.2015 00:26:29] Step 2: a=0,0136, alpha1=0,0137, k=2; Go to step 4!
[12.11.2015 00:26:29] Step 4: alphak=0,0138
[12.11.2015 00:26:29] Step 5: h > 0; a=alpha(k-1)=0,0137
[12.11.2015 00:26:29] k = k + 1 = 3; Go to step 4!
[12.11.2015 00:26:29] Step 4: alphak=0,0140
[12.11.2015 00:26:29] Step 5: h > 0; a=alpha(k-1)=0,0138
[12.11.2015 00:26:29] k = k + 1 = 4; Go to step 4!
[12.11.2015 00:26:29] Step 4: alphak=0,0144
[12.11.2015 00:26:29] Step 5: h > 0; b=alphak=0,0144
[12.11.2015 00:26:29] Step 6: Interval is: [0,0138 ; 0,0144]
[12.11.2015 00:26:29] Dichotomy method has been started!
[12.11.2015 00:26:29] Counting: delta = eps / 10 = 1E-05
[12.11.2015 00:26:29] Step 1: counting alpha_1 = 0,0141, alpha_2 = 0,0141
[12.11.2015 00:26:29] Step 3: f(0,0141) = 0,0000 <= f(0,0141) = 0,0000; b = alpha_2 = 0,0141.
[12.11.2015 00:26:29] Iter 0: Answer is in the range: [0,0138; 0,0141]
[12.11.2015 00:26:29] Step 1: counting alpha_1 = 0,0139, alpha_2 = 0,0139
[12.11.2015 00:26:29] Step 3: f(0,0139) = 0,0000 > f(0,0139) = 0,0000; a = alpha_1 = 0,0139.
[12.11.2015 00:26:29] Step 4: (b-a)/2 = 0,0001 < eps = 0,0001; STOP SEARCHING!
[12.11.2015 00:26:29] Iter 1: Answer is in the range: [0,0139; 0,0141]
[12.11.2015 00:26:29] Step 5: alpha_end = (a+b)/2; Minimum x* is: 0,0140
[12.11.2015 00:26:29] Step 4: Alpha = 0,0139903125;
[12.11.2015 00:26:29] Step 5: arguments = arguments - alpha * gradientValue = (-2,805; 3,131);
[12.11.2015 00:26:29] Step 6: k = k + 1 = 5;
[12.11.2015 00:26:29] Step 7: answer is: (-2,805; 3,131);
[12.11.2015 00:26:29] ITER 6:
[12.11.2015 00:26:29] Step 1: k = 6;
[12.11.2015 00:26:29] Step 2: gradient is (-0,001, 0,001);
[12.11.2015 00:26:29] Step 3: gradient Euclidean norm is <= eps: 0,001 <= 0,01; Go to step 7!
[12.11.2015 00:26:29] Step 7: answer is: (-2,805; 3,131);
