[23.11.2015 18:38:05] DFP method started
[23.11.2015 18:38:05] Input data. Start point DenseVector 2-Double
0
0
, epsilon 0,01000
[23.11.2015 18:38:05] Step 1: K = 0
[23.11.2015 18:38:05] Step 2: ITERATION number 0
[23.11.2015 18:38:05] Step 4: K==0, go to step 8.
[23.11.2015 18:38:05] Step 8: Search vector: DenseVector 2-Double
14
22

[23.11.2015 18:38:05] DSK method started!
[23.11.2015 18:38:05] Step 1: f(alpha)=3022,2913, f(alpha + h)=3146,9934; k=0;
[23.11.2015 18:38:05] Step 3: b=0,1500, alpha1=0,1510, h=-0,0010, k=2.
[23.11.2015 18:38:05] Step 4: alphak=0,1480
[23.11.2015 18:38:05] Step 5: h > 0; b=alpha(k-1)=0,1490
[23.11.2015 18:38:05] k = k + 1 = 3; Go to step 4!
[23.11.2015 18:38:05] Step 4: alphak=0,1460
[23.11.2015 18:38:05] Step 5: h > 0; b=alpha(k-1)=0,1480
[23.11.2015 18:38:05] k = k + 1 = 4; Go to step 4!
[23.11.2015 18:38:05] Step 4: alphak=0,1420
[23.11.2015 18:38:05] Step 5: h > 0; b=alpha(k-1)=0,1460
[23.11.2015 18:38:05] k = k + 1 = 5; Go to step 4!
[23.11.2015 18:38:05] Step 4: alphak=0,1340
[23.11.2015 18:38:05] Step 5: h > 0; b=alpha(k-1)=0,1420
[23.11.2015 18:38:05] k = k + 1 = 6; Go to step 4!
[23.11.2015 18:38:05] Step 4: alphak=0,1180
[23.11.2015 18:38:05] Step 5: h > 0; b=alpha(k-1)=0,1340
[23.11.2015 18:38:05] k = k + 1 = 7; Go to step 4!
[23.11.2015 18:38:05] Step 4: alphak=0,0860
[23.11.2015 18:38:05] Step 5: h > 0; b=alpha(k-1)=0,1180
[23.11.2015 18:38:05] k = k + 1 = 8; Go to step 4!
[23.11.2015 18:38:05] Step 4: alphak=0,0220
[23.11.2015 18:38:05] Step 5: h > 0; b=alpha(k-1)=0,0860
[23.11.2015 18:38:05] k = k + 1 = 9; Go to step 4!
[23.11.2015 18:38:05] Step 4: alphak=-0,1060
[23.11.2015 18:38:05] Step 5: h < 0; a=alphak-0,1060
[23.11.2015 18:38:05] Step 6: Interval is: [-0,1060 ; 0,0860]
[23.11.2015 18:38:05] Dichotomy method has been started!
[23.11.2015 18:38:05] Counting: delta = eps / 10 = 0,0001
[23.11.2015 18:38:05] Step 1: counting alpha_1 = -0,0101, alpha_2 = -0,0099
[23.11.2015 18:38:05] Step 3: f(-0,0101) = 135,7889 > f(-0,0099) = 133,2682; a = alpha_1 = -0,0101.
[23.11.2015 18:38:05] Iter 0: Answer is in the range: [-0,0101; 0,0860]
[23.11.2015 18:38:05] Step 1: counting alpha_1 = 0,0379, alpha_2 = 0,0381
[23.11.2015 18:38:05] Step 3: f(0,0379) = 26,3019 <= f(0,0381) = 26,3892; b = alpha_2 = 0,0381.
[23.11.2015 18:38:05] Iter 1: Answer is in the range: [-0,0101; 0,0381]
[23.11.2015 18:38:05] Step 1: counting alpha_1 = 0,0139, alpha_2 = 0,0141
[23.11.2015 18:38:05] Step 3: f(0,0139) = 11,4886 > f(0,0141) = 11,4201; a = alpha_1 = 0,0139.
[23.11.2015 18:38:05] Iter 2: Answer is in the range: [0,0139; 0,0381]
[23.11.2015 18:38:05] Step 1: counting alpha_1 = 0,0259, alpha_2 = 0,0261
[23.11.2015 18:38:05] Step 3: f(0,0259) = 17,0471 <= f(0,0261) = 17,2287; b = alpha_2 = 0,0261.
[23.11.2015 18:38:05] Iter 3: Answer is in the range: [0,0139; 0,0261]
[23.11.2015 18:38:05] Step 1: counting alpha_1 = 0,0199, alpha_2 = 0,0201
[23.11.2015 18:38:05] Step 3: f(0,0199) = 12,4010 <= f(0,0201) = 12,5150; b = alpha_2 = 0,0201.
[23.11.2015 18:38:05] Iter 4: Answer is in the range: [0,0139; 0,0201]
[23.11.2015 18:38:05] Step 1: counting alpha_1 = 0,0169, alpha_2 = 0,0171
[23.11.2015 18:38:05] Step 3: f(0,0169) = 11,2554 <= f(0,0171) = 11,2943; b = alpha_2 = 0,0171.
[23.11.2015 18:38:05] Iter 5: Answer is in the range: [0,0139; 0,0171]
[23.11.2015 18:38:05] Step 1: counting alpha_1 = 0,0154, alpha_2 = 0,0156
[23.11.2015 18:38:05] Step 3: f(0,0154) = 11,1689 > f(0,0156) = 11,1584; a = alpha_1 = 0,0154.
[23.11.2015 18:38:05] Step 4: (b-a)/2 = 0,0008 < eps = 0,0010; STOP SEARCHING!
[23.11.2015 18:38:05] Iter 6: Answer is in the range: [0,0154; 0,0171]
[23.11.2015 18:38:05] Step 5: alpha_end = (a+b)/2; Minimum x* is: 0,0162
[23.11.2015 18:38:05] Step 9: New alpha 0,0162226622104645
[23.11.2015 18:38:05] Step 10: New local search point DenseVector 2-Double
0,00630881
0,00991385

[23.11.2015 18:38:05] Step 11: Iteration end.
[23.11.2015 18:38:05] Step 2: ITERATION number 1
[23.11.2015 18:38:05] Step 5: Sk = DenseVector 2-Double
0,00630881
0,00991385

[23.11.2015 18:38:05] Step 6: Yk = DenseVector 2-Double
 0,0761509
-0,0465335

[23.11.2015 18:38:05] Step 7: Quasi-Newton matrix: 
DenseMatrix 2x2-Double
2,35613  3,72017
3,72017  5,87493

[23.11.2015 18:38:05] Step 8: Search vector: DenseVector 2-Double
 116,41
183,827

[23.11.2015 18:38:05] DSK method started!
[23.11.2015 18:38:05] Step 1: f(alpha)=11,6697, f(alpha + h)=10,8531; k=0;
[23.11.2015 18:38:05] Step 2: a=0,0162, alpha1=0,0172, k=2; Go to step 4!
[23.11.2015 18:38:05] Step 4: alphak=0,0182
[23.11.2015 18:38:05] Step 5: h > 0; a=alpha(k-1)=0,0172
[23.11.2015 18:38:05] k = k + 1 = 3; Go to step 4!
[23.11.2015 18:38:05] Step 4: alphak=0,0202
[23.11.2015 18:38:05] Step 5: h > 0; a=alpha(k-1)=0,0182
[23.11.2015 18:38:05] k = k + 1 = 4; Go to step 4!
[23.11.2015 18:38:05] Step 4: alphak=0,0242
[23.11.2015 18:38:05] Step 5: h > 0; a=alpha(k-1)=0,0202
[23.11.2015 18:38:05] k = k + 1 = 5; Go to step 4!
[23.11.2015 18:38:05] Step 4: alphak=0,0322
[23.11.2015 18:38:05] Step 5: h > 0; a=alpha(k-1)=0,0242
[23.11.2015 18:38:05] k = k + 1 = 6; Go to step 4!
[23.11.2015 18:38:05] Step 4: alphak=0,0482
[23.11.2015 18:38:05] Step 5: h > 0; b=alphak=0,0482
[23.11.2015 18:38:05] Step 6: Interval is: [0,0242 ; 0,0482]
[23.11.2015 18:38:05] Dichotomy method has been started!
[23.11.2015 18:38:05] Counting: delta = eps / 10 = 0,0001
[23.11.2015 18:38:05] Step 1: counting alpha_1 = 0,0361, alpha_2 = 0,0363
[23.11.2015 18:38:05] Step 3: f(0,0361) = 3,9871 > f(0,0363) = 3,9850; a = alpha_1 = 0,0361.
[23.11.2015 18:38:05] Iter 0: Answer is in the range: [0,0361; 0,0482]
[23.11.2015 18:38:05] Step 1: counting alpha_1 = 0,0421, alpha_2 = 0,0423
[23.11.2015 18:38:05] Step 3: f(0,0421) = 4,4245 <= f(0,0423) = 4,4565; b = alpha_2 = 0,0423.
[23.11.2015 18:38:05] Iter 1: Answer is in the range: [0,0361; 0,0423]
[23.11.2015 18:38:05] Step 1: counting alpha_1 = 0,0391, alpha_2 = 0,0393
[23.11.2015 18:38:05] Step 3: f(0,0391) = 4,0788 <= f(0,0393) = 4,0942; b = alpha_2 = 0,0393.
[23.11.2015 18:38:05] Iter 2: Answer is in the range: [0,0361; 0,0393]
[23.11.2015 18:38:05] Step 1: counting alpha_1 = 0,0376, alpha_2 = 0,0378
[23.11.2015 18:38:05] Step 3: f(0,0376) = 4,0002 <= f(0,0378) = 4,0070; b = alpha_2 = 0,0378.
[23.11.2015 18:38:05] Step 4: (b-a)/2 = 0,0008 < eps = 0,0010; STOP SEARCHING!
[23.11.2015 18:38:05] Iter 3: Answer is in the range: [0,0361; 0,0378]
[23.11.2015 18:38:05] Step 5: alpha_end = (a+b)/2; Minimum x* is: 0,0370
[23.11.2015 18:38:05] Step 9: New alpha 0,0369664122104645
[23.11.2015 18:38:05] Step 10: New local search point DenseVector 2-Double
0,0206417
0,0325474

[23.11.2015 18:38:05] Step 11: Iteration end.
[23.11.2015 18:38:05] Step 2: ITERATION number 2
[23.11.2015 18:38:05] Step 5: Sk = DenseVector 2-Double
0,0143329
0,0226335

[23.11.2015 18:38:05] Step 6: Yk = DenseVector 2-Double
 0,177908
-0,105113

[23.11.2015 18:38:05] Step 7: Quasi-Newton matrix: 
DenseMatrix 2x2-Double
2,81719  6,05672
6,05672   8,6143

[23.11.2015 18:38:05] Step 8: Search vector: DenseVector 2-Double
 180,22
286,788

[23.11.2015 18:38:05] DSK method started!
[23.11.2015 18:38:05] Step 1: f(alpha)=834859437,4182, f(alpha + h)=935229541,8415; k=0;
[23.11.2015 18:38:05] Step 3: b=0,0370, alpha1=0,0380, h=-0,0010, k=2.
[23.11.2015 18:38:05] Step 4: alphak=0,0350
[23.11.2015 18:38:05] Step 5: h > 0; b=alpha(k-1)=0,0360
[23.11.2015 18:38:05] k = k + 1 = 3; Go to step 4!
[23.11.2015 18:38:05] Step 4: alphak=0,0330
[23.11.2015 18:38:05] Step 5: h > 0; b=alpha(k-1)=0,0350
[23.11.2015 18:38:05] k = k + 1 = 4; Go to step 4!
[23.11.2015 18:38:05] Step 4: alphak=0,0290
[23.11.2015 18:38:05] Step 5: h > 0; b=alpha(k-1)=0,0330
[23.11.2015 18:38:05] k = k + 1 = 5; Go to step 4!
[23.11.2015 18:38:05] Step 4: alphak=0,0210
[23.11.2015 18:38:05] Step 5: h > 0; b=alpha(k-1)=0,0290
[23.11.2015 18:38:05] k = k + 1 = 6; Go to step 4!
[23.11.2015 18:38:05] Step 4: alphak=0,0050
[23.11.2015 18:38:05] Step 5: h > 0; b=alpha(k-1)=0,0210
[23.11.2015 18:38:05] k = k + 1 = 7; Go to step 4!
[23.11.2015 18:38:05] Step 4: alphak=-0,0270
[23.11.2015 18:38:05] Step 5: h < 0; a=alphak-0,0270
[23.11.2015 18:38:05] Step 6: Interval is: [-0,0270 ; 0,0210]
[23.11.2015 18:38:05] Dichotomy method has been started!
[23.11.2015 18:38:05] Counting: delta = eps / 10 = 0,0001
[23.11.2015 18:38:05] Step 1: counting alpha_1 = -0,0031, alpha_2 = -0,0029
[23.11.2015 18:38:05] Step 3: f(-0,0031) = 477558,4320 > f(-0,0029) = 410395,2058; a = alpha_1 = -0,0031.
[23.11.2015 18:38:05] Iter 0: Answer is in the range: [-0,0031; 0,0210]
[23.11.2015 18:38:05] Step 1: counting alpha_1 = 0,0088, alpha_2 = 0,0090
[23.11.2015 18:38:05] Step 3: f(0,0088) = 1080390,8053 <= f(0,0090) = 1217606,4996; b = alpha_2 = 0,0090.
[23.11.2015 18:38:05] Iter 1: Answer is in the range: [-0,0031; 0,0090]
[23.11.2015 18:38:05] Step 1: counting alpha_1 = 0,0028, alpha_2 = 0,0030
[23.11.2015 18:38:05] Step 3: f(0,0028) = 88,7749 <= f(0,0030) = 265,1890; b = alpha_2 = 0,0030.
[23.11.2015 18:38:05] Iter 2: Answer is in the range: [-0,0031; 0,0030]
[23.11.2015 18:38:05] Step 1: counting alpha_1 = -0,0001, alpha_2 = 0,0001
[23.11.2015 18:38:05] Step 3: f(-0,0001) = 18838,2767 > f(0,0001) = 13333,5019; a = alpha_1 = -0,0001.
[23.11.2015 18:38:05] Iter 3: Answer is in the range: [-0,0001; 0,0030]
[23.11.2015 18:38:05] Step 1: counting alpha_1 = 0,0013, alpha_2 = 0,0015
[23.11.2015 18:38:05] Step 3: f(0,0013) = 455,0583 > f(0,0015) = 200,4000; a = alpha_1 = 0,0013.
[23.11.2015 18:38:05] Step 4: (b-a)/2 = 0,0008 < eps = 0,0010; STOP SEARCHING!
[23.11.2015 18:38:05] Iter 4: Answer is in the range: [0,0013; 0,0030]
[23.11.2015 18:38:05] Step 5: alpha_end = (a+b)/2; Minimum x* is: 0,0022
[23.11.2015 18:38:05] Step 9: New alpha 0,00219453721046448
[23.11.2015 18:38:05] Step 10: New local search point DenseVector 2-Double
0,0214886
 0,033895

[23.11.2015 18:38:05] Step 11: Iteration end.
[23.11.2015 18:38:05] Step 2: ITERATION number 3
[23.11.2015 18:38:05] Step 5: Sk = DenseVector 2-Double
0,00084688
0,00134766

[23.11.2015 18:38:05] Step 6: Yk = DenseVector 2-Double
  0,0107773
-0,00629983

[23.11.2015 18:38:05] Step 7: Quasi-Newton matrix: 
DenseMatrix 2x2-Double
1,64411  4,22599
4,22599  5,75776

[23.11.2015 18:38:05] Step 8: Search vector: DenseVector 2-Double
121,172
194,678

[23.11.2015 18:38:05] DSK method started!
[23.11.2015 18:38:05] Step 1: f(alpha)=147,7304, f(alpha + h)=145,9081; k=0;
[23.11.2015 18:38:05] Step 2: a=0,0022, alpha1=0,0032, k=2; Go to step 4!
[23.11.2015 18:38:05] Step 4: alphak=0,0042
[23.11.2015 18:38:05] Step 5: h > 0; a=alpha(k-1)=0,0032
[23.11.2015 18:38:05] k = k + 1 = 3; Go to step 4!
[23.11.2015 18:38:05] Step 4: alphak=0,0062
[23.11.2015 18:38:05] Step 5: h > 0; a=alpha(k-1)=0,0042
[23.11.2015 18:38:05] k = k + 1 = 4; Go to step 4!
[23.11.2015 18:38:05] Step 4: alphak=0,0102
[23.11.2015 18:38:05] Step 5: h > 0; a=alpha(k-1)=0,0062
[23.11.2015 18:38:05] k = k + 1 = 5; Go to step 4!
[23.11.2015 18:38:05] Step 4: alphak=0,0182
[23.11.2015 18:38:05] Step 5: h > 0; a=alpha(k-1)=0,0102
[23.11.2015 18:38:05] k = k + 1 = 6; Go to step 4!
[23.11.2015 18:38:05] Step 4: alphak=0,0342
[23.11.2015 18:38:05] Step 5: h > 0; a=alpha(k-1)=0,0182
[23.11.2015 18:38:05] k = k + 1 = 7; Go to step 4!
[23.11.2015 18:38:05] Step 4: alphak=0,0662
[23.11.2015 18:38:05] Step 5: h > 0; a=alpha(k-1)=0,0342
[23.11.2015 18:38:05] k = k + 1 = 8; Go to step 4!
[23.11.2015 18:38:05] Step 4: alphak=0,1302
[23.11.2015 18:38:05] Step 5: h > 0; b=alphak=0,1302
[23.11.2015 18:38:05] Step 6: Interval is: [0,0342 ; 0,1302]
[23.11.2015 18:38:05] Dichotomy method has been started!
[23.11.2015 18:38:05] Counting: delta = eps / 10 = 0,0001
[23.11.2015 18:38:05] Step 1: counting alpha_1 = 0,0821, alpha_2 = 0,0823
[23.11.2015 18:38:05] Step 3: f(0,0821) = 34,0717 <= f(0,0823) = 34,4317; b = alpha_2 = 0,0823.
[23.11.2015 18:38:05] Iter 0: Answer is in the range: [0,0342; 0,0823]
[23.11.2015 18:38:05] Step 1: counting alpha_1 = 0,0581, alpha_2 = 0,0583
[23.11.2015 18:38:05] Step 3: f(0,0581) = 31,3973 > f(0,0583) = 31,1579; a = alpha_1 = 0,0581.
[23.11.2015 18:38:05] Iter 1: Answer is in the range: [0,0581; 0,0823]
[23.11.2015 18:38:05] Step 1: counting alpha_1 = 0,0701, alpha_2 = 0,0703
[23.11.2015 18:38:05] Step 3: f(0,0701) = 23,8206 <= f(0,0703) = 23,8277; b = alpha_2 = 0,0703.
[23.11.2015 18:38:05] Iter 2: Answer is in the range: [0,0581; 0,0703]
[23.11.2015 18:38:05] Step 1: counting alpha_1 = 0,0641, alpha_2 = 0,0643
[23.11.2015 18:38:06] Step 3: f(0,0641) = 25,7722 > f(0,0643) = 25,6435; a = alpha_1 = 0,0641.
[23.11.2015 18:38:06] Iter 3: Answer is in the range: [0,0641; 0,0703]
[23.11.2015 18:38:06] Step 1: counting alpha_1 = 0,0671, alpha_2 = 0,0673
[23.11.2015 18:38:06] Step 3: f(0,0671) = 24,2901 > f(0,0673) = 24,2261; a = alpha_1 = 0,0671.
[23.11.2015 18:38:06] Iter 4: Answer is in the range: [0,0671; 0,0703]
[23.11.2015 18:38:06] Step 1: counting alpha_1 = 0,0686, alpha_2 = 0,0688
[23.11.2015 18:38:06] Step 3: f(0,0686) = 23,9227 > f(0,0688) = 23,8935; a = alpha_1 = 0,0686.
[23.11.2015 18:38:06] Step 4: (b-a)/2 = 0,0008 < eps = 0,0010; STOP SEARCHING!
[23.11.2015 18:38:06] Iter 5: Answer is in the range: [0,0686; 0,0703]
[23.11.2015 18:38:06] Step 5: alpha_end = (a+b)/2; Minimum x* is: 0,0695
[23.11.2015 18:38:06] Step 9: New alpha 0,0694710997104645
[23.11.2015 18:38:06] Step 10: New local search point DenseVector 2-Double
0,0481403
0,0767144

[23.11.2015 18:38:06] Step 11: Iteration end.
[23.11.2015 18:38:06] Step 2: ITERATION number 4
[23.11.2015 18:38:06] Step 5: Sk = DenseVector 2-Double
0,0266517
0,0428194

[23.11.2015 18:38:06] Step 6: Yk = DenseVector 2-Double
 0,355838
-0,197042

[23.11.2015 18:38:06] Step 7: Quasi-Newton matrix: 
DenseMatrix 2x2-Double
2,55346  4,76374
4,76374  8,83507

[23.11.2015 18:38:06] Step 8: Search vector: DenseVector 2-Double
155,043
287,997

[23.11.2015 18:38:06] DSK method started!
[23.11.2015 18:38:06] Step 1: f(alpha)=26581459725344,5000, f(alpha + h)=28159577959310,5000; k=0;
[23.11.2015 18:38:06] Step 3: b=0,0695, alpha1=0,0705, h=-0,0010, k=2.
[23.11.2015 18:38:06] Step 4: alphak=0,0675
[23.11.2015 18:38:06] Step 5: h > 0; b=alpha(k-1)=0,0685
[23.11.2015 18:38:06] k = k + 1 = 3; Go to step 4!
[23.11.2015 18:38:06] Step 4: alphak=0,0655
[23.11.2015 18:38:06] Step 5: h > 0; b=alpha(k-1)=0,0675
[23.11.2015 18:38:06] k = k + 1 = 4; Go to step 4!
[23.11.2015 18:38:06] Step 4: alphak=0,0615
[23.11.2015 18:38:06] Step 5: h > 0; b=alpha(k-1)=0,0655
[23.11.2015 18:38:06] k = k + 1 = 5; Go to step 4!
[23.11.2015 18:38:06] Step 4: alphak=0,0535
[23.11.2015 18:38:06] Step 5: h > 0; b=alpha(k-1)=0,0615
[23.11.2015 18:38:06] k = k + 1 = 6; Go to step 4!
[23.11.2015 18:38:06] Step 4: alphak=0,0375
[23.11.2015 18:38:06] Step 5: h > 0; b=alpha(k-1)=0,0535
[23.11.2015 18:38:06] k = k + 1 = 7; Go to step 4!
[23.11.2015 18:38:06] Step 4: alphak=0,0055
[23.11.2015 18:38:06] Step 5: h > 0; b=alpha(k-1)=0,0375
[23.11.2015 18:38:06] k = k + 1 = 8; Go to step 4!
[23.11.2015 18:38:06] Step 4: alphak=-0,0585
[23.11.2015 18:38:06] Step 5: h < 0; a=alphak-0,0585
[23.11.2015 18:38:06] Step 6: Interval is: [-0,0585 ; 0,0375]
[23.11.2015 18:38:06] Dichotomy method has been started!
[23.11.2015 18:38:06] Counting: delta = eps / 10 = 0,0001
[23.11.2015 18:38:06] Step 1: counting alpha_1 = -0,0106, alpha_2 = -0,0104
[23.11.2015 18:38:06] Step 3: f(-0,0106) = 18896256792,5635 > f(-0,0104) = 17587226139,5683; a = alpha_1 = -0,0106.
[23.11.2015 18:38:06] Iter 0: Answer is in the range: [-0,0106; 0,0375]
[23.11.2015 18:38:06] Step 1: counting alpha_1 = 0,0133, alpha_2 = 0,0135
[23.11.2015 18:38:06] Step 3: f(0,0133) = 30831155169,0747 <= f(0,0135) = 32818435585,5096; b = alpha_2 = 0,0135.
[23.11.2015 18:38:06] Iter 1: Answer is in the range: [-0,0106; 0,0135]
[23.11.2015 18:38:06] Step 1: counting alpha_1 = 0,0013, alpha_2 = 0,0015
[23.11.2015 18:38:06] Step 3: f(0,0013) = 343552,7897 <= f(0,0015) = 900139,6892; b = alpha_2 = 0,0015.
[23.11.2015 18:38:06] Iter 2: Answer is in the range: [-0,0106; 0,0015]
[23.11.2015 18:38:06] Step 1: counting alpha_1 = -0,0046, alpha_2 = -0,0044
[23.11.2015 18:38:06] Step 3: f(-0,0046) = 902638628,8198 > f(-0,0044) = 772923422,6096; a = alpha_1 = -0,0046.
[23.11.2015 18:38:06] Iter 3: Answer is in the range: [-0,0046; 0,0015]
[23.11.2015 18:38:06] Step 1: counting alpha_1 = -0,0016, alpha_2 = -0,0014
[23.11.2015 18:38:06] Step 3: f(-0,0016) = 31056780,7357 > f(-0,0014) = 21462440,2219; a = alpha_1 = -0,0016.
[23.11.2015 18:38:06] Iter 4: Answer is in the range: [-0,0016; 0,0015]
[23.11.2015 18:38:06] Step 1: counting alpha_1 = -0,0002, alpha_2 = 0,0000
[23.11.2015 18:38:06] Step 3: f(-0,0002) = 423296,0883 > f(0,0000) = 132475,6205; a = alpha_1 = -0,0002.
[23.11.2015 18:38:06] Step 4: (b-a)/2 = 0,0008 < eps = 0,0010; STOP SEARCHING!
[23.11.2015 18:38:06] Iter 5: Answer is in the range: [-0,0002; 0,0015]
[23.11.2015 18:38:06] Step 5: alpha_end = (a+b)/2; Minimum x* is: 0,0007
[23.11.2015 18:38:06] Step 9: New alpha 0,000697662210464472
[23.11.2015 18:38:06] Step 10: New local search point DenseVector 2-Double
0,0483845
0,0771679

[23.11.2015 18:38:06] Step 11: Iteration end.
[23.11.2015 18:38:06] Step 2: ITERATION number 5
[23.11.2015 18:38:06] Step 5: Sk = DenseVector 2-Double
0,000244148
0,000453514

[23.11.2015 18:38:06] Step 6: Yk = DenseVector 2-Double
 0,00458896
-0,00257163

[23.11.2015 18:38:06] Step 7: Quasi-Newton matrix: 
DenseMatrix 2x2-Double
1,66268  1,78711
1,78711  5,13036

[23.11.2015 18:38:06] Step 8: Search vector: DenseVector 2-Double
69,4746
151,654

[23.11.2015 18:38:06] DSK method started!
[23.11.2015 18:38:06] Step 1: f(alpha)=163,2709, f(alpha + h)=162,2039; k=0;
[23.11.2015 18:38:06] Step 2: a=0,0007, alpha1=0,0017, k=2; Go to step 4!
[23.11.2015 18:38:06] Step 4: alphak=0,0027
[23.11.2015 18:38:06] Step 5: h > 0; a=alpha(k-1)=0,0017
[23.11.2015 18:38:06] k = k + 1 = 3; Go to step 4!
[23.11.2015 18:38:06] Step 4: alphak=0,0047
[23.11.2015 18:38:06] Step 5: h > 0; a=alpha(k-1)=0,0027
[23.11.2015 18:38:06] k = k + 1 = 4; Go to step 4!
[23.11.2015 18:38:06] Step 4: alphak=0,0087
[23.11.2015 18:38:06] Step 5: h > 0; a=alpha(k-1)=0,0047
[23.11.2015 18:38:06] k = k + 1 = 5; Go to step 4!
[23.11.2015 18:38:06] Step 4: alphak=0,0167
[23.11.2015 18:38:06] Step 5: h > 0; a=alpha(k-1)=0,0087
[23.11.2015 18:38:06] k = k + 1 = 6; Go to step 4!
[23.11.2015 18:38:06] Step 4: alphak=0,0327
[23.11.2015 18:38:06] Step 5: h > 0; a=alpha(k-1)=0,0167
[23.11.2015 18:38:06] k = k + 1 = 7; Go to step 4!
[23.11.2015 18:38:06] Step 4: alphak=0,0647
[23.11.2015 18:38:06] Step 5: h > 0; a=alpha(k-1)=0,0327
[23.11.2015 18:38:06] k = k + 1 = 8; Go to step 4!
[23.11.2015 18:38:06] Step 4: alphak=0,1287
[23.11.2015 18:38:06] Step 5: h > 0; b=alphak=0,1287
[23.11.2015 18:38:06] Step 6: Interval is: [0,0327 ; 0,1287]
[23.11.2015 18:38:06] Dichotomy method has been started!
[23.11.2015 18:38:06] Counting: delta = eps / 10 = 0,0001
[23.11.2015 18:38:06] Step 1: counting alpha_1 = 0,0806, alpha_2 = 0,0808
[23.11.2015 18:38:06] Step 3: f(0,0806) = 39,6011 > f(0,0808) = 39,3942; a = alpha_1 = 0,0806.
[23.11.2015 18:38:06] Iter 0: Answer is in the range: [0,0806; 0,1287]
[23.11.2015 18:38:06] Step 1: counting alpha_1 = 0,1045, alpha_2 = 0,1047
[23.11.2015 18:38:06] Step 3: f(0,1045) = 31,5033 <= f(0,1047) = 31,6101; b = alpha_2 = 0,1047.
[23.11.2015 18:38:06] Iter 1: Answer is in the range: [0,0806; 0,1047]
[23.11.2015 18:38:06] Step 1: counting alpha_1 = 0,0926, alpha_2 = 0,0928
[23.11.2015 18:38:06] Step 3: f(0,0926) = 30,8820 > f(0,0928) = 30,8075; a = alpha_1 = 0,0926.
[23.11.2015 18:38:06] Iter 2: Answer is in the range: [0,0926; 0,1047]
[23.11.2015 18:38:06] Step 1: counting alpha_1 = 0,0986, alpha_2 = 0,0988
[23.11.2015 18:38:06] Step 3: f(0,0986) = 29,8402 <= f(0,0988) = 29,8500; b = alpha_2 = 0,0988.
[23.11.2015 18:38:06] Iter 3: Answer is in the range: [0,0926; 0,0988]
[23.11.2015 18:38:06] Step 1: counting alpha_1 = 0,0956, alpha_2 = 0,0958
[23.11.2015 18:38:06] Step 3: f(0,0956) = 30,0468 > f(0,0958) = 30,0129; a = alpha_1 = 0,0956.
[23.11.2015 18:38:06] Iter 4: Answer is in the range: [0,0956; 0,0988]
[23.11.2015 18:38:06] Step 1: counting alpha_1 = 0,0971, alpha_2 = 0,0973
[23.11.2015 18:38:06] Step 3: f(0,0971) = 29,8620 > f(0,0973) = 29,8495; a = alpha_1 = 0,0971.
[23.11.2015 18:38:06] Step 4: (b-a)/2 = 0,0008 < eps = 0,0010; STOP SEARCHING!
[23.11.2015 18:38:06] Iter 5: Answer is in the range: [0,0971; 0,0988]
[23.11.2015 18:38:06] Step 5: alpha_end = (a+b)/2; Minimum x* is: 0,0979
[23.11.2015 18:38:06] Step 9: New alpha 0,0979117247104645
[23.11.2015 18:38:06] Step 10: New local search point DenseVector 2-Double
0,0791466
 0,144317

[23.11.2015 18:38:06] Step 11: Iteration end.
[23.11.2015 18:38:06] Step 2: ITERATION number 6
[23.11.2015 18:38:06] Step 5: Sk = DenseVector 2-Double
0,0307621
0,0671496

[23.11.2015 18:38:06] Step 6: Yk = DenseVector 2-Double
 0,807644
-0,439739

[23.11.2015 18:38:06] Step 7: Quasi-Newton matrix: 
DenseMatrix 2x2-Double
1,56991   1,4728
 1,4728  4,31463

[23.11.2015 18:38:06] Step 8: Search vector: DenseVector 2-Double
64,8784
136,185

[23.11.2015 18:38:06] DSK method started!
[23.11.2015 18:38:06] Step 1: f(alpha)=818359454629,2390, f(alpha + h)=852799982219,0630; k=0;
[23.11.2015 18:38:06] Step 3: b=0,0979, alpha1=0,0989, h=-0,0010, k=2.
[23.11.2015 18:38:06] Step 4: alphak=0,0959
[23.11.2015 18:38:06] Step 5: h > 0; b=alpha(k-1)=0,0969
[23.11.2015 18:38:06] k = k + 1 = 3; Go to step 4!
[23.11.2015 18:38:06] Step 4: alphak=0,0939
[23.11.2015 18:38:06] Step 5: h > 0; b=alpha(k-1)=0,0959
[23.11.2015 18:38:06] k = k + 1 = 4; Go to step 4!
[23.11.2015 18:38:06] Step 4: alphak=0,0899
[23.11.2015 18:38:06] Step 5: h > 0; b=alpha(k-1)=0,0939
[23.11.2015 18:38:06] k = k + 1 = 5; Go to step 4!
[23.11.2015 18:38:06] Step 4: alphak=0,0819
[23.11.2015 18:38:06] Step 5: h > 0; b=alpha(k-1)=0,0899
[23.11.2015 18:38:06] k = k + 1 = 6; Go to step 4!
[23.11.2015 18:38:06] Step 4: alphak=0,0659
[23.11.2015 18:38:06] Step 5: h > 0; b=alpha(k-1)=0,0819
[23.11.2015 18:38:06] k = k + 1 = 7; Go to step 4!
[23.11.2015 18:38:06] Step 4: alphak=0,0339
[23.11.2015 18:38:06] Step 5: h > 0; b=alpha(k-1)=0,0659
[23.11.2015 18:38:06] k = k + 1 = 8; Go to step 4!
[23.11.2015 18:38:06] Step 4: alphak=-0,0301
[23.11.2015 18:38:06] Step 5: h > 0; b=alpha(k-1)=0,0339
[23.11.2015 18:38:06] k = k + 1 = 9; Go to step 4!
[23.11.2015 18:38:06] Step 4: alphak=-0,1581
[23.11.2015 18:38:06] Step 5: h < 0; a=alphak-0,1581
[23.11.2015 18:38:06] Step 6: Interval is: [-0,1581 ; 0,0339]
[23.11.2015 18:38:06] Dichotomy method has been started!
[23.11.2015 18:38:06] Counting: delta = eps / 10 = 0,0001
[23.11.2015 18:38:06] Step 1: counting alpha_1 = -0,0622, alpha_2 = -0,0620
[23.11.2015 18:38:06] Step 3: f(-0,0622) = 153871962442,3280 > f(-0,0620) = 151944577077,7480; a = alpha_1 = -0,0622.
[23.11.2015 18:38:06] Iter 0: Answer is in the range: [-0,0622; 0,0339]
[23.11.2015 18:38:06] Step 1: counting alpha_1 = -0,0142, alpha_2 = -0,0140
[23.11.2015 18:38:06] Step 3: f(-0,0142) = 560558481,3507 > f(-0,0140) = 532390310,6178; a = alpha_1 = -0,0142.
[23.11.2015 18:38:06] Iter 1: Answer is in the range: [-0,0142; 0,0339]
[23.11.2015 18:38:06] Step 1: counting alpha_1 = 0,0097, alpha_2 = 0,0099
[23.11.2015 18:38:06] Step 3: f(0,0097) = 45993134,6380 <= f(0,0099) = 50555925,3634; b = alpha_2 = 0,0099.
[23.11.2015 18:38:06] Iter 2: Answer is in the range: [-0,0142; 0,0099]
[23.11.2015 18:38:06] Step 1: counting alpha_1 = -0,0023, alpha_2 = -0,0021
[23.11.2015 18:38:06] Step 3: f(-0,0023) = 1637178,8137 > f(-0,0021) = 1305329,9974; a = alpha_1 = -0,0023.
[23.11.2015 18:38:06] Iter 3: Answer is in the range: [-0,0023; 0,0099]
[23.11.2015 18:38:06] Step 1: counting alpha_1 = 0,0037, alpha_2 = 0,0039
[23.11.2015 18:38:06] Step 3: f(0,0037) = 294035,6816 <= f(0,0039) = 407044,8004; b = alpha_2 = 0,0039.
[23.11.2015 18:38:06] Iter 4: Answer is in the range: [-0,0023; 0,0039]
[23.11.2015 18:38:06] Step 1: counting alpha_1 = 0,0007, alpha_2 = 0,0009
[23.11.2015 18:38:06] Step 3: f(0,0007) = 1835,8223 > f(0,0009) = 572,0312; a = alpha_1 = 0,0007.
[23.11.2015 18:38:06] Iter 5: Answer is in the range: [0,0007; 0,0039]
[23.11.2015 18:38:06] Step 1: counting alpha_1 = 0,0022, alpha_2 = 0,0024
[23.11.2015 18:38:06] Step 3: f(0,0022) = 5090,2828 <= f(0,0024) = 11905,5215; b = alpha_2 = 0,0024.
[23.11.2015 18:38:06] Step 4: (b-a)/2 = 0,0008 < eps = 0,0010; STOP SEARCHING!
[23.11.2015 18:38:06] Iter 6: Answer is in the range: [0,0007; 0,0024]
[23.11.2015 18:38:06] Step 5: alpha_end = (a+b)/2; Minimum x* is: 0,0016
[23.11.2015 18:38:06] Step 9: New alpha 0,00159531846046447
[23.11.2015 18:38:06] Step 10: New local search point DenseVector 2-Double
0,0796614
 0,145398

[23.11.2015 18:38:06] Step 11: Iteration end.
[23.11.2015 18:38:06] Step 2: ITERATION number 7
[23.11.2015 18:38:06] Step 5: Sk = DenseVector 2-Double
0,000514772
 0,00108055

[23.11.2015 18:38:06] Step 6: Yk = DenseVector 2-Double
  0,0126667
-0,00673099

[23.11.2015 18:38:06] Step 7: Quasi-Newton matrix: 
DenseMatrix 2x2-Double
0,798374  1,28624
 1,28624  2,03572

[23.11.2015 18:38:06] Step 8: Search vector: DenseVector 2-Double
46,8441
74,5306

[23.11.2015 18:38:06] DSK method started!
[23.11.2015 18:38:06] Step 1: f(alpha)=158,6586, f(alpha + h)=157,3632; k=0;
[23.11.2015 18:38:06] Step 2: a=0,0016, alpha1=0,0026, k=2; Go to step 4!
[23.11.2015 18:38:06] Step 4: alphak=0,0036
[23.11.2015 18:38:06] Step 5: h > 0; a=alpha(k-1)=0,0026
[23.11.2015 18:38:06] k = k + 1 = 3; Go to step 4!
[23.11.2015 18:38:06] Step 4: alphak=0,0056
[23.11.2015 18:38:06] Step 5: h > 0; a=alpha(k-1)=0,0036
[23.11.2015 18:38:06] k = k + 1 = 4; Go to step 4!
[23.11.2015 18:38:06] Step 4: alphak=0,0096
[23.11.2015 18:38:06] Step 5: h > 0; a=alpha(k-1)=0,0056
[23.11.2015 18:38:06] k = k + 1 = 5; Go to step 4!
[23.11.2015 18:38:06] Step 4: alphak=0,0176
[23.11.2015 18:38:06] Step 5: h > 0; a=alpha(k-1)=0,0096
[23.11.2015 18:38:06] k = k + 1 = 6; Go to step 4!
[23.11.2015 18:38:06] Step 4: alphak=0,0336
[23.11.2015 18:38:06] Step 5: h > 0; a=alpha(k-1)=0,0176
[23.11.2015 18:38:06] k = k + 1 = 7; Go to step 4!
[23.11.2015 18:38:06] Step 4: alphak=0,0656
[23.11.2015 18:38:06] Step 5: h > 0; a=alpha(k-1)=0,0336
[23.11.2015 18:38:06] k = k + 1 = 8; Go to step 4!
[23.11.2015 18:38:06] Step 4: alphak=0,1296
[23.11.2015 18:38:06] Step 5: h > 0; b=alphak=0,1296
[23.11.2015 18:38:06] Step 6: Interval is: [0,0336 ; 0,1296]
[23.11.2015 18:38:06] Dichotomy method has been started!
[23.11.2015 18:38:06] Counting: delta = eps / 10 = 0,0001
[23.11.2015 18:38:06] Step 1: counting alpha_1 = 0,0815, alpha_2 = 0,0817
[23.11.2015 18:38:06] Step 3: f(0,0815) = 29,0968 > f(0,0817) = 28,9919; a = alpha_1 = 0,0815.
[23.11.2015 18:38:06] Iter 0: Answer is in the range: [0,0815; 0,1296]
[23.11.2015 18:38:06] Step 1: counting alpha_1 = 0,1054, alpha_2 = 0,1056
[23.11.2015 18:38:06] Step 3: f(0,1054) = 42,7120 <= f(0,1056) = 43,0939; b = alpha_2 = 0,1056.
[23.11.2015 18:38:06] Iter 1: Answer is in the range: [0,0815; 0,1056]
[23.11.2015 18:38:06] Step 1: counting alpha_1 = 0,0935, alpha_2 = 0,0937
[23.11.2015 18:38:06] Step 3: f(0,0935) = 28,6517 <= f(0,0937) = 28,7560; b = alpha_2 = 0,0937.
[23.11.2015 18:38:06] Iter 2: Answer is in the range: [0,0815; 0,0937]
[23.11.2015 18:38:06] Step 1: counting alpha_1 = 0,0875, alpha_2 = 0,0877
[23.11.2015 18:38:06] Step 3: f(0,0875) = 27,3138 > f(0,0877) = 27,3054; a = alpha_1 = 0,0875.
[23.11.2015 18:38:06] Iter 3: Answer is in the range: [0,0875; 0,0937]
[23.11.2015 18:38:06] Step 1: counting alpha_1 = 0,0905, alpha_2 = 0,0907
[23.11.2015 18:38:06] Step 3: f(0,0905) = 27,5621 <= f(0,0907) = 27,6079; b = alpha_2 = 0,0907.
[23.11.2015 18:38:06] Iter 4: Answer is in the range: [0,0875; 0,0907]
[23.11.2015 18:38:06] Step 1: counting alpha_1 = 0,0890, alpha_2 = 0,0892
[23.11.2015 18:38:06] Step 3: f(0,0890) = 27,3367 <= f(0,0892) = 27,3549; b = alpha_2 = 0,0892.
[23.11.2015 18:38:06] Step 4: (b-a)/2 = 0,0008 < eps = 0,0010; STOP SEARCHING!
[23.11.2015 18:38:06] Iter 5: Answer is in the range: [0,0875; 0,0892]
[23.11.2015 18:38:06] Step 5: alpha_end = (a+b)/2; Minimum x* is: 0,0883
[23.11.2015 18:38:06] Step 9: New alpha 0,0883312559604645
[23.11.2015 18:38:06] Step 10: New local search point DenseVector 2-Double
0,113752
0,199638

[23.11.2015 18:38:06] Step 11: Iteration end.
[23.11.2015 18:38:06] Step 2: ITERATION number 8
[23.11.2015 18:38:06] Step 5: Sk = DenseVector 2-Double
0,0340911
0,0542402

[23.11.2015 18:38:06] Step 6: Yk = DenseVector 2-Double
 0,477595
-0,213659

[23.11.2015 18:38:06] Step 7: Quasi-Newton matrix: 
DenseMatrix 2x2-Double
0,302098  2,05378
 2,05378   2,4751

[23.11.2015 18:38:06] Step 8: Search vector: DenseVector 2-Double
61,1543
105,129

[23.11.2015 18:38:06] DSK method started!
[23.11.2015 18:38:06] Step 1: f(alpha)=7296980194,2334, f(alpha + h)=7644405406,5917; k=0;
[23.11.2015 18:38:06] Step 3: b=0,0883, alpha1=0,0893, h=-0,0010, k=2.
[23.11.2015 18:38:06] Step 4: alphak=0,0863
[23.11.2015 18:38:06] Step 5: h > 0; b=alpha(k-1)=0,0873
[23.11.2015 18:38:06] k = k + 1 = 3; Go to step 4!
[23.11.2015 18:38:06] Step 4: alphak=0,0843
[23.11.2015 18:38:06] Step 5: h > 0; b=alpha(k-1)=0,0863
[23.11.2015 18:38:06] k = k + 1 = 4; Go to step 4!
[23.11.2015 18:38:06] Step 4: alphak=0,0803
[23.11.2015 18:38:06] Step 5: h > 0; b=alpha(k-1)=0,0843
[23.11.2015 18:38:06] k = k + 1 = 5; Go to step 4!
[23.11.2015 18:38:07] Step 4: alphak=0,0723
[23.11.2015 18:38:07] Step 5: h > 0; b=alpha(k-1)=0,0803
[23.11.2015 18:38:07] k = k + 1 = 6; Go to step 4!
[23.11.2015 18:38:07] Step 4: alphak=0,0563
[23.11.2015 18:38:07] Step 5: h > 0; b=alpha(k-1)=0,0723
[23.11.2015 18:38:07] k = k + 1 = 7; Go to step 4!
[23.11.2015 18:38:07] Step 4: alphak=0,0243
[23.11.2015 18:38:07] Step 5: h > 0; b=alpha(k-1)=0,0563
[23.11.2015 18:38:07] k = k + 1 = 8; Go to step 4!
[23.11.2015 18:38:07] Step 4: alphak=-0,0397
[23.11.2015 18:38:07] Step 5: h < 0; a=alphak-0,0397
[23.11.2015 18:38:07] Step 6: Interval is: [-0,0397 ; 0,0563]
[23.11.2015 18:38:07] Dichotomy method has been started!
[23.11.2015 18:38:07] Counting: delta = eps / 10 = 0,0001
[23.11.2015 18:38:07] Step 1: counting alpha_1 = 0,0082, alpha_2 = 0,0084
[23.11.2015 18:38:07] Step 3: f(0,0082) = 115631,8122 <= f(0,0084) = 133767,3057; b = alpha_2 = 0,0084.
[23.11.2015 18:38:07] Iter 0: Answer is in the range: [-0,0397; 0,0084]
[23.11.2015 18:38:07] Step 1: counting alpha_1 = -0,0157, alpha_2 = -0,0155
[23.11.2015 18:38:07] Step 3: f(-0,0157) = 16171019,2660 > f(-0,0155) = 15484775,2286; a = alpha_1 = -0,0157.
[23.11.2015 18:38:07] Iter 1: Answer is in the range: [-0,0157; 0,0084]
[23.11.2015 18:38:07] Step 1: counting alpha_1 = -0,0037, alpha_2 = -0,0035
[23.11.2015 18:38:07] Step 3: f(-0,0037) = 254836,5580 > f(-0,0035) = 225185,1591; a = alpha_1 = -0,0037.
[23.11.2015 18:38:07] Iter 2: Answer is in the range: [-0,0037; 0,0084]
[23.11.2015 18:38:07] Step 1: counting alpha_1 = 0,0022, alpha_2 = 0,0024
[23.11.2015 18:38:07] Step 3: f(0,0022) = 19,5232 > f(0,0024) = 11,3025; a = alpha_1 = 0,0022.
[23.11.2015 18:38:07] Iter 3: Answer is in the range: [0,0022; 0,0084]
[23.11.2015 18:38:07] Step 1: counting alpha_1 = 0,0052, alpha_2 = 0,0054
[23.11.2015 18:38:07] Step 3: f(0,0052) = 4527,1915 <= f(0,0054) = 6234,3876; b = alpha_2 = 0,0054.
[23.11.2015 18:38:07] Iter 4: Answer is in the range: [0,0022; 0,0054]
[23.11.2015 18:38:07] Step 1: counting alpha_1 = 0,0037, alpha_2 = 0,0039
[23.11.2015 18:38:07] Step 3: f(0,0037) = 106,9404 <= f(0,0039) = 216,5523; b = alpha_2 = 0,0039.
[23.11.2015 18:38:07] Step 4: (b-a)/2 = 0,0008 < eps = 0,0010; STOP SEARCHING!
[23.11.2015 18:38:07] Iter 5: Answer is in the range: [0,0022; 0,0039]
[23.11.2015 18:38:07] Step 5: alpha_end = (a+b)/2; Minimum x* is: 0,0031
[23.11.2015 18:38:07] Step 9: New alpha 0,00309219346046448
[23.11.2015 18:38:07] Step 10: New local search point DenseVector 2-Double
 0,11489
0,201593

[23.11.2015 18:38:07] Step 11: Iteration end.
[23.11.2015 18:38:07] Step 2: ITERATION number 9
[23.11.2015 18:38:07] Step 5: Sk = DenseVector 2-Double
0,00113722
0,00195497

[23.11.2015 18:38:07] Step 6: Yk = DenseVector 2-Double
  0,0192484
-0,00880861

[23.11.2015 18:38:07] Step 7: Quasi-Newton matrix: 
DenseMatrix 2x2-Double
-0,347917  0,962627
 0,962627  0,643745

[23.11.2015 18:38:07] Step 8: Search vector: DenseVector 2-Double
19,5901
35,3873

[23.11.2015 18:38:07] DSK method started!
[23.11.2015 18:38:07] Step 1: f(alpha)=154,6083, f(alpha + h)=153,1615; k=0;
[23.11.2015 18:38:07] Step 2: a=0,0031, alpha1=0,0041, k=2; Go to step 4!
[23.11.2015 18:38:07] Step 4: alphak=0,0051
[23.11.2015 18:38:07] Step 5: h > 0; a=alpha(k-1)=0,0041
[23.11.2015 18:38:07] k = k + 1 = 3; Go to step 4!
[23.11.2015 18:38:07] Step 4: alphak=0,0071
[23.11.2015 18:38:07] Step 5: h > 0; a=alpha(k-1)=0,0051
[23.11.2015 18:38:07] k = k + 1 = 4; Go to step 4!
[23.11.2015 18:38:07] Step 4: alphak=0,0111
[23.11.2015 18:38:07] Step 5: h > 0; a=alpha(k-1)=0,0071
[23.11.2015 18:38:07] k = k + 1 = 5; Go to step 4!
[23.11.2015 18:38:07] Step 4: alphak=0,0191
[23.11.2015 18:38:07] Step 5: h > 0; a=alpha(k-1)=0,0111
[23.11.2015 18:38:07] k = k + 1 = 6; Go to step 4!
[23.11.2015 18:38:07] Step 4: alphak=0,0351
[23.11.2015 18:38:07] Step 5: h > 0; a=alpha(k-1)=0,0191
[23.11.2015 18:38:07] k = k + 1 = 7; Go to step 4!
[23.11.2015 18:38:07] Step 4: alphak=0,0671
[23.11.2015 18:38:07] Step 5: h > 0; a=alpha(k-1)=0,0351
[23.11.2015 18:38:07] k = k + 1 = 8; Go to step 4!
[23.11.2015 18:38:07] Step 4: alphak=0,1311
[23.11.2015 18:38:07] Step 5: h > 0; b=alphak=0,1311
[23.11.2015 18:38:07] Step 6: Interval is: [0,0351 ; 0,1311]
[23.11.2015 18:38:07] Dichotomy method has been started!
[23.11.2015 18:38:07] Counting: delta = eps / 10 = 0,0001
[23.11.2015 18:38:07] Step 1: counting alpha_1 = 0,0830, alpha_2 = 0,0832
[23.11.2015 18:38:07] Step 3: f(0,0830) = 27,6689 > f(0,0832) = 27,6643; a = alpha_1 = 0,0830.
[23.11.2015 18:38:07] Iter 0: Answer is in the range: [0,0830; 0,1311]
[23.11.2015 18:38:07] Step 1: counting alpha_1 = 0,1069, alpha_2 = 0,1071
[23.11.2015 18:38:07] Step 3: f(0,1069) = 60,0639 <= f(0,1071) = 60,6685; b = alpha_2 = 0,1071.
[23.11.2015 18:38:07] Iter 1: Answer is in the range: [0,0830; 0,1071]
[23.11.2015 18:38:07] Step 1: counting alpha_1 = 0,0950, alpha_2 = 0,0952
[23.11.2015 18:38:07] Step 3: f(0,0950) = 34,7863 <= f(0,0952) = 35,0459; b = alpha_2 = 0,0952.
[23.11.2015 18:38:07] Iter 2: Answer is in the range: [0,0830; 0,0952]
[23.11.2015 18:38:07] Step 1: counting alpha_1 = 0,0890, alpha_2 = 0,0892
[23.11.2015 18:38:07] Step 3: f(0,0890) = 29,2565 <= f(0,0892) = 29,3743; b = alpha_2 = 0,0892.
[23.11.2015 18:38:07] Iter 3: Answer is in the range: [0,0830; 0,0892]
[23.11.2015 18:38:07] Step 1: counting alpha_1 = 0,0860, alpha_2 = 0,0862
[23.11.2015 18:38:07] Step 3: f(0,0860) = 28,0056 <= f(0,0862) = 28,0599; b = alpha_2 = 0,0862.
[23.11.2015 18:38:07] Iter 4: Answer is in the range: [0,0830; 0,0862]
[23.11.2015 18:38:07] Step 1: counting alpha_1 = 0,0845, alpha_2 = 0,0847
[23.11.2015 18:38:07] Step 3: f(0,0845) = 27,7273 <= f(0,0847) = 27,7516; b = alpha_2 = 0,0847.
[23.11.2015 18:38:07] Step 4: (b-a)/2 = 0,0008 < eps = 0,0010; STOP SEARCHING!
[23.11.2015 18:38:07] Iter 5: Answer is in the range: [0,0830; 0,0847]
[23.11.2015 18:38:07] Step 5: alpha_end = (a+b)/2; Minimum x* is: 0,0838
[23.11.2015 18:38:07] Step 9: New alpha 0,0838406309604645
[23.11.2015 18:38:07] Step 10: New local search point DenseVector 2-Double
0,144765
0,255559

[23.11.2015 18:38:07] Step 11: Iteration end.
[23.11.2015 18:38:07] Step 2: ITERATION number 10
[23.11.2015 18:38:07] Step 5: Sk = DenseVector 2-Double
 0,029875
0,0539657

[23.11.2015 18:38:07] Step 6: Yk = DenseVector 2-Double
 0,573409
-0,252503

[23.11.2015 18:38:07] Step 7: Quasi-Newton matrix: 
DenseMatrix 2x2-Double
0,260101  0,857315
0,857315    2,3797

[23.11.2015 18:38:07] Step 8: Search vector: DenseVector 2-Double
29,4828
84,5151

[23.11.2015 18:38:07] DSK method started!
[23.11.2015 18:38:07] Step 1: f(alpha)=175085753,7976, f(alpha + h)=184149280,9786; k=0;
[23.11.2015 18:38:07] Step 3: b=0,0838, alpha1=0,0848, h=-0,0010, k=2.
[23.11.2015 18:38:07] Step 4: alphak=0,0818
[23.11.2015 18:38:07] Step 5: h > 0; b=alpha(k-1)=0,0828
[23.11.2015 18:38:07] k = k + 1 = 3; Go to step 4!
[23.11.2015 18:38:07] Step 4: alphak=0,0798
[23.11.2015 18:38:07] Step 5: h > 0; b=alpha(k-1)=0,0818
[23.11.2015 18:38:07] k = k + 1 = 4; Go to step 4!
[23.11.2015 18:38:07] Step 4: alphak=0,0758
[23.11.2015 18:38:07] Step 5: h > 0; b=alpha(k-1)=0,0798
[23.11.2015 18:38:07] k = k + 1 = 5; Go to step 4!
[23.11.2015 18:38:07] Step 4: alphak=0,0678
[23.11.2015 18:38:07] Step 5: h > 0; b=alpha(k-1)=0,0758
[23.11.2015 18:38:07] k = k + 1 = 6; Go to step 4!
[23.11.2015 18:38:07] Step 4: alphak=0,0518
[23.11.2015 18:38:07] Step 5: h > 0; b=alpha(k-1)=0,0678
[23.11.2015 18:38:07] k = k + 1 = 7; Go to step 4!
[23.11.2015 18:38:07] Step 4: alphak=0,0198
[23.11.2015 18:38:07] Step 5: h > 0; b=alpha(k-1)=0,0518
[23.11.2015 18:38:07] k = k + 1 = 8; Go to step 4!
[23.11.2015 18:38:07] Step 4: alphak=-0,0442
[23.11.2015 18:38:07] Step 5: h < 0; a=alphak-0,0442
[23.11.2015 18:38:07] Step 6: Interval is: [-0,0442 ; 0,0518]
[23.11.2015 18:38:07] Dichotomy method has been started!
[23.11.2015 18:38:07] Counting: delta = eps / 10 = 0,0001
[23.11.2015 18:38:07] Step 1: counting alpha_1 = 0,0037, alpha_2 = 0,0039
[23.11.2015 18:38:07] Step 3: f(0,0037) = 23,1778 <= f(0,0039) = 30,9539; b = alpha_2 = 0,0039.
[23.11.2015 18:38:07] Iter 0: Answer is in the range: [-0,0442; 0,0039]
[23.11.2015 18:38:07] Step 1: counting alpha_1 = -0,0202, alpha_2 = -0,0200
[23.11.2015 18:38:07] Step 3: f(-0,0202) = 1843134,7488 > f(-0,0200) = 1785284,7980; a = alpha_1 = -0,0202.
[23.11.2015 18:38:07] Iter 1: Answer is in the range: [-0,0202; 0,0039]
[23.11.2015 18:38:07] Step 1: counting alpha_1 = -0,0082, alpha_2 = -0,0080
[23.11.2015 18:38:07] Step 3: f(-0,0082) = 138703,4538 > f(-0,0080) = 130440,8113; a = alpha_1 = -0,0082.
[23.11.2015 18:38:07] Iter 2: Answer is in the range: [-0,0082; 0,0039]
[23.11.2015 18:38:07] Step 1: counting alpha_1 = -0,0022, alpha_2 = -0,0020
[23.11.2015 18:38:07] Step 3: f(-0,0022) = 11893,3379 > f(-0,0020) = 10587,1926; a = alpha_1 = -0,0022.
[23.11.2015 18:38:07] Iter 3: Answer is in the range: [-0,0022; 0,0039]
[23.11.2015 18:38:07] Step 1: counting alpha_1 = 0,0007, alpha_2 = 0,0009
[23.11.2015 18:38:07] Step 3: f(0,0007) = 1198,8653 > f(0,0009) = 962,0873; a = alpha_1 = 0,0007.
[23.11.2015 18:38:07] Iter 4: Answer is in the range: [0,0007; 0,0039]
[23.11.2015 18:38:07] Step 1: counting alpha_1 = 0,0022, alpha_2 = 0,0024
[23.11.2015 18:38:07] Step 3: f(0,0022) = 142,6230 > f(0,0024) = 94,6092; a = alpha_1 = 0,0022.
[23.11.2015 18:38:07] Step 4: (b-a)/2 = 0,0008 < eps = 0,0010; STOP SEARCHING!
[23.11.2015 18:38:07] Iter 5: Answer is in the range: [0,0022; 0,0039]
[23.11.2015 18:38:07] Step 5: alpha_end = (a+b)/2; Minimum x* is: 0,0031
[23.11.2015 18:38:07] Step 9: New alpha 0,00309219346046448
[23.11.2015 18:38:07] Step 10: New local search point DenseVector 2-Double
0,145564
0,257851

[23.11.2015 18:38:07] Step 11: Iteration end.
[23.11.2015 18:38:07] Step 2: ITERATION number 11
[23.11.2015 18:38:07] Step 5: Sk = DenseVector 2-Double
0,000799721
 0,00229247

[23.11.2015 18:38:07] Step 6: Yk = DenseVector 2-Double
 0,0340828
-0,0170906

[23.11.2015 18:38:07] Step 7: Quasi-Newton matrix: 
DenseMatrix 2x2-Double
 0,80564  0,242002
0,242002   2,29445

[23.11.2015 18:38:07] Step 8: Search vector: DenseVector 2-Double
22,8497
70,0571

[23.11.2015 18:38:07] DSK method started!
[23.11.2015 18:38:07] Step 1: f(alpha)=147,6604, f(alpha + h)=145,9140; k=0;
[23.11.2015 18:38:07] Step 2: a=0,0031, alpha1=0,0041, k=2; Go to step 4!
[23.11.2015 18:38:07] Step 4: alphak=0,0051
[23.11.2015 18:38:07] Step 5: h > 0; a=alpha(k-1)=0,0041
[23.11.2015 18:38:07] k = k + 1 = 3; Go to step 4!
[23.11.2015 18:38:07] Step 4: alphak=0,0071
[23.11.2015 18:38:07] Step 5: h > 0; a=alpha(k-1)=0,0051
[23.11.2015 18:38:08] k = k + 1 = 4; Go to step 4!
[23.11.2015 18:38:08] Step 4: alphak=0,0111
[23.11.2015 18:38:08] Step 5: h > 0; a=alpha(k-1)=0,0071
[23.11.2015 18:38:08] k = k + 1 = 5; Go to step 4!
[23.11.2015 18:38:08] Step 4: alphak=0,0191
[23.11.2015 18:38:08] Step 5: h > 0; a=alpha(k-1)=0,0111
[23.11.2015 18:38:08] k = k + 1 = 6; Go to step 4!
[23.11.2015 18:38:08] Step 4: alphak=0,0351
[23.11.2015 18:38:08] Step 5: h > 0; a=alpha(k-1)=0,0191
[23.11.2015 18:38:08] k = k + 1 = 7; Go to step 4!
[23.11.2015 18:38:08] Step 4: alphak=0,0671
[23.11.2015 18:38:08] Step 5: h > 0; a=alpha(k-1)=0,0351
[23.11.2015 18:38:08] k = k + 1 = 8; Go to step 4!
[23.11.2015 18:38:08] Step 4: alphak=0,1311
[23.11.2015 18:38:08] Step 5: h > 0; b=alphak=0,1311
[23.11.2015 18:38:08] Step 6: Interval is: [0,0351 ; 0,1311]
[23.11.2015 18:38:08] Dichotomy method has been started!
[23.11.2015 18:38:08] Counting: delta = eps / 10 = 0,0001
[23.11.2015 18:38:08] Step 1: counting alpha_1 = 0,0830, alpha_2 = 0,0832
[23.11.2015 18:38:08] Step 3: f(0,0830) = 43,7539 <= f(0,0832) = 44,1171; b = alpha_2 = 0,0832.
[23.11.2015 18:38:08] Iter 0: Answer is in the range: [0,0351; 0,0832]
[23.11.2015 18:38:08] Step 1: counting alpha_1 = 0,0590, alpha_2 = 0,0592
[23.11.2015 18:38:08] Step 3: f(0,0590) = 39,0156 > f(0,0592) = 38,8035; a = alpha_1 = 0,0590.
[23.11.2015 18:38:08] Iter 1: Answer is in the range: [0,0590; 0,0832]
[23.11.2015 18:38:08] Step 1: counting alpha_1 = 0,0710, alpha_2 = 0,0712
[23.11.2015 18:38:08] Step 3: f(0,0710) = 32,8299 <= f(0,0712) = 32,8551; b = alpha_2 = 0,0712.
[23.11.2015 18:38:08] Iter 2: Answer is in the range: [0,0590; 0,0712]
[23.11.2015 18:38:08] Step 1: counting alpha_1 = 0,0650, alpha_2 = 0,0652
[23.11.2015 18:38:08] Step 3: f(0,0650) = 34,1550 > f(0,0652) = 34,0498; a = alpha_1 = 0,0650.
[23.11.2015 18:38:08] Iter 3: Answer is in the range: [0,0650; 0,0712]
[23.11.2015 18:38:08] Step 1: counting alpha_1 = 0,0680, alpha_2 = 0,0682
[23.11.2015 18:38:08] Step 3: f(0,0680) = 33,0060 > f(0,0682) = 32,9629; a = alpha_1 = 0,0680.
[23.11.2015 18:38:08] Iter 4: Answer is in the range: [0,0680; 0,0712]
[23.11.2015 18:38:08] Step 1: counting alpha_1 = 0,0695, alpha_2 = 0,0697
[23.11.2015 18:38:08] Step 3: f(0,0695) = 32,7906 > f(0,0697) = 32,7808; a = alpha_1 = 0,0695.
[23.11.2015 18:38:08] Step 4: (b-a)/2 = 0,0008 < eps = 0,0010; STOP SEARCHING!
[23.11.2015 18:38:08] Iter 5: Answer is in the range: [0,0695; 0,0712]
[23.11.2015 18:38:08] Step 5: alpha_end = (a+b)/2; Minimum x* is: 0,0704
[23.11.2015 18:38:08] Step 9: New alpha 0,0703687559604645
[23.11.2015 18:38:08] Step 10: New local search point DenseVector 2-Double
0,162871
0,310913

[23.11.2015 18:38:08] Step 11: Iteration end.
[23.11.2015 18:38:08] Step 2: ITERATION number 12
[23.11.2015 18:38:08] Step 5: Sk = DenseVector 2-Double
0,0173066
0,0530621

[23.11.2015 18:38:08] Step 6: Yk = DenseVector 2-Double
 0,820928
-0,402555

[23.11.2015 18:38:08] Step 7: Quasi-Newton matrix: 
DenseMatrix 2x2-Double
 3,7954  5,96911
5,96911  13,2105

[23.11.2015 18:38:08] Step 8: Search vector: DenseVector 2-Double
254,848
514,365

[23.11.2015 18:38:08] DSK method started!
[23.11.2015 18:38:08] Step 1: f(alpha)=36507312930498200,0000, f(alpha + h)=38632906274626900,0000; k=0;
[23.11.2015 18:38:08] Step 3: b=0,0704, alpha1=0,0714, h=-0,0010, k=2.
[23.11.2015 18:38:08] Step 4: alphak=0,0684
[23.11.2015 18:38:08] Step 5: h > 0; b=alpha(k-1)=0,0694
[23.11.2015 18:38:08] k = k + 1 = 3; Go to step 4!
[23.11.2015 18:38:08] Step 4: alphak=0,0664
[23.11.2015 18:38:08] Step 5: h > 0; b=alpha(k-1)=0,0684
[23.11.2015 18:38:08] k = k + 1 = 4; Go to step 4!
[23.11.2015 18:38:08] Step 4: alphak=0,0624
[23.11.2015 18:38:08] Step 5: h > 0; b=alpha(k-1)=0,0664
[23.11.2015 18:38:08] k = k + 1 = 5; Go to step 4!
[23.11.2015 18:38:08] Step 4: alphak=0,0544
[23.11.2015 18:38:08] Step 5: h > 0; b=alpha(k-1)=0,0624
[23.11.2015 18:38:08] k = k + 1 = 6; Go to step 4!
[23.11.2015 18:38:08] Step 4: alphak=0,0384
[23.11.2015 18:38:08] Step 5: h > 0; b=alpha(k-1)=0,0544
[23.11.2015 18:38:08] k = k + 1 = 7; Go to step 4!
[23.11.2015 18:38:08] Step 4: alphak=0,0064
[23.11.2015 18:38:08] Step 5: h > 0; b=alpha(k-1)=0,0384
[23.11.2015 18:38:08] k = k + 1 = 8; Go to step 4!
[23.11.2015 18:38:08] Step 4: alphak=-0,0576
[23.11.2015 18:38:08] Step 5: h < 0; a=alphak-0,0576
[23.11.2015 18:38:08] Step 6: Interval is: [-0,0576 ; 0,0384]
[23.11.2015 18:38:08] Dichotomy method has been started!
[23.11.2015 18:38:08] Counting: delta = eps / 10 = 0,0001
[23.11.2015 18:38:08] Step 1: counting alpha_1 = -0,0097, alpha_2 = -0,0095
[23.11.2015 18:38:08] Step 3: f(-0,0097) = 14555365691899,7000 > f(-0,0095) = 13416266867374,1000; a = alpha_1 = -0,0097.
[23.11.2015 18:38:08] Iter 0: Answer is in the range: [-0,0097; 0,0384]
[23.11.2015 18:38:08] Step 1: counting alpha_1 = 0,0142, alpha_2 = 0,0144
[23.11.2015 18:38:08] Step 3: f(0,0142) = 58349082655528,5000 <= f(0,0144) = 61747312492246,6000; b = alpha_2 = 0,0144.
[23.11.2015 18:38:08] Iter 1: Answer is in the range: [-0,0097; 0,0144]
[23.11.2015 18:38:08] Step 1: counting alpha_1 = 0,0022, alpha_2 = 0,0024
[23.11.2015 18:38:08] Step 3: f(0,0022) = 26986409365,6486 <= f(0,0024) = 39107543285,1000; b = alpha_2 = 0,0024.
[23.11.2015 18:38:08] Iter 2: Answer is in the range: [-0,0097; 0,0024]
[23.11.2015 18:38:08] Step 1: counting alpha_1 = -0,0037, alpha_2 = -0,0035
[23.11.2015 18:38:08] Step 3: f(-0,0037) = 358869928341,3460 > f(-0,0035) = 291205199132,4820; a = alpha_1 = -0,0037.
[23.11.2015 18:38:08] Iter 3: Answer is in the range: [-0,0037; 0,0024]
[23.11.2015 18:38:08] Step 1: counting alpha_1 = -0,0007, alpha_2 = -0,0005
[23.11.2015 18:38:08] Step 3: f(-0,0007) = 1156473320,3583 > f(-0,0005) = 442553556,9073; a = alpha_1 = -0,0007.
[23.11.2015 18:38:08] Iter 4: Answer is in the range: [-0,0007; 0,0024]
[23.11.2015 18:38:08] Step 1: counting alpha_1 = 0,0007, alpha_2 = 0,0009
[23.11.2015 18:38:08] Step 3: f(0,0007) = 149287474,3781 <= f(0,0009) = 505095129,9044; b = alpha_2 = 0,0009.
[23.11.2015 18:38:08] Step 4: (b-a)/2 = 0,0008 < eps = 0,0010; STOP SEARCHING!
[23.11.2015 18:38:08] Iter 5: Answer is in the range: [-0,0007; 0,0009]
[23.11.2015 18:38:08] Step 5: alpha_end = (a+b)/2; Minimum x* is: 0,0001
[23.11.2015 18:38:08] Step 9: New alpha 9,84434604644895E-05
[23.11.2015 18:38:08] Step 10: New local search point DenseVector 2-Double
0,162904
0,310979

[23.11.2015 18:38:08] Step 11: Iteration end.
[23.11.2015 18:38:08] Step 2: ITERATION number 13
[23.11.2015 18:38:08] Step 5: Sk = DenseVector 2-Double
3,26153E-05
6,58282E-05

[23.11.2015 18:38:08] Step 6: Yk = DenseVector 2-Double
 0,000796299
-0,000339856

[23.11.2015 18:38:08] Step 7: Quasi-Newton matrix: 
DenseMatrix 2x2-Double
3,60589  7,07476
7,07476    13,88

[23.11.2015 18:38:08] Step 8: Search vector: DenseVector 2-Double
 283,85
556,893

[23.11.2015 18:38:08] DSK method started!
[23.11.2015 18:38:08] Step 1: f(alpha)=156,7332, f(alpha + h)=155,2921; k=0;
[23.11.2015 18:38:08] Step 2: a=0,0001, alpha1=0,0011, k=2; Go to step 4!
[23.11.2015 18:38:08] Step 4: alphak=0,0021
[23.11.2015 18:38:08] Step 5: h > 0; a=alpha(k-1)=0,0011
[23.11.2015 18:38:08] k = k + 1 = 3; Go to step 4!
[23.11.2015 18:38:08] Step 4: alphak=0,0041
[23.11.2015 18:38:08] Step 5: h > 0; a=alpha(k-1)=0,0021
[23.11.2015 18:38:08] k = k + 1 = 4; Go to step 4!
[23.11.2015 18:38:08] Step 4: alphak=0,0081
[23.11.2015 18:38:08] Step 5: h > 0; a=alpha(k-1)=0,0041
[23.11.2015 18:38:08] k = k + 1 = 5; Go to step 4!
[23.11.2015 18:38:08] Step 4: alphak=0,0161
[23.11.2015 18:38:08] Step 5: h > 0; a=alpha(k-1)=0,0081
[23.11.2015 18:38:08] k = k + 1 = 6; Go to step 4!
[23.11.2015 18:38:08] Step 4: alphak=0,0321
[23.11.2015 18:38:08] Step 5: h > 0; a=alpha(k-1)=0,0161
[23.11.2015 18:38:08] k = k + 1 = 7; Go to step 4!
[23.11.2015 18:38:08] Step 4: alphak=0,0641
[23.11.2015 18:38:08] Step 5: h > 0; a=alpha(k-1)=0,0321
[23.11.2015 18:38:08] k = k + 1 = 8; Go to step 4!
[23.11.2015 18:38:08] Step 4: alphak=0,1281
[23.11.2015 18:38:08] Step 5: h > 0; b=alphak=0,1281
[23.11.2015 18:38:08] Step 6: Interval is: [0,0321 ; 0,1281]
[23.11.2015 18:38:08] Dichotomy method has been started!
[23.11.2015 18:38:08] Counting: delta = eps / 10 = 0,0001
[23.11.2015 18:38:08] Step 1: counting alpha_1 = 0,0800, alpha_2 = 0,0802
[23.11.2015 18:38:08] Step 3: f(0,0800) = 29,3924 <= f(0,0802) = 29,4266; b = alpha_2 = 0,0802.
[23.11.2015 18:38:08] Iter 0: Answer is in the range: [0,0321; 0,0802]
[23.11.2015 18:38:08] Step 1: counting alpha_1 = 0,0560, alpha_2 = 0,0562
[23.11.2015 18:38:08] Step 3: f(0,0560) = 49,8562 > f(0,0562) = 49,5324; a = alpha_1 = 0,0560.
[23.11.2015 18:38:08] Iter 1: Answer is in the range: [0,0560; 0,0802]
[23.11.2015 18:38:08] Step 1: counting alpha_1 = 0,0680, alpha_2 = 0,0682
[23.11.2015 18:38:08] Step 3: f(0,0680) = 34,3072 > f(0,0682) = 34,1255; a = alpha_1 = 0,0680.
[23.11.2015 18:38:08] Iter 2: Answer is in the range: [0,0680; 0,0802]
[23.11.2015 18:38:08] Step 1: counting alpha_1 = 0,0740, alpha_2 = 0,0742
[23.11.2015 18:38:08] Step 3: f(0,0740) = 30,2405 > f(0,0742) = 30,1570; a = alpha_1 = 0,0740.
[23.11.2015 18:38:08] Iter 3: Answer is in the range: [0,0740; 0,0802]
[23.11.2015 18:38:08] Step 1: counting alpha_1 = 0,0770, alpha_2 = 0,0772
[23.11.2015 18:38:08] Step 3: f(0,0770) = 29,3772 > f(0,0772) = 29,3500; a = alpha_1 = 0,0770.
[23.11.2015 18:38:08] Iter 4: Answer is in the range: [0,0770; 0,0802]
[23.11.2015 18:38:08] Step 1: counting alpha_1 = 0,0785, alpha_2 = 0,0787
[23.11.2015 18:38:08] Step 3: f(0,0785) = 29,2703 <= f(0,0787) = 29,2731; b = alpha_2 = 0,0787.
[23.11.2015 18:38:08] Step 4: (b-a)/2 = 0,0008 < eps = 0,0010; STOP SEARCHING!
[23.11.2015 18:38:08] Iter 5: Answer is in the range: [0,0770; 0,0787]
[23.11.2015 18:38:08] Step 5: alpha_end = (a+b)/2; Minimum x* is: 0,0779
[23.11.2015 18:38:08] Step 9: New alpha 0,0778531309604645
[23.11.2015 18:38:08] Step 10: New local search point DenseVector 2-Double
0,189188
0,362548

[23.11.2015 18:38:08] Step 11: Iteration end.
[23.11.2015 18:38:08] Step 2: ITERATION number 14
[23.11.2015 18:38:08] Step 5: Sk = DenseVector 2-Double
0,0262846
0,0515685

[23.11.2015 18:38:08] Step 6: Yk = DenseVector 2-Double
 0,617849
-0,244496

[23.11.2015 18:38:08] Step 7: Quasi-Newton matrix: 
DenseMatrix 2x2-Double
1,99392  6,51573
6,51573    14,13

[23.11.2015 18:38:08] Step 8: Search vector: DenseVector 2-Double
243,885
575,749

[23.11.2015 18:38:08] DSK method started!
[23.11.2015 18:38:08] Step 1: f(alpha)=699584555664477000,0000, f(alpha + h)=736285282701115000,0000; k=0;
[23.11.2015 18:38:08] Step 3: b=0,0779, alpha1=0,0789, h=-0,0010, k=2.
[23.11.2015 18:38:08] Step 4: alphak=0,0759
[23.11.2015 18:38:08] Step 5: h > 0; b=alpha(k-1)=0,0769
[23.11.2015 18:38:08] k = k + 1 = 3; Go to step 4!
[23.11.2015 18:38:08] Step 4: alphak=0,0739
[23.11.2015 18:38:08] Step 5: h > 0; b=alpha(k-1)=0,0759
[23.11.2015 18:38:08] k = k + 1 = 4; Go to step 4!
[23.11.2015 18:38:08] Step 4: alphak=0,0699
[23.11.2015 18:38:08] Step 5: h > 0; b=alpha(k-1)=0,0739
[23.11.2015 18:38:08] k = k + 1 = 5; Go to step 4!
[23.11.2015 18:38:08] Step 4: alphak=0,0619
[23.11.2015 18:38:08] Step 5: h > 0; b=alpha(k-1)=0,0699
[23.11.2015 18:38:08] k = k + 1 = 6; Go to step 4!
[23.11.2015 18:38:08] Step 4: alphak=0,0459
[23.11.2015 18:38:08] Step 5: h > 0; b=alpha(k-1)=0,0619
[23.11.2015 18:38:08] k = k + 1 = 7; Go to step 4!
[23.11.2015 18:38:08] Step 4: alphak=0,0139
[23.11.2015 18:38:08] Step 5: h > 0; b=alpha(k-1)=0,0459
[23.11.2015 18:38:08] k = k + 1 = 8; Go to step 4!
[23.11.2015 18:38:08] Step 4: alphak=-0,0501
[23.11.2015 18:38:08] Step 5: h < 0; a=alphak-0,0501
[23.11.2015 18:38:08] Step 6: Interval is: [-0,0501 ; 0,0459]
[23.11.2015 18:38:08] Dichotomy method has been started!
[23.11.2015 18:38:08] Counting: delta = eps / 10 = 0,0001
[23.11.2015 18:38:08] Step 1: counting alpha_1 = -0,0022, alpha_2 = -0,0020
[23.11.2015 18:38:08] Step 3: f(-0,0022) = 603058586089,6620 > f(-0,0020) = 423747455084,2560; a = alpha_1 = -0,0022.
[23.11.2015 18:38:08] Iter 0: Answer is in the range: [-0,0022; 0,0459]
[23.11.2015 18:38:08] Step 1: counting alpha_1 = 0,0217, alpha_2 = 0,0219
[23.11.2015 18:38:08] Step 3: f(0,0217) = 4156992202775750,0000 <= f(0,0219) = 4313242057666490,0000; b = alpha_2 = 0,0219.
[23.11.2015 18:38:08] Iter 1: Answer is in the range: [-0,0022; 0,0219]
[23.11.2015 18:38:08] Step 1: counting alpha_1 = 0,0097, alpha_2 = 0,0099
[23.11.2015 18:38:08] Step 3: f(0,0097) = 163198132238561,0000 <= f(0,0099) = 177219085229429,0000; b = alpha_2 = 0,0099.
[23.11.2015 18:38:08] Iter 2: Answer is in the range: [-0,0022; 0,0099]
[23.11.2015 18:38:08] Step 1: counting alpha_1 = 0,0037, alpha_2 = 0,0039
[23.11.2015 18:38:08] Step 3: f(0,0037) = 3287138035211,1100 <= f(0,0039) = 4076254086118,4500; b = alpha_2 = 0,0039.
[23.11.2015 18:38:08] Iter 3: Answer is in the range: [-0,0022; 0,0039]
[23.11.2015 18:38:08] Step 1: counting alpha_1 = 0,0007, alpha_2 = 0,0009
[23.11.2015 18:38:08] Step 3: f(0,0007) = 2930310656,9786 <= f(0,0009) = 8890906255,2179; b = alpha_2 = 0,0009.
[23.11.2015 18:38:08] Iter 4: Answer is in the range: [-0,0022; 0,0009]
[23.11.2015 18:38:08] Step 1: counting alpha_1 = -0,0007, alpha_2 = -0,0005
[23.11.2015 18:38:09] Step 3: f(-0,0007) = 11064128291,8964 > f(-0,0005) = 3901438925,5386; a = alpha_1 = -0,0007.
[23.11.2015 18:38:09] Step 4: (b-a)/2 = 0,0008 < eps = 0,0010; STOP SEARCHING!
[23.11.2015 18:38:09] Iter 5: Answer is in the range: [-0,0007; 0,0009]
[23.11.2015 18:38:09] Step 5: alpha_end = (a+b)/2; Minimum x* is: 0,0001
[23.11.2015 18:38:09] Step 9: New alpha 9,84434604644768E-05
[23.11.2015 18:38:09] Step 10: New local search point DenseVector 2-Double
0,189218
0,362617

[23.11.2015 18:38:09] Step 11: Iteration end.
[23.11.2015 18:38:09] Step 2: ITERATION number 15
[23.11.2015 18:38:09] Step 5: Sk = DenseVector 2-Double
2,92923E-05
6,91512E-05

[23.11.2015 18:38:09] Step 6: Yk = DenseVector 2-Double
 0,000952204
-0,000406984

[23.11.2015 18:38:09] Step 7: Quasi-Newton matrix: 
DenseMatrix 2x2-Double
-5,03237  -8,63357
-8,63357  -18,8116

[23.11.2015 18:38:09] Step 8: Search vector: DenseVector 2-Double
-374,307
-765,722

[23.11.2015 18:38:09] DSK method started!
[23.11.2015 18:38:09] Step 1: f(alpha)=159,9100, f(alpha + h)=158,6375; k=0;
[23.11.2015 18:38:09] Step 2: a=0,0001, alpha1=0,0011, k=2; Go to step 4!
[23.11.2015 18:38:09] Step 4: alphak=0,0021
[23.11.2015 18:38:09] Step 5: h > 0; a=alpha(k-1)=0,0011
[23.11.2015 18:38:09] k = k + 1 = 3; Go to step 4!
[23.11.2015 18:38:09] Step 4: alphak=0,0041
[23.11.2015 18:38:09] Step 5: h > 0; a=alpha(k-1)=0,0021
[23.11.2015 18:38:09] k = k + 1 = 4; Go to step 4!
[23.11.2015 18:38:09] Step 4: alphak=0,0081
[23.11.2015 18:38:09] Step 5: h > 0; a=alpha(k-1)=0,0041
[23.11.2015 18:38:09] k = k + 1 = 5; Go to step 4!
[23.11.2015 18:38:09] Step 4: alphak=0,0161
[23.11.2015 18:38:09] Step 5: h > 0; a=alpha(k-1)=0,0081
[23.11.2015 18:38:09] k = k + 1 = 6; Go to step 4!
[23.11.2015 18:38:09] Step 4: alphak=0,0321
[23.11.2015 18:38:09] Step 5: h > 0; a=alpha(k-1)=0,0161
[23.11.2015 18:38:09] k = k + 1 = 7; Go to step 4!
[23.11.2015 18:38:09] Step 4: alphak=0,0641
[23.11.2015 18:38:09] Step 5: h > 0; a=alpha(k-1)=0,0321
[23.11.2015 18:38:09] k = k + 1 = 8; Go to step 4!
[23.11.2015 18:38:09] Step 4: alphak=0,1281
[23.11.2015 18:38:09] Step 5: h > 0; b=alphak=0,1281
[23.11.2015 18:38:09] Step 6: Interval is: [0,0321 ; 0,1281]
[23.11.2015 18:38:09] Dichotomy method has been started!
[23.11.2015 18:38:09] Counting: delta = eps / 10 = 0,0001
[23.11.2015 18:38:09] Step 1: counting alpha_1 = 0,0800, alpha_2 = 0,0802
[23.11.2015 18:38:09] Step 3: f(0,0800) = 30,6753 > f(0,0802) = 30,5777; a = alpha_1 = 0,0800.
[23.11.2015 18:38:09] Iter 0: Answer is in the range: [0,0800; 0,1281]
[23.11.2015 18:38:09] Step 1: counting alpha_1 = 0,1039, alpha_2 = 0,1041
[23.11.2015 18:38:09] Step 3: f(0,1039) = 46,1591 <= f(0,1041) = 46,5674; b = alpha_2 = 0,1041.
[23.11.2015 18:38:09] Iter 1: Answer is in the range: [0,0800; 0,1041]
[23.11.2015 18:38:09] Step 1: counting alpha_1 = 0,0920, alpha_2 = 0,0922
[23.11.2015 18:38:09] Step 3: f(0,0920) = 30,8804 <= f(0,0922) = 30,9998; b = alpha_2 = 0,0922.
[23.11.2015 18:38:09] Iter 2: Answer is in the range: [0,0800; 0,0922]
[23.11.2015 18:38:09] Step 1: counting alpha_1 = 0,0860, alpha_2 = 0,0862
[23.11.2015 18:38:09] Step 3: f(0,0860) = 29,1581 <= f(0,0862) = 29,1605; b = alpha_2 = 0,0862.
[23.11.2015 18:38:09] Iter 3: Answer is in the range: [0,0800; 0,0862]
[23.11.2015 18:38:09] Step 1: counting alpha_1 = 0,0830, alpha_2 = 0,0832
[23.11.2015 18:38:09] Step 3: f(0,0830) = 29,5433 > f(0,0832) = 29,4936; a = alpha_1 = 0,0830.
[23.11.2015 18:38:09] Iter 4: Answer is in the range: [0,0830; 0,0862]
[23.11.2015 18:38:09] Step 1: counting alpha_1 = 0,0845, alpha_2 = 0,0847
[23.11.2015 18:38:09] Step 3: f(0,0845) = 29,2535 > f(0,0847) = 29,2293; a = alpha_1 = 0,0845.
[23.11.2015 18:38:09] Step 4: (b-a)/2 = 0,0008 < eps = 0,0010; STOP SEARCHING!
[23.11.2015 18:38:09] Iter 5: Answer is in the range: [0,0845; 0,0862]
[23.11.2015 18:38:09] Step 5: alpha_end = (a+b)/2; Minimum x* is: 0,0853
[23.11.2015 18:38:09] Step 9: New alpha 0,0853375059604645
[23.11.2015 18:38:09] Step 10: New local search point DenseVector 2-Double
0,161199
0,305298

[23.11.2015 18:38:09] Step 11: Iteration end.
[23.11.2015 18:38:09] Step 2: ITERATION number 16
[23.11.2015 18:38:09] Step 5: Sk = DenseVector 2-Double
 -0,028019
-0,0573185

[23.11.2015 18:38:09] Step 6: Yk = DenseVector 2-Double
2,71919
2,31695

[23.11.2015 18:38:09] Step 7: Quasi-Newton matrix: 
DenseMatrix 2x2-Double
-7,47396   -14,636
 -14,636  -33,5687

[23.11.2015 18:38:09] Step 8: Search vector: DenseVector 2-Double
-585,067
-1290,85

[23.11.2015 18:38:09] DSK method started!
[23.11.2015 18:38:09] Step 1: f(alpha)=40960549194930500000000,0000, f(alpha + h)=42914978024772700000000,0000; k=0;
