[23.11.2015 18:31:50] DFP method started
[23.11.2015 18:31:50] Input data. Start point DenseVector 2-Double
0
0
, epsilon 0,01000
[23.11.2015 18:31:50] Step 1: K = 0
[23.11.2015 18:31:50] Step 2: ITERATION number 0
[23.11.2015 18:31:50] Step 4: K==0, go to step 8.
[23.11.2015 18:31:50] Step 8: Search vector: DenseVector 2-Double
14
22

[23.11.2015 18:31:50] DSK method started!
[23.11.2015 18:31:50] Step 1: f(alpha)=53648571919499,5000, f(alpha + h)=4394168380395810,0000; k=0;
[23.11.2015 18:31:50] Step 3: a=-0,5000, b=1,5000; Go to step 6!
[23.11.2015 18:31:50] Step 6: Interval is: [-0,5000 ; 1,5000]
[23.11.2015 18:31:50] Dichotomy method has been started!
[23.11.2015 18:31:50] Counting: delta = eps / 10 = 0,0001
[23.11.2015 18:31:50] Step 1: counting alpha_1 = 0,4999, alpha_2 = 0,5001
[23.11.2015 18:31:50] Step 3: f(0,4999) = 53605486672473,8000 <= f(0,5001) = 53691683133537,5000; b = alpha_2 = 0,5001.
[23.11.2015 18:31:50] Iter 0: Answer is in the range: [-0,5000; 0,5001]
[23.11.2015 18:31:50] Step 1: counting alpha_1 = -0,0001, alpha_2 = 0,0001
[23.11.2015 18:31:50] Step 3: f(-0,0001) = 18700,9427 > f(0,0001) = 12727,6927; a = alpha_1 = -0,0001.
[23.11.2015 18:31:50] Iter 1: Answer is in the range: [-0,0001; 0,5001]
[23.11.2015 18:31:50] Step 1: counting alpha_1 = 0,2499, alpha_2 = 0,2501
[23.11.2015 18:31:50] Step 3: f(0,2499) = 3293346211650,1300 <= f(0,2501) = 3303989462853,0800; b = alpha_2 = 0,2501.
[23.11.2015 18:31:50] Iter 2: Answer is in the range: [-0,0001; 0,2501]
[23.11.2015 18:31:50] Step 1: counting alpha_1 = 0,1249, alpha_2 = 0,1251
[23.11.2015 18:31:50] Step 3: f(0,1249) = 198846748310,8750 <= f(0,1251) = 200144731693,3770; b = alpha_2 = 0,1251.
[23.11.2015 18:31:50] Iter 3: Answer is in the range: [-0,0001; 0,1251]
[23.11.2015 18:31:50] Step 1: counting alpha_1 = 0,0624, alpha_2 = 0,0626
[23.11.2015 18:31:50] Step 3: f(0,0624) = 11588104617,9379 <= f(0,0626) = 11742446621,1290; b = alpha_2 = 0,0626.
[23.11.2015 18:31:50] Iter 4: Answer is in the range: [-0,0001; 0,0626]
[23.11.2015 18:31:50] Step 1: counting alpha_1 = 0,0312, alpha_2 = 0,0314
[23.11.2015 18:31:50] Step 3: f(0,0312) = 627340306,6431 <= f(0,0314) = 644754534,5864; b = alpha_2 = 0,0314.
[23.11.2015 18:31:50] Iter 5: Answer is in the range: [-0,0001; 0,0314]
[23.11.2015 18:31:50] Step 1: counting alpha_1 = 0,0156, alpha_2 = 0,0158
[23.11.2015 18:31:50] Step 3: f(0,0156) = 28944853,3475 <= f(0,0158) = 30699019,9788; b = alpha_2 = 0,0158.
[23.11.2015 18:31:50] Iter 6: Answer is in the range: [-0,0001; 0,0158]
[23.11.2015 18:31:50] Step 1: counting alpha_1 = 0,0078, alpha_2 = 0,0080
[23.11.2015 18:31:50] Step 3: f(0,0078) = 912162,4783 <= f(0,0080) = 1047329,7452; b = alpha_2 = 0,0080.
[23.11.2015 18:31:50] Iter 7: Answer is in the range: [-0,0001; 0,0080]
[23.11.2015 18:31:50] Step 1: counting alpha_1 = 0,0039, alpha_2 = 0,0041
[23.11.2015 18:31:50] Step 3: f(0,0039) = 8898,8478 <= f(0,0041) = 13583,5947; b = alpha_2 = 0,0041.
[23.11.2015 18:31:50] Iter 8: Answer is in the range: [-0,0001; 0,0041]
[23.11.2015 18:31:50] Step 1: counting alpha_1 = 0,0019, alpha_2 = 0,0021
[23.11.2015 18:31:50] Step 3: f(0,0019) = 32,7058 > f(0,0021) = 12,9006; a = alpha_1 = 0,0019.
[23.11.2015 18:31:50] Iter 9: Answer is in the range: [0,0019; 0,0041]
[23.11.2015 18:31:50] Step 1: counting alpha_1 = 0,0029, alpha_2 = 0,0031
[23.11.2015 18:31:50] Step 3: f(0,0029) = 380,8076 <= f(0,0031) = 919,0761; b = alpha_2 = 0,0031.
[23.11.2015 18:31:50] Step 4: (b-a)/2 = 0,0006 < eps = 0,0010; STOP SEARCHING!
[23.11.2015 18:31:50] Iter 10: Answer is in the range: [0,0019; 0,0031]
[23.11.2015 18:31:50] Step 5: alpha_end = (a+b)/2; Minimum x* is: 0,0025
[23.11.2015 18:31:50] Step 9: New alpha 0,00249116210937499
[23.11.2015 18:31:50] Step 10: New local search point DenseVector 2-Double
0,0348763
0,0548056

[23.11.2015 18:31:50] Step 11: Iteration end.
[23.11.2015 18:31:50] Step 2: ITERATION number 1
[23.11.2015 18:31:50] Step 5: Sk = DenseVector 2-Double
0,0348763
0,0548056

[23.11.2015 18:31:50] Step 6: Yk = DenseVector 2-Double
-1,39867
-1,38182

[23.11.2015 18:31:50] Step 7: Quasi-Newton matrix: 
DenseMatrix 2x2-Double
 0,484173  -0,515315
-0,515315   0,481934

[23.11.2015 18:31:50] Step 8: Search vector: DenseVector 2-Double
-4,58473
 3,32199

[23.11.2015 18:31:50] DSK method started!
[23.11.2015 18:31:50] Step 1: f(alpha)=166,1986, f(alpha + h)=384495,5711; k=0;
[23.11.2015 18:31:50] Step 3: a=-0,9975, b=1,0025; Go to step 6!
[23.11.2015 18:31:50] Step 6: Interval is: [-0,9975 ; 1,0025]
[23.11.2015 18:31:50] Dichotomy method has been started!
[23.11.2015 18:31:50] Counting: delta = eps / 10 = 0,0001
[23.11.2015 18:31:50] Step 1: counting alpha_1 = 0,0024, alpha_2 = 0,0026
[23.11.2015 18:31:50] Step 3: f(0,0024) = 166,2826 > f(0,0026) = 166,1144; a = alpha_1 = 0,0024.
[23.11.2015 18:31:50] Iter 0: Answer is in the range: [0,0024; 1,0025]
[23.11.2015 18:31:50] Step 1: counting alpha_1 = 0,5023, alpha_2 = 0,5025
[23.11.2015 18:31:51] Step 3: f(0,5023) = 23788,2871 <= f(0,5025) = 23827,1996; b = alpha_2 = 0,5025.
[23.11.2015 18:31:51] Iter 1: Answer is in the range: [0,0024; 0,5025]
[23.11.2015 18:31:51] Step 1: counting alpha_1 = 0,2524, alpha_2 = 0,2526
[23.11.2015 18:31:51] Step 3: f(0,2524) = 1187,2406 <= f(0,2526) = 1191,7408; b = alpha_2 = 0,2526.
[23.11.2015 18:31:51] Iter 2: Answer is in the range: [0,0024; 0,2526]
[23.11.2015 18:31:51] Step 1: counting alpha_1 = 0,1274, alpha_2 = 0,1276
[23.11.2015 18:31:51] Step 3: f(0,1274) = 36,7865 <= f(0,1276) = 36,9315; b = alpha_2 = 0,1276.
[23.11.2015 18:31:51] Iter 3: Answer is in the range: [0,0024; 0,1276]
[23.11.2015 18:31:51] Step 1: counting alpha_1 = 0,0649, alpha_2 = 0,0651
[23.11.2015 18:31:51] Step 3: f(0,0649) = 82,7396 > f(0,0651) = 82,4349; a = alpha_1 = 0,0649.
[23.11.2015 18:31:51] Iter 4: Answer is in the range: [0,0649; 0,1276]
[23.11.2015 18:31:51] Step 1: counting alpha_1 = 0,0961, alpha_2 = 0,0963
[23.11.2015 18:31:51] Step 3: f(0,0961) = 42,5927 > f(0,0963) = 42,4131; a = alpha_1 = 0,0961.
[23.11.2015 18:31:51] Iter 5: Answer is in the range: [0,0961; 0,1276]
[23.11.2015 18:31:51] Step 1: counting alpha_1 = 0,1118, alpha_2 = 0,1120
[23.11.2015 18:31:51] Step 3: f(0,1118) = 33,3850 > f(0,1120) = 33,3394; a = alpha_1 = 0,1118.
[23.11.2015 18:31:51] Iter 6: Answer is in the range: [0,1118; 0,1276]
[23.11.2015 18:31:51] Step 1: counting alpha_1 = 0,1196, alpha_2 = 0,1198
[23.11.2015 18:31:51] Step 3: f(0,1196) = 33,2298 <= f(0,1198) = 33,2720; b = alpha_2 = 0,1198.
[23.11.2015 18:31:51] Iter 7: Answer is in the range: [0,1118; 0,1198]
[23.11.2015 18:31:51] Step 1: counting alpha_1 = 0,1157, alpha_2 = 0,1159
[23.11.2015 18:31:51] Step 3: f(0,1157) = 32,8796 > f(0,1159) = 32,8762; a = alpha_1 = 0,1157.
[23.11.2015 18:31:51] Iter 8: Answer is in the range: [0,1157; 0,1198]
[23.11.2015 18:31:51] Step 1: counting alpha_1 = 0,1176, alpha_2 = 0,1178
[23.11.2015 18:31:51] Step 3: f(0,1176) = 32,9433 <= f(0,1178) = 32,9622; b = alpha_2 = 0,1178.
[23.11.2015 18:31:51] Iter 9: Answer is in the range: [0,1157; 0,1178]
[23.11.2015 18:31:51] Step 1: counting alpha_1 = 0,1166, alpha_2 = 0,1168
[23.11.2015 18:31:51] Step 3: f(0,1166) = 32,8842 <= f(0,1168) = 32,8918; b = alpha_2 = 0,1168.
[23.11.2015 18:31:51] Step 4: (b-a)/2 = 0,0006 < eps = 0,0010; STOP SEARCHING!
[23.11.2015 18:31:51] Iter 10: Answer is in the range: [0,1157; 0,1168]
[23.11.2015 18:31:51] Step 5: alpha_end = (a+b)/2; Minimum x* is: 0,1162
[23.11.2015 18:31:51] Step 9: New alpha 0,11624931640625
[23.11.2015 18:31:51] Step 10: New local search point DenseVector 2-Double
-0,498095
 0,440985

[23.11.2015 18:31:51] Step 11: Iteration end.
[23.11.2015 18:31:51] Step 2: ITERATION number 2
[23.11.2015 18:31:51] Step 5: Sk = DenseVector 2-Double
-0,532971
 0,386179

[23.11.2015 18:31:51] Step 6: Yk = DenseVector 2-Double
 23,8045
-8,58832

[23.11.2015 18:31:51] Step 7: Quasi-Newton matrix: 
DenseMatrix 2x2-Double
 -0,0223129  0,000212422
0,000212422   -0,0443769

[23.11.2015 18:31:51] Step 8: Search vector: DenseVector 2-Double
0,139416
-1,48784

[23.11.2015 18:31:51] DSK method started!
[23.11.2015 18:31:51] Step 1: f(alpha)=63,4492, f(alpha + h)=1101250,6209; k=0;
[23.11.2015 18:31:51] Step 3: a=-0,8838, b=1,1162; Go to step 6!
[23.11.2015 18:31:51] Step 6: Interval is: [-0,8838 ; 1,1162]
[23.11.2015 18:31:51] Dichotomy method has been started!
[23.11.2015 18:31:51] Counting: delta = eps / 10 = 0,0001
[23.11.2015 18:31:51] Step 1: counting alpha_1 = 0,1161, alpha_2 = 0,1163
[23.11.2015 18:31:51] Step 3: f(0,1161) = 63,2917 <= f(0,1163) = 63,6077; b = alpha_2 = 0,1163.
[23.11.2015 18:31:51] Iter 0: Answer is in the range: [-0,8838; 0,1163]
[23.11.2015 18:31:51] Step 1: counting alpha_1 = -0,3838, alpha_2 = -0,3836
[23.11.2015 18:31:51] Step 3: f(-0,3838) = 12935,1889 > f(-0,3836) = 12906,7519; a = alpha_1 = -0,3838.
[23.11.2015 18:31:51] Iter 1: Answer is in the range: [-0,3838; 0,1163]
[23.11.2015 18:31:51] Step 1: counting alpha_1 = -0,1338, alpha_2 = -0,1336
[23.11.2015 18:31:51] Step 3: f(-0,1338) = 250,5011 > f(-0,1336) = 249,8161; a = alpha_1 = -0,1338.
[23.11.2015 18:31:51] Iter 2: Answer is in the range: [-0,1338; 0,1163]
[23.11.2015 18:31:51] Step 1: counting alpha_1 = -0,0088, alpha_2 = -0,0086
[23.11.2015 18:31:51] Step 3: f(-0,0088) = 171,8889 > f(-0,0086) = 171,7571; a = alpha_1 = -0,0088.
[23.11.2015 18:31:51] Iter 3: Answer is in the range: [-0,0088; 0,1163]
[23.11.2015 18:31:51] Step 1: counting alpha_1 = 0,0537, alpha_2 = 0,0539
[23.11.2015 18:31:51] Step 3: f(0,0537) = 93,5273 > f(0,0539) = 93,2212; a = alpha_1 = 0,0537.
[23.11.2015 18:31:51] Iter 4: Answer is in the range: [0,0537; 0,1163]
[23.11.2015 18:31:51] Step 1: counting alpha_1 = 0,0849, alpha_2 = 0,0851
[23.11.2015 18:31:51] Step 3: f(0,0849) = 54,8575 > f(0,0851) = 54,7114; a = alpha_1 = 0,0849.
[23.11.2015 18:31:51] Iter 5: Answer is in the range: [0,0849; 0,1163]
[23.11.2015 18:31:51] Step 1: counting alpha_1 = 0,1005, alpha_2 = 0,1007
[23.11.2015 18:31:51] Step 3: f(0,1005) = 50,1158 <= f(0,1007) = 50,1566; b = alpha_2 = 0,1007.
[23.11.2015 18:31:51] Iter 6: Answer is in the range: [0,0849; 0,1007]
[23.11.2015 18:31:51] Step 1: counting alpha_1 = 0,0927, alpha_2 = 0,0929
[23.11.2015 18:31:51] Step 3: f(0,0927) = 50,6701 > f(0,0929) = 50,6071; a = alpha_1 = 0,0927.
[23.11.2015 18:31:51] Iter 7: Answer is in the range: [0,0927; 0,1007]
[23.11.2015 18:31:51] Step 1: counting alpha_1 = 0,0966, alpha_2 = 0,0968
[23.11.2015 18:31:51] Step 3: f(0,0966) = 49,8884 > f(0,0968) = 49,8746; a = alpha_1 = 0,0966.
[23.11.2015 18:31:51] Iter 8: Answer is in the range: [0,0966; 0,1007]
[23.11.2015 18:31:51] Step 1: counting alpha_1 = 0,0986, alpha_2 = 0,0988
[23.11.2015 18:31:51] Step 3: f(0,0986) = 49,8694 <= f(0,0988) = 49,8823; b = alpha_2 = 0,0988.
[23.11.2015 18:31:51] Iter 9: Answer is in the range: [0,0966; 0,0988]
[23.11.2015 18:31:51] Step 1: counting alpha_1 = 0,0976, alpha_2 = 0,0978
[23.11.2015 18:31:51] Step 3: f(0,0976) = 49,8466 > f(0,0978) = 49,8459; a = alpha_1 = 0,0976.
[23.11.2015 18:31:51] Step 4: (b-a)/2 = 0,0006 < eps = 0,0010; STOP SEARCHING!
[23.11.2015 18:31:51] Iter 10: Answer is in the range: [0,0976; 0,0988]
[23.11.2015 18:31:51] Step 5: alpha_end = (a+b)/2; Minimum x* is: 0,0982
[23.11.2015 18:31:51] Step 9: New alpha 0,098184716796875
[23.11.2015 18:31:51] Step 10: New local search point DenseVector 2-Double
-0,484407
 0,294901

[23.11.2015 18:31:51] Step 11: Iteration end.
[23.11.2015 18:31:51] Step 2: ITERATION number 3
[23.11.2015 18:31:51] Step 5: Sk = DenseVector 2-Double
0,0136885
-0,146083

[23.11.2015 18:31:51] Step 6: Yk = DenseVector 2-Double
1,39964
5,08257

[23.11.2015 18:31:51] Step 7: Quasi-Newton matrix: 
DenseMatrix 2x2-Double
-0,0218062  0,00869823
0,00869823  -0,0311374

[23.11.2015 18:31:51] Step 8: Search vector: DenseVector 2-Double
0,377704
 -0,9714

[23.11.2015 18:31:51] DSK method started!
[23.11.2015 18:31:51] Step 1: f(alpha)=54,9941, f(alpha + h)=787511,6977; k=0;
[23.11.2015 18:31:51] Step 3: a=-0,9018, b=1,0982; Go to step 6!
[23.11.2015 18:31:51] Step 6: Interval is: [-0,9018 ; 1,0982]
[23.11.2015 18:31:51] Dichotomy method has been started!
[23.11.2015 18:31:51] Counting: delta = eps / 10 = 0,0001
[23.11.2015 18:31:51] Step 1: counting alpha_1 = 0,0981, alpha_2 = 0,0983
[23.11.2015 18:31:51] Step 3: f(0,0981) = 55,0349 > f(0,0983) = 54,9537; a = alpha_1 = 0,0981.
[23.11.2015 18:31:51] Iter 0: Answer is in the range: [0,0981; 1,0982]
[23.11.2015 18:31:51] Step 1: counting alpha_1 = 0,5980, alpha_2 = 0,5982
[23.11.2015 18:31:51] Step 3: f(0,5980) = 67509,3147 <= f(0,5982) = 67601,5743; b = alpha_2 = 0,5982.
[23.11.2015 18:31:51] Iter 1: Answer is in the range: [0,0981; 0,5982]
[23.11.2015 18:31:51] Step 1: counting alpha_1 = 0,3481, alpha_2 = 0,3483
[23.11.2015 18:31:51] Step 3: f(0,3481) = 7053,4156 <= f(0,3483) = 7070,8753; b = alpha_2 = 0,3483.
[23.11.2015 18:31:51] Iter 2: Answer is in the range: [0,0981; 0,3483]
[23.11.2015 18:31:51] Step 1: counting alpha_1 = 0,2231, alpha_2 = 0,2233
[23.11.2015 18:31:51] Step 3: f(0,2231) = 947,9413 <= f(0,2233) = 952,0061; b = alpha_2 = 0,2233.
[23.11.2015 18:31:51] Iter 3: Answer is in the range: [0,0981; 0,2233]
[23.11.2015 18:31:51] Step 1: counting alpha_1 = 0,1606, alpha_2 = 0,1608
[23.11.2015 18:31:51] Step 3: f(0,1606) = 186,2762 <= f(0,1608) = 187,4284; b = alpha_2 = 0,1608.
[23.11.2015 18:31:51] Iter 4: Answer is in the range: [0,0981; 0,1608]
[23.11.2015 18:31:51] Step 1: counting alpha_1 = 0,1293, alpha_2 = 0,1295
[23.11.2015 18:31:51] Step 3: f(0,1293) = 73,0769 <= f(0,1295) = 73,4421; b = alpha_2 = 0,1295.
[23.11.2015 18:31:51] Iter 5: Answer is in the range: [0,0981; 0,1295]
[23.11.2015 18:31:51] Step 1: counting alpha_1 = 0,1137, alpha_2 = 0,1139
[23.11.2015 18:31:51] Step 3: f(0,1137) = 55,3880 <= f(0,1139) = 55,4923; b = alpha_2 = 0,1139.
[23.11.2015 18:31:51] Iter 6: Answer is in the range: [0,0981; 0,1139]
[23.11.2015 18:31:51] Step 1: counting alpha_1 = 0,1059, alpha_2 = 0,1061
[23.11.2015 18:31:51] Step 3: f(0,1059) = 53,4055 <= f(0,1061) = 53,4083; b = alpha_2 = 0,1061.
[23.11.2015 18:31:51] Iter 7: Answer is in the range: [0,0981; 0,1061]
[23.11.2015 18:31:51] Step 1: counting alpha_1 = 0,1020, alpha_2 = 0,1022
[23.11.2015 18:31:51] Step 3: f(0,1020) = 53,8113 > f(0,1022) = 53,7699; a = alpha_1 = 0,1020.
[23.11.2015 18:31:51] Iter 8: Answer is in the range: [0,1020; 0,1061]
[23.11.2015 18:31:51] Step 1: counting alpha_1 = 0,1039, alpha_2 = 0,1041
[23.11.2015 18:31:51] Step 3: f(0,1039) = 53,5010 > f(0,1041) = 53,4811; a = alpha_1 = 0,1039.
[23.11.2015 18:31:51] Iter 9: Answer is in the range: [0,1039; 0,1061]
[23.11.2015 18:31:51] Step 1: counting alpha_1 = 0,1049, alpha_2 = 0,1051
[23.11.2015 18:31:51] Step 3: f(0,1049) = 53,4257 > f(0,1051) = 53,4171; a = alpha_1 = 0,1049.
[23.11.2015 18:31:51] Step 4: (b-a)/2 = 0,0006 < eps = 0,0010; STOP SEARCHING!
[23.11.2015 18:31:51] Iter 10: Answer is in the range: [0,1049; 0,1061]
[23.11.2015 18:31:51] Step 5: alpha_end = (a+b)/2; Minimum x* is: 0,1055
[23.11.2015 18:31:51] Step 9: New alpha 0,105508203125
[23.11.2015 18:31:51] Step 10: New local search point DenseVector 2-Double
-0,444556
 0,192411

[23.11.2015 18:31:51] Step 11: Iteration end.
[23.11.2015 18:31:51] Step 2: ITERATION number 4
[23.11.2015 18:31:51] Step 5: Sk = DenseVector 2-Double
0,0398508
-0,102491

[23.11.2015 18:31:51] Step 6: Yk = DenseVector 2-Double
0,579213
 4,15249

[23.11.2015 18:31:51] Step 7: Quasi-Newton matrix: 
DenseMatrix 2x2-Double
-0,0246534  0,0130356
 0,0130356    -0,0265

[23.11.2015 18:31:51] Step 8: Search vector: DenseVector 2-Double
 0,450675
-0,766106

[23.11.2015 18:31:51] DSK method started!
[23.11.2015 18:31:51] Step 1: f(alpha)=62,0107, f(alpha + h)=555998,7741; k=0;
[23.11.2015 18:31:51] Step 3: a=-0,8945, b=1,1055; Go to step 6!
[23.11.2015 18:31:51] Step 6: Interval is: [-0,8945 ; 1,1055]
[23.11.2015 18:31:51] Dichotomy method has been started!
[23.11.2015 18:31:51] Counting: delta = eps / 10 = 0,0001
[23.11.2015 18:31:51] Step 1: counting alpha_1 = 0,1054, alpha_2 = 0,1056
[23.11.2015 18:31:51] Step 3: f(0,1054) = 62,0602 > f(0,1056) = 61,9616; a = alpha_1 = 0,1054.
[23.11.2015 18:31:51] Iter 0: Answer is in the range: [0,1054; 1,1055]
[23.11.2015 18:31:51] Step 1: counting alpha_1 = 0,6054, alpha_2 = 0,6056
[23.11.2015 18:31:51] Step 3: f(0,6054) = 48091,9212 <= f(0,6056) = 48157,3883; b = alpha_2 = 0,6056.
[23.11.2015 18:31:51] Iter 1: Answer is in the range: [0,1054; 0,6056]
[23.11.2015 18:31:51] Step 1: counting alpha_1 = 0,3554, alpha_2 = 0,3556
[23.11.2015 18:31:51] Step 3: f(0,3554) = 5066,5931 <= f(0,3556) = 5079,0915; b = alpha_2 = 0,3556.
[23.11.2015 18:31:51] Iter 2: Answer is in the range: [0,1054; 0,3556]
[23.11.2015 18:31:51] Step 1: counting alpha_1 = 0,2304, alpha_2 = 0,2306
[23.11.2015 18:31:51] Step 3: f(0,2304) = 689,5637 <= f(0,2306) = 692,4774; b = alpha_2 = 0,2306.
[23.11.2015 18:31:51] Iter 3: Answer is in the range: [0,1054; 0,2306]
[23.11.2015 18:31:51] Step 1: counting alpha_1 = 0,1679, alpha_2 = 0,1681
[23.11.2015 18:31:51] Step 3: f(0,1679) = 146,5313 <= f(0,1681) = 147,3373; b = alpha_2 = 0,1681.
[23.11.2015 18:31:51] Iter 4: Answer is in the range: [0,1054; 0,1681]
[23.11.2015 18:31:51] Step 1: counting alpha_1 = 0,1367, alpha_2 = 0,1369
[23.11.2015 18:31:51] Step 3: f(0,1367) = 69,3819 <= f(0,1369) = 69,6127; b = alpha_2 = 0,1369.
[23.11.2015 18:31:51] Iter 5: Answer is in the range: [0,1054; 0,1369]
[23.11.2015 18:31:51] Step 1: counting alpha_1 = 0,1210, alpha_2 = 0,1212
[23.11.2015 18:31:51] Step 3: f(0,1210) = 59,3234 <= f(0,1212) = 59,3622; b = alpha_2 = 0,1212.
[23.11.2015 18:31:51] Iter 6: Answer is in the range: [0,1054; 0,1212]
[23.11.2015 18:31:51] Step 1: counting alpha_1 = 0,1132, alpha_2 = 0,1134
[23.11.2015 18:31:51] Step 3: f(0,1132) = 59,3543 > f(0,1134) = 59,3180; a = alpha_1 = 0,1132.
[23.11.2015 18:31:51] Iter 7: Answer is in the range: [0,1132; 0,1212]
[23.11.2015 18:31:51] Step 1: counting alpha_1 = 0,1171, alpha_2 = 0,1173
[23.11.2015 18:31:51] Step 3: f(0,1171) = 58,9730 > f(0,1173) = 58,9727; a = alpha_1 = 0,1171.
[23.11.2015 18:31:51] Iter 8: Answer is in the range: [0,1171; 0,1212]
[23.11.2015 18:31:51] Step 1: counting alpha_1 = 0,1191, alpha_2 = 0,1193
[23.11.2015 18:31:51] Step 3: f(0,1191) = 59,0527 <= f(0,1193) = 59,0715; b = alpha_2 = 0,1193.
[23.11.2015 18:31:51] Iter 9: Answer is in the range: [0,1171; 0,1193]
[23.11.2015 18:31:51] Step 1: counting alpha_1 = 0,1181, alpha_2 = 0,1183
[23.11.2015 18:31:51] Step 3: f(0,1181) = 58,9895 <= f(0,1183) = 58,9986; b = alpha_2 = 0,1183.
[23.11.2015 18:31:51] Step 4: (b-a)/2 = 0,0006 < eps = 0,0010; STOP SEARCHING!
[23.11.2015 18:31:51] Iter 10: Answer is in the range: [0,1171; 0,1183]
[23.11.2015 18:31:51] Step 5: alpha_end = (a+b)/2; Minimum x* is: 0,1177
[23.11.2015 18:31:51] Step 9: New alpha 0,117714013671875
[23.11.2015 18:31:51] Step 10: New local search point DenseVector 2-Double
-0,391505
 0,102229

[23.11.2015 18:31:51] Step 11: Iteration end.
[23.11.2015 18:31:51] Step 2: ITERATION number 5
[23.11.2015 18:31:51] Step 5: Sk = DenseVector 2-Double
 0,0530507
-0,0901814

[23.11.2015 18:31:51] Step 6: Yk = DenseVector 2-Double
0,316877
 4,01176

[23.11.2015 18:31:51] Step 7: Quasi-Newton matrix: 
DenseMatrix 2x2-Double
-0,0278125   0,0154206
 0,0154206  -0,0236973

[23.11.2015 18:31:51] Step 8: Search vector: DenseVector 2-Double
 0,435149
-0,612466

[23.11.2015 18:31:51] DSK method started!
[23.11.2015 18:31:51] Step 1: f(alpha)=67,0454, f(alpha + h)=399299,6120; k=0;
[23.11.2015 18:31:51] Step 3: a=-0,8823, b=1,1177; Go to step 6!
[23.11.2015 18:31:51] Step 6: Interval is: [-0,8823 ; 1,1177]
[23.11.2015 18:31:51] Dichotomy method has been started!
[23.11.2015 18:31:51] Counting: delta = eps / 10 = 0,0001
[23.11.2015 18:31:51] Step 1: counting alpha_1 = 0,1176, alpha_2 = 0,1178
[23.11.2015 18:31:51] Step 3: f(0,1176) = 67,0855 > f(0,1178) = 67,0056; a = alpha_1 = 0,1176.
[23.11.2015 18:31:51] Iter 0: Answer is in the range: [0,1176; 1,1177]
[23.11.2015 18:31:51] Step 1: counting alpha_1 = 0,6176, alpha_2 = 0,6178
[23.11.2015 18:31:51] Step 3: f(0,6176) = 35395,4804 <= f(0,6178) = 35443,0643; b = alpha_2 = 0,6178.
[23.11.2015 18:31:51] Iter 1: Answer is in the range: [0,1176; 0,6178]
[23.11.2015 18:31:51] Step 1: counting alpha_1 = 0,3676, alpha_2 = 0,3678
[23.11.2015 18:31:51] Step 3: f(0,3676) = 3862,3075 <= f(0,3678) = 3871,6450; b = alpha_2 = 0,3678.
[23.11.2015 18:31:51] Iter 2: Answer is in the range: [0,1176; 0,3678]
[23.11.2015 18:31:51] Step 1: counting alpha_1 = 0,2426, alpha_2 = 0,2428
[23.11.2015 18:31:51] Step 3: f(0,2426) = 558,1557 <= f(0,2428) = 560,4017; b = alpha_2 = 0,2428.
[23.11.2015 18:31:51] Iter 3: Answer is in the range: [0,1176; 0,2428]
[23.11.2015 18:31:51] Step 1: counting alpha_1 = 0,1801, alpha_2 = 0,1803
[23.11.2015 18:31:51] Step 3: f(0,1801) = 135,1258 <= f(0,1803) = 135,7658; b = alpha_2 = 0,1803.
[23.11.2015 18:31:51] Iter 4: Answer is in the range: [0,1176; 0,1803]
[23.11.2015 18:31:51] Step 1: counting alpha_1 = 0,1489, alpha_2 = 0,1491
[23.11.2015 18:31:51] Step 3: f(0,1489) = 73,2840 <= f(0,1491) = 73,4723; b = alpha_2 = 0,1491.
[23.11.2015 18:31:51] Iter 5: Answer is in the range: [0,1176; 0,1491]
[23.11.2015 18:31:51] Step 1: counting alpha_1 = 0,1332, alpha_2 = 0,1334
[23.11.2015 18:31:51] Step 3: f(0,1332) = 64,9724 <= f(0,1334) = 65,0061; b = alpha_2 = 0,1334.
[23.11.2015 18:31:51] Iter 6: Answer is in the range: [0,1176; 0,1334]
[23.11.2015 18:31:51] Step 1: counting alpha_1 = 0,1254, alpha_2 = 0,1256
[23.11.2015 18:31:51] Step 3: f(0,1254) = 64,9233 > f(0,1256) = 64,8954; a = alpha_1 = 0,1254.
[23.11.2015 18:31:51] Iter 7: Answer is in the range: [0,1254; 0,1334]
[23.11.2015 18:31:51] Step 1: counting alpha_1 = 0,1293, alpha_2 = 0,1295
[23.11.2015 18:31:51] Step 3: f(0,1293) = 64,6477 <= f(0,1295) = 64,6493; b = alpha_2 = 0,1295.
[23.11.2015 18:31:51] Iter 8: Answer is in the range: [0,1254; 0,1295]
[23.11.2015 18:31:51] Step 1: counting alpha_1 = 0,1274, alpha_2 = 0,1276
[23.11.2015 18:31:51] Step 3: f(0,1274) = 64,7135 > f(0,1276) = 64,7000; a = alpha_1 = 0,1274.
[23.11.2015 18:31:51] Iter 9: Answer is in the range: [0,1274; 0,1295]
[23.11.2015 18:31:51] Step 1: counting alpha_1 = 0,1284, alpha_2 = 0,1286
[23.11.2015 18:31:51] Step 3: f(0,1284) = 64,6622 > f(0,1286) = 64,6562; a = alpha_1 = 0,1284.
[23.11.2015 18:31:51] Step 4: (b-a)/2 = 0,0006 < eps = 0,0010; STOP SEARCHING!
[23.11.2015 18:31:51] Iter 10: Answer is in the range: [0,1284; 0,1295]
[23.11.2015 18:31:51] Step 5: alpha_end = (a+b)/2; Minimum x* is: 0,1289
[23.11.2015 18:31:51] Step 9: New alpha 0,128943359375
[23.11.2015 18:31:51] Step 10: New local search point DenseVector 2-Double
-0,335396
0,0232559

[23.11.2015 18:31:51] Step 11: Iteration end.
[23.11.2015 18:31:51] Step 2: ITERATION number 6
[23.11.2015 18:31:51] Step 5: Sk = DenseVector 2-Double
 0,0561095
-0,0789734

[23.11.2015 18:31:51] Step 6: Yk = DenseVector 2-Double
0,422772
 3,85699

[23.11.2015 18:31:51] Step 7: Quasi-Newton matrix: 
DenseMatrix 2x2-Double
-0,031609   0,0180122
0,0180122  -0,0224497

[23.11.2015 18:31:51] Step 8: Search vector: DenseVector 2-Double
 0,400501
-0,501307

[23.11.2015 18:31:51] DSK method started!
[23.11.2015 18:31:51] Step 1: f(alpha)=70,0652, f(alpha + h)=292096,0465; k=0;
[23.11.2015 18:31:51] Step 3: a=-0,8711, b=1,1289; Go to step 6!
[23.11.2015 18:31:51] Step 6: Interval is: [-0,8711 ; 1,1289]
[23.11.2015 18:31:51] Dichotomy method has been started!
[23.11.2015 18:31:51] Counting: delta = eps / 10 = 0,0001
[23.11.2015 18:31:51] Step 1: counting alpha_1 = 0,1288, alpha_2 = 0,1290
[23.11.2015 18:31:51] Step 3: f(0,1288) = 70,1020 > f(0,1290) = 70,0286; a = alpha_1 = 0,1288.
[23.11.2015 18:31:51] Iter 0: Answer is in the range: [0,1288; 1,1289]
[23.11.2015 18:31:51] Step 1: counting alpha_1 = 0,6288, alpha_2 = 0,6290
[23.11.2015 18:31:51] Step 3: f(0,6288) = 26471,9972 <= f(0,6290) = 26507,1934; b = alpha_2 = 0,6290.
[23.11.2015 18:31:51] Iter 1: Answer is in the range: [0,1288; 0,6290]
[23.11.2015 18:31:51] Step 1: counting alpha_1 = 0,3788, alpha_2 = 0,3790
[23.11.2015 18:31:51] Step 3: f(0,3788) = 2974,9859 <= f(0,3790) = 2982,0584; b = alpha_2 = 0,3790.
[23.11.2015 18:31:51] Iter 2: Answer is in the range: [0,1288; 0,3790]
[23.11.2015 18:31:51] Step 1: counting alpha_1 = 0,2538, alpha_2 = 0,2540
[23.11.2015 18:31:51] Step 3: f(0,2538) = 451,9442 <= f(0,2540) = 453,6849; b = alpha_2 = 0,2540.
[23.11.2015 18:31:51] Iter 3: Answer is in the range: [0,1288; 0,2540]
[23.11.2015 18:31:51] Step 1: counting alpha_1 = 0,1913, alpha_2 = 0,1915
[23.11.2015 18:31:51] Step 3: f(0,1913) = 122,2910 <= f(0,1915) = 122,7928; b = alpha_2 = 0,1915.
[23.11.2015 18:31:51] Iter 4: Answer is in the range: [0,1288; 0,1915]
[23.11.2015 18:31:51] Step 1: counting alpha_1 = 0,1601, alpha_2 = 0,1603
[23.11.2015 18:31:51] Step 3: f(0,1601) = 73,9401 <= f(0,1603) = 74,0849; b = alpha_2 = 0,1603.
[23.11.2015 18:31:51] Iter 5: Answer is in the range: [0,1288; 0,1603]
[23.11.2015 18:31:51] Step 1: counting alpha_1 = 0,1445, alpha_2 = 0,1447
[23.11.2015 18:31:51] Step 3: f(0,1445) = 67,7798 <= f(0,1447) = 67,7998; b = alpha_2 = 0,1447.
[23.11.2015 18:31:51] Iter 6: Answer is in the range: [0,1288; 0,1447]
[23.11.2015 18:31:51] Step 1: counting alpha_1 = 0,1367, alpha_2 = 0,1369
[23.11.2015 18:31:51] Step 3: f(0,1367) = 68,0315 > f(0,1369) = 68,0012; a = alpha_1 = 0,1367.
[23.11.2015 18:31:51] Iter 7: Answer is in the range: [0,1367; 0,1447]
[23.11.2015 18:31:51] Step 1: counting alpha_1 = 0,1406, alpha_2 = 0,1408
[23.11.2015 18:31:51] Step 3: f(0,1406) = 67,6601 > f(0,1408) = 67,6540; a = alpha_1 = 0,1406.
[23.11.2015 18:31:51] Iter 8: Answer is in the range: [0,1406; 0,1447]
[23.11.2015 18:31:51] Step 1: counting alpha_1 = 0,1425, alpha_2 = 0,1427
[23.11.2015 18:31:51] Step 3: f(0,1425) = 67,6562 <= f(0,1427) = 67,6629; b = alpha_2 = 0,1427.
[23.11.2015 18:31:51] Iter 9: Answer is in the range: [0,1406; 0,1427]
[23.11.2015 18:31:51] Step 1: counting alpha_1 = 0,1415, alpha_2 = 0,1417
[23.11.2015 18:31:51] Step 3: f(0,1415) = 67,6425 <= f(0,1417) = 67,6428; b = alpha_2 = 0,1417.
[23.11.2015 18:31:51] Step 4: (b-a)/2 = 0,0006 < eps = 0,0010; STOP SEARCHING!
[23.11.2015 18:31:51] Iter 10: Answer is in the range: [0,1406; 0,1417]
[23.11.2015 18:31:51] Step 5: alpha_end = (a+b)/2; Minimum x* is: 0,1411
[23.11.2015 18:31:51] Step 9: New alpha 0,141149169921875
[23.11.2015 18:31:51] Step 10: New local search point DenseVector 2-Double
 -0,278865
-0,0475031

[23.11.2015 18:31:51] Step 11: Iteration end.
[23.11.2015 18:31:51] Step 2: ITERATION number 7
[23.11.2015 18:31:51] Step 5: Sk = DenseVector 2-Double
 0,0565304
-0,0707591

[23.11.2015 18:31:51] Step 6: Yk = DenseVector 2-Double
0,658175
 3,77755

[23.11.2015 18:31:51] Step 7: Quasi-Newton matrix: 
DenseMatrix 2x2-Double
-0,0363708  0,0213018
 0,0213018  -0,022443

[23.11.2015 18:31:51] Step 8: Search vector: DenseVector 2-Double
 0,353449
-0,411905

[23.11.2015 18:31:51] DSK method started!
[23.11.2015 18:31:51] Step 1: f(alpha)=68,4119, f(alpha + h)=218330,7172; k=0;
[23.11.2015 18:31:51] Step 3: a=-0,8589, b=1,1411; Go to step 6!
[23.11.2015 18:31:51] Step 6: Interval is: [-0,8589 ; 1,1411]
[23.11.2015 18:31:51] Dichotomy method has been started!
[23.11.2015 18:31:51] Counting: delta = eps / 10 = 0,0001
[23.11.2015 18:31:51] Step 1: counting alpha_1 = 0,1410, alpha_2 = 0,1412
[23.11.2015 18:31:51] Step 3: f(0,1410) = 68,4477 > f(0,1412) = 68,3762; a = alpha_1 = 0,1410.
[23.11.2015 18:31:51] Iter 0: Answer is in the range: [0,1410; 1,1411]
[23.11.2015 18:31:51] Step 1: counting alpha_1 = 0,6410, alpha_2 = 0,6412
[23.11.2015 18:31:52] Step 3: f(0,6410) = 20280,7088 <= f(0,6412) = 20307,3502; b = alpha_2 = 0,6412.
[23.11.2015 18:31:52] Iter 1: Answer is in the range: [0,1410; 0,6412]
[23.11.2015 18:31:52] Step 1: counting alpha_1 = 0,3910, alpha_2 = 0,3912
[23.11.2015 18:31:52] Step 3: f(0,3910) = 2348,0443 <= f(0,3912) = 2353,5383; b = alpha_2 = 0,3912.
[23.11.2015 18:31:52] Iter 2: Answer is in the range: [0,1410; 0,3912]
[23.11.2015 18:31:52] Step 1: counting alpha_1 = 0,2660, alpha_2 = 0,2662
[23.11.2015 18:31:52] Step 3: f(0,2660) = 371,6611 <= f(0,2662) = 373,0446; b = alpha_2 = 0,2662.
[23.11.2015 18:31:52] Iter 3: Answer is in the range: [0,1410; 0,2662]
[23.11.2015 18:31:52] Step 1: counting alpha_1 = 0,2035, alpha_2 = 0,2037
[23.11.2015 18:31:52] Step 3: f(0,2035) = 108,5442 <= f(0,2037) = 108,9457; b = alpha_2 = 0,2037.
[23.11.2015 18:31:52] Iter 4: Answer is in the range: [0,1410; 0,2037]
[23.11.2015 18:31:52] Step 1: counting alpha_1 = 0,1723, alpha_2 = 0,1725
[23.11.2015 18:31:52] Step 3: f(0,1723) = 70,1747 <= f(0,1725) = 70,2858; b = alpha_2 = 0,1725.
[23.11.2015 18:31:52] Iter 5: Answer is in the range: [0,1410; 0,1725]
[23.11.2015 18:31:52] Step 1: counting alpha_1 = 0,1567, alpha_2 = 0,1569
[23.11.2015 18:31:52] Step 3: f(0,1567) = 65,7599 <= f(0,1569) = 65,7675; b = alpha_2 = 0,1569.
[23.11.2015 18:31:52] Iter 6: Answer is in the range: [0,1410; 0,1569]
[23.11.2015 18:31:52] Step 1: counting alpha_1 = 0,1489, alpha_2 = 0,1491
[23.11.2015 18:31:52] Step 3: f(0,1489) = 66,3343 > f(0,1491) = 66,2994; a = alpha_1 = 0,1489.
[23.11.2015 18:31:52] Iter 7: Answer is in the range: [0,1489; 0,1569]
[23.11.2015 18:31:52] Step 1: counting alpha_1 = 0,1528, alpha_2 = 0,1530
[23.11.2015 18:31:52] Step 3: f(0,1528) = 65,8404 > f(0,1530) = 65,8260; a = alpha_1 = 0,1528.
[23.11.2015 18:31:52] Iter 8: Answer is in the range: [0,1528; 0,1569]
[23.11.2015 18:31:52] Step 1: counting alpha_1 = 0,1547, alpha_2 = 0,1549
[23.11.2015 18:31:52] Step 3: f(0,1547) = 65,7467 > f(0,1549) = 65,7431; a = alpha_1 = 0,1547.
[23.11.2015 18:31:52] Iter 9: Answer is in the range: [0,1547; 0,1569]
[23.11.2015 18:31:52] Step 1: counting alpha_1 = 0,1557, alpha_2 = 0,1559
[23.11.2015 18:31:52] Step 3: f(0,1557) = 65,7397 <= f(0,1559) = 65,7416; b = alpha_2 = 0,1559.
[23.11.2015 18:31:52] Step 4: (b-a)/2 = 0,0006 < eps = 0,0010; STOP SEARCHING!
[23.11.2015 18:31:52] Iter 10: Answer is in the range: [0,1547; 0,1559]
[23.11.2015 18:31:52] Step 5: alpha_end = (a+b)/2; Minimum x* is: 0,1553
[23.11.2015 18:31:52] Step 9: New alpha 0,15530791015625
[23.11.2015 18:31:52] Step 10: New local search point DenseVector 2-Double
-0,223972
-0,111475

[23.11.2015 18:31:52] Step 11: Iteration end.
[23.11.2015 18:31:52] Step 2: ITERATION number 8
[23.11.2015 18:31:52] Step 5: Sk = DenseVector 2-Double
 0,0548934
-0,0639721

[23.11.2015 18:31:52] Step 6: Yk = DenseVector 2-Double
1,02502
3,75151

[23.11.2015 18:31:52] Step 7: Quasi-Newton matrix: 
DenseMatrix 2x2-Double
-0,0432178   0,0264407
 0,0264407  -0,0242767

[23.11.2015 18:31:52] Step 8: Search vector: DenseVector 2-Double
 0,304692
-0,339585

[23.11.2015 18:31:52] DSK method started!
[23.11.2015 18:31:52] Step 1: f(alpha)=60,3404, f(alpha + h)=168522,0443; k=0;
[23.11.2015 18:31:52] Step 3: a=-0,8447, b=1,1553; Go to step 6!
[23.11.2015 18:31:52] Step 6: Interval is: [-0,8447 ; 1,1553]
[23.11.2015 18:31:52] Dichotomy method has been started!
[23.11.2015 18:31:52] Counting: delta = eps / 10 = 0,0001
[23.11.2015 18:31:52] Step 1: counting alpha_1 = 0,1552, alpha_2 = 0,1554
[23.11.2015 18:31:52] Step 3: f(0,1552) = 60,3764 > f(0,1554) = 60,3045; a = alpha_1 = 0,1552.
[23.11.2015 18:31:52] Iter 0: Answer is in the range: [0,1552; 1,1553]
[23.11.2015 18:31:52] Step 1: counting alpha_1 = 0,6552, alpha_2 = 0,6554
[23.11.2015 18:31:52] Step 3: f(0,6552) = 16115,5187 <= f(0,6554) = 16136,3969; b = alpha_2 = 0,6554.
[23.11.2015 18:31:52] Iter 1: Answer is in the range: [0,1552; 0,6554]
[23.11.2015 18:31:52] Step 1: counting alpha_1 = 0,4052, alpha_2 = 0,4054
[23.11.2015 18:31:52] Step 3: f(0,4052) = 1923,8481 <= f(0,4054) = 1928,2869; b = alpha_2 = 0,4054.
[23.11.2015 18:31:52] Iter 2: Answer is in the range: [0,1552; 0,4054]
[23.11.2015 18:31:52] Step 1: counting alpha_1 = 0,2802, alpha_2 = 0,2804
[23.11.2015 18:31:52] Step 3: f(0,2802) = 311,6124 <= f(0,2804) = 312,7598; b = alpha_2 = 0,2804.
[23.11.2015 18:31:52] Iter 3: Answer is in the range: [0,1552; 0,2804]
[23.11.2015 18:31:52] Step 1: counting alpha_1 = 0,2177, alpha_2 = 0,2179
[23.11.2015 18:31:52] Step 3: f(0,2177) = 92,3351 <= f(0,2179) = 92,6707; b = alpha_2 = 0,2179.
[23.11.2015 18:31:52] Iter 4: Answer is in the range: [0,1552; 0,2179]
[23.11.2015 18:31:52] Step 1: counting alpha_1 = 0,1865, alpha_2 = 0,1867
[23.11.2015 18:31:52] Step 3: f(0,1865) = 60,5554 <= f(0,1867) = 60,6439; b = alpha_2 = 0,1867.
[23.11.2015 18:31:52] Iter 5: Answer is in the range: [0,1552; 0,1867]
[23.11.2015 18:31:52] Step 1: counting alpha_1 = 0,1708, alpha_2 = 0,1710
[23.11.2015 18:31:52] Step 3: f(0,1708) = 57,3461 > f(0,1710) = 57,3445; a = alpha_1 = 0,1708.
[23.11.2015 18:31:52] Iter 6: Answer is in the range: [0,1708; 0,1867]
[23.11.2015 18:31:52] Step 1: counting alpha_1 = 0,1786, alpha_2 = 0,1788
[23.11.2015 18:31:52] Step 3: f(0,1786) = 58,0725 <= f(0,1788) = 58,1133; b = alpha_2 = 0,1788.
[23.11.2015 18:31:52] Iter 7: Answer is in the range: [0,1708; 0,1788]
[23.11.2015 18:31:52] Step 1: counting alpha_1 = 0,1747, alpha_2 = 0,1749
[23.11.2015 18:31:52] Step 3: f(0,1747) = 57,5024 <= f(0,1749) = 57,5213; b = alpha_2 = 0,1749.
[23.11.2015 18:31:52] Iter 8: Answer is in the range: [0,1708; 0,1749]
[23.11.2015 18:31:52] Step 1: counting alpha_1 = 0,1728, alpha_2 = 0,1730
[23.11.2015 18:31:52] Step 3: f(0,1728) = 57,3741 <= f(0,1730) = 57,3825; b = alpha_2 = 0,1730.
[23.11.2015 18:31:52] Iter 9: Answer is in the range: [0,1708; 0,1730]
[23.11.2015 18:31:52] Step 1: counting alpha_1 = 0,1718, alpha_2 = 0,1720
[23.11.2015 18:31:52] Step 3: f(0,1718) = 57,3477 <= f(0,1720) = 57,3511; b = alpha_2 = 0,1720.
[23.11.2015 18:31:52] Step 4: (b-a)/2 = 0,0006 < eps = 0,0010; STOP SEARCHING!
[23.11.2015 18:31:52] Iter 10: Answer is in the range: [0,1708; 0,1720]
[23.11.2015 18:31:52] Step 5: alpha_end = (a+b)/2; Minimum x* is: 0,1714
[23.11.2015 18:31:52] Step 9: New alpha 0,171419580078125
[23.11.2015 18:31:52] Step 10: New local search point DenseVector 2-Double
-0,171742
-0,169687

[23.11.2015 18:31:52] Step 11: Iteration end.
[23.11.2015 18:31:52] Step 2: ITERATION number 9
[23.11.2015 18:31:52] Step 5: Sk = DenseVector 2-Double
 0,0522301
-0,0582114

[23.11.2015 18:31:52] Step 6: Yk = DenseVector 2-Double
1,48312
 3,7704

[23.11.2015 18:31:52] Step 7: Quasi-Newton matrix: 
DenseMatrix 2x2-Double
-0,053657   0,0349592
0,0349592  -0,0291906

[23.11.2015 18:31:52] Step 8: Search vector: DenseVector 2-Double
 0,253413
-0,276941

[23.11.2015 18:31:52] DSK method started!
[23.11.2015 18:31:52] Step 1: f(alpha)=45,7593, f(alpha + h)=138083,1173; k=0;
[23.11.2015 18:31:52] Step 3: a=-0,8286, b=1,1714; Go to step 6!
[23.11.2015 18:31:52] Step 6: Interval is: [-0,8286 ; 1,1714]
[23.11.2015 18:31:52] Dichotomy method has been started!
[23.11.2015 18:31:52] Counting: delta = eps / 10 = 0,0001
[23.11.2015 18:31:52] Step 1: counting alpha_1 = 0,1713, alpha_2 = 0,1715
[23.11.2015 18:31:52] Step 3: f(0,1713) = 45,7940 > f(0,1715) = 45,7248; a = alpha_1 = 0,1713.
[23.11.2015 18:31:52] Iter 0: Answer is in the range: [0,1713; 1,1714]
[23.11.2015 18:31:52] Step 1: counting alpha_1 = 0,6713, alpha_2 = 0,6715
[23.11.2015 18:31:52] Step 3: f(0,6713) = 13661,7689 <= f(0,6715) = 13679,1831; b = alpha_2 = 0,6715.
[23.11.2015 18:31:52] Iter 1: Answer is in the range: [0,1713; 0,6715]
[23.11.2015 18:31:52] Step 1: counting alpha_1 = 0,4213, alpha_2 = 0,4215
[23.11.2015 18:31:52] Step 3: f(0,4213) = 1685,5190 <= f(0,4215) = 1689,3584; b = alpha_2 = 0,4215.
[23.11.2015 18:31:52] Iter 2: Answer is in the range: [0,1713; 0,4215]
[23.11.2015 18:31:52] Step 1: counting alpha_1 = 0,2963, alpha_2 = 0,2965
[23.11.2015 18:31:52] Step 3: f(0,2963) = 273,7053 <= f(0,2965) = 274,7329; b = alpha_2 = 0,2965.
[23.11.2015 18:31:52] Iter 3: Answer is in the range: [0,1713; 0,2965]
[23.11.2015 18:31:52] Step 1: counting alpha_1 = 0,2338, alpha_2 = 0,2340
[23.11.2015 18:31:52] Step 3: f(0,2338) = 75,2957 <= f(0,2340) = 75,6045; b = alpha_2 = 0,2340.
[23.11.2015 18:31:52] Iter 4: Answer is in the range: [0,1713; 0,2340]
[23.11.2015 18:31:52] Step 1: counting alpha_1 = 0,2026, alpha_2 = 0,2028
[23.11.2015 18:31:52] Step 3: f(0,2026) = 45,8743 <= f(0,2028) = 45,9570; b = alpha_2 = 0,2028.
[23.11.2015 18:31:52] Iter 5: Answer is in the range: [0,1713; 0,2028]
[23.11.2015 18:31:52] Step 1: counting alpha_1 = 0,1869, alpha_2 = 0,1871
[23.11.2015 18:31:52] Step 3: f(0,1869) = 42,8782 > f(0,1871) = 42,8764; a = alpha_1 = 0,1869.
[23.11.2015 18:31:52] Iter 6: Answer is in the range: [0,1869; 0,2028]
[23.11.2015 18:31:52] Step 1: counting alpha_1 = 0,1948, alpha_2 = 0,1950
[23.11.2015 18:31:52] Step 3: f(0,1948) = 43,5525 <= f(0,1950) = 43,5907; b = alpha_2 = 0,1950.
[23.11.2015 18:31:52] Iter 7: Answer is in the range: [0,1869; 0,1950]
[23.11.2015 18:31:52] Step 1: counting alpha_1 = 0,1908, alpha_2 = 0,1910
[23.11.2015 18:31:52] Step 3: f(0,1908) = 43,0203 <= f(0,1910) = 43,0379; b = alpha_2 = 0,1910.
[23.11.2015 18:31:52] Iter 8: Answer is in the range: [0,1869; 0,1910]
[23.11.2015 18:31:52] Step 1: counting alpha_1 = 0,1889, alpha_2 = 0,1891
[23.11.2015 18:31:52] Step 3: f(0,1889) = 42,9018 <= f(0,1891) = 42,9096; b = alpha_2 = 0,1891.
[23.11.2015 18:31:52] Iter 9: Answer is in the range: [0,1869; 0,1891]
[23.11.2015 18:31:52] Step 1: counting alpha_1 = 0,1879, alpha_2 = 0,1881
[23.11.2015 18:31:52] Step 3: f(0,1879) = 42,8783 <= f(0,1881) = 42,8812; b = alpha_2 = 0,1881.
[23.11.2015 18:31:52] Step 4: (b-a)/2 = 0,0006 < eps = 0,0010; STOP SEARCHING!
[23.11.2015 18:31:52] Iter 10: Answer is in the range: [0,1869; 0,1881]
[23.11.2015 18:31:52] Step 5: alpha_end = (a+b)/2; Minimum x* is: 0,1875
[23.11.2015 18:31:52] Step 9: New alpha 0,18753125
[23.11.2015 18:31:52] Step 10: New local search point DenseVector 2-Double
-0,124219
-0,221622

[23.11.2015 18:31:52] Step 11: Iteration end.
[23.11.2015 18:31:52] Step 2: ITERATION number 10
[23.11.2015 18:31:52] Step 5: Sk = DenseVector 2-Double
 0,0475228
-0,0519351

[23.11.2015 18:31:52] Step 6: Yk = DenseVector 2-Double
2,03264
3,77114

[23.11.2015 18:31:52] Step 7: Quasi-Newton matrix: 
DenseMatrix 2x2-Double
-0,0712699   0,0510161
 0,0510161  -0,0412694

[23.11.2015 18:31:52] Step 8: Search vector: DenseVector 2-Double
  0,21186
-0,228376

[23.11.2015 18:31:52] DSK method started!
[23.11.2015 18:31:52] Step 1: f(alpha)=27,7470, f(alpha + h)=123864,1444; k=0;
[23.11.2015 18:31:52] Step 3: a=-0,8125, b=1,1875; Go to step 6!
[23.11.2015 18:31:52] Step 6: Interval is: [-0,8125 ; 1,1875]
[23.11.2015 18:31:52] Dichotomy method has been started!
[23.11.2015 18:31:52] Counting: delta = eps / 10 = 0,0001
[23.11.2015 18:31:52] Step 1: counting alpha_1 = 0,1874, alpha_2 = 0,1876
[23.11.2015 18:31:52] Step 3: f(0,1874) = 27,7753 > f(0,1876) = 27,7188; a = alpha_1 = 0,1874.
[23.11.2015 18:31:52] Iter 0: Answer is in the range: [0,1874; 1,1875]
[23.11.2015 18:31:52] Step 1: counting alpha_1 = 0,6874, alpha_2 = 0,6876
[23.11.2015 18:31:52] Step 3: f(0,6874) = 12711,2698 <= f(0,6876) = 12727,1817; b = alpha_2 = 0,6876.
[23.11.2015 18:31:52] Iter 1: Answer is in the range: [0,1874; 0,6876]
[23.11.2015 18:31:52] Step 1: counting alpha_1 = 0,4374, alpha_2 = 0,4376
[23.11.2015 18:31:52] Step 3: f(0,4374) = 1627,9761 <= f(0,4376) = 1631,6280; b = alpha_2 = 0,4376.
[23.11.2015 18:31:52] Iter 2: Answer is in the range: [0,1874; 0,4376]
[23.11.2015 18:31:52] Step 1: counting alpha_1 = 0,3124, alpha_2 = 0,3126
[23.11.2015 18:31:52] Step 3: f(0,3124) = 264,2608 <= f(0,3126) = 265,2846; b = alpha_2 = 0,3126.
[23.11.2015 18:31:52] Iter 3: Answer is in the range: [0,1874; 0,3126]
[23.11.2015 18:31:52] Step 1: counting alpha_1 = 0,2499, alpha_2 = 0,2501
[23.11.2015 18:31:52] Step 3: f(0,2499) = 62,6613 <= f(0,2501) = 62,9884; b = alpha_2 = 0,2501.
[23.11.2015 18:31:52] Iter 4: Answer is in the range: [0,1874; 0,2501]
[23.11.2015 18:31:52] Step 1: counting alpha_1 = 0,2187, alpha_2 = 0,2189
[23.11.2015 18:31:52] Step 3: f(0,2187) = 30,3116 <= f(0,2189) = 30,4124; b = alpha_2 = 0,2189.
[23.11.2015 18:31:52] Iter 5: Answer is in the range: [0,1874; 0,2189]
[23.11.2015 18:31:52] Step 1: counting alpha_1 = 0,2031, alpha_2 = 0,2033
[23.11.2015 18:31:53] Step 3: f(0,2031) = 25,9795 <= f(0,2033) = 25,9936; b = alpha_2 = 0,2033.
[23.11.2015 18:31:53] Iter 6: Answer is in the range: [0,1874; 0,2033]
[23.11.2015 18:31:53] Step 1: counting alpha_1 = 0,1952, alpha_2 = 0,1954
[23.11.2015 18:31:53] Step 3: f(0,1952) = 26,1894 > f(0,1954) = 26,1662; a = alpha_1 = 0,1952.
[23.11.2015 18:31:53] Iter 7: Answer is in the range: [0,1952; 0,2033]
[23.11.2015 18:31:53] Step 1: counting alpha_1 = 0,1991, alpha_2 = 0,1993
[23.11.2015 18:31:53] Step 3: f(0,1991) = 25,9029 > f(0,1993) = 25,8979; a = alpha_1 = 0,1991.
[23.11.2015 18:31:53] Iter 8: Answer is in the range: [0,1991; 0,2033]
[23.11.2015 18:31:53] Step 1: counting alpha_1 = 0,2011, alpha_2 = 0,2013
[23.11.2015 18:31:53] Step 3: f(0,2011) = 25,8946 <= f(0,2013) = 25,8990; b = alpha_2 = 0,2013.
[23.11.2015 18:31:53] Iter 9: Answer is in the range: [0,1991; 0,2013]
[23.11.2015 18:31:53] Step 1: counting alpha_1 = 0,2001, alpha_2 = 0,2003
[23.11.2015 18:31:53] Step 3: f(0,2001) = 25,8873 > f(0,2003) = 25,8869; a = alpha_1 = 0,2001.
[23.11.2015 18:31:53] Step 4: (b-a)/2 = 0,0006 < eps = 0,0010; STOP SEARCHING!
[23.11.2015 18:31:53] Iter 10: Answer is in the range: [0,2001; 0,2013]
[23.11.2015 18:31:53] Step 5: alpha_end = (a+b)/2; Minimum x* is: 0,2007
[23.11.2015 18:31:53] Step 9: New alpha 0,200713525390625
[23.11.2015 18:31:53] Step 10: New local search point DenseVector 2-Double
-0,0816959
  -0,26746

[23.11.2015 18:31:53] Step 11: Iteration end.
[23.11.2015 18:31:53] Step 2: ITERATION number 11
[23.11.2015 18:31:53] Step 5: Sk = DenseVector 2-Double
 0,0425231
-0,0458382

[23.11.2015 18:31:53] Step 6: Yk = DenseVector 2-Double
2,53564
3,73542

[23.11.2015 18:31:53] Step 7: Quasi-Newton matrix: 
DenseMatrix 2x2-Double
-0,0983555   0,0781485
 0,0781485  -0,0653193

[23.11.2015 18:31:53] Step 8: Search vector: DenseVector 2-Double
 0,157409
-0,173568

[23.11.2015 18:31:53] DSK method started!
[23.11.2015 18:31:53] Step 1: f(alpha)=13,4799, f(alpha + h)=122629,7417; k=0;
[23.11.2015 18:31:53] Step 3: a=-0,7993, b=1,2007; Go to step 6!
[23.11.2015 18:31:53] Step 6: Interval is: [-0,7993 ; 1,2007]
[23.11.2015 18:31:53] Dichotomy method has been started!
[23.11.2015 18:31:53] Counting: delta = eps / 10 = 0,0001
[23.11.2015 18:31:53] Step 1: counting alpha_1 = 0,2006, alpha_2 = 0,2008
[23.11.2015 18:31:53] Step 3: f(0,2006) = 13,4935 > f(0,2008) = 13,4665; a = alpha_1 = 0,2006.
[23.11.2015 18:31:53] Iter 0: Answer is in the range: [0,2006; 1,2007]
[23.11.2015 18:31:53] Step 1: counting alpha_1 = 0,7006, alpha_2 = 0,7008
[23.11.2015 18:31:53] Step 3: f(0,7006) = 13017,9461 <= f(0,7008) = 13033,9473; b = alpha_2 = 0,7008.
[23.11.2015 18:31:53] Iter 1: Answer is in the range: [0,2006; 0,7008]
[23.11.2015 18:31:53] Step 1: counting alpha_1 = 0,4506, alpha_2 = 0,4508
[23.11.2015 18:31:53] Step 3: f(0,4506) = 1740,1610 <= f(0,4508) = 1743,9757; b = alpha_2 = 0,4508.
[23.11.2015 18:31:53] Iter 2: Answer is in the range: [0,2006; 0,4508]
[23.11.2015 18:31:53] Step 1: counting alpha_1 = 0,3256, alpha_2 = 0,3258
[23.11.2015 18:31:53] Step 3: f(0,3256) = 291,4054 <= f(0,3258) = 292,5330; b = alpha_2 = 0,3258.
[23.11.2015 18:31:53] Iter 3: Answer is in the range: [0,2006; 0,3258]
[23.11.2015 18:31:53] Step 1: counting alpha_1 = 0,2631, alpha_2 = 0,2633
[23.11.2015 18:31:53] Step 3: f(0,2631) = 63,2288 <= f(0,2633) = 63,6222; b = alpha_2 = 0,2633.
[23.11.2015 18:31:53] Iter 4: Answer is in the range: [0,2006; 0,2633]
[23.11.2015 18:31:53] Step 1: counting alpha_1 = 0,2319, alpha_2 = 0,2321
[23.11.2015 18:31:53] Step 3: f(0,2319) = 22,0152 <= f(0,2321) = 22,1634; b = alpha_2 = 0,2321.
[23.11.2015 18:31:53] Iter 5: Answer is in the range: [0,2006; 0,2321]
[23.11.2015 18:31:53] Step 1: counting alpha_1 = 0,2162, alpha_2 = 0,2164
[23.11.2015 18:31:53] Step 3: f(0,2162) = 14,3388 <= f(0,2164) = 14,3912; b = alpha_2 = 0,2164.
[23.11.2015 18:31:53] Iter 6: Answer is in the range: [0,2006; 0,2164]
[23.11.2015 18:31:53] Step 1: counting alpha_1 = 0,2084, alpha_2 = 0,2086
[23.11.2015 18:31:53] Step 3: f(0,2084) = 13,1415 <= f(0,2086) = 13,1522; b = alpha_2 = 0,2086.
[23.11.2015 18:31:53] Iter 7: Answer is in the range: [0,2006; 0,2086]
[23.11.2015 18:31:53] Step 1: counting alpha_1 = 0,2045, alpha_2 = 0,2047
[23.11.2015 18:31:53] Step 3: f(0,2045) = 13,1335 > f(0,2047) = 13,1248; a = alpha_1 = 0,2045.
[23.11.2015 18:31:53] Iter 8: Answer is in the range: [0,2045; 0,2086]
[23.11.2015 18:31:53] Step 1: counting alpha_1 = 0,2065, alpha_2 = 0,2067
[23.11.2015 18:31:53] Step 3: f(0,2065) = 13,0903 <= f(0,2067) = 13,0912; b = alpha_2 = 0,2067.
[23.11.2015 18:31:53] Iter 9: Answer is in the range: [0,2045; 0,2067]
[23.11.2015 18:31:53] Step 1: counting alpha_1 = 0,2055, alpha_2 = 0,2057
[23.11.2015 18:31:53] Step 3: f(0,2055) = 13,1003 > f(0,2057) = 13,0963; a = alpha_1 = 0,2055.
[23.11.2015 18:31:53] Step 4: (b-a)/2 = 0,0006 < eps = 0,0010; STOP SEARCHING!
[23.11.2015 18:31:53] Iter 10: Answer is in the range: [0,2055; 0,2067]
[23.11.2015 18:31:53] Step 5: alpha_end = (a+b)/2; Minimum x* is: 0,2061
[23.11.2015 18:31:53] Step 9: New alpha 0,20608408203125
[23.11.2015 18:31:53] Step 10: New local search point DenseVector 2-Double
-0,0492565
  -0,30323

[23.11.2015 18:31:53] Step 11: Iteration end.
[23.11.2015 18:31:53] Step 2: ITERATION number 12
[23.11.2015 18:31:53] Step 5: Sk = DenseVector 2-Double
 0,0324394
-0,0357696

[23.11.2015 18:31:53] Step 6: Yk = DenseVector 2-Double
 3,0852
3,50698

[23.11.2015 18:31:53] Step 7: Quasi-Newton matrix: 
DenseMatrix 2x2-Double
-0,122033   0,116606
 0,116606  -0,112782

[23.11.2015 18:31:53] Step 8: Search vector: DenseVector 2-Double
 0,226407
-0,235631

[23.11.2015 18:31:53] DSK method started!
[23.11.2015 18:31:53] Step 1: f(alpha)=2,1978, f(alpha + h)=136004,3336; k=0;
[23.11.2015 18:31:53] Step 3: a=-0,7939, b=1,2061; Go to step 6!
[23.11.2015 18:31:53] Step 6: Interval is: [-0,7939 ; 1,2061]
[23.11.2015 18:31:53] Dichotomy method has been started!
[23.11.2015 18:31:53] Counting: delta = eps / 10 = 0,0001
[23.11.2015 18:31:53] Step 1: counting alpha_1 = 0,2060, alpha_2 = 0,2062
[23.11.2015 18:31:53] Step 3: f(0,2060) = 2,1931 <= f(0,2062) = 2,2028; b = alpha_2 = 0,2062.
[23.11.2015 18:31:53] Iter 0: Answer is in the range: [-0,7939; 0,2062]
[23.11.2015 18:31:53] Step 1: counting alpha_1 = -0,2940, alpha_2 = -0,2938
[23.11.2015 18:31:53] Step 3: f(-0,2940) = 43,0858 > f(-0,2938) = 42,8031; a = alpha_1 = -0,2940.
[23.11.2015 18:31:53] Iter 1: Answer is in the range: [-0,2940; 0,2062]
[23.11.2015 18:31:53] Step 1: counting alpha_1 = -0,0440, alpha_2 = -0,0438
[23.11.2015 18:31:53] Step 3: f(-0,0440) = 179,1975 <= f(-0,0438) = 179,2413; b = alpha_2 = -0,0438.
[23.11.2015 18:31:53] Iter 2: Answer is in the range: [-0,2940; -0,0438]
[23.11.2015 18:31:53] Step 1: counting alpha_1 = -0,1690, alpha_2 = -0,1688
[23.11.2015 18:31:53] Step 3: f(-0,1690) = 75,4692 <= f(-0,1688) = 75,6925; b = alpha_2 = -0,1688.
[23.11.2015 18:31:53] Iter 3: Answer is in the range: [-0,2940; -0,1688]
[23.11.2015 18:31:53] Step 1: counting alpha_1 = -0,2315, alpha_2 = -0,2313
[23.11.2015 18:31:53] Step 3: f(-0,2315) = 20,6629 <= f(-0,2313) = 20,7561; b = alpha_2 = -0,2313.
[23.11.2015 18:31:53] Iter 4: Answer is in the range: [-0,2940; -0,2313]
[23.11.2015 18:31:53] Step 1: counting alpha_1 = -0,2627, alpha_2 = -0,2625
[23.11.2015 18:31:53] Step 3: f(-0,2627) = 17,2371 > f(-0,2625) = 17,1777; a = alpha_1 = -0,2627.
[23.11.2015 18:31:53] Iter 5: Answer is in the range: [-0,2627; -0,2313]
[23.11.2015 18:31:53] Step 1: counting alpha_1 = -0,2471, alpha_2 = -0,2469
[23.11.2015 18:31:53] Step 3: f(-0,2471) = 15,9704 <= f(-0,2469) = 15,9956; b = alpha_2 = -0,2469.
[23.11.2015 18:31:53] Iter 6: Answer is in the range: [-0,2627; -0,2469]
[23.11.2015 18:31:53] Step 1: counting alpha_1 = -0,2549, alpha_2 = -0,2547
[23.11.2015 18:31:53] Step 3: f(-0,2549) = 15,7774 > f(-0,2547) = 15,7625; a = alpha_1 = -0,2549.
[23.11.2015 18:31:53] Iter 7: Answer is in the range: [-0,2549; -0,2469]
[23.11.2015 18:31:53] Step 1: counting alpha_1 = -0,2510, alpha_2 = -0,2508
[23.11.2015 18:31:53] Step 3: f(-0,2510) = 15,6777 <= f(-0,2508) = 15,6834; b = alpha_2 = -0,2508.
[23.11.2015 18:31:53] Iter 8: Answer is in the range: [-0,2549; -0,2508]
[23.11.2015 18:31:53] Step 1: counting alpha_1 = -0,2530, alpha_2 = -0,2528
[23.11.2015 18:31:53] Step 3: f(-0,2530) = 15,6773 > f(-0,2528) = 15,6727; a = alpha_1 = -0,2530.
[23.11.2015 18:31:53] Iter 9: Answer is in the range: [-0,2530; -0,2508]
[23.11.2015 18:31:53] Step 1: counting alpha_1 = -0,2520, alpha_2 = -0,2518
[23.11.2015 18:31:53] Step 3: f(-0,2520) = 15,6651 <= f(-0,2518) = 15,6657; b = alpha_2 = -0,2518.
[23.11.2015 18:31:53] Step 4: (b-a)/2 = 0,0006 < eps = 0,0010; STOP SEARCHING!
[23.11.2015 18:31:53] Iter 10: Answer is in the range: [-0,2530; -0,2518]
[23.11.2015 18:31:53] Step 5: alpha_end = (a+b)/2; Minimum x* is: -0,2524
[23.11.2015 18:31:53] Step 9: New alpha -0,252366162109375
[23.11.2015 18:31:53] Step 10: New local search point DenseVector 2-Double
-0,106394
-0,243764

[23.11.2015 18:31:53] Step 11: Iteration end.
[23.11.2015 18:31:53] Step 2: ITERATION number 13
[23.11.2015 18:31:53] Step 5: Sk = DenseVector 2-Double
-0,0571374
 0,0594654

[23.11.2015 18:31:53] Step 6: Yk = DenseVector 2-Double
-3,05285
-4,51933

[23.11.2015 18:31:53] Step 7: Quasi-Newton matrix: 
DenseMatrix 2x2-Double
-0,0498111   0,0462908
 0,0462908  -0,0444279

[23.11.2015 18:31:53] Step 8: Search vector: DenseVector 2-Double
   0,2583
-0,262032

[23.11.2015 18:31:53] DSK method started!
[23.11.2015 18:31:53] Step 1: f(alpha)=282,4116, f(alpha + h)=25975,8390; k=0;
[23.11.2015 18:31:53] Step 3: a=-1,2524, b=0,7476; Go to step 6!
[23.11.2015 18:31:53] Step 6: Interval is: [-1,2524 ; 0,7476]
[23.11.2015 18:31:53] Dichotomy method has been started!
[23.11.2015 18:31:53] Counting: delta = eps / 10 = 0,0001
[23.11.2015 18:31:53] Step 1: counting alpha_1 = -0,2525, alpha_2 = -0,2523
[23.11.2015 18:31:53] Step 3: f(-0,2525) = 282,7422 > f(-0,2523) = 282,0816; a = alpha_1 = -0,2525.
[23.11.2015 18:31:53] Iter 0: Answer is in the range: [-0,2525; 0,7476]
[23.11.2015 18:31:53] Step 1: counting alpha_1 = 0,2475, alpha_2 = 0,2477
[23.11.2015 18:31:53] Step 3: f(0,2475) = 147,5255 <= f(0,2477) = 148,1166; b = alpha_2 = 0,2477.
[23.11.2015 18:31:53] Iter 1: Answer is in the range: [-0,2525; 0,2477]
[23.11.2015 18:31:53] Step 1: counting alpha_1 = -0,0025, alpha_2 = -0,0023
[23.11.2015 18:31:53] Step 3: f(-0,0025) = 176,0803 > f(-0,0023) = 176,0169; a = alpha_1 = -0,0025.
[23.11.2015 18:31:53] Iter 2: Answer is in the range: [-0,0025; 0,2477]
[23.11.2015 18:31:53] Step 1: counting alpha_1 = 0,1225, alpha_2 = 0,1227
[23.11.2015 18:31:53] Step 3: f(0,1225) = 81,7656 > f(0,1227) = 81,5998; a = alpha_1 = 0,1225.
[23.11.2015 18:31:53] Iter 3: Answer is in the range: [0,1225; 0,2477]
