[11.11.2015 18:31:51] Optimal gradient method started!
[11.11.2015 18:31:51] 	Data input:
(x1; x2) = (0; 0),
Alpha = 0,01,
eps = 0,01;
[11.11.2015 18:31:51] ITER 0:
[11.11.2015 18:31:51] Step 1: k = 0;
[11.11.2015 18:31:51] Step 2: gradient is (-14,0000000000015, -22,0000000000056);
[11.11.2015 18:31:51] DSK method started!
[11.11.2015 18:31:51] Step 1: f(alpha)=162,1841, f(alpha + h)=152,4578; k=0;
[11.11.2015 18:31:51] Step 2: a=0,0100, alpha1=0,0200, k=2; Go to step 4!
[11.11.2015 18:31:51] Step 4: alphak=0,0300
[11.11.2015 18:31:51] Step 5: h > 0; a=alpha(k-1)=0,0200
[11.11.2015 18:31:51] k = k + 1 = 3; Go to step 4!
[11.11.2015 18:31:51] Step 4: alphak=0,0500
[11.11.2015 18:31:51] Step 5: h > 0; a=alpha(k-1)=0,0300
[11.11.2015 18:31:51] k = k + 1 = 4; Go to step 4!
[11.11.2015 18:31:51] Step 4: alphak=0,0900
[11.11.2015 18:31:52] Step 5: h > 0; a=alpha(k-1)=0,0500
[11.11.2015 18:31:52] k = k + 1 = 5; Go to step 4!
[11.11.2015 18:31:52] Step 4: alphak=0,1700
[11.11.2015 18:31:52] Step 5: h > 0; b=alphak=0,1700
[11.11.2015 18:31:52] Step 6: Interval is: [0,0500 ; 0,1700]
[11.11.2015 18:31:52] Dichotomy method has been started!
[11.11.2015 18:31:52] Counting: delta = eps / 10 = 0,001
[11.11.2015 18:31:52] Step 1: counting alpha_1 = 0,1090, alpha_2 = 0,1110
[11.11.2015 18:31:52] Step 3: f(0,1090) = 39,4310 > f(0,1110) = 38,0051; a = alpha_1 = 0,1090.
[11.11.2015 18:31:52] Iter 0: Answer is in the range: [0,1090; 0,1700]
[11.11.2015 18:31:52] Step 1: counting alpha_1 = 0,1385, alpha_2 = 0,1405
[11.11.2015 18:31:52] Step 3: f(0,1385) = 35,4191 <= f(0,1405) = 36,7629; b = alpha_2 = 0,1405.
[11.11.2015 18:31:52] Iter 1: Answer is in the range: [0,1090; 0,1405]
[11.11.2015 18:31:52] Step 1: counting alpha_1 = 0,1238, alpha_2 = 0,1258
[11.11.2015 18:31:52] Step 3: f(0,1238) = 32,4345 > f(0,1258) = 32,1869; a = alpha_1 = 0,1238.
[11.11.2015 18:31:52] Step 4: (b-a)/2 = 0,0084 < eps = 0,0100; STOP SEARCHING!
[11.11.2015 18:31:52] Iter 2: Answer is in the range: [0,1238; 0,1405]
[11.11.2015 18:31:52] Step 5: alpha_end = (a+b)/2; Minimum x* is: 0,1321
[11.11.2015 18:31:52] Step 4: Alpha = 0,132125;
[11.11.2015 18:31:52] Step 5: arguments = arguments - alpha * gradientValue = (1,8497500000002; 2,90675000000074);
[11.11.2015 18:31:52] Step 6: k = k + 1 = 0;
[11.11.2015 18:31:52] Step 7: answer is: (1,8497500000002; 2,90675000000074);
[11.11.2015 18:31:52] ITER 1:
[11.11.2015 18:31:52] Step 1: k = 1;
[11.11.2015 18:31:52] Step 2: gradient is (-27,9355406228941, 29,0642333604203);
[11.11.2015 18:31:52] DSK method started!
[11.11.2015 18:31:52] Step 1: f(alpha)=352,5223, f(alpha + h)=468,7991; k=0;
[11.11.2015 18:31:52] Step 3: b=0,1321, alpha1=0,1421, h=-0,0100, k=2.
[11.11.2015 18:31:52] Step 4: alphak=0,1121
[11.11.2015 18:31:52] Step 5: h > 0; b=alpha(k-1)=0,1221
[11.11.2015 18:31:52] k = k + 1 = 3; Go to step 4!
[11.11.2015 18:31:52] Step 4: alphak=0,0921
[11.11.2015 18:31:52] Step 5: h > 0; b=alpha(k-1)=0,1121
[11.11.2015 18:31:52] k = k + 1 = 4; Go to step 4!
[11.11.2015 18:31:52] Step 4: alphak=0,0521
[11.11.2015 18:31:52] Step 5: h > 0; b=alpha(k-1)=0,0921
[11.11.2015 18:31:52] k = k + 1 = 5; Go to step 4!
[11.11.2015 18:31:52] Step 4: alphak=-0,0279
[11.11.2015 18:31:52] Step 5: h < 0; a=alphak-0,0279
[11.11.2015 18:31:52] Step 6: Interval is: [-0,0279 ; 0,0921]
[11.11.2015 18:31:52] Dichotomy method has been started!
[11.11.2015 18:31:52] Counting: delta = eps / 10 = 0,001
[11.11.2015 18:31:52] Step 1: counting alpha_1 = 0,0311, alpha_2 = 0,0331
[11.11.2015 18:31:52] Step 3: f(0,0311) = 2,6456 > f(0,0331) = 2,0340; a = alpha_1 = 0,0311.
[11.11.2015 18:31:52] Iter 0: Answer is in the range: [0,0311; 0,0921]
[11.11.2015 18:31:52] Step 1: counting alpha_1 = 0,0606, alpha_2 = 0,0626
[11.11.2015 18:31:52] Step 3: f(0,0606) = 11,8964 <= f(0,0626) = 14,1761; b = alpha_2 = 0,0626.
[11.11.2015 18:31:52] Iter 1: Answer is in the range: [0,0311; 0,0626]
[11.11.2015 18:31:52] Step 1: counting alpha_1 = 0,0459, alpha_2 = 0,0479
[11.11.2015 18:31:52] Step 3: f(0,0459) = 2,0837 <= f(0,0479) = 2,7537; b = alpha_2 = 0,0479.
[11.11.2015 18:31:52] Step 4: (b-a)/2 = 0,0084 < eps = 0,0100; STOP SEARCHING!
[11.11.2015 18:31:52] Iter 2: Answer is in the range: [0,0311; 0,0479]
[11.11.2015 18:31:52] Step 5: alpha_end = (a+b)/2; Minimum x* is: 0,0395
[11.11.2015 18:31:52] Step 4: Alpha = 0,0395;
[11.11.2015 18:31:52] Step 5: arguments = arguments - alpha * gradientValue = (2,95320385460451; 1,75871278226413);
[11.11.2015 18:31:52] Step 6: k = k + 1 = 1;
[11.11.2015 18:31:52] Step 7: answer is: (2,95320385460451; 1,75871278226413);
[11.11.2015 18:31:52] ITER 2:
[11.11.2015 18:31:52] Step 1: k = 2;
[11.11.2015 18:31:52] Step 2: gradient is (-8,04402134745763, -7,74632126473202);
[11.11.2015 18:31:52] DSK method started!
[11.11.2015 18:31:52] Step 1: f(alpha)=3,3959, f(alpha + h)=6,5195; k=0;
[11.11.2015 18:31:52] Step 3: b=0,0395, alpha1=0,0495, h=-0,0100, k=2.
[11.11.2015 18:31:52] Step 4: alphak=0,0195
[11.11.2015 18:31:52] Step 5: h > 0; b=alpha(k-1)=0,0295
[11.11.2015 18:31:52] k = k + 1 = 3; Go to step 4!
[11.11.2015 18:31:52] Step 4: alphak=-0,0005
[11.11.2015 18:31:52] Step 5: h < 0; a=alphak-0,0005
[11.11.2015 18:31:52] Step 6: Interval is: [-0,0005 ; 0,0295]
[11.11.2015 18:31:52] Dichotomy method has been started!
[11.11.2015 18:31:52] Counting: delta = eps / 10 = 0,001
[11.11.2015 18:31:52] Step 1: counting alpha_1 = 0,0135, alpha_2 = 0,0155
[11.11.2015 18:31:52] Step 3: f(0,0135) = 0,2741 <= f(0,0155) = 0,2779; b = alpha_2 = 0,0155.
[11.11.2015 18:31:52] Step 4: (b-a)/2 = 0,0080 < eps = 0,0100; STOP SEARCHING!
[11.11.2015 18:31:52] Iter 0: Answer is in the range: [-0,0005; 0,0155]
[11.11.2015 18:31:52] Step 5: alpha_end = (a+b)/2; Minimum x* is: 0,0075
[11.11.2015 18:31:52] Step 4: Alpha = 0,00750000000000001;
[11.11.2015 18:31:52] Step 5: arguments = arguments - alpha * gradientValue = (3,01353401471044; 1,81681019174962);
[11.11.2015 18:31:52] Step 6: k = k + 1 = 2;
[11.11.2015 18:31:52] Step 7: answer is: (3,01353401471044; 1,81681019174962);
[11.11.2015 18:31:52] ITER 3:
[11.11.2015 18:31:52] Step 1: k = 3;
[11.11.2015 18:31:52] Step 2: gradient is (-2,31938217244506, -5,08986200444898);
[11.11.2015 18:31:52] DSK method started!
[11.11.2015 18:31:52] Step 1: f(alpha)=0,2806, f(alpha + h)=0,1528; k=0;
[11.11.2015 18:31:52] Step 2: a=0,0075, alpha1=0,0175, k=2; Go to step 4!
[11.11.2015 18:31:52] Step 4: alphak=0,0275
[11.11.2015 18:31:52] Step 5: h > 0; b=alphak=0,0275
[11.11.2015 18:31:52] Step 6: Interval is: [0,0075 ; 0,0275]
[11.11.2015 18:31:52] Dichotomy method has been started!
[11.11.2015 18:31:52] Counting: delta = eps / 10 = 0,001
[11.11.2015 18:31:52] Step 1: counting alpha_1 = 0,0165, alpha_2 = 0,0185
[11.11.2015 18:31:52] Step 3: f(0,0165) = 0,1583 > f(0,0185) = 0,1490; a = alpha_1 = 0,0165.
[11.11.2015 18:31:52] Step 4: (b-a)/2 = 0,0055 < eps = 0,0100; STOP SEARCHING!
[11.11.2015 18:31:52] Iter 0: Answer is in the range: [0,0165; 0,0275]
[11.11.2015 18:31:52] Step 5: alpha_end = (a+b)/2; Minimum x* is: 0,0220
[11.11.2015 18:31:52] Step 4: Alpha = 0,022;
[11.11.2015 18:31:52] Step 5: arguments = arguments - alpha * gradientValue = (3,06456042250424; 1,9287871558475);
[11.11.2015 18:31:52] Step 6: k = k + 1 = 3;
[11.11.2015 18:31:52] Step 7: answer is: (3,06456042250424; 1,9287871558475);
[11.11.2015 18:31:53] ITER 4:
[11.11.2015 18:31:53] Step 1: k = 4;
[11.11.2015 18:31:53] Step 2: gradient is (3,49757613996844, -1,01888284490372);
[11.11.2015 18:31:53] DSK method started!
[11.11.2015 18:31:53] Step 1: f(alpha)=0,0572, f(alpha + h)=0,1429; k=0;
[11.11.2015 18:31:53] Step 3: b=0,0220, alpha1=0,0320, h=-0,0100, k=2.
[11.11.2015 18:31:53] Step 4: alphak=0,0020
[11.11.2015 18:31:53] Step 5: h < 0; a=alphak0,0020
[11.11.2015 18:31:53] Step 6: Interval is: [0,0020 ; 0,0220]
[11.11.2015 18:31:53] Dichotomy method has been started!
[11.11.2015 18:31:53] Counting: delta = eps / 10 = 0,001
[11.11.2015 18:31:53] Step 1: counting alpha_1 = 0,0110, alpha_2 = 0,0130
[11.11.2015 18:31:53] Step 3: f(0,0110) = 0,0537 > f(0,0130) = 0,0471; a = alpha_1 = 0,0110.
[11.11.2015 18:31:53] Step 4: (b-a)/2 = 0,0055 < eps = 0,0100; STOP SEARCHING!
[11.11.2015 18:31:53] Iter 0: Answer is in the range: [0,0110; 0,0220]
[11.11.2015 18:31:53] Step 5: alpha_end = (a+b)/2; Minimum x* is: 0,0165
[11.11.2015 18:31:53] Step 4: Alpha = 0,0165;
[11.11.2015 18:31:53] Step 5: arguments = arguments - alpha * gradientValue = (3,00685041619476; 1,94559872278841);
[11.11.2015 18:31:53] Step 6: k = k + 1 = 4;
[11.11.2015 18:31:53] Step 7: answer is: (3,00685041619476; 1,94559872278841);
[11.11.2015 18:31:53] ITER 5:
[11.11.2015 18:31:53] Step 1: k = 5;
[11.11.2015 18:31:53] Step 2: gradient is (-0,57415711724677, -1,64311826820392);
[11.11.2015 18:31:53] DSK method started!
[11.11.2015 18:31:53] Step 1: f(alpha)=0,0135, f(alpha + h)=0,0153; k=0;
[11.11.2015 18:31:53] Step 3: a=0,0065, b=0,0265; Go to step 6!
[11.11.2015 18:31:53] Step 6: Interval is: [0,0065 ; 0,0265]
[11.11.2015 18:31:53] Dichotomy method has been started!
[11.11.2015 18:31:53] Counting: delta = eps / 10 = 0,001
[11.11.2015 18:31:53] Step 1: counting alpha_1 = 0,0155, alpha_2 = 0,0175
[11.11.2015 18:31:53] Step 3: f(0,0155) = 0,0142 > f(0,0175) = 0,0130; a = alpha_1 = 0,0155.
[11.11.2015 18:31:53] Step 4: (b-a)/2 = 0,0055 < eps = 0,0100; STOP SEARCHING!
[11.11.2015 18:31:53] Iter 0: Answer is in the range: [0,0155; 0,0265]
[11.11.2015 18:31:53] Step 5: alpha_end = (a+b)/2; Minimum x* is: 0,0210
[11.11.2015 18:31:53] Step 4: Alpha = 0,021;
[11.11.2015 18:31:53] Step 5: arguments = arguments - alpha * gradientValue = (3,01890771565694; 1,9801042064207);
[11.11.2015 18:31:53] Step 6: k = k + 1 = 5;
[11.11.2015 18:31:53] Step 7: answer is: (3,01890771565694; 1,9801042064207);
[11.11.2015 18:31:53] ITER 6:
[11.11.2015 18:31:53] Step 1: k = 6;
[11.11.2015 18:31:53] Step 2: gradient is (1,01477047427513, -0,288750455170055);
[11.11.2015 18:31:53] DSK method started!
[11.11.2015 18:31:53] Step 1: f(alpha)=0,0041, f(alpha + h)=0,0106; k=0;
[11.11.2015 18:31:53] Step 3: a=0,0110, b=0,0310; Go to step 6!
[11.11.2015 18:31:53] Step 6: Interval is: [0,0110 ; 0,0310]
[11.11.2015 18:31:53] Dichotomy method has been started!
[11.11.2015 18:31:53] Counting: delta = eps / 10 = 0,001
[11.11.2015 18:31:53] Step 1: counting alpha_1 = 0,0200, alpha_2 = 0,0220
[11.11.2015 18:31:53] Step 3: f(0,0200) = 0,0038 <= f(0,0220) = 0,0045; b = alpha_2 = 0,0220.
[11.11.2015 18:31:53] Step 4: (b-a)/2 = 0,0055 < eps = 0,0100; STOP SEARCHING!
[11.11.2015 18:31:53] Iter 0: Answer is in the range: [0,0110; 0,0220]
[11.11.2015 18:31:53] Step 5: alpha_end = (a+b)/2; Minimum x* is: 0,0165
[11.11.2015 18:31:53] Step 4: Alpha = 0,0165;
[11.11.2015 18:31:53] Step 5: arguments = arguments - alpha * gradientValue = (3,0021640028314; 1,984868588931);
[11.11.2015 18:31:53] Step 6: k = k + 1 = 6;
[11.11.2015 18:31:53] Step 7: answer is: (3,0021640028314; 1,984868588931);
[11.11.2015 18:31:53] ITER 7:
[11.11.2015 18:31:53] Step 1: k = 7;
[11.11.2015 18:31:53] Step 2: gradient is (-0,141179105937886, -0,465287978598512);
[11.11.2015 18:31:53] DSK method started!
[11.11.2015 18:31:53] Step 1: f(alpha)=0,0010, f(alpha + h)=0,0011; k=0;
[11.11.2015 18:31:53] Step 3: a=0,0065, b=0,0265; Go to step 6!
[11.11.2015 18:31:53] Step 6: Interval is: [0,0065 ; 0,0265]
[11.11.2015 18:31:53] Dichotomy method has been started!
[11.11.2015 18:31:53] Counting: delta = eps / 10 = 0,001
[11.11.2015 18:31:53] Step 1: counting alpha_1 = 0,0155, alpha_2 = 0,0175
[11.11.2015 18:31:53] Step 3: f(0,0155) = 0,0011 > f(0,0175) = 0,0010; a = alpha_1 = 0,0155.
[11.11.2015 18:31:53] Step 4: (b-a)/2 = 0,0055 < eps = 0,0100; STOP SEARCHING!
[11.11.2015 18:31:53] Iter 0: Answer is in the range: [0,0155; 0,0265]
[11.11.2015 18:31:53] Step 5: alpha_end = (a+b)/2; Minimum x* is: 0,0210
[11.11.2015 18:31:53] Step 4: Alpha = 0,021;
[11.11.2015 18:31:53] Step 5: arguments = arguments - alpha * gradientValue = (3,00512876405609; 1,99463963648157);
[11.11.2015 18:31:53] Step 6: k = k + 1 = 7;
[11.11.2015 18:31:53] Step 7: answer is: (3,00512876405609; 1,99463963648157);
[11.11.2015 18:31:53] ITER 8:
[11.11.2015 18:31:53] Step 1: k = 8;
[11.11.2015 18:31:53] Step 2: gradient is (0,274541521981846, -0,0781658143012358);
[11.11.2015 18:31:53] DSK method started!
[11.11.2015 18:31:53] Step 1: f(alpha)=0,0003, f(alpha + h)=0,0008; k=0;
[11.11.2015 18:31:53] Step 3: a=0,0110, b=0,0310; Go to step 6!
[11.11.2015 18:31:53] Step 6: Interval is: [0,0110 ; 0,0310]
[11.11.2015 18:31:54] Dichotomy method has been started!
[11.11.2015 18:31:54] Counting: delta = eps / 10 = 0,001
[11.11.2015 18:31:54] Step 1: counting alpha_1 = 0,0200, alpha_2 = 0,0220
[11.11.2015 18:31:54] Step 3: f(0,0200) = 0,0003 <= f(0,0220) = 0,0003; b = alpha_2 = 0,0220.
[11.11.2015 18:31:54] Step 4: (b-a)/2 = 0,0055 < eps = 0,0100; STOP SEARCHING!
[11.11.2015 18:31:54] Iter 0: Answer is in the range: [0,0110; 0,0220]
[11.11.2015 18:31:54] Step 5: alpha_end = (a+b)/2; Minimum x* is: 0,0165
[11.11.2015 18:31:54] Step 4: Alpha = 0,0165;
[11.11.2015 18:31:54] Step 5: arguments = arguments - alpha * gradientValue = (3,00059882894339; 1,99592937241754);
[11.11.2015 18:31:54] Step 6: k = k + 1 = 8;
[11.11.2015 18:31:54] Step 7: answer is: (3,00059882894339; 1,99592937241754);
[11.11.2015 18:31:54] ITER 9:
[11.11.2015 18:31:54] Step 1: k = 9;
[11.11.2015 18:31:54] Step 2: gradient is (-0,036245996908738, -0,12549298999769);
[11.11.2015 18:31:54] DSK method started!
[11.11.2015 18:31:54] Step 1: f(alpha)=0,0001, f(alpha + h)=0,0001; k=0;
[11.11.2015 18:31:54] Step 3: a=0,0065, b=0,0265; Go to step 6!
[11.11.2015 18:31:54] Step 6: Interval is: [0,0065 ; 0,0265]
[11.11.2015 18:31:54] Dichotomy method has been started!
[11.11.2015 18:31:54] Counting: delta = eps / 10 = 0,001
[11.11.2015 18:31:54] Step 1: counting alpha_1 = 0,0155, alpha_2 = 0,0175
[11.11.2015 18:31:54] Step 3: f(0,0155) = 0,0001 > f(0,0175) = 0,0001; a = alpha_1 = 0,0155.
[11.11.2015 18:31:54] Step 4: (b-a)/2 = 0,0055 < eps = 0,0100; STOP SEARCHING!
[11.11.2015 18:31:54] Iter 0: Answer is in the range: [0,0155; 0,0265]
[11.11.2015 18:31:54] Step 5: alpha_end = (a+b)/2; Minimum x* is: 0,0210
[11.11.2015 18:31:54] Step 4: Alpha = 0,021;
[11.11.2015 18:31:54] Step 5: arguments = arguments - alpha * gradientValue = (3,00135999487848; 1,99856472520749);
[11.11.2015 18:31:54] Step 6: k = k + 1 = 9;
[11.11.2015 18:31:54] Step 7: answer is: (3,00135999487848; 1,99856472520749);
[11.11.2015 18:31:54] ITER 10:
[11.11.2015 18:31:54] Step 1: k = 10;
[11.11.2015 18:31:54] Step 2: gradient is (0,073320632237181, -0,0206727585224082);
[11.11.2015 18:31:54] DSK method started!
[11.11.2015 18:31:54] Step 1: f(alpha)=0,0000, f(alpha + h)=0,0001; k=0;
[11.11.2015 18:31:54] Step 3: a=0,0110, b=0,0310; Go to step 6!
[11.11.2015 18:31:54] Step 6: Interval is: [0,0110 ; 0,0310]
[11.11.2015 18:31:54] Dichotomy method has been started!
[11.11.2015 18:31:54] Counting: delta = eps / 10 = 0,001
[11.11.2015 18:31:54] Step 1: counting alpha_1 = 0,0200, alpha_2 = 0,0220
[11.11.2015 18:31:54] Step 3: f(0,0200) = 0,0000 <= f(0,0220) = 0,0000; b = alpha_2 = 0,0220.
[11.11.2015 18:31:54] Step 4: (b-a)/2 = 0,0055 < eps = 0,0100; STOP SEARCHING!
[11.11.2015 18:31:54] Iter 0: Answer is in the range: [0,0110; 0,0220]
[11.11.2015 18:31:54] Step 5: alpha_end = (a+b)/2; Minimum x* is: 0,0165
[11.11.2015 18:31:54] Step 4: Alpha = 0,0165;
[11.11.2015 18:31:54] Step 5: arguments = arguments - alpha * gradientValue = (3,00015020444656; 1,99890582572311);
[11.11.2015 18:31:54] Step 6: k = k + 1 = 10;
[11.11.2015 18:31:54] Step 7: answer is: (3,00015020444656; 1,99890582572311);
[11.11.2015 18:31:54] ITER 11:
[11.11.2015 18:31:54] Step 1: k = 11;
[11.11.2015 18:31:54] Step 2: gradient is (-0,00994901634039112, -0,0336255186719434);
[11.11.2015 18:31:54] DSK method started!
[11.11.2015 18:31:54] Step 1: f(alpha)=0,0000, f(alpha + h)=0,0000; k=0;
[11.11.2015 18:31:54] Step 3: a=0,0065, b=0,0265; Go to step 6!
[11.11.2015 18:31:54] Step 6: Interval is: [0,0065 ; 0,0265]
[11.11.2015 18:31:54] Dichotomy method has been started!
[11.11.2015 18:31:54] Counting: delta = eps / 10 = 0,001
[11.11.2015 18:31:54] Step 1: counting alpha_1 = 0,0155, alpha_2 = 0,0175
[11.11.2015 18:31:54] Step 3: f(0,0155) = 0,0000 > f(0,0175) = 0,0000; a = alpha_1 = 0,0155.
[11.11.2015 18:31:54] Step 4: (b-a)/2 = 0,0055 < eps = 0,0100; STOP SEARCHING!
[11.11.2015 18:31:54] Iter 0: Answer is in the range: [0,0155; 0,0265]
[11.11.2015 18:31:54] Step 5: alpha_end = (a+b)/2; Minimum x* is: 0,0210
[11.11.2015 18:31:54] Step 4: Alpha = 0,021;
[11.11.2015 18:31:54] Step 5: arguments = arguments - alpha * gradientValue = (3,00035913378971; 1,99961196161522);
[11.11.2015 18:31:54] Step 6: k = k + 1 = 11;
[11.11.2015 18:31:55] Step 7: answer is: (3,00035913378971; 1,99961196161522);
[11.11.2015 18:31:55] ITER 12:
[11.11.2015 18:31:55] Step 1: k = 12;
[11.11.2015 18:31:55] Step 2: gradient is (0,0201426781981505, -0,00512548635248654);
[11.11.2015 18:31:55] DSK method started!
[11.11.2015 18:31:55] Step 1: f(alpha)=0,0000, f(alpha + h)=0,0000; k=0;
[11.11.2015 18:31:55] Step 3: b=0,0210, alpha1=0,0310, h=-0,0100, k=2.
[11.11.2015 18:31:55] Step 4: alphak=0,0010
[11.11.2015 18:31:55] Step 5: h < 0; a=alphak0,0010
[11.11.2015 18:31:55] Step 6: Interval is: [0,0010 ; 0,0210]
[11.11.2015 18:31:55] Dichotomy method has been started!
[11.11.2015 18:31:55] Counting: delta = eps / 10 = 0,001
[11.11.2015 18:31:55] Step 1: counting alpha_1 = 0,0100, alpha_2 = 0,0120
[11.11.2015 18:31:55] Step 3: f(0,0100) = 0,0000 > f(0,0120) = 0,0000; a = alpha_1 = 0,0100.
[11.11.2015 18:31:55] Step 4: (b-a)/2 = 0,0055 < eps = 0,0100; STOP SEARCHING!
[11.11.2015 18:31:55] Iter 0: Answer is in the range: [0,0100; 0,0210]
[11.11.2015 18:31:55] Step 5: alpha_end = (a+b)/2; Minimum x* is: 0,0155
[11.11.2015 18:31:55] Step 4: Alpha = 0,0155;
[11.11.2015 18:31:55] Step 5: arguments = arguments - alpha * gradientValue = (3,00004692227764; 1,99969140665369);
[11.11.2015 18:31:55] Step 6: k = k + 1 = 12;
[11.11.2015 18:31:55] Step 7: answer is: (3,00004692227764; 1,99969140665369);
[11.11.2015 18:31:55] ITER 13:
[11.11.2015 18:31:55] Step 1: k = 13;
[11.11.2015 18:31:55] Step 2: gradient is (-0,00197864530598753, -0,00907107047863516);
[11.11.2015 18:31:55] Step 3: gradient Euclidean norm is <= eps: 0,00928436087597163 <= 0,01; Go to step 7!
[11.11.2015 18:31:55] Step 7: answer is: (3,00004692227764; 1,99969140665369);
