[23.11.2015 18:34:06] DFP method started
[23.11.2015 18:34:06] Input data. Start point DenseVector 2-Double
0
0
, epsilon 0,01000
[23.11.2015 18:34:06] Step 1: K = 0
[23.11.2015 18:34:06] Step 2: ITERATION number 0
[23.11.2015 18:34:06] Step 4: K==0, go to step 8.
[23.11.2015 18:34:06] Step 8: Search vector: DenseVector 2-Double
14
22

[23.11.2015 18:34:06] DSK method started!
[23.11.2015 18:34:06] Step 1: f(alpha)=3022,2913, f(alpha + h)=3146,9934; k=0;
[23.11.2015 18:34:06] Step 3: b=0,1500, alpha1=0,1510, h=-0,0010, k=2.
[23.11.2015 18:34:06] Step 4: alphak=0,1480
[23.11.2015 18:34:06] Step 5: h > 0; b=alpha(k-1)=0,1490
[23.11.2015 18:34:06] k = k + 1 = 3; Go to step 4!
[23.11.2015 18:34:06] Step 4: alphak=0,1460
[23.11.2015 18:34:06] Step 5: h > 0; b=alpha(k-1)=0,1480
[23.11.2015 18:34:06] k = k + 1 = 4; Go to step 4!
[23.11.2015 18:34:06] Step 4: alphak=0,1420
[23.11.2015 18:34:06] Step 5: h > 0; b=alpha(k-1)=0,1460
[23.11.2015 18:34:06] k = k + 1 = 5; Go to step 4!
[23.11.2015 18:34:06] Step 4: alphak=0,1340
[23.11.2015 18:34:06] Step 5: h > 0; b=alpha(k-1)=0,1420
[23.11.2015 18:34:06] k = k + 1 = 6; Go to step 4!
[23.11.2015 18:34:06] Step 4: alphak=0,1180
[23.11.2015 18:34:06] Step 5: h > 0; b=alpha(k-1)=0,1340
[23.11.2015 18:34:06] k = k + 1 = 7; Go to step 4!
[23.11.2015 18:34:06] Step 4: alphak=0,0860
[23.11.2015 18:34:06] Step 5: h > 0; b=alpha(k-1)=0,1180
[23.11.2015 18:34:06] k = k + 1 = 8; Go to step 4!
[23.11.2015 18:34:06] Step 4: alphak=0,0220
[23.11.2015 18:34:06] Step 5: h > 0; b=alpha(k-1)=0,0860
[23.11.2015 18:34:06] k = k + 1 = 9; Go to step 4!
[23.11.2015 18:34:06] Step 4: alphak=-0,1060
[23.11.2015 18:34:06] Step 5: h < 0; a=alphak-0,1060
[23.11.2015 18:34:06] Step 6: Interval is: [-0,1060 ; 0,0860]
[23.11.2015 18:34:06] Dichotomy method has been started!
[23.11.2015 18:34:06] Counting: delta = eps / 10 = 0,0001
[23.11.2015 18:34:06] Step 1: counting alpha_1 = -0,0101, alpha_2 = -0,0099
[23.11.2015 18:34:06] Step 3: f(-0,0101) = 135,7889 > f(-0,0099) = 133,2682; a = alpha_1 = -0,0101.
[23.11.2015 18:34:06] Iter 0: Answer is in the range: [-0,0101; 0,0860]
[23.11.2015 18:34:06] Step 1: counting alpha_1 = 0,0379, alpha_2 = 0,0381
[23.11.2015 18:34:06] Step 3: f(0,0379) = 26,3019 <= f(0,0381) = 26,3892; b = alpha_2 = 0,0381.
[23.11.2015 18:34:06] Iter 1: Answer is in the range: [-0,0101; 0,0381]
[23.11.2015 18:34:06] Step 1: counting alpha_1 = 0,0139, alpha_2 = 0,0141
[23.11.2015 18:34:06] Step 3: f(0,0139) = 11,4886 > f(0,0141) = 11,4201; a = alpha_1 = 0,0139.
[23.11.2015 18:34:06] Iter 2: Answer is in the range: [0,0139; 0,0381]
[23.11.2015 18:34:06] Step 1: counting alpha_1 = 0,0259, alpha_2 = 0,0261
[23.11.2015 18:34:06] Step 3: f(0,0259) = 17,0471 <= f(0,0261) = 17,2287; b = alpha_2 = 0,0261.
[23.11.2015 18:34:06] Iter 3: Answer is in the range: [0,0139; 0,0261]
[23.11.2015 18:34:06] Step 1: counting alpha_1 = 0,0199, alpha_2 = 0,0201
[23.11.2015 18:34:06] Step 3: f(0,0199) = 12,4010 <= f(0,0201) = 12,5150; b = alpha_2 = 0,0201.
[23.11.2015 18:34:06] Iter 4: Answer is in the range: [0,0139; 0,0201]
[23.11.2015 18:34:06] Step 1: counting alpha_1 = 0,0169, alpha_2 = 0,0171
[23.11.2015 18:34:06] Step 3: f(0,0169) = 11,2554 <= f(0,0171) = 11,2943; b = alpha_2 = 0,0171.
[23.11.2015 18:34:06] Iter 5: Answer is in the range: [0,0139; 0,0171]
[23.11.2015 18:34:06] Step 1: counting alpha_1 = 0,0154, alpha_2 = 0,0156
[23.11.2015 18:34:06] Step 3: f(0,0154) = 11,1689 > f(0,0156) = 11,1584; a = alpha_1 = 0,0154.
[23.11.2015 18:34:06] Step 4: (b-a)/2 = 0,0008 < eps = 0,0010; STOP SEARCHING!
[23.11.2015 18:34:06] Iter 6: Answer is in the range: [0,0154; 0,0171]
[23.11.2015 18:34:06] Step 5: alpha_end = (a+b)/2; Minimum x* is: 0,0162
[23.11.2015 18:34:06] Step 9: New alpha 0,0162226622104645
[23.11.2015 18:34:06] Step 10: New local search point DenseVector 2-Double
0,227117
0,356899

[23.11.2015 18:34:06] Step 11: Iteration end.
[23.11.2015 18:34:06] Step 2: ITERATION number 1
[23.11.2015 18:34:06] Step 5: Sk = DenseVector 2-Double
0,227117
0,356899

[23.11.2015 18:34:06] Step 6: Yk = DenseVector 2-Double
-8,57235
-8,45914

[23.11.2015 18:34:06] Step 7: Quasi-Newton matrix: 
DenseMatrix 2x2-Double
 0,482966  -0,516278
-0,516278   0,480997

[23.11.2015 18:34:06] Step 8: Search vector: DenseVector 2-Double
-4,76806
 2,92269

[23.11.2015 18:34:06] DSK method started!
[23.11.2015 18:34:06] Step 1: f(alpha)=129,4071, f(alpha + h)=127,5081; k=0;
[23.11.2015 18:34:06] Step 2: a=0,0162, alpha1=0,0172, k=2; Go to step 4!
[23.11.2015 18:34:06] Step 4: alphak=0,0182
[23.11.2015 18:34:06] Step 5: h > 0; a=alpha(k-1)=0,0172
[23.11.2015 18:34:06] k = k + 1 = 3; Go to step 4!
[23.11.2015 18:34:06] Step 4: alphak=0,0202
[23.11.2015 18:34:06] Step 5: h > 0; a=alpha(k-1)=0,0182
[23.11.2015 18:34:06] k = k + 1 = 4; Go to step 4!
[23.11.2015 18:34:06] Step 4: alphak=0,0242
[23.11.2015 18:34:06] Step 5: h > 0; a=alpha(k-1)=0,0202
[23.11.2015 18:34:06] k = k + 1 = 5; Go to step 4!
[23.11.2015 18:34:06] Step 4: alphak=0,0322
[23.11.2015 18:34:06] Step 5: h > 0; a=alpha(k-1)=0,0242
[23.11.2015 18:34:06] k = k + 1 = 6; Go to step 4!
[23.11.2015 18:34:06] Step 4: alphak=0,0482
[23.11.2015 18:34:06] Step 5: h > 0; a=alpha(k-1)=0,0322
[23.11.2015 18:34:06] k = k + 1 = 7; Go to step 4!
[23.11.2015 18:34:07] Step 4: alphak=0,0802
[23.11.2015 18:34:07] Step 5: h > 0; a=alpha(k-1)=0,0482
[23.11.2015 18:34:07] k = k + 1 = 8; Go to step 4!
[23.11.2015 18:34:07] Step 4: alphak=0,1442
[23.11.2015 18:34:07] Step 5: h > 0; b=alphak=0,1442
[23.11.2015 18:34:07] Step 6: Interval is: [0,0482 ; 0,1442]
[23.11.2015 18:34:07] Dichotomy method has been started!
[23.11.2015 18:34:07] Counting: delta = eps / 10 = 0,0001
[23.11.2015 18:34:07] Step 1: counting alpha_1 = 0,0961, alpha_2 = 0,0963
[23.11.2015 18:34:07] Step 3: f(0,0961) = 62,0242 <= f(0,0963) = 62,5669; b = alpha_2 = 0,0963.
[23.11.2015 18:34:07] Iter 0: Answer is in the range: [0,0482; 0,0963]
[23.11.2015 18:34:07] Step 1: counting alpha_1 = 0,0722, alpha_2 = 0,0724
[23.11.2015 18:34:07] Step 3: f(0,0722) = 37,5354 > f(0,0724) = 37,4670; a = alpha_1 = 0,0722.
[23.11.2015 18:34:07] Iter 1: Answer is in the range: [0,0722; 0,0963]
[23.11.2015 18:34:07] Step 1: counting alpha_1 = 0,0841, alpha_2 = 0,0843
[23.11.2015 18:34:07] Step 3: f(0,0841) = 40,6794 <= f(0,0843) = 40,8714; b = alpha_2 = 0,0843.
[23.11.2015 18:34:07] Iter 2: Answer is in the range: [0,0722; 0,0843]
[23.11.2015 18:34:07] Step 1: counting alpha_1 = 0,0782, alpha_2 = 0,0784
[23.11.2015 18:34:07] Step 3: f(0,0782) = 37,1654 <= f(0,0784) = 37,2165; b = alpha_2 = 0,0784.
[23.11.2015 18:34:07] Iter 3: Answer is in the range: [0,0722; 0,0784]
[23.11.2015 18:34:07] Step 1: counting alpha_1 = 0,0752, alpha_2 = 0,0754
[23.11.2015 18:34:07] Step 3: f(0,0752) = 36,9045 > f(0,0754) = 36,8933; a = alpha_1 = 0,0752.
[23.11.2015 18:34:07] Iter 4: Answer is in the range: [0,0752; 0,0784]
[23.11.2015 18:34:07] Step 1: counting alpha_1 = 0,0767, alpha_2 = 0,0769
[23.11.2015 18:34:07] Step 3: f(0,0767) = 36,9186 <= f(0,0769) = 36,9379; b = alpha_2 = 0,0769.
[23.11.2015 18:34:07] Step 4: (b-a)/2 = 0,0008 < eps = 0,0010; STOP SEARCHING!
[23.11.2015 18:34:07] Iter 5: Answer is in the range: [0,0752; 0,0769]
[23.11.2015 18:34:07] Step 5: alpha_end = (a+b)/2; Minimum x* is: 0,0760
[23.11.2015 18:34:07] Step 9: New alpha 0,0760148497104645
[23.11.2015 18:34:07] Step 10: New local search point DenseVector 2-Double
-0,135326
 0,579066

[23.11.2015 18:34:07] Step 11: Iteration end.
[23.11.2015 18:34:07] Step 2: ITERATION number 2
[23.11.2015 18:34:07] Step 5: Sk = DenseVector 2-Double
-0,362443
 0,222168

[23.11.2015 18:34:07] Step 6: Yk = DenseVector 2-Double
 16,4561
-4,99552

[23.11.2015 18:34:07] Step 7: Quasi-Newton matrix: 
DenseMatrix 2x2-Double
  -0,0223223  -0,000979792
-0,000979792    -0,0477011

[23.11.2015 18:34:07] Step 8: Search vector: DenseVector 2-Double
-0,213718
  -1,7514

[23.11.2015 18:34:07] DSK method started!
[23.11.2015 18:34:07] Step 1: f(alpha)=66,9276, f(alpha + h)=67,3326; k=0;
[23.11.2015 18:34:07] Step 3: b=0,0760, alpha1=0,0770, h=-0,0010, k=2.
[23.11.2015 18:34:07] Step 4: alphak=0,0740
[23.11.2015 18:34:07] Step 5: h > 0; b=alpha(k-1)=0,0750
[23.11.2015 18:34:07] k = k + 1 = 3; Go to step 4!
[23.11.2015 18:34:07] Step 4: alphak=0,0720
[23.11.2015 18:34:07] Step 5: h > 0; b=alpha(k-1)=0,0740
[23.11.2015 18:34:07] k = k + 1 = 4; Go to step 4!
[23.11.2015 18:34:07] Step 4: alphak=0,0680
[23.11.2015 18:34:07] Step 5: h < 0; a=alphak0,0680
[23.11.2015 18:34:07] Step 6: Interval is: [0,0680 ; 0,0740]
[23.11.2015 18:34:07] Dichotomy method has been started!
[23.11.2015 18:34:07] Counting: delta = eps / 10 = 0,0001
[23.11.2015 18:34:07] Step 1: counting alpha_1 = 0,0709, alpha_2 = 0,0711
[23.11.2015 18:34:07] Step 3: f(0,0709) = 66,3301 > f(0,0711) = 66,3099; a = alpha_1 = 0,0709.
[23.11.2015 18:34:07] Iter 0: Answer is in the range: [0,0709; 0,0740]
[23.11.2015 18:34:07] Step 1: counting alpha_1 = 0,0724, alpha_2 = 0,0726
[23.11.2015 18:34:07] Step 3: f(0,0724) = 66,2616 <= f(0,0726) = 66,2665; b = alpha_2 = 0,0726.
[23.11.2015 18:34:07] Step 4: (b-a)/2 = 0,0008 < eps = 0,0010; STOP SEARCHING!
[23.11.2015 18:34:07] Iter 1: Answer is in the range: [0,0709; 0,0726]
[23.11.2015 18:34:07] Step 5: alpha_end = (a+b)/2; Minimum x* is: 0,0717
[23.11.2015 18:34:07] Step 9: New alpha 0,0717398497104645
[23.11.2015 18:34:07] Step 10: New local search point DenseVector 2-Double
-0,150658
 0,453421

[23.11.2015 18:34:07] Step 11: Iteration end.
[23.11.2015 18:34:07] Step 2: ITERATION number 3
[23.11.2015 18:34:07] Step 5: Sk = DenseVector 2-Double
-0,0153321
 -0,125645

[23.11.2015 18:34:07] Step 6: Yk = DenseVector 2-Double
1,83814
3,70969

[23.11.2015 18:34:07] Step 7: Quasi-Newton matrix: 
DenseMatrix 2x2-Double
-0,0201208  0,00583681
0,00583681  -0,0367616

[23.11.2015 18:34:07] Step 8: Search vector: DenseVector 2-Double
0,0444705
 -1,19266

[23.11.2015 18:34:07] DSK method started!
[23.11.2015 18:34:07] Step 1: f(alpha)=67,3781, f(alpha + h)=66,9020; k=0;
[23.11.2015 18:34:07] Step 2: a=0,0717, alpha1=0,0727, k=2; Go to step 4!
[23.11.2015 18:34:07] Step 4: alphak=0,0737
[23.11.2015 18:34:07] Step 5: h > 0; a=alpha(k-1)=0,0727
[23.11.2015 18:34:07] k = k + 1 = 3; Go to step 4!
[23.11.2015 18:34:07] Step 4: alphak=0,0757
[23.11.2015 18:34:07] Step 5: h > 0; a=alpha(k-1)=0,0737
[23.11.2015 18:34:07] k = k + 1 = 4; Go to step 4!
[23.11.2015 18:34:07] Step 4: alphak=0,0797
[23.11.2015 18:34:07] Step 5: h > 0; a=alpha(k-1)=0,0757
[23.11.2015 18:34:07] k = k + 1 = 5; Go to step 4!
[23.11.2015 18:34:07] Step 4: alphak=0,0877
[23.11.2015 18:34:07] Step 5: h > 0; b=alphak=0,0877
[23.11.2015 18:34:07] Step 6: Interval is: [0,0757 ; 0,0877]
[23.11.2015 18:34:07] Dichotomy method has been started!
[23.11.2015 18:34:07] Counting: delta = eps / 10 = 0,0001
[23.11.2015 18:34:07] Step 1: counting alpha_1 = 0,0816, alpha_2 = 0,0818
[23.11.2015 18:34:07] Step 3: f(0,0816) = 65,7648 <= f(0,0818) = 65,8101; b = alpha_2 = 0,0818.
[23.11.2015 18:34:07] Iter 0: Answer is in the range: [0,0757; 0,0818]
[23.11.2015 18:34:07] Step 1: counting alpha_1 = 0,0787, alpha_2 = 0,0789
[23.11.2015 18:34:07] Step 3: f(0,0787) = 65,4793 > f(0,0789) = 65,4767; a = alpha_1 = 0,0787.
[23.11.2015 18:34:07] Iter 1: Answer is in the range: [0,0787; 0,0818]
[23.11.2015 18:34:07] Step 1: counting alpha_1 = 0,0802, alpha_2 = 0,0804
[23.11.2015 18:34:07] Step 3: f(0,0802) = 65,5339 <= f(0,0804) = 65,5547; b = alpha_2 = 0,0804.
[23.11.2015 18:34:07] Step 4: (b-a)/2 = 0,0008 < eps = 0,0010; STOP SEARCHING!
[23.11.2015 18:34:07] Iter 2: Answer is in the range: [0,0787; 0,0804]
[23.11.2015 18:34:07] Step 5: alpha_end = (a+b)/2; Minimum x* is: 0,0795
[23.11.2015 18:34:07] Step 9: New alpha 0,0795273497104645
[23.11.2015 18:34:07] Step 10: New local search point DenseVector 2-Double
-0,147122
 0,358572

[23.11.2015 18:34:07] Step 11: Iteration end.
[23.11.2015 18:34:07] Step 2: ITERATION number 4
[23.11.2015 18:34:07] Step 5: Sk = DenseVector 2-Double
0,00353662
 -0,094849

[23.11.2015 18:34:07] Step 6: Yk = DenseVector 2-Double
 1,3501
3,28775

[23.11.2015 18:34:07] Step 7: Quasi-Newton matrix: 
DenseMatrix 2x2-Double
-0,0199951  0,00928663
0,00928663  -0,0326628

[23.11.2015 18:34:07] Step 8: Search vector: DenseVector 2-Double
 0,134978
-0,950144

[23.11.2015 18:34:07] DSK method started!
[23.11.2015 18:34:07] Step 1: f(alpha)=65,8864, f(alpha + h)=65,4223; k=0;
[23.11.2015 18:34:07] Step 2: a=0,0795, alpha1=0,0805, k=2; Go to step 4!
[23.11.2015 18:34:07] Step 4: alphak=0,0815
[23.11.2015 18:34:07] Step 5: h > 0; a=alpha(k-1)=0,0805
[23.11.2015 18:34:07] k = k + 1 = 3; Go to step 4!
[23.11.2015 18:34:07] Step 4: alphak=0,0835
[23.11.2015 18:34:07] Step 5: h > 0; a=alpha(k-1)=0,0815
[23.11.2015 18:34:07] k = k + 1 = 4; Go to step 4!
[23.11.2015 18:34:07] Step 4: alphak=0,0875
[23.11.2015 18:34:07] Step 5: h > 0; a=alpha(k-1)=0,0835
[23.11.2015 18:34:07] k = k + 1 = 5; Go to step 4!
[23.11.2015 18:34:07] Step 4: alphak=0,0955
[23.11.2015 18:34:07] Step 5: h > 0; b=alphak=0,0955
[23.11.2015 18:34:07] Step 6: Interval is: [0,0835 ; 0,0955]
[23.11.2015 18:34:07] Dichotomy method has been started!
[23.11.2015 18:34:07] Counting: delta = eps / 10 = 0,0001
[23.11.2015 18:34:07] Step 1: counting alpha_1 = 0,0894, alpha_2 = 0,0896
[23.11.2015 18:34:07] Step 3: f(0,0894) = 63,9807 <= f(0,0896) = 64,0093; b = alpha_2 = 0,0896.
[23.11.2015 18:34:07] Iter 0: Answer is in the range: [0,0835; 0,0896]
[23.11.2015 18:34:07] Step 1: counting alpha_1 = 0,0865, alpha_2 = 0,0867
[23.11.2015 18:34:07] Step 3: f(0,0865) = 63,8865 > f(0,0867) = 63,8740; a = alpha_1 = 0,0865.
[23.11.2015 18:34:07] Iter 1: Answer is in the range: [0,0865; 0,0896]
[23.11.2015 18:34:07] Step 1: counting alpha_1 = 0,0880, alpha_2 = 0,0882
[23.11.2015 18:34:07] Step 3: f(0,0880) = 63,8578 <= f(0,0882) = 63,8654; b = alpha_2 = 0,0882.
[23.11.2015 18:34:07] Step 4: (b-a)/2 = 0,0008 < eps = 0,0010; STOP SEARCHING!
[23.11.2015 18:34:07] Iter 2: Answer is in the range: [0,0865; 0,0882]
[23.11.2015 18:34:07] Step 5: alpha_end = (a+b)/2; Minimum x* is: 0,0873
[23.11.2015 18:34:07] Step 9: New alpha 0,0873148497104645
[23.11.2015 18:34:07] Step 10: New local search point DenseVector 2-Double
-0,135336
  0,27561

[23.11.2015 18:34:07] Step 11: Iteration end.
[23.11.2015 18:34:07] Step 2: ITERATION number 5
[23.11.2015 18:34:07] Step 5: Sk = DenseVector 2-Double
 0,0117855
-0,0829617

[23.11.2015 18:34:07] Step 6: Yk = DenseVector 2-Double
1,22686
3,19542

[23.11.2015 18:34:07] Step 7: Quasi-Newton matrix: 
DenseMatrix 2x2-Double
-0,0204583   0,0115431
 0,0115431  -0,0303946

[23.11.2015 18:34:07] Step 8: Search vector: DenseVector 2-Double
 0,166676
-0,791211

[23.11.2015 18:34:07] DSK method started!
[23.11.2015 18:34:07] Step 1: f(alpha)=63,6036, f(alpha + h)=63,1290; k=0;
[23.11.2015 18:34:07] Step 2: a=0,0873, alpha1=0,0883, k=2; Go to step 4!
[23.11.2015 18:34:07] Step 4: alphak=0,0893
[23.11.2015 18:34:07] Step 5: h > 0; a=alpha(k-1)=0,0883
[23.11.2015 18:34:07] k = k + 1 = 3; Go to step 4!
[23.11.2015 18:34:07] Step 4: alphak=0,0913
[23.11.2015 18:34:07] Step 5: h > 0; a=alpha(k-1)=0,0893
[23.11.2015 18:34:07] k = k + 1 = 4; Go to step 4!
[23.11.2015 18:34:07] Step 4: alphak=0,0953
[23.11.2015 18:34:07] Step 5: h > 0; a=alpha(k-1)=0,0913
[23.11.2015 18:34:07] k = k + 1 = 5; Go to step 4!
[23.11.2015 18:34:07] Step 4: alphak=0,1033
[23.11.2015 18:34:07] Step 5: h > 0; b=alphak=0,1033
[23.11.2015 18:34:07] Step 6: Interval is: [0,0913 ; 0,1033]
[23.11.2015 18:34:07] Dichotomy method has been started!
[23.11.2015 18:34:07] Counting: delta = eps / 10 = 0,0001
[23.11.2015 18:34:07] Step 1: counting alpha_1 = 0,0972, alpha_2 = 0,0974
[23.11.2015 18:34:07] Step 3: f(0,0972) = 61,2331 <= f(0,0974) = 61,2431; b = alpha_2 = 0,0974.
[23.11.2015 18:34:07] Iter 0: Answer is in the range: [0,0913; 0,0974]
[23.11.2015 18:34:07] Step 1: counting alpha_1 = 0,0943, alpha_2 = 0,0945
[23.11.2015 18:34:07] Step 3: f(0,0943) = 61,3680 > f(0,0945) = 61,3426; a = alpha_1 = 0,0943.
[23.11.2015 18:34:07] Iter 1: Answer is in the range: [0,0943; 0,0974]
[23.11.2015 18:34:07] Step 1: counting alpha_1 = 0,0957, alpha_2 = 0,0959
[23.11.2015 18:34:07] Step 3: f(0,0957) = 61,2354 > f(0,0959) = 61,2273; a = alpha_1 = 0,0957.
[23.11.2015 18:34:07] Step 4: (b-a)/2 = 0,0008 < eps = 0,0010; STOP SEARCHING!
[23.11.2015 18:34:07] Iter 2: Answer is in the range: [0,0957; 0,0974]
[23.11.2015 18:34:07] Step 5: alpha_end = (a+b)/2; Minimum x* is: 0,0966
[23.11.2015 18:34:07] Step 9: New alpha 0,0965773497104645
[23.11.2015 18:34:07] Step 10: New local search point DenseVector 2-Double
-0,119239
 0,199197

[23.11.2015 18:34:07] Step 11: Iteration end.
[23.11.2015 18:34:07] Step 2: ITERATION number 6
[23.11.2015 18:34:07] Step 5: Sk = DenseVector 2-Double
 0,0160971
-0,0764131

[23.11.2015 18:34:07] Step 6: Yk = DenseVector 2-Double
1,27599
3,20891

[23.11.2015 18:34:07] Step 7: Quasi-Newton matrix: 
DenseMatrix 2x2-Double
-0,0211366   0,0134212
 0,0134212  -0,0291496

[23.11.2015 18:34:07] Step 8: Search vector: DenseVector 2-Double
 0,174662
-0,672226

[23.11.2015 18:34:07] DSK method started!
[23.11.2015 18:34:07] Step 1: f(alpha)=59,6574, f(alpha + h)=59,2027; k=0;
[23.11.2015 18:34:07] Step 2: a=0,0966, alpha1=0,0976, k=2; Go to step 4!
[23.11.2015 18:34:07] Step 4: alphak=0,0986
[23.11.2015 18:34:07] Step 5: h > 0; a=alpha(k-1)=0,0976
[23.11.2015 18:34:07] k = k + 1 = 3; Go to step 4!
[23.11.2015 18:34:07] Step 4: alphak=0,1006
[23.11.2015 18:34:07] Step 5: h > 0; a=alpha(k-1)=0,0986
[23.11.2015 18:34:07] k = k + 1 = 4; Go to step 4!
[23.11.2015 18:34:07] Step 4: alphak=0,1046
[23.11.2015 18:34:07] Step 5: h > 0; a=alpha(k-1)=0,1006
[23.11.2015 18:34:07] k = k + 1 = 5; Go to step 4!
[23.11.2015 18:34:07] Step 4: alphak=0,1126
[23.11.2015 18:34:07] Step 5: h > 0; b=alphak=0,1126
[23.11.2015 18:34:07] Step 6: Interval is: [0,1006 ; 0,1126]
[23.11.2015 18:34:07] Dichotomy method has been started!
[23.11.2015 18:34:07] Counting: delta = eps / 10 = 0,0001
[23.11.2015 18:34:07] Step 1: counting alpha_1 = 0,1065, alpha_2 = 0,1067
[23.11.2015 18:34:07] Step 3: f(0,1065) = 57,2231 <= f(0,1067) = 57,2251; b = alpha_2 = 0,1067.
[23.11.2015 18:34:07] Iter 0: Answer is in the range: [0,1006; 0,1067]
[23.11.2015 18:34:07] Step 1: counting alpha_1 = 0,1035, alpha_2 = 0,1037
[23.11.2015 18:34:07] Step 3: f(0,1035) = 57,4430 > f(0,1037) = 57,4137; a = alpha_1 = 0,1035.
[23.11.2015 18:34:07] Iter 1: Answer is in the range: [0,1035; 0,1067]
[23.11.2015 18:34:07] Step 1: counting alpha_1 = 0,1050, alpha_2 = 0,1052
[23.11.2015 18:34:07] Step 3: f(0,1050) = 57,2757 > f(0,1052) = 57,2617; a = alpha_1 = 0,1050.
[23.11.2015 18:34:07] Step 4: (b-a)/2 = 0,0008 < eps = 0,0010; STOP SEARCHING!
[23.11.2015 18:34:07] Iter 2: Answer is in the range: [0,1050; 0,1067]
[23.11.2015 18:34:07] Step 5: alpha_end = (a+b)/2; Minimum x* is: 0,1058
[23.11.2015 18:34:07] Step 9: New alpha 0,105839849710465
[23.11.2015 18:34:07] Step 10: New local search point DenseVector 2-Double
-0,100753
 0,128049

[23.11.2015 18:34:07] Step 11: Iteration end.
[23.11.2015 18:34:07] Step 2: ITERATION number 7
[23.11.2015 18:34:07] Step 5: Sk = DenseVector 2-Double
 0,0184862
-0,0711483

[23.11.2015 18:34:07] Step 6: Yk = DenseVector 2-Double
1,39758
3,22919

[23.11.2015 18:34:07] Step 7: Quasi-Newton matrix: 
DenseMatrix 2x2-Double
-0,0219628   0,0152301
 0,0152301  -0,0286244

[23.11.2015 18:34:07] Step 8: Search vector: DenseVector 2-Double
 0,171026
-0,576509

[23.11.2015 18:34:07] DSK method started!
[23.11.2015 18:34:07] Step 1: f(alpha)=54,5231, f(alpha + h)=54,0572; k=0;
[23.11.2015 18:34:07] Step 2: a=0,1058, alpha1=0,1068, k=2; Go to step 4!
[23.11.2015 18:34:07] Step 4: alphak=0,1078
[23.11.2015 18:34:07] Step 5: h > 0; a=alpha(k-1)=0,1068
[23.11.2015 18:34:07] k = k + 1 = 3; Go to step 4!
[23.11.2015 18:34:07] Step 4: alphak=0,1098
[23.11.2015 18:34:07] Step 5: h > 0; a=alpha(k-1)=0,1078
[23.11.2015 18:34:07] k = k + 1 = 4; Go to step 4!
[23.11.2015 18:34:07] Step 4: alphak=0,1138
[23.11.2015 18:34:07] Step 5: h > 0; a=alpha(k-1)=0,1098
[23.11.2015 18:34:07] k = k + 1 = 5; Go to step 4!
[23.11.2015 18:34:07] Step 4: alphak=0,1218
[23.11.2015 18:34:07] Step 5: h > 0; b=alphak=0,1218
[23.11.2015 18:34:07] Step 6: Interval is: [0,1098 ; 0,1218]
[23.11.2015 18:34:07] Dichotomy method has been started!
[23.11.2015 18:34:07] Counting: delta = eps / 10 = 0,0001
[23.11.2015 18:34:07] Step 1: counting alpha_1 = 0,1157, alpha_2 = 0,1159
[23.11.2015 18:34:07] Step 3: f(0,1157) = 51,7364 > f(0,1159) = 51,7250; a = alpha_1 = 0,1157.
[23.11.2015 18:34:07] Iter 0: Answer is in the range: [0,1157; 0,1218]
[23.11.2015 18:34:07] Step 1: counting alpha_1 = 0,1187, alpha_2 = 0,1189
[23.11.2015 18:34:07] Step 3: f(0,1187) = 51,7672 <= f(0,1189) = 51,7850; b = alpha_2 = 0,1189.
[23.11.2015 18:34:07] Iter 1: Answer is in the range: [0,1157; 0,1189]
[23.11.2015 18:34:07] Step 1: counting alpha_1 = 0,1172, alpha_2 = 0,1174
[23.11.2015 18:34:07] Step 3: f(0,1172) = 51,6981 <= f(0,1174) = 51,7011; b = alpha_2 = 0,1174.
[23.11.2015 18:34:07] Step 4: (b-a)/2 = 0,0008 < eps = 0,0010; STOP SEARCHING!
[23.11.2015 18:34:07] Iter 2: Answer is in the range: [0,1157; 0,1174]
[23.11.2015 18:34:07] Step 5: alpha_end = (a+b)/2; Minimum x* is: 0,1166
[23.11.2015 18:34:07] Step 9: New alpha 0,116577349710465
[23.11.2015 18:34:07] Step 10: New local search point DenseVector 2-Double
-0,080815
 0,060841

[23.11.2015 18:34:07] Step 11: Iteration end.
[23.11.2015 18:34:07] Step 2: ITERATION number 8
[23.11.2015 18:34:07] Step 5: Sk = DenseVector 2-Double
 0,0199377
-0,0672079

[23.11.2015 18:34:07] Step 6: Yk = DenseVector 2-Double
1,58511
3,28442

[23.11.2015 18:34:07] Step 7: Quasi-Newton matrix: 
DenseMatrix 2x2-Double
-0,0229383   0,0171408
 0,0171408  -0,0287351

[23.11.2015 18:34:07] Step 8: Search vector: DenseVector 2-Double
0,160661
-0,49571

[23.11.2015 18:34:07] DSK method started!
[23.11.2015 18:34:07] Step 1: f(alpha)=47,3317, f(alpha + h)=46,8804; k=0;
[23.11.2015 18:34:07] Step 2: a=0,1166, alpha1=0,1176, k=2; Go to step 4!
[23.11.2015 18:34:07] Step 4: alphak=0,1186
[23.11.2015 18:34:07] Step 5: h > 0; a=alpha(k-1)=0,1176
[23.11.2015 18:34:07] k = k + 1 = 3; Go to step 4!
[23.11.2015 18:34:07] Step 4: alphak=0,1206
[23.11.2015 18:34:07] Step 5: h > 0; a=alpha(k-1)=0,1186
[23.11.2015 18:34:07] k = k + 1 = 4; Go to step 4!
[23.11.2015 18:34:07] Step 4: alphak=0,1246
[23.11.2015 18:34:07] Step 5: h > 0; a=alpha(k-1)=0,1206
[23.11.2015 18:34:07] k = k + 1 = 5; Go to step 4!
[23.11.2015 18:34:07] Step 4: alphak=0,1326
[23.11.2015 18:34:07] Step 5: h > 0; b=alphak=0,1326
[23.11.2015 18:34:07] Step 6: Interval is: [0,1206 ; 0,1326]
[23.11.2015 18:34:07] Dichotomy method has been started!
[23.11.2015 18:34:07] Counting: delta = eps / 10 = 0,0001
[23.11.2015 18:34:07] Step 1: counting alpha_1 = 0,1265, alpha_2 = 0,1267
[23.11.2015 18:34:07] Step 3: f(0,1265) = 44,5259 > f(0,1267) = 44,5099; a = alpha_1 = 0,1265.
[23.11.2015 18:34:07] Iter 0: Answer is in the range: [0,1265; 0,1326]
[23.11.2015 18:34:07] Step 1: counting alpha_1 = 0,1294, alpha_2 = 0,1296
[23.11.2015 18:34:07] Step 3: f(0,1294) = 44,4681 <= f(0,1296) = 44,4783; b = alpha_2 = 0,1296.
[23.11.2015 18:34:07] Iter 1: Answer is in the range: [0,1265; 0,1296]
[23.11.2015 18:34:07] Step 1: counting alpha_1 = 0,1280, alpha_2 = 0,1282
[23.11.2015 18:34:07] Step 3: f(0,1280) = 44,4488 > f(0,1282) = 44,4457; a = alpha_1 = 0,1280.
[23.11.2015 18:34:07] Step 4: (b-a)/2 = 0,0008 < eps = 0,0010; STOP SEARCHING!
[23.11.2015 18:34:07] Iter 2: Answer is in the range: [0,1280; 0,1296]
[23.11.2015 18:34:07] Step 5: alpha_end = (a+b)/2; Minimum x* is: 0,1288
[23.11.2015 18:34:07] Step 9: New alpha 0,128789849710465
[23.11.2015 18:34:07] Step 10: New local search point DenseVector 2-Double
 -0,0601235
-0,00300141

[23.11.2015 18:34:07] Step 11: Iteration end.
[23.11.2015 18:34:07] Step 2: ITERATION number 9
[23.11.2015 18:34:07] Step 5: Sk = DenseVector 2-Double
 0,0206916
-0,0638424

[23.11.2015 18:34:07] Step 6: Yk = DenseVector 2-Double
 1,8313
3,35956

[23.11.2015 18:34:07] Step 7: Quasi-Newton matrix: 
DenseMatrix 2x2-Double
-0,0240878   0,0192893
 0,0192893  -0,0295178

[23.11.2015 18:34:07] Step 8: Search vector: DenseVector 2-Double
 0,146276
-0,425492

[23.11.2015 18:34:07] DSK method started!
[23.11.2015 18:34:07] Step 1: f(alpha)=38,1369, f(alpha + h)=37,7313; k=0;
[23.11.2015 18:34:07] Step 2: a=0,1288, alpha1=0,1298, k=2; Go to step 4!
[23.11.2015 18:34:07] Step 4: alphak=0,1308
[23.11.2015 18:34:07] Step 5: h > 0; a=alpha(k-1)=0,1298
[23.11.2015 18:34:07] k = k + 1 = 3; Go to step 4!
[23.11.2015 18:34:07] Step 4: alphak=0,1328
[23.11.2015 18:34:07] Step 5: h > 0; a=alpha(k-1)=0,1308
[23.11.2015 18:34:07] k = k + 1 = 4; Go to step 4!
[23.11.2015 18:34:07] Step 4: alphak=0,1368
[23.11.2015 18:34:07] Step 5: h > 0; a=alpha(k-1)=0,1328
[23.11.2015 18:34:07] k = k + 1 = 5; Go to step 4!
[23.11.2015 18:34:07] Step 4: alphak=0,1448
[23.11.2015 18:34:07] Step 5: h > 0; b=alphak=0,1448
[23.11.2015 18:34:07] Step 6: Interval is: [0,1328 ; 0,1448]
[23.11.2015 18:34:07] Dichotomy method has been started!
[23.11.2015 18:34:07] Counting: delta = eps / 10 = 0,0001
[23.11.2015 18:34:07] Step 1: counting alpha_1 = 0,1387, alpha_2 = 0,1389
[23.11.2015 18:34:07] Step 3: f(0,1387) = 35,6876 > f(0,1389) = 35,6762; a = alpha_1 = 0,1387.
[23.11.2015 18:34:07] Iter 0: Answer is in the range: [0,1387; 0,1448]
[23.11.2015 18:34:07] Step 1: counting alpha_1 = 0,1416, alpha_2 = 0,1418
[23.11.2015 18:34:07] Step 3: f(0,1416) = 35,6860 <= f(0,1418) = 35,6990; b = alpha_2 = 0,1418.
[23.11.2015 18:34:07] Iter 1: Answer is in the range: [0,1387; 0,1418]
[23.11.2015 18:34:07] Step 1: counting alpha_1 = 0,1402, alpha_2 = 0,1404
[23.11.2015 18:34:07] Step 3: f(0,1402) = 35,6419 <= f(0,1404) = 35,6426; b = alpha_2 = 0,1404.
[23.11.2015 18:34:08] Step 4: (b-a)/2 = 0,0008 < eps = 0,0010; STOP SEARCHING!
[23.11.2015 18:34:08] Iter 2: Answer is in the range: [0,1387; 0,1404]
[23.11.2015 18:34:08] Step 5: alpha_end = (a+b)/2; Minimum x* is: 0,1395
[23.11.2015 18:34:08] Step 9: New alpha 0,139527349710465
[23.11.2015 18:34:08] Step 10: New local search point DenseVector 2-Double
 -0,039714
-0,0623692

[23.11.2015 18:34:08] Step 11: Iteration end.
[23.11.2015 18:34:08] Step 2: ITERATION number 10
[23.11.2015 18:34:08] Step 5: Sk = DenseVector 2-Double
 0,0204095
-0,0593678

[23.11.2015 18:34:08] Step 6: Yk = DenseVector 2-Double
2,08944
3,37463

[23.11.2015 18:34:08] Step 7: Quasi-Newton matrix: 
DenseMatrix 2x2-Double
-0,0254416   0,0218004
 0,0218004  -0,0310904

[23.11.2015 18:34:08] Step 8: Search vector: DenseVector 2-Double
 0,130698
-0,364754

[23.11.2015 18:34:08] DSK method started!
[23.11.2015 18:34:08] Step 1: f(alpha)=28,7864, f(alpha + h)=28,3946; k=0;
[23.11.2015 18:34:08] Step 2: a=0,1395, alpha1=0,1405, k=2; Go to step 4!
[23.11.2015 18:34:08] Step 4: alphak=0,1415
[23.11.2015 18:34:08] Step 5: h > 0; a=alpha(k-1)=0,1405
[23.11.2015 18:34:08] k = k + 1 = 3; Go to step 4!
[23.11.2015 18:34:08] Step 4: alphak=0,1435
[23.11.2015 18:34:08] Step 5: h > 0; a=alpha(k-1)=0,1415
[23.11.2015 18:34:08] k = k + 1 = 4; Go to step 4!
[23.11.2015 18:34:08] Step 4: alphak=0,1475
[23.11.2015 18:34:08] Step 5: h > 0; a=alpha(k-1)=0,1435
[23.11.2015 18:34:08] k = k + 1 = 5; Go to step 4!
[23.11.2015 18:34:08] Step 4: alphak=0,1555
[23.11.2015 18:34:08] Step 5: h > 0; b=alphak=0,1555
[23.11.2015 18:34:08] Step 6: Interval is: [0,1435 ; 0,1555]
[23.11.2015 18:34:08] Dichotomy method has been started!
[23.11.2015 18:34:08] Counting: delta = eps / 10 = 0,0001
[23.11.2015 18:34:08] Step 1: counting alpha_1 = 0,1494, alpha_2 = 0,1496
[23.11.2015 18:34:08] Step 3: f(0,1494) = 26,3846 > f(0,1496) = 26,3719; a = alpha_1 = 0,1494.
[23.11.2015 18:34:08] Iter 0: Answer is in the range: [0,1494; 0,1555]
[23.11.2015 18:34:08] Step 1: counting alpha_1 = 0,1524, alpha_2 = 0,1526
[23.11.2015 18:34:08] Step 3: f(0,1524) = 26,3521 <= f(0,1526) = 26,3622; b = alpha_2 = 0,1526.
[23.11.2015 18:34:08] Iter 1: Answer is in the range: [0,1494; 0,1526]
[23.11.2015 18:34:08] Step 1: counting alpha_1 = 0,1509, alpha_2 = 0,1511
[23.11.2015 18:34:08] Step 3: f(0,1509) = 26,3265 > f(0,1511) = 26,3250; a = alpha_1 = 0,1509.
[23.11.2015 18:34:08] Step 4: (b-a)/2 = 0,0008 < eps = 0,0010; STOP SEARCHING!
[23.11.2015 18:34:08] Iter 2: Answer is in the range: [0,1509; 0,1526]
[23.11.2015 18:34:08] Step 5: alpha_end = (a+b)/2; Minimum x* is: 0,1517
[23.11.2015 18:34:08] Step 9: New alpha 0,151739849710465
[23.11.2015 18:34:08] Step 10: New local search point DenseVector 2-Double
-0,0198819
 -0,117717

[23.11.2015 18:34:08] Step 11: Iteration end.
[23.11.2015 18:34:08] Step 2: ITERATION number 11
[23.11.2015 18:34:08] Step 5: Sk = DenseVector 2-Double
 0,0198321
-0,0553477

[23.11.2015 18:34:08] Step 6: Yk = DenseVector 2-Double
2,39039
3,41125

[23.11.2015 18:34:08] Step 7: Quasi-Newton matrix: 
DenseMatrix 2x2-Double
-0,0270121   0,0247422
 0,0247422  -0,0335629

[23.11.2015 18:34:08] Step 8: Search vector: DenseVector 2-Double
 0,113954
-0,310805

[23.11.2015 18:34:08] DSK method started!
[23.11.2015 18:34:08] Step 1: f(alpha)=18,8094, f(alpha + h)=18,5130; k=0;
[23.11.2015 18:34:08] Step 2: a=0,1517, alpha1=0,1527, k=2; Go to step 4!
[23.11.2015 18:34:08] Step 4: alphak=0,1537
[23.11.2015 18:34:08] Step 5: h > 0; a=alpha(k-1)=0,1527
[23.11.2015 18:34:08] k = k + 1 = 3; Go to step 4!
[23.11.2015 18:34:08] Step 4: alphak=0,1557
[23.11.2015 18:34:08] Step 5: h > 0; a=alpha(k-1)=0,1537
[23.11.2015 18:34:08] k = k + 1 = 4; Go to step 4!
[23.11.2015 18:34:08] Step 4: alphak=0,1597
[23.11.2015 18:34:08] Step 5: h > 0; a=alpha(k-1)=0,1557
[23.11.2015 18:34:08] k = k + 1 = 5; Go to step 4!
[23.11.2015 18:34:08] Step 4: alphak=0,1677
[23.11.2015 18:34:08] Step 5: h > 0; b=alphak=0,1677
[23.11.2015 18:34:08] Step 6: Interval is: [0,1557 ; 0,1677]
[23.11.2015 18:34:08] Dichotomy method has been started!
[23.11.2015 18:34:08] Counting: delta = eps / 10 = 0,0001
[23.11.2015 18:34:08] Step 1: counting alpha_1 = 0,1616, alpha_2 = 0,1618
[23.11.2015 18:34:08] Step 3: f(0,1616) = 17,3596 <= f(0,1618) = 17,3661; b = alpha_2 = 0,1618.
[23.11.2015 18:34:08] Iter 0: Answer is in the range: [0,1557; 0,1618]
[23.11.2015 18:34:08] Step 1: counting alpha_1 = 0,1587, alpha_2 = 0,1589
[23.11.2015 18:34:08] Step 3: f(0,1587) = 17,4345 > f(0,1589) = 17,4195; a = alpha_1 = 0,1587.
[23.11.2015 18:34:08] Iter 1: Answer is in the range: [0,1587; 0,1618]
[23.11.2015 18:34:08] Step 1: counting alpha_1 = 0,1602, alpha_2 = 0,1604
[23.11.2015 18:34:08] Step 3: f(0,1602) = 17,3574 > f(0,1604) = 17,3530; a = alpha_1 = 0,1602.
[23.11.2015 18:34:08] Step 4: (b-a)/2 = 0,0008 < eps = 0,0010; STOP SEARCHING!
[23.11.2015 18:34:08] Iter 2: Answer is in the range: [0,1602; 0,1618]
[23.11.2015 18:34:08] Step 5: alpha_end = (a+b)/2; Minimum x* is: 0,1610
[23.11.2015 18:34:08] Step 9: New alpha 0,161002349710465
[23.11.2015 18:34:08] Step 10: New local search point DenseVector 2-Double
-0,00153508
  -0,167757

[23.11.2015 18:34:08] Step 11: Iteration end.
[23.11.2015 18:34:08] Step 2: ITERATION number 12
[23.11.2015 18:34:08] Step 5: Sk = DenseVector 2-Double
 0,0183468
-0,0500403

[23.11.2015 18:34:08] Step 6: Yk = DenseVector 2-Double
2,66613
 3,3693

[23.11.2015 18:34:08] Step 7: Quasi-Newton matrix: 
DenseMatrix 2x2-Double
-0,0288227   0,0282527
 0,0282527  -0,0372082

[23.11.2015 18:34:08] Step 8: Search vector: DenseVector 2-Double
0,0989481
-0,265017

[23.11.2015 18:34:08] DSK method started!
[23.11.2015 18:34:08] Step 1: f(alpha)=10,9793, f(alpha + h)=10,7549; k=0;
[23.11.2015 18:34:08] Step 2: a=0,1610, alpha1=0,1620, k=2; Go to step 4!
[23.11.2015 18:34:08] Step 4: alphak=0,1630
[23.11.2015 18:34:08] Step 5: h > 0; a=alpha(k-1)=0,1620
[23.11.2015 18:34:08] k = k + 1 = 3; Go to step 4!
[23.11.2015 18:34:08] Step 4: alphak=0,1650
[23.11.2015 18:34:08] Step 5: h > 0; a=alpha(k-1)=0,1630
[23.11.2015 18:34:08] k = k + 1 = 4; Go to step 4!
[23.11.2015 18:34:08] Step 4: alphak=0,1690
[23.11.2015 18:34:08] Step 5: h > 0; a=alpha(k-1)=0,1650
[23.11.2015 18:34:08] k = k + 1 = 5; Go to step 4!
[23.11.2015 18:34:08] Step 4: alphak=0,1770
[23.11.2015 18:34:08] Step 5: h > 0; b=alphak=0,1770
[23.11.2015 18:34:08] Step 6: Interval is: [0,1650 ; 0,1770]
[23.11.2015 18:34:08] Dichotomy method has been started!
[23.11.2015 18:34:08] Counting: delta = eps / 10 = 0,0001
[23.11.2015 18:34:08] Step 1: counting alpha_1 = 0,1709, alpha_2 = 0,1711
[23.11.2015 18:34:08] Step 3: f(0,1709) = 10,2497 <= f(0,1711) = 10,2709; b = alpha_2 = 0,1711.
[23.11.2015 18:34:08] Iter 0: Answer is in the range: [0,1650; 0,1711]
[23.11.2015 18:34:08] Step 1: counting alpha_1 = 0,1680, alpha_2 = 0,1682
[23.11.2015 18:34:08] Step 3: f(0,1680) = 10,1087 > f(0,1682) = 10,1083; a = alpha_1 = 0,1680.
[23.11.2015 18:34:08] Iter 1: Answer is in the range: [0,1680; 0,1711]
[23.11.2015 18:34:08] Step 1: counting alpha_1 = 0,1694, alpha_2 = 0,1696
[23.11.2015 18:34:08] Step 3: f(0,1694) = 10,1395 <= f(0,1696) = 10,1498; b = alpha_2 = 0,1696.
[23.11.2015 18:34:08] Step 4: (b-a)/2 = 0,0008 < eps = 0,0010; STOP SEARCHING!
[23.11.2015 18:34:08] Iter 2: Answer is in the range: [0,1680; 0,1696]
[23.11.2015 18:34:08] Step 5: alpha_end = (a+b)/2; Minimum x* is: 0,1688
[23.11.2015 18:34:08] Step 9: New alpha 0,168789849710465
[23.11.2015 18:34:08] Step 10: New local search point DenseVector 2-Double
0,0151663
-0,212489

[23.11.2015 18:34:08] Step 11: Iteration end.
[23.11.2015 18:34:08] Step 2: ITERATION number 13
[23.11.2015 18:34:08] Step 5: Sk = DenseVector 2-Double
 0,0167014
-0,0447323

[23.11.2015 18:34:08] Step 6: Yk = DenseVector 2-Double
2,91567
3,30462

[23.11.2015 18:34:08] Step 7: Quasi-Newton matrix: 
DenseMatrix 2x2-Double
-0,030823   0,0322491
0,0322491  -0,0419896

[23.11.2015 18:34:08] Step 8: Search vector: DenseVector 2-Double
0,0843902
 -0,22466

[23.11.2015 18:34:08] DSK method started!
[23.11.2015 18:34:08] Step 1: f(alpha)=5,3270, f(alpha + h)=5,2032; k=0;
[23.11.2015 18:34:08] Step 2: a=0,1688, alpha1=0,1698, k=2; Go to step 4!
[23.11.2015 18:34:08] Step 4: alphak=0,1708
[23.11.2015 18:34:08] Step 5: h > 0; a=alpha(k-1)=0,1698
[23.11.2015 18:34:08] k = k + 1 = 3; Go to step 4!
[23.11.2015 18:34:08] Step 4: alphak=0,1728
[23.11.2015 18:34:08] Step 5: h > 0; a=alpha(k-1)=0,1708
[23.11.2015 18:34:08] k = k + 1 = 4; Go to step 4!
[23.11.2015 18:34:08] Step 4: alphak=0,1768
[23.11.2015 18:34:08] Step 5: h > 0; b=alphak=0,1768
[23.11.2015 18:34:08] Step 6: Interval is: [0,1708 ; 0,1768]
[23.11.2015 18:34:08] Dichotomy method has been started!
[23.11.2015 18:34:08] Counting: delta = eps / 10 = 0,0001
[23.11.2015 18:34:08] Step 1: counting alpha_1 = 0,1737, alpha_2 = 0,1739
[23.11.2015 18:34:08] Step 3: f(0,1737) = 5,0460 <= f(0,1739) = 5,0522; b = alpha_2 = 0,1739.
[23.11.2015 18:34:08] Iter 0: Answer is in the range: [0,1708; 0,1739]
[23.11.2015 18:34:08] Step 1: counting alpha_1 = 0,1722, alpha_2 = 0,1724
[23.11.2015 18:34:08] Step 3: f(0,1722) = 5,0429 > f(0,1724) = 5,0389; a = alpha_1 = 0,1722.
[23.11.2015 18:34:08] Step 4: (b-a)/2 = 0,0008 < eps = 0,0010; STOP SEARCHING!
[23.11.2015 18:34:08] Iter 1: Answer is in the range: [0,1722; 0,1739]
[23.11.2015 18:34:08] Step 5: alpha_end = (a+b)/2; Minimum x* is: 0,1731
[23.11.2015 18:34:08] Step 9: New alpha 0,173064849710465
[23.11.2015 18:34:08] Step 10: New local search point DenseVector 2-Double
0,0297713
 -0,25137

[23.11.2015 18:34:08] Step 11: Iteration end.
[23.11.2015 18:34:08] Step 2: ITERATION number 14
[23.11.2015 18:34:08] Step 5: Sk = DenseVector 2-Double
  0,014605
-0,0388807

[23.11.2015 18:34:08] Step 6: Yk = DenseVector 2-Double
3,10727
3,18046

[23.11.2015 18:34:08] Step 7: Quasi-Newton matrix: 
DenseMatrix 2x2-Double
-0,0330049   0,0368375
 0,0368375  -0,0482146

[23.11.2015 18:34:08] Step 8: Search vector: DenseVector 2-Double
0,0732013
-0,192196

[23.11.2015 18:34:08] DSK method started!
[23.11.2015 18:34:08] Step 1: f(alpha)=2,1195, f(alpha + h)=2,0519; k=0;
[23.11.2015 18:34:08] Step 2: a=0,1731, alpha1=0,1741, k=2; Go to step 4!
[23.11.2015 18:34:08] Step 4: alphak=0,1751
[23.11.2015 18:34:08] Step 5: h > 0; a=alpha(k-1)=0,1741
[23.11.2015 18:34:08] k = k + 1 = 3; Go to step 4!
[23.11.2015 18:34:08] Step 4: alphak=0,1771
[23.11.2015 18:34:08] Step 5: h > 0; b=alphak=0,1771
[23.11.2015 18:34:08] Step 6: Interval is: [0,1741 ; 0,1771]
[23.11.2015 18:34:08] Dichotomy method has been started!
[23.11.2015 18:34:08] Counting: delta = eps / 10 = 0,0001
[23.11.2015 18:34:08] Step 1: counting alpha_1 = 0,1755, alpha_2 = 0,1757
[23.11.2015 18:34:08] Step 3: f(0,1755) = 2,0147 <= f(0,1757) = 2,0150; b = alpha_2 = 0,1757.
[23.11.2015 18:34:08] Step 4: (b-a)/2 = 0,0008 < eps = 0,0010; STOP SEARCHING!
[23.11.2015 18:34:08] Iter 0: Answer is in the range: [0,1741; 0,1757]
[23.11.2015 18:34:08] Step 5: alpha_end = (a+b)/2; Minimum x* is: 0,1749
[23.11.2015 18:34:08] Step 9: New alpha 0,174864849710465
[23.11.2015 18:34:08] Step 10: New local search point DenseVector 2-Double
0,0425717
-0,284978

[23.11.2015 18:34:08] Step 11: Iteration end.
[23.11.2015 18:34:08] Step 2: ITERATION number 15
[23.11.2015 18:34:08] Step 5: Sk = DenseVector 2-Double
 0,0128003
-0,0336083

[23.11.2015 18:34:08] Step 6: Yk = DenseVector 2-Double
 3,2315
3,04125

[23.11.2015 18:34:08] Step 7: Quasi-Newton matrix: 
DenseMatrix 2x2-Double
-0,0352633   0,0416782
 0,0416782  -0,0553363

[23.11.2015 18:34:08] Step 8: Search vector: DenseVector 2-Double
0,0615369
-0,162275

[23.11.2015 18:34:09] DSK method started!
[23.11.2015 18:34:09] Step 1: f(alpha)=0,5976, f(alpha + h)=0,5532; k=0;
[23.11.2015 18:34:09] Step 2: a=0,1749, alpha1=0,1759, k=2; Go to step 4!
[23.11.2015 18:34:09] Step 4: alphak=0,1769
[23.11.2015 18:34:09] Step 5: h > 0; a=alpha(k-1)=0,1759
[23.11.2015 18:34:09] k = k + 1 = 3; Go to step 4!
[23.11.2015 18:34:09] Step 4: alphak=0,1789
[23.11.2015 18:34:09] Step 5: h > 0; b=alphak=0,1789
[23.11.2015 18:34:09] Step 6: Interval is: [0,1759 ; 0,1789]
[23.11.2015 18:34:09] Dichotomy method has been started!
[23.11.2015 18:34:09] Counting: delta = eps / 10 = 0,0001
[23.11.2015 18:34:09] Step 1: counting alpha_1 = 0,1773, alpha_2 = 0,1775
[23.11.2015 18:34:09] Step 3: f(0,1773) = 0,5493 <= f(0,1775) = 0,5543; b = alpha_2 = 0,1775.
[23.11.2015 18:34:09] Step 4: (b-a)/2 = 0,0008 < eps = 0,0010; STOP SEARCHING!
[23.11.2015 18:34:09] Iter 0: Answer is in the range: [0,1759; 0,1775]
[23.11.2015 18:34:09] Step 5: alpha_end = (a+b)/2; Minimum x* is: 0,1767
[23.11.2015 18:34:09] Step 9: New alpha 0,176664849710465
[23.11.2015 18:34:09] Step 10: New local search point DenseVector 2-Double
0,0534431
-0,313647

[23.11.2015 18:34:09] Step 11: Iteration end.
[23.11.2015 18:34:09] Step 2: ITERATION number 16
[23.11.2015 18:34:09] Step 5: Sk = DenseVector 2-Double
 0,0108714
-0,0286683

[23.11.2015 18:34:09] Step 6: Yk = DenseVector 2-Double
3,35908
2,91389

[23.11.2015 18:34:09] Step 7: Quasi-Newton matrix: 
DenseMatrix 2x2-Double
-0,0376041   0,0470802
 0,0470802  -0,0641116

[23.11.2015 18:34:09] Step 8: Search vector: DenseVector 2-Double
0,0550917
-0,141524

[23.11.2015 18:34:09] DSK method started!
[23.11.2015 18:34:09] Step 1: f(alpha)=0,0228, f(alpha + h)=0,0382; k=0;
[23.11.2015 18:34:09] Step 3: a=0,1757, b=0,1777; Go to step 6!
[23.11.2015 18:34:09] Step 6: Interval is: [0,1757 ; 0,1777]
[23.11.2015 18:34:09] Dichotomy method has been started!
[23.11.2015 18:34:09] Counting: delta = eps / 10 = 0,0001
[23.11.2015 18:34:09] Step 1: counting alpha_1 = 0,1766, alpha_2 = 0,1768
[23.11.2015 18:34:09] Step 3: f(0,1766) = 0,0232 > f(0,1768) = 0,0227; a = alpha_1 = 0,1766.
[23.11.2015 18:34:09] Step 4: (b-a)/2 = 0,0005 < eps = 0,0010; STOP SEARCHING!
[23.11.2015 18:34:09] Iter 0: Answer is in the range: [0,1766; 0,1777]
[23.11.2015 18:34:09] Step 5: alpha_end = (a+b)/2; Minimum x* is: 0,1771
[23.11.2015 18:34:09] Step 9: New alpha 0,177114849710465
[23.11.2015 18:34:09] Step 10: New local search point DenseVector 2-Double
0,0632006
-0,338713

[23.11.2015 18:34:09] Step 11: Iteration end.
[23.11.2015 18:34:09] Step 2: ITERATION number 17
[23.11.2015 18:34:09] Step 5: Sk = DenseVector 2-Double
0,00975756
 -0,025066

[23.11.2015 18:34:09] Step 6: Yk = DenseVector 2-Double
3,42191
2,80559

[23.11.2015 18:34:09] Step 7: Quasi-Newton matrix: 
DenseMatrix 2x2-Double
-0,0398981   0,0521406
 0,0521406  -0,0725288

[23.11.2015 18:34:09] Step 8: Search vector: DenseVector 2-Double
0,0419994
-0,113866

[23.11.2015 18:34:09] DSK method started!
[23.11.2015 18:34:09] Step 1: f(alpha)=0,0915, f(alpha + h)=0,1334; k=0;
[23.11.2015 18:34:09] Step 3: b=0,1771, alpha1=0,1781, h=-0,0010, k=2.
[23.11.2015 18:34:09] Step 4: alphak=0,1751
[23.11.2015 18:34:09] Step 5: h < 0; a=alphak0,1751
[23.11.2015 18:34:09] Step 6: Interval is: [0,1751 ; 0,1771]
[23.11.2015 18:34:09] Dichotomy method has been started!
[23.11.2015 18:34:09] Counting: delta = eps / 10 = 0,0001
[23.11.2015 18:34:09] Step 1: counting alpha_1 = 0,1760, alpha_2 = 0,1762
[23.11.2015 18:34:09] Step 3: f(0,1760) = 0,0866 > f(0,1762) = 0,0843; a = alpha_1 = 0,1760.
[23.11.2015 18:34:09] Step 4: (b-a)/2 = 0,0005 < eps = 0,0010; STOP SEARCHING!
[23.11.2015 18:34:09] Iter 0: Answer is in the range: [0,1760; 0,1771]
[23.11.2015 18:34:09] Step 5: alpha_end = (a+b)/2; Minimum x* is: 0,1766
[23.11.2015 18:34:09] Step 9: New alpha 0,176564849710465
[23.11.2015 18:34:09] Step 10: New local search point DenseVector 2-Double
0,0706162
-0,358817

[23.11.2015 18:34:09] Step 11: Iteration end.
[23.11.2015 18:34:09] Step 2: ITERATION number 18
[23.11.2015 18:34:09] Step 5: Sk = DenseVector 2-Double
0,00741562
-0,0201047

[23.11.2015 18:34:09] Step 6: Yk = DenseVector 2-Double
3,51332
2,65666

[23.11.2015 18:34:09] Step 7: Quasi-Newton matrix: 
DenseMatrix 2x2-Double
 -0,04182   0,0580965
0,0580965  -0,0843978

[23.11.2015 18:34:09] Step 8: Search vector: DenseVector 2-Double
0,0499886
-0,117259

[23.11.2015 18:34:09] DSK method started!
[23.11.2015 18:34:09] Step 1: f(alpha)=0,5687, f(alpha + h)=0,6339; k=0;
[23.11.2015 18:34:09] Step 3: b=0,1766, alpha1=0,1776, h=-0,0010, k=2.
[23.11.2015 18:34:09] Step 4: alphak=0,1746
[23.11.2015 18:34:09] Step 5: h < 0; a=alphak0,1746
[23.11.2015 18:34:09] Step 6: Interval is: [0,1746 ; 0,1766]
[23.11.2015 18:34:09] Dichotomy method has been started!
[23.11.2015 18:34:09] Counting: delta = eps / 10 = 0,0001
[23.11.2015 18:34:09] Step 1: counting alpha_1 = 0,1755, alpha_2 = 0,1757
[23.11.2015 18:34:09] Step 3: f(0,1755) = 0,5391 <= f(0,1757) = 0,5412; b = alpha_2 = 0,1757.
[23.11.2015 18:34:09] Step 4: (b-a)/2 = 0,0005 < eps = 0,0010; STOP SEARCHING!
[23.11.2015 18:34:09] Iter 0: Answer is in the range: [0,1746; 0,1757]
[23.11.2015 18:34:09] Step 5: alpha_end = (a+b)/2; Minimum x* is: 0,1751
[23.11.2015 18:34:09] Step 9: New alpha 0,175114849710465
[23.11.2015 18:34:09] Step 10: New local search point DenseVector 2-Double
  0,07937
-0,379351

[23.11.2015 18:34:09] Step 11: Iteration end.
[23.11.2015 18:34:09] Step 2: ITERATION number 19
[23.11.2015 18:34:09] Step 5: Sk = DenseVector 2-Double
0,00875375
-0,0205338

[23.11.2015 18:34:09] Step 6: Yk = DenseVector 2-Double
3,43041
2,62734

[23.11.2015 18:34:09] Step 7: Quasi-Newton matrix: 
DenseMatrix 2x2-Double
-0,0419577   0,0581141
 0,0581141  -0,0836926

[23.11.2015 18:34:09] Step 8: Search vector: DenseVector 2-Double
0,00489079
-0,0467014

[23.11.2015 18:34:09] DSK method started!
[23.11.2015 18:34:09] Step 1: f(alpha)=0,7406, f(alpha + h)=0,7355; k=0;
[23.11.2015 18:34:09] Step 2: a=0,1751, alpha1=0,1761, k=2; Go to step 4!
[23.11.2015 18:34:09] Step 4: alphak=0,1771
[23.11.2015 18:34:09] Step 5: h > 0; b=alphak=0,1771
[23.11.2015 18:34:09] Step 6: Interval is: [0,1751 ; 0,1771]
[23.11.2015 18:34:09] Dichotomy method has been started!
[23.11.2015 18:34:09] Counting: delta = eps / 10 = 0,0001
[23.11.2015 18:34:09] Step 1: counting alpha_1 = 0,1760, alpha_2 = 0,1762
[23.11.2015 18:34:09] Step 3: f(0,1760) = 0,7344 <= f(0,1762) = 0,7369; b = alpha_2 = 0,1762.
[23.11.2015 18:34:09] Step 4: (b-a)/2 = 0,0005 < eps = 0,0010; STOP SEARCHING!
[23.11.2015 18:34:09] Iter 0: Answer is in the range: [0,1751; 0,1762]
[23.11.2015 18:34:09] Step 5: alpha_end = (a+b)/2; Minimum x* is: 0,1757
[23.11.2015 18:34:09] Step 9: New alpha 0,175664849710465
[23.11.2015 18:34:09] Step 10: New local search point DenseVector 2-Double
0,0802291
-0,387555

[23.11.2015 18:34:09] Step 11: Iteration end.
[23.11.2015 18:34:09] Step 2: ITERATION number 20
[23.11.2015 18:34:09] Step 5: Sk = DenseVector 2-Double
0,00085914
-0,0082038

[23.11.2015 18:34:09] Step 6: Yk = DenseVector 2-Double
3,77549
2,32869

[23.11.2015 18:34:09] Step 7: Quasi-Newton matrix: 
DenseMatrix 2x2-Double
-0,0242781   0,0397308
 0,0397308  -0,0679383

[23.11.2015 18:34:09] Step 8: Search vector: DenseVector 2-Double
0,0705723
-0,151338

[23.11.2015 18:34:09] DSK method started!
[23.11.2015 18:34:09] Step 1: f(alpha)=2,0434, f(alpha + h)=2,1570; k=0;
[23.11.2015 18:34:09] Step 3: b=0,1757, alpha1=0,1767, h=-0,0010, k=2.
[23.11.2015 18:34:09] Step 4: alphak=0,1737
[23.11.2015 18:34:09] Step 5: h > 0; b=alpha(k-1)=0,1747
[23.11.2015 18:34:09] k = k + 1 = 3; Go to step 4!
[23.11.2015 18:34:09] Step 4: alphak=0,1717
[23.11.2015 18:34:09] Step 5: h < 0; a=alphak0,1717
[23.11.2015 18:34:09] Step 6: Interval is: [0,1717 ; 0,1747]
[23.11.2015 18:34:09] Dichotomy method has been started!
[23.11.2015 18:34:09] Counting: delta = eps / 10 = 0,0001
[23.11.2015 18:34:09] Step 1: counting alpha_1 = 0,1731, alpha_2 = 0,1733
[23.11.2015 18:34:09] Step 3: f(0,1731) = 1,9243 <= f(0,1733) = 1,9246; b = alpha_2 = 0,1733.
[23.11.2015 18:34:09] Step 4: (b-a)/2 = 0,0008 < eps = 0,0010; STOP SEARCHING!
[23.11.2015 18:34:09] Iter 0: Answer is in the range: [0,1717; 0,1733]
[23.11.2015 18:34:09] Step 5: alpha_end = (a+b)/2; Minimum x* is: 0,1725
[23.11.2015 18:34:09] Step 9: New alpha 0,172464849710465
[23.11.2015 18:34:09] Step 10: New local search point DenseVector 2-Double
0,0924004
-0,413656

[23.11.2015 18:34:09] Step 11: Iteration end.
[23.11.2015 18:34:09] Step 2: ITERATION number 21
[23.11.2015 18:34:09] Step 5: Sk = DenseVector 2-Double
 0,0121712
-0,0261005

[23.11.2015 18:34:09] Step 6: Yk = DenseVector 2-Double
3,24006
2,69164

[23.11.2015 18:34:09] Step 7: Quasi-Newton matrix: 
DenseMatrix 2x2-Double
-0,0143001   0,0217356
 0,0217356  -0,0358611

[23.11.2015 18:34:09] Step 8: Search vector: DenseVector 2-Double
0,000883779
 -0,0343145

[23.11.2015 18:34:09] DSK method started!
[23.11.2015 18:34:09] Step 1: f(alpha)=2,1362, f(alpha + h)=2,1134; k=0;
[23.11.2015 18:34:09] Step 2: a=0,1725, alpha1=0,1735, k=2; Go to step 4!
[23.11.2015 18:34:09] Step 4: alphak=0,1745
[23.11.2015 18:34:09] Step 5: h > 0; b=alphak=0,1745
[23.11.2015 18:34:09] Step 6: Interval is: [0,1725 ; 0,1745]
[23.11.2015 18:34:09] Dichotomy method has been started!
[23.11.2015 18:34:09] Counting: delta = eps / 10 = 0,0001
[23.11.2015 18:34:09] Step 1: counting alpha_1 = 0,1734, alpha_2 = 0,1736
[23.11.2015 18:34:09] Step 3: f(0,1734) = 2,1140 > f(0,1736) = 2,1131; a = alpha_1 = 0,1734.
[23.11.2015 18:34:09] Step 4: (b-a)/2 = 0,0005 < eps = 0,0010; STOP SEARCHING!
[23.11.2015 18:34:09] Iter 0: Answer is in the range: [0,1734; 0,1745]
[23.11.2015 18:34:09] Step 5: alpha_end = (a+b)/2; Minimum x* is: 0,1739
[23.11.2015 18:34:09] Step 9: New alpha 0,173914849710465
[23.11.2015 18:34:09] Step 10: New local search point DenseVector 2-Double
0,0925541
-0,419623

[23.11.2015 18:34:09] Step 11: Iteration end.
[23.11.2015 18:34:09] Step 2: ITERATION number 22
[23.11.2015 18:34:09] Step 5: Sk = DenseVector 2-Double
0,000153702
 -0,0059678

[23.11.2015 18:34:09] Step 6: Yk = DenseVector 2-Double
3,77459
2,22262

[23.11.2015 18:34:09] Step 7: Quasi-Newton matrix: 
DenseMatrix 2x2-Double
-0,012319   0,0209901
0,0209901  -0,0383317

[23.11.2015 18:34:09] Step 8: Search vector: DenseVector 2-Double
 0,0242913
-0,0710052

[23.11.2015 18:34:09] DSK method started!
[23.11.2015 18:34:09] Step 1: f(alpha)=2,7693, f(alpha + h)=2,8289; k=0;
[23.11.2015 18:34:09] Step 3: b=0,1739, alpha1=0,1749, h=-0,0010, k=2.
[23.11.2015 18:34:09] Step 4: alphak=0,1719
[23.11.2015 18:34:09] Step 5: h < 0; a=alphak0,1719
[23.11.2015 18:34:09] Step 6: Interval is: [0,1719 ; 0,1739]
[23.11.2015 18:34:09] Dichotomy method has been started!
[23.11.2015 18:34:09] Counting: delta = eps / 10 = 0,0001
[23.11.2015 18:34:09] Step 1: counting alpha_1 = 0,1728, alpha_2 = 0,1730
[23.11.2015 18:34:09] Step 3: f(0,1728) = 2,7467 <= f(0,1730) = 2,7475; b = alpha_2 = 0,1730.
[23.11.2015 18:34:09] Step 4: (b-a)/2 = 0,0005 < eps = 0,0010; STOP SEARCHING!
[23.11.2015 18:34:09] Iter 0: Answer is in the range: [0,1719; 0,1730]
[23.11.2015 18:34:09] Step 5: alpha_end = (a+b)/2; Minimum x* is: 0,1725
[23.11.2015 18:34:09] Step 9: New alpha 0,172464849710465
[23.11.2015 18:34:09] Step 10: New local search point DenseVector 2-Double
0,0967435
-0,431869

[23.11.2015 18:34:09] Step 11: Iteration end.
[23.11.2015 18:34:09] Step 2: ITERATION number 23
[23.11.2015 18:34:09] Step 5: Sk = DenseVector 2-Double
0,00418939
-0,0122459

[23.11.2015 18:34:09] Step 6: Yk = DenseVector 2-Double
3,57795
2,34143

[23.11.2015 18:34:09] Step 7: Quasi-Newton matrix: 
DenseMatrix 2x2-Double
-0,0120112   0,0201436
 0,0201436  -0,0360117

[23.11.2015 18:34:10] Step 8: Search vector: DenseVector 2-Double
 0,0123037
-0,0457257

[23.11.2015 18:34:10] DSK method started!
[23.11.2015 18:34:10] Step 1: f(alpha)=3,1441, f(alpha + h)=3,1611; k=0;
[23.11.2015 18:34:10] Step 3: a=0,1715, b=0,1735; Go to step 6!
[23.11.2015 18:34:10] Step 6: Interval is: [0,1715 ; 0,1735]
[23.11.2015 18:34:10] Dichotomy method has been started!
[23.11.2015 18:34:10] Counting: delta = eps / 10 = 0,0001
[23.11.2015 18:34:10] Step 1: counting alpha_1 = 0,1724, alpha_2 = 0,1726
[23.11.2015 18:34:10] Step 3: f(0,1724) = 3,1445 > f(0,1726) = 3,1442; a = alpha_1 = 0,1724.
[23.11.2015 18:34:10] Step 4: (b-a)/2 = 0,0005 < eps = 0,0010; STOP SEARCHING!
[23.11.2015 18:34:10] Iter 0: Answer is in the range: [0,1724; 0,1735]
[23.11.2015 18:34:10] Step 5: alpha_end = (a+b)/2; Minimum x* is: 0,1729
[23.11.2015 18:34:10] Step 9: New alpha 0,172914849710465
[23.11.2015 18:34:10] Step 10: New local search point DenseVector 2-Double
 0,098871
-0,439776

[23.11.2015 18:34:10] Step 11: Iteration end.
[23.11.2015 18:34:10] Step 2: ITERATION number 24
[23.11.2015 18:34:10] Step 5: Sk = DenseVector 2-Double
 0,00212749
-0,00790666

[23.11.2015 18:34:10] Step 6: Yk = DenseVector 2-Double
3,67494
2,23585

[23.11.2015 18:34:10] Step 7: Quasi-Newton matrix: 
DenseMatrix 2x2-Double
-0,0123984   0,0213301
 0,0213301  -0,0385955

[23.11.2015 18:34:10] Step 8: Search vector: DenseVector 2-Double
 0,0138616
-0,0448795

[23.11.2015 18:34:10] DSK method started!
[23.11.2015 18:34:10] Step 1: f(alpha)=3,5815, f(alpha + h)=3,6324; k=0;
[23.11.2015 18:34:10] Step 3: b=0,1729, alpha1=0,1739, h=-0,0010, k=2.
[23.11.2015 18:34:10] Step 4: alphak=0,1709
[23.11.2015 18:34:10] Step 5: h < 0; a=alphak0,1709
[23.11.2015 18:34:10] Step 6: Interval is: [0,1709 ; 0,1729]
[23.11.2015 18:34:10] Dichotomy method has been started!
[23.11.2015 18:34:10] Counting: delta = eps / 10 = 0,0001
[23.11.2015 18:34:10] Step 1: counting alpha_1 = 0,1718, alpha_2 = 0,1720
[23.11.2015 18:34:10] Step 3: f(0,1718) = 3,5685 > f(0,1720) = 3,5675; a = alpha_1 = 0,1718.
[23.11.2015 18:34:10] Step 4: (b-a)/2 = 0,0005 < eps = 0,0010; STOP SEARCHING!
[23.11.2015 18:34:10] Iter 0: Answer is in the range: [0,1718; 0,1729]
[23.11.2015 18:34:10] Step 5: alpha_end = (a+b)/2; Minimum x* is: 0,1724
[23.11.2015 18:34:10] Step 9: New alpha 0,172364849710465
[23.11.2015 18:34:10] Step 10: New local search point DenseVector 2-Double
  0,10126
-0,447512

[23.11.2015 18:34:10] Step 11: Iteration end.
[23.11.2015 18:34:10] Step 2: ITERATION number 25
[23.11.2015 18:34:10] Step 5: Sk = DenseVector 2-Double
 0,00238926
-0,00773564

[23.11.2015 18:34:10] Step 6: Yk = DenseVector 2-Double
3,65362
2,21697

[23.11.2015 18:34:10] Step 7: Quasi-Newton matrix: 
DenseMatrix 2x2-Double
-0,0126665   0,0219525
 0,0219525  -0,0396676

[23.11.2015 18:34:10] Step 8: Search vector: DenseVector 2-Double
 0,0108886
-0,0365409

[23.11.2015 18:34:10] DSK method started!
[23.11.2015 18:34:10] Step 1: f(alpha)=3,9226, f(alpha + h)=3,9666; k=0;
[23.11.2015 18:34:10] Step 3: b=0,1724, alpha1=0,1734, h=-0,0010, k=2.
[23.11.2015 18:34:10] Step 4: alphak=0,1704
[23.11.2015 18:34:10] Step 5: h < 0; a=alphak0,1704
[23.11.2015 18:34:10] Step 6: Interval is: [0,1704 ; 0,1724]
[23.11.2015 18:34:10] Dichotomy method has been started!
[23.11.2015 18:34:10] Counting: delta = eps / 10 = 0,0001
[23.11.2015 18:34:10] Step 1: counting alpha_1 = 0,1713, alpha_2 = 0,1715
[23.11.2015 18:34:10] Step 3: f(0,1713) = 3,9173 > f(0,1715) = 3,9149; a = alpha_1 = 0,1713.
[23.11.2015 18:34:10] Step 4: (b-a)/2 = 0,0005 < eps = 0,0010; STOP SEARCHING!
[23.11.2015 18:34:10] Iter 0: Answer is in the range: [0,1713; 0,1724]
[23.11.2015 18:34:10] Step 5: alpha_end = (a+b)/2; Minimum x* is: 0,1718
[23.11.2015 18:34:10] Step 9: New alpha 0,171814849710465
[23.11.2015 18:34:10] Step 10: New local search point DenseVector 2-Double
0,103131
-0,45379

[23.11.2015 18:34:10] Step 11: Iteration end.
[23.11.2015 18:34:10] Step 2: ITERATION number 26
[23.11.2015 18:34:10] Step 5: Sk = DenseVector 2-Double
 0,00187082
-0,00627828

[23.11.2015 18:34:10] Step 6: Yk = DenseVector 2-Double
3,66437
2,16948

[23.11.2015 18:34:10] Step 7: Quasi-Newton matrix: 
DenseMatrix 2x2-Double
-0,0129947   0,0228111
 0,0228111  -0,0414231

[23.11.2015 18:34:10] Step 8: Search vector: DenseVector 2-Double
 0,0101274
-0,0326206

[23.11.2015 18:34:10] DSK method started!
[23.11.2015 18:34:10] Step 1: f(alpha)=4,2347, f(alpha + h)=4,2718; k=0;
[23.11.2015 18:34:10] Step 3: a=0,1708, b=0,1728; Go to step 6!
[23.11.2015 18:34:10] Step 6: Interval is: [0,1708 ; 0,1728]
[23.11.2015 18:34:10] Dichotomy method has been started!
[23.11.2015 18:34:10] Counting: delta = eps / 10 = 0,0001
[23.11.2015 18:34:10] Step 1: counting alpha_1 = 0,1717, alpha_2 = 0,1719
[23.11.2015 18:34:10] Step 3: f(0,1717) = 4,2331 <= f(0,1719) = 4,2367; b = alpha_2 = 0,1719.
[23.11.2015 18:34:10] Step 4: (b-a)/2 = 0,0005 < eps = 0,0010; STOP SEARCHING!
[23.11.2015 18:34:10] Iter 0: Answer is in the range: [0,1708; 0,1719]
[23.11.2015 18:34:10] Step 5: alpha_end = (a+b)/2; Minimum x* is: 0,1714
[23.11.2015 18:34:10] Step 9: New alpha 0,171364849710465
[23.11.2015 18:34:10] Step 10: New local search point DenseVector 2-Double
0,104867
-0,45938

[23.11.2015 18:34:10] Step 11: Iteration end.
[23.11.2015 18:34:10] Step 2: ITERATION number 27
[23.11.2015 18:34:10] Step 5: Sk = DenseVector 2-Double
 0,00173547
-0,00559003

[23.11.2015 18:34:10] Step 6: Yk = DenseVector 2-Double
3,66124
2,14203

[23.11.2015 18:34:10] Step 7: Quasi-Newton matrix: 
DenseMatrix 2x2-Double
-0,0132748   0,0234999
 0,0234999  -0,0427766

[23.11.2015 18:34:10] Step 8: Search vector: DenseVector 2-Double
0,00859181
-0,0277022

[23.11.2015 18:34:10] DSK method started!
[23.11.2015 18:34:10] Step 1: f(alpha)=4,5031, f(alpha + h)=4,5353; k=0;
[23.11.2015 18:34:10] Step 3: a=0,1704, b=0,1724; Go to step 6!
[23.11.2015 18:34:10] Step 6: Interval is: [0,1704 ; 0,1724]
[23.11.2015 18:34:10] Dichotomy method has been started!
[23.11.2015 18:34:10] Counting: delta = eps / 10 = 0,0001
[23.11.2015 18:34:10] Step 1: counting alpha_1 = 0,1713, alpha_2 = 0,1715
[23.11.2015 18:34:10] Step 3: f(0,1713) = 4,5019 <= f(0,1715) = 4,5046; b = alpha_2 = 0,1715.
[23.11.2015 18:34:10] Step 4: (b-a)/2 = 0,0005 < eps = 0,0010; STOP SEARCHING!
[23.11.2015 18:34:10] Iter 0: Answer is in the range: [0,1704; 0,1715]
[23.11.2015 18:34:10] Step 5: alpha_end = (a+b)/2; Minimum x* is: 0,1709
[23.11.2015 18:34:10] Step 9: New alpha 0,170914849710465
[23.11.2015 18:34:10] Step 10: New local search point DenseVector 2-Double
 0,106335
-0,464115

[23.11.2015 18:34:10] Step 11: Iteration end.
[23.11.2015 18:34:10] Step 2: ITERATION number 28
[23.11.2015 18:34:10] Step 5: Sk = DenseVector 2-Double
 0,00146847
-0,00473472

[23.11.2015 18:34:10] Step 6: Yk = DenseVector 2-Double
3,66338
2,11166

[23.11.2015 18:34:10] Step 7: Quasi-Newton matrix: 
DenseMatrix 2x2-Double
-0,0135561   0,0242129
 0,0242129  -0,0442475

[23.11.2015 18:34:10] Step 8: Search vector: DenseVector 2-Double
0,00769422
-0,0242651

[23.11.2015 18:34:10] DSK method started!
[23.11.2015 18:34:10] Step 1: f(alpha)=4,7405, f(alpha + h)=4,7669; k=0;
[23.11.2015 18:34:10] Step 3: a=0,1699, b=0,1719; Go to step 6!
[23.11.2015 18:34:10] Step 6: Interval is: [0,1699 ; 0,1719]
[23.11.2015 18:34:10] Dichotomy method has been started!
[23.11.2015 18:34:10] Counting: delta = eps / 10 = 0,0001
[23.11.2015 18:34:10] Step 1: counting alpha_1 = 0,1708, alpha_2 = 0,1710
[23.11.2015 18:34:10] Step 3: f(0,1708) = 4,7399 <= f(0,1710) = 4,7414; b = alpha_2 = 0,1710.
[23.11.2015 18:34:10] Step 4: (b-a)/2 = 0,0005 < eps = 0,0010; STOP SEARCHING!
[23.11.2015 18:34:10] Iter 0: Answer is in the range: [0,1699; 0,1710]
[23.11.2015 18:34:10] Step 5: alpha_end = (a+b)/2; Minimum x* is: 0,1705
[23.11.2015 18:34:10] Step 9: New alpha 0,170464849710465
[23.11.2015 18:34:10] Step 10: New local search point DenseVector 2-Double
 0,107647
-0,468251

[23.11.2015 18:34:10] Step 11: Iteration end.
[23.11.2015 18:34:10] Step 2: ITERATION number 29
[23.11.2015 18:34:10] Step 5: Sk = DenseVector 2-Double
 0,00131159
-0,00413634

[23.11.2015 18:34:10] Step 6: Yk = DenseVector 2-Double
3,66083
2,08797

[23.11.2015 18:34:10] Step 7: Quasi-Newton matrix: 
DenseMatrix 2x2-Double
-0,0138094   0,0248402
 0,0248402  -0,0455334

[23.11.2015 18:34:10] Step 8: Search vector: DenseVector 2-Double
0,00665593
 -0,020848

[23.11.2015 18:34:10] DSK method started!
[23.11.2015 18:34:10] Step 1: f(alpha)=4,9456, f(alpha + h)=4,9650; k=0;
[23.11.2015 18:34:10] Step 3: a=0,1695, b=0,1715; Go to step 6!
[23.11.2015 18:34:10] Step 6: Interval is: [0,1695 ; 0,1715]
[23.11.2015 18:34:10] Dichotomy method has been started!
[23.11.2015 18:34:10] Counting: delta = eps / 10 = 0,0001
[23.11.2015 18:34:10] Step 1: counting alpha_1 = 0,1704, alpha_2 = 0,1706
[23.11.2015 18:34:10] Step 3: f(0,1704) = 4,9458 <= f(0,1706) = 4,9459; b = alpha_2 = 0,1706.
[23.11.2015 18:34:10] Step 4: (b-a)/2 = 0,0005 < eps = 0,0010; STOP SEARCHING!
[23.11.2015 18:34:10] Iter 0: Answer is in the range: [0,1695; 0,1706]
[23.11.2015 18:34:10] Step 5: alpha_end = (a+b)/2; Minimum x* is: 0,1700
[23.11.2015 18:34:10] Step 9: New alpha 0,170014849710465
[23.11.2015 18:34:10] Step 10: New local search point DenseVector 2-Double
 0,108778
-0,471795

[23.11.2015 18:34:10] Step 11: Iteration end.
[23.11.2015 18:34:10] Step 2: ITERATION number 30
[23.11.2015 18:34:10] Step 5: Sk = DenseVector 2-Double
 0,00113161
-0,00354447

[23.11.2015 18:34:10] Step 6: Yk = DenseVector 2-Double
3,65913
 2,0651

[23.11.2015 18:34:10] Step 7: Quasi-Newton matrix: 
DenseMatrix 2x2-Double
-0,014052   0,0254465
0,0254465  -0,0468047

[23.11.2015 18:34:10] Step 8: Search vector: DenseVector 2-Double
0,00589757
-0,0181729

[23.11.2015 18:34:10] DSK method started!
[23.11.2015 18:34:10] Step 1: f(alpha)=5,1265, f(alpha + h)=5,1379; k=0;
[23.11.2015 18:34:10] Step 3: a=0,1690, b=0,1710; Go to step 6!
[23.11.2015 18:34:10] Step 6: Interval is: [0,1690 ; 0,1710]
[23.11.2015 18:34:10] Dichotomy method has been started!
[23.11.2015 18:34:10] Counting: delta = eps / 10 = 0,0001
[23.11.2015 18:34:10] Step 1: counting alpha_1 = 0,1699, alpha_2 = 0,1701
[23.11.2015 18:34:10] Step 3: f(0,1699) = 5,1274 > f(0,1701) = 5,1260; a = alpha_1 = 0,1699.
[23.11.2015 18:34:10] Step 4: (b-a)/2 = 0,0005 < eps = 0,0010; STOP SEARCHING!
[23.11.2015 18:34:10] Iter 0: Answer is in the range: [0,1699; 0,1710]
[23.11.2015 18:34:10] Step 5: alpha_end = (a+b)/2; Minimum x* is: 0,1705
[23.11.2015 18:34:10] Step 9: New alpha 0,170464849710465
[23.11.2015 18:34:10] Step 10: New local search point DenseVector 2-Double
 0,109784
-0,474893

[23.11.2015 18:34:10] Step 11: Iteration end.
[23.11.2015 18:34:10] Step 2: ITERATION number 31
[23.11.2015 18:34:10] Step 5: Sk = DenseVector 2-Double
 0,00100533
-0,00309784

[23.11.2015 18:34:10] Step 6: Yk = DenseVector 2-Double
3,67463
2,05678

[23.11.2015 18:34:10] Step 7: Quasi-Newton matrix: 
DenseMatrix 2x2-Double
-0,0142704   0,0259843
 0,0259843  -0,0479297

[23.11.2015 18:34:10] Step 8: Search vector: DenseVector 2-Double
0,00509938
-0,0156189

[23.11.2015 18:34:10] DSK method started!
[23.11.2015 18:34:10] Step 1: f(alpha)=5,2862, f(alpha + h)=5,3225; k=0;
[23.11.2015 18:34:10] Step 3: a=0,1695, b=0,1715; Go to step 6!
[23.11.2015 18:34:10] Step 6: Interval is: [0,1695 ; 0,1715]
[23.11.2015 18:34:10] Dichotomy method has been started!
[23.11.2015 18:34:10] Counting: delta = eps / 10 = 0,0001
[23.11.2015 18:34:10] Step 1: counting alpha_1 = 0,1704, alpha_2 = 0,1706
[23.11.2015 18:34:10] Step 3: f(0,1704) = 5,2846 <= f(0,1706) = 5,2881; b = alpha_2 = 0,1706.
[23.11.2015 18:34:10] Step 4: (b-a)/2 = 0,0005 < eps = 0,0010; STOP SEARCHING!
[23.11.2015 18:34:10] Iter 0: Answer is in the range: [0,1695; 0,1706]
[23.11.2015 18:34:10] Step 5: alpha_end = (a+b)/2; Minimum x* is: 0,1700
[23.11.2015 18:34:10] Step 9: New alpha 0,170014849710465
[23.11.2015 18:34:10] Step 10: New local search point DenseVector 2-Double
  0,11065
-0,477549

[23.11.2015 18:34:10] Step 11: Iteration end.
[23.11.2015 18:34:10] Step 2: ITERATION number 32
[23.11.2015 18:34:10] Step 5: Sk = DenseVector 2-Double
0,000866971
-0,00265544

[23.11.2015 18:34:10] Step 6: Yk = DenseVector 2-Double
3,67104
2,03837

[23.11.2015 18:34:10] Step 7: Quasi-Newton matrix: 
DenseMatrix 2x2-Double
-0,014478   0,0264996
0,0264996  -0,0490276

[23.11.2015 18:34:10] Step 8: Search vector: DenseVector 2-Double
0,00451994
-0,0136308

[23.11.2015 18:34:10] DSK method started!
[23.11.2015 18:34:10] Step 1: f(alpha)=5,4189, f(alpha + h)=5,4454; k=0;
[23.11.2015 18:34:10] Step 3: a=0,1690, b=0,1710; Go to step 6!
[23.11.2015 18:34:10] Step 6: Interval is: [0,1690 ; 0,1710]
[23.11.2015 18:34:10] Dichotomy method has been started!
[23.11.2015 18:34:10] Counting: delta = eps / 10 = 0,0001
[23.11.2015 18:34:11] Step 1: counting alpha_1 = 0,1699, alpha_2 = 0,1701
[23.11.2015 18:34:11] Step 3: f(0,1699) = 5,4184 <= f(0,1701) = 5,4199; b = alpha_2 = 0,1701.
[23.11.2015 18:34:11] Step 4: (b-a)/2 = 0,0005 < eps = 0,0010; STOP SEARCHING!
[23.11.2015 18:34:11] Iter 0: Answer is in the range: [0,1690; 0,1701]
[23.11.2015 18:34:11] Step 5: alpha_end = (a+b)/2; Minimum x* is: 0,1696
[23.11.2015 18:34:11] Step 9: New alpha 0,169564849710465
[23.11.2015 18:34:11] Step 10: New local search point DenseVector 2-Double
0,111417
-0,47986

[23.11.2015 18:34:11] Step 11: Iteration end.
[23.11.2015 18:34:11] Step 2: ITERATION number 33
[23.11.2015 18:34:11] Step 5: Sk = DenseVector 2-Double
0,000766424
 -0,0023113

[23.11.2015 18:34:11] Step 6: Yk = DenseVector 2-Double
3,66581
2,02263

[23.11.2015 18:34:11] Step 7: Quasi-Newton matrix: 
DenseMatrix 2x2-Double
-0,0146653   0,0269582
 0,0269582  -0,0500016

[23.11.2015 18:34:11] Step 8: Search vector: DenseVector 2-Double
0,00392872
-0,0117587

[23.11.2015 18:34:11] DSK method started!
[23.11.2015 18:34:11] Step 1: f(alpha)=5,5356, f(alpha + h)=5,5512; k=0;
[23.11.2015 18:34:11] Step 3: a=0,1686, b=0,1706; Go to step 6!
[23.11.2015 18:34:11] Step 6: Interval is: [0,1686 ; 0,1706]
[23.11.2015 18:34:11] Dichotomy method has been started!
[23.11.2015 18:34:11] Counting: delta = eps / 10 = 0,0001
[23.11.2015 18:34:11] Step 1: counting alpha_1 = 0,1695, alpha_2 = 0,1697
[23.11.2015 18:34:11] Step 3: f(0,1695) = 5,5361 > f(0,1697) = 5,5354; a = alpha_1 = 0,1695.
[23.11.2015 18:34:11] Step 4: (b-a)/2 = 0,0005 < eps = 0,0010; STOP SEARCHING!
[23.11.2015 18:34:11] Iter 0: Answer is in the range: [0,1695; 0,1706]
[23.11.2015 18:34:11] Step 5: alpha_end = (a+b)/2; Minimum x* is: 0,1700
[23.11.2015 18:34:11] Step 9: New alpha 0,170014849710465
[23.11.2015 18:34:11] Step 10: New local search point DenseVector 2-Double
 0,112085
-0,481859

[23.11.2015 18:34:11] Step 11: Iteration end.
[23.11.2015 18:34:11] Step 2: ITERATION number 34
[23.11.2015 18:34:11] Step 5: Sk = DenseVector 2-Double
0,000667941
-0,00199916

[23.11.2015 18:34:11] Step 6: Yk = DenseVector 2-Double
3,67997
2,01861

[23.11.2015 18:34:11] Step 7: Quasi-Newton matrix: 
DenseMatrix 2x2-Double
-0,0148374   0,0273799
 0,0273799  -0,0509046

[23.11.2015 18:34:11] Step 8: Search vector: DenseVector 2-Double
0,00343924
-0,0101912

[23.11.2015 18:34:11] DSK method started!
[23.11.2015 18:34:11] Step 1: f(alpha)=5,6428, f(alpha + h)=5,6812; k=0;
[23.11.2015 18:34:11] Step 3: b=0,1700, alpha1=0,1710, h=-0,0010, k=2.
[23.11.2015 18:34:11] Step 4: alphak=0,1680
[23.11.2015 18:34:11] Step 5: h < 0; a=alphak0,1680
[23.11.2015 18:34:11] Step 6: Interval is: [0,1680 ; 0,1700]
[23.11.2015 18:34:11] Dichotomy method has been started!
[23.11.2015 18:34:11] Counting: delta = eps / 10 = 0,0001
[23.11.2015 18:34:11] Step 1: counting alpha_1 = 0,1689, alpha_2 = 0,1691
[23.11.2015 18:34:11] Step 3: f(0,1689) = 5,6444 > f(0,1691) = 5,6407; a = alpha_1 = 0,1689.
[23.11.2015 18:34:11] Step 4: (b-a)/2 = 0,0005 < eps = 0,0010; STOP SEARCHING!
[23.11.2015 18:34:11] Iter 0: Answer is in the range: [0,1689; 0,1700]
[23.11.2015 18:34:11] Step 5: alpha_end = (a+b)/2; Minimum x* is: 0,1695
[23.11.2015 18:34:11] Step 9: New alpha 0,169464849710465
[23.11.2015 18:34:11] Step 10: New local search point DenseVector 2-Double
 0,112668
-0,483586

[23.11.2015 18:34:11] Step 11: Iteration end.
[23.11.2015 18:34:11] Step 2: ITERATION number 35
[23.11.2015 18:34:11] Step 5: Sk = DenseVector 2-Double
 0,00058283
-0,00172706

[23.11.2015 18:34:11] Step 6: Yk = DenseVector 2-Double
3,67184
  2,004

[23.11.2015 18:34:11] Step 7: Quasi-Newton matrix: 
DenseMatrix 2x2-Double
-0,0149962   0,0277677
 0,0277677  -0,0517392

[23.11.2015 18:34:11] Step 8: Search vector: DenseVector 2-Double
 0,00302317
-0,00885833

[23.11.2015 18:34:11] DSK method started!
[23.11.2015 18:34:11] Step 1: f(alpha)=5,7267, f(alpha + h)=5,7491; k=0;
[23.11.2015 18:34:11] Step 3: a=0,1685, b=0,1705; Go to step 6!
[23.11.2015 18:34:11] Step 6: Interval is: [0,1685 ; 0,1705]
[23.11.2015 18:34:11] Dichotomy method has been started!
[23.11.2015 18:34:11] Counting: delta = eps / 10 = 0,0001
[23.11.2015 18:34:11] Step 1: counting alpha_1 = 0,1694, alpha_2 = 0,1696
[23.11.2015 18:34:11] Step 3: f(0,1694) = 5,7265 <= f(0,1696) = 5,7272; b = alpha_2 = 0,1696.
[23.11.2015 18:34:11] Step 4: (b-a)/2 = 0,0005 < eps = 0,0010; STOP SEARCHING!
[23.11.2015 18:34:11] Iter 0: Answer is in the range: [0,1685; 0,1696]
[23.11.2015 18:34:11] Step 5: alpha_end = (a+b)/2; Minimum x* is: 0,1690
[23.11.2015 18:34:11] Step 9: New alpha 0,169014849710465
[23.11.2015 18:34:11] Step 10: New local search point DenseVector 2-Double
 0,113179
-0,485083

[23.11.2015 18:34:11] Step 11: Iteration end.
[23.11.2015 18:34:11] Step 2: ITERATION number 36
[23.11.2015 18:34:11] Step 5: Sk = DenseVector 2-Double
 0,00051096
-0,00149719

[23.11.2015 18:34:11] Step 6: Yk = DenseVector 2-Double
3,66529
1,99181

[23.11.2015 18:34:11] Step 7: Quasi-Newton matrix: 
DenseMatrix 2x2-Double
-0,0151406   0,0281181
 0,0281181  -0,0524941

[23.11.2015 18:34:11] Step 8: Search vector: DenseVector 2-Double
  0,0026471
-0,00768302

[23.11.2015 18:34:11] DSK method started!
[23.11.2015 18:34:11] Step 1: f(alpha)=5,8044, f(alpha + h)=5,8142; k=0;
[23.11.2015 18:34:11] Step 3: a=0,1680, b=0,1700; Go to step 6!
[23.11.2015 18:34:11] Step 6: Interval is: [0,1680 ; 0,1700]
[23.11.2015 18:34:11] Dichotomy method has been started!
[23.11.2015 18:34:11] Counting: delta = eps / 10 = 0,0001
[23.11.2015 18:34:11] Step 1: counting alpha_1 = 0,1689, alpha_2 = 0,1691
[23.11.2015 18:34:11] Step 3: f(0,1689) = 5,8055 > f(0,1691) = 5,8037; a = alpha_1 = 0,1689.
[23.11.2015 18:34:11] Step 4: (b-a)/2 = 0,0005 < eps = 0,0010; STOP SEARCHING!
[23.11.2015 18:34:11] Iter 0: Answer is in the range: [0,1689; 0,1700]
[23.11.2015 18:34:11] Step 5: alpha_end = (a+b)/2; Minimum x* is: 0,1695
[23.11.2015 18:34:11] Step 9: New alpha 0,169464849710465
[23.11.2015 18:34:11] Step 10: New local search point DenseVector 2-Double
 0,113627
-0,486385

[23.11.2015 18:34:11] Step 11: Iteration end.
[23.11.2015 18:34:11] Step 2: ITERATION number 37
[23.11.2015 18:34:11] Step 5: Sk = DenseVector 2-Double
0,00044859
 -0,001302

[23.11.2015 18:34:11] Step 6: Yk = DenseVector 2-Double
3,67784
1,99122

[23.11.2015 18:34:11] Step 7: Quasi-Newton matrix: 
DenseMatrix 2x2-Double
-0,0152696   0,0284286
 0,0284286  -0,0531622

[23.11.2015 18:34:11] Step 8: Search vector: DenseVector 2-Double
 0,00229524
-0,00662315

[23.11.2015 18:34:11] DSK method started!
[23.11.2015 18:34:11] Step 1: f(alpha)=5,8717, f(alpha + h)=5,9024; k=0;
[23.11.2015 18:34:11] Step 3: a=0,1685, b=0,1705; Go to step 6!
[23.11.2015 18:34:11] Step 6: Interval is: [0,1685 ; 0,1705]
[23.11.2015 18:34:11] Dichotomy method has been started!
[23.11.2015 18:34:11] Counting: delta = eps / 10 = 0,0001
[23.11.2015 18:34:11] Step 1: counting alpha_1 = 0,1694, alpha_2 = 0,1696
[23.11.2015 18:34:11] Step 3: f(0,1694) = 5,8707 <= f(0,1696) = 5,8731; b = alpha_2 = 0,1696.
[23.11.2015 18:34:11] Step 4: (b-a)/2 = 0,0005 < eps = 0,0010; STOP SEARCHING!
[23.11.2015 18:34:11] Iter 0: Answer is in the range: [0,1685; 0,1696]
[23.11.2015 18:34:11] Step 5: alpha_end = (a+b)/2; Minimum x* is: 0,1690
[23.11.2015 18:34:11] Step 9: New alpha 0,169014849710465
[23.11.2015 18:34:11] Step 10: New local search point DenseVector 2-Double
 0,114015
-0,487505

[23.11.2015 18:34:11] Step 11: Iteration end.
[23.11.2015 18:34:11] Step 2: ITERATION number 38
[23.11.2015 18:34:11] Step 5: Sk = DenseVector 2-Double
 0,00038793
-0,00111941

[23.11.2015 18:34:11] Step 6: Yk = DenseVector 2-Double
3,67076
1,98053

[23.11.2015 18:34:11] Step 7: Quasi-Newton matrix: 
DenseMatrix 2x2-Double
-0,0153902   0,0287203
 0,0287203  -0,0537961

[23.11.2015 18:34:11] Step 8: Search vector: DenseVector 2-Double
 0,00203698
-0,00579784

[23.11.2015 18:34:11] DSK method started!
[23.11.2015 18:34:11] Step 1: f(alpha)=5,9282, f(alpha + h)=5,9451; k=0;
[23.11.2015 18:34:11] Step 3: a=0,1680, b=0,1700; Go to step 6!
[23.11.2015 18:34:11] Step 6: Interval is: [0,1680 ; 0,1700]
[23.11.2015 18:34:11] Dichotomy method has been started!
[23.11.2015 18:34:11] Counting: delta = eps / 10 = 0,0001
[23.11.2015 18:34:11] Step 1: counting alpha_1 = 0,1689, alpha_2 = 0,1691
[23.11.2015 18:34:11] Step 3: f(0,1689) = 5,9285 > f(0,1691) = 5,9281; a = alpha_1 = 0,1689.
[23.11.2015 18:34:11] Step 4: (b-a)/2 = 0,0005 < eps = 0,0010; STOP SEARCHING!
[23.11.2015 18:34:11] Iter 0: Answer is in the range: [0,1689; 0,1700]
[23.11.2015 18:34:11] Step 5: alpha_end = (a+b)/2; Minimum x* is: 0,1695
[23.11.2015 18:34:11] Step 9: New alpha 0,169464849710465
[23.11.2015 18:34:11] Step 10: New local search point DenseVector 2-Double
  0,11436
-0,488487

[23.11.2015 18:34:11] Step 11: Iteration end.
[23.11.2015 18:34:11] Step 2: ITERATION number 39
[23.11.2015 18:34:11] Step 5: Sk = DenseVector 2-Double
 0,000345197
-0,000982531

[23.11.2015 18:34:11] Step 6: Yk = DenseVector 2-Double
3,68245
1,98163

[23.11.2015 18:34:11] Step 7: Quasi-Newton matrix: 
DenseMatrix 2x2-Double
-0,0154937    0,028966
  0,028966  -0,0543231

[23.11.2015 18:34:11] Step 8: Search vector: DenseVector 2-Double
 0,00173695
-0,00494485

[23.11.2015 18:34:11] DSK method started!
[23.11.2015 18:34:11] Step 1: f(alpha)=5,9821, f(alpha + h)=6,0193; k=0;
[23.11.2015 18:34:11] Step 3: a=0,1685, b=0,1705; Go to step 6!
[23.11.2015 18:34:11] Step 6: Interval is: [0,1685 ; 0,1705]
[23.11.2015 18:34:11] Dichotomy method has been started!
[23.11.2015 18:34:11] Counting: delta = eps / 10 = 0,0001
[23.11.2015 18:34:11] Step 1: counting alpha_1 = 0,1694, alpha_2 = 0,1696
[23.11.2015 18:34:11] Step 3: f(0,1694) = 5,9805 <= f(0,1696) = 5,9841; b = alpha_2 = 0,1696.
[23.11.2015 18:34:11] Step 4: (b-a)/2 = 0,0005 < eps = 0,0010; STOP SEARCHING!
[23.11.2015 18:34:11] Iter 0: Answer is in the range: [0,1685; 0,1696]
[23.11.2015 18:34:11] Step 5: alpha_end = (a+b)/2; Minimum x* is: 0,1690
[23.11.2015 18:34:11] Step 9: New alpha 0,169014849710465
[23.11.2015 18:34:11] Step 10: New local search point DenseVector 2-Double
 0,114654
-0,489323

[23.11.2015 18:34:11] Step 11: Iteration end.
[23.11.2015 18:34:12] Step 2: ITERATION number 40
[23.11.2015 18:34:12] Step 5: Sk = DenseVector 2-Double
  0,00029357
-0,000835753

[23.11.2015 18:34:12] Step 6: Yk = DenseVector 2-Double
3,67495
1,97207

[23.11.2015 18:34:12] Step 7: Quasi-Newton matrix: 
DenseMatrix 2x2-Double
-0,0155937   0,0292076
 0,0292076  -0,0548519

[23.11.2015 18:34:12] Step 8: Search vector: DenseVector 2-Double
 0,00156991
-0,00438412

[23.11.2015 18:34:12] DSK method started!
[23.11.2015 18:34:12] Step 1: f(alpha)=6,0222, f(alpha + h)=6,0448; k=0;
[23.11.2015 18:34:12] Step 3: a=0,1680, b=0,1700; Go to step 6!
[23.11.2015 18:34:12] Step 6: Interval is: [0,1680 ; 0,1700]
[23.11.2015 18:34:12] Dichotomy method has been started!
[23.11.2015 18:34:12] Counting: delta = eps / 10 = 0,0001
[23.11.2015 18:34:12] Step 1: counting alpha_1 = 0,1689, alpha_2 = 0,1691
[23.11.2015 18:34:12] Step 3: f(0,1689) = 6,0220 <= f(0,1691) = 6,0228; b = alpha_2 = 0,1691.
[23.11.2015 18:34:12] Step 4: (b-a)/2 = 0,0005 < eps = 0,0010; STOP SEARCHING!
[23.11.2015 18:34:12] Iter 0: Answer is in the range: [0,1680; 0,1691]
[23.11.2015 18:34:12] Step 5: alpha_end = (a+b)/2; Minimum x* is: 0,1686
[23.11.2015 18:34:12] Step 9: New alpha 0,168564849710465
[23.11.2015 18:34:12] Step 10: New local search point DenseVector 2-Double
 0,114919
-0,490062

[23.11.2015 18:34:12] Step 11: Iteration end.
[23.11.2015 18:34:12] Step 2: ITERATION number 41
[23.11.2015 18:34:12] Step 5: Sk = DenseVector 2-Double
 0,000264631
-0,000739009

[23.11.2015 18:34:12] Step 6: Yk = DenseVector 2-Double
3,66649
1,96378

[23.11.2015 18:34:12] Step 7: Quasi-Newton matrix: 
DenseMatrix 2x2-Double
-0,0156796   0,0294095
 0,0294095  -0,0552857

[23.11.2015 18:34:12] Step 8: Search vector: DenseVector 2-Double
 0,00134018
-0,00374217

[23.11.2015 18:34:12] DSK method started!
[23.11.2015 18:34:12] Step 1: f(alpha)=6,0612, f(alpha + h)=6,0691; k=0;
[23.11.2015 18:34:12] Step 3: a=0,1676, b=0,1696; Go to step 6!
[23.11.2015 18:34:12] Step 6: Interval is: [0,1676 ; 0,1696]
[23.11.2015 18:34:12] Dichotomy method has been started!
[23.11.2015 18:34:12] Counting: delta = eps / 10 = 0,0001
[23.11.2015 18:34:12] Step 1: counting alpha_1 = 0,1685, alpha_2 = 0,1687
[23.11.2015 18:34:12] Step 3: f(0,1685) = 6,0625 > f(0,1687) = 6,0603; a = alpha_1 = 0,1685.
[23.11.2015 18:34:12] Step 4: (b-a)/2 = 0,0005 < eps = 0,0010; STOP SEARCHING!
[23.11.2015 18:34:12] Iter 0: Answer is in the range: [0,1685; 0,1696]
[23.11.2015 18:34:12] Step 5: alpha_end = (a+b)/2; Minimum x* is: 0,1690
[23.11.2015 18:34:12] Step 9: New alpha 0,169014849710465
[23.11.2015 18:34:12] Step 10: New local search point DenseVector 2-Double
 0,115145
-0,490695

[23.11.2015 18:34:12] Step 11: Iteration end.
[23.11.2015 18:34:12] Step 2: ITERATION number 42
[23.11.2015 18:34:12] Step 5: Sk = DenseVector 2-Double
  0,00022651
-0,000632483

[23.11.2015 18:34:12] Step 6: Yk = DenseVector 2-Double
3,67793
1,96594

[23.11.2015 18:34:12] Step 7: Quasi-Newton matrix: 
DenseMatrix 2x2-Double
-0,0157583   0,0295963
 0,0295963  -0,0556911

[23.11.2015 18:34:12] Step 8: Search vector: DenseVector 2-Double
 0,0011832
-0,0032679

[23.11.2015 18:34:12] DSK method started!
[23.11.2015 18:34:12] Step 1: f(alpha)=6,0934, f(alpha + h)=6,1204; k=0;
[23.11.2015 18:34:12] Step 3: a=0,1680, b=0,1700; Go to step 6!
[23.11.2015 18:34:12] Step 6: Interval is: [0,1680 ; 0,1700]
[23.11.2015 18:34:12] Dichotomy method has been started!
[23.11.2015 18:34:12] Counting: delta = eps / 10 = 0,0001
[23.11.2015 18:34:12] Step 1: counting alpha_1 = 0,1689, alpha_2 = 0,1691
[23.11.2015 18:34:12] Step 3: f(0,1689) = 6,0928 <= f(0,1691) = 6,0944; b = alpha_2 = 0,1691.
[23.11.2015 18:34:12] Step 4: (b-a)/2 = 0,0005 < eps = 0,0010; STOP SEARCHING!
[23.11.2015 18:34:12] Iter 0: Answer is in the range: [0,1680; 0,1691]
[23.11.2015 18:34:12] Step 5: alpha_end = (a+b)/2; Minimum x* is: 0,1686
[23.11.2015 18:34:12] Step 9: New alpha 0,168564849710465
[23.11.2015 18:34:12] Step 10: New local search point DenseVector 2-Double
 0,115345
-0,491245

[23.11.2015 18:34:12] Step 11: Iteration end.
[23.11.2015 18:34:12] Step 2: ITERATION number 43
[23.11.2015 18:34:12] Step 5: Sk = DenseVector 2-Double
 0,000199446
-0,000550854

[23.11.2015 18:34:12] Step 6: Yk = DenseVector 2-Double
3,66937
 1,9582

[23.11.2015 18:34:12] Step 7: Quasi-Newton matrix: 
DenseMatrix 2x2-Double
-0,0158298   0,0297646
 0,0297646  -0,0560557

[23.11.2015 18:34:12] Step 8: Search vector: DenseVector 2-Double
 0,00103679
-0,00283986

[23.11.2015 18:34:12] DSK method started!
[23.11.2015 18:34:12] Step 1: f(alpha)=6,1219, f(alpha + h)=6,1336; k=0;
[23.11.2015 18:34:12] Step 3: a=0,1676, b=0,1696; Go to step 6!
[23.11.2015 18:34:12] Step 6: Interval is: [0,1676 ; 0,1696]
[23.11.2015 18:34:12] Dichotomy method has been started!
[23.11.2015 18:34:12] Counting: delta = eps / 10 = 0,0001
[23.11.2015 18:34:12] Step 1: counting alpha_1 = 0,1685, alpha_2 = 0,1687
[23.11.2015 18:34:12] Step 3: f(0,1685) = 6,1228 > f(0,1687) = 6,1214; a = alpha_1 = 0,1685.
[23.11.2015 18:34:12] Step 4: (b-a)/2 = 0,0005 < eps = 0,0010; STOP SEARCHING!
[23.11.2015 18:34:12] Iter 0: Answer is in the range: [0,1685; 0,1696]
[23.11.2015 18:34:12] Step 5: alpha_end = (a+b)/2; Minimum x* is: 0,1690
[23.11.2015 18:34:12] Step 9: New alpha 0,169014849710465
[23.11.2015 18:34:12] Step 10: New local search point DenseVector 2-Double
  0,11552
-0,491725

[23.11.2015 18:34:12] Step 11: Iteration end.
[23.11.2015 18:34:12] Step 2: ITERATION number 44
[23.11.2015 18:34:12] Step 5: Sk = DenseVector 2-Double
 0,000175233
-0,000479979

[23.11.2015 18:34:12] Step 6: Yk = DenseVector 2-Double
3,68021
1,96134

