[11.11.2015 22:29:33] DFP method started
[11.11.2015 22:29:33] Input data. Start point (1,000;1,000), epsilon 0,01000
[11.11.2015 22:29:33] Step 1: K = 0
[11.11.2015 22:29:33] Step 2: ITERATION number 0
[11.11.2015 22:29:33] Step 4: K==0, go to step 8.
[11.11.2015 22:29:33] Step 8: Search vector: (0,000;0,000)
[11.11.2015 22:29:33] DSK method started!
[11.11.2015 22:29:33] Step 1: f(alpha)=105,9644, f(alpha + h)=69,2569; k=0;
[11.11.2015 22:29:33] Step 2: a=0,0000, alpha1=0,0100, k=2; Go to step 4!
[11.11.2015 22:29:33] Step 4: alphak=0,0200
[11.11.2015 22:29:33] Step 5: h > 0; a=alpha(k-1)=0,0100
[11.11.2015 22:29:33] k = k + 1 = 3; Go to step 4!
[11.11.2015 22:29:33] Step 4: alphak=0,0400
[11.11.2015 22:29:33] Step 5: h > 0; a=alpha(k-1)=0,0200
[11.11.2015 22:29:33] k = k + 1 = 4; Go to step 4!
[11.11.2015 22:29:33] Step 4: alphak=0,0800
[11.11.2015 22:29:33] Step 5: h > 0; b=alphak=0,0800
[11.11.2015 22:29:33] Step 6: Interval is: [0,0200 ; 0,0800]
[11.11.2015 22:29:33] Dichotomy method has been started!
[11.11.2015 22:29:33] Counting: delta = eps / 10 = 0,001
[11.11.2015 22:29:33] Step 1: counting alpha_1 = 0,0490, alpha_2 = 0,0510
[11.11.2015 22:29:33] Step 3: f(0,0490) = 25,8034 <= f(0,0510) = 34,6476; b = alpha_2 = 0,0510.
[11.11.2015 22:29:33] Iter 0: Answer is in the range: [0,0200; 0,0510]
[11.11.2015 22:29:33] Step 1: counting alpha_1 = 0,0345, alpha_2 = 0,0365
[11.11.2015 22:29:33] Step 3: f(0,0345) = 4,8395 > f(0,0365) = 3,9556; a = alpha_1 = 0,0345.
[11.11.2015 22:29:33] Step 4: (b-a)/2 = 0,0083 < eps = 0,0100; STOP SEARCHING!
[11.11.2015 22:29:33] Iter 1: Answer is in the range: [0,0345; 0,0510]
[11.11.2015 22:29:33] Step 5: alpha_end = (a+b)/2; Minimum x* is: 0,0428
[11.11.2015 22:29:33] Step 9: Quasi-Newton matrix: 

[11.11.2015 22:29:33] Step 10: New local search point (1,000;1,000)
[11.11.2015 22:29:33] Step 11: Iteration end.
[11.11.2015 22:29:33] Step 2: ITERATION number 1
[11.11.2015 22:29:33] Step 5: Sk = (0,000;0,000)
[11.11.2015 22:29:33] Step 6: Yk = (0,000;0,000)
[11.11.2015 22:29:33] Step 7: Quasi-Newton matrix: 

[11.11.2015 22:29:33] Step 8: Search vector: (0,000;0,000)
[11.11.2015 22:29:33] DSK method started!
[11.11.2015 22:29:33] Step 1: f(alpha)=8,3419, f(alpha + h)=43,8123; k=0;
[11.11.2015 22:29:33] Step 3: b=0,0428, alpha1=0,0528, h=-0,0100, k=2.
[11.11.2015 22:29:33] Step 4: alphak=0,0228
[11.11.2015 22:29:33] Step 5: h < 0; a=alphak0,0228
[11.11.2015 22:29:33] Step 6: Interval is: [0,0228 ; 0,0428]
[11.11.2015 22:29:33] Dichotomy method has been started!
[11.11.2015 22:29:33] Counting: delta = eps / 10 = 0,001
[11.11.2015 22:29:33] Step 1: counting alpha_1 = 0,0318, alpha_2 = 0,0338
[11.11.2015 22:29:33] Step 3: f(0,0318) = 7,6015 > f(0,0338) = 5,4235; a = alpha_1 = 0,0318.
[11.11.2015 22:29:33] Step 4: (b-a)/2 = 0,0055 < eps = 0,0100; STOP SEARCHING!
[11.11.2015 22:29:33] Iter 0: Answer is in the range: [0,0318; 0,0428]
[11.11.2015 22:29:33] Step 5: alpha_end = (a+b)/2; Minimum x* is: 0,0373
[11.11.2015 22:29:33] Step 9: Quasi-Newton matrix: 

[11.11.2015 22:29:33] Step 10: New local search point (1,000;1,000)
[11.11.2015 22:29:34] Step 11: Iteration end.
[11.11.2015 22:29:34] Step 2: ITERATION number 2
[11.11.2015 22:29:34] Step 5: Sk = (0,000;0,000)
[11.11.2015 22:29:34] Step 6: Yk = (0,000;0,000)
[11.11.2015 22:29:34] Step 7: Quasi-Newton matrix: 

[11.11.2015 22:29:34] Step 8: Search vector: (0,000;0,000)
[11.11.2015 22:29:34] DSK method started!
[11.11.2015 22:29:34] Step 1: f(alpha)=3,8886, f(alpha + h)=19,4186; k=0;
[11.11.2015 22:29:34] Step 3: a=0,0273, b=0,0473; Go to step 6!
[11.11.2015 22:29:34] Step 6: Interval is: [0,0273 ; 0,0473]
[11.11.2015 22:29:34] Dichotomy method has been started!
[11.11.2015 22:29:34] Counting: delta = eps / 10 = 0,001
[11.11.2015 22:29:34] Step 1: counting alpha_1 = 0,0363, alpha_2 = 0,0383
[11.11.2015 22:29:34] Step 3: f(0,0363) = 4,0109 <= f(0,0383) = 4,0358; b = alpha_2 = 0,0383.
[11.11.2015 22:29:34] Step 4: (b-a)/2 = 0,0055 < eps = 0,0100; STOP SEARCHING!
[11.11.2015 22:29:34] Iter 0: Answer is in the range: [0,0273; 0,0383]
[11.11.2015 22:29:34] Step 5: alpha_end = (a+b)/2; Minimum x* is: 0,0328
[11.11.2015 22:29:34] Step 9: Quasi-Newton matrix: 

[11.11.2015 22:29:34] Step 10: New local search point (1,000;1,000)
[11.11.2015 22:29:34] Step 11: Iteration end.
[11.11.2015 22:29:34] Step 2: ITERATION number 3
[11.11.2015 22:29:34] Step 5: Sk = (0,000;0,000)
[11.11.2015 22:29:34] Step 6: Yk = (0,000;0,000)
[11.11.2015 22:29:34] Step 7: Quasi-Newton matrix: 

[11.11.2015 22:29:34] Step 8: Search vector: (0,000;0,000)
[11.11.2015 22:29:34] DSK method started!
[11.11.2015 22:29:34] Step 1: f(alpha)=6,4017, f(alpha + h)=8,3432; k=0;
[11.11.2015 22:29:34] Step 3: a=0,0228, b=0,0428; Go to step 6!
[11.11.2015 22:29:34] Step 6: Interval is: [0,0228 ; 0,0428]
[11.11.2015 22:29:34] Dichotomy method has been started!
[11.11.2015 22:29:34] Counting: delta = eps / 10 = 0,001
[11.11.2015 22:29:34] Step 1: counting alpha_1 = 0,0318, alpha_2 = 0,0338
[11.11.2015 22:29:34] Step 3: f(0,0318) = 7,6008 > f(0,0338) = 5,4230; a = alpha_1 = 0,0318.
[11.11.2015 22:29:34] Step 4: (b-a)/2 = 0,0055 < eps = 0,0100; STOP SEARCHING!
[11.11.2015 22:29:34] Iter 0: Answer is in the range: [0,0318; 0,0428]
[11.11.2015 22:29:34] Step 5: alpha_end = (a+b)/2; Minimum x* is: 0,0373
[11.11.2015 22:29:34] Step 9: Quasi-Newton matrix: 

[11.11.2015 22:29:34] Step 10: New local search point (1,000;1,000)
[11.11.2015 22:29:34] Step 11: Iteration end.
[11.11.2015 22:29:34] Step 2: ITERATION number 4
[11.11.2015 22:29:34] Step 5: Sk = (0,000;0,000)
[11.11.2015 22:29:34] Step 6: Yk = (0,000;0,000)
[11.11.2015 22:29:34] Step 7: Quasi-Newton matrix: 

[11.11.2015 22:29:34] Step 8: Search vector: (0,000;0,000)
[11.11.2015 22:29:34] DSK method started!
[11.11.2015 22:29:34] Step 1: f(alpha)=3,8886, f(alpha + h)=19,4186; k=0;
[11.11.2015 22:29:34] Step 3: a=0,0273, b=0,0473; Go to step 6!
[11.11.2015 22:29:34] Step 6: Interval is: [0,0273 ; 0,0473]
[11.11.2015 22:29:34] Dichotomy method has been started!
[11.11.2015 22:29:34] Counting: delta = eps / 10 = 0,001
[11.11.2015 22:29:34] Step 1: counting alpha_1 = 0,0363, alpha_2 = 0,0383
[11.11.2015 22:29:34] Step 3: f(0,0363) = 4,0109 <= f(0,0383) = 4,0358; b = alpha_2 = 0,0383.
[11.11.2015 22:29:34] Step 4: (b-a)/2 = 0,0055 < eps = 0,0100; STOP SEARCHING!
[11.11.2015 22:29:34] Iter 0: Answer is in the range: [0,0273; 0,0383]
[11.11.2015 22:29:34] Step 5: alpha_end = (a+b)/2; Minimum x* is: 0,0328
[11.11.2015 22:29:34] Step 9: Quasi-Newton matrix: 

[11.11.2015 22:29:34] Step 10: New local search point (1,000;1,000)
[11.11.2015 22:29:34] Step 11: Iteration end.
[11.11.2015 22:29:34] Step 2: ITERATION number 5
[11.11.2015 22:29:34] Step 5: Sk = (0,000;0,000)
[11.11.2015 22:29:34] Step 6: Yk = (0,000;0,000)
[11.11.2015 22:29:34] Step 7: Quasi-Newton matrix: 

[11.11.2015 22:29:34] Step 8: Search vector: (0,000;0,000)
[11.11.2015 22:29:34] DSK method started!
[11.11.2015 22:29:34] Step 1: f(alpha)=6,4017, f(alpha + h)=8,3432; k=0;
[11.11.2015 22:29:34] Step 3: a=0,0228, b=0,0428; Go to step 6!
[11.11.2015 22:29:34] Step 6: Interval is: [0,0228 ; 0,0428]
[11.11.2015 22:29:34] Dichotomy method has been started!
[11.11.2015 22:29:34] Counting: delta = eps / 10 = 0,001
[11.11.2015 22:29:34] Step 1: counting alpha_1 = 0,0318, alpha_2 = 0,0338
[11.11.2015 22:29:34] Step 3: f(0,0318) = 7,6008 > f(0,0338) = 5,4230; a = alpha_1 = 0,0318.
[11.11.2015 22:29:34] Step 4: (b-a)/2 = 0,0055 < eps = 0,0100; STOP SEARCHING!
[11.11.2015 22:29:34] Iter 0: Answer is in the range: [0,0318; 0,0428]
[11.11.2015 22:29:34] Step 5: alpha_end = (a+b)/2; Minimum x* is: 0,0373
[11.11.2015 22:29:34] Step 9: Quasi-Newton matrix: 

[11.11.2015 22:29:34] Step 10: New local search point (1,000;1,000)
[11.11.2015 22:29:34] Step 11: Iteration end.
[11.11.2015 22:29:34] Step 2: ITERATION number 6
[11.11.2015 22:29:34] Step 5: Sk = (0,000;0,000)
[11.11.2015 22:29:34] Step 6: Yk = (0,000;0,000)
[11.11.2015 22:29:34] Step 7: Quasi-Newton matrix: 

[11.11.2015 22:29:34] Step 8: Search vector: (0,000;0,000)
[11.11.2015 22:29:34] DSK method started!
[11.11.2015 22:29:34] Step 1: f(alpha)=3,8886, f(alpha + h)=19,4186; k=0;
[11.11.2015 22:29:34] Step 3: a=0,0273, b=0,0473; Go to step 6!
[11.11.2015 22:29:34] Step 6: Interval is: [0,0273 ; 0,0473]
[11.11.2015 22:29:34] Dichotomy method has been started!
[11.11.2015 22:29:34] Counting: delta = eps / 10 = 0,001
[11.11.2015 22:29:34] Step 1: counting alpha_1 = 0,0363, alpha_2 = 0,0383
[11.11.2015 22:29:34] Step 3: f(0,0363) = 4,0109 <= f(0,0383) = 4,0358; b = alpha_2 = 0,0383.
[11.11.2015 22:29:34] Step 4: (b-a)/2 = 0,0055 < eps = 0,0100; STOP SEARCHING!
[11.11.2015 22:29:34] Iter 0: Answer is in the range: [0,0273; 0,0383]
[11.11.2015 22:29:34] Step 5: alpha_end = (a+b)/2; Minimum x* is: 0,0328
[11.11.2015 22:29:34] Step 9: Quasi-Newton matrix: 

[11.11.2015 22:29:34] Step 10: New local search point (1,000;1,000)
[11.11.2015 22:29:34] Step 11: Iteration end.
[11.11.2015 22:29:34] Step 2: ITERATION number 7
[11.11.2015 22:29:34] Step 5: Sk = (0,000;0,000)
[11.11.2015 22:29:34] Step 6: Yk = (0,000;0,000)
[11.11.2015 22:29:34] Step 7: Quasi-Newton matrix: 

[11.11.2015 22:29:34] Step 8: Search vector: (0,000;0,000)
[11.11.2015 22:29:34] DSK method started!
[11.11.2015 22:29:34] Step 1: f(alpha)=6,4017, f(alpha + h)=8,3432; k=0;
[11.11.2015 22:29:34] Step 3: a=0,0228, b=0,0428; Go to step 6!
[11.11.2015 22:29:34] Step 6: Interval is: [0,0228 ; 0,0428]
[11.11.2015 22:29:34] Dichotomy method has been started!
[11.11.2015 22:29:34] Counting: delta = eps / 10 = 0,001
[11.11.2015 22:29:34] Step 1: counting alpha_1 = 0,0318, alpha_2 = 0,0338
[11.11.2015 22:29:34] Step 3: f(0,0318) = 7,6008 > f(0,0338) = 5,4230; a = alpha_1 = 0,0318.
[11.11.2015 22:29:34] Step 4: (b-a)/2 = 0,0055 < eps = 0,0100; STOP SEARCHING!
[11.11.2015 22:29:34] Iter 0: Answer is in the range: [0,0318; 0,0428]
[11.11.2015 22:29:34] Step 5: alpha_end = (a+b)/2; Minimum x* is: 0,0373
[11.11.2015 22:29:34] Step 9: Quasi-Newton matrix: 

[11.11.2015 22:29:34] Step 10: New local search point (1,000;1,000)
[11.11.2015 22:29:34] Step 11: Iteration end.
[11.11.2015 22:29:34] Step 2: ITERATION number 8
[11.11.2015 22:29:34] Step 5: Sk = (0,000;0,000)
[11.11.2015 22:29:34] Step 6: Yk = (0,000;0,000)
[11.11.2015 22:29:34] Step 7: Quasi-Newton matrix: 

[11.11.2015 22:29:34] Step 8: Search vector: (0,000;0,000)
[11.11.2015 22:29:34] DSK method started!
[11.11.2015 22:29:34] Step 1: f(alpha)=3,8886, f(alpha + h)=19,4186; k=0;
[11.11.2015 22:29:34] Step 3: a=0,0273, b=0,0473; Go to step 6!
[11.11.2015 22:29:34] Step 6: Interval is: [0,0273 ; 0,0473]
[11.11.2015 22:29:34] Dichotomy method has been started!
[11.11.2015 22:29:34] Counting: delta = eps / 10 = 0,001
[11.11.2015 22:29:34] Step 1: counting alpha_1 = 0,0363, alpha_2 = 0,0383
[11.11.2015 22:29:34] Step 3: f(0,0363) = 4,0109 <= f(0,0383) = 4,0358; b = alpha_2 = 0,0383.
[11.11.2015 22:29:34] Step 4: (b-a)/2 = 0,0055 < eps = 0,0100; STOP SEARCHING!
[11.11.2015 22:29:34] Iter 0: Answer is in the range: [0,0273; 0,0383]
[11.11.2015 22:29:34] Step 5: alpha_end = (a+b)/2; Minimum x* is: 0,0328
[11.11.2015 22:29:34] Step 9: Quasi-Newton matrix: 

[11.11.2015 22:29:34] Step 10: New local search point (1,000;1,000)
[11.11.2015 22:29:34] Step 11: Iteration end.
[11.11.2015 22:29:34] Step 2: ITERATION number 9
[11.11.2015 22:29:34] Step 5: Sk = (0,000;0,000)
[11.11.2015 22:29:34] Step 6: Yk = (0,000;0,000)
[11.11.2015 22:29:34] Step 7: Quasi-Newton matrix: 

[11.11.2015 22:29:34] Step 8: Search vector: (0,000;0,000)
[11.11.2015 22:29:34] DSK method started!
[11.11.2015 22:29:34] Step 1: f(alpha)=6,4017, f(alpha + h)=8,3432; k=0;
[11.11.2015 22:29:34] Step 3: a=0,0228, b=0,0428; Go to step 6!
[11.11.2015 22:29:34] Step 6: Interval is: [0,0228 ; 0,0428]
[11.11.2015 22:29:34] Dichotomy method has been started!
[11.11.2015 22:29:34] Counting: delta = eps / 10 = 0,001
[11.11.2015 22:29:34] Step 1: counting alpha_1 = 0,0318, alpha_2 = 0,0338
[11.11.2015 22:29:34] Step 3: f(0,0318) = 7,6008 > f(0,0338) = 5,4230; a = alpha_1 = 0,0318.
[11.11.2015 22:29:34] Step 4: (b-a)/2 = 0,0055 < eps = 0,0100; STOP SEARCHING!
[11.11.2015 22:29:34] Iter 0: Answer is in the range: [0,0318; 0,0428]
[11.11.2015 22:29:34] Step 5: alpha_end = (a+b)/2; Minimum x* is: 0,0373
[11.11.2015 22:29:34] Step 9: Quasi-Newton matrix: 

[11.11.2015 22:29:34] Step 10: New local search point (1,000;1,000)
[11.11.2015 22:29:34] Step 11: Iteration end.
[11.11.2015 22:29:34] Step 2: ITERATION number 10
[11.11.2015 22:29:34] Step 5: Sk = (0,000;0,000)
[11.11.2015 22:29:34] Step 6: Yk = (0,000;0,000)
[11.11.2015 22:29:34] Step 7: Quasi-Newton matrix: 

[11.11.2015 22:29:34] Step 8: Search vector: (0,000;0,000)
[11.11.2015 22:29:35] DSK method started!
[11.11.2015 22:29:35] Step 1: f(alpha)=3,8886, f(alpha + h)=19,4186; k=0;
[11.11.2015 22:29:35] Step 3: a=0,0273, b=0,0473; Go to step 6!
[11.11.2015 22:29:35] Step 6: Interval is: [0,0273 ; 0,0473]
[11.11.2015 22:29:35] Dichotomy method has been started!
[11.11.2015 22:29:35] Counting: delta = eps / 10 = 0,001
[11.11.2015 22:29:35] Step 1: counting alpha_1 = 0,0363, alpha_2 = 0,0383
[11.11.2015 22:29:35] Step 3: f(0,0363) = 4,0109 <= f(0,0383) = 4,0358; b = alpha_2 = 0,0383.
[11.11.2015 22:29:35] Step 4: (b-a)/2 = 0,0055 < eps = 0,0100; STOP SEARCHING!
[11.11.2015 22:29:35] Iter 0: Answer is in the range: [0,0273; 0,0383]
[11.11.2015 22:29:35] Step 5: alpha_end = (a+b)/2; Minimum x* is: 0,0328
[11.11.2015 22:29:35] Step 9: Quasi-Newton matrix: 

[11.11.2015 22:29:35] Step 10: New local search point (1,000;1,000)
[11.11.2015 22:29:35] Step 11: Iteration end.
[11.11.2015 22:29:35] Step 2: ITERATION number 11
[11.11.2015 22:29:35] Step 5: Sk = (0,000;0,000)
[11.11.2015 22:29:35] Step 6: Yk = (0,000;0,000)
[11.11.2015 22:29:35] Step 7: Quasi-Newton matrix: 

[11.11.2015 22:29:35] Step 8: Search vector: (0,000;0,000)
[11.11.2015 22:29:35] DSK method started!
[11.11.2015 22:29:35] Step 1: f(alpha)=6,4017, f(alpha + h)=8,3432; k=0;
[11.11.2015 22:29:35] Step 3: a=0,0228, b=0,0428; Go to step 6!
[11.11.2015 22:29:35] Step 6: Interval is: [0,0228 ; 0,0428]
[11.11.2015 22:29:35] Dichotomy method has been started!
[11.11.2015 22:29:35] Counting: delta = eps / 10 = 0,001
[11.11.2015 22:29:35] Step 1: counting alpha_1 = 0,0318, alpha_2 = 0,0338
[11.11.2015 22:29:35] Step 3: f(0,0318) = 7,6008 > f(0,0338) = 5,4230; a = alpha_1 = 0,0318.
[11.11.2015 22:29:35] Step 4: (b-a)/2 = 0,0055 < eps = 0,0100; STOP SEARCHING!
[11.11.2015 22:29:35] Iter 0: Answer is in the range: [0,0318; 0,0428]
[11.11.2015 22:29:35] Step 5: alpha_end = (a+b)/2; Minimum x* is: 0,0373
[11.11.2015 22:29:35] Step 9: Quasi-Newton matrix: 

[11.11.2015 22:29:35] Step 10: New local search point (1,000;1,000)
[11.11.2015 22:29:35] Step 11: Iteration end.
[11.11.2015 22:29:35] Step 2: ITERATION number 12
[11.11.2015 22:29:35] Step 5: Sk = (0,000;0,000)
[11.11.2015 22:29:35] Step 6: Yk = (0,000;0,000)
[11.11.2015 22:29:35] Step 7: Quasi-Newton matrix: 

[11.11.2015 22:29:35] Step 8: Search vector: (0,000;0,000)
[11.11.2015 22:29:35] DSK method started!
[11.11.2015 22:29:35] Step 1: f(alpha)=3,8886, f(alpha + h)=19,4186; k=0;
[11.11.2015 22:29:35] Step 3: a=0,0273, b=0,0473; Go to step 6!
[11.11.2015 22:29:35] Step 6: Interval is: [0,0273 ; 0,0473]
[11.11.2015 22:29:35] Dichotomy method has been started!
[11.11.2015 22:29:35] Counting: delta = eps / 10 = 0,001
[11.11.2015 22:29:35] Step 1: counting alpha_1 = 0,0363, alpha_2 = 0,0383
[11.11.2015 22:29:35] Step 3: f(0,0363) = 4,0109 <= f(0,0383) = 4,0358; b = alpha_2 = 0,0383.
[11.11.2015 22:29:35] Step 4: (b-a)/2 = 0,0055 < eps = 0,0100; STOP SEARCHING!
[11.11.2015 22:29:35] Iter 0: Answer is in the range: [0,0273; 0,0383]
[11.11.2015 22:29:35] Step 5: alpha_end = (a+b)/2; Minimum x* is: 0,0328
[11.11.2015 22:29:35] Step 9: Quasi-Newton matrix: 

[11.11.2015 22:29:35] Step 10: New local search point (1,000;1,000)
[11.11.2015 22:29:35] Step 11: Iteration end.
[11.11.2015 22:29:35] Step 2: ITERATION number 13
[11.11.2015 22:29:35] Step 5: Sk = (0,000;0,000)
[11.11.2015 22:29:35] Step 6: Yk = (0,000;0,000)
[11.11.2015 22:29:35] Step 7: Quasi-Newton matrix: 

[11.11.2015 22:29:35] Step 8: Search vector: (0,000;0,000)
[11.11.2015 22:29:35] DSK method started!
[11.11.2015 22:29:35] Step 1: f(alpha)=6,4017, f(alpha + h)=8,3432; k=0;
[11.11.2015 22:29:35] Step 3: a=0,0228, b=0,0428; Go to step 6!
[11.11.2015 22:29:35] Step 6: Interval is: [0,0228 ; 0,0428]
[11.11.2015 22:29:35] Dichotomy method has been started!
[11.11.2015 22:29:35] Counting: delta = eps / 10 = 0,001
[11.11.2015 22:29:35] Step 1: counting alpha_1 = 0,0318, alpha_2 = 0,0338
[11.11.2015 22:29:35] Step 3: f(0,0318) = 7,6008 > f(0,0338) = 5,4230; a = alpha_1 = 0,0318.
[11.11.2015 22:29:35] Step 4: (b-a)/2 = 0,0055 < eps = 0,0100; STOP SEARCHING!
[11.11.2015 22:29:35] Iter 0: Answer is in the range: [0,0318; 0,0428]
[11.11.2015 22:29:35] Step 5: alpha_end = (a+b)/2; Minimum x* is: 0,0373
[11.11.2015 22:29:35] Step 9: Quasi-Newton matrix: 

[11.11.2015 22:29:35] Step 10: New local search point (1,000;1,000)
[11.11.2015 22:29:35] Step 11: Iteration end.
[11.11.2015 22:29:35] Step 2: ITERATION number 14
[11.11.2015 22:29:35] Step 5: Sk = (0,000;0,000)
[11.11.2015 22:29:35] Step 6: Yk = (0,000;0,000)
[11.11.2015 22:29:35] Step 7: Quasi-Newton matrix: 

[11.11.2015 22:29:35] Step 8: Search vector: (0,000;0,000)
[11.11.2015 22:29:35] DSK method started!
[11.11.2015 22:29:35] Step 1: f(alpha)=3,8886, f(alpha + h)=19,4186; k=0;
[11.11.2015 22:29:35] Step 3: a=0,0273, b=0,0473; Go to step 6!
[11.11.2015 22:29:35] Step 6: Interval is: [0,0273 ; 0,0473]
[11.11.2015 22:29:35] Dichotomy method has been started!
[11.11.2015 22:29:35] Counting: delta = eps / 10 = 0,001
[11.11.2015 22:29:35] Step 1: counting alpha_1 = 0,0363, alpha_2 = 0,0383
[11.11.2015 22:29:35] Step 3: f(0,0363) = 4,0109 <= f(0,0383) = 4,0358; b = alpha_2 = 0,0383.
[11.11.2015 22:29:35] Step 4: (b-a)/2 = 0,0055 < eps = 0,0100; STOP SEARCHING!
[11.11.2015 22:29:35] Iter 0: Answer is in the range: [0,0273; 0,0383]
[11.11.2015 22:29:35] Step 5: alpha_end = (a+b)/2; Minimum x* is: 0,0328
[11.11.2015 22:29:35] Step 9: Quasi-Newton matrix: 

[11.11.2015 22:29:35] Step 10: New local search point (1,000;1,000)
[11.11.2015 22:29:35] Step 11: Iteration end.
[11.11.2015 22:29:35] Step 2: ITERATION number 15
[11.11.2015 22:29:35] Step 5: Sk = (0,000;0,000)
[11.11.2015 22:29:35] Step 6: Yk = (0,000;0,000)
[11.11.2015 22:29:35] Step 7: Quasi-Newton matrix: 

[11.11.2015 22:29:35] Step 8: Search vector: (0,000;0,000)
[11.11.2015 22:29:35] DSK method started!
[11.11.2015 22:29:35] Step 1: f(alpha)=6,4017, f(alpha + h)=8,3432; k=0;
[11.11.2015 22:29:35] Step 3: a=0,0228, b=0,0428; Go to step 6!
[11.11.2015 22:29:35] Step 6: Interval is: [0,0228 ; 0,0428]
[11.11.2015 22:29:35] Dichotomy method has been started!
[11.11.2015 22:29:35] Counting: delta = eps / 10 = 0,001
[11.11.2015 22:29:35] Step 1: counting alpha_1 = 0,0318, alpha_2 = 0,0338
[11.11.2015 22:29:35] Step 3: f(0,0318) = 7,6008 > f(0,0338) = 5,4230; a = alpha_1 = 0,0318.
[11.11.2015 22:29:35] Step 4: (b-a)/2 = 0,0055 < eps = 0,0100; STOP SEARCHING!
[11.11.2015 22:29:35] Iter 0: Answer is in the range: [0,0318; 0,0428]
[11.11.2015 22:29:35] Step 5: alpha_end = (a+b)/2; Minimum x* is: 0,0373
[11.11.2015 22:29:35] Step 9: Quasi-Newton matrix: 

[11.11.2015 22:29:35] Step 10: New local search point (1,000;1,000)
[11.11.2015 22:29:35] Step 11: Iteration end.
[11.11.2015 22:29:35] Step 2: ITERATION number 16
[11.11.2015 22:29:35] Step 5: Sk = (0,000;0,000)
[11.11.2015 22:29:35] Step 6: Yk = (0,000;0,000)
[11.11.2015 22:29:35] Step 7: Quasi-Newton matrix: 

[11.11.2015 22:29:35] Step 8: Search vector: (0,000;0,000)
[11.11.2015 22:29:35] DSK method started!
[11.11.2015 22:29:35] Step 1: f(alpha)=3,8886, f(alpha + h)=19,4186; k=0;
[11.11.2015 22:29:35] Step 3: a=0,0273, b=0,0473; Go to step 6!
[11.11.2015 22:29:35] Step 6: Interval is: [0,0273 ; 0,0473]
[11.11.2015 22:29:35] Dichotomy method has been started!
[11.11.2015 22:29:35] Counting: delta = eps / 10 = 0,001
[11.11.2015 22:29:35] Step 1: counting alpha_1 = 0,0363, alpha_2 = 0,0383
[11.11.2015 22:29:35] Step 3: f(0,0363) = 4,0109 <= f(0,0383) = 4,0358; b = alpha_2 = 0,0383.
[11.11.2015 22:29:35] Step 4: (b-a)/2 = 0,0055 < eps = 0,0100; STOP SEARCHING!
[11.11.2015 22:29:35] Iter 0: Answer is in the range: [0,0273; 0,0383]
[11.11.2015 22:29:35] Step 5: alpha_end = (a+b)/2; Minimum x* is: 0,0328
[11.11.2015 22:29:35] Step 9: Quasi-Newton matrix: 

[11.11.2015 22:29:35] Step 10: New local search point (1,000;1,000)
[11.11.2015 22:29:35] Step 11: Iteration end.
[11.11.2015 22:29:35] Step 2: ITERATION number 17
[11.11.2015 22:29:35] Step 5: Sk = (0,000;0,000)
[11.11.2015 22:29:35] Step 6: Yk = (0,000;0,000)
[11.11.2015 22:29:35] Step 7: Quasi-Newton matrix: 

[11.11.2015 22:29:35] Step 8: Search vector: (0,000;0,000)
[11.11.2015 22:29:35] DSK method started!
[11.11.2015 22:29:35] Step 1: f(alpha)=6,4017, f(alpha + h)=8,3432; k=0;
[11.11.2015 22:29:35] Step 3: a=0,0228, b=0,0428; Go to step 6!
[11.11.2015 22:29:35] Step 6: Interval is: [0,0228 ; 0,0428]
[11.11.2015 22:29:35] Dichotomy method has been started!
[11.11.2015 22:29:36] Counting: delta = eps / 10 = 0,001
[11.11.2015 22:29:36] Step 1: counting alpha_1 = 0,0318, alpha_2 = 0,0338
[11.11.2015 22:29:36] Step 3: f(0,0318) = 7,6008 > f(0,0338) = 5,4230; a = alpha_1 = 0,0318.
[11.11.2015 22:29:36] Step 4: (b-a)/2 = 0,0055 < eps = 0,0100; STOP SEARCHING!
[11.11.2015 22:29:36] Iter 0: Answer is in the range: [0,0318; 0,0428]
[11.11.2015 22:29:36] Step 5: alpha_end = (a+b)/2; Minimum x* is: 0,0373
[11.11.2015 22:29:36] Step 9: Quasi-Newton matrix: 

[11.11.2015 22:29:36] Step 10: New local search point (1,000;1,000)
[11.11.2015 22:29:36] Step 11: Iteration end.
[11.11.2015 22:29:36] Step 2: ITERATION number 18
[11.11.2015 22:29:36] Step 5: Sk = (0,000;0,000)
[11.11.2015 22:29:36] Step 6: Yk = (0,000;0,000)
[11.11.2015 22:29:36] Step 7: Quasi-Newton matrix: 

[11.11.2015 22:29:36] Step 8: Search vector: (0,000;0,000)
[11.11.2015 22:29:36] DSK method started!
[11.11.2015 22:29:36] Step 1: f(alpha)=3,8886, f(alpha + h)=19,4186; k=0;
[11.11.2015 22:29:36] Step 3: a=0,0273, b=0,0473; Go to step 6!
[11.11.2015 22:29:36] Step 6: Interval is: [0,0273 ; 0,0473]
[11.11.2015 22:29:36] Dichotomy method has been started!
[11.11.2015 22:29:36] Counting: delta = eps / 10 = 0,001
[11.11.2015 22:29:36] Step 1: counting alpha_1 = 0,0363, alpha_2 = 0,0383
[11.11.2015 22:29:36] Step 3: f(0,0363) = 4,0109 <= f(0,0383) = 4,0358; b = alpha_2 = 0,0383.
[11.11.2015 22:29:36] Step 4: (b-a)/2 = 0,0055 < eps = 0,0100; STOP SEARCHING!
[11.11.2015 22:29:36] Iter 0: Answer is in the range: [0,0273; 0,0383]
[11.11.2015 22:29:36] Step 5: alpha_end = (a+b)/2; Minimum x* is: 0,0328
[11.11.2015 22:29:36] Step 9: Quasi-Newton matrix: 

[11.11.2015 22:29:36] Step 10: New local search point (1,000;1,000)
[11.11.2015 22:29:36] Step 11: Iteration end.
[11.11.2015 22:29:36] Step 2: ITERATION number 19
[11.11.2015 22:29:36] Step 5: Sk = (0,000;0,000)
[11.11.2015 22:29:36] Step 6: Yk = (0,000;0,000)
[11.11.2015 22:29:36] Step 7: Quasi-Newton matrix: 

[11.11.2015 22:29:36] Step 8: Search vector: (0,000;0,000)
[11.11.2015 22:29:36] DSK method started!
[11.11.2015 22:29:36] Step 1: f(alpha)=6,4017, f(alpha + h)=8,3432; k=0;
[11.11.2015 22:29:36] Step 3: a=0,0228, b=0,0428; Go to step 6!
[11.11.2015 22:29:36] Step 6: Interval is: [0,0228 ; 0,0428]
[11.11.2015 22:29:36] Dichotomy method has been started!
[11.11.2015 22:29:36] Counting: delta = eps / 10 = 0,001
[11.11.2015 22:29:36] Step 1: counting alpha_1 = 0,0318, alpha_2 = 0,0338
[11.11.2015 22:29:36] Step 3: f(0,0318) = 7,6008 > f(0,0338) = 5,4230; a = alpha_1 = 0,0318.
[11.11.2015 22:29:36] Step 4: (b-a)/2 = 0,0055 < eps = 0,0100; STOP SEARCHING!
[11.11.2015 22:29:36] Iter 0: Answer is in the range: [0,0318; 0,0428]
[11.11.2015 22:29:36] Step 5: alpha_end = (a+b)/2; Minimum x* is: 0,0373
[11.11.2015 22:29:36] Step 9: Quasi-Newton matrix: 

[11.11.2015 22:29:36] Step 10: New local search point (1,000;1,000)
[11.11.2015 22:29:36] Step 11: Iteration end.
[11.11.2015 22:29:36] Step 2: ITERATION number 20
[11.11.2015 22:29:36] Step 5: Sk = (0,000;0,000)
[11.11.2015 22:29:36] Step 6: Yk = (0,000;0,000)
[11.11.2015 22:29:36] Step 7: Quasi-Newton matrix: 

[11.11.2015 22:29:36] Step 8: Search vector: (0,000;0,000)
[11.11.2015 22:29:36] DSK method started!
[11.11.2015 22:29:36] Step 1: f(alpha)=3,8886, f(alpha + h)=19,4186; k=0;
[11.11.2015 22:29:36] Step 3: a=0,0273, b=0,0473; Go to step 6!
[11.11.2015 22:29:36] Step 6: Interval is: [0,0273 ; 0,0473]
[11.11.2015 22:29:36] Dichotomy method has been started!
[11.11.2015 22:29:36] Counting: delta = eps / 10 = 0,001
[11.11.2015 22:29:36] Step 1: counting alpha_1 = 0,0363, alpha_2 = 0,0383
[11.11.2015 22:29:36] Step 3: f(0,0363) = 4,0109 <= f(0,0383) = 4,0358; b = alpha_2 = 0,0383.
[11.11.2015 22:29:36] Step 4: (b-a)/2 = 0,0055 < eps = 0,0100; STOP SEARCHING!
[11.11.2015 22:29:36] Iter 0: Answer is in the range: [0,0273; 0,0383]
[11.11.2015 22:29:36] Step 5: alpha_end = (a+b)/2; Minimum x* is: 0,0328
[11.11.2015 22:29:36] Step 9: Quasi-Newton matrix: 

[11.11.2015 22:29:36] Step 10: New local search point (1,000;1,000)
[11.11.2015 22:29:36] Step 11: Iteration end.
[11.11.2015 22:29:36] Step 2: ITERATION number 21
[11.11.2015 22:29:36] Step 5: Sk = (0,000;0,000)
[11.11.2015 22:29:36] Step 6: Yk = (0,000;0,000)
[11.11.2015 22:29:36] Step 7: Quasi-Newton matrix: 

[11.11.2015 22:29:36] Step 8: Search vector: (0,000;0,000)
[11.11.2015 22:29:36] DSK method started!
[11.11.2015 22:29:36] Step 1: f(alpha)=6,4017, f(alpha + h)=8,3432; k=0;
[11.11.2015 22:29:36] Step 3: a=0,0228, b=0,0428; Go to step 6!
[11.11.2015 22:29:36] Step 6: Interval is: [0,0228 ; 0,0428]
[11.11.2015 22:29:36] Dichotomy method has been started!
[11.11.2015 22:29:36] Counting: delta = eps / 10 = 0,001
[11.11.2015 22:29:36] Step 1: counting alpha_1 = 0,0318, alpha_2 = 0,0338
[11.11.2015 22:29:36] Step 3: f(0,0318) = 7,6008 > f(0,0338) = 5,4230; a = alpha_1 = 0,0318.
[11.11.2015 22:29:36] Step 4: (b-a)/2 = 0,0055 < eps = 0,0100; STOP SEARCHING!
[11.11.2015 22:29:36] Iter 0: Answer is in the range: [0,0318; 0,0428]
[11.11.2015 22:29:36] Step 5: alpha_end = (a+b)/2; Minimum x* is: 0,0373
[11.11.2015 22:29:36] Step 9: Quasi-Newton matrix: 

[11.11.2015 22:29:36] Step 10: New local search point (1,000;1,000)
[11.11.2015 22:29:36] Step 11: Iteration end.
[11.11.2015 22:29:36] Step 2: ITERATION number 22
[11.11.2015 22:29:36] Step 5: Sk = (0,000;0,000)
[11.11.2015 22:29:36] Step 6: Yk = (0,000;0,000)
[11.11.2015 22:29:36] Step 7: Quasi-Newton matrix: 

[11.11.2015 22:29:36] Step 8: Search vector: (0,000;0,000)
[11.11.2015 22:29:36] DSK method started!
[11.11.2015 22:29:36] Step 1: f(alpha)=3,8886, f(alpha + h)=19,4186; k=0;
[11.11.2015 22:29:36] Step 3: a=0,0273, b=0,0473; Go to step 6!
[11.11.2015 22:29:36] Step 6: Interval is: [0,0273 ; 0,0473]
[11.11.2015 22:29:36] Dichotomy method has been started!
[11.11.2015 22:29:36] Counting: delta = eps / 10 = 0,001
[11.11.2015 22:29:36] Step 1: counting alpha_1 = 0,0363, alpha_2 = 0,0383
[11.11.2015 22:29:36] Step 3: f(0,0363) = 4,0109 <= f(0,0383) = 4,0358; b = alpha_2 = 0,0383.
[11.11.2015 22:29:36] Step 4: (b-a)/2 = 0,0055 < eps = 0,0100; STOP SEARCHING!
[11.11.2015 22:29:36] Iter 0: Answer is in the range: [0,0273; 0,0383]
[11.11.2015 22:29:36] Step 5: alpha_end = (a+b)/2; Minimum x* is: 0,0328
[11.11.2015 22:29:36] Step 9: Quasi-Newton matrix: 

[11.11.2015 22:29:36] Step 10: New local search point (1,000;1,000)
[11.11.2015 22:29:36] Step 11: Iteration end.
[11.11.2015 22:29:36] Step 2: ITERATION number 23
[11.11.2015 22:29:36] Step 5: Sk = (0,000;0,000)
[11.11.2015 22:29:36] Step 6: Yk = (0,000;0,000)
[11.11.2015 22:29:36] Step 7: Quasi-Newton matrix: 

[11.11.2015 22:29:36] Step 8: Search vector: (0,000;0,000)
[11.11.2015 22:29:36] DSK method started!
[11.11.2015 22:29:36] Step 1: f(alpha)=6,4017, f(alpha + h)=8,3432; k=0;
[11.11.2015 22:29:36] Step 3: a=0,0228, b=0,0428; Go to step 6!
[11.11.2015 22:29:36] Step 6: Interval is: [0,0228 ; 0,0428]
[11.11.2015 22:29:36] Dichotomy method has been started!
[11.11.2015 22:29:36] Counting: delta = eps / 10 = 0,001
[11.11.2015 22:29:36] Step 1: counting alpha_1 = 0,0318, alpha_2 = 0,0338
[11.11.2015 22:29:36] Step 3: f(0,0318) = 7,6008 > f(0,0338) = 5,4230; a = alpha_1 = 0,0318.
[11.11.2015 22:29:36] Step 4: (b-a)/2 = 0,0055 < eps = 0,0100; STOP SEARCHING!
[11.11.2015 22:29:36] Iter 0: Answer is in the range: [0,0318; 0,0428]
[11.11.2015 22:29:36] Step 5: alpha_end = (a+b)/2; Minimum x* is: 0,0373
[11.11.2015 22:29:36] Step 9: Quasi-Newton matrix: 

[11.11.2015 22:29:36] Step 10: New local search point (1,000;1,000)
[11.11.2015 22:29:36] Step 11: Iteration end.
[11.11.2015 22:29:36] Step 2: ITERATION number 24
[11.11.2015 22:29:36] Step 5: Sk = (0,000;0,000)
[11.11.2015 22:29:36] Step 6: Yk = (0,000;0,000)
[11.11.2015 22:29:36] Step 7: Quasi-Newton matrix: 

[11.11.2015 22:29:36] Step 8: Search vector: (0,000;0,000)
[11.11.2015 22:29:36] DSK method started!
[11.11.2015 22:29:36] Step 1: f(alpha)=3,8886, f(alpha + h)=19,4186; k=0;
[11.11.2015 22:29:36] Step 3: a=0,0273, b=0,0473; Go to step 6!
[11.11.2015 22:29:36] Step 6: Interval is: [0,0273 ; 0,0473]
[11.11.2015 22:29:36] Dichotomy method has been started!
[11.11.2015 22:29:36] Counting: delta = eps / 10 = 0,001
[11.11.2015 22:29:37] Step 1: counting alpha_1 = 0,0363, alpha_2 = 0,0383
[11.11.2015 22:29:37] Step 3: f(0,0363) = 4,0109 <= f(0,0383) = 4,0358; b = alpha_2 = 0,0383.
[11.11.2015 22:29:37] Step 4: (b-a)/2 = 0,0055 < eps = 0,0100; STOP SEARCHING!
[11.11.2015 22:29:37] Iter 0: Answer is in the range: [0,0273; 0,0383]
[11.11.2015 22:29:37] Step 5: alpha_end = (a+b)/2; Minimum x* is: 0,0328
[11.11.2015 22:29:37] Step 9: Quasi-Newton matrix: 

[11.11.2015 22:29:37] Step 10: New local search point (1,000;1,000)
[11.11.2015 22:29:37] Step 11: Iteration end.
[11.11.2015 22:29:37] Step 2: ITERATION number 25
[11.11.2015 22:29:37] Step 5: Sk = (0,000;0,000)
[11.11.2015 22:29:37] Step 6: Yk = (0,000;0,000)
[11.11.2015 22:29:37] Step 7: Quasi-Newton matrix: 

[11.11.2015 22:29:37] Step 8: Search vector: (0,000;0,000)
[11.11.2015 22:29:37] DSK method started!
[11.11.2015 22:29:37] Step 1: f(alpha)=6,4017, f(alpha + h)=8,3432; k=0;
[11.11.2015 22:29:37] Step 3: a=0,0228, b=0,0428; Go to step 6!
[11.11.2015 22:29:37] Step 6: Interval is: [0,0228 ; 0,0428]
[11.11.2015 22:29:37] Dichotomy method has been started!
[11.11.2015 22:29:37] Counting: delta = eps / 10 = 0,001
[11.11.2015 22:29:37] Step 1: counting alpha_1 = 0,0318, alpha_2 = 0,0338
[11.11.2015 22:29:37] Step 3: f(0,0318) = 7,6008 > f(0,0338) = 5,4230; a = alpha_1 = 0,0318.
[11.11.2015 22:29:37] Step 4: (b-a)/2 = 0,0055 < eps = 0,0100; STOP SEARCHING!
[11.11.2015 22:29:37] Iter 0: Answer is in the range: [0,0318; 0,0428]
[11.11.2015 22:29:37] Step 5: alpha_end = (a+b)/2; Minimum x* is: 0,0373
[11.11.2015 22:29:37] Step 9: Quasi-Newton matrix: 

[11.11.2015 22:29:37] Step 10: New local search point (1,000;1,000)
[11.11.2015 22:29:37] Step 11: Iteration end.
[11.11.2015 22:29:37] Step 2: ITERATION number 26
[11.11.2015 22:29:37] Step 5: Sk = (0,000;0,000)
[11.11.2015 22:29:37] Step 6: Yk = (0,000;0,000)
[11.11.2015 22:29:37] Step 7: Quasi-Newton matrix: 

[11.11.2015 22:29:37] Step 8: Search vector: (0,000;0,000)
[11.11.2015 22:29:37] DSK method started!
[11.11.2015 22:29:37] Step 1: f(alpha)=3,8886, f(alpha + h)=19,4186; k=0;
[11.11.2015 22:29:37] Step 3: a=0,0273, b=0,0473; Go to step 6!
[11.11.2015 22:29:37] Step 6: Interval is: [0,0273 ; 0,0473]
[11.11.2015 22:29:37] Dichotomy method has been started!
[11.11.2015 22:29:37] Counting: delta = eps / 10 = 0,001
[11.11.2015 22:29:37] Step 1: counting alpha_1 = 0,0363, alpha_2 = 0,0383
[11.11.2015 22:29:37] Step 3: f(0,0363) = 4,0109 <= f(0,0383) = 4,0358; b = alpha_2 = 0,0383.
[11.11.2015 22:29:37] Step 4: (b-a)/2 = 0,0055 < eps = 0,0100; STOP SEARCHING!
[11.11.2015 22:29:37] Iter 0: Answer is in the range: [0,0273; 0,0383]
[11.11.2015 22:29:37] Step 5: alpha_end = (a+b)/2; Minimum x* is: 0,0328
[11.11.2015 22:29:37] Step 9: Quasi-Newton matrix: 

[11.11.2015 22:29:37] Step 10: New local search point (1,000;1,000)
[11.11.2015 22:29:37] Step 11: Iteration end.
[11.11.2015 22:29:37] Step 2: ITERATION number 27
[11.11.2015 22:29:37] Step 5: Sk = (0,000;0,000)
[11.11.2015 22:29:37] Step 6: Yk = (0,000;0,000)
[11.11.2015 22:29:37] Step 7: Quasi-Newton matrix: 

[11.11.2015 22:29:37] Step 8: Search vector: (0,000;0,000)
[11.11.2015 22:29:37] DSK method started!
[11.11.2015 22:29:37] Step 1: f(alpha)=6,4017, f(alpha + h)=8,3432; k=0;
[11.11.2015 22:29:37] Step 3: a=0,0228, b=0,0428; Go to step 6!
[11.11.2015 22:29:37] Step 6: Interval is: [0,0228 ; 0,0428]
[11.11.2015 22:29:37] Dichotomy method has been started!
[11.11.2015 22:29:37] Counting: delta = eps / 10 = 0,001
[11.11.2015 22:29:37] Step 1: counting alpha_1 = 0,0318, alpha_2 = 0,0338
[11.11.2015 22:29:37] Step 3: f(0,0318) = 7,6008 > f(0,0338) = 5,4230; a = alpha_1 = 0,0318.
[11.11.2015 22:29:37] Step 4: (b-a)/2 = 0,0055 < eps = 0,0100; STOP SEARCHING!
[11.11.2015 22:29:37] Iter 0: Answer is in the range: [0,0318; 0,0428]
[11.11.2015 22:29:37] Step 5: alpha_end = (a+b)/2; Minimum x* is: 0,0373
[11.11.2015 22:29:37] Step 9: Quasi-Newton matrix: 

[11.11.2015 22:29:37] Step 10: New local search point (1,000;1,000)
[11.11.2015 22:29:37] Step 11: Iteration end.
[11.11.2015 22:29:37] Step 2: ITERATION number 28
[11.11.2015 22:29:37] Step 5: Sk = (0,000;0,000)
[11.11.2015 22:29:37] Step 6: Yk = (0,000;0,000)
[11.11.2015 22:29:37] Step 7: Quasi-Newton matrix: 

[11.11.2015 22:29:37] Step 8: Search vector: (0,000;0,000)
[11.11.2015 22:29:37] DSK method started!
[11.11.2015 22:29:37] Step 1: f(alpha)=3,8886, f(alpha + h)=19,4186; k=0;
[11.11.2015 22:29:37] Step 3: a=0,0273, b=0,0473; Go to step 6!
[11.11.2015 22:29:37] Step 6: Interval is: [0,0273 ; 0,0473]
[11.11.2015 22:29:37] Dichotomy method has been started!
[11.11.2015 22:29:37] Counting: delta = eps / 10 = 0,001
[11.11.2015 22:29:37] Step 1: counting alpha_1 = 0,0363, alpha_2 = 0,0383
[11.11.2015 22:29:37] Step 3: f(0,0363) = 4,0109 <= f(0,0383) = 4,0358; b = alpha_2 = 0,0383.
[11.11.2015 22:29:37] Step 4: (b-a)/2 = 0,0055 < eps = 0,0100; STOP SEARCHING!
[11.11.2015 22:29:37] Iter 0: Answer is in the range: [0,0273; 0,0383]
[11.11.2015 22:29:37] Step 5: alpha_end = (a+b)/2; Minimum x* is: 0,0328
[11.11.2015 22:29:37] Step 9: Quasi-Newton matrix: 

[11.11.2015 22:29:37] Step 10: New local search point (1,000;1,000)
[11.11.2015 22:29:37] Step 11: Iteration end.
[11.11.2015 22:29:37] Step 2: ITERATION number 29
[11.11.2015 22:29:37] Step 5: Sk = (0,000;0,000)
[11.11.2015 22:29:37] Step 6: Yk = (0,000;0,000)
[11.11.2015 22:29:37] Step 7: Quasi-Newton matrix: 

[11.11.2015 22:29:37] Step 8: Search vector: (0,000;0,000)
[11.11.2015 22:29:37] DSK method started!
[11.11.2015 22:29:37] Step 1: f(alpha)=6,4017, f(alpha + h)=8,3432; k=0;
[11.11.2015 22:29:37] Step 3: a=0,0228, b=0,0428; Go to step 6!
[11.11.2015 22:29:37] Step 6: Interval is: [0,0228 ; 0,0428]
[11.11.2015 22:29:37] Dichotomy method has been started!
[11.11.2015 22:29:37] Counting: delta = eps / 10 = 0,001
[11.11.2015 22:29:37] Step 1: counting alpha_1 = 0,0318, alpha_2 = 0,0338
[11.11.2015 22:29:37] Step 3: f(0,0318) = 7,6008 > f(0,0338) = 5,4230; a = alpha_1 = 0,0318.
[11.11.2015 22:29:37] Step 4: (b-a)/2 = 0,0055 < eps = 0,0100; STOP SEARCHING!
[11.11.2015 22:29:37] Iter 0: Answer is in the range: [0,0318; 0,0428]
[11.11.2015 22:29:37] Step 5: alpha_end = (a+b)/2; Minimum x* is: 0,0373
[11.11.2015 22:29:37] Step 9: Quasi-Newton matrix: 

[11.11.2015 22:29:37] Step 10: New local search point (1,000;1,000)
