[11.11.2015 18:53:13] Optimal gradient method started!
[11.11.2015 18:53:13] 	Data input:
(x1; x2) = (0,000; 0,000),
Alpha = 0,001,
eps = 0,010;
[11.11.2015 18:53:13] ITER 0:
[11.11.2015 18:53:13] Step 1: k = 0;
[11.11.2015 18:53:13] Step 2: gradient is (-14,021, -22,013);
[11.11.2015 18:53:13] DSK method started!
[11.11.2015 18:53:13] Step 1: f(alpha)=169,3090, f(alpha + h)=161,2855; k=0;
[11.11.2015 18:53:13] Step 2: a=0,0010, alpha1=0,0110, k=2; Go to step 4!
[11.11.2015 18:53:13] Step 4: alphak=0,0210
[11.11.2015 18:53:13] Step 5: h > 0; a=alpha(k-1)=0,0110
[11.11.2015 18:53:13] k = k + 1 = 3; Go to step 4!
[11.11.2015 18:53:13] Step 4: alphak=0,0410
[11.11.2015 18:53:13] Step 5: h > 0; a=alpha(k-1)=0,0210
[11.11.2015 18:53:13] k = k + 1 = 4; Go to step 4!
[11.11.2015 18:53:13] Step 4: alphak=0,0810
[11.11.2015 18:53:13] Step 5: h > 0; a=alpha(k-1)=0,0410
[11.11.2015 18:53:13] k = k + 1 = 5; Go to step 4!
[11.11.2015 18:53:13] Step 4: alphak=0,1610
[11.11.2015 18:53:13] Step 5: h > 0; a=alpha(k-1)=0,0810
[11.11.2015 18:53:13] k = k + 1 = 6; Go to step 4!
[11.11.2015 18:53:13] Step 4: alphak=0,3210
[11.11.2015 18:53:13] Step 5: h > 0; b=alphak=0,3210
[11.11.2015 18:53:13] Step 6: Interval is: [0,0810 ; 0,3210]
[11.11.2015 18:53:13] Dichotomy method has been started!
[11.11.2015 18:53:13] Counting: delta = eps / 10 = 0,001
[11.11.2015 18:53:13] Step 1: counting alpha_1 = 0,2000, alpha_2 = 0,2020
[11.11.2015 18:53:13] Step 3: f(0,2000) = 232,2507 <= f(0,2020) = 245,6631; b = alpha_2 = 0,2020.
[11.11.2015 18:53:13] Iter 0: Answer is in the range: [0,0810; 0,2020]
[11.11.2015 18:53:13] Step 1: counting alpha_1 = 0,1405, alpha_2 = 0,1425
[11.11.2015 18:53:13] Step 3: f(0,1405) = 36,7834 <= f(0,1425) = 38,3906; b = alpha_2 = 0,1425.
[11.11.2015 18:53:13] Iter 1: Answer is in the range: [0,0810; 0,1425]
[11.11.2015 18:53:13] Step 1: counting alpha_1 = 0,1108, alpha_2 = 0,1128
[11.11.2015 18:53:13] Step 3: f(0,1108) = 38,0786 > f(0,1128) = 36,7762; a = alpha_1 = 0,1108.
[11.11.2015 18:53:13] Iter 2: Answer is in the range: [0,1108; 0,1425]
[11.11.2015 18:53:13] Step 1: counting alpha_1 = 0,1256, alpha_2 = 0,1276
[11.11.2015 18:53:13] Step 3: f(0,1256) = 32,1407 > f(0,1276) = 32,0797; a = alpha_1 = 0,1256.
[11.11.2015 18:53:13] Step 4: (b-a)/2 = 0,0084 < eps = 0,0100; STOP SEARCHING!
[11.11.2015 18:53:13] Iter 3: Answer is in the range: [0,1256; 0,1425]
[11.11.2015 18:53:13] Step 5: alpha_end = (a+b)/2; Minimum x* is: 0,1341
[11.11.2015 18:53:13] Step 4: Alpha = 0,1340625;
[11.11.2015 18:53:13] Step 5: arguments = arguments - alpha * gradientValue = (1,880; 2,951);
[11.11.2015 18:53:13] Step 6: k = k + 1 = 0;
[11.11.2015 18:53:13] Step 7: answer is: (1,880; 2,951);
[11.11.2015 18:53:13] ITER 1:
[11.11.2015 18:53:13] Step 1: k = 1;
[11.11.2015 18:53:13] Step 2: gradient is (-26,741, 33,385);
[11.11.2015 18:53:13] DSK method started!
[11.11.2015 18:53:13] Step 1: f(alpha)=301,2087, f(alpha + h)=404,6833; k=0;
[11.11.2015 18:53:13] Step 3: b=0,1341, alpha1=0,1441, h=-0,0100, k=2.
[11.11.2015 18:53:13] Step 4: alphak=0,1141
[11.11.2015 18:53:13] Step 5: h > 0; b=alpha(k-1)=0,1241
[11.11.2015 18:53:13] k = k + 1 = 3; Go to step 4!
[11.11.2015 18:53:13] Step 4: alphak=0,0941
[11.11.2015 18:53:13] Step 5: h > 0; b=alpha(k-1)=0,1141
[11.11.2015 18:53:13] k = k + 1 = 4; Go to step 4!
[11.11.2015 18:53:13] Step 4: alphak=0,0541
[11.11.2015 18:53:13] Step 5: h > 0; b=alpha(k-1)=0,0941
[11.11.2015 18:53:13] k = k + 1 = 5; Go to step 4!
[11.11.2015 18:53:13] Step 4: alphak=-0,0259
[11.11.2015 18:53:13] Step 5: h < 0; a=alphak-0,0259
[11.11.2015 18:53:13] Step 6: Interval is: [-0,0259 ; 0,0941]
[11.11.2015 18:53:13] Dichotomy method has been started!
[11.11.2015 18:53:13] Counting: delta = eps / 10 = 0,001
[11.11.2015 18:53:13] Step 1: counting alpha_1 = 0,0331, alpha_2 = 0,0351
[11.11.2015 18:53:13] Step 3: f(0,0331) = 2,9708 > f(0,0351) = 2,6694; a = alpha_1 = 0,0331.
[11.11.2015 18:53:13] Iter 0: Answer is in the range: [0,0331; 0,0941]
[11.11.2015 18:53:13] Step 1: counting alpha_1 = 0,0626, alpha_2 = 0,0646
[11.11.2015 18:53:13] Step 3: f(0,0626) = 13,4784 <= f(0,0646) = 15,4613; b = alpha_2 = 0,0646.
[11.11.2015 18:53:13] Iter 1: Answer is in the range: [0,0331; 0,0646]
[11.11.2015 18:53:13] Step 1: counting alpha_1 = 0,0478, alpha_2 = 0,0498
[11.11.2015 18:53:13] Step 3: f(0,0478) = 4,1328 <= f(0,0498) = 4,8968; b = alpha_2 = 0,0498.
[11.11.2015 18:53:13] Step 4: (b-a)/2 = 0,0084 < eps = 0,0100; STOP SEARCHING!
[11.11.2015 18:53:13] Iter 2: Answer is in the range: [0,0331; 0,0498]
[11.11.2015 18:53:13] Step 5: alpha_end = (a+b)/2; Minimum x* is: 0,0414
[11.11.2015 18:53:13] Step 4: Alpha = 0,0414375;
[11.11.2015 18:53:13] Step 5: arguments = arguments - alpha * gradientValue = (2,988; 1,568);
[11.11.2015 18:53:13] Step 6: k = k + 1 = 1;
[11.11.2015 18:53:13] Step 7: answer is: (2,988; 1,568);
[11.11.2015 18:53:13] ITER 2:
[11.11.2015 18:53:13] Step 1: k = 2;
[11.11.2015 18:53:13] Step 2: gradient is (-9,146, -10,757);
[11.11.2015 18:53:13] DSK method started!
[11.11.2015 18:53:13] Step 1: f(alpha)=5,6924, f(alpha + h)=10,4039; k=0;
[11.11.2015 18:53:13] Step 3: b=0,0414, alpha1=0,0514, h=-0,0100, k=2.
[11.11.2015 18:53:13] Step 4: alphak=0,0214
[11.11.2015 18:53:13] Step 5: h > 0; b=alpha(k-1)=0,0314
[11.11.2015 18:53:13] k = k + 1 = 3; Go to step 4!
[11.11.2015 18:53:13] Step 4: alphak=0,0014
[11.11.2015 18:53:13] Step 5: h < 0; a=alphak0,0014
[11.11.2015 18:53:13] Step 6: Interval is: [0,0014 ; 0,0314]
[11.11.2015 18:53:13] Dichotomy method has been started!
[11.11.2015 18:53:13] Counting: delta = eps / 10 = 0,001
[11.11.2015 18:53:13] Step 1: counting alpha_1 = 0,0154, alpha_2 = 0,0174
[11.11.2015 18:53:13] Step 3: f(0,0154) = 1,0231 <= f(0,0174) = 1,0318; b = alpha_2 = 0,0174.
[11.11.2015 18:53:13] Step 4: (b-a)/2 = 0,0080 < eps = 0,0100; STOP SEARCHING!
[11.11.2015 18:53:13] Iter 0: Answer is in the range: [0,0014; 0,0174]
[11.11.2015 18:53:13] Step 5: alpha_end = (a+b)/2; Minimum x* is: 0,0094
[11.11.2015 18:53:13] Step 4: Alpha = 0,00943750000000002;
[11.11.2015 18:53:13] Step 5: arguments = arguments - alpha * gradientValue = (3,074; 1,669);
[11.11.2015 18:53:13] Step 6: k = k + 1 = 2;
[11.11.2015 18:53:13] Step 7: answer is: (3,074; 1,669);
[11.11.2015 18:53:13] ITER 3:
[11.11.2015 18:53:13] Step 1: k = 3;
[11.11.2015 18:53:13] Step 2: gradient is (-0,444, -7,277);
[11.11.2015 18:53:13] DSK method started!
[11.11.2015 18:53:13] Step 1: f(alpha)=0,8582, f(alpha + h)=0,5065; k=0;
[11.11.2015 18:53:13] Step 2: a=0,0094, alpha1=0,0194, k=2; Go to step 4!
[11.11.2015 18:53:13] Step 4: alphak=0,0294
[11.11.2015 18:53:13] Step 5: h > 0; a=alpha(k-1)=0,0194
[11.11.2015 18:53:13] k = k + 1 = 3; Go to step 4!
[11.11.2015 18:53:13] Step 4: alphak=0,0494
[11.11.2015 18:53:13] Step 5: h > 0; b=alphak=0,0494
[11.11.2015 18:53:13] Step 6: Interval is: [0,0194 ; 0,0494]
[11.11.2015 18:53:13] Dichotomy method has been started!
[11.11.2015 18:53:13] Counting: delta = eps / 10 = 0,001
[11.11.2015 18:53:13] Step 1: counting alpha_1 = 0,0334, alpha_2 = 0,0354
[11.11.2015 18:53:13] Step 3: f(0,0334) = 0,2703 > f(0,0354) = 0,2634; a = alpha_1 = 0,0334.
[11.11.2015 18:53:13] Step 4: (b-a)/2 = 0,0080 < eps = 0,0100; STOP SEARCHING!
[11.11.2015 18:53:13] Iter 0: Answer is in the range: [0,0334; 0,0494]
[11.11.2015 18:53:13] Step 5: alpha_end = (a+b)/2; Minimum x* is: 0,0414
[11.11.2015 18:53:13] Step 4: Alpha = 0,0414375;
[11.11.2015 18:53:13] Step 5: arguments = arguments - alpha * gradientValue = (3,092; 1,971);
[11.11.2015 18:53:13] Step 6: k = k + 1 = 3;
[11.11.2015 18:53:13] Step 7: answer is: (3,092; 1,971);
[11.11.2015 18:53:13] ITER 4:
[11.11.2015 18:53:13] Step 1: k = 4;
[11.11.2015 18:53:13] Step 2: gradient is (6,567, 0,886);
[11.11.2015 18:53:13] DSK method started!
[11.11.2015 18:53:13] Step 1: f(alpha)=1,4280, f(alpha + h)=2,4998; k=0;
[11.11.2015 18:53:13] Step 3: b=0,0414, alpha1=0,0514, h=-0,0100, k=2.
[11.11.2015 18:53:13] Step 4: alphak=0,0214
[11.11.2015 18:53:13] Step 5: h > 0; b=alpha(k-1)=0,0314
[11.11.2015 18:53:13] k = k + 1 = 3; Go to step 4!
[11.11.2015 18:53:13] Step 4: alphak=0,0014
[11.11.2015 18:53:13] Step 5: h < 0; a=alphak0,0014
[11.11.2015 18:53:13] Step 6: Interval is: [0,0014 ; 0,0314]
[11.11.2015 18:53:13] Dichotomy method has been started!
[11.11.2015 18:53:13] Counting: delta = eps / 10 = 0,001
[11.11.2015 18:53:13] Step 1: counting alpha_1 = 0,0154, alpha_2 = 0,0174
[11.11.2015 18:53:13] Step 3: f(0,0154) = 0,0412 <= f(0,0174) = 0,0706; b = alpha_2 = 0,0174.
[11.11.2015 18:53:13] Step 4: (b-a)/2 = 0,0080 < eps = 0,0100; STOP SEARCHING!
[11.11.2015 18:53:13] Iter 0: Answer is in the range: [0,0014; 0,0174]
[11.11.2015 18:53:13] Step 5: alpha_end = (a+b)/2; Minimum x* is: 0,0094
[11.11.2015 18:53:13] Step 4: Alpha = 0,00943750000000002;
[11.11.2015 18:53:13] Step 5: arguments = arguments - alpha * gradientValue = (3,031; 1,962);
[11.11.2015 18:53:13] Step 6: k = k + 1 = 4;
[11.11.2015 18:53:13] Step 7: answer is: (3,031; 1,962);
[11.11.2015 18:53:13] ITER 5:
[11.11.2015 18:53:13] Step 1: k = 5;
[11.11.2015 18:53:13] Step 2: gradient is (1,898, -0,484);
[11.11.2015 18:53:14] DSK method started!
[11.11.2015 18:53:14] Step 1: f(alpha)=0,0159, f(alpha + h)=0,0184; k=0;
[11.11.2015 18:53:14] Step 3: a=-0,0006, b=0,0194; Go to step 6!
[11.11.2015 18:53:14] Step 6: Interval is: [-0,0006 ; 0,0194]
[11.11.2015 18:53:14] Dichotomy method has been started!
[11.11.2015 18:53:14] Counting: delta = eps / 10 = 0,001
[11.11.2015 18:53:14] Step 1: counting alpha_1 = 0,0084, alpha_2 = 0,0104
[11.11.2015 18:53:14] Step 3: f(0,0084) = 0,0169 > f(0,0104) = 0,0150; a = alpha_1 = 0,0084.
[11.11.2015 18:53:14] Step 4: (b-a)/2 = 0,0055 < eps = 0,0100; STOP SEARCHING!
[11.11.2015 18:53:14] Iter 0: Answer is in the range: [0,0084; 0,0194]
[11.11.2015 18:53:14] Step 5: alpha_end = (a+b)/2; Minimum x* is: 0,0139
[11.11.2015 18:53:14] Step 4: Alpha = 0,0139375;
[11.11.2015 18:53:14] Step 5: arguments = arguments - alpha * gradientValue = (3,004; 1,969);
[11.11.2015 18:53:14] Step 6: k = k + 1 = 5;
[11.11.2015 18:53:14] Step 7: answer is: (3,004; 1,969);
[11.11.2015 18:53:14] ITER 6:
[11.11.2015 18:53:14] Step 1: k = 6;
[11.11.2015 18:53:14] Step 2: gradient is (-0,314, -0,945);
[11.11.2015 18:53:14] DSK method started!
[11.11.2015 18:53:14] Step 1: f(alpha)=0,0049, f(alpha + h)=0,0042; k=0;
[11.11.2015 18:53:14] Step 2: a=0,0139, alpha1=0,0239, k=2; Go to step 4!
[11.11.2015 18:53:14] Step 4: alphak=0,0339
[11.11.2015 18:53:14] Step 5: h > 0; b=alphak=0,0339
[11.11.2015 18:53:14] Step 6: Interval is: [0,0139 ; 0,0339]
[11.11.2015 18:53:14] Dichotomy method has been started!
[11.11.2015 18:53:14] Counting: delta = eps / 10 = 0,001
[11.11.2015 18:53:14] Step 1: counting alpha_1 = 0,0229, alpha_2 = 0,0249
[11.11.2015 18:53:14] Step 3: f(0,0229) = 0,0041 <= f(0,0249) = 0,0044; b = alpha_2 = 0,0249.
[11.11.2015 18:53:14] Step 4: (b-a)/2 = 0,0055 < eps = 0,0100; STOP SEARCHING!
[11.11.2015 18:53:14] Iter 0: Answer is in the range: [0,0139; 0,0249]
[11.11.2015 18:53:14] Step 5: alpha_end = (a+b)/2; Minimum x* is: 0,0194
[11.11.2015 18:53:14] Step 4: Alpha = 0,0194375;
[11.11.2015 18:53:14] Step 5: arguments = arguments - alpha * gradientValue = (3,010; 1,988);
[11.11.2015 18:53:14] Step 6: k = k + 1 = 6;
[11.11.2015 18:53:14] Step 7: answer is: (3,010; 1,988);
[11.11.2015 18:53:14] ITER 7:
[11.11.2015 18:53:14] Step 1: k = 7;
[11.11.2015 18:53:14] Step 2: gradient is (0,507, -0,217);
[11.11.2015 18:53:14] DSK method started!
[11.11.2015 18:53:14] Step 1: f(alpha)=0,0011, f(alpha + h)=0,0020; k=0;
[11.11.2015 18:53:14] Step 3: a=0,0094, b=0,0294; Go to step 6!
[11.11.2015 18:53:14] Step 6: Interval is: [0,0094 ; 0,0294]
[11.11.2015 18:53:14] Dichotomy method has been started!
[11.11.2015 18:53:14] Counting: delta = eps / 10 = 0,001
[11.11.2015 18:53:14] Step 1: counting alpha_1 = 0,0184, alpha_2 = 0,0204
[11.11.2015 18:53:14] Step 3: f(0,0184) = 0,0011 <= f(0,0204) = 0,0011; b = alpha_2 = 0,0204.
[11.11.2015 18:53:14] Step 4: (b-a)/2 = 0,0055 < eps = 0,0100; STOP SEARCHING!
[11.11.2015 18:53:14] Iter 0: Answer is in the range: [0,0094; 0,0204]
[11.11.2015 18:53:14] Step 5: alpha_end = (a+b)/2; Minimum x* is: 0,0149
[11.11.2015 18:53:14] Step 4: Alpha = 0,0149375;
[11.11.2015 18:53:14] Step 5: arguments = arguments - alpha * gradientValue = (3,003; 1,991);
[11.11.2015 18:53:14] Step 6: k = k + 1 = 7;
[11.11.2015 18:53:14] Step 7: answer is: (3,003; 1,991);
[11.11.2015 18:53:14] ITER 8:
[11.11.2015 18:53:14] Step 1: k = 8;
[11.11.2015 18:53:14] Step 2: gradient is (0,008, -0,260);
[11.11.2015 18:53:14] DSK method started!
[11.11.2015 18:53:14] Step 1: f(alpha)=0,0004, f(alpha + h)=0,0002; k=0;
[11.11.2015 18:53:14] Step 2: a=0,0149, alpha1=0,0249, k=2; Go to step 4!
[11.11.2015 18:53:14] Step 4: alphak=0,0349
[11.11.2015 18:53:14] Step 5: h > 0; a=alpha(k-1)=0,0249
[11.11.2015 18:53:14] k = k + 1 = 3; Go to step 4!
[11.11.2015 18:53:14] Step 4: alphak=0,0549
[11.11.2015 18:53:14] Step 5: h > 0; b=alphak=0,0549
[11.11.2015 18:53:14] Step 6: Interval is: [0,0249 ; 0,0549]
[11.11.2015 18:53:14] Dichotomy method has been started!
[11.11.2015 18:53:14] Counting: delta = eps / 10 = 0,001
[11.11.2015 18:53:14] Step 1: counting alpha_1 = 0,0389, alpha_2 = 0,0409
[11.11.2015 18:53:14] Step 3: f(0,0389) = 0,0002 <= f(0,0409) = 0,0003; b = alpha_2 = 0,0409.
[11.11.2015 18:53:14] Step 4: (b-a)/2 = 0,0080 < eps = 0,0100; STOP SEARCHING!
[11.11.2015 18:53:14] Iter 0: Answer is in the range: [0,0249; 0,0409]
[11.11.2015 18:53:14] Step 5: alpha_end = (a+b)/2; Minimum x* is: 0,0329
[11.11.2015 18:53:14] Step 4: Alpha = 0,0329375;
[11.11.2015 18:53:14] Step 5: arguments = arguments - alpha * gradientValue = (3,002; 1,999);
[11.11.2015 18:53:14] Step 6: k = k + 1 = 8;
[11.11.2015 18:53:14] Step 7: answer is: (3,002; 1,999);
[11.11.2015 18:53:14] ITER 9:
[11.11.2015 18:53:14] Step 1: k = 9;
[11.11.2015 18:53:14] Step 2: gradient is (0,163, 0,026);
[11.11.2015 18:53:14] DSK method started!
[11.11.2015 18:53:14] Step 1: f(alpha)=0,0005, f(alpha + h)=0,0010; k=0;
[11.11.2015 18:53:14] Step 3: b=0,0329, alpha1=0,0429, h=-0,0100, k=2.
[11.11.2015 18:53:14] Step 4: alphak=0,0129
[11.11.2015 18:53:14] Step 5: h > 0; b=alpha(k-1)=0,0229
[11.11.2015 18:53:14] k = k + 1 = 3; Go to step 4!
[11.11.2015 18:53:14] Step 4: alphak=-0,0071
[11.11.2015 18:53:14] Step 5: h < 0; a=alphak-0,0071
[11.11.2015 18:53:14] Step 6: Interval is: [-0,0071 ; 0,0229]
[11.11.2015 18:53:14] Dichotomy method has been started!
[11.11.2015 18:53:14] Counting: delta = eps / 10 = 0,001
[11.11.2015 18:53:14] Step 1: counting alpha_1 = 0,0069, alpha_2 = 0,0089
[11.11.2015 18:53:14] Step 3: f(0,0069) = 0,0000 > f(0,0089) = 0,0000; a = alpha_1 = 0,0069.
[11.11.2015 18:53:14] Step 4: (b-a)/2 = 0,0080 < eps = 0,0100; STOP SEARCHING!
[11.11.2015 18:53:14] Iter 0: Answer is in the range: [0,0069; 0,0229]
[11.11.2015 18:53:14] Step 5: alpha_end = (a+b)/2; Minimum x* is: 0,0149
[11.11.2015 18:53:14] Step 4: Alpha = 0,0149375;
[11.11.2015 18:53:14] Step 5: arguments = arguments - alpha * gradientValue = (3,000; 1,999);
[11.11.2015 18:53:14] Step 6: k = k + 1 = 9;
[11.11.2015 18:53:14] Step 7: answer is: (3,000; 1,999);
[11.11.2015 18:53:14] ITER 10:
[11.11.2015 18:53:14] Step 1: k = 10;
[11.11.2015 18:53:14] Step 2: gradient is (-0,028, -0,038);
[11.11.2015 18:53:14] DSK method started!
[11.11.2015 18:53:14] Step 1: f(alpha)=0,0000, f(alpha + h)=0,0000; k=0;
[11.11.2015 18:53:14] Step 3: a=0,0049, b=0,0249; Go to step 6!
[11.11.2015 18:53:14] Step 6: Interval is: [0,0049 ; 0,0249]
[11.11.2015 18:53:14] Dichotomy method has been started!
[11.11.2015 18:53:14] Counting: delta = eps / 10 = 0,001
[11.11.2015 18:53:14] Step 1: counting alpha_1 = 0,0139, alpha_2 = 0,0159
[11.11.2015 18:53:14] Step 3: f(0,0139) = 0,0000 > f(0,0159) = 0,0000; a = alpha_1 = 0,0139.
[11.11.2015 18:53:14] Step 4: (b-a)/2 = 0,0055 < eps = 0,0100; STOP SEARCHING!
[11.11.2015 18:53:14] Iter 0: Answer is in the range: [0,0139; 0,0249]
[11.11.2015 18:53:14] Step 5: alpha_end = (a+b)/2; Minimum x* is: 0,0194
[11.11.2015 18:53:14] Step 4: Alpha = 0,0194375;
[11.11.2015 18:53:14] Step 5: arguments = arguments - alpha * gradientValue = (3,000; 2,000);
[11.11.2015 18:53:14] Step 6: k = k + 1 = 10;
[11.11.2015 18:53:14] Step 7: answer is: (3,000; 2,000);
[11.11.2015 18:53:14] ITER 11:
[11.11.2015 18:53:14] Step 1: k = 11;
[11.11.2015 18:53:14] Step 2: gradient is (0,027, -0,002);
[11.11.2015 18:53:14] DSK method started!
[11.11.2015 18:53:14] Step 1: f(alpha)=0,0000, f(alpha + h)=0,0000; k=0;
[11.11.2015 18:53:14] Step 3: b=0,0194, alpha1=0,0294, h=-0,0100, k=2.
[11.11.2015 18:53:14] Step 4: alphak=-0,0006
[11.11.2015 18:53:14] Step 5: h < 0; a=alphak-0,0006
[11.11.2015 18:53:14] Step 6: Interval is: [-0,0006 ; 0,0194]
[11.11.2015 18:53:14] Dichotomy method has been started!
[11.11.2015 18:53:14] Counting: delta = eps / 10 = 0,001
[11.11.2015 18:53:14] Step 1: counting alpha_1 = 0,0084, alpha_2 = 0,0104
[11.11.2015 18:53:14] Step 3: f(0,0084) = 0,0000 > f(0,0104) = 0,0000; a = alpha_1 = 0,0084.
[11.11.2015 18:53:14] Step 4: (b-a)/2 = 0,0055 < eps = 0,0100; STOP SEARCHING!
[11.11.2015 18:53:14] Iter 0: Answer is in the range: [0,0084; 0,0194]
[11.11.2015 18:53:14] Step 5: alpha_end = (a+b)/2; Minimum x* is: 0,0139
[11.11.2015 18:53:14] Step 4: Alpha = 0,0139375;
[11.11.2015 18:53:14] Step 5: arguments = arguments - alpha * gradientValue = (3,000; 2,000);
[11.11.2015 18:53:14] Step 6: k = k + 1 = 11;
[11.11.2015 18:53:14] Step 7: answer is: (3,000; 2,000);
[11.11.2015 18:53:14] ITER 12:
[11.11.2015 18:53:14] Step 1: k = 12;
[11.11.2015 18:53:14] Step 2: gradient is (-0,001, -0,009);
[11.11.2015 18:53:14] Step 3: gradient Euclidean norm is <= eps: 0,009 <= 0,01; Go to step 7!
[11.11.2015 18:53:14] Step 7: answer is: (3,000; 2,000);
[11.11.2015 18:53:25] Optimal gradient method started!
[11.11.2015 18:53:25] 	Data input:
(x1; x2) = (20,000; -20,000),
Alpha = 0,001,
eps = 0,010;
[11.11.2015 18:53:25] ITER 0:
[11.11.2015 18:53:25] Step 1: k = 0;
[11.11.2015 18:53:25] Step 2: gradient is (30 348,339, -32 299,573);
[11.11.2015 18:53:25] DSK method started!
[11.11.2015 18:53:25] Step 1: f(alpha)=29685,4477, f(alpha + h)=22331217910,2417; k=0;
[11.11.2015 18:53:25] Step 3: a=-0,0090, b=0,0110; Go to step 6!
[11.11.2015 18:53:25] Step 6: Interval is: [-0,0090 ; 0,0110]
[11.11.2015 18:53:25] Dichotomy method has been started!
[11.11.2015 18:53:25] Counting: delta = eps / 10 = 0,001
[11.11.2015 18:53:25] Step 1: counting alpha_1 = 0,0000, alpha_2 = 0,0020
[11.11.2015 18:53:25] Step 3: f(0,0000) = 306730,0000 <= f(0,0020) = 6624471,5449; b = alpha_2 = 0,0020.
[11.11.2015 18:53:25] Step 4: (b-a)/2 = 0,0055 < eps = 0,0100; STOP SEARCHING!
[11.11.2015 18:53:25] Iter 0: Answer is in the range: [-0,0090; 0,0020]
[11.11.2015 18:53:25] Step 5: alpha_end = (a+b)/2; Minimum x* is: -0,0035
[11.11.2015 18:53:25] Step 4: Alpha = -0,0035;
[11.11.2015 18:53:25] Step 5: arguments = arguments - alpha * gradientValue = (126,219; -133,049);
[11.11.2015 18:53:25] Step 6: k = k + 1 = 0;
[11.11.2015 18:53:25] Step 7: answer is: (126,219; -133,049);
[11.11.2015 18:53:25] ITER 1:
[11.11.2015 18:53:25] Step 1: k = 1;
[11.11.2015 18:53:25] Step 2: gradient is (8 005 916,356, -9 453 093,834);
[11.11.2015 18:53:25] DSK method started!
[11.11.2015 18:53:25] Step 1: f(alpha)=1845367204459940000,0000, f(alpha + h)=21393670865280700000,0000; k=0;
[11.11.2015 18:53:25] Step 3: a=-0,0135, b=0,0065; Go to step 6!
[11.11.2015 18:53:25] Step 6: Interval is: [-0,0135 ; 0,0065]
[11.11.2015 18:53:25] Dichotomy method has been started!
[11.11.2015 18:53:25] Counting: delta = eps / 10 = 0,001
[11.11.2015 18:53:25] Step 1: counting alpha_1 = -0,0045, alpha_2 = -0,0025
[11.11.2015 18:53:25] Step 3: f(-0,0045) = 5024008572281210000,0000 > f(-0,0025) = 483576821757369000,0000; a = alpha_1 = -0,0045.
[11.11.2015 18:53:25] Step 4: (b-a)/2 = 0,0055 < eps = 0,0100; STOP SEARCHING!
[11.11.2015 18:53:25] Iter 0: Answer is in the range: [-0,0045; 0,0065]
[11.11.2015 18:53:25] Step 5: alpha_end = (a+b)/2; Minimum x* is: 0,0010
[11.11.2015 18:53:25] Step 4: Alpha = 0,000999999999999999;
[11.11.2015 18:53:25] Step 5: arguments = arguments - alpha * gradientValue = (-7 879,697; 9 320,045);
[11.11.2015 18:53:25] Step 6: k = k + 1 = 1;
[11.11.2015 18:53:25] Step 7: answer is: (-7 879,697; 9 320,045);
[11.11.2015 18:53:25] ITER 2:
[11.11.2015 18:53:25] Step 1: k = 2;
[11.11.2015 18:53:25] Step 2: gradient is (-1 957 109 174 000,000, 3 238 108 220 000,000);
[11.11.2015 18:53:25] DSK method started!
[11.11.2015 18:53:25] Step 1: f(alpha)=124611971173890000000000000000000000000,0000, f(alpha + h)=1824463861732370000000000000000000000000000,0000; k=0;
[11.11.2015 18:53:25] Step 3: a=-0,0090, b=0,0110; Go to step 6!
[11.11.2015 18:53:25] Step 6: Interval is: [-0,0090 ; 0,0110]
[11.11.2015 18:53:25] Dichotomy method has been started!
[11.11.2015 18:53:25] Counting: delta = eps / 10 = 0,001
[11.11.2015 18:53:25] Step 1: counting alpha_1 = 0,0000, alpha_2 = 0,0020
[11.11.2015 18:53:25] Step 3: f(0,0000) = 11400131183269800,0000 <= f(0,0020) = 1993803554853120000000000000000000000000,0000; b = alpha_2 = 0,0020.
[11.11.2015 18:53:25] Step 4: (b-a)/2 = 0,0055 < eps = 0,0100; STOP SEARCHING!
[11.11.2015 18:53:25] Iter 0: Answer is in the range: [-0,0090; 0,0020]
[11.11.2015 18:53:25] Step 5: alpha_end = (a+b)/2; Minimum x* is: -0,0035
[11.11.2015 18:53:25] Step 4: Alpha = -0,0035;
[11.11.2015 18:53:25] Step 5: arguments = arguments - alpha * gradientValue = (-6 849 889 988,697; 11 333 388 090,045);
[11.11.2015 18:53:25] Step 6: k = k + 1 = 2;
[11.11.2015 18:53:25] Step 7: answer is: (-6 849 889 988,697; 11 333 388 090,045);
[11.11.2015 18:53:25] ITER 3:
[11.11.2015 18:53:25] Step 1: k = 3;
[11.11.2015 18:53:25] Step 2: gradient is (-1 285 606 257 315 900 000 000 000 000 000,000, 5 822 877 562 018 120 000 000 000 000 000,000);
[11.11.2015 18:53:25] DSK method started!
[11.11.2015 18:53:25] Step 1: f(alpha)=172923315118629000000000000000000000000000000000000000000000000000000000000000000000000000000000000000000000000000,0000, f(alpha + h)=2057002416952590000000000000000000000000000000000000000000000000000000000000000000000000000000000000000000000000000,0000; k=0;
[11.11.2015 18:53:25] Step 3: a=-0,0135, b=0,0065; Go to step 6!
[11.11.2015 18:53:25] Step 6: Interval is: [-0,0135 ; 0,0065]
[11.11.2015 18:53:25] Dichotomy method has been started!
[11.11.2015 18:53:25] Counting: delta = eps / 10 = 0,001
[11.11.2015 18:53:25] Step 1: counting alpha_1 = -0,0045, alpha_2 = -0,0025
[11.11.2015 18:53:25] Step 3: f(-0,0045) = 472532224278770000000000000000000000000000000000000000000000000000000000000000000000000000000000000000000000000000,0000 > f(-0,0025) = 45013357746415500000000000000000000000000000000000000000000000000000000000000000000000000000000000000000000000000,0000; a = alpha_1 = -0,0045.
[11.11.2015 18:53:25] Step 4: (b-a)/2 = 0,0055 < eps = 0,0100; STOP SEARCHING!
[11.11.2015 18:53:25] Iter 0: Answer is in the range: [-0,0045; 0,0065]
[11.11.2015 18:53:25] Step 5: alpha_end = (a+b)/2; Minimum x* is: 0,0010
[11.11.2015 18:53:25] Step 4: Alpha = 0,000999999999999999;
[11.11.2015 18:53:25] Step 5: arguments = arguments - alpha * gradientValue = (1 285 606 257 315 900 000 000 000 000,000; -5 822 877 562 018 110 000 000 000 000,000);
[11.11.2015 18:53:25] Step 6: k = k + 1 = 3;
[11.11.2015 18:53:25] Step 7: answer is: (1 285 606 257 315 900 000 000 000 000,000; -5 822 877 562 018 110 000 000 000 000,000);
[11.11.2015 18:53:25] ITER 4:
[11.11.2015 18:53:25] Step 1: k = 4;
[11.11.2015 18:53:25] Step 2: gradient is (0,000, 0,000);
[11.11.2015 18:53:26] Step 3: gradient Euclidean norm is <= eps: 0,000 <= 0,01; Go to step 7!
[11.11.2015 18:53:26] Step 7: answer is: (1 285 606 257 315 900 000 000 000 000,000; -5 822 877 562 018 110 000 000 000 000,000);
