[11.11.2015 23:43:04] DFP method started
[11.11.2015 23:43:04] Input data. Start point DenseMatrix 2x1-Double
0
0
, epsilon 0,01000
[11.11.2015 23:43:04] Step 1: K = 0
[11.11.2015 23:43:04] Step 2: ITERATION number 0
[11.11.2015 23:43:04] Step 4: K==0, go to step 8.
[11.11.2015 23:43:05] Step 8: Search vector: DenseMatrix 2x1-Double
 16,003
23,2396

[11.11.2015 23:43:05] DSK method started!
[11.11.2015 23:43:05] Step 1: f(alpha)=41,9208, f(alpha + h)=33,0106; k=0;
[11.11.2015 23:43:05] Step 2: a=0,0954, alpha1=0,1054, k=2; Go to step 4!
[11.11.2015 23:43:05] Step 4: alphak=0,1154
[11.11.2015 23:43:05] Step 5: h > 0; a=alpha(k-1)=0,1054
[11.11.2015 23:43:05] k = k + 1 = 3; Go to step 4!
[11.11.2015 23:43:05] Step 4: alphak=0,1354
[11.11.2015 23:43:05] Step 5: h > 0; b=alphak=0,1354
[11.11.2015 23:43:05] Step 6: Interval is: [0,1054 ; 0,1354]
[11.11.2015 23:43:05] Dichotomy method has been started!
[11.11.2015 23:43:05] Counting: delta = eps / 10 = 0,001
[11.11.2015 23:43:05] Step 1: counting alpha_1 = 0,1194, alpha_2 = 0,1214
[11.11.2015 23:43:05] Step 3: f(0,1194) = 490,3014 <= f(0,1214) = 515,0252; b = alpha_2 = 0,1214.
[11.11.2015 23:43:05] Step 4: (b-a)/2 = 0,0080 < eps = 0,0100; STOP SEARCHING!
[11.11.2015 23:43:05] Iter 0: Answer is in the range: [0,1054; 0,1214]
[11.11.2015 23:43:05] Step 5: alpha_end = (a+b)/2; Minimum x* is: 0,1134
[11.11.2015 23:43:05] Step 9: New alpha 0,113420002937317
[11.11.2015 23:43:05] Step 10: New local search point DenseMatrix 2x1-Double
1,81505
2,63583

[11.11.2015 23:43:05] Step 11: Iteration end.
[11.11.2015 23:43:05] Step 2: ITERATION number 1
[11.11.2015 23:43:05] Step 5: Sk = DenseMatrix 2x1-Double
1,81505
2,63583

[11.11.2015 23:43:05] Step 6: Yk = DenseMatrix 2x1-Double
-16,3488
 35,7204

[11.11.2015 23:43:05] Step 7: Quasi-Newton matrix: 
DenseMatrix 2x2-Double
1,05396E+14  4,82386E+13
1,53057E+14  7,00524E+13

[11.11.2015 23:43:05] Step 8: Search vector: DenseMatrix 2x1-Double
2,85873E+15
4,15146E+15

[11.11.2015 23:43:05] DSK method started!
[11.11.2015 23:43:05] Step 1: f(alpha)=432,5092, f(alpha + h)=595,3429; k=0;
[11.11.2015 23:43:05] Step 3: b=0,1134, alpha1=0,1234, h=-0,0100, k=2.
[11.11.2015 23:43:05] Step 4: alphak=0,0934
[11.11.2015 23:43:05] Step 5: h > 0; b=alpha(k-1)=0,1034
[11.11.2015 23:43:05] k = k + 1 = 3; Go to step 4!
[11.11.2015 23:43:05] Step 4: alphak=0,0734
[11.11.2015 23:43:05] Step 5: h > 0; b=alpha(k-1)=0,0934
[11.11.2015 23:43:05] k = k + 1 = 4; Go to step 4!
[11.11.2015 23:43:05] Step 4: alphak=0,0334
[11.11.2015 23:43:05] Step 5: h > 0; b=alpha(k-1)=0,0734
[11.11.2015 23:43:05] k = k + 1 = 5; Go to step 4!
[11.11.2015 23:43:05] Step 4: alphak=-0,0466
[11.11.2015 23:43:05] Step 5: h < 0; a=alphak-0,0466
[11.11.2015 23:43:05] Step 6: Interval is: [-0,0466 ; 0,0734]
[11.11.2015 23:43:05] Dichotomy method has been started!
[11.11.2015 23:43:05] Counting: delta = eps / 10 = 0,001
[11.11.2015 23:43:05] Step 1: counting alpha_1 = 0,0124, alpha_2 = 0,0144
[11.11.2015 23:43:05] Step 3: f(0,0124) = 60206762373852500000000000000000000000000000000000000000000,0000 > f(0,0144) = 60206762373852400000000000000000000000000000000000000000000,0000; a = alpha_1 = 0,0124.
[11.11.2015 23:43:05] Iter 0: Answer is in the range: [0,0124; 0,0734]
[11.11.2015 23:43:05] Step 1: counting alpha_1 = 0,0419, alpha_2 = 0,0439
[11.11.2015 23:43:05] Step 3: f(0,0419) = 60206762373852400000000000000000000000000000000000000000000,0000 > f(0,0439) = 60206762373852400000000000000000000000000000000000000000000,0000; a = alpha_1 = 0,0419.
[11.11.2015 23:43:05] Iter 1: Answer is in the range: [0,0419; 0,0734]
[11.11.2015 23:43:05] Step 1: counting alpha_1 = 0,0567, alpha_2 = 0,0587
[11.11.2015 23:43:05] Step 3: f(0,0567) = 60206762373852400000000000000000000000000000000000000000000,0000 <= f(0,0587) = 60206762373852400000000000000000000000000000000000000000000,0000; b = alpha_2 = 0,0587.
[11.11.2015 23:43:05] Step 4: (b-a)/2 = 0,0084 < eps = 0,0100; STOP SEARCHING!
[11.11.2015 23:43:05] Iter 2: Answer is in the range: [0,0419; 0,0587]
[11.11.2015 23:43:05] Step 5: alpha_end = (a+b)/2; Minimum x* is: 0,0503
[11.11.2015 23:43:05] Step 9: New alpha 0,0502950029373169
[11.11.2015 23:43:05] Step 10: New local search point DenseMatrix 2x1-Double
 1,4378E+14
2,08798E+14

[11.11.2015 23:43:05] Step 11: Iteration end.
[11.11.2015 23:43:05] Step 2: ITERATION number 2
[11.11.2015 23:43:05] Step 5: Sk = DenseMatrix 2x1-Double
 1,4378E+14
2,08798E+14

[11.11.2015 23:43:05] Step 6: Yk = DenseMatrix 2x1-Double
1,38562E+43
4,84967E+43

[11.11.2015 23:43:05] Step 7: Quasi-Newton matrix: 
DenseMatrix 2x2-Double
NaN  NaN
NaN  NaN

[11.11.2015 23:43:05] Step 8: Search vector: DenseMatrix 2x1-Double
NaN
NaN

[11.11.2015 23:43:05] DSK method started!
[11.11.2015 23:43:05] Step 1: f(alpha)=35631512424975300000000000000000000000000000000000000000000000000000000000000000000000000000000000000000000000000000000000000000000000000000000000000000000000000000000000,0000, f(alpha + h)=73597012945132000000000000000000000000000000000000000000000000000000000000000000000000000000000000000000000000000000000000000000000000000000000000000000000000000000000000,0000; k=0;
[11.11.2015 23:43:05] Step 3: b=0,0503, alpha1=0,0603, h=-0,0100, k=2.
[11.11.2015 23:43:05] Step 4: alphak=0,0303
[11.11.2015 23:43:05] Step 5: h > 0; b=alpha(k-1)=0,0403
[11.11.2015 23:43:05] k = k + 1 = 3; Go to step 4!
[11.11.2015 23:43:05] Step 4: alphak=0,0103
[11.11.2015 23:43:05] Step 5: h > 0; b=alpha(k-1)=0,0303
[11.11.2015 23:43:05] k = k + 1 = 4; Go to step 4!
[11.11.2015 23:43:05] Step 4: alphak=-0,0297
[11.11.2015 23:43:05] Step 5: h < 0; a=alphak-0,0297
[11.11.2015 23:43:05] Step 6: Interval is: [-0,0297 ; 0,0303]
[11.11.2015 23:43:05] Dichotomy method has been started!
[11.11.2015 23:43:05] Counting: delta = eps / 10 = 0,001
[11.11.2015 23:43:05] Step 1: counting alpha_1 = -0,0007, alpha_2 = 0,0013
[11.11.2015 23:43:05] Step 3: f(-0,0007) = NaN > f(0,0013) = NaN; a = alpha_1 = -0,0007.
[11.11.2015 23:43:05] Iter 0: Answer is in the range: [-0,0007; 0,0303]
[11.11.2015 23:43:05] Step 1: counting alpha_1 = 0,0138, alpha_2 = 0,0158
[11.11.2015 23:43:05] Step 3: f(0,0138) = NaN > f(0,0158) = NaN; a = alpha_1 = 0,0138.
[11.11.2015 23:43:05] Step 4: (b-a)/2 = 0,0083 < eps = 0,0100; STOP SEARCHING!
[11.11.2015 23:43:05] Iter 1: Answer is in the range: [0,0138; 0,0303]
[11.11.2015 23:43:05] Step 5: alpha_end = (a+b)/2; Minimum x* is: 0,0220
[11.11.2015 23:43:05] Step 9: New alpha 0,0220450029373169
[11.11.2015 23:43:05] Step 10: New local search point DenseMatrix 2x1-Double
NaN
NaN

[11.11.2015 23:43:05] Step 11: Iteration end.
[11.11.2015 23:43:05] Step 2: ITERATION number 3
[11.11.2015 23:43:05] Step 5: Sk = DenseMatrix 2x1-Double
NaN
NaN

[11.11.2015 23:43:05] Step 6: Yk = DenseMatrix 2x1-Double
NaN
NaN

[11.11.2015 23:43:05] Step 7: Quasi-Newton matrix: 
DenseMatrix 2x2-Double
NaN  NaN
NaN  NaN

[11.11.2015 23:43:05] Step 8: Search vector: DenseMatrix 2x1-Double
NaN
NaN

[11.11.2015 23:43:05] DSK method started!
[11.11.2015 23:43:05] Step 1: f(alpha)=NaN, f(alpha + h)=NaN; k=0;
[11.11.2015 23:43:05] Step 3: b=0,0220, alpha1=0,0320, h=-0,0100, k=2.
[11.11.2015 23:43:05] Step 4: alphak=0,0020
[11.11.2015 23:43:05] Step 5: h > 0; b=alpha(k-1)=0,0120
[11.11.2015 23:43:05] k = k + 1 = 3; Go to step 4!
[11.11.2015 23:43:05] Step 4: alphak=-0,0180
[11.11.2015 23:43:05] Step 5: h > 0; b=alpha(k-1)=0,0020
[11.11.2015 23:43:05] k = k + 1 = 4; Go to step 4!
[11.11.2015 23:43:05] Step 4: alphak=-0,0580
[11.11.2015 23:43:05] Step 5: h > 0; b=alpha(k-1)=-0,0180
[11.11.2015 23:43:05] k = k + 1 = 5; Go to step 4!
[11.11.2015 23:43:05] Step 4: alphak=-0,1380
[11.11.2015 23:43:05] Step 5: h > 0; b=alpha(k-1)=-0,0580
[11.11.2015 23:43:05] k = k + 1 = 6; Go to step 4!
[11.11.2015 23:43:05] Step 4: alphak=-0,2980
[11.11.2015 23:43:05] Step 5: h > 0; b=alpha(k-1)=-0,1380
[11.11.2015 23:43:05] k = k + 1 = 7; Go to step 4!
[11.11.2015 23:43:05] Step 4: alphak=-0,6180
[11.11.2015 23:43:05] Step 5: h > 0; b=alpha(k-1)=-0,2980
[11.11.2015 23:43:05] k = k + 1 = 8; Go to step 4!
[11.11.2015 23:43:05] Step 4: alphak=-1,2580
[11.11.2015 23:43:05] Step 5: h > 0; b=alpha(k-1)=-0,6180
[11.11.2015 23:43:05] k = k + 1 = 9; Go to step 4!
[11.11.2015 23:43:05] Step 4: alphak=-2,5380
[11.11.2015 23:43:05] Step 5: h > 0; b=alpha(k-1)=-1,2580
[11.11.2015 23:43:05] k = k + 1 = 10; Go to step 4!
[11.11.2015 23:43:05] Step 4: alphak=-5,0980
[11.11.2015 23:43:05] Step 5: h > 0; b=alpha(k-1)=-2,5380
[11.11.2015 23:43:05] k = k + 1 = 11; Go to step 4!
[11.11.2015 23:43:05] Step 4: alphak=-10,2180
[11.11.2015 23:43:05] Step 5: h > 0; b=alpha(k-1)=-5,0980
[11.11.2015 23:43:05] k = k + 1 = 12; Go to step 4!
[11.11.2015 23:43:05] Step 4: alphak=-20,4580
[11.11.2015 23:43:05] Step 5: h > 0; b=alpha(k-1)=-10,2180
[11.11.2015 23:43:05] k = k + 1 = 13; Go to step 4!
[11.11.2015 23:43:05] Step 4: alphak=-40,9380
[11.11.2015 23:43:05] Step 5: h > 0; b=alpha(k-1)=-20,4580
[11.11.2015 23:43:05] k = k + 1 = 14; Go to step 4!
[11.11.2015 23:43:05] Step 4: alphak=-81,8980
[11.11.2015 23:43:05] Step 5: h > 0; b=alpha(k-1)=-40,9380
[11.11.2015 23:43:05] k = k + 1 = 15; Go to step 4!
[11.11.2015 23:43:05] Step 4: alphak=-163,8180
[11.11.2015 23:43:05] Step 5: h > 0; b=alpha(k-1)=-81,8980
[11.11.2015 23:43:05] k = k + 1 = 16; Go to step 4!
[11.11.2015 23:43:05] Step 4: alphak=-327,6580
[11.11.2015 23:43:05] Step 5: h > 0; b=alpha(k-1)=-163,8180
[11.11.2015 23:43:05] k = k + 1 = 17; Go to step 4!
[11.11.2015 23:43:05] Step 4: alphak=-655,3380
[11.11.2015 23:43:05] Step 5: h > 0; b=alpha(k-1)=-327,6580
[11.11.2015 23:43:05] k = k + 1 = 18; Go to step 4!
[11.11.2015 23:43:05] Step 4: alphak=-1310,6980
[11.11.2015 23:43:05] Step 5: h > 0; b=alpha(k-1)=-655,3380
[11.11.2015 23:43:05] k = k + 1 = 19; Go to step 4!
[11.11.2015 23:43:05] Step 4: alphak=-2621,4180
[11.11.2015 23:43:05] Step 5: h > 0; b=alpha(k-1)=-1310,6980
[11.11.2015 23:43:05] k = k + 1 = 20; Go to step 4!
[11.11.2015 23:43:05] Step 4: alphak=-5242,8580
[11.11.2015 23:43:05] Step 5: h > 0; b=alpha(k-1)=-2621,4180
[11.11.2015 23:43:05] k = k + 1 = 21; Go to step 4!
[11.11.2015 23:43:05] Step 4: alphak=-10485,7380
[11.11.2015 23:43:05] Step 5: h > 0; b=alpha(k-1)=-5242,8580
[11.11.2015 23:43:05] k = k + 1 = 22; Go to step 4!
[11.11.2015 23:43:05] Step 4: alphak=-20971,4980
[11.11.2015 23:43:05] Step 5: h > 0; b=alpha(k-1)=-10485,7380
[11.11.2015 23:43:05] k = k + 1 = 23; Go to step 4!
[11.11.2015 23:43:05] Step 4: alphak=-41943,0180
[11.11.2015 23:43:06] Step 5: h > 0; b=alpha(k-1)=-20971,4980
[11.11.2015 23:43:06] k = k + 1 = 24; Go to step 4!
[11.11.2015 23:43:06] Step 4: alphak=-83886,0580
[11.11.2015 23:43:06] Step 5: h > 0; b=alpha(k-1)=-41943,0180
[11.11.2015 23:43:06] k = k + 1 = 25; Go to step 4!
[11.11.2015 23:43:06] Step 4: alphak=-167772,1380
[11.11.2015 23:43:06] Step 5: h > 0; b=alpha(k-1)=-83886,0580
[11.11.2015 23:43:06] k = k + 1 = 26; Go to step 4!
[11.11.2015 23:43:06] Step 4: alphak=-335544,2980
[11.11.2015 23:43:06] Step 5: h > 0; b=alpha(k-1)=-167772,1380
[11.11.2015 23:43:06] k = k + 1 = 27; Go to step 4!
[11.11.2015 23:43:06] Step 4: alphak=-671088,6180
[11.11.2015 23:43:06] Step 5: h > 0; b=alpha(k-1)=-335544,2980
[11.11.2015 23:43:06] k = k + 1 = 28; Go to step 4!
[11.11.2015 23:43:06] Step 4: alphak=-1342177,2580
[11.11.2015 23:43:06] Step 5: h > 0; b=alpha(k-1)=-671088,6180
[11.11.2015 23:43:06] k = k + 1 = 29; Go to step 4!
[11.11.2015 23:43:06] Step 4: alphak=-2684354,5380
[11.11.2015 23:43:06] Step 5: h > 0; b=alpha(k-1)=-1342177,2580
[11.11.2015 23:43:06] k = k + 1 = 30; Go to step 4!
[11.11.2015 23:43:06] Step 4: alphak=-5368709,0980
[11.11.2015 23:43:06] Step 5: h > 0; b=alpha(k-1)=-2684354,5380
[11.11.2015 23:43:06] k = k + 1 = 31; Go to step 4!
[11.11.2015 23:43:06] Step 4: alphak=-10737418,2180
[11.11.2015 23:43:06] Step 5: h > 0; b=alpha(k-1)=-5368709,0980
[11.11.2015 23:43:06] k = k + 1 = 32; Go to step 4!
[11.11.2015 23:43:06] Step 4: alphak=-21474836,4580
[11.11.2015 23:43:06] Step 5: h > 0; b=alpha(k-1)=-10737418,2180
[11.11.2015 23:43:06] k = k + 1 = 33; Go to step 4!
[11.11.2015 23:43:06] Step 4: alphak=-42949672,9380
[11.11.2015 23:43:06] Step 5: h > 0; b=alpha(k-1)=-21474836,4580
[11.11.2015 23:43:06] k = k + 1 = 34; Go to step 4!
[11.11.2015 23:43:06] Step 4: alphak=-85899345,8980
[11.11.2015 23:43:06] Step 5: h > 0; b=alpha(k-1)=-42949672,9380
[11.11.2015 23:43:06] k = k + 1 = 35; Go to step 4!
[11.11.2015 23:43:06] Step 4: alphak=-171798691,8180
[11.11.2015 23:43:06] Step 5: h > 0; b=alpha(k-1)=-85899345,8980
[11.11.2015 23:43:06] k = k + 1 = 36; Go to step 4!
[11.11.2015 23:43:06] Step 4: alphak=-343597383,6580
[11.11.2015 23:43:06] Step 5: h > 0; b=alpha(k-1)=-171798691,8180
[11.11.2015 23:43:06] k = k + 1 = 37; Go to step 4!
[11.11.2015 23:43:06] Step 4: alphak=-687194767,3380
[11.11.2015 23:43:06] Step 5: h > 0; b=alpha(k-1)=-343597383,6580
[11.11.2015 23:43:06] k = k + 1 = 38; Go to step 4!
[11.11.2015 23:43:06] Step 4: alphak=-1374389534,6980
[11.11.2015 23:43:06] Step 5: h > 0; b=alpha(k-1)=-687194767,3380
[11.11.2015 23:43:06] k = k + 1 = 39; Go to step 4!
[11.11.2015 23:43:06] Step 4: alphak=-2748779069,4180
[11.11.2015 23:43:06] Step 5: h > 0; b=alpha(k-1)=-1374389534,6980
[11.11.2015 23:43:06] k = k + 1 = 40; Go to step 4!
[11.11.2015 23:43:06] Step 4: alphak=-5497558138,8580
[11.11.2015 23:43:06] Step 5: h > 0; b=alpha(k-1)=-2748779069,4180
[11.11.2015 23:43:06] k = k + 1 = 41; Go to step 4!
[11.11.2015 23:43:06] Step 4: alphak=-10995116277,7380
[11.11.2015 23:43:06] Step 5: h > 0; b=alpha(k-1)=-5497558138,8580
[11.11.2015 23:43:06] k = k + 1 = 42; Go to step 4!
[11.11.2015 23:43:06] Step 4: alphak=-21990232555,4980
[11.11.2015 23:43:06] Step 5: h > 0; b=alpha(k-1)=-10995116277,7380
[11.11.2015 23:43:06] k = k + 1 = 43; Go to step 4!
[11.11.2015 23:43:06] Step 4: alphak=-43980465111,0180
[11.11.2015 23:43:06] Step 5: h > 0; b=alpha(k-1)=-21990232555,4980
[11.11.2015 23:43:06] k = k + 1 = 44; Go to step 4!
[11.11.2015 23:43:06] Step 4: alphak=-87960930222,0580
[11.11.2015 23:43:06] Step 5: h > 0; b=alpha(k-1)=-43980465111,0180
[11.11.2015 23:43:06] k = k + 1 = 45; Go to step 4!
[11.11.2015 23:43:06] Step 4: alphak=-175921860444,1380
[11.11.2015 23:43:06] Step 5: h > 0; b=alpha(k-1)=-87960930222,0580
[11.11.2015 23:43:06] k = k + 1 = 46; Go to step 4!
[11.11.2015 23:43:06] Step 4: alphak=-351843720888,2980
[11.11.2015 23:43:06] Step 5: h > 0; b=alpha(k-1)=-175921860444,1380
[11.11.2015 23:43:06] k = k + 1 = 47; Go to step 4!
[11.11.2015 23:43:06] Step 4: alphak=-703687441776,6180
[11.11.2015 23:43:06] Step 5: h > 0; b=alpha(k-1)=-351843720888,2980
[11.11.2015 23:43:06] k = k + 1 = 48; Go to step 4!
[11.11.2015 23:43:06] Step 4: alphak=-1407374883553,2600
[11.11.2015 23:43:06] Step 5: h > 0; b=alpha(k-1)=-703687441776,6180
[11.11.2015 23:43:06] k = k + 1 = 49; Go to step 4!
[11.11.2015 23:43:06] Step 4: alphak=-2814749767106,5400
[11.11.2015 23:43:06] Step 5: h > 0; b=alpha(k-1)=-1407374883553,2600
[11.11.2015 23:43:06] k = k + 1 = 50; Go to step 4!
[11.11.2015 23:43:06] Step 4: alphak=-5629499534213,1000
[11.11.2015 23:43:06] Step 5: h > 0; b=alpha(k-1)=-2814749767106,5400
[11.11.2015 23:43:06] k = k + 1 = 51; Go to step 4!
[11.11.2015 23:43:06] Step 4: alphak=-11258999068426,2000
[11.11.2015 23:43:06] Step 5: h > 0; b=alpha(k-1)=-5629499534213,1000
[11.11.2015 23:43:06] k = k + 1 = 52; Go to step 4!
[11.11.2015 23:43:06] Step 4: alphak=-22517998136852,5000
[11.11.2015 23:43:06] Step 5: h > 0; b=alpha(k-1)=-11258999068426,2000
[11.11.2015 23:43:06] k = k + 1 = 53; Go to step 4!
[11.11.2015 23:43:06] Step 4: alphak=-45035996273704,9000
[11.11.2015 23:43:06] Step 5: h > 0; b=alpha(k-1)=-22517998136852,5000
[11.11.2015 23:43:06] k = k + 1 = 54; Go to step 4!
[11.11.2015 23:43:06] Step 4: alphak=-90071992547409,9000
[11.11.2015 23:43:06] Step 5: h > 0; b=alpha(k-1)=-45035996273704,9000
[11.11.2015 23:43:06] k = k + 1 = 55; Go to step 4!
[11.11.2015 23:43:06] Step 4: alphak=-180143985094820,0000
[11.11.2015 23:43:06] Step 5: h > 0; b=alpha(k-1)=-90071992547409,9000
[11.11.2015 23:43:06] k = k + 1 = 56; Go to step 4!
[11.11.2015 23:43:06] Step 4: alphak=-360287970189640,0000
[11.11.2015 23:43:06] Step 5: h > 0; b=alpha(k-1)=-180143985094820,0000
[11.11.2015 23:43:06] k = k + 1 = 57; Go to step 4!
[11.11.2015 23:43:06] Step 4: alphak=-720575940379279,0000
[11.11.2015 23:43:06] Step 5: h > 0; b=alpha(k-1)=-360287970189640,0000
[11.11.2015 23:43:06] k = k + 1 = 58; Go to step 4!
[11.11.2015 23:43:06] Step 4: alphak=-1441151880758560,0000
[11.11.2015 23:43:06] Step 5: h > 0; b=alpha(k-1)=-720575940379279,0000
[11.11.2015 23:43:06] k = k + 1 = 59; Go to step 4!
[11.11.2015 23:43:06] Step 4: alphak=-2882303761517120,0000
[11.11.2015 23:43:06] Step 5: h > 0; b=alpha(k-1)=-1441151880758560,0000
[11.11.2015 23:43:06] k = k + 1 = 60; Go to step 4!
[11.11.2015 23:43:06] Step 4: alphak=-5764607523034240,0000
[11.11.2015 23:43:06] Step 5: h > 0; b=alpha(k-1)=-2882303761517120,0000
[11.11.2015 23:43:06] k = k + 1 = 61; Go to step 4!
[11.11.2015 23:43:06] Step 4: alphak=-11529215046068500,0000
[11.11.2015 23:43:06] Step 5: h > 0; b=alpha(k-1)=-5764607523034240,0000
[11.11.2015 23:43:06] k = k + 1 = 62; Go to step 4!
[11.11.2015 23:43:06] Step 4: alphak=-23058430092136900,0000
[11.11.2015 23:43:06] Step 5: h > 0; b=alpha(k-1)=-11529215046068500,0000
[11.11.2015 23:43:06] k = k + 1 = 63; Go to step 4!
[11.11.2015 23:43:06] Step 4: alphak=-46116860184273900,0000
[11.11.2015 23:43:06] Step 5: h > 0; b=alpha(k-1)=-23058430092136900,0000
[11.11.2015 23:43:06] k = k + 1 = 64; Go to step 4!
[11.11.2015 23:43:06] Step 4: alphak=-92233720368547800,0000
[11.11.2015 23:43:06] Step 5: h > 0; b=alpha(k-1)=-46116860184273900,0000
[11.11.2015 23:43:06] k = k + 1 = 65; Go to step 4!
[11.11.2015 23:43:06] Step 4: alphak=-184467440737096000,0000
[11.11.2015 23:43:06] Step 5: h > 0; b=alpha(k-1)=-92233720368547800,0000
[11.11.2015 23:43:06] k = k + 1 = 66; Go to step 4!
[11.11.2015 23:43:06] Step 4: alphak=-368934881474191000,0000
[11.11.2015 23:43:06] Step 5: h > 0; b=alpha(k-1)=-184467440737096000,0000
[11.11.2015 23:43:06] k = k + 1 = 67; Go to step 4!
[11.11.2015 23:43:06] Step 4: alphak=-737869762948382000,0000
[11.11.2015 23:43:06] Step 5: h > 0; b=alpha(k-1)=-368934881474191000,0000
[11.11.2015 23:43:06] k = k + 1 = 68; Go to step 4!
[11.11.2015 23:43:06] Step 4: alphak=-1475739525896760000,0000
[11.11.2015 23:43:06] Step 5: h > 0; b=alpha(k-1)=-737869762948382000,0000
[11.11.2015 23:43:06] k = k + 1 = 69; Go to step 4!
[11.11.2015 23:43:06] Step 4: alphak=-2951479051793530000,0000
[11.11.2015 23:43:06] Step 5: h > 0; b=alpha(k-1)=-1475739525896760000,0000
[11.11.2015 23:43:06] k = k + 1 = 70; Go to step 4!
[11.11.2015 23:43:06] Step 4: alphak=-5902958103587060000,0000
[11.11.2015 23:43:06] Step 5: h > 0; b=alpha(k-1)=-2951479051793530000,0000
[11.11.2015 23:43:06] k = k + 1 = 71; Go to step 4!
[11.11.2015 23:43:06] Step 4: alphak=-11805916207174100000,0000
[11.11.2015 23:43:06] Step 5: h > 0; b=alpha(k-1)=-5902958103587060000,0000
[11.11.2015 23:43:06] k = k + 1 = 72; Go to step 4!
[11.11.2015 23:43:06] Step 4: alphak=-23611832414348200000,0000
[11.11.2015 23:43:06] Step 5: h > 0; b=alpha(k-1)=-11805916207174100000,0000
[11.11.2015 23:43:06] k = k + 1 = 73; Go to step 4!
[11.11.2015 23:43:06] Step 4: alphak=-47223664828696500000,0000
[11.11.2015 23:43:06] Step 5: h > 0; b=alpha(k-1)=-23611832414348200000,0000
[11.11.2015 23:43:06] k = k + 1 = 74; Go to step 4!
[11.11.2015 23:43:06] Step 4: alphak=-94447329657392900000,0000
[11.11.2015 23:43:06] Step 5: h > 0; b=alpha(k-1)=-47223664828696500000,0000
[11.11.2015 23:43:06] k = k + 1 = 75; Go to step 4!
[11.11.2015 23:43:06] Step 4: alphak=-188894659314786000000,0000
[11.11.2015 23:43:06] Step 5: h > 0; b=alpha(k-1)=-94447329657392900000,0000
[11.11.2015 23:43:06] k = k + 1 = 76; Go to step 4!
[11.11.2015 23:43:06] Step 4: alphak=-377789318629572000000,0000
[11.11.2015 23:43:06] Step 5: h > 0; b=alpha(k-1)=-188894659314786000000,0000
[11.11.2015 23:43:06] k = k + 1 = 77; Go to step 4!
[11.11.2015 23:43:06] Step 4: alphak=-755578637259143000000,0000
[11.11.2015 23:43:06] Step 5: h > 0; b=alpha(k-1)=-377789318629572000000,0000
[11.11.2015 23:43:06] k = k + 1 = 78; Go to step 4!
[11.11.2015 23:43:06] Step 4: alphak=-1511157274518290000000,0000
[11.11.2015 23:43:06] Step 5: h > 0; b=alpha(k-1)=-755578637259143000000,0000
[11.11.2015 23:43:07] k = k + 1 = 79; Go to step 4!
[11.11.2015 23:43:07] Step 4: alphak=-3022314549036570000000,0000
[11.11.2015 23:43:07] Step 5: h > 0; b=alpha(k-1)=-1511157274518290000000,0000
[11.11.2015 23:43:07] k = k + 1 = 80; Go to step 4!
[11.11.2015 23:43:07] Step 4: alphak=-6044629098073150000000,0000
[11.11.2015 23:43:07] Step 5: h > 0; b=alpha(k-1)=-3022314549036570000000,0000
[11.11.2015 23:43:07] k = k + 1 = 81; Go to step 4!
[11.11.2015 23:43:07] Step 4: alphak=-12089258196146300000000,0000
[11.11.2015 23:43:07] Step 5: h > 0; b=alpha(k-1)=-6044629098073150000000,0000
[11.11.2015 23:43:07] k = k + 1 = 82; Go to step 4!
[11.11.2015 23:43:07] Step 4: alphak=-24178516392292600000000,0000
[11.11.2015 23:43:07] Step 5: h > 0; b=alpha(k-1)=-12089258196146300000000,0000
[11.11.2015 23:43:07] k = k + 1 = 83; Go to step 4!
[11.11.2015 23:43:07] Step 4: alphak=-48357032784585200000000,0000
[11.11.2015 23:43:07] Step 5: h > 0; b=alpha(k-1)=-24178516392292600000000,0000
[11.11.2015 23:43:07] k = k + 1 = 84; Go to step 4!
[11.11.2015 23:43:07] Step 4: alphak=-96714065569170300000000,0000
[11.11.2015 23:43:07] Step 5: h > 0; b=alpha(k-1)=-48357032784585200000000,0000
[11.11.2015 23:43:07] k = k + 1 = 85; Go to step 4!
[11.11.2015 23:43:07] Step 4: alphak=-193428131138341000000000,0000
[11.11.2015 23:43:07] Step 5: h > 0; b=alpha(k-1)=-96714065569170300000000,0000
[11.11.2015 23:43:07] k = k + 1 = 86; Go to step 4!
[11.11.2015 23:43:07] Step 4: alphak=-386856262276681000000000,0000
[11.11.2015 23:43:07] Step 5: h > 0; b=alpha(k-1)=-193428131138341000000000,0000
[11.11.2015 23:43:07] k = k + 1 = 87; Go to step 4!
[11.11.2015 23:43:07] Step 4: alphak=-773712524553363000000000,0000
[11.11.2015 23:43:07] Step 5: h > 0; b=alpha(k-1)=-386856262276681000000000,0000
[11.11.2015 23:43:07] k = k + 1 = 88; Go to step 4!
[11.11.2015 23:43:07] Step 4: alphak=-1547425049106730000000000,0000
[11.11.2015 23:43:07] Step 5: h > 0; b=alpha(k-1)=-773712524553363000000000,0000
[11.11.2015 23:43:07] k = k + 1 = 89; Go to step 4!
[11.11.2015 23:43:07] Step 4: alphak=-3094850098213450000000000,0000
[11.11.2015 23:43:07] Step 5: h > 0; b=alpha(k-1)=-1547425049106730000000000,0000
[11.11.2015 23:43:07] k = k + 1 = 90; Go to step 4!
[11.11.2015 23:43:07] Step 4: alphak=-6189700196426900000000000,0000
[11.11.2015 23:43:07] Step 5: h > 0; b=alpha(k-1)=-3094850098213450000000000,0000
[11.11.2015 23:43:07] k = k + 1 = 91; Go to step 4!
[11.11.2015 23:43:07] Step 4: alphak=-12379400392853800000000000,0000
[11.11.2015 23:43:07] Step 5: h > 0; b=alpha(k-1)=-6189700196426900000000000,0000
[11.11.2015 23:43:07] k = k + 1 = 92; Go to step 4!
[11.11.2015 23:43:07] Step 4: alphak=-24758800785707600000000000,0000
[11.11.2015 23:43:07] Step 5: h > 0; b=alpha(k-1)=-12379400392853800000000000,0000
[11.11.2015 23:43:07] k = k + 1 = 93; Go to step 4!
[11.11.2015 23:43:07] Step 4: alphak=-49517601571415200000000000,0000
[11.11.2015 23:43:07] Step 5: h > 0; b=alpha(k-1)=-24758800785707600000000000,0000
[11.11.2015 23:43:07] k = k + 1 = 94; Go to step 4!
[11.11.2015 23:43:07] Step 4: alphak=-99035203142830400000000000,0000
[11.11.2015 23:43:07] Step 5: h > 0; b=alpha(k-1)=-49517601571415200000000000,0000
[11.11.2015 23:43:07] k = k + 1 = 95; Go to step 4!
[11.11.2015 23:43:07] Step 4: alphak=-198070406285661000000000000,0000
[11.11.2015 23:43:07] Step 5: h > 0; b=alpha(k-1)=-99035203142830400000000000,0000
[11.11.2015 23:43:07] k = k + 1 = 96; Go to step 4!
[11.11.2015 23:43:07] Step 4: alphak=-396140812571322000000000000,0000
[11.11.2015 23:43:07] Step 5: h > 0; b=alpha(k-1)=-198070406285661000000000000,0000
[11.11.2015 23:43:07] k = k + 1 = 97; Go to step 4!
[11.11.2015 23:43:07] Step 4: alphak=-792281625142643000000000000,0000
[11.11.2015 23:43:07] Step 5: h > 0; b=alpha(k-1)=-396140812571322000000000000,0000
[11.11.2015 23:43:07] k = k + 1 = 98; Go to step 4!
[11.11.2015 23:43:07] Step 4: alphak=-1584563250285290000000000000,0000
[11.11.2015 23:43:07] Step 5: h > 0; b=alpha(k-1)=-792281625142643000000000000,0000
[11.11.2015 23:43:07] k = k + 1 = 99; Go to step 4!
[11.11.2015 23:43:07] Step 4: alphak=-3169126500570570000000000000,0000
[11.11.2015 23:43:07] Step 5: h > 0; b=alpha(k-1)=-1584563250285290000000000000,0000
[11.11.2015 23:43:07] k = k + 1 = 100; Go to step 4!
[11.11.2015 23:43:07] Step 4: alphak=-6338253001141150000000000000,0000
[11.11.2015 23:43:07] Step 5: h > 0; b=alpha(k-1)=-3169126500570570000000000000,0000
[11.11.2015 23:43:07] k = k + 1 = 101; Go to step 4!
[11.11.2015 23:43:07] Step 4: alphak=-12676506002282300000000000000,0000
[11.11.2015 23:43:07] Step 5: h > 0; b=alpha(k-1)=-6338253001141150000000000000,0000
[11.11.2015 23:43:07] k = k + 1 = 102; Go to step 4!
[11.11.2015 23:43:07] Step 4: alphak=-25353012004564600000000000000,0000
[11.11.2015 23:43:07] Step 5: h > 0; b=alpha(k-1)=-12676506002282300000000000000,0000
[11.11.2015 23:43:07] k = k + 1 = 103; Go to step 4!
[11.11.2015 23:43:07] Step 4: alphak=-50706024009129200000000000000,0000
[11.11.2015 23:43:07] Step 5: h > 0; b=alpha(k-1)=-25353012004564600000000000000,0000
[11.11.2015 23:43:07] k = k + 1 = 104; Go to step 4!
[11.11.2015 23:43:07] Step 4: alphak=-101412048018258000000000000000,0000
[11.11.2015 23:43:07] Step 5: h > 0; b=alpha(k-1)=-50706024009129200000000000000,0000
[11.11.2015 23:43:07] k = k + 1 = 105; Go to step 4!
[11.11.2015 23:43:07] Step 4: alphak=-202824096036517000000000000000,0000
[11.11.2015 23:43:07] Step 5: h > 0; b=alpha(k-1)=-101412048018258000000000000000,0000
[11.11.2015 23:43:07] k = k + 1 = 106; Go to step 4!
[11.11.2015 23:43:07] Step 4: alphak=-405648192073033000000000000000,0000
[11.11.2015 23:43:07] Step 5: h > 0; b=alpha(k-1)=-202824096036517000000000000000,0000
[11.11.2015 23:43:07] k = k + 1 = 107; Go to step 4!
[11.11.2015 23:43:07] Step 4: alphak=-811296384146067000000000000000,0000
[11.11.2015 23:43:07] Step 5: h > 0; b=alpha(k-1)=-405648192073033000000000000000,0000
[11.11.2015 23:43:07] k = k + 1 = 108; Go to step 4!
[11.11.2015 23:43:07] Step 4: alphak=-1622592768292130000000000000000,0000
[11.11.2015 23:43:07] Step 5: h > 0; b=alpha(k-1)=-811296384146067000000000000000,0000
[11.11.2015 23:43:07] k = k + 1 = 109; Go to step 4!
[11.11.2015 23:43:07] Step 4: alphak=-3245185536584270000000000000000,0000
[11.11.2015 23:43:07] Step 5: h > 0; b=alpha(k-1)=-1622592768292130000000000000000,0000
[11.11.2015 23:43:07] k = k + 1 = 110; Go to step 4!
[11.11.2015 23:43:07] Step 4: alphak=-6490371073168530000000000000000,0000
[11.11.2015 23:43:07] Step 5: h > 0; b=alpha(k-1)=-3245185536584270000000000000000,0000
[11.11.2015 23:43:07] k = k + 1 = 111; Go to step 4!
[11.11.2015 23:43:07] Step 4: alphak=-12980742146337100000000000000000,0000
[11.11.2015 23:43:07] Step 5: h > 0; b=alpha(k-1)=-6490371073168530000000000000000,0000
[11.11.2015 23:43:07] k = k + 1 = 112; Go to step 4!
[11.11.2015 23:43:07] Step 4: alphak=-25961484292674100000000000000000,0000
[11.11.2015 23:43:07] Step 5: h > 0; b=alpha(k-1)=-12980742146337100000000000000000,0000
[11.11.2015 23:43:07] k = k + 1 = 113; Go to step 4!
[11.11.2015 23:43:07] Step 4: alphak=-51922968585348300000000000000000,0000
[11.11.2015 23:43:07] Step 5: h > 0; b=alpha(k-1)=-25961484292674100000000000000000,0000
[11.11.2015 23:43:07] k = k + 1 = 114; Go to step 4!
[11.11.2015 23:43:07] Step 4: alphak=-103845937170697000000000000000000,0000
[11.11.2015 23:43:07] Step 5: h > 0; b=alpha(k-1)=-51922968585348300000000000000000,0000
[11.11.2015 23:43:07] k = k + 1 = 115; Go to step 4!
[11.11.2015 23:43:07] Step 4: alphak=-207691874341393000000000000000000,0000
[11.11.2015 23:43:07] Step 5: h > 0; b=alpha(k-1)=-103845937170697000000000000000000,0000
[11.11.2015 23:43:07] k = k + 1 = 116; Go to step 4!
[11.11.2015 23:43:07] Step 4: alphak=-415383748682786000000000000000000,0000
[11.11.2015 23:43:07] Step 5: h > 0; b=alpha(k-1)=-207691874341393000000000000000000,0000
[11.11.2015 23:43:07] k = k + 1 = 117; Go to step 4!
[11.11.2015 23:43:07] Step 4: alphak=-830767497365572000000000000000000,0000
[11.11.2015 23:43:07] Step 5: h > 0; b=alpha(k-1)=-415383748682786000000000000000000,0000
[11.11.2015 23:43:07] k = k + 1 = 118; Go to step 4!
[11.11.2015 23:43:07] Step 4: alphak=-1661534994731140000000000000000000,0000
[11.11.2015 23:43:07] Step 5: h > 0; b=alpha(k-1)=-830767497365572000000000000000000,0000
[11.11.2015 23:43:07] k = k + 1 = 119; Go to step 4!
[11.11.2015 23:43:07] Step 4: alphak=-3323069989462290000000000000000000,0000
[11.11.2015 23:43:07] Step 5: h > 0; b=alpha(k-1)=-1661534994731140000000000000000000,0000
[11.11.2015 23:43:07] k = k + 1 = 120; Go to step 4!
[11.11.2015 23:43:07] Step 4: alphak=-6646139978924580000000000000000000,0000
[11.11.2015 23:43:07] Step 5: h > 0; b=alpha(k-1)=-3323069989462290000000000000000000,0000
[11.11.2015 23:43:07] k = k + 1 = 121; Go to step 4!
[11.11.2015 23:43:08] Step 4: alphak=-13292279957849200000000000000000000,0000
[11.11.2015 23:43:08] Step 5: h > 0; b=alpha(k-1)=-6646139978924580000000000000000000,0000
[11.11.2015 23:43:08] k = k + 1 = 122; Go to step 4!
[11.11.2015 23:43:08] Step 4: alphak=-26584559915698300000000000000000000,0000
[11.11.2015 23:43:08] Step 5: h > 0; b=alpha(k-1)=-13292279957849200000000000000000000,0000
