[23.11.2015 18:52:19] DFP method started
[23.11.2015 18:52:19] Input data. Start point DenseVector 2-Double
0
0
, epsilon 0,01000
[23.11.2015 18:52:19] Step 1: K = 0
[23.11.2015 18:52:19] Step 2: ITERATION number 0
[23.11.2015 18:52:19] Step 4: K==0, go to step 8.
[23.11.2015 18:52:19] Step 8: Search vector: DenseVector 2-Double
14,0315
22,0195

[23.11.2015 18:52:19] DSK method started!
[23.11.2015 18:52:19] Step 1: f(alpha)=167,8129, f(alpha + h)=167,0231; k=0;
[23.11.2015 18:52:19] Step 2: a=0,0015, alpha1=0,0025, k=2; Go to step 4!
[23.11.2015 18:52:19] Step 4: alphak=0,0035
[23.11.2015 18:52:19] Step 5: h > 0; a=alpha(k-1)=0,0025
[23.11.2015 18:52:19] k = k + 1 = 3; Go to step 4!
[23.11.2015 18:52:19] Step 4: alphak=0,0055
[23.11.2015 18:52:19] Step 5: h > 0; a=alpha(k-1)=0,0035
[23.11.2015 18:52:19] k = k + 1 = 4; Go to step 4!
[23.11.2015 18:52:19] Step 4: alphak=0,0095
[23.11.2015 18:52:19] Step 5: h > 0; a=alpha(k-1)=0,0055
[23.11.2015 18:52:19] k = k + 1 = 5; Go to step 4!
[23.11.2015 18:52:19] Step 4: alphak=0,0175
[23.11.2015 18:52:19] Step 5: h > 0; a=alpha(k-1)=0,0095
[23.11.2015 18:52:19] k = k + 1 = 6; Go to step 4!
[23.11.2015 18:52:19] Step 4: alphak=0,0335
[23.11.2015 18:52:19] Step 5: h > 0; a=alpha(k-1)=0,0175
[23.11.2015 18:52:19] k = k + 1 = 7; Go to step 4!
[23.11.2015 18:52:19] Step 4: alphak=0,0655
[23.11.2015 18:52:19] Step 5: h > 0; a=alpha(k-1)=0,0335
[23.11.2015 18:52:19] k = k + 1 = 8; Go to step 4!
[23.11.2015 18:52:19] Step 4: alphak=0,1295
[23.11.2015 18:52:19] Step 5: h > 0; a=alpha(k-1)=0,0655
[23.11.2015 18:52:19] k = k + 1 = 9; Go to step 4!
[23.11.2015 18:52:19] Step 4: alphak=0,2575
[23.11.2015 18:52:19] Step 5: h > 0; b=alphak=0,2575
[23.11.2015 18:52:19] Step 6: Interval is: [0,0655 ; 0,2575]
[23.11.2015 18:52:19] Dichotomy method has been started!
[23.11.2015 18:52:19] Counting: delta = eps / 10 = 0,0001
[23.11.2015 18:52:19] Step 1: counting alpha_1 = 0,1614, alpha_2 = 0,1616
[23.11.2015 18:52:19] Step 3: f(0,1614) = 88,4529 <= f(0,1616) = 89,0919; b = alpha_2 = 0,1616.
[23.11.2015 18:52:19] Iter 0: Answer is in the range: [0,0655; 0,1616]
[23.11.2015 18:52:19] Step 1: counting alpha_1 = 0,1135, alpha_2 = 0,1137
[23.11.2015 18:52:19] Step 3: f(0,1135) = 32,2036 > f(0,1137) = 32,1312; a = alpha_1 = 0,1135.
[23.11.2015 18:52:19] Iter 1: Answer is in the range: [0,1135; 0,1616]
[23.11.2015 18:52:19] Step 1: counting alpha_1 = 0,1374, alpha_2 = 0,1376
[23.11.2015 18:52:19] Step 3: f(0,1374) = 39,1492 <= f(0,1376) = 39,3617; b = alpha_2 = 0,1376.
[23.11.2015 18:52:19] Iter 2: Answer is in the range: [0,1135; 0,1376]
[23.11.2015 18:52:19] Step 1: counting alpha_1 = 0,1254, alpha_2 = 0,1256
[23.11.2015 18:52:19] Step 3: f(0,1254) = 31,4226 <= f(0,1256) = 31,4762; b = alpha_2 = 0,1256.
[23.11.2015 18:52:19] Iter 3: Answer is in the range: [0,1135; 0,1256]
[23.11.2015 18:52:19] Step 1: counting alpha_1 = 0,1194, alpha_2 = 0,1196
[23.11.2015 18:52:19] Step 3: f(0,1194) = 30,8710 > f(0,1196) = 30,8577; a = alpha_1 = 0,1194.
[23.11.2015 18:52:19] Iter 4: Answer is in the range: [0,1194; 0,1256]
[23.11.2015 18:52:19] Step 1: counting alpha_1 = 0,1224, alpha_2 = 0,1226
[23.11.2015 18:52:19] Step 3: f(0,1224) = 30,8965 <= f(0,1226) = 30,9157; b = alpha_2 = 0,1226.
[23.11.2015 18:52:19] Iter 5: Answer is in the range: [0,1194; 0,1226]
[23.11.2015 18:52:19] Step 1: counting alpha_1 = 0,1209, alpha_2 = 0,1211
[23.11.2015 18:52:19] Step 3: f(0,1209) = 30,8230 <= f(0,1211) = 30,8257; b = alpha_2 = 0,1211.
[23.11.2015 18:52:19] Step 4: (b-a)/2 = 0,0008 < eps = 0,0010; STOP SEARCHING!
[23.11.2015 18:52:19] Iter 6: Answer is in the range: [0,1194; 0,1211]
[23.11.2015 18:52:19] Step 5: alpha_end = (a+b)/2; Minimum x* is: 0,1203
[23.11.2015 18:52:19] Step 9: New alpha 0,120292968763038
[23.11.2015 18:52:21] Step 10: New local search point DenseVector 2-Double
1,68789
2,64879

[23.11.2015 18:52:21] Step 11: Iteration end.
[23.11.2015 18:52:21] Step 2: ITERATION number 1
[23.11.2015 18:52:21] Step 5: Sk = DenseVector 2-Double
1,68789
2,64879

[23.11.2015 18:52:21] Step 6: Yk = DenseVector 2-Double
-19,7163
 29,0879

[23.11.2015 18:52:21] Step 7: Quasi-Newton matrix: 
DenseMatrix 2x2-Double
0,750287  0,566586
0,566586  0,475104

[23.11.2015 18:52:21] Step 8: Search vector: DenseVector 2-Double
 21,281
15,7357

[23.11.2015 18:52:21] DSK method started!
[23.11.2015 18:52:21] Step 1: f(alpha)=2119859,3929, f(alpha + h)=2202148,6946; k=0;
[23.11.2015 18:52:21] Step 3: b=0,1203, alpha1=0,1213, h=-0,0010, k=2.
[23.11.2015 18:52:21] Step 4: alphak=0,1183
[23.11.2015 18:52:21] Step 5: h > 0; b=alpha(k-1)=0,1193
[23.11.2015 18:52:21] k = k + 1 = 3; Go to step 4!
[23.11.2015 18:52:21] Step 4: alphak=0,1163
[23.11.2015 18:52:21] Step 5: h > 0; b=alpha(k-1)=0,1183
[23.11.2015 18:52:21] k = k + 1 = 4; Go to step 4!
[23.11.2015 18:52:21] Step 4: alphak=0,1123
[23.11.2015 18:52:21] Step 5: h > 0; b=alpha(k-1)=0,1163
[23.11.2015 18:52:21] k = k + 1 = 5; Go to step 4!
[23.11.2015 18:52:21] Step 4: alphak=0,1043
[23.11.2015 18:52:21] Step 5: h > 0; b=alpha(k-1)=0,1123
[23.11.2015 18:52:21] k = k + 1 = 6; Go to step 4!
[23.11.2015 18:52:21] Step 4: alphak=0,0883
[23.11.2015 18:52:21] Step 5: h > 0; b=alpha(k-1)=0,1043
[23.11.2015 18:52:21] k = k + 1 = 7; Go to step 4!
[23.11.2015 18:52:21] Step 4: alphak=0,0563
[23.11.2015 18:52:21] Step 5: h > 0; b=alpha(k-1)=0,0883
[23.11.2015 18:52:21] k = k + 1 = 8; Go to step 4!
[23.11.2015 18:52:21] Step 4: alphak=-0,0077
[23.11.2015 18:52:21] Step 5: h > 0; b=alpha(k-1)=0,0563
[23.11.2015 18:52:21] k = k + 1 = 9; Go to step 4!
[23.11.2015 18:52:21] Step 4: alphak=-0,1357
[23.11.2015 18:52:21] Step 5: h < 0; a=alphak-0,1357
[23.11.2015 18:52:21] Step 6: Interval is: [-0,1357 ; 0,0563]
[23.11.2015 18:52:21] Dichotomy method has been started!
[23.11.2015 18:52:21] Counting: delta = eps / 10 = 0,0001
[23.11.2015 18:52:21] Step 1: counting alpha_1 = -0,0398, alpha_2 = -0,0396
[23.11.2015 18:52:21] Step 3: f(-0,0398) = 154962,0972 > f(-0,0396) = 152673,2226; a = alpha_1 = -0,0398.
[23.11.2015 18:52:21] Iter 0: Answer is in the range: [-0,0398; 0,0563]
[23.11.2015 18:52:21] Step 1: counting alpha_1 = 0,0081, alpha_2 = 0,0083
[23.11.2015 18:52:21] Step 3: f(0,0081) = 17,0823 <= f(0,0083) = 20,3593; b = alpha_2 = 0,0083.
[23.11.2015 18:52:21] Iter 1: Answer is in the range: [-0,0398; 0,0083]
[23.11.2015 18:52:21] Step 1: counting alpha_1 = -0,0158, alpha_2 = -0,0156
[23.11.2015 18:52:21] Step 3: f(-0,0158) = 14232,1679 > f(-0,0156) = 13841,3347; a = alpha_1 = -0,0158.
[23.11.2015 18:52:21] Iter 2: Answer is in the range: [-0,0158; 0,0083]
[23.11.2015 18:52:21] Step 1: counting alpha_1 = -0,0038, alpha_2 = -0,0036
[23.11.2015 18:52:21] Step 3: f(-0,0038) = 1524,6378 > f(-0,0036) = 1446,1267; a = alpha_1 = -0,0038.
[23.11.2015 18:52:21] Iter 3: Answer is in the range: [-0,0038; 0,0083]
[23.11.2015 18:52:21] Step 1: counting alpha_1 = 0,0021, alpha_2 = 0,0023
[23.11.2015 18:52:21] Step 3: f(0,0021) = 170,9031 > f(0,0023) = 153,0123; a = alpha_1 = 0,0021.
[23.11.2015 18:52:21] Iter 4: Answer is in the range: [0,0021; 0,0083]
[23.11.2015 18:52:21] Step 1: counting alpha_1 = 0,0051, alpha_2 = 0,0053
[23.11.2015 18:52:21] Step 3: f(0,0051) = 14,2112 > f(0,0053) = 10,6996; a = alpha_1 = 0,0051.
[23.11.2015 18:52:21] Iter 5: Answer is in the range: [0,0051; 0,0083]
[23.11.2015 18:52:21] Step 1: counting alpha_1 = 0,0066, alpha_2 = 0,0068
[23.11.2015 18:52:21] Step 3: f(0,0066) = 2,6150 <= f(0,0068) = 3,3044; b = alpha_2 = 0,0068.
[23.11.2015 18:52:21] Step 4: (b-a)/2 = 0,0008 < eps = 0,0010; STOP SEARCHING!
[23.11.2015 18:52:21] Iter 6: Answer is in the range: [0,0051; 0,0068]
[23.11.2015 18:52:21] Step 5: alpha_end = (a+b)/2; Minimum x* is: 0,0060
[23.11.2015 18:52:21] Step 9: New alpha 0,00599531251303849
[23.11.2015 18:52:21] Step 10: New local search point DenseVector 2-Double
1,81548
2,74313

[23.11.2015 18:52:21] Step 11: Iteration end.
[23.11.2015 18:52:21] Step 2: ITERATION number 2
[23.11.2015 18:52:21] Step 5: Sk = DenseVector 2-Double
 0,127586
0,0943404

[23.11.2015 18:52:21] Step 6: Yk = DenseVector 2-Double
2,41275
8,72691

[23.11.2015 18:52:21] Step 7: Quasi-Newton matrix: 
DenseMatrix 2x2-Double
0,693669   0,320387
0,320387  -0,446019

[23.11.2015 18:52:21] Step 8: Search vector: DenseVector 2-Double
16,6082
17,1579

[23.11.2015 18:52:21] DSK method started!
[23.11.2015 18:52:21] Step 1: f(alpha)=21,1443, f(alpha + h)=19,9182; k=0;
[23.11.2015 18:52:21] Step 2: a=0,0060, alpha1=0,0070, k=2; Go to step 4!
[23.11.2015 18:52:21] Step 4: alphak=0,0080
[23.11.2015 18:52:21] Step 5: h > 0; a=alpha(k-1)=0,0070
[23.11.2015 18:52:21] k = k + 1 = 3; Go to step 4!
[23.11.2015 18:52:21] Step 4: alphak=0,0100
[23.11.2015 18:52:22] Step 5: h > 0; a=alpha(k-1)=0,0080
[23.11.2015 18:52:22] k = k + 1 = 4; Go to step 4!
[23.11.2015 18:52:22] Step 4: alphak=0,0140
[23.11.2015 18:52:22] Step 5: h > 0; a=alpha(k-1)=0,0100
[23.11.2015 18:52:22] k = k + 1 = 5; Go to step 4!
[23.11.2015 18:52:22] Step 4: alphak=0,0220
[23.11.2015 18:52:22] Step 5: h > 0; a=alpha(k-1)=0,0140
[23.11.2015 18:52:22] k = k + 1 = 6; Go to step 4!
[23.11.2015 18:52:22] Step 4: alphak=0,0380
[23.11.2015 18:52:22] Step 5: h > 0; a=alpha(k-1)=0,0220
[23.11.2015 18:52:22] k = k + 1 = 7; Go to step 4!
[23.11.2015 18:52:22] Step 4: alphak=0,0700
[23.11.2015 18:52:22] Step 5: h > 0; b=alphak=0,0700
[23.11.2015 18:52:22] Step 6: Interval is: [0,0220 ; 0,0700]
[23.11.2015 18:52:22] Dichotomy method has been started!
[23.11.2015 18:52:22] Counting: delta = eps / 10 = 0,0001
[23.11.2015 18:52:22] Step 1: counting alpha_1 = 0,0459, alpha_2 = 0,0461
[23.11.2015 18:52:22] Step 3: f(0,0459) = 1,9832 <= f(0,0461) = 2,0695; b = alpha_2 = 0,0461.
[23.11.2015 18:52:22] Iter 0: Answer is in the range: [0,0220; 0,0461]
[23.11.2015 18:52:22] Step 1: counting alpha_1 = 0,0339, alpha_2 = 0,0341
[23.11.2015 18:52:22] Step 3: f(0,0339) = 0,6129 > f(0,0341) = 0,5787; a = alpha_1 = 0,0339.
[23.11.2015 18:52:22] Iter 1: Answer is in the range: [0,0339; 0,0461]
[23.11.2015 18:52:22] Step 1: counting alpha_1 = 0,0399, alpha_2 = 0,0401
[23.11.2015 18:52:22] Step 3: f(0,0399) = 0,4006 <= f(0,0401) = 0,4235; b = alpha_2 = 0,0401.
[23.11.2015 18:52:22] Iter 2: Answer is in the range: [0,0339; 0,0401]
[23.11.2015 18:52:22] Step 1: counting alpha_1 = 0,0369, alpha_2 = 0,0371
[23.11.2015 18:52:22] Step 3: f(0,0369) = 0,2941 > f(0,0371) = 0,2877; a = alpha_1 = 0,0369.
[23.11.2015 18:52:22] Iter 3: Answer is in the range: [0,0369; 0,0401]
[23.11.2015 18:52:22] Step 1: counting alpha_1 = 0,0384, alpha_2 = 0,0386
[23.11.2015 18:52:22] Step 3: f(0,0384) = 0,2928 <= f(0,0386) = 0,3009; b = alpha_2 = 0,0386.
[23.11.2015 18:52:22] Step 4: (b-a)/2 = 0,0008 < eps = 0,0010; STOP SEARCHING!
[23.11.2015 18:52:22] Iter 4: Answer is in the range: [0,0369; 0,0386]
[23.11.2015 18:52:22] Step 5: alpha_end = (a+b)/2; Minimum x* is: 0,0378
[23.11.2015 18:52:22] Step 9: New alpha 0,0377796875130385
