[25.11.2015 15:21:08] Optimal gradient method started!
[25.11.2015 15:21:08] 	Data input:
(x1; x2) = (4,000; 4,000),
Alpha = 0,010,
eps = 0,010;
[25.11.2015 15:21:08] ITER 0:
[25.11.2015 15:21:08] Step 1: k = 0;
[25.11.2015 15:21:08] Step 2: gradient is (170,000, 226,000);
[25.11.2015 15:21:08] DSK method started!
[25.11.2015 15:21:08] Step 1: f(alpha)=18,5581, f(alpha + h)=31,1390; k=0;
[25.11.2015 15:21:08] Step 3: b=0,0100, alpha1=0,0110, h=-0,0010, k=2.
[25.11.2015 15:21:08] Step 4: alphak=0,0080
[25.11.2015 15:21:08] Step 5: h > 0; b=alpha(k-1)=0,0090
[25.11.2015 15:21:08] k = k + 1 = 3; Go to step 4!
[25.11.2015 15:21:08] Step 4: alphak=0,0060
[25.11.2015 15:21:08] Step 5: h < 0; a=alphak0,0060
[25.11.2015 15:21:08] Step 6: Interval is: [0,0060 ; 0,0090]
[25.11.2015 15:21:08] Dichotomy method has been started!
[25.11.2015 15:21:08] Counting: delta = eps / 10 = 0,0001
[25.11.2015 15:21:08] Step 1: counting alpha_1 = 0,0074, alpha_2 = 0,0076
[25.11.2015 15:21:08] Step 3: f(0,0074) = 2,6763 <= f(0,0076) = 2,7579; b = alpha_2 = 0,0076.
[25.11.2015 15:21:08] Step 4: (b-a)/2 = 0,0008 < eps = 0,0010; STOP SEARCHING!
[25.11.2015 15:21:08] Iter 0: Answer is in the range: [0,0060; 0,0076]
[25.11.2015 15:21:08] Step 5: alpha_end = (a+b)/2; Minimum x* is: 0,0068
[25.11.2015 15:21:08] Step 4: Alpha = 0,0068;
[25.11.2015 15:21:08] Step 5: arguments = arguments - alpha * gradientValue = (2,844; 2,463);
[25.11.2015 15:21:08] Step 6: k = k + 1 = 0;
[25.11.2015 15:21:08] Step 7: answer is: (2,844; 2,463);
[25.11.2015 15:21:08] ITER 1:
[25.11.2015 15:21:08] Step 1: k = 1;
[25.11.2015 15:21:08] Step 2: gradient is (-1,058, 18,133);
[25.11.2015 15:21:08] DSK method started!
[25.11.2015 15:21:08] Step 1: f(alpha)=2,0408, f(alpha + h)=1,8393; k=0;
[25.11.2015 15:21:08] Step 2: a=0,0068, alpha1=0,0078, k=2; Go to step 4!
[25.11.2015 15:21:08] Step 4: alphak=0,0088
[25.11.2015 15:21:08] Step 5: h > 0; a=alpha(k-1)=0,0078
[25.11.2015 15:21:08] k = k + 1 = 3; Go to step 4!
[25.11.2015 15:21:08] Step 4: alphak=0,0108
[25.11.2015 15:21:08] Step 5: h > 0; a=alpha(k-1)=0,0088
[25.11.2015 15:21:08] k = k + 1 = 4; Go to step 4!
[25.11.2015 15:21:08] Step 4: alphak=0,0148
[25.11.2015 15:21:08] Step 5: h > 0; a=alpha(k-1)=0,0108
[25.11.2015 15:21:08] k = k + 1 = 5; Go to step 4!
[25.11.2015 15:21:08] Step 4: alphak=0,0228
[25.11.2015 15:21:08] Step 5: h > 0; a=alpha(k-1)=0,0148
[25.11.2015 15:21:08] k = k + 1 = 6; Go to step 4!
[25.11.2015 15:21:08] Step 4: alphak=0,0388
[25.11.2015 15:21:08] Step 5: h > 0; b=alphak=0,0388
[25.11.2015 15:21:08] Step 6: Interval is: [0,0148 ; 0,0388]
[25.11.2015 15:21:08] Dichotomy method has been started!
[25.11.2015 15:21:08] Counting: delta = eps / 10 = 0,0001
[25.11.2015 15:21:08] Step 1: counting alpha_1 = 0,0267, alpha_2 = 0,0269
[25.11.2015 15:21:08] Step 3: f(0,0267) = 0,6393 <= f(0,0269) = 0,6492; b = alpha_2 = 0,0269.
[25.11.2015 15:21:08] Iter 0: Answer is in the range: [0,0148; 0,0269]
[25.11.2015 15:21:08] Step 1: counting alpha_1 = 0,0208, alpha_2 = 0,0210
[25.11.2015 15:21:08] Step 3: f(0,0208) = 0,5381 > f(0,0210) = 0,5351; a = alpha_1 = 0,0208.
[25.11.2015 15:21:08] Iter 1: Answer is in the range: [0,0208; 0,0269]
[25.11.2015 15:21:08] Step 1: counting alpha_1 = 0,0237, alpha_2 = 0,0239
[25.11.2015 15:21:08] Step 3: f(0,0237) = 0,5407 <= f(0,0239) = 0,5444; b = alpha_2 = 0,0239.
[25.11.2015 15:21:08] Iter 2: Answer is in the range: [0,0208; 0,0239]
[25.11.2015 15:21:08] Step 1: counting alpha_1 = 0,0222, alpha_2 = 0,0224
[25.11.2015 15:21:08] Step 3: f(0,0222) = 0,5269 <= f(0,0224) = 0,5273; b = alpha_2 = 0,0224.
[25.11.2015 15:21:08] Step 4: (b-a)/2 = 0,0008 < eps = 0,0010; STOP SEARCHING!
[25.11.2015 15:21:08] Iter 3: Answer is in the range: [0,0208; 0,0224]
[25.11.2015 15:21:08] Step 5: alpha_end = (a+b)/2; Minimum x* is: 0,0216
[25.11.2015 15:21:08] Step 4: Alpha = 0,02159375;
[25.11.2015 15:21:08] Step 5: arguments = arguments - alpha * gradientValue = (2,867; 2,072);
[25.11.2015 15:21:08] Step 6: k = k + 1 = 1;
[25.11.2015 15:21:08] Step 7: answer is: (2,867; 2,072);
[25.11.2015 15:21:08] ITER 2:
[25.11.2015 15:21:08] Step 1: k = 2;
[25.11.2015 15:21:08] Step 2: gradient is (-7,819, -0,105);
[25.11.2015 15:21:08] DSK method started!
[25.11.2015 15:21:08] Step 1: f(alpha)=0,1970, f(alpha + h)=0,2325; k=0;
[25.11.2015 15:21:08] Step 3: b=0,0216, alpha1=0,0226, h=-0,0010, k=2.
[25.11.2015 15:21:08] Step 4: alphak=0,0196
[25.11.2015 15:21:08] Step 5: h > 0; b=alpha(k-1)=0,0206
[25.11.2015 15:21:08] k = k + 1 = 3; Go to step 4!
[25.11.2015 15:21:08] Step 4: alphak=0,0176
[25.11.2015 15:21:08] Step 5: h > 0; b=alpha(k-1)=0,0196
[25.11.2015 15:21:08] k = k + 1 = 4; Go to step 4!
[25.11.2015 15:21:08] Step 4: alphak=0,0136
[25.11.2015 15:21:08] Step 5: h > 0; b=alpha(k-1)=0,0176
[25.11.2015 15:21:08] k = k + 1 = 5; Go to step 4!
[25.11.2015 15:21:08] Step 4: alphak=0,0056
[25.11.2015 15:21:08] Step 5: h < 0; a=alphak0,0056
[25.11.2015 15:21:08] Step 6: Interval is: [0,0056 ; 0,0176]
[25.11.2015 15:21:08] Dichotomy method has been started!
[25.11.2015 15:21:08] Counting: delta = eps / 10 = 0,0001
[25.11.2015 15:21:08] Step 1: counting alpha_1 = 0,0115, alpha_2 = 0,0117
[25.11.2015 15:21:08] Step 3: f(0,0115) = 0,0984 > f(0,0117) = 0,0959; a = alpha_1 = 0,0115.
[25.11.2015 15:21:08] Iter 0: Answer is in the range: [0,0115; 0,0176]
[25.11.2015 15:21:08] Step 1: counting alpha_1 = 0,0144, alpha_2 = 0,0146
[25.11.2015 15:21:08] Step 3: f(0,0144) = 0,0794 <= f(0,0146) = 0,0795; b = alpha_2 = 0,0146.
[25.11.2015 15:21:08] Iter 1: Answer is in the range: [0,0115; 0,0146]
[25.11.2015 15:21:08] Step 1: counting alpha_1 = 0,0130, alpha_2 = 0,0132
[25.11.2015 15:21:08] Step 3: f(0,0130) = 0,0841 > f(0,0132) = 0,0829; a = alpha_1 = 0,0130.
[25.11.2015 15:21:08] Step 4: (b-a)/2 = 0,0008 < eps = 0,0010; STOP SEARCHING!
[25.11.2015 15:21:08] Iter 2: Answer is in the range: [0,0130; 0,0146]
[25.11.2015 15:21:08] Step 5: alpha_end = (a+b)/2; Minimum x* is: 0,0138
[25.11.2015 15:21:08] Step 4: Alpha = 0,01380625;
[25.11.2015 15:21:08] Step 5: arguments = arguments - alpha * gradientValue = (2,975; 2,073);
[25.11.2015 15:21:08] Step 6: k = k + 1 = 2;
[25.11.2015 15:21:08] Step 7: answer is: (2,975; 2,073);
[25.11.2015 15:21:08] ITER 3:
[25.11.2015 15:21:08] Step 1: k = 3;
[25.11.2015 15:21:08] Step 2: gradient is (-0,377, 2,104);
[25.11.2015 15:21:08] DSK method started!
[25.11.2015 15:21:08] Step 1: f(alpha)=0,0307, f(alpha + h)=0,0281; k=0;
[25.11.2015 15:21:08] Step 2: a=0,0138, alpha1=0,0148, k=2; Go to step 4!
[25.11.2015 15:21:08] Step 4: alphak=0,0158
[25.11.2015 15:21:08] Step 5: h > 0; a=alpha(k-1)=0,0148
[25.11.2015 15:21:08] k = k + 1 = 3; Go to step 4!
[25.11.2015 15:21:08] Step 4: alphak=0,0178
[25.11.2015 15:21:08] Step 5: h > 0; a=alpha(k-1)=0,0158
[25.11.2015 15:21:08] k = k + 1 = 4; Go to step 4!
[25.11.2015 15:21:08] Step 4: alphak=0,0218
[25.11.2015 15:21:08] Step 5: h > 0; a=alpha(k-1)=0,0178
[25.11.2015 15:21:08] k = k + 1 = 5; Go to step 4!
[25.11.2015 15:21:08] Step 4: alphak=0,0298
[25.11.2015 15:21:08] Step 5: h > 0; a=alpha(k-1)=0,0218
[25.11.2015 15:21:08] k = k + 1 = 6; Go to step 4!
[25.11.2015 15:21:08] Step 4: alphak=0,0458
[25.11.2015 15:21:08] Step 5: h > 0; b=alphak=0,0458
[25.11.2015 15:21:08] Step 6: Interval is: [0,0218 ; 0,0458]
[25.11.2015 15:21:08] Dichotomy method has been started!
[25.11.2015 15:21:08] Counting: delta = eps / 10 = 0,0001
[25.11.2015 15:21:08] Step 1: counting alpha_1 = 0,0337, alpha_2 = 0,0339
[25.11.2015 15:21:08] Step 3: f(0,0337) = 0,0053 <= f(0,0339) = 0,0053; b = alpha_2 = 0,0339.
[25.11.2015 15:21:08] Iter 0: Answer is in the range: [0,0218; 0,0339]
[25.11.2015 15:21:08] Step 1: counting alpha_1 = 0,0278, alpha_2 = 0,0280
[25.11.2015 15:21:08] Step 3: f(0,0278) = 0,0074 > f(0,0280) = 0,0072; a = alpha_1 = 0,0278.
[25.11.2015 15:21:08] Iter 1: Answer is in the range: [0,0278; 0,0339]
[25.11.2015 15:21:08] Step 1: counting alpha_1 = 0,0307, alpha_2 = 0,0309
[25.11.2015 15:21:08] Step 3: f(0,0307) = 0,0057 > f(0,0309) = 0,0057; a = alpha_1 = 0,0307.
[25.11.2015 15:21:08] Iter 2: Answer is in the range: [0,0307; 0,0339]
[25.11.2015 15:21:08] Step 1: counting alpha_1 = 0,0322, alpha_2 = 0,0324
[25.11.2015 15:21:08] Step 3: f(0,0322) = 0,0054 > f(0,0324) = 0,0053; a = alpha_1 = 0,0322.
[25.11.2015 15:21:08] Step 4: (b-a)/2 = 0,0008 < eps = 0,0010; STOP SEARCHING!
[25.11.2015 15:21:08] Iter 3: Answer is in the range: [0,0322; 0,0339]
[25.11.2015 15:21:08] Step 5: alpha_end = (a+b)/2; Minimum x* is: 0,0331
[25.11.2015 15:21:08] Step 4: Alpha = 0,0330625;
[25.11.2015 15:21:08] Step 5: arguments = arguments - alpha * gradientValue = (2,987; 2,003);
[25.11.2015 15:21:08] Step 6: k = k + 1 = 3;
[25.11.2015 15:21:08] Step 7: answer is: (2,987; 2,003);
[25.11.2015 15:21:08] ITER 4:
[25.11.2015 15:21:08] Step 1: k = 4;
[25.11.2015 15:21:08] Step 2: gradient is (-0,864, -0,133);
[25.11.2015 15:21:08] DSK method started!
[25.11.2015 15:21:08] Step 1: f(alpha)=0,0129, f(alpha + h)=0,0141; k=0;
[25.11.2015 15:21:08] Step 3: b=0,0331, alpha1=0,0341, h=-0,0010, k=2.
[25.11.2015 15:21:08] Step 4: alphak=0,0311
[25.11.2015 15:21:08] Step 5: h > 0; b=alpha(k-1)=0,0321
[25.11.2015 15:21:08] k = k + 1 = 3; Go to step 4!
[25.11.2015 15:21:08] Step 4: alphak=0,0291
[25.11.2015 15:21:08] Step 5: h > 0; b=alpha(k-1)=0,0311
[25.11.2015 15:21:08] k = k + 1 = 4; Go to step 4!
[25.11.2015 15:21:08] Step 4: alphak=0,0251
[25.11.2015 15:21:08] Step 5: h > 0; b=alpha(k-1)=0,0291
[25.11.2015 15:21:08] k = k + 1 = 5; Go to step 4!
[25.11.2015 15:21:08] Step 4: alphak=0,0171
[25.11.2015 15:21:08] Step 5: h > 0; b=alpha(k-1)=0,0251
[25.11.2015 15:21:08] k = k + 1 = 6; Go to step 4!
[25.11.2015 15:21:08] Step 4: alphak=0,0011
[25.11.2015 15:21:08] Step 5: h < 0; a=alphak0,0011
[25.11.2015 15:21:08] Step 6: Interval is: [0,0011 ; 0,0251]
[25.11.2015 15:21:08] Dichotomy method has been started!
[25.11.2015 15:21:08] Counting: delta = eps / 10 = 0,0001
[25.11.2015 15:21:08] Step 1: counting alpha_1 = 0,0130, alpha_2 = 0,0132
[25.11.2015 15:21:08] Step 3: f(0,0130) = 0,0004 <= f(0,0132) = 0,0004; b = alpha_2 = 0,0132.
[25.11.2015 15:21:08] Iter 0: Answer is in the range: [0,0011; 0,0132]
[25.11.2015 15:21:08] Step 1: counting alpha_1 = 0,0070, alpha_2 = 0,0072
[25.11.2015 15:21:08] Step 3: f(0,0070) = 0,0014 > f(0,0072) = 0,0013; a = alpha_1 = 0,0070.
[25.11.2015 15:21:08] Iter 1: Answer is in the range: [0,0070; 0,0132]
[25.11.2015 15:21:08] Step 1: counting alpha_1 = 0,0100, alpha_2 = 0,0102
[25.11.2015 15:21:08] Step 3: f(0,0100) = 0,0006 > f(0,0102) = 0,0006; a = alpha_1 = 0,0100.
[25.11.2015 15:21:08] Iter 2: Answer is in the range: [0,0100; 0,0132]
[25.11.2015 15:21:08] Step 1: counting alpha_1 = 0,0115, alpha_2 = 0,0117
[25.11.2015 15:21:08] Step 3: f(0,0115) = 0,0004 > f(0,0117) = 0,0004; a = alpha_1 = 0,0115.
[25.11.2015 15:21:08] Step 4: (b-a)/2 = 0,0008 < eps = 0,0010; STOP SEARCHING!
[25.11.2015 15:21:08] Iter 3: Answer is in the range: [0,0115; 0,0132]
[25.11.2015 15:21:08] Step 5: alpha_end = (a+b)/2; Minimum x* is: 0,0123
[25.11.2015 15:21:08] Step 4: Alpha = 0,01231875;
[25.11.2015 15:21:08] Step 5: arguments = arguments - alpha * gradientValue = (2,998; 2,005);
[25.11.2015 15:21:08] Step 6: k = k + 1 = 4;
[25.11.2015 15:21:08] Step 7: answer is: (2,998; 2,005);
[25.11.2015 15:21:08] ITER 5:
[25.11.2015 15:21:08] Step 1: k = 5;
[25.11.2015 15:21:08] Step 2: gradient is (-0,052, 0,134);
[25.11.2015 15:21:08] DSK method started!
[25.11.2015 15:21:08] Step 1: f(alpha)=0,0002, f(alpha + h)=0,0002; k=0;
[25.11.2015 15:21:08] Step 2: a=0,0123, alpha1=0,0133, k=2; Go to step 4!
[25.11.2015 15:21:08] Step 4: alphak=0,0143
[25.11.2015 15:21:08] Step 5: h > 0; a=alpha(k-1)=0,0133
[25.11.2015 15:21:08] k = k + 1 = 3; Go to step 4!
[25.11.2015 15:21:08] Step 4: alphak=0,0163
[25.11.2015 15:21:08] Step 5: h > 0; a=alpha(k-1)=0,0143
[25.11.2015 15:21:08] k = k + 1 = 4; Go to step 4!
[25.11.2015 15:21:08] Step 4: alphak=0,0203
[25.11.2015 15:21:08] Step 5: h > 0; a=alpha(k-1)=0,0163
[25.11.2015 15:21:08] k = k + 1 = 5; Go to step 4!
[25.11.2015 15:21:08] Step 4: alphak=0,0283
[25.11.2015 15:21:08] Step 5: h > 0; a=alpha(k-1)=0,0203
[25.11.2015 15:21:08] k = k + 1 = 6; Go to step 4!
[25.11.2015 15:21:08] Step 4: alphak=0,0443
[25.11.2015 15:21:08] Step 5: h > 0; a=alpha(k-1)=0,0283
[25.11.2015 15:21:08] k = k + 1 = 7; Go to step 4!
[25.11.2015 15:21:08] Step 4: alphak=0,0763
[25.11.2015 15:21:08] Step 5: h > 0; b=alphak=0,0763
[25.11.2015 15:21:08] Step 6: Interval is: [0,0283 ; 0,0763]
[25.11.2015 15:21:08] Dichotomy method has been started!
[25.11.2015 15:21:08] Counting: delta = eps / 10 = 0,0001
[25.11.2015 15:21:08] Step 1: counting alpha_1 = 0,0522, alpha_2 = 0,0524
[25.11.2015 15:21:08] Step 3: f(0,0522) = 0,0000 <= f(0,0524) = 0,0001; b = alpha_2 = 0,0524.
[25.11.2015 15:21:08] Iter 0: Answer is in the range: [0,0283; 0,0524]
[25.11.2015 15:21:08] Step 1: counting alpha_1 = 0,0403, alpha_2 = 0,0405
[25.11.2015 15:21:08] Step 3: f(0,0403) = 0,0000 <= f(0,0405) = 0,0000; b = alpha_2 = 0,0405.
[25.11.2015 15:21:08] Iter 1: Answer is in the range: [0,0283; 0,0405]
[25.11.2015 15:21:08] Step 1: counting alpha_1 = 0,0343, alpha_2 = 0,0345
[25.11.2015 15:21:08] Step 3: f(0,0343) = 0,0000 > f(0,0345) = 0,0000; a = alpha_1 = 0,0343.
[25.11.2015 15:21:08] Iter 2: Answer is in the range: [0,0343; 0,0405]
[25.11.2015 15:21:08] Step 1: counting alpha_1 = 0,0373, alpha_2 = 0,0375
[25.11.2015 15:21:08] Step 3: f(0,0373) = 0,0000 > f(0,0375) = 0,0000; a = alpha_1 = 0,0373.
[25.11.2015 15:21:08] Iter 3: Answer is in the range: [0,0373; 0,0405]
[25.11.2015 15:21:08] Step 1: counting alpha_1 = 0,0388, alpha_2 = 0,0390
[25.11.2015 15:21:08] Step 3: f(0,0388) = 0,0000 <= f(0,0390) = 0,0000; b = alpha_2 = 0,0390.
[25.11.2015 15:21:08] Step 4: (b-a)/2 = 0,0008 < eps = 0,0010; STOP SEARCHING!
[25.11.2015 15:21:08] Iter 4: Answer is in the range: [0,0373; 0,0390]
[25.11.2015 15:21:08] Step 5: alpha_end = (a+b)/2; Minimum x* is: 0,0381
[25.11.2015 15:21:08] Step 4: Alpha = 0,038128125;
[25.11.2015 15:21:08] Step 5: arguments = arguments - alpha * gradientValue = (3,000; 2,000);
[25.11.2015 15:21:08] Step 6: k = k + 1 = 5;
[25.11.2015 15:21:08] Step 7: answer is: (3,000; 2,000);
[25.11.2015 15:21:08] ITER 6:
[25.11.2015 15:21:08] Step 1: k = 6;
[25.11.2015 15:21:08] Step 2: gradient is (-0,004, 0,002);
[25.11.2015 15:21:08] Step 3: gradient Euclidean norm is <= eps: 0,004 <= 0,01; Go to step 7!
[25.11.2015 15:21:08] Step 7: answer is: (3,000; 2,000);
[25.11.2015 15:21:17] DFP method started
[25.11.2015 15:21:17] Input data. Start point DenseVector 2-Double
4
4
, epsilon 0,01000
[25.11.2015 15:21:17] Step 1: K = 0
[25.11.2015 15:21:17] Step 2: ITERATION number 0
[25.11.2015 15:21:17] Step 4: K==0, go to step 8.
[25.11.2015 15:21:17] Step 8: Search vector: DenseVector 2-Double
-170
-226

[25.11.2015 15:21:18] Начата работа метода Дэвиса-Свенна-Кэмпи.
[25.11.2015 15:21:18] Начальная точка x0 = 0, h= 0,001
[25.11.2015 15:21:18] 1. Вычисление f(x0) = 250, f(x0+h) = 178,009771238906
[25.11.2015 15:21:18] 2. Сработало условие f(x0)>f(x0+h), f(x0) = 250, f(x0+h) = 178,009771238906
[25.11.2015 15:21:18] 4. Начало итерационного поиска
[25.11.2015 15:21:18] Итерация номер 1
[25.11.2015 15:21:18] 5. Сработало условие f(x[k-1])>f(x[k]). k = 2, f(x[k-1]) = 178,009771238906, f(x[k]) = 120,857505847209
[25.11.2015 15:21:18] Была найдена более подходящая левая граница отрезка локализации минимума: 0,001
[25.11.2015 15:21:18] Итерация номер 2
[25.11.2015 15:21:18] 5. Сработало условие f(x[k-1])>f(x[k]). k = 3, f(x[k-1]) = 120,857505847209, f(x[k]) = 44,595992445212
[25.11.2015 15:21:18] Была найдена более подходящая левая граница отрезка локализации минимума: 0,002
[25.11.2015 15:21:18] Итерация номер 3
[25.11.2015 15:21:18] 5. Сработало условие f(x[k-1])>f(x[k]). k = 4, f(x[k-1]) = 44,595992445212, f(x[k]) = 3,57761912409844
[25.11.2015 15:21:18] Была найдена более подходящая левая граница отрезка локализации минимума: 0,004
[25.11.2015 15:21:18] Итерация номер 4
[25.11.2015 15:21:18] 5. Сработало условие f(x[k-1])<=f(x[k]). k = 5, f(x[k-1]) = 3,57761912409844, f(x[k]) = 111,650553743957
[25.11.2015 15:21:18] Была найдена более подходящая правая граница отрезка локализации минимума: 0,016
[25.11.2015 15:21:18] Найдены подходящие границы отрезка локализации минимума. Это 0,004;0,016
[25.11.2015 15:21:18] Начал работу метод параболической аппроксимации Пауэлла.
[25.11.2015 15:21:18] Начальные значения, интервал 0,004;0,016, eps = 0,001
[25.11.2015 15:21:18] Итерация номер 1
[25.11.2015 15:21:18] 1. Найдено x1 = 0,004, x2 = 0,01, x3 = 0,016
[25.11.2015 15:21:18] 2. Минимальное значение: 0,004
[25.11.2015 15:21:18] 3. Пересчитан x4 = 0,00831140629828282
[25.11.2015 15:21:18] 4. x4 не достаточно приближен к истинному минимуму. Продолжение работы алгоритма.
[25.11.2015 15:21:18] 5. Точки отсортированы по возрастанию. 0,004, 0,00831140629828282, 0,01, 0,016
[25.11.2015 15:21:18] 5. Точки отсортированы по значению функции. 0,00831140629828282, 0,01, 0,004, 0,016
[25.11.2015 15:21:18] Итерация номер 2
[25.11.2015 15:21:18] 1. Найдено x1 = 0,00831140629828282, x2 = 0,01, x3 = 0,004
[25.11.2015 15:21:18] 2. Минимальное значение: 0,004
[25.11.2015 15:21:18] 3. Пересчитан x4 = 0,00774861330737072
[25.11.2015 15:21:18] 4. x4 не достаточно приближен к истинному минимуму. Продолжение работы алгоритма.
[25.11.2015 15:21:18] 5. Точки отсортированы по возрастанию. 0,004, 0,00774861330737072, 0,00831140629828282, 0,01
[25.11.2015 15:21:18] 5. Точки отсортированы по значению функции. 0,00774861330737072, 0,00831140629828282, 0,01, 0,004
[25.11.2015 15:21:18] Итерация номер 3
[25.11.2015 15:21:18] 1. Найдено x1 = 0,00774861330737072, x2 = 0,00831140629828282, x3 = 0,01
[25.11.2015 15:21:18] 2. Минимальное значение: 0,00774861330737072
[25.11.2015 15:21:18] 3. Пересчитан x4 = 0,00728956660219614
[25.11.2015 15:21:18] 4. x4 достаточно приближен к истинному минимуму. Завершение работы алгоритма.
[25.11.2015 15:21:18] Step 9: New alpha 0,00728956660219614
[25.11.2015 15:21:18] Step 10: New local search point DenseVector 2-Double
2,76077
2,35256

[25.11.2015 15:21:18] Step 11: Iteration end.
[25.11.2015 15:21:18] Step 2: ITERATION number 1
[25.11.2015 15:21:18] Step 5: Sk = DenseVector 2-Double
-1,23923
-1,64744

[25.11.2015 15:21:18] Step 6: Yk = DenseVector 2-Double
-178,735
-215,862

[25.11.2015 15:21:18] Step 7: Quasi-Newton matrix: 
DenseMatrix 2x2-Double
 0,595924  -0,487687
-0,487687    0,41144

[25.11.2015 15:21:18] Step 8: Search vector: DenseVector 2-Double
 10,1495
-8,43104

[25.11.2015 15:21:18] Начата работа метода Дэвиса-Свенна-Кэмпи.
[25.11.2015 15:21:18] Начальная точка x0 = 0,00728956660219614, h= 0,001
[25.11.2015 15:21:18] 1. Вычисление f(x0) = 1,62781427526517, f(x0+h) = 1,50320499058256
[25.11.2015 15:21:18] 2. Сработало условие f(x0)>f(x0+h), f(x0) = 1,62781427526517, f(x0+h) = 1,50320499058256
[25.11.2015 15:21:18] 4. Начало итерационного поиска
[25.11.2015 15:21:18] Итерация номер 1
[25.11.2015 15:21:18] 5. Сработало условие f(x[k-1])>f(x[k]). k = 2, f(x[k-1]) = 1,50320499058256, f(x[k]) = 1,38510968094275
[25.11.2015 15:21:18] Была найдена более подходящая левая граница отрезка локализации минимума: 0,00828956660219614
[25.11.2015 15:21:18] Итерация номер 2
[25.11.2015 15:21:18] 5. Сработало условие f(x[k-1])>f(x[k]). k = 3, f(x[k-1]) = 1,38510968094275, f(x[k]) = 1,16860927024851
[25.11.2015 15:21:18] Была найдена более подходящая левая граница отрезка локализации минимума: 0,00928956660219614
[25.11.2015 15:21:18] Итерация номер 3
[25.11.2015 15:21:18] 5. Сработало условие f(x[k-1])>f(x[k]). k = 4, f(x[k-1]) = 1,16860927024851, f(x[k]) = 0,815428320024264
[25.11.2015 15:21:18] Была найдена более подходящая левая граница отрезка локализации минимума: 0,0112895666021961
[25.11.2015 15:21:18] Итерация номер 4
[25.11.2015 15:21:18] 5. Сработало условие f(x[k-1])>f(x[k]). k = 5, f(x[k-1]) = 0,815428320024264, f(x[k]) = 0,437133988174333
[25.11.2015 15:21:18] Была найдена более подходящая левая граница отрезка локализации минимума: 0,0152895666021961
[25.11.2015 15:21:18] Итерация номер 5
[25.11.2015 15:21:18] 5. Сработало условие f(x[k-1])<=f(x[k]). k = 6, f(x[k-1]) = 0,437133988174333, f(x[k]) = 1,06817290015157
[25.11.2015 15:21:18] Была найдена более подходящая правая граница отрезка локализации минимума: 0,0392895666021961
[25.11.2015 15:21:18] Найдены подходящие границы отрезка локализации минимума. Это 0,0152895666021961;0,0392895666021961
[25.11.2015 15:21:18] Начал работу метод параболической аппроксимации Пауэлла.
[25.11.2015 15:21:18] Начальные значения, интервал 0,0152895666021961;0,0392895666021961, eps = 0,001
[25.11.2015 15:21:18] Итерация номер 1
[25.11.2015 15:21:18] 1. Найдено x1 = 0,0152895666021961, x2 = 0,0272895666021961, x3 = 0,0392895666021961
[25.11.2015 15:21:18] 2. Минимальное значение: 0,0152895666021961
[25.11.2015 15:21:18] 3. Пересчитан x4 = 0,0258440499914774
[25.11.2015 15:21:18] 4. x4 не достаточно приближен к истинному минимуму. Продолжение работы алгоритма.
[25.11.2015 15:21:18] 5. Точки отсортированы по возрастанию. 0,0152895666021961, 0,0258440499914774, 0,0272895666021961, 0,0392895666021961
[25.11.2015 15:21:18] 5. Точки отсортированы по значению функции. 0,0258440499914774, 0,0272895666021961, 0,0152895666021961, 0,0392895666021961
[25.11.2015 15:21:18] Итерация номер 2
[25.11.2015 15:21:18] 1. Найдено x1 = 0,0258440499914774, x2 = 0,0272895666021961, x3 = 0,0152895666021961
[25.11.2015 15:21:18] 2. Минимальное значение: 0,0152895666021961
[25.11.2015 15:21:18] 3. Пересчитан x4 = 0,025970158091253
[25.11.2015 15:21:18] 4. x4 не достаточно приближен к истинному минимуму. Продолжение работы алгоритма.
[25.11.2015 15:21:18] 5. Точки отсортированы по возрастанию. 0,0152895666021961, 0,0258440499914774, 0,025970158091253, 0,0272895666021961
[25.11.2015 15:21:18] 5. Точки отсортированы по значению функции. 0,025970158091253, 0,0258440499914774, 0,0272895666021961, 0,0152895666021961
[25.11.2015 15:21:18] Итерация номер 3
[25.11.2015 15:21:18] 1. Найдено x1 = 0,025970158091253, x2 = 0,0258440499914774, x3 = 0,0272895666021961
[25.11.2015 15:21:18] 2. Минимальное значение: 0,0258440499914774
[25.11.2015 15:21:18] 3. Пересчитан x4 = 0,0259826395581252
[25.11.2015 15:21:18] 4. x4 достаточно приближен к истинному минимуму. Завершение работы алгоритма.
[25.11.2015 15:21:18] Step 9: New alpha 0,0259826395581252
[25.11.2015 15:21:18] Step 10: New local search point DenseVector 2-Double
3,02448
 2,1335

[25.11.2015 15:21:18] Step 11: Iteration end.
[25.11.2015 15:21:18] Step 2: ITERATION number 2
[25.11.2015 15:21:18] Step 5: Sk = DenseVector 2-Double
  0,26371
-0,219061

[25.11.2015 15:21:18] Step 6: Yk = DenseVector 2-Double
  13,287
-4,65787

[25.11.2015 15:21:18] Step 7: Quasi-Newton matrix: 
DenseMatrix 2x2-Double
 0,0162847  -0,0101626
-0,0101626   0,0180406

[25.11.2015 15:21:18] Step 8: Search vector: DenseVector 2-Double
-0,0184378
-0,0526031

[25.11.2015 15:21:18] Начата работа метода Дэвиса-Свенна-Кэмпи.
[25.11.2015 15:21:18] Начальная точка x0 = 0,0259826395581252, h= 0,001
[25.11.2015 15:21:18] 1. Вычисление f(x0) = 0,401464844165251, f(x0+h) = 0,40109737175558
[25.11.2015 15:21:18] 2. Сработало условие f(x0)>f(x0+h), f(x0) = 0,401464844165251, f(x0+h) = 0,40109737175558
[25.11.2015 15:21:18] 4. Начало итерационного поиска
[25.11.2015 15:21:18] Итерация номер 1
[25.11.2015 15:21:18] 5. Сработало условие f(x[k-1])>f(x[k]). k = 2, f(x[k-1]) = 0,40109737175558, f(x[k]) = 0,400730077745959
[25.11.2015 15:21:18] Была найдена более подходящая левая граница отрезка локализации минимума: 0,0269826395581252
[25.11.2015 15:21:18] Итерация номер 2
[25.11.2015 15:21:18] 5. Сработало условие f(x[k-1])>f(x[k]). k = 3, f(x[k-1]) = 0,400730077745959, f(x[k]) = 0,399996024891952
[25.11.2015 15:21:18] Была найдена более подходящая левая граница отрезка локализации минимума: 0,0279826395581252
[25.11.2015 15:21:18] Итерация номер 3
[25.11.2015 15:21:18] 5. Сработало условие f(x[k-1])>f(x[k]). k = 4, f(x[k-1]) = 0,399996024891952, f(x[k]) = 0,398530059600436
[25.11.2015 15:21:18] Была найдена более подходящая левая граница отрезка локализации минимума: 0,0299826395581252
[25.11.2015 15:21:18] Итерация номер 4
[25.11.2015 15:21:18] 5. Сработало условие f(x[k-1])>f(x[k]). k = 5, f(x[k-1]) = 0,398530059600436, f(x[k]) = 0,395606688728206
[25.11.2015 15:21:18] Была найдена более подходящая левая граница отрезка локализации минимума: 0,0339826395581252
[25.11.2015 15:21:18] Итерация номер 5
[25.11.2015 15:21:18] 5. Сработало условие f(x[k-1])>f(x[k]). k = 6, f(x[k-1]) = 0,395606688728206, f(x[k]) = 0,389794170187664
[25.11.2015 15:21:18] Была найдена более подходящая левая граница отрезка локализации минимума: 0,0419826395581252
[25.11.2015 15:21:18] Итерация номер 6
[25.11.2015 15:21:18] 5. Сработало условие f(x[k-1])>f(x[k]). k = 7, f(x[k-1]) = 0,389794170187664, f(x[k]) = 0,378305900848303
[25.11.2015 15:21:18] Была найдена более подходящая левая граница отрезка локализации минимума: 0,0579826395581252
[25.11.2015 15:21:18] Итерация номер 7
[25.11.2015 15:21:18] 5. Сработало условие f(x[k-1])>f(x[k]). k = 8, f(x[k-1]) = 0,378305900848303, f(x[k]) = 0,355875433186556
[25.11.2015 15:21:18] Была найдена более подходящая левая граница отрезка локализации минимума: 0,0899826395581252
[25.11.2015 15:21:18] Итерация номер 8
[25.11.2015 15:21:18] 5. Сработало условие f(x[k-1])>f(x[k]). k = 9, f(x[k-1]) = 0,355875433186556, f(x[k]) = 0,313190792600529
[25.11.2015 15:21:18] Была найдена более подходящая левая граница отрезка локализации минимума: 0,153982639558125
[25.11.2015 15:21:18] Итерация номер 9
[25.11.2015 15:21:18] 5. Сработало условие f(x[k-1])>f(x[k]). k = 10, f(x[k-1]) = 0,313190792600529, f(x[k]) = 0,23646294003683
[25.11.2015 15:21:18] Была найдена более подходящая левая граница отрезка локализации минимума: 0,281982639558125
[25.11.2015 15:21:18] Итерация номер 10
[25.11.2015 15:21:18] 5. Сработало условие f(x[k-1])>f(x[k]). k = 11, f(x[k-1]) = 0,23646294003683, f(x[k]) = 0,117065575442217
[25.11.2015 15:21:18] Была найдена более подходящая левая граница отрезка локализации минимума: 0,537982639558125
[25.11.2015 15:21:18] Итерация номер 11
[25.11.2015 15:21:18] 5. Сработало условие f(x[k-1])>f(x[k]). k = 12, f(x[k-1]) = 0,117065575442217, f(x[k]) = 0,010487278484369
[25.11.2015 15:21:18] Была найдена более подходящая левая граница отрезка локализации минимума: 1,04998263955813
[25.11.2015 15:21:18] Итерация номер 12
[25.11.2015 15:21:18] 5. Сработало условие f(x[k-1])<=f(x[k]). k = 13, f(x[k-1]) = 0,010487278484369, f(x[k]) = 0,294733955178702
[25.11.2015 15:21:18] Была найдена более подходящая правая граница отрезка локализации минимума: 4,12198263955813
[25.11.2015 15:21:18] Найдены подходящие границы отрезка локализации минимума. Это 1,04998263955813;4,12198263955813
[25.11.2015 15:21:18] Начал работу метод параболической аппроксимации Пауэлла.
[25.11.2015 15:21:18] Начальные значения, интервал 1,04998263955813;4,12198263955813, eps = 0,001
[25.11.2015 15:21:18] Итерация номер 1
[25.11.2015 15:21:18] 1. Найдено x1 = 1,04998263955813, x2 = 2,58598263955813, x3 = 4,12198263955813
[25.11.2015 15:21:18] 2. Минимальное значение: 1,04998263955813
[25.11.2015 15:21:18] 3. Пересчитан x4 = 2,21692134728132
[25.11.2015 15:21:18] 4. x4 не достаточно приближен к истинному минимуму. Продолжение работы алгоритма.
[25.11.2015 15:21:18] 5. Точки отсортированы по возрастанию. 1,04998263955813, 2,21692134728132, 2,58598263955813, 4,12198263955813
[25.11.2015 15:21:18] 5. Точки отсортированы по значению функции. 2,21692134728132, 2,58598263955813, 1,04998263955813, 4,12198263955813
[25.11.2015 15:21:18] Итерация номер 2
[25.11.2015 15:21:18] 1. Найдено x1 = 2,21692134728132, x2 = 2,58598263955813, x3 = 1,04998263955813
[25.11.2015 15:21:18] 2. Минимальное значение: 1,04998263955813
[25.11.2015 15:21:18] 3. Пересчитан x4 = 2,20398593730001
[25.11.2015 15:21:18] 4. x4 не достаточно приближен к истинному минимуму. Продолжение работы алгоритма.
[25.11.2015 15:21:18] 5. Точки отсортированы по возрастанию. 1,04998263955813, 2,20398593730001, 2,21692134728132, 2,58598263955813
[25.11.2015 15:21:18] 5. Точки отсортированы по значению функции. 2,20398593730001, 2,21692134728132, 2,58598263955813, 1,04998263955813
[25.11.2015 15:21:18] Итерация номер 3
[25.11.2015 15:21:18] 1. Найдено x1 = 2,20398593730001, x2 = 2,21692134728132, x3 = 2,58598263955813
[25.11.2015 15:21:18] 2. Минимальное значение: 2,20398593730001
[25.11.2015 15:21:18] 3. Пересчитан x4 = 2,19998606845014
[25.11.2015 15:21:18] 4. x4 не достаточно приближен к истинному минимуму. Продолжение работы алгоритма.
[25.11.2015 15:21:18] 5. Точки отсортированы по возрастанию. 2,19998606845014, 2,20398593730001, 2,21692134728132, 2,58598263955813
[25.11.2015 15:21:18] 5. Точки отсортированы по значению функции. 2,19998606845014, 2,20398593730001, 2,21692134728132, 2,58598263955813
[25.11.2015 15:21:18] Итерация номер 4
[25.11.2015 15:21:18] 1. Найдено x1 = 2,19998606845014, x2 = 2,20398593730001, x3 = 2,21692134728132
[25.11.2015 15:21:18] 2. Минимальное значение: 2,19998606845014
[25.11.2015 15:21:18] 3. Пересчитан x4 = 2,20005606339581
[25.11.2015 15:21:18] 4. x4 достаточно приближен к истинному минимуму. Завершение работы алгоритма.
[25.11.2015 15:21:18] Step 9: New alpha 2,20005606339581
[25.11.2015 15:21:18] Step 10: New local search point DenseVector 2-Double
2,98392
2,01777

[25.11.2015 15:21:18] Step 11: Iteration end.
[25.11.2015 15:21:18] Step 2: ITERATION number 3
[25.11.2015 15:21:18] Step 5: Sk = DenseVector 2-Double
-0,0405641
  -0,11573

[25.11.2015 15:21:18] Step 6: Yk = DenseVector 2-Double
-5,37792
-5,19063

[25.11.2015 15:21:18] Step 7: Quasi-Newton matrix: 
DenseMatrix 2x2-Double
  0,0151814  -0,00791429
-0,00791429    0,0304958

[25.11.2015 15:21:18] Step 8: Search vector: DenseVector 2-Double
0,0148278
-0,015363

[25.11.2015 15:21:18] Начата работа метода Дэвиса-Свенна-Кэмпи.
[25.11.2015 15:21:18] Начальная точка x0 = 2,20005606339581, h= 0,001
[25.11.2015 15:21:18] 1. Вычисление f(x0) = 0,00921102773594533, f(x0+h) = 0,00922777477853817
[25.11.2015 15:21:18] 3. Сработало условие f(x0)<=f(x0+h), f(x0) = 0,00921102773594533, f(x0+h) = 0,00922777477853817
[25.11.2015 15:21:18] 4. Начало итерационного поиска
[25.11.2015 15:21:18] Итерация номер 1
[25.11.2015 15:21:18] 5. Сработало условие f(x[k-1])>f(x[k]). k = 2, f(x[k-1]) = 0,00919429595835978, f(x[k]) = 0,00917757944571723
[25.11.2015 15:21:18] Была найдена более подходящая правая граница отрезка локализации минимума: 2,19905606339581
[25.11.2015 15:21:18] Итерация номер 2
[25.11.2015 15:21:18] 5. Сработало условие f(x[k-1])>f(x[k]). k = 3, f(x[k-1]) = 0,00917757944571723, f(x[k]) = 0,00914419221500372
[25.11.2015 15:21:18] Была найдена более подходящая правая граница отрезка локализации минимума: 2,19805606339581
[25.11.2015 15:21:18] Итерация номер 3
[25.11.2015 15:21:18] 5. Сработало условие f(x[k-1])>f(x[k]). k = 4, f(x[k-1]) = 0,00914419221500372, f(x[k]) = 0,00907760093004181
[25.11.2015 15:21:18] Была найдена более подходящая правая граница отрезка локализации минимума: 2,19605606339581
[25.11.2015 15:21:18] Итерация номер 4
[25.11.2015 15:21:18] 5. Сработало условие f(x[k-1])>f(x[k]). k = 5, f(x[k-1]) = 0,00907760093004181, f(x[k]) = 0,00894515105146321
[25.11.2015 15:21:18] Была найдена более подходящая правая граница отрезка локализации минимума: 2,19205606339581
[25.11.2015 15:21:18] Итерация номер 5
[25.11.2015 15:21:18] 5. Сработало условие f(x[k-1])>f(x[k]). k = 6, f(x[k-1]) = 0,00894515105146321, f(x[k]) = 0,00868318194357206
[25.11.2015 15:21:18] Была найдена более подходящая правая граница отрезка локализации минимума: 2,18405606339581
[25.11.2015 15:21:18] Итерация номер 6
[25.11.2015 15:21:18] 5. Сработало условие f(x[k-1])>f(x[k]). k = 7, f(x[k-1]) = 0,00868318194357206, f(x[k]) = 0,00817096539645918
[25.11.2015 15:21:18] Была найдена более подходящая правая граница отрезка локализации минимума: 2,16805606339581
[25.11.2015 15:21:18] Итерация номер 7
[25.11.2015 15:21:18] 5. Сработало условие f(x[k-1])>f(x[k]). k = 8, f(x[k-1]) = 0,00817096539645918, f(x[k]) = 0,00719341155838241
[25.11.2015 15:21:18] Была найдена более подходящая правая граница отрезка локализации минимума: 2,13605606339581
[25.11.2015 15:21:18] Итерация номер 8
[25.11.2015 15:21:18] 5. Сработало условие f(x[k-1])>f(x[k]). k = 9, f(x[k-1]) = 0,00719341155838241, f(x[k]) = 0,00542576169603236
[25.11.2015 15:21:19] Была найдена более подходящая правая граница отрезка локализации минимума: 2,07205606339581
[25.11.2015 15:21:19] Итерация номер 9
[25.11.2015 15:21:19] 5. Сработало условие f(x[k-1])>f(x[k]). k = 10, f(x[k-1]) = 0,00542576169603236, f(x[k]) = 0,00263982173966435
[25.11.2015 15:21:19] Была найдена более подходящая правая граница отрезка локализации минимума: 1,94405606339581
[25.11.2015 15:21:19] Итерация номер 10
[25.11.2015 15:21:19] 5. Сработало условие f(x[k-1])>f(x[k]). k = 11, f(x[k-1]) = 0,00263982173966435, f(x[k]) = 6,16441967400487E-05
[25.11.2015 15:21:19] Была найдена более подходящая правая граница отрезка локализации минимума: 1,68805606339581
[25.11.2015 15:21:19] Итерация номер 11
[25.11.2015 15:21:19] 5. Сработало условие f(x[k-1])<=f(x[k]). k = 12, f(x[k-1]) = 6,16441967400487E-05, f(x[k]) = 0,00685076802625939
[25.11.2015 15:21:19] Была найдена более подходящая левая граница отрезка локализации минимума: 0,152056063395808
[25.11.2015 15:21:19] Найдены подходящие границы отрезка локализации минимума. Это 0,152056063395808;1,68805606339581
[25.11.2015 15:21:19] Начал работу метод параболической аппроксимации Пауэлла.
[25.11.2015 15:21:19] Начальные значения, интервал 0,152056063395808;1,68805606339581, eps = 0,001
[25.11.2015 15:21:19] Итерация номер 1
[25.11.2015 15:21:19] 1. Найдено x1 = 0,152056063395808, x2 = 0,920056063395808, x3 = 1,68805606339581
[25.11.2015 15:21:19] 2. Минимальное значение: 0,152056063395808
[25.11.2015 15:21:19] 3. Пересчитан x4 = 1,10060581668899
[25.11.2015 15:21:19] 4. x4 не достаточно приближен к истинному минимуму. Продолжение работы алгоритма.
[25.11.2015 15:21:19] 5. Точки отсортированы по возрастанию. 0,152056063395808, 0,920056063395808, 1,10060581668899, 1,68805606339581
[25.11.2015 15:21:19] 5. Точки отсортированы по значению функции. 1,10060581668899, 0,920056063395808, 1,68805606339581, 0,152056063395808
[25.11.2015 15:21:19] Итерация номер 2
[25.11.2015 15:21:19] 1. Найдено x1 = 1,10060581668899, x2 = 0,920056063395808, x3 = 1,68805606339581
[25.11.2015 15:21:19] 2. Минимальное значение: 0,920056063395808
[25.11.2015 15:21:19] 3. Пересчитан x4 = 1,1008670865512
[25.11.2015 15:21:19] 4. x4 не достаточно приближен к истинному минимуму. Продолжение работы алгоритма.
[25.11.2015 15:21:19] 5. Точки отсортированы по возрастанию. 0,920056063395808, 1,10060581668899, 1,1008670865512, 1,68805606339581
[25.11.2015 15:21:19] 5. Точки отсортированы по значению функции. 1,1008670865512, 1,10060581668899, 0,920056063395808, 1,68805606339581
[25.11.2015 15:21:19] Итерация номер 3
[25.11.2015 15:21:19] 1. Найдено x1 = 1,1008670865512, x2 = 1,10060581668899, x3 = 0,920056063395808
[25.11.2015 15:21:19] 2. Минимальное значение: 0,920056063395808
[25.11.2015 15:21:19] 3. Пересчитан x4 = 1,1009398085033
[25.11.2015 15:21:19] 4. x4 не достаточно приближен к истинному минимуму. Продолжение работы алгоритма.
[25.11.2015 15:21:19] 5. Точки отсортированы по возрастанию. 0,920056063395808, 1,10060581668899, 1,1008670865512, 1,1009398085033
[25.11.2015 15:21:19] 5. Точки отсортированы по значению функции. 1,1009398085033, 1,1008670865512, 1,10060581668899, 0,920056063395808
[25.11.2015 15:21:19] Итерация номер 4
[25.11.2015 15:21:19] 1. Найдено x1 = 1,1009398085033, x2 = 1,1008670865512, x3 = 1,10060581668899
[25.11.2015 15:21:19] 2. Минимальное значение: 1,10060581668899
[25.11.2015 15:21:19] 3. Пересчитан x4 = 1,10093975850914
[25.11.2015 15:21:19] 4. x4 достаточно приближен к истинному минимуму. Завершение работы алгоритма.
[25.11.2015 15:21:19] Step 9: New alpha 1,10093975850914
[25.11.2015 15:21:19] Step 10: New local search point DenseVector 2-Double
3,00024
2,00085

[25.11.2015 15:21:19] Step 11: Iteration end.
[25.11.2015 15:21:19] Step 2: ITERATION number 4
[25.11.2015 15:21:19] Step 5: Sk = DenseVector 2-Double
 0,0163246
-0,0169137

[25.11.2015 15:21:19] Step 6: Yk = DenseVector 2-Double
 0,860968
-0,255529

[25.11.2015 15:21:19] Step 7: Quasi-Newton matrix: 
DenseMatrix 2x2-Double
  0,0160642  -0,00975942
-0,00975942     0,033308

[25.11.2015 15:21:19] Step 8: Search vector: DenseVector 2-Double
-0,000233599
-0,000787016

[25.11.2015 15:21:19] Начата работа метода Дэвиса-Свенна-Кэмпи.
[25.11.2015 15:21:19] Начальная точка x0 = 1,10093975850914, h= 0,001
[25.11.2015 15:21:19] 1. Вычисление f(x0) = 1,23015852521692E-08, f(x0+h) = 1,31480186332361E-08
[25.11.2015 15:21:19] 3. Сработало условие f(x0)<=f(x0+h), f(x0) = 1,23015852521692E-08, f(x0+h) = 1,31480186332361E-08
[25.11.2015 15:21:19] 4. Начало итерационного поиска
[25.11.2015 15:21:19] Итерация номер 1
[25.11.2015 15:21:19] 5. Сработало условие f(x[k-1])>f(x[k]). k = 2, f(x[k-1]) = 1,14876026802091E-08, f(x[k]) = 1,07060709443209E-08
[25.11.2015 15:21:19] Была найдена более подходящая правая граница отрезка локализации минимума: 1,09993975850914
[25.11.2015 15:21:19] Итерация номер 2
[25.11.2015 15:21:19] 5. Сработало условие f(x[k-1])>f(x[k]). k = 3, f(x[k-1]) = 1,07060709443209E-08, f(x[k]) = 9,24036008329808E-09
[25.11.2015 15:21:19] Была найдена более подходящая правая граница отрезка локализации минимума: 1,09893975850914
[25.11.2015 15:21:19] Итерация номер 3
[25.11.2015 15:21:19] 5. Сработало условие f(x[k-1])>f(x[k]). k = 4, f(x[k-1]) = 9,24036008329808E-09, f(x[k]) = 6,69834955454543E-09
[25.11.2015 15:21:19] Была найдена более подходящая правая граница отрезка локализации минимума: 1,09693975850914
[25.11.2015 15:21:19] Итерация номер 4
[25.11.2015 15:21:19] 5. Сработало условие f(x[k-1])>f(x[k]). k = 5, f(x[k-1]) = 6,69834955454543E-09, f(x[k]) = 3,17197922135742E-09
[25.11.2015 15:21:19] Была найдена более подходящая правая граница отрезка локализации минимума: 1,09293975850914
[25.11.2015 15:21:19] Итерация номер 5
[25.11.2015 15:21:19] 5. Сработало условие f(x[k-1])>f(x[k]). k = 6, f(x[k-1]) = 3,17197922135742E-09, f(x[k]) = 2,34988905783162E-09
[25.11.2015 15:21:19] Была найдена более подходящая правая граница отрезка локализации минимума: 1,08493975850914
[25.11.2015 15:21:19] Итерация номер 6
[25.11.2015 15:21:19] 5. Сработало условие f(x[k-1])<=f(x[k]). k = 7, f(x[k-1]) = 2,34988905783162E-09, f(x[k]) = 2,56286916301734E-08
[25.11.2015 15:21:19] Была найдена более подходящая левая граница отрезка локализации минимума: 1,03693975850914
[25.11.2015 15:21:19] Найдены подходящие границы отрезка локализации минимума. Это 1,03693975850914;1,08493975850914
[25.11.2015 15:21:19] Начал работу метод параболической аппроксимации Пауэлла.
[25.11.2015 15:21:19] Начальные значения, интервал 1,03693975850914;1,08493975850914, eps = 0,001
[25.11.2015 15:21:19] Итерация номер 1
[25.11.2015 15:21:19] 1. Найдено x1 = 1,03693975850914, x2 = 1,06093975850914, x3 = 1,08493975850914
[25.11.2015 15:21:19] 2. Минимальное значение: 1,03693975850914
[25.11.2015 15:21:19] 3. Пересчитан x4 = 1,07535643630237
[25.11.2015 15:21:19] 4. x4 не достаточно приближен к истинному минимуму. Продолжение работы алгоритма.
[25.11.2015 15:21:19] 5. Точки отсортированы по возрастанию. 1,03693975850914, 1,06093975850914, 1,07535643630237, 1,08493975850914
[25.11.2015 15:21:19] 5. Точки отсортированы по значению функции. 1,07535643630237, 1,08493975850914, 1,06093975850914, 1,03693975850914
[25.11.2015 15:21:19] Итерация номер 2
[25.11.2015 15:21:19] 1. Найдено x1 = 1,07535643630237, x2 = 1,08493975850914, x3 = 1,06093975850914
[25.11.2015 15:21:19] 2. Минимальное значение: 1,06093975850914
[25.11.2015 15:21:19] 3. Пересчитан x4 = 1,07535646163865
[25.11.2015 15:21:19] 4. x4 не достаточно приближен к истинному минимуму. Продолжение работы алгоритма.
[25.11.2015 15:21:19] 5. Точки отсортированы по возрастанию. 1,06093975850914, 1,07535643630237, 1,07535646163865, 1,08493975850914
[25.11.2015 15:21:19] 5. Точки отсортированы по значению функции. 1,07535646163865, 1,07535643630237, 1,08493975850914, 1,06093975850914
[25.11.2015 15:21:19] Итерация номер 3
[25.11.2015 15:21:19] 1. Найдено x1 = 1,07535646163865, x2 = 1,07535643630237, x3 = 1,08493975850914
[25.11.2015 15:21:19] 2. Минимальное значение: 1,07535643630237
[25.11.2015 15:21:19] 3. Пересчитан x4 = 1,0753566173901
[25.11.2015 15:21:19] 4. x4 достаточно приближен к истинному минимуму. Завершение работы алгоритма.
[25.11.2015 15:21:19] Step 9: New alpha 1,0753566173901
[25.11.2015 15:21:19] Step 10: New local search point DenseVector 2-Double
2,99999
2,00001

[25.11.2015 15:21:19] Step 11: Iteration end.
[25.11.2015 15:21:19] Step 2: ITERATION number 5
[25.11.2015 15:21:19] Step 3: End of searching. Final values: Function = 1,68181173801662E-09, Point = DenseVector 2-Double
2,99999
2,00001
. Go to step 12.
[25.11.2015 15:21:19] Step 12: Search is done!
