[23.11.2015 18:27:39] DFP method started
[23.11.2015 18:27:39] Input data. Start point DenseVector 2-Double
 3
-1
, epsilon 0,01000
[23.11.2015 18:27:39] Step 1: K = 0
[23.11.2015 18:27:39] Step 2: ITERATION number 0
[23.11.2015 18:27:39] Step 4: K==0, go to step 8.
[23.11.2015 18:27:39] Step 8: Search vector: DenseVector 2-Double
41,969
-5,999

[23.11.2015 18:27:39] DSK method started!
[23.11.2015 18:27:39] Step 1: f(alpha)=14,7137, f(alpha + h)=5,6062; k=0;
[23.11.2015 18:27:39] Step 2: a=0,0010, alpha1=0,0110, k=2; Go to step 4!
[23.11.2015 18:27:39] Step 4: alphak=0,0210
[23.11.2015 18:27:39] Step 5: h > 0; b=alphak=0,0210
[23.11.2015 18:27:39] Step 6: Interval is: [0,0010 ; 0,0210]
[23.11.2015 18:27:39] Dichotomy method has been started!
[23.11.2015 18:27:39] Counting: delta = eps / 10 = 0,001
[23.11.2015 18:27:39] Step 1: counting alpha_1 = 0,0100, alpha_2 = 0,0120
[23.11.2015 18:27:39] Step 3: f(0,0100) = 5,9312 > f(0,0120) = 5,4292; a = alpha_1 = 0,0100.
[23.11.2015 18:27:39] Step 4: (b-a)/2 = 0,0055 < eps = 0,0100; STOP SEARCHING!
[23.11.2015 18:27:39] Iter 0: Answer is in the range: [0,0100; 0,0210]
[23.11.2015 18:27:39] Step 5: alpha_end = (a+b)/2; Minimum x* is: 0,0155
[23.11.2015 18:27:39] Step 9: New alpha 0,0155000000474975
[23.11.2015 18:27:39] Step 10: New local search point DenseVector 2-Double
 3,65052
-1,09298

[23.11.2015 18:27:39] Step 11: Iteration end.
[23.11.2015 18:27:39] Step 2: ITERATION number 1
[23.11.2015 18:27:39] Step 5: Sk = DenseVector 2-Double
  0,650519
-0,0929844

[23.11.2015 18:27:39] Step 6: Yk = DenseVector 2-Double
56,0992
5,92573

[23.11.2015 18:27:39] Step 7: Quasi-Newton matrix: 
DenseMatrix 2x2-Double
0,0228081  -0,106147
-0,106147   0,989206

[23.11.2015 18:27:39] Step 8: Search vector: DenseVector 2-Double
 0,93153
-10,2328

[23.11.2015 18:27:39] DSK method started!
[23.11.2015 18:27:39] Step 1: f(alpha)=2,7037, f(alpha + h)=4,7085; k=0;
[23.11.2015 18:27:39] Step 3: a=0,0055, b=0,0255; Go to step 6!
[23.11.2015 18:27:39] Step 6: Interval is: [0,0055 ; 0,0255]
[23.11.2015 18:27:39] Dichotomy method has been started!
[23.11.2015 18:27:39] Counting: delta = eps / 10 = 0,001
[23.11.2015 18:27:39] Step 1: counting alpha_1 = 0,0145, alpha_2 = 0,0165
[23.11.2015 18:27:39] Step 3: f(0,0145) = 2,6333 <= f(0,0165) = 2,7986; b = alpha_2 = 0,0165.
[23.11.2015 18:27:39] Step 4: (b-a)/2 = 0,0055 < eps = 0,0100; STOP SEARCHING!
[23.11.2015 18:27:39] Iter 0: Answer is in the range: [0,0055; 0,0165]
[23.11.2015 18:27:39] Step 5: alpha_end = (a+b)/2; Minimum x* is: 0,0110
[23.11.2015 18:27:39] Step 9: New alpha 0,0110000000474975
[23.11.2015 18:27:39] Step 10: New local search point DenseVector 2-Double
 3,66077
-1,20555

[23.11.2015 18:27:39] Step 11: Iteration end.
[23.11.2015 18:27:39] Step 2: ITERATION number 2
[23.11.2015 18:27:39] Step 5: Sk = DenseVector 2-Double
0,0102468
-0,112561

[23.11.2015 18:27:39] Step 6: Yk = DenseVector 2-Double
0,0397491
-0,384856

[23.11.2015 18:27:39] Step 7: Quasi-Newton matrix: 
DenseMatrix 2x2-Double
 0,0135689  -0,0252237
-0,0252237    0,289871

[23.11.2015 18:27:39] Step 8: Search vector: DenseVector 2-Double
0,0956152
 -2,97649

[23.11.2015 18:27:39] DSK method started!
[23.11.2015 18:27:39] Step 1: f(alpha)=2,6841, f(alpha + h)=3,4622; k=0;
[23.11.2015 18:27:39] Step 3: a=0,0010, b=0,0210; Go to step 6!
[23.11.2015 18:27:39] Step 6: Interval is: [0,0010 ; 0,0210]
[23.11.2015 18:27:39] Dichotomy method has been started!
[23.11.2015 18:27:39] Counting: delta = eps / 10 = 0,001
[23.11.2015 18:27:39] Step 1: counting alpha_1 = 0,0100, alpha_2 = 0,0120
[23.11.2015 18:27:39] Step 3: f(0,0100) = 2,7352 > f(0,0120) = 2,6572; a = alpha_1 = 0,0100.
[23.11.2015 18:27:39] Step 4: (b-a)/2 = 0,0055 < eps = 0,0100; STOP SEARCHING!
[23.11.2015 18:27:39] Iter 0: Answer is in the range: [0,0100; 0,0210]
[23.11.2015 18:27:39] Step 5: alpha_end = (a+b)/2; Minimum x* is: 0,0155
[23.11.2015 18:27:39] Step 9: New alpha 0,0155000000474975
[23.11.2015 18:27:39] Step 10: New local search point DenseVector 2-Double
 3,66225
-1,25168

[23.11.2015 18:27:39] Step 11: Iteration end.
[23.11.2015 18:27:39] Step 2: ITERATION number 3
[23.11.2015 18:27:39] Step 5: Sk = DenseVector 2-Double
0,00148204
-0,0461355

[23.11.2015 18:27:39] Step 6: Yk = DenseVector 2-Double
 -0,28049
-0,287004

[23.11.2015 18:27:39] Step 7: Quasi-Newton matrix: 
DenseMatrix 2x2-Double
 0,0131757  -0,0180406
-0,0180406     0,17838

[23.11.2015 18:27:39] Step 8: Search vector: DenseVector 2-Double
0,0138782
 -1,74703

[23.11.2015 18:27:39] DSK method started!
[23.11.2015 18:27:39] Step 1: f(alpha)=2,4624, f(alpha + h)=4,3245; k=0;
[23.11.2015 18:27:39] Step 3: a=0,0055, b=0,0255; Go to step 6!
[23.11.2015 18:27:39] Step 6: Interval is: [0,0055 ; 0,0255]
[23.11.2015 18:27:39] Dichotomy method has been started!
[23.11.2015 18:27:39] Counting: delta = eps / 10 = 0,001
[23.11.2015 18:27:39] Step 1: counting alpha_1 = 0,0145, alpha_2 = 0,0165
[23.11.2015 18:27:39] Step 3: f(0,0145) = 2,3983 <= f(0,0165) = 2,5495; b = alpha_2 = 0,0165.
[23.11.2015 18:27:39] Step 4: (b-a)/2 = 0,0055 < eps = 0,0100; STOP SEARCHING!
[23.11.2015 18:27:39] Iter 0: Answer is in the range: [0,0055; 0,0165]
[23.11.2015 18:27:39] Step 5: alpha_end = (a+b)/2; Minimum x* is: 0,0110
[23.11.2015 18:27:39] Step 9: New alpha 0,0110000000474975
[23.11.2015 18:27:39] Step 10: New local search point DenseVector 2-Double
 3,6624
-1,2709

[23.11.2015 18:27:39] Step 11: Iteration end.
[23.11.2015 18:27:39] Step 2: ITERATION number 4
[23.11.2015 18:27:39] Step 5: Sk = DenseVector 2-Double
0,000152661
 -0,0192173

[23.11.2015 18:27:39] Step 6: Yk = DenseVector 2-Double
-0,167526
 -0,14408

[23.11.2015 18:27:39] Step 7: Quasi-Newton matrix: 
DenseMatrix 2x2-Double
 0,0131362  -0,0163334
-0,0163334    0,152371

[23.11.2015 18:27:39] Step 8: Search vector: DenseVector 2-Double
-0,00177756
   -1,46159

[23.11.2015 18:27:39] DSK method started!
[23.11.2015 18:27:39] Step 1: f(alpha)=2,2806, f(alpha + h)=3,0497; k=0;
[23.11.2015 18:27:39] Step 3: a=0,0010, b=0,0210; Go to step 6!
[23.11.2015 18:27:39] Step 6: Interval is: [0,0010 ; 0,0210]
[23.11.2015 18:27:39] Dichotomy method has been started!
[23.11.2015 18:27:39] Counting: delta = eps / 10 = 0,001
[23.11.2015 18:27:39] Step 1: counting alpha_1 = 0,0100, alpha_2 = 0,0120
[23.11.2015 18:27:39] Step 3: f(0,0100) = 2,3263 > f(0,0120) = 2,2578; a = alpha_1 = 0,0100.
[23.11.2015 18:27:39] Step 4: (b-a)/2 = 0,0055 < eps = 0,0100; STOP SEARCHING!
[23.11.2015 18:27:39] Iter 0: Answer is in the range: [0,0100; 0,0210]
[23.11.2015 18:27:39] Step 5: alpha_end = (a+b)/2; Minimum x* is: 0,0155
[23.11.2015 18:27:39] Step 9: New alpha 0,0155000000474975
[23.11.2015 18:27:39] Step 10: New local search point DenseVector 2-Double
 3,66237
-1,29355

[23.11.2015 18:27:39] Step 11: Iteration end.
[23.11.2015 18:27:39] Step 2: ITERATION number 5
[23.11.2015 18:27:39] Step 5: Sk = DenseVector 2-Double
-2,75522E-05
  -0,0226546

[23.11.2015 18:27:39] Step 6: Yk = DenseVector 2-Double
-0,219544
-0,184712

[23.11.2015 18:27:39] Step 7: Quasi-Newton matrix: 
DenseMatrix 2x2-Double
 0,0131325  -0,0154598
-0,0154598    0,141024

[23.11.2015 18:27:39] Step 8: Search vector: DenseVector 2-Double
-0,0144986
   -1,3238

[23.11.2015 18:27:39] DSK method started!
[23.11.2015 18:27:39] Step 1: f(alpha)=2,1870, f(alpha + h)=3,9837; k=0;
[23.11.2015 18:27:39] Step 3: a=0,0055, b=0,0255; Go to step 6!
[23.11.2015 18:27:39] Step 6: Interval is: [0,0055 ; 0,0255]
[23.11.2015 18:27:39] Dichotomy method has been started!
[23.11.2015 18:27:39] Counting: delta = eps / 10 = 0,001
[23.11.2015 18:27:39] Step 1: counting alpha_1 = 0,0145, alpha_2 = 0,0165
[23.11.2015 18:27:39] Step 3: f(0,0145) = 2,1240 <= f(0,0165) = 2,2719; b = alpha_2 = 0,0165.
[23.11.2015 18:27:39] Step 4: (b-a)/2 = 0,0055 < eps = 0,0100; STOP SEARCHING!
[23.11.2015 18:27:39] Iter 0: Answer is in the range: [0,0055; 0,0165]
[23.11.2015 18:27:39] Step 5: alpha_end = (a+b)/2; Minimum x* is: 0,0110
[23.11.2015 18:27:39] Step 9: New alpha 0,0110000000474975
[23.11.2015 18:27:39] Step 10: New local search point DenseVector 2-Double
 3,66221
-1,30811

[23.11.2015 18:27:39] Step 11: Iteration end.
[23.11.2015 18:27:39] Step 2: ITERATION number 6
[23.11.2015 18:27:39] Step 5: Sk = DenseVector 2-Double
-0,000159485
  -0,0145618

[23.11.2015 18:27:39] Step 6: Yk = DenseVector 2-Double
-0,156086
-0,129423

[23.11.2015 18:27:39] Step 7: Quasi-Newton matrix: 
DenseMatrix 2x2-Double
 0,0131446  -0,0146204
-0,0146204    0,130145

[23.11.2015 18:27:39] Step 8: Search vector: DenseVector 2-Double
-0,0205629
  -1,20348

[23.11.2015 18:27:39] DSK method started!
[23.11.2015 18:27:39] Step 1: f(alpha)=2,0129, f(alpha + h)=2,7631; k=0;
[23.11.2015 18:27:39] Step 3: a=0,0010, b=0,0210; Go to step 6!
[23.11.2015 18:27:39] Step 6: Interval is: [0,0010 ; 0,0210]
[23.11.2015 18:27:39] Dichotomy method has been started!
[23.11.2015 18:27:39] Counting: delta = eps / 10 = 0,001
[23.11.2015 18:27:39] Step 1: counting alpha_1 = 0,0100, alpha_2 = 0,0120
[23.11.2015 18:27:39] Step 3: f(0,0100) = 2,0548 > f(0,0120) = 1,9929; a = alpha_1 = 0,0100.
[23.11.2015 18:27:39] Step 4: (b-a)/2 = 0,0055 < eps = 0,0100; STOP SEARCHING!
[23.11.2015 18:27:39] Iter 0: Answer is in the range: [0,0100; 0,0210]
[23.11.2015 18:27:39] Step 5: alpha_end = (a+b)/2; Minimum x* is: 0,0155
[23.11.2015 18:27:39] Step 9: New alpha 0,0155000000474975
[23.11.2015 18:27:39] Step 10: New local search point DenseVector 2-Double
  3,6619
-1,32677

[23.11.2015 18:27:39] Step 11: Iteration end.
[23.11.2015 18:27:39] Step 2: ITERATION number 7
[23.11.2015 18:27:39] Step 5: Sk = DenseVector 2-Double
-0,000318726
   -0,018654

[23.11.2015 18:27:39] Step 6: Yk = DenseVector 2-Double
-0,211967
-0,175218

[23.11.2015 18:27:39] Step 7: Quasi-Newton matrix: 
DenseMatrix 2x2-Double
 0,0131607  -0,0141019
-0,0141019    0,123521

[23.11.2015 18:27:39] Step 8: Search vector: DenseVector 2-Double
-0,0291526
  -1,11936

[23.11.2015 18:27:39] DSK method started!
[23.11.2015 18:27:39] Step 1: f(alpha)=1,9638, f(alpha + h)=3,6933; k=0;
[23.11.2015 18:27:39] Step 3: a=0,0055, b=0,0255; Go to step 6!
[23.11.2015 18:27:39] Step 6: Interval is: [0,0055 ; 0,0255]
[23.11.2015 18:27:39] Dichotomy method has been started!
[23.11.2015 18:27:39] Counting: delta = eps / 10 = 0,001
[23.11.2015 18:27:39] Step 1: counting alpha_1 = 0,0145, alpha_2 = 0,0165
[23.11.2015 18:27:39] Step 3: f(0,0145) = 1,9022 <= f(0,0165) = 2,0462; b = alpha_2 = 0,0165.
[23.11.2015 18:27:39] Step 4: (b-a)/2 = 0,0055 < eps = 0,0100; STOP SEARCHING!
[23.11.2015 18:27:39] Iter 0: Answer is in the range: [0,0055; 0,0165]
[23.11.2015 18:27:39] Step 5: alpha_end = (a+b)/2; Minimum x* is: 0,0110
[23.11.2015 18:27:39] Step 9: New alpha 0,0110000000474975
[23.11.2015 18:27:39] Step 10: New local search point DenseVector 2-Double
 3,66157
-1,33908

[23.11.2015 18:27:39] Step 11: Iteration end.
[23.11.2015 18:27:39] Step 2: ITERATION number 8
[23.11.2015 18:27:39] Step 5: Sk = DenseVector 2-Double
-0,000320679
  -0,0123129

[23.11.2015 18:27:39] Step 6: Yk = DenseVector 2-Double
-0,151543
-0,123561

[23.11.2015 18:27:40] Step 7: Quasi-Newton matrix: 
DenseMatrix 2x2-Double
  0,013188  -0,0135792
-0,0135792    0,116305

[23.11.2015 18:27:40] Step 8: Search vector: DenseVector 2-Double
-0,0316455
  -1,03857

[23.11.2015 18:27:40] DSK method started!
[23.11.2015 18:27:40] Step 1: f(alpha)=1,7977, f(alpha + h)=2,5259; k=0;
[23.11.2015 18:27:40] Step 3: a=0,0010, b=0,0210; Go to step 6!
[23.11.2015 18:27:40] Step 6: Interval is: [0,0010 ; 0,0210]
[23.11.2015 18:27:40] Dichotomy method has been started!
[23.11.2015 18:27:40] Counting: delta = eps / 10 = 0,001
[23.11.2015 18:27:40] Step 1: counting alpha_1 = 0,0100, alpha_2 = 0,0120
[23.11.2015 18:27:40] Step 3: f(0,0100) = 1,8362 > f(0,0120) = 1,7800; a = alpha_1 = 0,0100.
[23.11.2015 18:27:40] Step 4: (b-a)/2 = 0,0055 < eps = 0,0100; STOP SEARCHING!
[23.11.2015 18:27:40] Iter 0: Answer is in the range: [0,0100; 0,0210]
[23.11.2015 18:27:40] Step 5: alpha_end = (a+b)/2; Minimum x* is: 0,0155
[23.11.2015 18:27:40] Step 9: New alpha 0,0155000000474975
[23.11.2015 18:27:40] Step 10: New local search point DenseVector 2-Double
 3,66108
-1,35518

[23.11.2015 18:27:40] Step 11: Iteration end.
[23.11.2015 18:27:40] Step 2: ITERATION number 9
[23.11.2015 18:27:40] Step 5: Sk = DenseVector 2-Double
-0,000490506
  -0,0160978

[23.11.2015 18:27:40] Step 6: Yk = DenseVector 2-Double
-0,205508
-0,168321

[23.11.2015 18:27:40] Step 7: Quasi-Newton matrix: 
DenseMatrix 2x2-Double
 0,0132117  -0,0132165
-0,0132165    0,111774

[23.11.2015 18:27:40] Step 8: Search vector: DenseVector 2-Double
-0,0383687
 -0,978913

[23.11.2015 18:27:40] DSK method started!
[23.11.2015 18:27:40] Step 1: f(alpha)=1,7775, f(alpha + h)=3,4396; k=0;
[23.11.2015 18:27:40] Step 3: a=0,0055, b=0,0255; Go to step 6!
[23.11.2015 18:27:40] Step 6: Interval is: [0,0055 ; 0,0255]
[23.11.2015 18:27:40] Dichotomy method has been started!
[23.11.2015 18:27:40] Counting: delta = eps / 10 = 0,001
[23.11.2015 18:27:40] Step 1: counting alpha_1 = 0,0145, alpha_2 = 0,0165
[23.11.2015 18:27:40] Step 3: f(0,0145) = 1,7176 <= f(0,0165) = 1,8573; b = alpha_2 = 0,0165.
[23.11.2015 18:27:40] Step 4: (b-a)/2 = 0,0055 < eps = 0,0100; STOP SEARCHING!
[23.11.2015 18:27:40] Iter 0: Answer is in the range: [0,0055; 0,0165]
[23.11.2015 18:27:40] Step 5: alpha_end = (a+b)/2; Minimum x* is: 0,0110
[23.11.2015 18:27:40] Step 9: New alpha 0,0110000000474975
[23.11.2015 18:27:40] Step 10: New local search point DenseVector 2-Double
 3,66066
-1,36595

[23.11.2015 18:27:40] Step 11: Iteration end.
[23.11.2015 18:27:40] Step 2: ITERATION number 10
[23.11.2015 18:27:40] Step 5: Sk = DenseVector 2-Double
-0,000422056
   -0,010768

[23.11.2015 18:27:40] Step 6: Yk = DenseVector 2-Double
-0,147374
-0,118875

[23.11.2015 18:27:40] Step 7: Quasi-Newton matrix: 
DenseMatrix 2x2-Double
 0,0132437  -0,0128683
-0,0128683    0,106536

[23.11.2015 18:27:40] Step 8: Search vector: DenseVector 2-Double
-0,0388623
 -0,919497

[23.11.2015 18:27:40] DSK method started!
[23.11.2015 18:27:40] Step 1: f(alpha)=1,6182, f(alpha + h)=2,3229; k=0;
[23.11.2015 18:27:40] Step 3: a=0,0010, b=0,0210; Go to step 6!
[23.11.2015 18:27:40] Step 6: Interval is: [0,0010 ; 0,0210]
[23.11.2015 18:27:40] Dichotomy method has been started!
[23.11.2015 18:27:40] Counting: delta = eps / 10 = 0,001
[23.11.2015 18:27:40] Step 1: counting alpha_1 = 0,0100, alpha_2 = 0,0120
[23.11.2015 18:27:40] Step 3: f(0,0100) = 1,6537 > f(0,0120) = 1,6025; a = alpha_1 = 0,0100.
[23.11.2015 18:27:40] Step 4: (b-a)/2 = 0,0055 < eps = 0,0100; STOP SEARCHING!
[23.11.2015 18:27:40] Iter 0: Answer is in the range: [0,0100; 0,0210]
[23.11.2015 18:27:40] Step 5: alpha_end = (a+b)/2; Minimum x* is: 0,0155
[23.11.2015 18:27:40] Step 9: New alpha 0,0155000000474975
[23.11.2015 18:27:40] Step 10: New local search point DenseVector 2-Double
3,66006
-1,3802

[23.11.2015 18:27:40] Step 11: Iteration end.
[23.11.2015 18:27:40] Step 2: ITERATION number 11
[23.11.2015 18:27:40] Step 5: Sk = DenseVector 2-Double
-0,000602365
  -0,0142522

[23.11.2015 18:27:40] Step 6: Yk = DenseVector 2-Double
-0,199488
-0,162464

[23.11.2015 18:27:40] Step 7: Quasi-Newton matrix: 
DenseMatrix 2x2-Double
0,0132713  -0,012588
-0,012588   0,103182

[23.11.2015 18:27:40] Step 8: Search vector: DenseVector 2-Double
-0,0445702
 -0,873958

[23.11.2015 18:27:40] DSK method started!
[23.11.2015 18:27:40] Step 1: f(alpha)=1,6184, f(alpha + h)=3,2139; k=0;
[23.11.2015 18:27:40] Step 3: a=0,0055, b=0,0255; Go to step 6!
[23.11.2015 18:27:40] Step 6: Interval is: [0,0055 ; 0,0255]
[23.11.2015 18:27:40] Dichotomy method has been started!
[23.11.2015 18:27:40] Counting: delta = eps / 10 = 0,001
[23.11.2015 18:27:40] Step 1: counting alpha_1 = 0,0145, alpha_2 = 0,0165
[23.11.2015 18:27:40] Step 3: f(0,0145) = 1,5602 <= f(0,0165) = 1,6955; b = alpha_2 = 0,0165.
[23.11.2015 18:27:40] Step 4: (b-a)/2 = 0,0055 < eps = 0,0100; STOP SEARCHING!
[23.11.2015 18:27:40] Iter 0: Answer is in the range: [0,0055; 0,0165]
[23.11.2015 18:27:40] Step 5: alpha_end = (a+b)/2; Minimum x* is: 0,0110
[23.11.2015 18:27:40] Step 9: New alpha 0,0110000000474975
[23.11.2015 18:27:40] Step 10: New local search point DenseVector 2-Double
 3,65957
-1,38981

[23.11.2015 18:27:40] Step 11: Iteration end.
[23.11.2015 18:27:40] Step 2: ITERATION number 12
[23.11.2015 18:27:40] Step 5: Sk = DenseVector 2-Double
-0,000490272
 -0,00961354

[23.11.2015 18:27:40] Step 6: Yk = DenseVector 2-Double
-0,143419
-0,114796

[23.11.2015 18:27:40] Step 7: Quasi-Newton matrix: 
DenseMatrix 2x2-Double
 0,0133036  -0,0123499
-0,0123499   0,0991735

[23.11.2015 18:27:40] Step 8: Search vector: DenseVector 2-Double
-0,043787
-0,827824

[23.11.2015 18:27:40] DSK method started!
[23.11.2015 18:27:40] Step 1: f(alpha)=1,4651, f(alpha + h)=2,1456; k=0;
[23.11.2015 18:27:40] Step 3: a=0,0010, b=0,0210; Go to step 6!
[23.11.2015 18:27:40] Step 6: Interval is: [0,0010 ; 0,0210]
[23.11.2015 18:27:40] Dichotomy method has been started!
[23.11.2015 18:27:40] Counting: delta = eps / 10 = 0,001
[23.11.2015 18:27:40] Step 1: counting alpha_1 = 0,0100, alpha_2 = 0,0120
[23.11.2015 18:27:40] Step 3: f(0,0100) = 1,4979 > f(0,0120) = 1,4511; a = alpha_1 = 0,0100.
[23.11.2015 18:27:40] Step 4: (b-a)/2 = 0,0055 < eps = 0,0100; STOP SEARCHING!
[23.11.2015 18:27:40] Iter 0: Answer is in the range: [0,0100; 0,0210]
[23.11.2015 18:27:40] Step 5: alpha_end = (a+b)/2; Minimum x* is: 0,0155
[23.11.2015 18:27:40] Step 9: New alpha 0,0155000000474975
[23.11.2015 18:27:40] Step 10: New local search point DenseVector 2-Double
 3,65889
-1,40264

[23.11.2015 18:27:40] Step 11: Iteration end.
[23.11.2015 18:27:40] Step 2: ITERATION number 13
[23.11.2015 18:27:40] Step 5: Sk = DenseVector 2-Double
-0,000678699
  -0,0128313

[23.11.2015 18:27:40] Step 6: Yk = DenseVector 2-Double
-0,193766
-0,157212

[23.11.2015 18:27:40] Step 7: Quasi-Newton matrix: 
DenseMatrix 2x2-Double
 0,0133339  -0,0121171
-0,0121171   0,0965522

[23.11.2015 18:27:40] Step 8: Search vector: DenseVector 2-Double
-0,0488942
 -0,791341

[23.11.2015 18:27:40] DSK method started!
[23.11.2015 18:27:40] Step 1: f(alpha)=1,4803, f(alpha + h)=3,0105; k=0;
[23.11.2015 18:27:40] Step 3: a=0,0055, b=0,0255; Go to step 6!
[23.11.2015 18:27:40] Step 6: Interval is: [0,0055 ; 0,0255]
[23.11.2015 18:27:40] Dichotomy method has been started!
[23.11.2015 18:27:40] Counting: delta = eps / 10 = 0,001
[23.11.2015 18:27:40] Step 1: counting alpha_1 = 0,0145, alpha_2 = 0,0165
[23.11.2015 18:27:40] Step 3: f(0,0145) = 1,4239 <= f(0,0165) = 1,5547; b = alpha_2 = 0,0165.
[23.11.2015 18:27:40] Step 4: (b-a)/2 = 0,0055 < eps = 0,0100; STOP SEARCHING!
[23.11.2015 18:27:40] Iter 0: Answer is in the range: [0,0055; 0,0165]
[23.11.2015 18:27:40] Step 5: alpha_end = (a+b)/2; Minimum x* is: 0,0110
[23.11.2015 18:27:40] Step 9: New alpha 0,0110000000474975
[23.11.2015 18:27:40] Step 10: New local search point DenseVector 2-Double
 3,65835
-1,41135

[23.11.2015 18:27:40] Step 11: Iteration end.
[23.11.2015 18:27:40] Step 2: ITERATION number 14
[23.11.2015 18:27:40] Step 5: Sk = DenseVector 2-Double
-0,000537836
 -0,00870475

[23.11.2015 18:27:40] Step 6: Yk = DenseVector 2-Double
-0,139625
-0,111097

[23.11.2015 18:27:40] Step 7: Quasi-Newton matrix: 
DenseMatrix 2x2-Double
 0,0133643  -0,0119549
-0,0119549   0,0933772

[23.11.2015 18:27:40] Step 8: Search vector: DenseVector 2-Double
-0,047222
  -0,7542

[23.11.2015 18:27:40] DSK method started!
[23.11.2015 18:27:40] Step 1: f(alpha)=1,3326, f(alpha + h)=1,9884; k=0;
[23.11.2015 18:27:40] Step 3: a=0,0010, b=0,0210; Go to step 6!
[23.11.2015 18:27:40] Step 6: Interval is: [0,0010 ; 0,0210]
[23.11.2015 18:27:40] Dichotomy method has been started!
[23.11.2015 18:27:40] Counting: delta = eps / 10 = 0,001
[23.11.2015 18:27:40] Step 1: counting alpha_1 = 0,0100, alpha_2 = 0,0120
[23.11.2015 18:27:40] Step 3: f(0,0100) = 1,3629 > f(0,0120) = 1,3201; a = alpha_1 = 0,0100.
[23.11.2015 18:27:40] Step 4: (b-a)/2 = 0,0055 < eps = 0,0100; STOP SEARCHING!
[23.11.2015 18:27:40] Iter 0: Answer is in the range: [0,0100; 0,0210]
[23.11.2015 18:27:40] Step 5: alpha_end = (a+b)/2; Minimum x* is: 0,0155
[23.11.2015 18:27:40] Step 9: New alpha 0,0155000000474975
[23.11.2015 18:27:40] Step 10: New local search point DenseVector 2-Double
 3,65762
-1,42304

[23.11.2015 18:27:40] Step 11: Iteration end.
[23.11.2015 18:27:40] Step 2: ITERATION number 15
[23.11.2015 18:27:40] Step 5: Sk = DenseVector 2-Double
-0,000731941
  -0,0116901

[23.11.2015 18:27:40] Step 6: Yk = DenseVector 2-Double
-0,188279
-0,152367

[23.11.2015 18:27:40] Step 7: Quasi-Newton matrix: 
DenseMatrix 2x2-Double
 0,0133968  -0,0117504
-0,0117504   0,0912431

[23.11.2015 18:27:40] Step 8: Search vector: DenseVector 2-Double
-0,0519585
 -0,723944

[23.11.2015 18:27:40] DSK method started!
[23.11.2015 18:27:40] Step 1: f(alpha)=1,3589, f(alpha + h)=2,8255; k=0;
[23.11.2015 18:27:40] Step 3: a=0,0055, b=0,0255; Go to step 6!
[23.11.2015 18:27:40] Step 6: Interval is: [0,0055 ; 0,0255]
[23.11.2015 18:27:40] Dichotomy method has been started!
[23.11.2015 18:27:40] Counting: delta = eps / 10 = 0,001
[23.11.2015 18:27:40] Step 1: counting alpha_1 = 0,0145, alpha_2 = 0,0165
[23.11.2015 18:27:40] Step 3: f(0,0145) = 1,3044 <= f(0,0165) = 1,4306; b = alpha_2 = 0,0165.
[23.11.2015 18:27:40] Step 4: (b-a)/2 = 0,0055 < eps = 0,0100; STOP SEARCHING!
[23.11.2015 18:27:40] Iter 0: Answer is in the range: [0,0055; 0,0165]
[23.11.2015 18:27:40] Step 5: alpha_end = (a+b)/2; Minimum x* is: 0,0110
[23.11.2015 18:27:40] Step 9: New alpha 0,0110000000474975
[23.11.2015 18:27:40] Step 10: New local search point DenseVector 2-Double
3,65705
 -1,431

[23.11.2015 18:27:40] Step 11: Iteration end.
[23.11.2015 18:27:40] Step 2: ITERATION number 16
[23.11.2015 18:27:40] Step 5: Sk = DenseVector 2-Double
-0,000571543
 -0,00796338

[23.11.2015 18:27:40] Step 6: Yk = DenseVector 2-Double
-0,135968
-0,107665

[23.11.2015 18:27:40] Step 7: Quasi-Newton matrix: 
DenseMatrix 2x2-Double
  0,013424  -0,0116443
-0,0116443   0,0886695

[23.11.2015 18:27:40] Step 8: Search vector: DenseVector 2-Double
-0,0496281
 -0,693265

[23.11.2015 18:27:40] DSK method started!
[23.11.2015 18:27:40] Step 1: f(alpha)=1,2164, f(alpha + h)=1,8478; k=0;
[23.11.2015 18:27:40] Step 3: a=0,0010, b=0,0210; Go to step 6!
[23.11.2015 18:27:40] Step 6: Interval is: [0,0010 ; 0,0210]
[23.11.2015 18:27:40] Dichotomy method has been started!
[23.11.2015 18:27:40] Counting: delta = eps / 10 = 0,001
[23.11.2015 18:27:40] Step 1: counting alpha_1 = 0,0100, alpha_2 = 0,0120
[23.11.2015 18:27:40] Step 3: f(0,0100) = 1,2446 > f(0,0120) = 1,2053; a = alpha_1 = 0,0100.
[23.11.2015 18:27:40] Step 4: (b-a)/2 = 0,0055 < eps = 0,0100; STOP SEARCHING!
[23.11.2015 18:27:40] Iter 0: Answer is in the range: [0,0100; 0,0210]
[23.11.2015 18:27:40] Step 5: alpha_end = (a+b)/2; Minimum x* is: 0,0155
[23.11.2015 18:27:40] Step 9: New alpha 0,0155000000474975
[23.11.2015 18:27:40] Step 10: New local search point DenseVector 2-Double
 3,65628
-1,44175

[23.11.2015 18:27:40] Step 11: Iteration end.
[23.11.2015 18:27:40] Step 2: ITERATION number 17
[23.11.2015 18:27:40] Step 5: Sk = DenseVector 2-Double
-0,000769236
  -0,0107456

[23.11.2015 18:27:40] Step 6: Yk = DenseVector 2-Double
 -0,18299
-0,147824

[23.11.2015 18:27:40] Step 7: Quasi-Newton matrix: 
DenseMatrix 2x2-Double
 0,0134586  -0,0114567
-0,0114567   0,0868742

[23.11.2015 18:27:40] Step 8: Search vector: DenseVector 2-Double
-0,0541328
 -0,667509

[23.11.2015 18:27:40] DSK method started!
[23.11.2015 18:27:40] Step 1: f(alpha)=1,2514, f(alpha + h)=2,6560; k=0;
[23.11.2015 18:27:40] Step 3: a=0,0055, b=0,0255; Go to step 6!
[23.11.2015 18:27:40] Step 6: Interval is: [0,0055 ; 0,0255]
[23.11.2015 18:27:40] Dichotomy method has been started!
[23.11.2015 18:27:40] Counting: delta = eps / 10 = 0,001
[23.11.2015 18:27:40] Step 1: counting alpha_1 = 0,0145, alpha_2 = 0,0165
[23.11.2015 18:27:40] Step 3: f(0,0145) = 1,1987 <= f(0,0165) = 1,3204; b = alpha_2 = 0,0165.
[23.11.2015 18:27:40] Step 4: (b-a)/2 = 0,0055 < eps = 0,0100; STOP SEARCHING!
[23.11.2015 18:27:40] Iter 0: Answer is in the range: [0,0055; 0,0165]
[23.11.2015 18:27:40] Step 5: alpha_end = (a+b)/2; Minimum x* is: 0,0110
[23.11.2015 18:27:40] Step 9: New alpha 0,0110000000474975
[23.11.2015 18:27:40] Step 10: New local search point DenseVector 2-Double
 3,65568
-1,44909

[23.11.2015 18:27:40] Step 11: Iteration end.
[23.11.2015 18:27:40] Step 2: ITERATION number 18
[23.11.2015 18:27:40] Step 5: Sk = DenseVector 2-Double
-0,000595461
  -0,0073426

[23.11.2015 18:27:40] Step 6: Yk = DenseVector 2-Double
-0,132431
-0,104437

[23.11.2015 18:27:40] Step 7: Quasi-Newton matrix: 
DenseMatrix 2x2-Double
 0,0134819  -0,0113941
-0,0113941    0,084755

[23.11.2015 18:27:40] Step 8: Search vector: DenseVector 2-Double
-0,0512924
  -0,64168

[23.11.2015 18:27:40] DSK method started!
[23.11.2015 18:27:40] Step 1: f(alpha)=1,1138, f(alpha + h)=1,7208; k=0;
[23.11.2015 18:27:40] Step 3: a=0,0010, b=0,0210; Go to step 6!
[23.11.2015 18:27:40] Step 6: Interval is: [0,0010 ; 0,0210]
[23.11.2015 18:27:40] Dichotomy method has been started!
[23.11.2015 18:27:40] Counting: delta = eps / 10 = 0,001
[23.11.2015 18:27:40] Step 1: counting alpha_1 = 0,0100, alpha_2 = 0,0120
[23.11.2015 18:27:40] Step 3: f(0,0100) = 1,1399 > f(0,0120) = 1,1038; a = alpha_1 = 0,0100.
[23.11.2015 18:27:40] Step 4: (b-a)/2 = 0,0055 < eps = 0,0100; STOP SEARCHING!
[23.11.2015 18:27:40] Iter 0: Answer is in the range: [0,0100; 0,0210]
[23.11.2015 18:27:40] Step 5: alpha_end = (a+b)/2; Minimum x* is: 0,0155
[23.11.2015 18:27:40] Step 9: New alpha 0,0155000000474975
[23.11.2015 18:27:40] Step 10: New local search point DenseVector 2-Double
 3,65489
-1,45904

[23.11.2015 18:27:40] Step 11: Iteration end.
[23.11.2015 18:27:40] Step 2: ITERATION number 19
[23.11.2015 18:27:40] Step 5: Sk = DenseVector 2-Double
-0,000795033
 -0,00994605

[23.11.2015 18:27:40] Step 6: Yk = DenseVector 2-Double
-0,177878
-0,143518

[23.11.2015 18:27:40] Step 7: Quasi-Newton matrix: 
DenseMatrix 2x2-Double
 0,0135189  -0,0112159
-0,0112159   0,0832028

[23.11.2015 18:27:40] Step 8: Search vector: DenseVector 2-Double
-0,0556545
 -0,619301

[23.11.2015 18:27:40] DSK method started!
[23.11.2015 18:27:40] Step 1: f(alpha)=1,1553, f(alpha + h)=2,4999; k=0;
[23.11.2015 18:27:40] Step 3: a=0,0055, b=0,0255; Go to step 6!
[23.11.2015 18:27:40] Step 6: Interval is: [0,0055 ; 0,0255]
[23.11.2015 18:27:40] Dichotomy method has been started!
[23.11.2015 18:27:40] Counting: delta = eps / 10 = 0,001
[23.11.2015 18:27:40] Step 1: counting alpha_1 = 0,0145, alpha_2 = 0,0165
[23.11.2015 18:27:40] Step 3: f(0,0145) = 1,1045 <= f(0,0165) = 1,2217; b = alpha_2 = 0,0165.
[23.11.2015 18:27:40] Step 4: (b-a)/2 = 0,0055 < eps = 0,0100; STOP SEARCHING!
[23.11.2015 18:27:40] Iter 0: Answer is in the range: [0,0055; 0,0165]
[23.11.2015 18:27:40] Step 5: alpha_end = (a+b)/2; Minimum x* is: 0,0110
[23.11.2015 18:27:40] Step 9: New alpha 0,0110000000474975
[23.11.2015 18:27:40] Step 10: New local search point DenseVector 2-Double
 3,65428
-1,46585

[23.11.2015 18:27:40] Step 11: Iteration end.
[23.11.2015 18:27:40] Step 2: ITERATION number 20
[23.11.2015 18:27:40] Step 5: Sk = DenseVector 2-Double
 -0,0006122
-0,00681231

[23.11.2015 18:27:40] Step 6: Yk = DenseVector 2-Double
-0,129004
-0,101372

[23.11.2015 18:27:40] Step 7: Quasi-Newton matrix: 
DenseMatrix 2x2-Double
 0,0135375  -0,0111885
-0,0111885   0,0814395

[23.11.2015 18:27:40] Step 8: Search vector: DenseVector 2-Double
-0,0524045
  -0,59724

[23.11.2015 18:27:40] DSK method started!
[23.11.2015 18:27:40] Step 1: f(alpha)=1,0224, f(alpha + h)=1,6056; k=0;
[23.11.2015 18:27:40] Step 3: a=0,0010, b=0,0210; Go to step 6!
[23.11.2015 18:27:40] Step 6: Interval is: [0,0010 ; 0,0210]
[23.11.2015 18:27:40] Dichotomy method has been started!
[23.11.2015 18:27:40] Counting: delta = eps / 10 = 0,001
[23.11.2015 18:27:40] Step 1: counting alpha_1 = 0,0100, alpha_2 = 0,0120
[23.11.2015 18:27:40] Step 3: f(0,0100) = 1,0467 > f(0,0120) = 1,0136; a = alpha_1 = 0,0100.
[23.11.2015 18:27:40] Step 4: (b-a)/2 = 0,0055 < eps = 0,0100; STOP SEARCHING!
[23.11.2015 18:27:40] Iter 0: Answer is in the range: [0,0100; 0,0210]
[23.11.2015 18:27:40] Step 5: alpha_end = (a+b)/2; Minimum x* is: 0,0155
[23.11.2015 18:27:40] Step 9: New alpha 0,0155000000474975
[23.11.2015 18:27:40] Step 10: New local search point DenseVector 2-Double
 3,65346
-1,47511

[23.11.2015 18:27:40] Step 11: Iteration end.
[23.11.2015 18:27:40] Step 2: ITERATION number 21
[23.11.2015 18:27:41] Step 5: Sk = DenseVector 2-Double
-0,00081227
-0,00925721

[23.11.2015 18:27:41] Step 6: Yk = DenseVector 2-Double
-0,172929
-0,139411

[23.11.2015 18:27:41] Step 7: Quasi-Newton matrix: 
DenseMatrix 2x2-Double
 0,0135771  -0,0110149
-0,0110149   0,0800654

[23.11.2015 18:27:41] Step 8: Search vector: DenseVector 2-Double
-0,0566838
 -0,577469

[23.11.2015 18:27:41] DSK method started!
[23.11.2015 18:27:41] Step 1: f(alpha)=1,0689, f(alpha + h)=2,3557; k=0;
[23.11.2015 18:27:41] Step 3: a=0,0055, b=0,0255; Go to step 6!
[23.11.2015 18:27:41] Step 6: Interval is: [0,0055 ; 0,0255]
[23.11.2015 18:27:41] Dichotomy method has been started!
[23.11.2015 18:27:41] Counting: delta = eps / 10 = 0,001
[23.11.2015 18:27:41] Step 1: counting alpha_1 = 0,0145, alpha_2 = 0,0165
[23.11.2015 18:27:41] Step 3: f(0,0145) = 1,0200 <= f(0,0165) = 1,1327; b = alpha_2 = 0,0165.
[23.11.2015 18:27:41] Step 4: (b-a)/2 = 0,0055 < eps = 0,0100; STOP SEARCHING!
[23.11.2015 18:27:41] Iter 0: Answer is in the range: [0,0055; 0,0165]
[23.11.2015 18:27:41] Step 5: alpha_end = (a+b)/2; Minimum x* is: 0,0110
[23.11.2015 18:27:41] Step 9: New alpha 0,0110000000474975
[23.11.2015 18:27:41] Step 10: New local search point DenseVector 2-Double
 3,65284
-1,48146

[23.11.2015 18:27:41] Step 11: Iteration end.
[23.11.2015 18:27:41] Step 2: ITERATION number 22
[23.11.2015 18:27:41] Step 5: Sk = DenseVector 2-Double
-0,000623522
 -0,00635215

[23.11.2015 18:27:41] Step 6: Yk = DenseVector 2-Double
 -0,125681
-0,0984453

[23.11.2015 18:27:41] Step 7: Quasi-Newton matrix: 
DenseMatrix 2x2-Double
 0,0135906  -0,0110169
-0,0110169   0,0785895

[23.11.2015 18:27:41] Step 8: Search vector: DenseVector 2-Double
-0,0530956
 -0,558412

[23.11.2015 18:27:41] DSK method started!
[23.11.2015 18:27:41] Step 1: f(alpha)=0,9407, f(alpha + h)=1,5004; k=0;
[23.11.2015 18:27:41] Step 3: a=0,0010, b=0,0210; Go to step 6!
[23.11.2015 18:27:41] Step 6: Interval is: [0,0010 ; 0,0210]
[23.11.2015 18:27:41] Dichotomy method has been started!
[23.11.2015 18:27:41] Counting: delta = eps / 10 = 0,001
[23.11.2015 18:27:41] Step 1: counting alpha_1 = 0,0100, alpha_2 = 0,0120
[23.11.2015 18:27:41] Step 3: f(0,0100) = 0,9631 > f(0,0120) = 0,9328; a = alpha_1 = 0,0100.
[23.11.2015 18:27:41] Step 4: (b-a)/2 = 0,0055 < eps = 0,0100; STOP SEARCHING!
[23.11.2015 18:27:41] Iter 0: Answer is in the range: [0,0100; 0,0210]
[23.11.2015 18:27:41] Step 5: alpha_end = (a+b)/2; Minimum x* is: 0,0155
[23.11.2015 18:27:41] Step 9: New alpha 0,0155000000474975
[23.11.2015 18:27:41] Step 10: New local search point DenseVector 2-Double
 3,65202
-1,49011

[23.11.2015 18:27:41] Step 11: Iteration end.
[23.11.2015 18:27:41] Step 2: ITERATION number 23
[23.11.2015 18:27:41] Step 5: Sk = DenseVector 2-Double
-0,000822981
 -0,00865538

[23.11.2015 18:27:41] Step 6: Yk = DenseVector 2-Double
 -0,16813
-0,135475

[23.11.2015 18:27:41] Step 7: Quasi-Newton matrix: 
DenseMatrix 2x2-Double
 0,0136332  -0,0108445
-0,0108445   0,0773475

[23.11.2015 18:27:41] Step 8: Search vector: DenseVector 2-Double
-0,0573334
 -0,540703

[23.11.2015 18:27:41] DSK method started!
[23.11.2015 18:27:41] Step 1: f(alpha)=0,9910, f(alpha + h)=2,2218; k=0;
[23.11.2015 18:27:41] Step 3: a=0,0055, b=0,0255; Go to step 6!
[23.11.2015 18:27:41] Step 6: Interval is: [0,0055 ; 0,0255]
[23.11.2015 18:27:41] Dichotomy method has been started!
[23.11.2015 18:27:41] Counting: delta = eps / 10 = 0,001
[23.11.2015 18:27:41] Step 1: counting alpha_1 = 0,0145, alpha_2 = 0,0165
[23.11.2015 18:27:41] Step 3: f(0,0145) = 0,9438 <= f(0,0165) = 1,0523; b = alpha_2 = 0,0165.
[23.11.2015 18:27:41] Step 4: (b-a)/2 = 0,0055 < eps = 0,0100; STOP SEARCHING!
[23.11.2015 18:27:41] Iter 0: Answer is in the range: [0,0055; 0,0165]
[23.11.2015 18:27:41] Step 5: alpha_end = (a+b)/2; Minimum x* is: 0,0110
[23.11.2015 18:27:41] Step 9: New alpha 0,0110000000474975
[23.11.2015 18:27:41] Step 10: New local search point DenseVector 2-Double
 3,65139
-1,49606

[23.11.2015 18:27:41] Step 11: Iteration end.
[23.11.2015 18:27:41] Step 2: ITERATION number 24
[23.11.2015 18:27:41] Step 5: Sk = DenseVector 2-Double
-0,000630668
 -0,00594773

[23.11.2015 18:27:41] Step 6: Yk = DenseVector 2-Double
 -0,122455
-0,0956388

[23.11.2015 18:27:41] Step 7: Quasi-Newton matrix: 
DenseMatrix 2x2-Double
 0,0136411  -0,0108717
-0,0108717   0,0761096

[23.11.2015 18:27:41] Step 8: Search vector: DenseVector 2-Double
-0,0534595
 -0,524097

[23.11.2015 18:27:41] DSK method started!
[23.11.2015 18:27:41] Step 1: f(alpha)=0,8671, f(alpha + h)=1,4039; k=0;
[23.11.2015 18:27:41] Step 3: a=0,0010, b=0,0210; Go to step 6!
[23.11.2015 18:27:41] Step 6: Interval is: [0,0010 ; 0,0210]
[23.11.2015 18:27:41] Dichotomy method has been started!
[23.11.2015 18:27:41] Counting: delta = eps / 10 = 0,001
[23.11.2015 18:27:41] Step 1: counting alpha_1 = 0,0100, alpha_2 = 0,0120
[23.11.2015 18:27:41] Step 3: f(0,0100) = 0,8880 > f(0,0120) = 0,8601; a = alpha_1 = 0,0100.
[23.11.2015 18:27:41] Step 4: (b-a)/2 = 0,0055 < eps = 0,0100; STOP SEARCHING!
[23.11.2015 18:27:41] Iter 0: Answer is in the range: [0,0100; 0,0210]
[23.11.2015 18:27:41] Step 5: alpha_end = (a+b)/2; Minimum x* is: 0,0155
[23.11.2015 18:27:41] Step 9: New alpha 0,0155000000474975
[23.11.2015 18:27:41] Step 10: New local search point DenseVector 2-Double
 3,65056
-1,50419

[23.11.2015 18:27:41] Step 11: Iteration end.
[23.11.2015 18:27:41] Step 2: ITERATION number 25
[23.11.2015 18:27:41] Step 5: Sk = DenseVector 2-Double
-0,000828622
 -0,00812351

[23.11.2015 18:27:41] Step 6: Yk = DenseVector 2-Double
-0,163473
-0,131691

[23.11.2015 18:27:41] Step 7: Quasi-Newton matrix: 
DenseMatrix 2x2-Double
 0,013687  -0,010698
-0,010698  0,0749661

[23.11.2015 18:27:41] Step 8: Search vector: DenseVector 2-Double
-0,0576854
  -0,50805

[23.11.2015 18:27:41] DSK method started!
[23.11.2015 18:27:41] Step 1: f(alpha)=0,9203, f(alpha + h)=2,0973; k=0;
[23.11.2015 18:27:41] Step 3: a=0,0055, b=0,0255; Go to step 6!
[23.11.2015 18:27:41] Step 6: Interval is: [0,0055 ; 0,0255]
[23.11.2015 18:27:41] Dichotomy method has been started!
[23.11.2015 18:27:41] Counting: delta = eps / 10 = 0,001
[23.11.2015 18:27:41] Step 1: counting alpha_1 = 0,0145, alpha_2 = 0,0165
[23.11.2015 18:27:41] Step 3: f(0,0145) = 0,8749 <= f(0,0165) = 0,9791; b = alpha_2 = 0,0165.
[23.11.2015 18:27:41] Step 4: (b-a)/2 = 0,0055 < eps = 0,0100; STOP SEARCHING!
[23.11.2015 18:27:41] Iter 0: Answer is in the range: [0,0055; 0,0165]
[23.11.2015 18:27:41] Step 5: alpha_end = (a+b)/2; Minimum x* is: 0,0110
[23.11.2015 18:27:41] Step 9: New alpha 0,0110000000474975
[23.11.2015 18:27:41] Step 10: New local search point DenseVector 2-Double
 3,64992
-1,50977

[23.11.2015 18:27:41] Step 11: Iteration end.
[23.11.2015 18:27:41] Step 2: ITERATION number 26
[23.11.2015 18:27:41] Step 5: Sk = DenseVector 2-Double
-0,000634539
 -0,00558855

[23.11.2015 18:27:41] Step 6: Yk = DenseVector 2-Double
 -0,119321
-0,0929393

[23.11.2015 18:27:41] Step 7: Quasi-Newton matrix: 
DenseMatrix 2x2-Double
  0,013689  -0,0107474
-0,0107474   0,0739293

[23.11.2015 18:27:41] Step 8: Search vector: DenseVector 2-Double
-0,0535656
  -0,49348

[23.11.2015 18:27:41] DSK method started!
[23.11.2015 18:27:41] Step 1: f(alpha)=0,8006, f(alpha + h)=1,3153; k=0;
[23.11.2015 18:27:41] Step 3: a=0,0010, b=0,0210; Go to step 6!
[23.11.2015 18:27:41] Step 6: Interval is: [0,0010 ; 0,0210]
[23.11.2015 18:27:41] Dichotomy method has been started!
[23.11.2015 18:27:41] Counting: delta = eps / 10 = 0,001
[23.11.2015 18:27:41] Step 1: counting alpha_1 = 0,0100, alpha_2 = 0,0120
[23.11.2015 18:27:41] Step 3: f(0,0100) = 0,8200 > f(0,0120) = 0,7944; a = alpha_1 = 0,0100.
[23.11.2015 18:27:41] Step 4: (b-a)/2 = 0,0055 < eps = 0,0100; STOP SEARCHING!
[23.11.2015 18:27:41] Iter 0: Answer is in the range: [0,0100; 0,0210]
[23.11.2015 18:27:41] Step 5: alpha_end = (a+b)/2; Minimum x* is: 0,0155
[23.11.2015 18:27:41] Step 9: New alpha 0,0155000000474975
[23.11.2015 18:27:41] Step 10: New local search point DenseVector 2-Double
 3,64909
-1,51742

[23.11.2015 18:27:41] Step 11: Iteration end.
[23.11.2015 18:27:41] Step 2: ITERATION number 27
[23.11.2015 18:27:41] Step 5: Sk = DenseVector 2-Double
-0,000830266
 -0,00764894

[23.11.2015 18:27:41] Step 6: Yk = DenseVector 2-Double
-0,158952
-0,128043

[23.11.2015 18:27:41] Step 7: Quasi-Newton matrix: 
DenseMatrix 2x2-Double
 0,0137384  -0,0105705
-0,0105705   0,0728592

[23.11.2015 18:27:41] Step 8: Search vector: DenseVector 2-Double
-0,0578007
 -0,478793

[23.11.2015 18:27:41] DSK method started!
[23.11.2015 18:27:41] Step 1: f(alpha)=0,8559, f(alpha + h)=1,9812; k=0;
[23.11.2015 18:27:41] Step 3: a=0,0055, b=0,0255; Go to step 6!
[23.11.2015 18:27:41] Step 6: Interval is: [0,0055 ; 0,0255]
[23.11.2015 18:27:41] Dichotomy method has been started!
[23.11.2015 18:27:41] Counting: delta = eps / 10 = 0,001
[23.11.2015 18:27:41] Step 1: counting alpha_1 = 0,0145, alpha_2 = 0,0165
[23.11.2015 18:27:41] Step 3: f(0,0145) = 0,8122 <= f(0,0165) = 0,9124; b = alpha_2 = 0,0165.
[23.11.2015 18:27:41] Step 4: (b-a)/2 = 0,0055 < eps = 0,0100; STOP SEARCHING!
[23.11.2015 18:27:41] Iter 0: Answer is in the range: [0,0055; 0,0165]
[23.11.2015 18:27:41] Step 5: alpha_end = (a+b)/2; Minimum x* is: 0,0110
[23.11.2015 18:27:41] Step 9: New alpha 0,0110000000474975
[23.11.2015 18:27:41] Step 10: New local search point DenseVector 2-Double
 3,64846
-1,52269

[23.11.2015 18:27:41] Step 11: Iteration end.
[23.11.2015 18:27:41] Step 2: ITERATION number 28
[23.11.2015 18:27:41] Step 5: Sk = DenseVector 2-Double
-0,000635808
 -0,00526672

[23.11.2015 18:27:41] Step 6: Yk = DenseVector 2-Double
 -0,116277
-0,0903369

[23.11.2015 18:27:41] Step 7: Quasi-Newton matrix: 
DenseMatrix 2x2-Double
 0,0137343  -0,0106398
-0,0106398   0,0719958

[23.11.2015 18:27:41] Step 8: Search vector: DenseVector 2-Double
-0,0534662
  -0,46594

[23.11.2015 18:27:41] DSK method started!
[23.11.2015 18:27:41] Step 1: f(alpha)=0,7404, f(alpha + h)=1,2335; k=0;
[23.11.2015 18:27:41] Step 3: a=0,0010, b=0,0210; Go to step 6!
[23.11.2015 18:27:41] Step 6: Interval is: [0,0010 ; 0,0210]
[23.11.2015 18:27:41] Dichotomy method has been started!
[23.11.2015 18:27:41] Counting: delta = eps / 10 = 0,001
[23.11.2015 18:27:41] Step 1: counting alpha_1 = 0,0100, alpha_2 = 0,0120
[23.11.2015 18:27:41] Step 3: f(0,0100) = 0,7584 > f(0,0120) = 0,7349; a = alpha_1 = 0,0100.
[23.11.2015 18:27:41] Step 4: (b-a)/2 = 0,0055 < eps = 0,0100; STOP SEARCHING!
[23.11.2015 18:27:41] Iter 0: Answer is in the range: [0,0100; 0,0210]
[23.11.2015 18:27:41] Step 5: alpha_end = (a+b)/2; Minimum x* is: 0,0155
[23.11.2015 18:27:41] Step 9: New alpha 0,0155000000474975
[23.11.2015 18:27:41] Step 10: New local search point DenseVector 2-Double
 3,64763
-1,52991

[23.11.2015 18:27:41] Step 11: Iteration end.
[23.11.2015 18:27:41] Step 2: ITERATION number 29
[23.11.2015 18:27:41] Step 5: Sk = DenseVector 2-Double
-0,000828726
 -0,00722207

[23.11.2015 18:27:41] Step 6: Yk = DenseVector 2-Double
-0,154561
-0,124522

[23.11.2015 18:27:41] Step 7: Quasi-Newton matrix: 
DenseMatrix 2x2-Double
 0,0137876  -0,0104584
-0,0104584   0,0709797

[23.11.2015 18:27:41] Step 8: Search vector: DenseVector 2-Double
-0,0577261
 -0,452382

[23.11.2015 18:27:41] DSK method started!
[23.11.2015 18:27:41] Step 1: f(alpha)=0,7972, f(alpha + h)=1,8727; k=0;
[23.11.2015 18:27:41] Step 3: a=0,0055, b=0,0255; Go to step 6!
[23.11.2015 18:27:42] Step 6: Interval is: [0,0055 ; 0,0255]
[23.11.2015 18:27:42] Dichotomy method has been started!
[23.11.2015 18:27:42] Counting: delta = eps / 10 = 0,001
[23.11.2015 18:27:42] Step 1: counting alpha_1 = 0,0145, alpha_2 = 0,0165
[23.11.2015 18:27:42] Step 3: f(0,0145) = 0,7552 <= f(0,0165) = 0,8514; b = alpha_2 = 0,0165.
[23.11.2015 18:27:42] Step 4: (b-a)/2 = 0,0055 < eps = 0,0100; STOP SEARCHING!
[23.11.2015 18:27:42] Iter 0: Answer is in the range: [0,0055; 0,0165]
[23.11.2015 18:27:42] Step 5: alpha_end = (a+b)/2; Minimum x* is: 0,0110
[23.11.2015 18:27:42] Step 9: New alpha 0,0110000000474975
[23.11.2015 18:27:42] Step 10: New local search point DenseVector 2-Double
 3,64699
-1,53489

[23.11.2015 18:27:42] Step 11: Iteration end.
[23.11.2015 18:27:42] Step 2: ITERATION number 30
[23.11.2015 18:27:42] Step 5: Sk = DenseVector 2-Double
-0,000634988
  -0,0049762

[23.11.2015 18:27:42] Step 6: Yk = DenseVector 2-Double
 -0,113317
-0,0878238

[23.11.2015 18:27:42] Step 7: Quasi-Newton matrix: 
DenseMatrix 2x2-Double
 0,0137769  -0,0105457
-0,0105457    0,070268

[23.11.2015 18:27:42] Step 8: Search vector: DenseVector 2-Double
-0,0532017
 -0,440997

[23.11.2015 18:27:42] DSK method started!
[23.11.2015 18:27:42] Step 1: f(alpha)=0,6856, f(alpha + h)=1,1579; k=0;
[23.11.2015 18:27:42] Step 3: a=0,0010, b=0,0210; Go to step 6!
[23.11.2015 18:27:42] Step 6: Interval is: [0,0010 ; 0,0210]
[23.11.2015 18:27:42] Dichotomy method has been started!
[23.11.2015 18:27:42] Counting: delta = eps / 10 = 0,001
[23.11.2015 18:27:42] Step 1: counting alpha_1 = 0,0100, alpha_2 = 0,0120
[23.11.2015 18:27:42] Step 3: f(0,0100) = 0,7024 > f(0,0120) = 0,6808; a = alpha_1 = 0,0100.
[23.11.2015 18:27:42] Step 4: (b-a)/2 = 0,0055 < eps = 0,0100; STOP SEARCHING!
[23.11.2015 18:27:42] Iter 0: Answer is in the range: [0,0100; 0,0210]
[23.11.2015 18:27:42] Step 5: alpha_end = (a+b)/2; Minimum x* is: 0,0155
[23.11.2015 18:27:42] Step 9: New alpha 0,0155000000474975
[23.11.2015 18:27:42] Step 10: New local search point DenseVector 2-Double
 3,64617
-1,54172

[23.11.2015 18:27:42] Step 11: Iteration end.
[23.11.2015 18:27:42] Step 2: ITERATION number 31
[23.11.2015 18:27:42] Step 5: Sk = DenseVector 2-Double
-0,000824626
 -0,00683545

[23.11.2015 18:27:42] Step 6: Yk = DenseVector 2-Double
-0,150294
-0,121117

[23.11.2015 18:27:42] Step 7: Quasi-Newton matrix: 
DenseMatrix 2x2-Double
 0,0138344  -0,0103586
-0,0103586   0,0692908

[23.11.2015 18:27:42] Step 8: Search vector: DenseVector 2-Double
-0,0574978
 -0,428386

[23.11.2015 18:27:42] DSK method started!
[23.11.2015 18:27:42] Step 1: f(alpha)=0,7434, f(alpha + h)=1,7711; k=0;
[23.11.2015 18:27:42] Step 3: a=0,0055, b=0,0255; Go to step 6!
[23.11.2015 18:27:42] Step 6: Interval is: [0,0055 ; 0,0255]
[23.11.2015 18:27:42] Dichotomy method has been started!
[23.11.2015 18:27:42] Counting: delta = eps / 10 = 0,001
[23.11.2015 18:27:42] Step 1: counting alpha_1 = 0,0145, alpha_2 = 0,0165
[23.11.2015 18:27:42] Step 3: f(0,0145) = 0,7030 <= f(0,0165) = 0,7954; b = alpha_2 = 0,0165.
[23.11.2015 18:27:42] Step 4: (b-a)/2 = 0,0055 < eps = 0,0100; STOP SEARCHING!
[23.11.2015 18:27:42] Iter 0: Answer is in the range: [0,0055; 0,0165]
[23.11.2015 18:27:42] Step 5: alpha_end = (a+b)/2; Minimum x* is: 0,0110
[23.11.2015 18:27:42] Step 9: New alpha 0,0110000000474975
[23.11.2015 18:27:42] Step 10: New local search point DenseVector 2-Double
 3,64554
-1,54644

[23.11.2015 18:27:42] Step 11: Iteration end.
[23.11.2015 18:27:42] Step 2: ITERATION number 32
[23.11.2015 18:27:42] Step 5: Sk = DenseVector 2-Double
-0,000632476
 -0,00471225

[23.11.2015 18:27:42] Step 6: Yk = DenseVector 2-Double
 -0,110439
-0,0853936

[23.11.2015 18:27:42] Step 7: Quasi-Newton matrix: 
DenseMatrix 2x2-Double
 0,0138168  -0,0104626
-0,0104626   0,0687138

[23.11.2015 18:27:42] Step 8: Search vector: DenseVector 2-Double
-0,0528037
  -0,41827

[23.11.2015 18:27:42] DSK method started!
[23.11.2015 18:27:42] Step 1: f(alpha)=0,6357, f(alpha + h)=1,0878; k=0;
[23.11.2015 18:27:42] Step 3: a=0,0010, b=0,0210; Go to step 6!
[23.11.2015 18:27:42] Step 6: Interval is: [0,0010 ; 0,0210]
[23.11.2015 18:27:42] Dichotomy method has been started!
[23.11.2015 18:27:42] Counting: delta = eps / 10 = 0,001
[23.11.2015 18:27:42] Step 1: counting alpha_1 = 0,0100, alpha_2 = 0,0120
[23.11.2015 18:27:42] Step 3: f(0,0100) = 0,6512 > f(0,0120) = 0,6314; a = alpha_1 = 0,0100.
[23.11.2015 18:27:42] Step 4: (b-a)/2 = 0,0055 < eps = 0,0100; STOP SEARCHING!
[23.11.2015 18:27:42] Iter 0: Answer is in the range: [0,0100; 0,0210]
[23.11.2015 18:27:42] Step 5: alpha_end = (a+b)/2; Minimum x* is: 0,0155
[23.11.2015 18:27:42] Step 9: New alpha 0,0155000000474975
[23.11.2015 18:27:42] Step 10: New local search point DenseVector 2-Double
 3,64472
-1,55292

[23.11.2015 18:27:42] Step 11: Iteration end.
[23.11.2015 18:27:42] Step 2: ITERATION number 33
[23.11.2015 18:27:42] Step 5: Sk = DenseVector 2-Double
-0,000818458
 -0,00648319

[23.11.2015 18:27:42] Step 6: Yk = DenseVector 2-Double
-0,146147
-0,117821

[23.11.2015 18:27:42] Step 7: Quasi-Newton matrix: 
DenseMatrix 2x2-Double
 0,0138789  -0,0102689
-0,0102689   0,0677634

[23.11.2015 18:27:42] Step 8: Search vector: DenseVector 2-Double
-0,0571443
 -0,406463

[23.11.2015 18:27:42] DSK method started!
[23.11.2015 18:27:42] Step 1: f(alpha)=0,6941, f(alpha + h)=1,6759; k=0;
[23.11.2015 18:27:42] Step 3: a=0,0055, b=0,0255; Go to step 6!
[23.11.2015 18:27:42] Step 6: Interval is: [0,0055 ; 0,0255]
[23.11.2015 18:27:42] Dichotomy method has been started!
[23.11.2015 18:27:42] Counting: delta = eps / 10 = 0,001
[23.11.2015 18:27:42] Step 1: counting alpha_1 = 0,0145, alpha_2 = 0,0165
[23.11.2015 18:27:42] Step 3: f(0,0145) = 0,6552 <= f(0,0165) = 0,7439; b = alpha_2 = 0,0165.
[23.11.2015 18:27:42] Step 4: (b-a)/2 = 0,0055 < eps = 0,0100; STOP SEARCHING!
[23.11.2015 18:27:42] Iter 0: Answer is in the range: [0,0055; 0,0165]
[23.11.2015 18:27:42] Step 5: alpha_end = (a+b)/2; Minimum x* is: 0,0110
[23.11.2015 18:27:42] Step 9: New alpha 0,0110000000474975
[23.11.2015 18:27:42] Step 10: New local search point DenseVector 2-Double
 3,64409
-1,55739

[23.11.2015 18:27:42] Step 11: Iteration end.
[23.11.2015 18:27:42] Step 2: ITERATION number 34
[23.11.2015 18:27:42] Step 5: Sk = DenseVector 2-Double
-0,000628587
  -0,0044711

[23.11.2015 18:27:42] Step 6: Yk = DenseVector 2-Double
  -0,10764
-0,0830412

[23.11.2015 18:27:42] Step 7: Quasi-Newton matrix: 
DenseMatrix 2x2-Double
 0,0138542  -0,0103885
-0,0103885   0,0673076

[23.11.2015 18:27:42] Step 8: Search vector: DenseVector 2-Double
-0,0522975
 -0,397455

[23.11.2015 18:27:42] DSK method started!
[23.11.2015 18:27:42] Step 1: f(alpha)=0,5901, f(alpha + h)=1,0228; k=0;
[23.11.2015 18:27:42] Step 3: a=0,0010, b=0,0210; Go to step 6!
[23.11.2015 18:27:42] Step 6: Interval is: [0,0010 ; 0,0210]
[23.11.2015 18:27:42] Dichotomy method has been started!
[23.11.2015 18:27:42] Counting: delta = eps / 10 = 0,001
[23.11.2015 18:27:42] Step 1: counting alpha_1 = 0,0100, alpha_2 = 0,0120
[23.11.2015 18:27:42] Step 3: f(0,0100) = 0,6045 > f(0,0120) = 0,5863; a = alpha_1 = 0,0100.
[23.11.2015 18:27:42] Step 4: (b-a)/2 = 0,0055 < eps = 0,0100; STOP SEARCHING!
[23.11.2015 18:27:42] Iter 0: Answer is in the range: [0,0100; 0,0210]
[23.11.2015 18:27:42] Step 5: alpha_end = (a+b)/2; Minimum x* is: 0,0155
