[11.11.2015 19:14:58] Optimal gradient method started!
[11.11.2015 19:14:58] 	Data input:
(x1; x2) = (0,000; 0,000),
Alpha = 100,000,
eps = 0,010;
[11.11.2015 19:14:58] ITER 0:
[11.11.2015 19:14:58] Step 1: k = 0;
[11.11.2015 19:14:58] Step 2: gradient is (-14,000, -22,000);
[11.11.2015 19:14:58] DSK method started!
[11.11.2015 19:14:58] Step 1: f(alpha)=27289271852170,0000, f(alpha + h)=27300187000952,5000; k=0;
[11.11.2015 19:14:58] Step 3: b=100,0000, alpha1=100,0100, h=-0,0100, k=2.
[11.11.2015 19:14:58] Step 4: alphak=99,9800
[11.11.2015 19:14:58] Step 5: h > 0; b=alpha(k-1)=99,9900
[11.11.2015 19:14:58] k = k + 1 = 3; Go to step 4!
[11.11.2015 19:14:58] Step 4: alphak=99,9600
[11.11.2015 19:14:58] Step 5: h > 0; b=alpha(k-1)=99,9800
[11.11.2015 19:14:58] k = k + 1 = 4; Go to step 4!
[11.11.2015 19:14:58] Step 4: alphak=99,9200
[11.11.2015 19:14:58] Step 5: h > 0; b=alpha(k-1)=99,9600
[11.11.2015 19:14:58] k = k + 1 = 5; Go to step 4!
[11.11.2015 19:14:58] Step 4: alphak=99,8400
[11.11.2015 19:14:58] Step 5: h > 0; b=alpha(k-1)=99,9200
[11.11.2015 19:14:58] k = k + 1 = 6; Go to step 4!
[11.11.2015 19:14:58] Step 4: alphak=99,6800
[11.11.2015 19:14:58] Step 5: h > 0; b=alpha(k-1)=99,8400
[11.11.2015 19:14:58] k = k + 1 = 7; Go to step 4!
[11.11.2015 19:14:58] Step 4: alphak=99,3600
[11.11.2015 19:14:58] Step 5: h > 0; b=alpha(k-1)=99,6800
[11.11.2015 19:14:58] k = k + 1 = 8; Go to step 4!
[11.11.2015 19:14:58] Step 4: alphak=98,7200
[11.11.2015 19:14:58] Step 5: h > 0; b=alpha(k-1)=99,3600
[11.11.2015 19:14:58] k = k + 1 = 9; Go to step 4!
[11.11.2015 19:14:58] Step 4: alphak=97,4400
[11.11.2015 19:14:58] Step 5: h > 0; b=alpha(k-1)=98,7200
[11.11.2015 19:14:58] k = k + 1 = 10; Go to step 4!
[11.11.2015 19:14:58] Step 4: alphak=94,8800
[11.11.2015 19:14:58] Step 5: h > 0; b=alpha(k-1)=97,4400
[11.11.2015 19:14:58] k = k + 1 = 11; Go to step 4!
[11.11.2015 19:14:58] Step 4: alphak=89,7600
[11.11.2015 19:14:58] Step 5: h > 0; b=alpha(k-1)=94,8800
[11.11.2015 19:14:58] k = k + 1 = 12; Go to step 4!
[11.11.2015 19:14:58] Step 4: alphak=79,5200
[11.11.2015 19:14:58] Step 5: h > 0; b=alpha(k-1)=89,7600
[11.11.2015 19:14:58] k = k + 1 = 13; Go to step 4!
[11.11.2015 19:14:58] Step 4: alphak=59,0400
[11.11.2015 19:14:58] Step 5: h > 0; b=alpha(k-1)=79,5200
[11.11.2015 19:14:58] k = k + 1 = 14; Go to step 4!
[11.11.2015 19:14:58] Step 4: alphak=18,0800
[11.11.2015 19:14:58] Step 5: h > 0; b=alpha(k-1)=59,0400
[11.11.2015 19:14:58] k = k + 1 = 15; Go to step 4!
[11.11.2015 19:14:58] Step 4: alphak=-63,8400
[11.11.2015 19:14:58] Step 5: h < 0; a=alphak-63,8400
[11.11.2015 19:14:58] Step 6: Interval is: [-63,8400 ; 59,0400]
[11.11.2015 19:14:58] Dichotomy method has been started!
[11.11.2015 19:14:58] Counting: delta = eps / 10 = 0,001
[11.11.2015 19:14:58] Step 1: counting alpha_1 = -2,4010, alpha_2 = -2,3990
[11.11.2015 19:14:58] Step 3: f(-2,4010) = 8696547,8905 > f(-2,3990) = 8667257,5028; a = alpha_1 = -2,4010.
[11.11.2015 19:14:58] Iter 0: Answer is in the range: [-2,4010; 59,0400]
[11.11.2015 19:14:58] Step 1: counting alpha_1 = 28,3185, alpha_2 = 28,3205
[11.11.2015 19:14:58] Step 3: f(28,3185) = 175851605418,9400 <= f(28,3205) = 175901254516,1340; b = alpha_2 = 28,3205.
[11.11.2015 19:14:58] Iter 1: Answer is in the range: [-2,4010; 28,3205]
[11.11.2015 19:14:58] Step 1: counting alpha_1 = 12,9588, alpha_2 = 12,9608
[11.11.2015 19:14:58] Step 3: f(12,9588) = 7735911407,8892 <= f(12,9608) = 7740681320,4134; b = alpha_2 = 12,9608.
[11.11.2015 19:14:58] Iter 2: Answer is in the range: [-2,4010; 12,9608]
[11.11.2015 19:14:58] Step 1: counting alpha_1 = 5,2789, alpha_2 = 5,2809
[11.11.2015 19:14:58] Step 3: f(5,2789) = 214710256,2355 <= f(5,2809) = 215034815,5634; b = alpha_2 = 5,2809.
[11.11.2015 19:14:58] Iter 3: Answer is in the range: [-2,4010; 5,2809]
[11.11.2015 19:14:58] Step 1: counting alpha_1 = 1,4389, alpha_2 = 1,4409
[11.11.2015 19:14:58] Step 3: f(1,4389) = 1212695,2378 <= f(1,4409) = 1219422,5202; b = alpha_2 = 1,4409.
[11.11.2015 19:14:58] Iter 4: Answer is in the range: [-2,4010; 1,4409]
[11.11.2015 19:14:58] Step 1: counting alpha_1 = -0,4810, alpha_2 = -0,4790
[11.11.2015 19:14:58] Step 3: f(-0,4810) = 10219,8101 > f(-0,4790) = 10027,8040; a = alpha_1 = -0,4810.
[11.11.2015 19:14:58] Iter 5: Answer is in the range: [-0,4810; 1,4409]
[11.11.2015 19:14:58] Step 1: counting alpha_1 = 0,4790, alpha_2 = 0,4810
[11.11.2015 19:14:58] Step 3: f(0,4790) = 14241,9350 <= f(0,4810) = 14492,4169; b = alpha_2 = 0,4810.
[11.11.2015 19:14:58] Iter 6: Answer is in the range: [-0,4810; 0,4810]
[11.11.2015 19:14:58] Step 1: counting alpha_1 = -0,0010, alpha_2 = 0,0010
[11.11.2015 19:14:58] Step 3: f(-0,0010) = 170,6953 > f(0,0010) = 169,3370; a = alpha_1 = -0,0010.
[11.11.2015 19:14:58] Iter 7: Answer is in the range: [-0,0010; 0,4810]
[11.11.2015 19:14:58] Step 1: counting alpha_1 = 0,2390, alpha_2 = 0,2410
[11.11.2015 19:14:58] Step 3: f(0,2390) = 604,8262 <= f(0,2410) = 631,2773; b = alpha_2 = 0,2410.
[11.11.2015 19:14:58] Iter 8: Answer is in the range: [-0,0010; 0,2410]
[11.11.2015 19:14:58] Step 1: counting alpha_1 = 0,1190, alpha_2 = 0,1210
[11.11.2015 19:14:58] Step 3: f(0,1190) = 33,7579 > f(0,1210) = 33,0843; a = alpha_1 = 0,1190.
[11.11.2015 19:14:58] Iter 9: Answer is in the range: [0,1190; 0,2410]
[11.11.2015 19:14:58] Step 1: counting alpha_1 = 0,1790, alpha_2 = 0,1810
[11.11.2015 19:14:58] Step 3: f(0,1790) = 121,7492 <= f(0,1810) = 129,9195; b = alpha_2 = 0,1810.
[11.11.2015 19:14:58] Iter 10: Answer is in the range: [0,1190; 0,1810]
[11.11.2015 19:14:58] Step 1: counting alpha_1 = 0,1490, alpha_2 = 0,1510
[11.11.2015 19:14:58] Step 3: f(0,1490) = 45,3108 <= f(0,1510) = 48,0562; b = alpha_2 = 0,1510.
[11.11.2015 19:14:58] Iter 11: Answer is in the range: [0,1190; 0,1510]
[11.11.2015 19:14:58] Step 1: counting alpha_1 = 0,1340, alpha_2 = 0,1360
[11.11.2015 19:14:58] Step 3: f(0,1340) = 33,2517 <= f(0,1360) = 34,0590; b = alpha_2 = 0,1360.
[11.11.2015 19:14:58] Step 4: (b-a)/2 = 0,0085 < eps = 0,0100; STOP SEARCHING!
[11.11.2015 19:14:58] Iter 12: Answer is in the range: [0,1190; 0,1360]
[11.11.2015 19:14:58] Step 5: alpha_end = (a+b)/2; Minimum x* is: 0,1275
[11.11.2015 19:14:58] Step 4: Alpha = 0,127458862304685;
[11.11.2015 19:14:58] Step 5: arguments = arguments - alpha * gradientValue = (1,784; 2,804);
[11.11.2015 19:14:58] Step 6: k = k + 1 = 0;
[11.11.2015 19:14:58] Step 7: answer is: (1,784; 2,804);
[11.11.2015 19:14:58] ITER 1:
[11.11.2015 19:14:58] Step 1: k = 1;
[11.11.2015 19:14:58] Step 2: gradient is (-30,449, 19,716);
[11.11.2015 19:14:59] DSK method started!
[11.11.2015 19:14:59] Step 1: f(alpha)=458,9824, f(alpha + h)=612,7628; k=0;
[11.11.2015 19:14:59] Step 3: b=0,1275, alpha1=0,1375, h=-0,0100, k=2.
[11.11.2015 19:14:59] Step 4: alphak=0,1075
[11.11.2015 19:14:59] Step 5: h > 0; b=alpha(k-1)=0,1175
[11.11.2015 19:14:59] k = k + 1 = 3; Go to step 4!
[11.11.2015 19:14:59] Step 4: alphak=0,0875
[11.11.2015 19:14:59] Step 5: h > 0; b=alpha(k-1)=0,1075
[11.11.2015 19:14:59] k = k + 1 = 4; Go to step 4!
[11.11.2015 19:14:59] Step 4: alphak=0,0475
[11.11.2015 19:14:59] Step 5: h > 0; b=alpha(k-1)=0,0875
[11.11.2015 19:14:59] k = k + 1 = 5; Go to step 4!
[11.11.2015 19:14:59] Step 4: alphak=-0,0325
[11.11.2015 19:14:59] Step 5: h < 0; a=alphak-0,0325
[11.11.2015 19:14:59] Step 6: Interval is: [-0,0325 ; 0,0875]
[11.11.2015 19:14:59] Dichotomy method has been started!
[11.11.2015 19:14:59] Counting: delta = eps / 10 = 0,001
[11.11.2015 19:14:59] Step 1: counting alpha_1 = 0,0265, alpha_2 = 0,0285
[11.11.2015 19:14:59] Step 3: f(0,0265) = 4,6761 > f(0,0285) = 3,4561; a = alpha_1 = 0,0265.
[11.11.2015 19:14:59] Iter 0: Answer is in the range: [0,0265; 0,0875]
[11.11.2015 19:14:59] Step 1: counting alpha_1 = 0,0560, alpha_2 = 0,0580
[11.11.2015 19:14:59] Step 3: f(0,0560) = 8,6141 <= f(0,0580) = 11,0922; b = alpha_2 = 0,0580.
[11.11.2015 19:14:59] Iter 1: Answer is in the range: [0,0265; 0,0580]
[11.11.2015 19:14:59] Step 1: counting alpha_1 = 0,0412, alpha_2 = 0,0432
[11.11.2015 19:14:59] Step 3: f(0,0412) = 0,0521 <= f(0,0432) = 0,3244; b = alpha_2 = 0,0432.
[11.11.2015 19:14:59] Step 4: (b-a)/2 = 0,0084 < eps = 0,0100; STOP SEARCHING!
[11.11.2015 19:14:59] Iter 2: Answer is in the range: [0,0265; 0,0432]
[11.11.2015 19:14:59] Step 5: alpha_end = (a+b)/2; Minimum x* is: 0,0348
[11.11.2015 19:14:59] Step 4: Alpha = 0,0348338623046855;
[11.11.2015 19:14:59] Step 5: arguments = arguments - alpha * gradientValue = (2,845; 2,117);
[11.11.2015 19:14:59] Step 6: k = k + 1 = 1;
[11.11.2015 19:14:59] Step 7: answer is: (2,845; 2,117);
[11.11.2015 19:14:59] ITER 2:
[11.11.2015 19:14:59] Step 1: k = 2;
[11.11.2015 19:14:59] Step 2: gradient is (-8,312, 1,204);
[11.11.2015 19:14:59] DSK method started!
[11.11.2015 19:14:59] Step 1: f(alpha)=1,0069, f(alpha + h)=2,2332; k=0;
[11.11.2015 19:14:59] Step 3: b=0,0348, alpha1=0,0448, h=-0,0100, k=2.
[11.11.2015 19:14:59] Step 4: alphak=0,0148
[11.11.2015 19:14:59] Step 5: h > 0; b=alpha(k-1)=0,0248
[11.11.2015 19:14:59] k = k + 1 = 3; Go to step 4!
[11.11.2015 19:14:59] Step 4: alphak=-0,0052
[11.11.2015 19:14:59] Step 5: h < 0; a=alphak-0,0052
[11.11.2015 19:14:59] Step 6: Interval is: [-0,0052 ; 0,0248]
[11.11.2015 19:14:59] Dichotomy method has been started!
[11.11.2015 19:14:59] Counting: delta = eps / 10 = 0,001
[11.11.2015 19:14:59] Step 1: counting alpha_1 = 0,0088, alpha_2 = 0,0108
[11.11.2015 19:14:59] Step 3: f(0,0088) = 0,2683 > f(0,0108) = 0,2107; a = alpha_1 = 0,0088.
[11.11.2015 19:14:59] Step 4: (b-a)/2 = 0,0080 < eps = 0,0100; STOP SEARCHING!
[11.11.2015 19:14:59] Iter 0: Answer is in the range: [0,0088; 0,0248]
[11.11.2015 19:14:59] Step 5: alpha_end = (a+b)/2; Minimum x* is: 0,0168
[11.11.2015 19:14:59] Step 4: Alpha = 0,0168338623046855;
[11.11.2015 19:14:59] Step 5: arguments = arguments - alpha * gradientValue = (2,985; 2,097);
[11.11.2015 19:14:59] Step 6: k = k + 1 = 2;
[11.11.2015 19:14:59] Step 7: answer is: (2,985; 2,097);
[11.11.2015 19:14:59] ITER 3:
[11.11.2015 19:14:59] Step 1: k = 3;
[11.11.2015 19:14:59] Step 2: gradient is (0,851, 3,224);
[11.11.2015 19:14:59] DSK method started!
[11.11.2015 19:14:59] Step 1: f(alpha)=0,0382, f(alpha + h)=0,0463; k=0;
[11.11.2015 19:14:59] Step 3: a=0,0068, b=0,0268; Go to step 6!
[11.11.2015 19:14:59] Step 6: Interval is: [0,0068 ; 0,0268]
[11.11.2015 19:14:59] Dichotomy method has been started!
[11.11.2015 19:14:59] Counting: delta = eps / 10 = 0,001
[11.11.2015 19:14:59] Step 1: counting alpha_1 = 0,0158, alpha_2 = 0,0178
[11.11.2015 19:14:59] Step 3: f(0,0158) = 0,0403 > f(0,0178) = 0,0366; a = alpha_1 = 0,0158.
[11.11.2015 19:14:59] Step 4: (b-a)/2 = 0,0055 < eps = 0,0100; STOP SEARCHING!
[11.11.2015 19:14:59] Iter 0: Answer is in the range: [0,0158; 0,0268]
[11.11.2015 19:14:59] Step 5: alpha_end = (a+b)/2; Minimum x* is: 0,0213
[11.11.2015 19:14:59] Step 4: Alpha = 0,0213338623046855;
[11.11.2015 19:14:59] Step 5: arguments = arguments - alpha * gradientValue = (2,967; 2,028);
[11.11.2015 19:14:59] Step 6: k = k + 1 = 3;
[11.11.2015 19:14:59] Step 7: answer is: (2,967; 2,028);
[11.11.2015 19:14:59] ITER 4:
[11.11.2015 19:14:59] Step 1: k = 4;
[11.11.2015 19:14:59] Step 2: gradient is (-1,851, 0,316);
[11.11.2015 19:14:59] DSK method started!
[11.11.2015 19:14:59] Step 1: f(alpha)=0,0122, f(alpha + h)=0,0379; k=0;
[11.11.2015 19:14:59] Step 3: b=0,0213, alpha1=0,0313, h=-0,0100, k=2.
[11.11.2015 19:14:59] Step 4: alphak=0,0013
[11.11.2015 19:14:59] Step 5: h < 0; a=alphak0,0013
[11.11.2015 19:14:59] Step 6: Interval is: [0,0013 ; 0,0213]
[11.11.2015 19:14:59] Dichotomy method has been started!
[11.11.2015 19:14:59] Counting: delta = eps / 10 = 0,001
[11.11.2015 19:14:59] Step 1: counting alpha_1 = 0,0103, alpha_2 = 0,0123
[11.11.2015 19:14:59] Step 3: f(0,0103) = 0,0110 > f(0,0123) = 0,0091; a = alpha_1 = 0,0103.
[11.11.2015 19:14:59] Step 4: (b-a)/2 = 0,0055 < eps = 0,0100; STOP SEARCHING!
[11.11.2015 19:14:59] Iter 0: Answer is in the range: [0,0103; 0,0213]
[11.11.2015 19:14:59] Step 5: alpha_end = (a+b)/2; Minimum x* is: 0,0158
[11.11.2015 19:14:59] Step 4: Alpha = 0,0158338623046855;
[11.11.2015 19:14:59] Step 5: arguments = arguments - alpha * gradientValue = (2,996; 2,023);
[11.11.2015 19:14:59] Step 6: k = k + 1 = 4;
[11.11.2015 19:14:59] Step 7: answer is: (2,996; 2,023);
[11.11.2015 19:14:59] ITER 5:
[11.11.2015 19:14:59] Step 1: k = 5;
[11.11.2015 19:14:59] Step 2: gradient is (0,181, 0,727);
[11.11.2015 19:14:59] DSK method started!
[11.11.2015 19:14:59] Step 1: f(alpha)=0,0025, f(alpha + h)=0,0023; k=0;
[11.11.2015 19:14:59] Step 2: a=0,0158, alpha1=0,0258, k=2; Go to step 4!
[11.11.2015 19:14:59] Step 4: alphak=0,0358
[11.11.2015 19:14:59] Step 5: h > 0; b=alphak=0,0358
[11.11.2015 19:14:59] Step 6: Interval is: [0,0158 ; 0,0358]
[11.11.2015 19:14:59] Dichotomy method has been started!
[11.11.2015 19:14:59] Counting: delta = eps / 10 = 0,001
[11.11.2015 19:14:59] Step 1: counting alpha_1 = 0,0248, alpha_2 = 0,0268
[11.11.2015 19:14:59] Step 3: f(0,0248) = 0,0022 <= f(0,0268) = 0,0024; b = alpha_2 = 0,0268.
[11.11.2015 19:14:59] Step 4: (b-a)/2 = 0,0055 < eps = 0,0100; STOP SEARCHING!
[11.11.2015 19:14:59] Iter 0: Answer is in the range: [0,0158; 0,0268]
[11.11.2015 19:14:59] Step 5: alpha_end = (a+b)/2; Minimum x* is: 0,0213
[11.11.2015 19:14:59] Step 4: Alpha = 0,0213338623046855;
[11.11.2015 19:14:59] Step 5: arguments = arguments - alpha * gradientValue = (2,992; 2,008);
[11.11.2015 19:14:59] Step 6: k = k + 1 = 5;
[11.11.2015 19:14:59] Step 7: answer is: (2,992; 2,008);
[11.11.2015 19:14:59] ITER 6:
[11.11.2015 19:14:59] Step 1: k = 6;
[11.11.2015 19:14:59] Step 2: gradient is (-0,414, 0,111);
[11.11.2015 19:14:59] DSK method started!
[11.11.2015 19:14:59] Step 1: f(alpha)=0,0007, f(alpha + h)=0,0018; k=0;
[11.11.2015 19:14:59] Step 3: a=0,0113, b=0,0313; Go to step 6!
[11.11.2015 19:14:59] Step 6: Interval is: [0,0113 ; 0,0313]
[11.11.2015 19:14:59] Dichotomy method has been started!
[11.11.2015 19:14:59] Counting: delta = eps / 10 = 0,001
[11.11.2015 19:14:59] Step 1: counting alpha_1 = 0,0203, alpha_2 = 0,0223
[11.11.2015 19:14:59] Step 3: f(0,0203) = 0,0006 <= f(0,0223) = 0,0007; b = alpha_2 = 0,0223.
[11.11.2015 19:14:59] Step 4: (b-a)/2 = 0,0055 < eps = 0,0100; STOP SEARCHING!
[11.11.2015 19:14:59] Iter 0: Answer is in the range: [0,0113; 0,0223]
[11.11.2015 19:14:59] Step 5: alpha_end = (a+b)/2; Minimum x* is: 0,0168
[11.11.2015 19:14:59] Step 4: Alpha = 0,0168338623046855;
[11.11.2015 19:14:59] Step 5: arguments = arguments - alpha * gradientValue = (2,999; 2,006);
[11.11.2015 19:14:59] Step 6: k = k + 1 = 6;
[11.11.2015 19:14:59] Step 7: answer is: (2,999; 2,006);
[11.11.2015 19:14:59] ITER 7:
[11.11.2015 19:14:59] Step 1: k = 7;
[11.11.2015 19:14:59] Step 2: gradient is (0,062, 0,186);
[11.11.2015 19:14:59] DSK method started!
[11.11.2015 19:14:59] Step 1: f(alpha)=0,0002, f(alpha + h)=0,0002; k=0;
[11.11.2015 19:14:59] Step 3: a=0,0068, b=0,0268; Go to step 6!
[11.11.2015 19:15:00] Step 6: Interval is: [0,0068 ; 0,0268]
[11.11.2015 19:15:00] Dichotomy method has been started!
[11.11.2015 19:15:00] Counting: delta = eps / 10 = 0,001
[11.11.2015 19:15:00] Step 1: counting alpha_1 = 0,0158, alpha_2 = 0,0178
[11.11.2015 19:15:00] Step 3: f(0,0158) = 0,0002 > f(0,0178) = 0,0001; a = alpha_1 = 0,0158.
[11.11.2015 19:15:00] Step 4: (b-a)/2 = 0,0055 < eps = 0,0100; STOP SEARCHING!
[11.11.2015 19:15:00] Iter 0: Answer is in the range: [0,0158; 0,0268]
[11.11.2015 19:15:00] Step 5: alpha_end = (a+b)/2; Minimum x* is: 0,0213
[11.11.2015 19:15:00] Step 4: Alpha = 0,0213338623046855;
[11.11.2015 19:15:00] Step 5: arguments = arguments - alpha * gradientValue = (2,998; 2,002);
[11.11.2015 19:15:00] Step 6: k = k + 1 = 7;
[11.11.2015 19:15:00] Step 7: answer is: (2,998; 2,002);
[11.11.2015 19:15:00] ITER 8:
[11.11.2015 19:15:00] Step 1: k = 8;
[11.11.2015 19:15:00] Step 2: gradient is (-0,114, 0,024);
[11.11.2015 19:15:00] DSK method started!
[11.11.2015 19:15:00] Step 1: f(alpha)=0,0000, f(alpha + h)=0,0001; k=0;
[11.11.2015 19:15:00] Step 3: b=0,0213, alpha1=0,0313, h=-0,0100, k=2.
[11.11.2015 19:15:00] Step 4: alphak=0,0013
[11.11.2015 19:15:00] Step 5: h < 0; a=alphak0,0013
[11.11.2015 19:15:00] Step 6: Interval is: [0,0013 ; 0,0213]
[11.11.2015 19:15:00] Dichotomy method has been started!
[11.11.2015 19:15:00] Counting: delta = eps / 10 = 0,001
[11.11.2015 19:15:00] Step 1: counting alpha_1 = 0,0103, alpha_2 = 0,0123
[11.11.2015 19:15:00] Step 3: f(0,0103) = 0,0000 > f(0,0123) = 0,0000; a = alpha_1 = 0,0103.
[11.11.2015 19:15:00] Step 4: (b-a)/2 = 0,0055 < eps = 0,0100; STOP SEARCHING!
[11.11.2015 19:15:00] Iter 0: Answer is in the range: [0,0103; 0,0213]
[11.11.2015 19:15:00] Step 5: alpha_end = (a+b)/2; Minimum x* is: 0,0158
[11.11.2015 19:15:00] Step 4: Alpha = 0,0158338623046855;
[11.11.2015 19:15:00] Step 5: arguments = arguments - alpha * gradientValue = (3,000; 2,002);
[11.11.2015 19:15:00] Step 6: k = k + 1 = 8;
[11.11.2015 19:15:00] Step 7: answer is: (3,000; 2,002);
[11.11.2015 19:15:00] ITER 9:
[11.11.2015 19:15:00] Step 1: k = 9;
[11.11.2015 19:15:00] Step 2: gradient is (0,011, 0,047);
[11.11.2015 19:15:00] DSK method started!
[11.11.2015 19:15:00] Step 1: f(alpha)=0,0000, f(alpha + h)=0,0000; k=0;
[11.11.2015 19:15:00] Step 2: a=0,0158, alpha1=0,0258, k=2; Go to step 4!
[11.11.2015 19:15:00] Step 4: alphak=0,0358
[11.11.2015 19:15:00] Step 5: h > 0; b=alphak=0,0358
[11.11.2015 19:15:00] Step 6: Interval is: [0,0158 ; 0,0358]
[11.11.2015 19:15:00] Dichotomy method has been started!
[11.11.2015 19:15:00] Counting: delta = eps / 10 = 0,001
[11.11.2015 19:15:00] Step 1: counting alpha_1 = 0,0248, alpha_2 = 0,0268
[11.11.2015 19:15:00] Step 3: f(0,0248) = 0,0000 <= f(0,0268) = 0,0000; b = alpha_2 = 0,0268.
[11.11.2015 19:15:00] Step 4: (b-a)/2 = 0,0055 < eps = 0,0100; STOP SEARCHING!
[11.11.2015 19:15:00] Iter 0: Answer is in the range: [0,0158; 0,0268]
[11.11.2015 19:15:00] Step 5: alpha_end = (a+b)/2; Minimum x* is: 0,0213
[11.11.2015 19:15:00] Step 4: Alpha = 0,0213338623046855;
[11.11.2015 19:15:00] Step 5: arguments = arguments - alpha * gradientValue = (2,999; 2,001);
[11.11.2015 19:15:00] Step 6: k = k + 1 = 9;
[11.11.2015 19:15:00] Step 7: answer is: (2,999; 2,001);
[11.11.2015 19:15:00] ITER 10:
[11.11.2015 19:15:00] Step 1: k = 10;
[11.11.2015 19:15:00] Step 2: gradient is (-0,026, 0,009);
[11.11.2015 19:15:00] DSK method started!
[11.11.2015 19:15:00] Step 1: f(alpha)=0,0000, f(alpha + h)=0,0000; k=0;
[11.11.2015 19:15:00] Step 3: a=0,0113, b=0,0313; Go to step 6!
[11.11.2015 19:15:00] Step 6: Interval is: [0,0113 ; 0,0313]
[11.11.2015 19:15:00] Dichotomy method has been started!
[11.11.2015 19:15:00] Counting: delta = eps / 10 = 0,001
[11.11.2015 19:15:00] Step 1: counting alpha_1 = 0,0203, alpha_2 = 0,0223
[11.11.2015 19:15:00] Step 3: f(0,0203) = 0,0000 <= f(0,0223) = 0,0000; b = alpha_2 = 0,0223.
[11.11.2015 19:15:00] Step 4: (b-a)/2 = 0,0055 < eps = 0,0100; STOP SEARCHING!
[11.11.2015 19:15:00] Iter 0: Answer is in the range: [0,0113; 0,0223]
[11.11.2015 19:15:00] Step 5: alpha_end = (a+b)/2; Minimum x* is: 0,0168
[11.11.2015 19:15:00] Step 4: Alpha = 0,0168338623046855;
[11.11.2015 19:15:00] Step 5: arguments = arguments - alpha * gradientValue = (3,000; 2,000);
[11.11.2015 19:15:00] Step 6: k = k + 1 = 10;
[11.11.2015 19:15:00] Step 7: answer is: (3,000; 2,000);
[11.11.2015 19:15:00] ITER 11:
[11.11.2015 19:15:00] Step 1: k = 11;
[11.11.2015 19:15:00] Step 2: gradient is (0,003, 0,012);
[11.11.2015 19:15:00] DSK method started!
[11.11.2015 19:15:00] Step 1: f(alpha)=0,0000, f(alpha + h)=0,0000; k=0;
[11.11.2015 19:15:00] Step 3: a=0,0068, b=0,0268; Go to step 6!
[11.11.2015 19:15:00] Step 6: Interval is: [0,0068 ; 0,0268]
[11.11.2015 19:15:00] Dichotomy method has been started!
[11.11.2015 19:15:00] Counting: delta = eps / 10 = 0,001
[11.11.2015 19:15:00] Step 1: counting alpha_1 = 0,0158, alpha_2 = 0,0178
[11.11.2015 19:15:00] Step 3: f(0,0158) = 0,0000 > f(0,0178) = 0,0000; a = alpha_1 = 0,0158.
[11.11.2015 19:15:00] Step 4: (b-a)/2 = 0,0055 < eps = 0,0100; STOP SEARCHING!
[11.11.2015 19:15:00] Iter 0: Answer is in the range: [0,0158; 0,0268]
[11.11.2015 19:15:00] Step 5: alpha_end = (a+b)/2; Minimum x* is: 0,0213
[11.11.2015 19:15:00] Step 4: Alpha = 0,0213338623046855;
[11.11.2015 19:15:00] Step 5: arguments = arguments - alpha * gradientValue = (3,000; 2,000);
[11.11.2015 19:15:00] Step 6: k = k + 1 = 11;
[11.11.2015 19:15:00] Step 7: answer is: (3,000; 2,000);
[11.11.2015 19:15:00] ITER 12:
[11.11.2015 19:15:00] Step 1: k = 12;
[11.11.2015 19:15:00] Step 2: gradient is (-0,006, 0,002);
[11.11.2015 19:15:00] Step 3: gradient Euclidean norm is <= eps: 0,007 <= 0,01; Go to step 7!
[11.11.2015 19:15:00] Step 7: answer is: (3,000; 2,000);
[11.11.2015 19:15:20] Optimal gradient method started!
[11.11.2015 19:15:20] 	Data input:
(x1; x2) = (10,000; -10,000),
Alpha = 100,000,
eps = 0,010;
[11.11.2015 19:15:20] ITER 0:
[11.11.2015 19:15:20] Step 1: k = 0;
[11.11.2015 19:15:20] Step 2: gradient is (103 366,000, -103 962,000);
[11.11.2015 19:15:20] DSK method started!
[11.11.2015 19:15:20] Step 1: f(alpha)=23097325939340000000000000000,0000, f(alpha + h)=23106566264563800000000000000,0000; k=0;
[11.11.2015 19:15:20] Step 3: b=100,0000, alpha1=100,0100, h=-0,0100, k=2.
[11.11.2015 19:15:20] Step 4: alphak=99,9800
[11.11.2015 19:15:20] Step 5: h > 0; b=alpha(k-1)=99,9900
[11.11.2015 19:15:20] k = k + 1 = 3; Go to step 4!
[11.11.2015 19:15:20] Step 4: alphak=99,9600
[11.11.2015 19:15:20] Step 5: h > 0; b=alpha(k-1)=99,9800
[11.11.2015 19:15:20] k = k + 1 = 4; Go to step 4!
[11.11.2015 19:15:20] Step 4: alphak=99,9200
[11.11.2015 19:15:20] Step 5: h > 0; b=alpha(k-1)=99,9600
[11.11.2015 19:15:20] k = k + 1 = 5; Go to step 4!
[11.11.2015 19:15:20] Step 4: alphak=99,8400
[11.11.2015 19:15:20] Step 5: h > 0; b=alpha(k-1)=99,9200
[11.11.2015 19:15:20] k = k + 1 = 6; Go to step 4!
[11.11.2015 19:15:20] Step 4: alphak=99,6800
[11.11.2015 19:15:20] Step 5: h > 0; b=alpha(k-1)=99,8400
[11.11.2015 19:15:20] k = k + 1 = 7; Go to step 4!
[11.11.2015 19:15:20] Step 4: alphak=99,3600
[11.11.2015 19:15:20] Step 5: h > 0; b=alpha(k-1)=99,6800
[11.11.2015 19:15:20] k = k + 1 = 8; Go to step 4!
[11.11.2015 19:15:20] Step 4: alphak=98,7200
[11.11.2015 19:15:20] Step 5: h > 0; b=alpha(k-1)=99,3600
[11.11.2015 19:15:20] k = k + 1 = 9; Go to step 4!
[11.11.2015 19:15:20] Step 4: alphak=97,4400
[11.11.2015 19:15:20] Step 5: h > 0; b=alpha(k-1)=98,7200
[11.11.2015 19:15:20] k = k + 1 = 10; Go to step 4!
[11.11.2015 19:15:20] Step 4: alphak=94,8800
[11.11.2015 19:15:20] Step 5: h > 0; b=alpha(k-1)=97,4400
[11.11.2015 19:15:20] k = k + 1 = 11; Go to step 4!
[11.11.2015 19:15:20] Step 4: alphak=89,7600
[11.11.2015 19:15:20] Step 5: h > 0; b=alpha(k-1)=94,8800
[11.11.2015 19:15:20] k = k + 1 = 12; Go to step 4!
[11.11.2015 19:15:20] Step 4: alphak=79,5200
[11.11.2015 19:15:20] Step 5: h > 0; b=alpha(k-1)=89,7600
[11.11.2015 19:15:20] k = k + 1 = 13; Go to step 4!
[11.11.2015 19:15:20] Step 4: alphak=59,0400
[11.11.2015 19:15:20] Step 5: h > 0; b=alpha(k-1)=79,5200
[11.11.2015 19:15:20] k = k + 1 = 14; Go to step 4!
[11.11.2015 19:15:20] Step 4: alphak=18,0800
[11.11.2015 19:15:20] Step 5: h > 0; b=alpha(k-1)=59,0400
[11.11.2015 19:15:20] k = k + 1 = 15; Go to step 4!
[11.11.2015 19:15:20] Step 4: alphak=-63,8400
[11.11.2015 19:15:20] Step 5: h < 0; a=alphak-63,8400
[11.11.2015 19:15:20] Step 6: Interval is: [-63,8400 ; 59,0400]
[11.11.2015 19:15:20] Dichotomy method has been started!
[11.11.2015 19:15:20] Counting: delta = eps / 10 = 0,001
[11.11.2015 19:15:20] Step 1: counting alpha_1 = -2,4010, alpha_2 = -2,3990
[11.11.2015 19:15:20] Step 3: f(-2,4010) = 7677181726850350000000,0000 > f(-2,3990) = 7651634748519540000000,0000; a = alpha_1 = -2,4010.
[11.11.2015 19:15:20] Iter 0: Answer is in the range: [-2,4010; 59,0400]
[11.11.2015 19:15:20] Step 1: counting alpha_1 = 28,3185, alpha_2 = 28,3205
[11.11.2015 19:15:20] Step 3: f(28,3185) = 148538297791951000000000000,0000 <= f(28,3205) = 148580264574235000000000000,0000; b = alpha_2 = 28,3205.
[11.11.2015 19:15:20] Iter 1: Answer is in the range: [-2,4010; 28,3205]
[11.11.2015 19:15:20] Step 1: counting alpha_1 = 12,9588, alpha_2 = 12,9608
[11.11.2015 19:15:20] Step 3: f(12,9588) = 6513327142888630000000000,0000 <= f(12,9608) = 6517349063936380000000000,0000; b = alpha_2 = 12,9608.
[11.11.2015 19:15:20] Iter 2: Answer is in the range: [-2,4010; 12,9608]
[11.11.2015 19:15:20] Step 1: counting alpha_1 = 5,2789, alpha_2 = 5,2809
[11.11.2015 19:15:20] Step 3: f(5,2789) = 179348249939276000000000,0000 <= f(5,2809) = 179620207098916000000000,0000; b = alpha_2 = 5,2809.
[11.11.2015 19:15:20] Iter 3: Answer is in the range: [-2,4010; 5,2809]
[11.11.2015 19:15:20] Step 1: counting alpha_1 = 1,4389, alpha_2 = 1,4409
[11.11.2015 19:15:20] Step 3: f(1,4389) = 989953111165427000000,0000 <= f(1,4409) = 995468767572843000000,0000; b = alpha_2 = 1,4409.
[11.11.2015 19:15:20] Iter 4: Answer is in the range: [-2,4010; 1,4409]
[11.11.2015 19:15:20] Step 1: counting alpha_1 = -0,4810, alpha_2 = -0,4790
[11.11.2015 19:15:20] Step 3: f(-0,4810) = 12376701549474400000,0000 > f(-0,4790) = 12172186341145200000,0000; a = alpha_1 = -0,4810.
[11.11.2015 19:15:20] Iter 5: Answer is in the range: [-0,4810; 1,4409]
[11.11.2015 19:15:20] Step 1: counting alpha_1 = 0,4790, alpha_2 = 0,4810
[11.11.2015 19:15:20] Step 3: f(0,4790) = 12144662788208000000,0000 <= f(0,4810) = 12348831786703800000,0000; b = alpha_2 = 0,4810.
[11.11.2015 19:15:20] Iter 6: Answer is in the range: [-0,4810; 0,4810]
[11.11.2015 19:15:20] Step 1: counting alpha_1 = -0,0010, alpha_2 = 0,0010
[11.11.2015 19:15:20] Step 3: f(-0,0010) = 383565472,3851 > f(0,0010) = 128712395,2095; a = alpha_1 = -0,0010.
[11.11.2015 19:15:20] Iter 7: Answer is in the range: [-0,0010; 0,4810]
[11.11.2015 19:15:20] Step 1: counting alpha_1 = 0,2390, alpha_2 = 0,2410
[11.11.2015 19:15:20] Step 3: f(0,2390) = 751867149091822000,0000 <= f(0,2410) = 777366986262305000,0000; b = alpha_2 = 0,2410.
[11.11.2015 19:15:20] Iter 8: Answer is in the range: [-0,0010; 0,2410]
[11.11.2015 19:15:20] Step 1: counting alpha_1 = 0,1190, alpha_2 = 0,1210
[11.11.2015 19:15:20] Step 3: f(0,1190) = 46104453659900800,0000 <= f(0,1210) = 49286698894647200,0000; b = alpha_2 = 0,1210.
[11.11.2015 19:15:20] Iter 9: Answer is in the range: [-0,0010; 0,1210]
[11.11.2015 19:15:20] Step 1: counting alpha_1 = 0,0590, alpha_2 = 0,0610
[11.11.2015 19:15:20] Step 3: f(0,0590) = 2772981888196850,0000 <= f(0,0610) = 3169497605430510,0000; b = alpha_2 = 0,0610.
[11.11.2015 19:15:20] Iter 10: Answer is in the range: [-0,0010; 0,0610]
[11.11.2015 19:15:20] Step 1: counting alpha_1 = 0,0290, alpha_2 = 0,0310
[11.11.2015 19:15:20] Step 3: f(0,0290) = 160319719986854,0000 <= f(0,0310) = 209589699630659,0000; b = alpha_2 = 0,0310.
[11.11.2015 19:15:20] Iter 11: Answer is in the range: [-0,0010; 0,0310]
[11.11.2015 19:15:20] Step 1: counting alpha_1 = 0,0140, alpha_2 = 0,0160
[11.11.2015 19:15:20] Step 3: f(0,0140) = 8533773457603,4800 <= f(0,0160) = 14629690670315,4000; b = alpha_2 = 0,0160.
[11.11.2015 19:15:20] Step 4: (b-a)/2 = 0,0085 < eps = 0,0100; STOP SEARCHING!
[11.11.2015 19:15:20] Iter 12: Answer is in the range: [-0,0010; 0,0160]
[11.11.2015 19:15:20] Step 5: alpha_end = (a+b)/2; Minimum x* is: 0,0075
[11.11.2015 19:15:20] Step 4: Alpha = 0,00746081542968548;
[11.11.2015 19:15:20] Step 5: arguments = arguments - alpha * gradientValue = (-761,195; 765,641);
[11.11.2015 19:15:20] Step 6: k = k + 1 = 0;
[11.11.2015 19:15:20] Step 7: answer is: (-761,195; 765,641);
[11.11.2015 19:15:20] ITER 1:
[11.11.2015 19:15:20] Step 1: k = 1;
[11.11.2015 19:15:20] Step 2: gradient is (-1 765 298 255,109, 1 794 129 817,537);
[11.11.2015 19:15:20] DSK method started!
[11.11.2015 19:15:20] Step 1: f(alpha)=62179489268363200000000000000,0000, f(alpha + h)=1865594479874040000000000000000,0000; k=0;
[11.11.2015 19:15:20] Step 3: b=0,0075, alpha1=0,0175, h=-0,0100, k=2.
[11.11.2015 19:15:20] Step 4: alphak=-0,0125
[11.11.2015 19:15:20] Step 5: h < 0; a=alphak-0,0125
[11.11.2015 19:15:20] Step 6: Interval is: [-0,0125 ; 0,0075]
[11.11.2015 19:15:20] Dichotomy method has been started!
[11.11.2015 19:15:20] Counting: delta = eps / 10 = 0,001
[11.11.2015 19:15:20] Step 1: counting alpha_1 = -0,0035, alpha_2 = -0,0015
[11.11.2015 19:15:20] Step 3: f(-0,0035) = 3150831578980500000000000000,0000 > f(-0,0015) = 112784298019329000000000000,0000; a = alpha_1 = -0,0035.
[11.11.2015 19:15:20] Step 4: (b-a)/2 = 0,0055 < eps = 0,0100; STOP SEARCHING!
[11.11.2015 19:15:20] Iter 0: Answer is in the range: [-0,0035; 0,0075]
[11.11.2015 19:15:20] Step 5: alpha_end = (a+b)/2; Minimum x* is: 0,0020
[11.11.2015 19:15:20] Step 4: Alpha = 0,00196081542968548;
[11.11.2015 19:15:20] Step 5: arguments = arguments - alpha * gradientValue = (3 460 662,862; -3 517 191,788);
[11.11.2015 19:15:20] Step 6: k = k + 1 = 1;
[11.11.2015 19:15:20] Step 7: answer is: (3 460 662,862; -3 517 191,788);
[11.11.2015 19:15:20] ITER 2:
[11.11.2015 19:15:20] Step 1: k = 2;
[11.11.2015 19:15:20] Step 2: gradient is (165 782 155 040 686 000 000,000, -174 039 642 199 091 000 000,000);
[11.11.2015 19:15:20] DSK method started!
[11.11.2015 19:15:20] Step 1: f(alpha)=24728504290980600000000000000000000000000000000000000000000000000000000,0000, f(alpha + h)=34236876857431900000000000000000000000000000000000000000000000000000000000,0000; k=0;
[11.11.2015 19:15:20] Step 3: a=-0,0080, b=0,0120; Go to step 6!
[11.11.2015 19:15:20] Step 6: Interval is: [-0,0080 ; 0,0120]
[11.11.2015 19:15:20] Dichotomy method has been started!
[11.11.2015 19:15:20] Counting: delta = eps / 10 = 0,001
[11.11.2015 19:15:21] Step 1: counting alpha_1 = 0,0010, alpha_2 = 0,0030
[11.11.2015 19:15:21] Step 3: f(0,0010) = 1425643245802950000000000000000000000000000000000000000000000000000000,0000 <= f(0,0030) = 128557177009604000000000000000000000000000000000000000000000000000000000,0000; b = alpha_2 = 0,0030.
[11.11.2015 19:15:21] Step 4: (b-a)/2 = 0,0055 < eps = 0,0100; STOP SEARCHING!
[11.11.2015 19:15:21] Iter 0: Answer is in the range: [-0,0080; 0,0030]
[11.11.2015 19:15:21] Step 5: alpha_end = (a+b)/2; Minimum x* is: -0,0025
[11.11.2015 19:15:21] Step 4: Alpha = -0,00253918457031452;
[11.11.2015 19:15:21] Step 5: arguments = arguments - alpha * gradientValue = (420 951 490 116 261 000,000; -441 918 774 098 509 000,000);
[11.11.2015 19:15:21] Step 6: k = k + 1 = 2;
[11.11.2015 19:15:21] Step 7: answer is: (420 951 490 116 261 000,000; -441 918 774 098 509 000,000);
[11.11.2015 19:15:21] ITER 3:
[11.11.2015 19:15:21] Step 1: k = 3;
[11.11.2015 19:15:21] Step 2: gradient is (0,000, 0,000);
[11.11.2015 19:15:21] Step 3: gradient Euclidean norm is <= eps: 0,000 <= 0,01; Go to step 7!
[11.11.2015 19:15:21] Step 7: answer is: (420 951 490 116 261 000,000; -441 918 774 098 509 000,000);
[11.11.2015 19:15:31] Optimal gradient method started!
[11.11.2015 19:15:31] 	Data input:
(x1; x2) = (10,000; -1,000),
Alpha = 100,000,
eps = 0,010;
[11.11.2015 19:15:31] ITER 0:
[11.11.2015 19:15:31] Step 1: k = 0;
[11.11.2015 19:15:31] Step 2: gradient is (103 528,000, -9 840,000);
[11.11.2015 19:15:31] DSK method started!
[11.11.2015 19:15:31] Step 1: f(alpha)=11488546008498200000000000000,0000, f(alpha + h)=11493142120681400000000000000,0000; k=0;
[11.11.2015 19:15:31] Step 3: b=100,0000, alpha1=100,0100, h=-0,0100, k=2.
[11.11.2015 19:15:31] Step 4: alphak=99,9800
[11.11.2015 19:15:31] Step 5: h > 0; b=alpha(k-1)=99,9900
[11.11.2015 19:15:31] k = k + 1 = 3; Go to step 4!
[11.11.2015 19:15:31] Step 4: alphak=99,9600
[11.11.2015 19:15:31] Step 5: h > 0; b=alpha(k-1)=99,9800
[11.11.2015 19:15:31] k = k + 1 = 4; Go to step 4!
[11.11.2015 19:15:31] Step 4: alphak=99,9200
[11.11.2015 19:15:31] Step 5: h > 0; b=alpha(k-1)=99,9600
[11.11.2015 19:15:31] k = k + 1 = 5; Go to step 4!
[11.11.2015 19:15:31] Step 4: alphak=99,8400
[11.11.2015 19:15:31] Step 5: h > 0; b=alpha(k-1)=99,9200
[11.11.2015 19:15:31] k = k + 1 = 6; Go to step 4!
[11.11.2015 19:15:31] Step 4: alphak=99,6800
[11.11.2015 19:15:31] Step 5: h > 0; b=alpha(k-1)=99,8400
[11.11.2015 19:15:31] k = k + 1 = 7; Go to step 4!
[11.11.2015 19:15:31] Step 4: alphak=99,3600
[11.11.2015 19:15:31] Step 5: h > 0; b=alpha(k-1)=99,6800
[11.11.2015 19:15:31] k = k + 1 = 8; Go to step 4!
[11.11.2015 19:15:31] Step 4: alphak=98,7200
[11.11.2015 19:15:31] Step 5: h > 0; b=alpha(k-1)=99,3600
[11.11.2015 19:15:31] k = k + 1 = 9; Go to step 4!
[11.11.2015 19:15:31] Step 4: alphak=97,4400
[11.11.2015 19:15:31] Step 5: h > 0; b=alpha(k-1)=98,7200
[11.11.2015 19:15:31] k = k + 1 = 10; Go to step 4!
[11.11.2015 19:15:31] Step 4: alphak=94,8800
[11.11.2015 19:15:31] Step 5: h > 0; b=alpha(k-1)=97,4400
[11.11.2015 19:15:32] k = k + 1 = 11; Go to step 4!
[11.11.2015 19:15:32] Step 4: alphak=89,7600
[11.11.2015 19:15:32] Step 5: h > 0; b=alpha(k-1)=94,8800
[11.11.2015 19:15:32] k = k + 1 = 12; Go to step 4!
[11.11.2015 19:15:32] Step 4: alphak=79,5200
[11.11.2015 19:15:32] Step 5: h > 0; b=alpha(k-1)=89,7600
[11.11.2015 19:15:32] k = k + 1 = 13; Go to step 4!
[11.11.2015 19:15:32] Step 4: alphak=59,0400
[11.11.2015 19:15:32] Step 5: h > 0; b=alpha(k-1)=79,5200
[11.11.2015 19:15:32] k = k + 1 = 14; Go to step 4!
[11.11.2015 19:15:32] Step 4: alphak=18,0800
[11.11.2015 19:15:32] Step 5: h > 0; b=alpha(k-1)=59,0400
[11.11.2015 19:15:32] k = k + 1 = 15; Go to step 4!
[11.11.2015 19:15:32] Step 4: alphak=-63,8400
[11.11.2015 19:15:32] Step 5: h < 0; a=alphak-63,8400
[11.11.2015 19:15:32] Step 6: Interval is: [-63,8400 ; 59,0400]
[11.11.2015 19:15:32] Dichotomy method has been started!
[11.11.2015 19:15:32] Counting: delta = eps / 10 = 0,001
[11.11.2015 19:15:32] Step 1: counting alpha_1 = -2,4010, alpha_2 = -2,3990
[11.11.2015 19:15:32] Step 3: f(-2,4010) = 3818606994375020000000,0000 > f(-2,3990) = 3805900002958730000000,0000; a = alpha_1 = -2,4010.
[11.11.2015 19:15:32] Iter 0: Answer is in the range: [-2,4010; 59,0400]
[11.11.2015 19:15:32] Step 1: counting alpha_1 = 28,3185, alpha_2 = 28,3205
[11.11.2015 19:15:32] Step 3: f(28,3185) = 73882540536231700000000000,0000 <= f(28,3205) = 73903414698023900000000000,0000; b = alpha_2 = 28,3205.
[11.11.2015 19:15:32] Iter 1: Answer is in the range: [-2,4010; 28,3205]
[11.11.2015 19:15:32] Step 1: counting alpha_1 = 12,9588, alpha_2 = 12,9608
[11.11.2015 19:15:32] Step 3: f(12,9588) = 3239711158401900000000000,0000 <= f(12,9608) = 3241711650916610000000000,0000; b = alpha_2 = 12,9608.
[11.11.2015 19:15:32] Iter 2: Answer is in the range: [-2,4010; 12,9608]
[11.11.2015 19:15:32] Step 1: counting alpha_1 = 5,2789, alpha_2 = 5,2809
[11.11.2015 19:15:32] Step 3: f(5,2789) = 89207342425645800000000,0000 <= f(5,2809) = 89342613185718600000000,0000; b = alpha_2 = 5,2809.
[11.11.2015 19:15:32] Iter 3: Answer is in the range: [-2,4010; 5,2809]
[11.11.2015 19:15:32] Step 1: counting alpha_1 = 1,4389, alpha_2 = 1,4409
[11.11.2015 19:15:32] Step 3: f(1,4389) = 492400342423199000000,0000 <= f(1,4409) = 495143816337685000000,0000; b = alpha_2 = 1,4409.
[11.11.2015 19:15:32] Iter 4: Answer is in the range: [-2,4010; 1,4409]
[11.11.2015 19:15:32] Step 1: counting alpha_1 = -0,4810, alpha_2 = -0,4790
[11.11.2015 19:15:32] Step 3: f(-0,4810) = 6156121678595830000,0000 > f(-0,4790) = 6054396571705580000,0000; a = alpha_1 = -0,4810.
[11.11.2015 19:15:32] Iter 5: Answer is in the range: [-0,4810; 1,4409]
[11.11.2015 19:15:32] Step 1: counting alpha_1 = 0,4790, alpha_2 = 0,4810
[11.11.2015 19:15:32] Step 3: f(0,4790) = 6040736705460430000,0000 <= f(0,4810) = 6142289989329450000,0000; b = alpha_2 = 0,4810.
[11.11.2015 19:15:32] Iter 6: Answer is in the range: [-0,4810; 0,4810]
[11.11.2015 19:15:32] Step 1: counting alpha_1 = -0,0010, alpha_2 = 0,0010
[11.11.2015 19:15:32] Step 3: f(-0,0010) = 190522608,8835 > f(0,0010) = 64077938,7804; a = alpha_1 = -0,0010.
[11.11.2015 19:15:32] Iter 7: Answer is in the range: [-0,0010; 0,4810]
[11.11.2015 19:15:32] Step 1: counting alpha_1 = 0,2390, alpha_2 = 0,2410
[11.11.2015 19:15:32] Step 3: f(0,2390) = 373978509385758000,0000 <= f(0,2410) = 386662105182272000,0000; b = alpha_2 = 0,2410.
[11.11.2015 19:15:32] Iter 8: Answer is in the range: [-0,0010; 0,2410]
[11.11.2015 19:15:32] Step 1: counting alpha_1 = 0,1190, alpha_2 = 0,1210
[11.11.2015 19:15:32] Step 3: f(0,1190) = 22932458056054500,0000 <= f(0,1210) = 24515309862498700,0000; b = alpha_2 = 0,1210.
[11.11.2015 19:15:32] Iter 9: Answer is in the range: [-0,0010; 0,1210]
[11.11.2015 19:15:32] Step 1: counting alpha_1 = 0,0590, alpha_2 = 0,0610
[11.11.2015 19:15:32] Step 3: f(0,0590) = 1379301436252290,0000 <= f(0,0610) = 1576530205367060,0000; b = alpha_2 = 0,0610.
[11.11.2015 19:15:32] Iter 10: Answer is in the range: [-0,0010; 0,0610]
[11.11.2015 19:15:32] Step 1: counting alpha_1 = 0,0290, alpha_2 = 0,0310
[11.11.2015 19:15:32] Step 3: f(0,0290) = 79745858626817,3000 <= f(0,0310) = 104253341773454,0000; b = alpha_2 = 0,0310.
[11.11.2015 19:15:32] Iter 11: Answer is in the range: [-0,0010; 0,0310]
[11.11.2015 19:15:32] Step 1: counting alpha_1 = 0,0140, alpha_2 = 0,0160
[11.11.2015 19:15:32] Step 3: f(0,0140) = 4245033634376,6400 <= f(0,0160) = 7277306129861,3100; b = alpha_2 = 0,0160.
[11.11.2015 19:15:32] Step 4: (b-a)/2 = 0,0085 < eps = 0,0100; STOP SEARCHING!
[11.11.2015 19:15:32] Iter 12: Answer is in the range: [-0,0010; 0,0160]
[11.11.2015 19:15:32] Step 5: alpha_end = (a+b)/2; Minimum x* is: 0,0075
[11.11.2015 19:15:32] Step 4: Alpha = 0,00746081542968548;
[11.11.2015 19:15:32] Step 5: arguments = arguments - alpha * gradientValue = (-762,403; 72,414);
[11.11.2015 19:15:32] Step 6: k = k + 1 = 0;
[11.11.2015 19:15:32] Step 7: answer is: (-762,403; 72,414);
[11.11.2015 19:15:32] ITER 1:
[11.11.2015 19:15:32] Step 1: k = 1;
[11.11.2015 19:15:32] Step 2: gradient is (-1 772 766 803,474, 2 458 921,260);
[11.11.2015 19:15:32] DSK method started!
[11.11.2015 19:15:32] Step 1: f(alpha)=30595072615979300000000000000,0000, f(alpha + h)=917955738799002000000000000000,0000; k=0;
[11.11.2015 19:15:32] Step 3: b=0,0075, alpha1=0,0175, h=-0,0100, k=2.
[11.11.2015 19:15:32] Step 4: alphak=-0,0125
[11.11.2015 19:15:32] Step 5: h < 0; a=alphak-0,0125
[11.11.2015 19:15:32] Step 6: Interval is: [-0,0125 ; 0,0075]
[11.11.2015 19:15:32] Dichotomy method has been started!
[11.11.2015 19:15:32] Counting: delta = eps / 10 = 0,001
[11.11.2015 19:15:32] Step 1: counting alpha_1 = -0,0035, alpha_2 = -0,0015
[11.11.2015 19:15:32] Step 3: f(-0,0035) = 1550352202660130000000000000,0000 > f(-0,0015) = 55495090617172900000000000,0000; a = alpha_1 = -0,0035.
[11.11.2015 19:15:32] Step 4: (b-a)/2 = 0,0055 < eps = 0,0100; STOP SEARCHING!
[11.11.2015 19:15:32] Iter 0: Answer is in the range: [-0,0035; 0,0075]
[11.11.2015 19:15:32] Step 5: alpha_end = (a+b)/2; Minimum x* is: 0,0020
[11.11.2015 19:15:32] Step 4: Alpha = 0,00196081542968548;
[11.11.2015 19:15:32] Step 5: arguments = arguments - alpha * gradientValue = (3 475 306,098; -4 749,076);
[11.11.2015 19:15:32] Step 6: k = k + 1 = 1;
[11.11.2015 19:15:32] Step 7: answer is: (3 475 306,098; -4 749,076);
[11.11.2015 19:15:32] ITER 2:
[11.11.2015 19:15:32] Step 1: k = 2;
[11.11.2015 19:15:32] Step 2: gradient is (167 895 539 188 493 000 000,000, 26 284 782 734 633,600);
[11.11.2015 19:15:32] DSK method started!
[11.11.2015 19:15:32] Step 1: f(alpha)=11746365034792500000000000000000000000000000000000000000000000000000000,0000, f(alpha + h)=16262967160753300000000000000000000000000000000000000000000000000000000000,0000; k=0;
[11.11.2015 19:15:32] Step 3: a=-0,0080, b=0,0120; Go to step 6!
[11.11.2015 19:15:32] Step 6: Interval is: [-0,0080 ; 0,0120]
[11.11.2015 19:15:32] Dichotomy method has been started!
[11.11.2015 19:15:32] Counting: delta = eps / 10 = 0,001
[11.11.2015 19:15:32] Step 1: counting alpha_1 = 0,0010, alpha_2 = 0,0030
[11.11.2015 19:15:32] Step 3: f(0,0010) = 677199307225754000000000000000000000000000000000000000000000000000000,0000 <= f(0,0030) = 61066351253125400000000000000000000000000000000000000000000000000000000,0000; b = alpha_2 = 0,0030.
[11.11.2015 19:15:32] Step 4: (b-a)/2 = 0,0055 < eps = 0,0100; STOP SEARCHING!
[11.11.2015 19:15:32] Iter 0: Answer is in the range: [-0,0080; 0,0030]
[11.11.2015 19:15:32] Step 5: alpha_end = (a+b)/2; Minimum x* is: -0,0025
[11.11.2015 19:15:32] Step 4: Alpha = -0,00253918457031452;
[11.11.2015 19:15:32] Step 5: arguments = arguments - alpha * gradientValue = (426 317 762 535 535 000,000; 66 741 910 004,775);
[11.11.2015 19:15:32] Step 6: k = k + 1 = 2;
[11.11.2015 19:15:32] Step 7: answer is: (426 317 762 535 535 000,000; 66 741 910 004,775);
[11.11.2015 19:15:32] ITER 3:
[11.11.2015 19:15:32] Step 1: k = 3;
[11.11.2015 19:15:32] Step 2: gradient is (0,000, 0,000);
[11.11.2015 19:15:32] Step 3: gradient Euclidean norm is <= eps: 0,000 <= 0,01; Go to step 7!
[11.11.2015 19:15:32] Step 7: answer is: (426 317 762 535 535 000,000; 66 741 910 004,775);
[11.11.2015 19:15:43] Optimal gradient method started!
[11.11.2015 19:15:43] 	Data input:
(x1; x2) = (10,000; -1,000),
Alpha = 0,000,
eps = 0,010;
[11.11.2015 19:15:43] ITER 0:
[11.11.2015 19:15:43] Step 1: k = 0;
[11.11.2015 19:15:43] Step 2: gradient is (3 528,058, 160,001);
[11.11.2015 19:15:43] DSK method started!
[11.11.2015 19:15:43] Step 1: f(alpha)=6583,0228, f(alpha + h)=414698,5521; k=0;
[11.11.2015 19:15:43] Step 3: a=-0,0099, b=0,0101; Go to step 6!
[11.11.2015 19:15:43] Step 6: Interval is: [-0,0099 ; 0,0101]
[11.11.2015 19:15:43] Dichotomy method has been started!
[11.11.2015 19:15:43] Counting: delta = eps / 10 = 0,001
[11.11.2015 19:15:43] Step 1: counting alpha_1 = -0,0009, alpha_2 = 0,0011
[11.11.2015 19:15:43] Step 3: f(-0,0009) = 26204,7222 > f(0,0011) = 638,7154; a = alpha_1 = -0,0009.
[11.11.2015 19:15:43] Step 4: (b-a)/2 = 0,0055 < eps = 0,0100; STOP SEARCHING!
[11.11.2015 19:15:43] Iter 0: Answer is in the range: [-0,0009; 0,0101]
[11.11.2015 19:15:43] Step 5: alpha_end = (a+b)/2; Minimum x* is: 0,0046
[11.11.2015 19:15:43] Step 4: Alpha = 0,0046;
[11.11.2015 19:15:43] Step 5: arguments = arguments - alpha * gradientValue = (-6,229; -1,736);
[11.11.2015 19:15:43] Step 6: k = k + 1 = 0;
[11.11.2015 19:15:43] Step 7: answer is: (-6,229; -1,736);
[11.11.2015 19:15:43] ITER 1:
[11.11.2015 19:15:43] Step 1: k = 1;
[11.11.2015 19:15:43] Step 2: gradient is (-668,921, 123,032);
[11.11.2015 19:15:43] DSK method started!
[11.11.2015 19:15:43] Step 1: f(alpha)=34,8865, f(alpha + h)=85,3376; k=0;
[11.11.2015 19:15:43] Step 3: a=-0,0054, b=0,0146; Go to step 6!
[11.11.2015 19:15:43] Step 6: Interval is: [-0,0054 ; 0,0146]
[11.11.2015 19:15:43] Dichotomy method has been started!
[11.11.2015 19:15:43] Counting: delta = eps / 10 = 0,001
[11.11.2015 19:15:43] Step 1: counting alpha_1 = 0,0036, alpha_2 = 0,0056
[11.11.2015 19:15:43] Step 3: f(0,0036) = 38,9028 <= f(0,0056) = 65,6740; b = alpha_2 = 0,0056.
[11.11.2015 19:15:43] Step 4: (b-a)/2 = 0,0055 < eps = 0,0100; STOP SEARCHING!
[11.11.2015 19:15:43] Iter 0: Answer is in the range: [-0,0054; 0,0056]
[11.11.2015 19:15:43] Step 5: alpha_end = (a+b)/2; Minimum x* is: 0,0001
[11.11.2015 19:15:43] Step 4: Alpha = 9,99999999999998E-05;
[11.11.2015 19:15:43] Step 5: arguments = arguments - alpha * gradientValue = (-6,162; -1,748);
[11.11.2015 19:15:43] Step 6: k = k + 1 = 1;
[11.11.2015 19:15:43] Step 7: answer is: (-6,162; -1,748);
[11.11.2015 19:15:43] ITER 2:
[11.11.2015 19:15:43] Step 1: k = 2;
[11.11.2015 19:15:43] Step 2: gradient is (-641,931, 121,118);
[11.11.2015 19:15:43] DSK method started!
[11.11.2015 19:15:43] Step 1: f(alpha)=696,5557, f(alpha + h)=196,9612; k=0;
[11.11.2015 19:15:43] Step 2: a=0,0001, alpha1=0,0101, k=2; Go to step 4!
[11.11.2015 19:15:43] Step 4: alphak=0,0201
[11.11.2015 19:15:43] Step 5: h > 0; b=alphak=0,0201
[11.11.2015 19:15:43] Step 6: Interval is: [0,0001 ; 0,0201]
[11.11.2015 19:15:43] Dichotomy method has been started!
[11.11.2015 19:15:43] Counting: delta = eps / 10 = 0,001
[11.11.2015 19:15:43] Step 1: counting alpha_1 = 0,0091, alpha_2 = 0,0111
[11.11.2015 19:15:43] Step 3: f(0,0091) = 189,6468 > f(0,0111) = 185,7613; a = alpha_1 = 0,0091.
[11.11.2015 19:15:43] Step 4: (b-a)/2 = 0,0055 < eps = 0,0100; STOP SEARCHING!
[11.11.2015 19:15:43] Iter 0: Answer is in the range: [0,0091; 0,0201]
[11.11.2015 19:15:43] Step 5: alpha_end = (a+b)/2; Minimum x* is: 0,0146
[11.11.2015 19:15:43] Step 4: Alpha = 0,0146;
[11.11.2015 19:15:43] Step 5: arguments = arguments - alpha * gradientValue = (3,210; -3,517);
[11.11.2015 19:15:43] Step 6: k = k + 1 = 2;
[11.11.2015 19:15:43] Step 7: answer is: (3,210; -3,517);
[11.11.2015 19:15:43] ITER 3:
[11.11.2015 19:15:43] Step 1: k = 3;
[11.11.2015 19:15:43] Step 2: gradient is (-36,933, -129,071);
[11.11.2015 19:15:43] DSK method started!
[11.11.2015 19:15:43] Step 1: f(alpha)=2,3738, f(alpha + h)=39,2422; k=0;
[11.11.2015 19:15:43] Step 3: a=0,0046, b=0,0246; Go to step 6!
[11.11.2015 19:15:43] Step 6: Interval is: [0,0046 ; 0,0246]
[11.11.2015 19:15:43] Dichotomy method has been started!
[11.11.2015 19:15:43] Counting: delta = eps / 10 = 0,001
[11.11.2015 19:15:43] Step 1: counting alpha_1 = 0,0136, alpha_2 = 0,0156
[11.11.2015 19:15:43] Step 3: f(0,0136) = 1,0749 <= f(0,0156) = 4,2673; b = alpha_2 = 0,0156.
[11.11.2015 19:15:43] Step 4: (b-a)/2 = 0,0055 < eps = 0,0100; STOP SEARCHING!
[11.11.2015 19:15:43] Iter 0: Answer is in the range: [0,0046; 0,0156]
[11.11.2015 19:15:43] Step 5: alpha_end = (a+b)/2; Minimum x* is: 0,0101
[11.11.2015 19:15:43] Step 4: Alpha = 0,0101;
[11.11.2015 19:15:43] Step 5: arguments = arguments - alpha * gradientValue = (3,583; -2,213);
[11.11.2015 19:15:43] Step 6: k = k + 1 = 3;
[11.11.2015 19:15:43] Step 7: answer is: (3,583; -2,213);
[11.11.2015 19:15:43] ITER 4:
[11.11.2015 19:15:43] Step 1: k = 4;
[11.11.2015 19:15:43] Step 2: gradient is (-2,410, -13,855);
[11.11.2015 19:15:43] DSK method started!
[11.11.2015 19:15:43] Step 1: f(alpha)=0,8227, f(alpha + h)=0,2039; k=0;
[11.11.2015 19:15:43] Step 2: a=0,0101, alpha1=0,0201, k=2; Go to step 4!
[11.11.2015 19:15:43] Step 4: alphak=0,0301
[11.11.2015 19:15:43] Step 5: h > 0; b=alphak=0,0301
[11.11.2015 19:15:43] Step 6: Interval is: [0,0101 ; 0,0301]
[11.11.2015 19:15:43] Dichotomy method has been started!
[11.11.2015 19:15:43] Counting: delta = eps / 10 = 0,001
[11.11.2015 19:15:43] Step 1: counting alpha_1 = 0,0191, alpha_2 = 0,0211
[11.11.2015 19:15:43] Step 3: f(0,0191) = 0,2301 > f(0,0211) = 0,1852; a = alpha_1 = 0,0191.
[11.11.2015 19:15:43] Step 4: (b-a)/2 = 0,0055 < eps = 0,0100; STOP SEARCHING!
[11.11.2015 19:15:43] Iter 0: Answer is in the range: [0,0191; 0,0301]
[11.11.2015 19:15:43] Step 5: alpha_end = (a+b)/2; Minimum x* is: 0,0246
[11.11.2015 19:15:43] Step 4: Alpha = 0,0246;
[11.11.2015 19:15:43] Step 5: arguments = arguments - alpha * gradientValue = (3,642; -1,872);
[11.11.2015 19:15:43] Step 6: k = k + 1 = 4;
[11.11.2015 19:15:43] Step 7: answer is: (3,642; -1,872);
[11.11.2015 19:15:43] ITER 5:
[11.11.2015 19:15:43] Step 1: k = 5;
[11.11.2015 19:15:43] Step 2: gradient is (6,044, -0,316);
[11.11.2015 19:15:43] DSK method started!
[11.11.2015 19:15:43] Step 1: f(alpha)=0,4348, f(alpha + h)=1,1644; k=0;
[11.11.2015 19:15:43] Step 3: b=0,0246, alpha1=0,0346, h=-0,0100, k=2.
[11.11.2015 19:15:43] Step 4: alphak=0,0046
[11.11.2015 19:15:43] Step 5: h > 0; b=alpha(k-1)=0,0146
[11.11.2015 19:15:43] k = k + 1 = 3; Go to step 4!
[11.11.2015 19:15:44] Step 4: alphak=-0,0154
[11.11.2015 19:15:44] Step 5: h < 0; a=alphak-0,0154
[11.11.2015 19:15:44] Step 6: Interval is: [-0,0154 ; 0,0146]
[11.11.2015 19:15:44] Dichotomy method has been started!
[11.11.2015 19:15:44] Counting: delta = eps / 10 = 0,001
[11.11.2015 19:15:44] Step 1: counting alpha_1 = -0,0014, alpha_2 = 0,0006
[11.11.2015 19:15:44] Step 3: f(-0,0014) = 0,2325 > f(0,0006) = 0,1561; a = alpha_1 = -0,0014.
[11.11.2015 19:15:44] Step 4: (b-a)/2 = 0,0080 < eps = 0,0100; STOP SEARCHING!
[11.11.2015 19:15:44] Iter 0: Answer is in the range: [-0,0014; 0,0146]
[11.11.2015 19:15:44] Step 5: alpha_end = (a+b)/2; Minimum x* is: 0,0066
[11.11.2015 19:15:44] Step 4: Alpha = 0,0066;
[11.11.2015 19:15:44] Step 5: arguments = arguments - alpha * gradientValue = (3,602; -1,870);
[11.11.2015 19:15:44] Step 6: k = k + 1 = 5;
[11.11.2015 19:15:44] Step 7: answer is: (3,602; -1,870);
[11.11.2015 19:15:44] ITER 6:
[11.11.2015 19:15:44] Step 1: k = 6;
[11.11.2015 19:15:44] Step 2: gradient is (2,100, -0,431);
[11.11.2015 19:15:44] DSK method started!
[11.11.2015 19:15:44] Step 1: f(alpha)=0,0058, f(alpha + h)=0,0198; k=0;
[11.11.2015 19:15:44] Step 3: a=-0,0034, b=0,0166; Go to step 6!
[11.11.2015 19:15:44] Step 6: Interval is: [-0,0034 ; 0,0166]
[11.11.2015 19:15:44] Dichotomy method has been started!
[11.11.2015 19:15:44] Counting: delta = eps / 10 = 0,001
[11.11.2015 19:15:44] Step 1: counting alpha_1 = 0,0056, alpha_2 = 0,0076
[11.11.2015 19:15:44] Step 3: f(0,0056) = 0,0069 > f(0,0076) = 0,0051; a = alpha_1 = 0,0056.
[11.11.2015 19:15:44] Step 4: (b-a)/2 = 0,0055 < eps = 0,0100; STOP SEARCHING!
[11.11.2015 19:15:44] Iter 0: Answer is in the range: [0,0056; 0,0166]
[11.11.2015 19:15:44] Step 5: alpha_end = (a+b)/2; Minimum x* is: 0,0111
[11.11.2015 19:15:44] Step 4: Alpha = 0,0111;
[11.11.2015 19:15:44] Step 5: arguments = arguments - alpha * gradientValue = (3,579; -1,865);
[11.11.2015 19:15:44] Step 6: k = k + 1 = 6;
[11.11.2015 19:15:44] Step 7: answer is: (3,579; -1,865);
[11.11.2015 19:15:44] ITER 7:
[11.11.2015 19:15:44] Step 1: k = 7;
[11.11.2015 19:15:44] Step 2: gradient is (-0,671, -0,547);
[11.11.2015 19:15:44] DSK method started!
[11.11.2015 19:15:44] Step 1: f(alpha)=0,0019, f(alpha + h)=0,0043; k=0;
[11.11.2015 19:15:44] Step 3: a=0,0011, b=0,0211; Go to step 6!
[11.11.2015 19:15:44] Step 6: Interval is: [0,0011 ; 0,0211]
[11.11.2015 19:15:44] Dichotomy method has been started!
[11.11.2015 19:15:44] Counting: delta = eps / 10 = 0,001
[11.11.2015 19:15:44] Step 1: counting alpha_1 = 0,0101, alpha_2 = 0,0121
[11.11.2015 19:15:44] Step 3: f(0,0101) = 0,0020 > f(0,0121) = 0,0019; a = alpha_1 = 0,0101.
[11.11.2015 19:15:44] Step 4: (b-a)/2 = 0,0055 < eps = 0,0100; STOP SEARCHING!
[11.11.2015 19:15:44] Iter 0: Answer is in the range: [0,0101; 0,0211]
[11.11.2015 19:15:44] Step 5: alpha_end = (a+b)/2; Minimum x* is: 0,0156
[11.11.2015 19:15:44] Step 4: Alpha = 0,0156;
[11.11.2015 19:15:44] Step 5: arguments = arguments - alpha * gradientValue = (3,590; -1,857);
[11.11.2015 19:15:44] Step 6: k = k + 1 = 7;
[11.11.2015 19:15:44] Step 7: answer is: (3,590; -1,857);
[11.11.2015 19:15:44] ITER 8:
[11.11.2015 19:15:44] Step 1: k = 8;
[11.11.2015 19:15:44] Step 2: gradient is (0,485, -0,220);
[11.11.2015 19:15:44] DSK method started!
[11.11.2015 19:15:44] Step 1: f(alpha)=0,0008, f(alpha + h)=0,0030; k=0;
[11.11.2015 19:15:44] Step 3: a=0,0056, b=0,0256; Go to step 6!
[11.11.2015 19:15:44] Step 6: Interval is: [0,0056 ; 0,0256]
[11.11.2015 19:15:44] Dichotomy method has been started!
[11.11.2015 19:15:44] Counting: delta = eps / 10 = 0,001
[11.11.2015 19:15:44] Step 1: counting alpha_1 = 0,0146, alpha_2 = 0,0166
[11.11.2015 19:15:44] Step 3: f(0,0146) = 0,0007 <= f(0,0166) = 0,0009; b = alpha_2 = 0,0166.
[11.11.2015 19:15:44] Step 4: (b-a)/2 = 0,0055 < eps = 0,0100; STOP SEARCHING!
[11.11.2015 19:15:44] Iter 0: Answer is in the range: [0,0056; 0,0166]
[11.11.2015 19:15:44] Step 5: alpha_end = (a+b)/2; Minimum x* is: 0,0111
[11.11.2015 19:15:44] Step 4: Alpha = 0,0111;
[11.11.2015 19:15:44] Step 5: arguments = arguments - alpha * gradientValue = (3,584; -1,854);
[11.11.2015 19:15:44] Step 6: k = k + 1 = 8;
[11.11.2015 19:15:44] Step 7: answer is: (3,584; -1,854);
[11.11.2015 19:15:44] ITER 9:
[11.11.2015 19:15:44] Step 1: k = 9;
[11.11.2015 19:15:44] Step 2: gradient is (-0,064, -0,185);
[11.11.2015 19:15:44] DSK method started!
[11.11.2015 19:15:44] Step 1: f(alpha)=0,0003, f(alpha + h)=0,0001; k=0;
[11.11.2015 19:15:44] Step 2: a=0,0111, alpha1=0,0211, k=2; Go to step 4!
[11.11.2015 19:15:44] Step 4: alphak=0,0311
[11.11.2015 19:15:44] Step 5: h > 0; b=alphak=0,0311
[11.11.2015 19:15:44] Step 6: Interval is: [0,0111 ; 0,0311]
[11.11.2015 19:15:44] Dichotomy method has been started!
[11.11.2015 19:15:44] Counting: delta = eps / 10 = 0,001
[11.11.2015 19:15:44] Step 1: counting alpha_1 = 0,0201, alpha_2 = 0,0221
[11.11.2015 19:15:44] Step 3: f(0,0201) = 0,0001 > f(0,0221) = 0,0001; a = alpha_1 = 0,0201.
[11.11.2015 19:15:44] Step 4: (b-a)/2 = 0,0055 < eps = 0,0100; STOP SEARCHING!
[11.11.2015 19:15:44] Iter 0: Answer is in the range: [0,0201; 0,0311]
[11.11.2015 19:15:44] Step 5: alpha_end = (a+b)/2; Minimum x* is: 0,0256
[11.11.2015 19:15:44] Step 4: Alpha = 0,0256;
[11.11.2015 19:15:44] Step 5: arguments = arguments - alpha * gradientValue = (3,586; -1,850);
[11.11.2015 19:15:44] Step 6: k = k + 1 = 9;
[11.11.2015 19:15:44] Step 7: answer is: (3,586; -1,850);
[11.11.2015 19:15:44] ITER 10:
[11.11.2015 19:15:44] Step 1: k = 10;
[11.11.2015 19:15:44] Step 2: gradient is (0,142, -0,035);
[11.11.2015 19:15:44] DSK method started!
[11.11.2015 19:15:44] Step 1: f(alpha)=0,0003, f(alpha + h)=0,0007; k=0;
[11.11.2015 19:15:44] Step 3: b=0,0256, alpha1=0,0356, h=-0,0100, k=2.
[11.11.2015 19:15:44] Step 4: alphak=0,0056
[11.11.2015 19:15:44] Step 5: h > 0; b=alpha(k-1)=0,0156
[11.11.2015 19:15:44] k = k + 1 = 3; Go to step 4!
[11.11.2015 19:15:44] Step 4: alphak=-0,0144
[11.11.2015 19:15:44] Step 5: h < 0; a=alphak-0,0144
[11.11.2015 19:15:44] Step 6: Interval is: [-0,0144 ; 0,0156]
[11.11.2015 19:15:44] Dichotomy method has been started!
[11.11.2015 19:15:44] Counting: delta = eps / 10 = 0,001
[11.11.2015 19:15:44] Step 1: counting alpha_1 = -0,0004, alpha_2 = 0,0016
[11.11.2015 19:15:44] Step 3: f(-0,0004) = 0,0001 > f(0,0016) = 0,0001; a = alpha_1 = -0,0004.
[11.11.2015 19:15:44] Step 4: (b-a)/2 = 0,0080 < eps = 0,0100; STOP SEARCHING!
[11.11.2015 19:15:44] Iter 0: Answer is in the range: [-0,0004; 0,0156]
[11.11.2015 19:15:44] Step 5: alpha_end = (a+b)/2; Minimum x* is: 0,0076
[11.11.2015 19:15:44] Step 4: Alpha = 0,0076;
[11.11.2015 19:15:44] Step 5: arguments = arguments - alpha * gradientValue = (3,585; -1,849);
[11.11.2015 19:15:44] Step 6: k = k + 1 = 10;
[11.11.2015 19:15:44] Step 7: answer is: (3,585; -1,849);
[11.11.2015 19:15:44] ITER 11:
[11.11.2015 19:15:45] Step 1: k = 11;
[11.11.2015 19:15:45] Step 2: gradient is (0,427, 0,078);
[11.11.2015 19:15:45] DSK method started!
[11.11.2015 19:15:45] Step 1: f(alpha)=0,0005, f(alpha + h)=0,0029; k=0;
[11.11.2015 19:15:45] Step 3: b=0,0076, alpha1=0,0176, h=-0,0100, k=2.
[11.11.2015 19:15:45] Step 4: alphak=-0,0124
[11.11.2015 19:15:45] Step 5: h < 0; a=alphak-0,0124
[11.11.2015 19:15:45] Step 6: Interval is: [-0,0124 ; 0,0076]
[11.11.2015 19:15:45] Dichotomy method has been started!
[11.11.2015 19:15:45] Counting: delta = eps / 10 = 0,001
[11.11.2015 19:15:45] Step 1: counting alpha_1 = -0,0034, alpha_2 = -0,0014
[11.11.2015 19:15:45] Step 3: f(-0,0034) = 0,0002 > f(-0,0014) = 0,0001; a = alpha_1 = -0,0034.
[11.11.2015 19:15:45] Step 4: (b-a)/2 = 0,0055 < eps = 0,0100; STOP SEARCHING!
[11.11.2015 19:15:45] Iter 0: Answer is in the range: [-0,0034; 0,0076]
[11.11.2015 19:15:45] Step 5: alpha_end = (a+b)/2; Minimum x* is: 0,0021
[11.11.2015 19:15:45] Step 4: Alpha = 0,0021;
[11.11.2015 19:15:45] Step 5: arguments = arguments - alpha * gradientValue = (3,584; -1,850);
[11.11.2015 19:15:45] Step 6: k = k + 1 = 11;
[11.11.2015 19:15:45] Step 7: answer is: (3,584; -1,850);
[11.11.2015 19:15:45] ITER 12:
[11.11.2015 19:15:45] Step 1: k = 12;
[11.11.2015 19:15:45] Step 2: gradient is (0,043, -0,014);
[11.11.2015 19:15:45] DSK method started!
[11.11.2015 19:15:45] Step 1: f(alpha)=0,0001, f(alpha + h)=0,0001; k=0;
[11.11.2015 19:15:45] Step 3: b=0,0021, alpha1=0,0121, h=-0,0100, k=2.
[11.11.2015 19:15:45] Step 4: alphak=-0,0179
[11.11.2015 19:15:45] Step 5: h < 0; a=alphak-0,0179
[11.11.2015 19:15:45] Step 6: Interval is: [-0,0179 ; 0,0021]
[11.11.2015 19:15:45] Dichotomy method has been started!
[11.11.2015 19:15:45] Counting: delta = eps / 10 = 0,001
[11.11.2015 19:15:45] Step 1: counting alpha_1 = -0,0089, alpha_2 = -0,0069
[11.11.2015 19:15:45] Step 3: f(-0,0089) = 0,0000 <= f(-0,0069) = 0,0000; b = alpha_2 = -0,0069.
[11.11.2015 19:15:45] Step 4: (b-a)/2 = 0,0055 < eps = 0,0100; STOP SEARCHING!
[11.11.2015 19:15:45] Iter 0: Answer is in the range: [-0,0179; -0,0069]
[11.11.2015 19:15:45] Step 5: alpha_end = (a+b)/2; Minimum x* is: -0,0124
[11.11.2015 19:15:45] Step 4: Alpha = -0,0124;
[11.11.2015 19:15:45] Step 5: arguments = arguments - alpha * gradientValue = (3,584; -1,850);
[11.11.2015 19:15:45] Step 6: k = k + 1 = 12;
[11.11.2015 19:15:45] Step 7: answer is: (3,584; -1,850);
[11.11.2015 19:15:45] ITER 13:
[11.11.2015 19:15:45] Step 1: k = 13;
[11.11.2015 19:15:45] Step 2: gradient is (-0,659, -0,229);
[11.11.2015 19:15:45] DSK method started!
[11.11.2015 19:15:45] Step 1: f(alpha)=0,0040, f(alpha + h)=0,0002; k=0;
[11.11.2015 19:15:45] Step 2: a=-0,0124, alpha1=-0,0024, k=2; Go to step 4!
[11.11.2015 19:15:45] Step 4: alphak=0,0076
[11.11.2015 19:15:45] Step 5: h > 0; b=alphak=0,0076
[11.11.2015 19:15:45] Step 6: Interval is: [-0,0124 ; 0,0076]
[11.11.2015 19:15:45] Dichotomy method has been started!
[11.11.2015 19:15:45] Counting: delta = eps / 10 = 0,001
[11.11.2015 19:15:45] Step 1: counting alpha_1 = -0,0034, alpha_2 = -0,0014
[11.11.2015 19:15:45] Step 3: f(-0,0034) = 0,0004 > f(-0,0014) = 0,0001; a = alpha_1 = -0,0034.
[11.11.2015 19:15:45] Step 4: (b-a)/2 = 0,0055 < eps = 0,0100; STOP SEARCHING!
[11.11.2015 19:15:45] Iter 0: Answer is in the range: [-0,0034; 0,0076]
[11.11.2015 19:15:45] Step 5: alpha_end = (a+b)/2; Minimum x* is: 0,0021
[11.11.2015 19:15:45] Step 4: Alpha = 0,0021;
[11.11.2015 19:15:45] Step 5: arguments = arguments - alpha * gradientValue = (3,586; -1,849);
[11.11.2015 19:15:45] Step 6: k = k + 1 = 13;
[11.11.2015 19:15:45] Step 7: answer is: (3,586; -1,849);
[11.11.2015 19:15:45] ITER 14:
[11.11.2015 19:15:45] Step 1: k = 14;
[11.11.2015 19:15:45] Step 2: gradient is (0,247, 0,009);
[11.11.2015 19:15:45] DSK method started!
[11.11.2015 19:15:45] Step 1: f(alpha)=0,0000, f(alpha + h)=0,0002; k=0;
[11.11.2015 19:15:45] Step 3: a=-0,0079, b=0,0121; Go to step 6!
[11.11.2015 19:15:45] Step 6: Interval is: [-0,0079 ; 0,0121]
[11.11.2015 19:15:45] Dichotomy method has been started!
[11.11.2015 19:15:45] Counting: delta = eps / 10 = 0,001
[11.11.2015 19:15:45] Step 1: counting alpha_1 = 0,0011, alpha_2 = 0,0031
[11.11.2015 19:15:45] Step 3: f(0,0011) = 0,0001 > f(0,0031) = 0,0000; a = alpha_1 = 0,0011.
[11.11.2015 19:15:45] Step 4: (b-a)/2 = 0,0055 < eps = 0,0100; STOP SEARCHING!
[11.11.2015 19:15:45] Iter 0: Answer is in the range: [0,0011; 0,0121]
[11.11.2015 19:15:45] Step 5: alpha_end = (a+b)/2; Minimum x* is: 0,0066
[11.11.2015 19:15:45] Step 4: Alpha = 0,0066;
[11.11.2015 19:15:45] Step 5: arguments = arguments - alpha * gradientValue = (3,584; -1,849);
[11.11.2015 19:15:45] Step 6: k = k + 1 = 14;
[11.11.2015 19:15:45] Step 7: answer is: (3,584; -1,849);
[11.11.2015 19:15:45] ITER 15:
[11.11.2015 19:15:45] Step 1: k = 15;
[11.11.2015 19:15:45] Step 2: gradient is (0,312, 0,062);
[11.11.2015 19:15:45] DSK method started!
[11.11.2015 19:15:45] Step 1: f(alpha)=0,0003, f(alpha + h)=0,0017; k=0;
[11.11.2015 19:15:45] Step 3: b=0,0066, alpha1=0,0166, h=-0,0100, k=2.
[11.11.2015 19:15:45] Step 4: alphak=-0,0134
[11.11.2015 19:15:45] Step 5: h < 0; a=alphak-0,0134
[11.11.2015 19:15:45] Step 6: Interval is: [-0,0134 ; 0,0066]
[11.11.2015 19:15:45] Dichotomy method has been started!
[11.11.2015 19:15:45] Counting: delta = eps / 10 = 0,001
[11.11.2015 19:15:45] Step 1: counting alpha_1 = -0,0044, alpha_2 = -0,0024
[11.11.2015 19:15:45] Step 3: f(-0,0044) = 0,0001 > f(-0,0024) = 0,0000; a = alpha_1 = -0,0044.
[11.11.2015 19:15:45] Step 4: (b-a)/2 = 0,0055 < eps = 0,0100; STOP SEARCHING!
[11.11.2015 19:15:45] Iter 0: Answer is in the range: [-0,0044; 0,0066]
[11.11.2015 19:15:45] Step 5: alpha_end = (a+b)/2; Minimum x* is: 0,0011
[11.11.2015 19:15:45] Step 4: Alpha = 0,0011;
[11.11.2015 19:15:45] Step 5: arguments = arguments - alpha * gradientValue = (3,584; -1,849);
[11.11.2015 19:15:45] Step 6: k = k + 1 = 15;
[11.11.2015 19:15:45] Step 7: answer is: (3,584; -1,849);
[11.11.2015 19:15:45] ITER 16:
[11.11.2015 19:15:45] Step 1: k = 16;
[11.11.2015 19:15:45] Step 2: gradient is (-0,013, -0,023);
[11.11.2015 19:15:45] DSK method started!
[11.11.2015 19:15:46] Step 1: f(alpha)=0,0000, f(alpha + h)=0,0000; k=0;
[11.11.2015 19:15:46] Step 2: a=0,0011, alpha1=0,0111, k=2; Go to step 4!
[11.11.2015 19:15:46] Step 4: alphak=0,0211
[11.11.2015 19:15:46] Step 5: h > 0; a=alpha(k-1)=0,0111
[11.11.2015 19:15:46] k = k + 1 = 3; Go to step 4!
[11.11.2015 19:15:46] Step 4: alphak=0,0411
[11.11.2015 19:15:46] Step 5: h > 0; a=alpha(k-1)=0,0211
[11.11.2015 19:15:46] k = k + 1 = 4; Go to step 4!
[11.11.2015 19:15:46] Step 4: alphak=0,0811
[11.11.2015 19:15:46] Step 5: h > 0; b=alphak=0,0811
[11.11.2015 19:15:46] Step 6: Interval is: [0,0211 ; 0,0811]
[11.11.2015 19:15:46] Dichotomy method has been started!
[11.11.2015 19:15:46] Counting: delta = eps / 10 = 0,001
[11.11.2015 19:15:46] Step 1: counting alpha_1 = 0,0501, alpha_2 = 0,0521
[11.11.2015 19:15:46] Step 3: f(0,0501) = 0,0000 <= f(0,0521) = 0,0000; b = alpha_2 = 0,0521.
[11.11.2015 19:15:46] Iter 0: Answer is in the range: [0,0211; 0,0521]
[11.11.2015 19:15:46] Step 1: counting alpha_1 = 0,0356, alpha_2 = 0,0376
[11.11.2015 19:15:46] Step 3: f(0,0356) = 0,0000 > f(0,0376) = 0,0000; a = alpha_1 = 0,0356.
[11.11.2015 19:15:46] Step 4: (b-a)/2 = 0,0083 < eps = 0,0100; STOP SEARCHING!
[11.11.2015 19:15:46] Iter 1: Answer is in the range: [0,0356; 0,0521]
[11.11.2015 19:15:46] Step 5: alpha_end = (a+b)/2; Minimum x* is: 0,0439
[11.11.2015 19:15:46] Step 4: Alpha = 0,04385;
[11.11.2015 19:15:46] Step 5: arguments = arguments - alpha * gradientValue = (3,584; -1,848);
[11.11.2015 19:15:46] Step 6: k = k + 1 = 16;
[11.11.2015 19:15:46] Step 7: answer is: (3,584; -1,848);
[11.11.2015 19:15:46] ITER 17:
[11.11.2015 19:15:46] Step 1: k = 17;
[11.11.2015 19:15:46] Step 2: gradient is (0,004, -0,009);
[11.11.2015 19:15:46] Step 3: gradient Euclidean norm is <= eps: 0,010 <= 0,01; Go to step 7!
[11.11.2015 19:15:46] Step 7: answer is: (3,584; -1,848);
