[11.11.2015 23:37:17] DFP method started
[11.11.2015 23:37:17] Input data. Start point DenseMatrix 2x1-Double
0
0
, epsilon 0,01000
[11.11.2015 23:37:17] Step 1: K = 0
[11.11.2015 23:37:17] Step 2: ITERATION number 0
[11.11.2015 23:37:17] Step 4: K==0, go to step 8.
[11.11.2015 23:37:18] Step 8: Search vector: DenseMatrix 2x1-Double
 14,002
22,0012

[11.11.2015 23:37:18] DSK method started!
[11.11.2015 23:37:18] Step 1: f(alpha)=169,9350, f(alpha + h)=162,0993; k=0;
[11.11.2015 23:37:18] Step 2: a=0,0001, alpha1=0,0101, k=2; Go to step 4!
[11.11.2015 23:37:18] Step 4: alphak=0,0201
[11.11.2015 23:37:18] Step 5: h > 0; a=alpha(k-1)=0,0101
[11.11.2015 23:37:18] k = k + 1 = 3; Go to step 4!
[11.11.2015 23:37:18] Step 4: alphak=0,0401
[11.11.2015 23:37:18] Step 5: h > 0; a=alpha(k-1)=0,0201
[11.11.2015 23:37:18] k = k + 1 = 4; Go to step 4!
[11.11.2015 23:37:18] Step 4: alphak=0,0801
[11.11.2015 23:37:18] Step 5: h > 0; a=alpha(k-1)=0,0401
[11.11.2015 23:37:18] k = k + 1 = 5; Go to step 4!
[11.11.2015 23:37:18] Step 4: alphak=0,1601
[11.11.2015 23:37:18] Step 5: h > 0; a=alpha(k-1)=0,0801
[11.11.2015 23:37:18] k = k + 1 = 6; Go to step 4!
[11.11.2015 23:37:18] Step 4: alphak=0,3201
[11.11.2015 23:37:18] Step 5: h > 0; b=alphak=0,3201
[11.11.2015 23:37:18] Step 6: Interval is: [0,0801 ; 0,3201]
[11.11.2015 23:37:18] Dichotomy method has been started!
[11.11.2015 23:37:18] Counting: delta = eps / 10 = 0,001
[11.11.2015 23:37:18] Step 1: counting alpha_1 = 0,1991, alpha_2 = 0,2011
[11.11.2015 23:37:18] Step 3: f(0,1991) = 225,5823 <= f(0,2011) = 238,7005; b = alpha_2 = 0,2011.
[11.11.2015 23:37:18] Iter 0: Answer is in the range: [0,0801; 0,2011]
[11.11.2015 23:37:18] Step 1: counting alpha_1 = 0,1396, alpha_2 = 0,1416
[11.11.2015 23:37:18] Step 3: f(0,1396) = 36,1260 <= f(0,1416) = 37,6069; b = alpha_2 = 0,1416.
[11.11.2015 23:37:18] Iter 1: Answer is in the range: [0,0801; 0,1416]
[11.11.2015 23:37:18] Step 1: counting alpha_1 = 0,1098, alpha_2 = 0,1118
[11.11.2015 23:37:18] Step 3: f(0,1098) = 38,8025 > f(0,1118) = 37,4341; a = alpha_1 = 0,1098.
[11.11.2015 23:37:18] Iter 2: Answer is in the range: [0,1098; 0,1416]
[11.11.2015 23:37:18] Step 1: counting alpha_1 = 0,1247, alpha_2 = 0,1267
[11.11.2015 23:37:18] Step 3: f(0,1247) = 32,2853 > f(0,1267) = 32,1300; a = alpha_1 = 0,1247.
[11.11.2015 23:37:19] Step 4: (b-a)/2 = 0,0084 < eps = 0,0100; STOP SEARCHING!
[11.11.2015 23:37:19] Iter 3: Answer is in the range: [0,1247; 0,1416]
[11.11.2015 23:37:19] Step 5: alpha_end = (a+b)/2; Minimum x* is: 0,1332
[11.11.2015 23:37:19] Step 9: New alpha 0,133157920000434
[11.11.2015 23:37:19] Step 10: New local search point DenseMatrix 2x1-Double
1,86448
2,92964

[11.11.2015 23:37:19] Step 11: Iteration end.
[11.11.2015 23:37:19] Step 2: ITERATION number 1
[11.11.2015 23:37:19] Step 5: Sk = DenseMatrix 2x1-Double
1,86448
2,92964

[11.11.2015 23:37:19] Step 6: Yk = DenseMatrix 2x1-Double
-9,67793
 60,7703

[11.11.2015 23:37:19] Step 7: Quasi-Newton matrix: 
DenseMatrix 2x2-Double
NaN  NaN
NaN  NaN

[11.11.2015 23:37:19] Step 8: Search vector: DenseMatrix 2x1-Double
NaN
NaN

[11.11.2015 23:37:19] DSK method started!
[11.11.2015 23:37:19] Step 1: f(alpha)=263,1425, f(alpha + h)=364,1853; k=0;
[11.11.2015 23:37:19] Step 3: b=0,1332, alpha1=0,1432, h=-0,0100, k=2.
[11.11.2015 23:37:19] Step 4: alphak=0,1132
[11.11.2015 23:37:19] Step 5: h > 0; b=alpha(k-1)=0,1232
[11.11.2015 23:37:19] k = k + 1 = 3; Go to step 4!
[11.11.2015 23:37:19] Step 4: alphak=0,0932
[11.11.2015 23:37:19] Step 5: h > 0; b=alpha(k-1)=0,1132
[11.11.2015 23:37:19] k = k + 1 = 4; Go to step 4!
[11.11.2015 23:37:19] Step 4: alphak=0,0532
[11.11.2015 23:37:19] Step 5: h > 0; b=alpha(k-1)=0,0932
[11.11.2015 23:37:19] k = k + 1 = 5; Go to step 4!
[11.11.2015 23:37:19] Step 4: alphak=-0,0268
[11.11.2015 23:37:19] Step 5: h < 0; a=alphak-0,0268
[11.11.2015 23:37:19] Step 6: Interval is: [-0,0268 ; 0,0932]
[11.11.2015 23:37:19] Dichotomy method has been started!
[11.11.2015 23:37:19] Counting: delta = eps / 10 = 0,001
[11.11.2015 23:37:19] Step 1: counting alpha_1 = 0,0322, alpha_2 = 0,0342
[11.11.2015 23:37:19] Step 3: f(0,0322) = 5,1504 > f(0,0342) = 4,9236; a = alpha_1 = 0,0322.
[11.11.2015 23:37:19] Iter 0: Answer is in the range: [0,0322; 0,0932]
[11.11.2015 23:37:19] Step 1: counting alpha_1 = 0,0617, alpha_2 = 0,0637
[11.11.2015 23:37:19] Step 3: f(0,0617) = 13,0318 <= f(0,0637) = 14,4721; b = alpha_2 = 0,0637.
[11.11.2015 23:37:19] Iter 1: Answer is in the range: [0,0322; 0,0637]
[11.11.2015 23:37:19] Step 1: counting alpha_1 = 0,0469, alpha_2 = 0,0489
[11.11.2015 23:37:19] Step 3: f(0,0469) = 6,1396 <= f(0,0489) = 6,7224; b = alpha_2 = 0,0489.
[11.11.2015 23:37:19] Step 4: (b-a)/2 = 0,0084 < eps = 0,0100; STOP SEARCHING!
[11.11.2015 23:37:19] Iter 2: Answer is in the range: [0,0322; 0,0489]
[11.11.2015 23:37:19] Step 5: alpha_end = (a+b)/2; Minimum x* is: 0,0405
[11.11.2015 23:37:19] Step 9: New alpha 0,0405329200004344
[11.11.2015 23:37:19] Step 10: New local search point DenseMatrix 2x1-Double
NaN
NaN

[11.11.2015 23:37:19] Step 11: Iteration end.
[11.11.2015 23:37:19] Step 2: ITERATION number 2
[11.11.2015 23:37:19] Step 5: Sk = DenseMatrix 2x1-Double
NaN
NaN

[11.11.2015 23:37:19] Step 6: Yk = DenseMatrix 2x1-Double
NaN
NaN

[11.11.2015 23:37:19] Step 7: Quasi-Newton matrix: 
DenseMatrix 2x2-Double
NaN  NaN
NaN  NaN

[11.11.2015 23:37:19] Step 8: Search vector: DenseMatrix 2x1-Double
NaN
NaN

[11.11.2015 23:37:19] DSK method started!
[11.11.2015 23:37:19] Step 1: f(alpha)=NaN, f(alpha + h)=NaN; k=0;
[11.11.2015 23:37:19] Step 3: b=0,0405, alpha1=0,0505, h=-0,0100, k=2.
[11.11.2015 23:37:19] Step 4: alphak=0,0205
[11.11.2015 23:37:19] Step 5: h > 0; b=alpha(k-1)=0,0305
[11.11.2015 23:37:19] k = k + 1 = 3; Go to step 4!
[11.11.2015 23:37:19] Step 4: alphak=0,0005
[11.11.2015 23:37:19] Step 5: h > 0; b=alpha(k-1)=0,0205
[11.11.2015 23:37:19] k = k + 1 = 4; Go to step 4!
[11.11.2015 23:37:19] Step 4: alphak=-0,0395
[11.11.2015 23:37:19] Step 5: h > 0; b=alpha(k-1)=0,0005
[11.11.2015 23:37:19] k = k + 1 = 5; Go to step 4!
[11.11.2015 23:37:19] Step 4: alphak=-0,1195
[11.11.2015 23:37:19] Step 5: h > 0; b=alpha(k-1)=-0,0395
[11.11.2015 23:37:19] k = k + 1 = 6; Go to step 4!
[11.11.2015 23:37:19] Step 4: alphak=-0,2795
[11.11.2015 23:37:19] Step 5: h > 0; b=alpha(k-1)=-0,1195
[11.11.2015 23:37:19] k = k + 1 = 7; Go to step 4!
[11.11.2015 23:37:19] Step 4: alphak=-0,5995
[11.11.2015 23:37:19] Step 5: h > 0; b=alpha(k-1)=-0,2795
[11.11.2015 23:37:19] k = k + 1 = 8; Go to step 4!
[11.11.2015 23:37:19] Step 4: alphak=-1,2395
[11.11.2015 23:37:19] Step 5: h > 0; b=alpha(k-1)=-0,5995
[11.11.2015 23:37:19] k = k + 1 = 9; Go to step 4!
[11.11.2015 23:37:19] Step 4: alphak=-2,5195
[11.11.2015 23:37:19] Step 5: h > 0; b=alpha(k-1)=-1,2395
[11.11.2015 23:37:19] k = k + 1 = 10; Go to step 4!
[11.11.2015 23:37:19] Step 4: alphak=-5,0795
[11.11.2015 23:37:19] Step 5: h > 0; b=alpha(k-1)=-2,5195
[11.11.2015 23:37:19] k = k + 1 = 11; Go to step 4!
[11.11.2015 23:37:19] Step 4: alphak=-10,1995
[11.11.2015 23:37:19] Step 5: h > 0; b=alpha(k-1)=-5,0795
[11.11.2015 23:37:19] k = k + 1 = 12; Go to step 4!
[11.11.2015 23:37:19] Step 4: alphak=-20,4395
[11.11.2015 23:37:19] Step 5: h > 0; b=alpha(k-1)=-10,1995
[11.11.2015 23:37:19] k = k + 1 = 13; Go to step 4!
[11.11.2015 23:37:19] Step 4: alphak=-40,9195
[11.11.2015 23:37:19] Step 5: h > 0; b=alpha(k-1)=-20,4395
[11.11.2015 23:37:19] k = k + 1 = 14; Go to step 4!
[11.11.2015 23:37:19] Step 4: alphak=-81,8795
[11.11.2015 23:37:19] Step 5: h > 0; b=alpha(k-1)=-40,9195
[11.11.2015 23:37:19] k = k + 1 = 15; Go to step 4!
[11.11.2015 23:37:19] Step 4: alphak=-163,7995
[11.11.2015 23:37:19] Step 5: h > 0; b=alpha(k-1)=-81,8795
[11.11.2015 23:37:19] k = k + 1 = 16; Go to step 4!
[11.11.2015 23:37:19] Step 4: alphak=-327,6395
[11.11.2015 23:37:19] Step 5: h > 0; b=alpha(k-1)=-163,7995
[11.11.2015 23:37:19] k = k + 1 = 17; Go to step 4!
[11.11.2015 23:37:19] Step 4: alphak=-655,3195
[11.11.2015 23:37:19] Step 5: h > 0; b=alpha(k-1)=-327,6395
[11.11.2015 23:37:19] k = k + 1 = 18; Go to step 4!
[11.11.2015 23:37:19] Step 4: alphak=-1310,6795
[11.11.2015 23:37:19] Step 5: h > 0; b=alpha(k-1)=-655,3195
[11.11.2015 23:37:19] k = k + 1 = 19; Go to step 4!
[11.11.2015 23:37:19] Step 4: alphak=-2621,3995
[11.11.2015 23:37:19] Step 5: h > 0; b=alpha(k-1)=-1310,6795
[11.11.2015 23:37:19] k = k + 1 = 20; Go to step 4!
[11.11.2015 23:37:19] Step 4: alphak=-5242,8395
[11.11.2015 23:37:19] Step 5: h > 0; b=alpha(k-1)=-2621,3995
[11.11.2015 23:37:19] k = k + 1 = 21; Go to step 4!
[11.11.2015 23:37:19] Step 4: alphak=-10485,7195
[11.11.2015 23:37:19] Step 5: h > 0; b=alpha(k-1)=-5242,8395
[11.11.2015 23:37:19] k = k + 1 = 22; Go to step 4!
[11.11.2015 23:37:19] Step 4: alphak=-20971,4795
[11.11.2015 23:37:19] Step 5: h > 0; b=alpha(k-1)=-10485,7195
[11.11.2015 23:37:19] k = k + 1 = 23; Go to step 4!
[11.11.2015 23:37:19] Step 4: alphak=-41942,9995
[11.11.2015 23:37:19] Step 5: h > 0; b=alpha(k-1)=-20971,4795
[11.11.2015 23:37:19] k = k + 1 = 24; Go to step 4!
[11.11.2015 23:37:19] Step 4: alphak=-83886,0395
[11.11.2015 23:37:19] Step 5: h > 0; b=alpha(k-1)=-41942,9995
[11.11.2015 23:37:19] k = k + 1 = 25; Go to step 4!
[11.11.2015 23:37:19] Step 4: alphak=-167772,1195
[11.11.2015 23:37:19] Step 5: h > 0; b=alpha(k-1)=-83886,0395
[11.11.2015 23:37:19] k = k + 1 = 26; Go to step 4!
[11.11.2015 23:37:19] Step 4: alphak=-335544,2795
[11.11.2015 23:37:19] Step 5: h > 0; b=alpha(k-1)=-167772,1195
[11.11.2015 23:37:19] k = k + 1 = 27; Go to step 4!
[11.11.2015 23:37:19] Step 4: alphak=-671088,5995
[11.11.2015 23:37:19] Step 5: h > 0; b=alpha(k-1)=-335544,2795
[11.11.2015 23:37:19] k = k + 1 = 28; Go to step 4!
[11.11.2015 23:37:19] Step 4: alphak=-1342177,2395
[11.11.2015 23:37:19] Step 5: h > 0; b=alpha(k-1)=-671088,5995
[11.11.2015 23:37:19] k = k + 1 = 29; Go to step 4!
[11.11.2015 23:37:19] Step 4: alphak=-2684354,5195
[11.11.2015 23:37:19] Step 5: h > 0; b=alpha(k-1)=-1342177,2395
[11.11.2015 23:37:19] k = k + 1 = 30; Go to step 4!
[11.11.2015 23:37:19] Step 4: alphak=-5368709,0795
[11.11.2015 23:37:19] Step 5: h > 0; b=alpha(k-1)=-2684354,5195
[11.11.2015 23:37:19] k = k + 1 = 31; Go to step 4!
[11.11.2015 23:37:19] Step 4: alphak=-10737418,1995
[11.11.2015 23:37:19] Step 5: h > 0; b=alpha(k-1)=-5368709,0795
[11.11.2015 23:37:19] k = k + 1 = 32; Go to step 4!
[11.11.2015 23:37:19] Step 4: alphak=-21474836,4395
[11.11.2015 23:37:19] Step 5: h > 0; b=alpha(k-1)=-10737418,1995
[11.11.2015 23:37:19] k = k + 1 = 33; Go to step 4!
[11.11.2015 23:37:19] Step 4: alphak=-42949672,9195
[11.11.2015 23:37:19] Step 5: h > 0; b=alpha(k-1)=-21474836,4395
[11.11.2015 23:37:19] k = k + 1 = 34; Go to step 4!
[11.11.2015 23:37:19] Step 4: alphak=-85899345,8795
[11.11.2015 23:37:19] Step 5: h > 0; b=alpha(k-1)=-42949672,9195
[11.11.2015 23:37:19] k = k + 1 = 35; Go to step 4!
[11.11.2015 23:37:19] Step 4: alphak=-171798691,7995
[11.11.2015 23:37:19] Step 5: h > 0; b=alpha(k-1)=-85899345,8795
[11.11.2015 23:37:19] k = k + 1 = 36; Go to step 4!
[11.11.2015 23:37:19] Step 4: alphak=-343597383,6395
[11.11.2015 23:37:19] Step 5: h > 0; b=alpha(k-1)=-171798691,7995
[11.11.2015 23:37:19] k = k + 1 = 37; Go to step 4!
[11.11.2015 23:37:19] Step 4: alphak=-687194767,3195
[11.11.2015 23:37:19] Step 5: h > 0; b=alpha(k-1)=-343597383,6395
[11.11.2015 23:37:19] k = k + 1 = 38; Go to step 4!
[11.11.2015 23:37:19] Step 4: alphak=-1374389534,6795
[11.11.2015 23:37:19] Step 5: h > 0; b=alpha(k-1)=-687194767,3195
[11.11.2015 23:37:19] k = k + 1 = 39; Go to step 4!
[11.11.2015 23:37:19] Step 4: alphak=-2748779069,3995
[11.11.2015 23:37:20] Step 5: h > 0; b=alpha(k-1)=-1374389534,6795
[11.11.2015 23:37:20] k = k + 1 = 40; Go to step 4!
[11.11.2015 23:37:20] Step 4: alphak=-5497558138,8395
[11.11.2015 23:37:20] Step 5: h > 0; b=alpha(k-1)=-2748779069,3995
[11.11.2015 23:37:20] k = k + 1 = 41; Go to step 4!
[11.11.2015 23:37:20] Step 4: alphak=-10995116277,7195
[11.11.2015 23:37:20] Step 5: h > 0; b=alpha(k-1)=-5497558138,8395
[11.11.2015 23:37:20] k = k + 1 = 42; Go to step 4!
[11.11.2015 23:37:20] Step 4: alphak=-21990232555,4795
[11.11.2015 23:37:20] Step 5: h > 0; b=alpha(k-1)=-10995116277,7195
[11.11.2015 23:37:20] k = k + 1 = 43; Go to step 4!
[11.11.2015 23:37:20] Step 4: alphak=-43980465110,9995
[11.11.2015 23:37:20] Step 5: h > 0; b=alpha(k-1)=-21990232555,4795
[11.11.2015 23:37:20] k = k + 1 = 44; Go to step 4!
[11.11.2015 23:37:20] Step 4: alphak=-87960930222,0395
[11.11.2015 23:37:20] Step 5: h > 0; b=alpha(k-1)=-43980465110,9995
[11.11.2015 23:37:20] k = k + 1 = 45; Go to step 4!
[11.11.2015 23:37:20] Step 4: alphak=-175921860444,1190
[11.11.2015 23:37:20] Step 5: h > 0; b=alpha(k-1)=-87960930222,0395
[11.11.2015 23:37:20] k = k + 1 = 46; Go to step 4!
[11.11.2015 23:37:20] Step 4: alphak=-351843720888,2790
[11.11.2015 23:37:20] Step 5: h > 0; b=alpha(k-1)=-175921860444,1190
[11.11.2015 23:37:20] k = k + 1 = 47; Go to step 4!
[11.11.2015 23:37:20] Step 4: alphak=-703687441776,5990
[11.11.2015 23:37:20] Step 5: h > 0; b=alpha(k-1)=-351843720888,2790
[11.11.2015 23:37:20] k = k + 1 = 48; Go to step 4!
[11.11.2015 23:37:20] Step 4: alphak=-1407374883553,2400
[11.11.2015 23:37:20] Step 5: h > 0; b=alpha(k-1)=-703687441776,5990
[11.11.2015 23:37:20] k = k + 1 = 49; Go to step 4!
[11.11.2015 23:37:20] Step 4: alphak=-2814749767106,5200
[11.11.2015 23:37:20] Step 5: h > 0; b=alpha(k-1)=-1407374883553,2400
[11.11.2015 23:37:20] k = k + 1 = 50; Go to step 4!
[11.11.2015 23:37:20] Step 4: alphak=-5629499534213,0800
[11.11.2015 23:37:20] Step 5: h > 0; b=alpha(k-1)=-2814749767106,5200
[11.11.2015 23:37:20] k = k + 1 = 51; Go to step 4!
[11.11.2015 23:37:20] Step 4: alphak=-11258999068426,2000
[11.11.2015 23:37:20] Step 5: h > 0; b=alpha(k-1)=-5629499534213,0800
[11.11.2015 23:37:20] k = k + 1 = 52; Go to step 4!
[11.11.2015 23:37:20] Step 4: alphak=-22517998136852,4000
[11.11.2015 23:37:20] Step 5: h > 0; b=alpha(k-1)=-11258999068426,2000
[11.11.2015 23:37:20] k = k + 1 = 53; Go to step 4!
[11.11.2015 23:37:20] Step 4: alphak=-45035996273704,9000
[11.11.2015 23:37:20] Step 5: h > 0; b=alpha(k-1)=-22517998136852,4000
[11.11.2015 23:37:20] k = k + 1 = 54; Go to step 4!
[11.11.2015 23:37:20] Step 4: alphak=-90071992547409,9000
[11.11.2015 23:37:20] Step 5: h > 0; b=alpha(k-1)=-45035996273704,9000
[11.11.2015 23:37:20] k = k + 1 = 55; Go to step 4!
[11.11.2015 23:37:20] Step 4: alphak=-180143985094820,0000
[11.11.2015 23:37:20] Step 5: h > 0; b=alpha(k-1)=-90071992547409,9000
[11.11.2015 23:37:20] k = k + 1 = 56; Go to step 4!
[11.11.2015 23:37:20] Step 4: alphak=-360287970189640,0000
[11.11.2015 23:37:20] Step 5: h > 0; b=alpha(k-1)=-180143985094820,0000
[11.11.2015 23:37:20] k = k + 1 = 57; Go to step 4!
[11.11.2015 23:37:20] Step 4: alphak=-720575940379279,0000
[11.11.2015 23:37:20] Step 5: h > 0; b=alpha(k-1)=-360287970189640,0000
[11.11.2015 23:37:20] k = k + 1 = 58; Go to step 4!
[11.11.2015 23:37:20] Step 4: alphak=-1441151880758560,0000
[11.11.2015 23:37:20] Step 5: h > 0; b=alpha(k-1)=-720575940379279,0000
[11.11.2015 23:37:20] k = k + 1 = 59; Go to step 4!
[11.11.2015 23:37:20] Step 4: alphak=-2882303761517120,0000
[11.11.2015 23:37:20] Step 5: h > 0; b=alpha(k-1)=-1441151880758560,0000
[11.11.2015 23:37:20] k = k + 1 = 60; Go to step 4!
[11.11.2015 23:37:20] Step 4: alphak=-5764607523034240,0000
[11.11.2015 23:37:20] Step 5: h > 0; b=alpha(k-1)=-2882303761517120,0000
[11.11.2015 23:37:20] k = k + 1 = 61; Go to step 4!
[11.11.2015 23:37:20] Step 4: alphak=-11529215046068500,0000
[11.11.2015 23:37:20] Step 5: h > 0; b=alpha(k-1)=-5764607523034240,0000
[11.11.2015 23:37:20] k = k + 1 = 62; Go to step 4!
[11.11.2015 23:37:20] Step 4: alphak=-23058430092136900,0000
[11.11.2015 23:37:20] Step 5: h > 0; b=alpha(k-1)=-11529215046068500,0000
[11.11.2015 23:37:20] k = k + 1 = 63; Go to step 4!
[11.11.2015 23:37:20] Step 4: alphak=-46116860184273900,0000
[11.11.2015 23:37:20] Step 5: h > 0; b=alpha(k-1)=-23058430092136900,0000
[11.11.2015 23:37:20] k = k + 1 = 64; Go to step 4!
[11.11.2015 23:37:20] Step 4: alphak=-92233720368547800,0000
[11.11.2015 23:37:20] Step 5: h > 0; b=alpha(k-1)=-46116860184273900,0000
[11.11.2015 23:37:20] k = k + 1 = 65; Go to step 4!
[11.11.2015 23:37:20] Step 4: alphak=-184467440737096000,0000
[11.11.2015 23:37:20] Step 5: h > 0; b=alpha(k-1)=-92233720368547800,0000
[11.11.2015 23:37:20] k = k + 1 = 66; Go to step 4!
[11.11.2015 23:37:20] Step 4: alphak=-368934881474191000,0000
[11.11.2015 23:37:20] Step 5: h > 0; b=alpha(k-1)=-184467440737096000,0000
[11.11.2015 23:37:20] k = k + 1 = 67; Go to step 4!
[11.11.2015 23:37:20] Step 4: alphak=-737869762948382000,0000
[11.11.2015 23:37:20] Step 5: h > 0; b=alpha(k-1)=-368934881474191000,0000
[11.11.2015 23:37:20] k = k + 1 = 68; Go to step 4!
[11.11.2015 23:37:20] Step 4: alphak=-1475739525896760000,0000
[11.11.2015 23:37:20] Step 5: h > 0; b=alpha(k-1)=-737869762948382000,0000
[11.11.2015 23:37:20] k = k + 1 = 69; Go to step 4!
[11.11.2015 23:37:20] Step 4: alphak=-2951479051793530000,0000
[11.11.2015 23:37:20] Step 5: h > 0; b=alpha(k-1)=-1475739525896760000,0000
[11.11.2015 23:37:20] k = k + 1 = 70; Go to step 4!
[11.11.2015 23:37:20] Step 4: alphak=-5902958103587060000,0000
[11.11.2015 23:37:20] Step 5: h > 0; b=alpha(k-1)=-2951479051793530000,0000
[11.11.2015 23:37:20] k = k + 1 = 71; Go to step 4!
[11.11.2015 23:37:20] Step 4: alphak=-11805916207174100000,0000
[11.11.2015 23:37:20] Step 5: h > 0; b=alpha(k-1)=-5902958103587060000,0000
[11.11.2015 23:37:20] k = k + 1 = 72; Go to step 4!
[11.11.2015 23:37:20] Step 4: alphak=-23611832414348200000,0000
[11.11.2015 23:37:20] Step 5: h > 0; b=alpha(k-1)=-11805916207174100000,0000
[11.11.2015 23:37:20] k = k + 1 = 73; Go to step 4!
[11.11.2015 23:37:20] Step 4: alphak=-47223664828696500000,0000
[11.11.2015 23:37:20] Step 5: h > 0; b=alpha(k-1)=-23611832414348200000,0000
[11.11.2015 23:37:20] k = k + 1 = 74; Go to step 4!
[11.11.2015 23:37:20] Step 4: alphak=-94447329657392900000,0000
[11.11.2015 23:37:20] Step 5: h > 0; b=alpha(k-1)=-47223664828696500000,0000
[11.11.2015 23:37:20] k = k + 1 = 75; Go to step 4!
[11.11.2015 23:37:20] Step 4: alphak=-188894659314786000000,0000
[11.11.2015 23:37:20] Step 5: h > 0; b=alpha(k-1)=-94447329657392900000,0000
[11.11.2015 23:37:20] k = k + 1 = 76; Go to step 4!
[11.11.2015 23:37:20] Step 4: alphak=-377789318629572000000,0000
[11.11.2015 23:37:20] Step 5: h > 0; b=alpha(k-1)=-188894659314786000000,0000
[11.11.2015 23:37:20] k = k + 1 = 77; Go to step 4!
[11.11.2015 23:37:20] Step 4: alphak=-755578637259143000000,0000
[11.11.2015 23:37:20] Step 5: h > 0; b=alpha(k-1)=-377789318629572000000,0000
[11.11.2015 23:37:20] k = k + 1 = 78; Go to step 4!
[11.11.2015 23:37:20] Step 4: alphak=-1511157274518290000000,0000
[11.11.2015 23:37:20] Step 5: h > 0; b=alpha(k-1)=-755578637259143000000,0000
[11.11.2015 23:37:20] k = k + 1 = 79; Go to step 4!
[11.11.2015 23:37:20] Step 4: alphak=-3022314549036570000000,0000
[11.11.2015 23:37:20] Step 5: h > 0; b=alpha(k-1)=-1511157274518290000000,0000
[11.11.2015 23:37:20] k = k + 1 = 80; Go to step 4!
[11.11.2015 23:37:20] Step 4: alphak=-6044629098073150000000,0000
[11.11.2015 23:37:20] Step 5: h > 0; b=alpha(k-1)=-3022314549036570000000,0000
[11.11.2015 23:37:20] k = k + 1 = 81; Go to step 4!
[11.11.2015 23:37:20] Step 4: alphak=-12089258196146300000000,0000
[11.11.2015 23:37:20] Step 5: h > 0; b=alpha(k-1)=-6044629098073150000000,0000
[11.11.2015 23:37:20] k = k + 1 = 82; Go to step 4!
[11.11.2015 23:37:20] Step 4: alphak=-24178516392292600000000,0000
[11.11.2015 23:37:20] Step 5: h > 0; b=alpha(k-1)=-12089258196146300000000,0000
[11.11.2015 23:37:20] k = k + 1 = 83; Go to step 4!
[11.11.2015 23:37:20] Step 4: alphak=-48357032784585200000000,0000
[11.11.2015 23:37:20] Step 5: h > 0; b=alpha(k-1)=-24178516392292600000000,0000
[11.11.2015 23:37:20] k = k + 1 = 84; Go to step 4!
[11.11.2015 23:37:20] Step 4: alphak=-96714065569170300000000,0000
[11.11.2015 23:37:20] Step 5: h > 0; b=alpha(k-1)=-48357032784585200000000,0000
[11.11.2015 23:37:20] k = k + 1 = 85; Go to step 4!
[11.11.2015 23:37:20] Step 4: alphak=-193428131138341000000000,0000
[11.11.2015 23:37:20] Step 5: h > 0; b=alpha(k-1)=-96714065569170300000000,0000
[11.11.2015 23:37:20] k = k + 1 = 86; Go to step 4!
[11.11.2015 23:37:20] Step 4: alphak=-386856262276681000000000,0000
[11.11.2015 23:37:20] Step 5: h > 0; b=alpha(k-1)=-193428131138341000000000,0000
[11.11.2015 23:37:20] k = k + 1 = 87; Go to step 4!
[11.11.2015 23:37:20] Step 4: alphak=-773712524553363000000000,0000
[11.11.2015 23:37:20] Step 5: h > 0; b=alpha(k-1)=-386856262276681000000000,0000
[11.11.2015 23:37:20] k = k + 1 = 88; Go to step 4!
[11.11.2015 23:37:20] Step 4: alphak=-1547425049106730000000000,0000
[11.11.2015 23:37:20] Step 5: h > 0; b=alpha(k-1)=-773712524553363000000000,0000
[11.11.2015 23:37:20] k = k + 1 = 89; Go to step 4!
[11.11.2015 23:37:20] Step 4: alphak=-3094850098213450000000000,0000
[11.11.2015 23:37:20] Step 5: h > 0; b=alpha(k-1)=-1547425049106730000000000,0000
[11.11.2015 23:37:20] k = k + 1 = 90; Go to step 4!
[11.11.2015 23:37:20] Step 4: alphak=-6189700196426900000000000,0000
[11.11.2015 23:37:20] Step 5: h > 0; b=alpha(k-1)=-3094850098213450000000000,0000
[11.11.2015 23:37:20] k = k + 1 = 91; Go to step 4!
[11.11.2015 23:37:21] Step 4: alphak=-12379400392853800000000000,0000
[11.11.2015 23:37:21] Step 5: h > 0; b=alpha(k-1)=-6189700196426900000000000,0000
[11.11.2015 23:37:21] k = k + 1 = 92; Go to step 4!
[11.11.2015 23:37:21] Step 4: alphak=-24758800785707600000000000,0000
[11.11.2015 23:37:21] Step 5: h > 0; b=alpha(k-1)=-12379400392853800000000000,0000
[11.11.2015 23:37:21] k = k + 1 = 93; Go to step 4!
[11.11.2015 23:37:21] Step 4: alphak=-49517601571415200000000000,0000
[11.11.2015 23:37:21] Step 5: h > 0; b=alpha(k-1)=-24758800785707600000000000,0000
[11.11.2015 23:37:21] k = k + 1 = 94; Go to step 4!
[11.11.2015 23:37:21] Step 4: alphak=-99035203142830400000000000,0000
[11.11.2015 23:37:21] Step 5: h > 0; b=alpha(k-1)=-49517601571415200000000000,0000
[11.11.2015 23:37:21] k = k + 1 = 95; Go to step 4!
[11.11.2015 23:37:21] Step 4: alphak=-198070406285661000000000000,0000
[11.11.2015 23:37:21] Step 5: h > 0; b=alpha(k-1)=-99035203142830400000000000,0000
[11.11.2015 23:37:21] k = k + 1 = 96; Go to step 4!
[11.11.2015 23:37:21] Step 4: alphak=-396140812571322000000000000,0000
[11.11.2015 23:37:21] Step 5: h > 0; b=alpha(k-1)=-198070406285661000000000000,0000
[11.11.2015 23:37:21] k = k + 1 = 97; Go to step 4!
[11.11.2015 23:37:21] Step 4: alphak=-792281625142643000000000000,0000
[11.11.2015 23:37:21] Step 5: h > 0; b=alpha(k-1)=-396140812571322000000000000,0000
[11.11.2015 23:37:21] k = k + 1 = 98; Go to step 4!
[11.11.2015 23:37:21] Step 4: alphak=-1584563250285290000000000000,0000
[11.11.2015 23:37:21] Step 5: h > 0; b=alpha(k-1)=-792281625142643000000000000,0000
[11.11.2015 23:37:21] k = k + 1 = 99; Go to step 4!
[11.11.2015 23:37:21] Step 4: alphak=-3169126500570570000000000000,0000
[11.11.2015 23:37:21] Step 5: h > 0; b=alpha(k-1)=-1584563250285290000000000000,0000
[11.11.2015 23:37:21] k = k + 1 = 100; Go to step 4!
[11.11.2015 23:37:21] Step 4: alphak=-6338253001141150000000000000,0000
[11.11.2015 23:37:21] Step 5: h > 0; b=alpha(k-1)=-3169126500570570000000000000,0000
[11.11.2015 23:37:21] k = k + 1 = 101; Go to step 4!
[11.11.2015 23:37:21] Step 4: alphak=-12676506002282300000000000000,0000
[11.11.2015 23:37:21] Step 5: h > 0; b=alpha(k-1)=-6338253001141150000000000000,0000
[11.11.2015 23:37:21] k = k + 1 = 102; Go to step 4!
[11.11.2015 23:37:21] Step 4: alphak=-25353012004564600000000000000,0000
[11.11.2015 23:37:21] Step 5: h > 0; b=alpha(k-1)=-12676506002282300000000000000,0000
[11.11.2015 23:37:21] k = k + 1 = 103; Go to step 4!
[11.11.2015 23:37:21] Step 4: alphak=-50706024009129200000000000000,0000
[11.11.2015 23:37:21] Step 5: h > 0; b=alpha(k-1)=-25353012004564600000000000000,0000
[11.11.2015 23:37:21] k = k + 1 = 104; Go to step 4!
[11.11.2015 23:37:21] Step 4: alphak=-101412048018258000000000000000,0000
[11.11.2015 23:37:21] Step 5: h > 0; b=alpha(k-1)=-50706024009129200000000000000,0000
[11.11.2015 23:37:21] k = k + 1 = 105; Go to step 4!
[11.11.2015 23:37:21] Step 4: alphak=-202824096036517000000000000000,0000
[11.11.2015 23:37:21] Step 5: h > 0; b=alpha(k-1)=-101412048018258000000000000000,0000
[11.11.2015 23:37:21] k = k + 1 = 106; Go to step 4!
[11.11.2015 23:37:21] Step 4: alphak=-405648192073033000000000000000,0000
[11.11.2015 23:37:21] Step 5: h > 0; b=alpha(k-1)=-202824096036517000000000000000,0000
[11.11.2015 23:37:21] k = k + 1 = 107; Go to step 4!
[11.11.2015 23:37:21] Step 4: alphak=-811296384146067000000000000000,0000
[11.11.2015 23:37:21] Step 5: h > 0; b=alpha(k-1)=-405648192073033000000000000000,0000
[11.11.2015 23:37:21] k = k + 1 = 108; Go to step 4!
[11.11.2015 23:37:21] Step 4: alphak=-1622592768292130000000000000000,0000
[11.11.2015 23:37:21] Step 5: h > 0; b=alpha(k-1)=-811296384146067000000000000000,0000
[11.11.2015 23:37:21] k = k + 1 = 109; Go to step 4!
[11.11.2015 23:37:21] Step 4: alphak=-3245185536584270000000000000000,0000
[11.11.2015 23:37:21] Step 5: h > 0; b=alpha(k-1)=-1622592768292130000000000000000,0000
[11.11.2015 23:37:21] k = k + 1 = 110; Go to step 4!
[11.11.2015 23:37:21] Step 4: alphak=-6490371073168530000000000000000,0000
[11.11.2015 23:37:21] Step 5: h > 0; b=alpha(k-1)=-3245185536584270000000000000000,0000
[11.11.2015 23:37:21] k = k + 1 = 111; Go to step 4!
[11.11.2015 23:37:21] Step 4: alphak=-12980742146337100000000000000000,0000
[11.11.2015 23:37:21] Step 5: h > 0; b=alpha(k-1)=-6490371073168530000000000000000,0000
[11.11.2015 23:37:21] k = k + 1 = 112; Go to step 4!
[11.11.2015 23:37:21] Step 4: alphak=-25961484292674100000000000000000,0000
[11.11.2015 23:37:21] Step 5: h > 0; b=alpha(k-1)=-12980742146337100000000000000000,0000
[11.11.2015 23:37:21] k = k + 1 = 113; Go to step 4!
[11.11.2015 23:37:21] Step 4: alphak=-51922968585348300000000000000000,0000
[11.11.2015 23:37:21] Step 5: h > 0; b=alpha(k-1)=-25961484292674100000000000000000,0000
[11.11.2015 23:37:21] k = k + 1 = 114; Go to step 4!
[11.11.2015 23:37:21] Step 4: alphak=-103845937170697000000000000000000,0000
[11.11.2015 23:37:21] Step 5: h > 0; b=alpha(k-1)=-51922968585348300000000000000000,0000
[11.11.2015 23:37:21] k = k + 1 = 115; Go to step 4!
[11.11.2015 23:37:21] Step 4: alphak=-207691874341393000000000000000000,0000
