[11.11.2015 18:46:56] Optimal gradient method started!
[11.11.2015 18:46:56] 	Data input:
(x1; x2) = (0,000; 0,000),
Alpha = 1,000,
eps = 0,010;
[11.11.2015 18:46:56] ITER 0:
[11.11.2015 18:46:56] Step 1: k = 0;
[11.11.2015 18:46:56] Step 2: gradient is (-14,000, -22,000);
[11.11.2015 18:46:56] DSK method started!
[11.11.2015 18:46:56] Step 1: f(alpha)=283930,0000, f(alpha + h)=272740,9051; k=0;
[11.11.2015 18:46:56] Step 2: a=1,0000, alpha1=1,0100, k=2; Go to step 4!
[11.11.2015 18:46:56] Step 4: alphak=1,0200
[11.11.2015 18:46:56] Step 5: h > 0; b=alphak=1,0200
[11.11.2015 18:46:56] Step 6: Interval is: [1,0000 ; 1,0200]
[11.11.2015 18:46:56] Dichotomy method has been started!
[11.11.2015 18:46:56] Counting: delta = eps / 10 = 0,001
[11.11.2015 18:46:56] Step 1: counting alpha_1 = 1,0090, alpha_2 = 1,0110
[11.11.2015 18:46:56] Step 3: f(1,0090) = 294289,3574 <= f(1,0110) = 296629,1556; b = alpha_2 = 1,0110.
[11.11.2015 18:46:56] Step 4: (b-a)/2 = 0,0055 < eps = 0,0100; STOP SEARCHING!
[11.11.2015 18:46:56] Iter 0: Answer is in the range: [1,0000; 1,0110]
[11.11.2015 18:46:56] Step 5: alpha_end = (a+b)/2; Minimum x* is: 1,0055
[11.11.2015 18:46:56] Step 4: Alpha = 1,0055;
[11.11.2015 18:46:56] Step 5: arguments = arguments - alpha * gradientValue = (14,077; 22,121);
[11.11.2015 18:46:56] Step 6: k = k + 1 = 0;
[11.11.2015 18:46:56] Step 7: answer is: (14,077; 22,121);
[11.11.2015 18:46:56] ITER 1:
[11.11.2015 18:46:56] Step 1: k = 1;
[11.11.2015 18:46:56] Step 2: gradient is (12 791,367, 44 365,772);
[11.11.2015 18:46:56] DSK method started!
[11.11.2015 18:46:56] Step 1: f(alpha)=3979561005660410000,0000, f(alpha + h)=3823517859385090000,0000; k=0;
[11.11.2015 18:46:56] Step 2: a=1,0055, alpha1=1,0155, k=2; Go to step 4!
[11.11.2015 18:46:56] Step 4: alphak=1,0255
[11.11.2015 18:46:56] Step 5: h > 0; b=alphak=1,0255
[11.11.2015 18:46:56] Step 6: Interval is: [1,0055 ; 1,0255]
[11.11.2015 18:46:56] Dichotomy method has been started!
[11.11.2015 18:46:56] Counting: delta = eps / 10 = 0,001
[11.11.2015 18:46:56] Step 1: counting alpha_1 = 1,0145, alpha_2 = 1,0165
[11.11.2015 18:46:56] Step 3: f(1,0145) = 4124039775246930000,0000 <= f(1,0165) = 4156673189766920000,0000; b = alpha_2 = 1,0165.
[11.11.2015 18:46:56] Step 4: (b-a)/2 = 0,0055 < eps = 0,0100; STOP SEARCHING!
[11.11.2015 18:46:56] Iter 0: Answer is in the range: [1,0055; 1,0165]
[11.11.2015 18:46:56] Step 5: alpha_end = (a+b)/2; Minimum x* is: 1,0110
[11.11.2015 18:46:56] Step 4: Alpha = 1,011;
[11.11.2015 18:46:56] Step 5: arguments = arguments - alpha * gradientValue = (-12 917,995; -44 831,675);
[11.11.2015 18:46:56] Step 6: k = k + 1 = 1;
[11.11.2015 18:46:56] Step 7: answer is: (-12 917,995; -44 831,675);
[11.11.2015 18:46:56] ITER 2:
[11.11.2015 18:46:56] Step 1: k = 2;
[11.11.2015 18:46:56] Step 2: gradient is (-8 616 403 406 876,360, -360 422 330 386 738,000);
[11.11.2015 18:46:56] DSK method started!
[11.11.2015 18:46:56] Step 1: f(alpha)=17629968058440300000000000000000000000000000000000000000000,0000, f(alpha + h)=16942723096598200000000000000000000000000000000000000000000,0000; k=0;
[11.11.2015 18:46:56] Step 2: a=1,0110, alpha1=1,0210, k=2; Go to step 4!
[11.11.2015 18:46:56] Step 4: alphak=1,0310
[11.11.2015 18:46:56] Step 5: h > 0; b=alphak=1,0310
[11.11.2015 18:46:56] Step 6: Interval is: [1,0110 ; 1,0310]
[11.11.2015 18:46:56] Dichotomy method has been started!
[11.11.2015 18:46:56] Counting: delta = eps / 10 = 0,001
[11.11.2015 18:46:56] Step 1: counting alpha_1 = 1,0200, alpha_2 = 1,0220
[11.11.2015 18:46:56] Step 3: f(1,0200) = 18266173991808400000000000000000000000000000000000000000000,0000 <= f(1,0220) = 18409860017668200000000000000000000000000000000000000000000,0000; b = alpha_2 = 1,0220.
[11.11.2015 18:46:56] Step 4: (b-a)/2 = 0,0055 < eps = 0,0100; STOP SEARCHING!
[11.11.2015 18:46:56] Iter 0: Answer is in the range: [1,0110; 1,0220]
[11.11.2015 18:46:56] Step 5: alpha_end = (a+b)/2; Minimum x* is: 1,0165
[11.11.2015 18:46:56] Step 4: Alpha = 1,0165;
[11.11.2015 18:46:56] Step 5: arguments = arguments - alpha * gradientValue = (8 758 574 050 171,830; 366 369 298 793 287,000);
[11.11.2015 18:46:56] Step 6: k = k + 1 = 2;
[11.11.2015 18:46:56] Step 7: answer is: (8 758 574 050 171,830; 366 369 298 793 287,000);
[11.11.2015 18:46:56] ITER 3:
[11.11.2015 18:46:56] Step 1: k = 3;
[11.11.2015 18:46:56] Step 2: gradient is (0,000, 194 706 457 094 894 000 000 000 000 000 000 000 000 000 000,000);
[11.11.2015 18:46:56] DSK method started!
[11.11.2015 18:46:56] Step 1: f(alpha)=1534443667928820000000000000000000000000000000000000000000000000000000000000000000000000000000000000000000000000000000000000000000000000000000000000000000000000000000000000000000,0000, f(alpha + h)=1474947405804130000000000000000000000000000000000000000000000000000000000000000000000000000000000000000000000000000000000000000000000000000000000000000000000000000000000000000000,0000; k=0;
[11.11.2015 18:46:56] Step 2: a=1,0165, alpha1=1,0265, k=2; Go to step 4!
[11.11.2015 18:46:56] Step 4: alphak=1,0365
[11.11.2015 18:46:56] Step 5: h > 0; b=alphak=1,0365
[11.11.2015 18:46:56] Step 6: Interval is: [1,0165 ; 1,0365]
[11.11.2015 18:46:56] Dichotomy method has been started!
[11.11.2015 18:46:56] Counting: delta = eps / 10 = 0,001
[11.11.2015 18:46:57] Step 1: counting alpha_1 = 1,0255, alpha_2 = 1,0275
[11.11.2015 18:46:57] Step 3: f(1,0255) = 1589512971065540000000000000000000000000000000000000000000000000000000000000000000000000000000000000000000000000000000000000000000000000000000000000000000000000000000000000000000,0000 <= f(1,0275) = 1601949199126850000000000000000000000000000000000000000000000000000000000000000000000000000000000000000000000000000000000000000000000000000000000000000000000000000000000000000000,0000; b = alpha_2 = 1,0275.
[11.11.2015 18:46:57] Step 4: (b-a)/2 = 0,0055 < eps = 0,0100; STOP SEARCHING!
[11.11.2015 18:46:57] Iter 0: Answer is in the range: [1,0165; 1,0275]
[11.11.2015 18:46:57] Step 5: alpha_end = (a+b)/2; Minimum x* is: 1,0220
[11.11.2015 18:46:57] Step 4: Alpha = 1,022;
[11.11.2015 18:46:57] Step 5: arguments = arguments - alpha * gradientValue = (8 758 574 050 171,830; -198 989 999 150 981 000 000 000 000 000 000 000 000 000 000,000);
[11.11.2015 18:46:57] Step 6: k = k + 1 = 3;
[11.11.2015 18:46:57] Step 7: answer is: (8 758 574 050 171,830; -198 989 999 150 981 000 000 000 000 000 000 000 000 000 000,000);
[11.11.2015 18:46:57] ITER 4:
[11.11.2015 18:46:57] Step 1: k = 4;
[11.11.2015 18:46:57] Step 2: gradient is (0,000, 0,000);
[11.11.2015 18:46:57] Step 3: gradient Euclidean norm is <= eps: 0,000 <= 0,01; Go to step 7!
[11.11.2015 18:46:57] Step 7: answer is: (8 758 574 050 171,830; -198 989 999 150 981 000 000 000 000 000 000 000 000 000 000,000);
