[23.11.2015 18:33:23] DFP method started
[23.11.2015 18:33:23] Input data. Start point DenseVector 2-Double
 3
-1
, epsilon 0,01000
[23.11.2015 18:33:23] Step 1: K = 0
[23.11.2015 18:33:23] Step 2: ITERATION number 0
[23.11.2015 18:33:23] Step 4: K==0, go to step 8.
[23.11.2015 18:33:23] Step 8: Search vector: DenseVector 2-Double
41,9325
-5,9775

[23.11.2015 18:33:23] DSK method started!
[23.11.2015 18:33:23] Step 1: f(alpha)=26019161692,0351, f(alpha + h)=56046303152,6166; k=0;
[23.11.2015 18:33:23] Step 3: b=0,1500, alpha1=0,1810, h=-0,0310, k=2.
[23.11.2015 18:33:23] Step 4: alphak=0,0880
[23.11.2015 18:33:23] Step 5: h > 0; b=alpha(k-1)=0,1190
[23.11.2015 18:33:23] k = k + 1 = 3; Go to step 4!
[23.11.2015 18:33:23] Step 4: alphak=0,0260
[23.11.2015 18:33:23] Step 5: h > 0; b=alpha(k-1)=0,0880
[23.11.2015 18:33:23] k = k + 1 = 4; Go to step 4!
[23.11.2015 18:33:23] Step 4: alphak=-0,0980
[23.11.2015 18:33:23] Step 5: h < 0; a=alphak-0,0980
[23.11.2015 18:33:23] Step 6: Interval is: [-0,0980 ; 0,0880]
[23.11.2015 18:33:23] Dichotomy method has been started!
[23.11.2015 18:33:23] Counting: delta = eps / 10 = 0,0071
[23.11.2015 18:33:23] Step 1: counting alpha_1 = -0,0121, alpha_2 = 0,0021
[23.11.2015 18:33:23] Step 3: f(-0,0121) = 3203574,3439 > f(0,0021) = 1,3510; a = alpha_1 = -0,0121.
[23.11.2015 18:33:23] Step 4: (b-a)/2 = 0,0501 < eps = 0,0710; STOP SEARCHING!
[23.11.2015 18:33:23] Iter 0: Answer is in the range: [-0,0121; 0,0880]
[23.11.2015 18:33:23] Step 5: alpha_end = (a+b)/2; Minimum x* is: 0,0380
[23.11.2015 18:33:23] Step 9: New alpha 0,0379500059604645
[23.11.2015 18:33:23] Step 10: New local search point DenseVector 2-Double
 4,59134
-1,22685

[23.11.2015 18:33:24] Step 11: Iteration end.
[23.11.2015 18:33:24] Step 2: ITERATION number 1
[23.11.2015 18:33:24] Step 5: Sk = DenseVector 2-Double
  1,59134
-0,226846

[23.11.2015 18:33:24] Step 6: Yk = DenseVector 2-Double
201,604
16,1828

[23.11.2015 18:33:24] Step 7: Quasi-Newton matrix: 
DenseMatrix 2x2-Double
 0,0143868  -0,0808947
-0,0808947     0,99376

[23.11.2015 18:33:24] Step 8: Search vector: DenseVector 2-Double
-0,52243
-8,99334

[23.11.2015 18:33:24] DSK method started!
[23.11.2015 18:33:24] Step 1: f(alpha)=149,0261, f(alpha + h)=495,5999; k=0;
[23.11.2015 18:33:24] Step 3: b=0,0380, alpha1=0,0690, h=-0,0310, k=2.
[23.11.2015 18:33:24] Step 4: alphak=-0,0240
[23.11.2015 18:33:24] Step 5: h < 0; a=alphak-0,0240
[23.11.2015 18:33:24] Step 6: Interval is: [-0,0240 ; 0,0380]
[23.11.2015 18:33:24] Dichotomy method has been started!
[23.11.2015 18:33:24] Counting: delta = eps / 10 = 0,0071
[23.11.2015 18:33:24] Step 1: counting alpha_1 = -0,0001, alpha_2 = 0,0141
[23.11.2015 18:33:24] Step 3: f(-0,0001) = 72,9777 > f(0,0141) = 49,2901; a = alpha_1 = -0,0001.
[23.11.2015 18:33:24] Step 4: (b-a)/2 = 0,0191 < eps = 0,0710; STOP SEARCHING!
[23.11.2015 18:33:24] Iter 0: Answer is in the range: [-0,0001; 0,0380]
[23.11.2015 18:33:24] Step 5: alpha_end = (a+b)/2; Minimum x* is: 0,0189
[23.11.2015 18:33:24] Step 9: New alpha 0,0189000059604645
[23.11.2015 18:33:24] Step 10: New local search point DenseVector 2-Double
 4,58146
-1,39682

[23.11.2015 18:33:24] Step 11: Iteration end.
[23.11.2015 18:33:24] Step 2: ITERATION number 2
[23.11.2015 18:33:24] Step 5: Sk = DenseVector 2-Double
-0,00987394
  -0,169974

[23.11.2015 18:33:24] Step 6: Yk = DenseVector 2-Double
-6,20441
 -2,4406

[23.11.2015 18:33:24] Step 7: Quasi-Newton matrix: 
DenseMatrix 2x2-Double
 0,0116834  -0,0256554
-0,0256554    0,134865

[23.11.2015 18:33:24] Step 8: Search vector: DenseVector 2-Double
-1,32102
 1,34617

[23.11.2015 18:33:24] DSK method started!
[23.11.2015 18:33:24] Step 1: f(alpha)=103,1044, f(alpha + h)=37,7644; k=0;
[23.11.2015 18:33:24] Step 2: a=0,0189, alpha1=0,0499, k=2; Go to step 4!
[23.11.2015 18:33:24] Step 4: alphak=0,0809
[23.11.2015 18:33:24] Step 5: h > 0; b=alphak=0,0809
[23.11.2015 18:33:24] Step 6: Interval is: [0,0189 ; 0,0809]
[23.11.2015 18:33:24] Dichotomy method has been started!
[23.11.2015 18:33:24] Counting: delta = eps / 10 = 0,0071
[23.11.2015 18:33:24] Step 1: counting alpha_1 = 0,0428, alpha_2 = 0,0570
[23.11.2015 18:33:24] Step 3: f(0,0428) = 105,4599 > f(0,0570) = 34,0107; a = alpha_1 = 0,0428.
[23.11.2015 18:33:24] Step 4: (b-a)/2 = 0,0191 < eps = 0,0710; STOP SEARCHING!
[23.11.2015 18:33:24] Iter 0: Answer is in the range: [0,0428; 0,0809]
[23.11.2015 18:33:24] Step 5: alpha_end = (a+b)/2; Minimum x* is: 0,0619
[23.11.2015 18:33:24] Step 9: New alpha 0,0618500059604645
[23.11.2015 18:33:24] Step 10: New local search point DenseVector 2-Double
 4,49976
-1,31356

[23.11.2015 18:33:24] Step 11: Iteration end.
[23.11.2015 18:33:24] Step 2: ITERATION number 3
[23.11.2015 18:33:24] Step 5: Sk = DenseVector 2-Double
-0,0817051
 0,0832609

[23.11.2015 18:33:24] Step 6: Yk = DenseVector 2-Double
 -21,6503
-0,328722

[23.11.2015 18:33:24] Step 7: Quasi-Newton matrix: 
DenseMatrix 2x2-Double
 0,00385251  -0,00518003
-0,00518003    0,0878802

[23.11.2015 18:33:24] Step 8: Search vector: DenseVector 2-Double
-0,441009
 -1,02003

[23.11.2015 18:33:24] DSK method started!
[23.11.2015 18:33:24] Step 1: f(alpha)=22,4372, f(alpha + h)=2647,0291; k=0;
[23.11.2015 18:33:24] Step 3: a=0,0309, b=0,0929; Go to step 6!
[23.11.2015 18:33:24] Step 6: Interval is: [0,0309 ; 0,0929]
[23.11.2015 18:33:24] Dichotomy method has been started!
[23.11.2015 18:33:24] Counting: delta = eps / 10 = 0,0071
[23.11.2015 18:33:24] Step 1: counting alpha_1 = 0,0548, alpha_2 = 0,0690
[23.11.2015 18:33:24] Step 3: f(0,0548) = 40,5522 <= f(0,0690) = 119,2584; b = alpha_2 = 0,0690.
[23.11.2015 18:33:24] Step 4: (b-a)/2 = 0,0191 < eps = 0,0710; STOP SEARCHING!
[23.11.2015 18:33:24] Iter 0: Answer is in the range: [0,0309; 0,0690]
[23.11.2015 18:33:24] Step 5: alpha_end = (a+b)/2; Minimum x* is: 0,0499
[23.11.2015 18:33:24] Step 9: New alpha 0,0499000059604645
[23.11.2015 18:33:24] Step 10: New local search point DenseVector 2-Double
 4,47775
-1,36446

[23.11.2015 18:33:24] Step 11: Iteration end.
[23.11.2015 18:33:24] Step 2: ITERATION number 4
[23.11.2015 18:33:24] Step 5: Sk = DenseVector 2-Double
-0,0220064
-0,0508996

[23.11.2015 18:33:24] Step 6: Yk = DenseVector 2-Double
-9,83702
-1,27044

[23.11.2015 18:33:24] Step 7: Quasi-Newton matrix: 
DenseMatrix 2x2-Double
0,00302883  -0,0061304
-0,0061304   0,0875324

[23.11.2015 18:33:24] Step 8: Search vector: DenseVector 2-Double
-0,296671
-0,824878

[23.11.2015 18:33:24] DSK method started!
[23.11.2015 18:33:24] Step 1: f(alpha)=88,3897, f(alpha + h)=689,3079; k=0;
[23.11.2015 18:33:24] Step 3: b=0,0499, alpha1=0,0809, h=-0,0310, k=2.
[23.11.2015 18:33:24] Step 4: alphak=-0,0121
[23.11.2015 18:33:24] Step 5: h < 0; a=alphak-0,0121
[23.11.2015 18:33:24] Step 6: Interval is: [-0,0121 ; 0,0499]
[23.11.2015 18:33:24] Dichotomy method has been started!
[23.11.2015 18:33:24] Counting: delta = eps / 10 = 0,0071
[23.11.2015 18:33:24] Step 1: counting alpha_1 = 0,0118, alpha_2 = 0,0260
[23.11.2015 18:33:24] Step 3: f(0,0118) = 20,2344 <= f(0,0260) = 146,9396; b = alpha_2 = 0,0260.
[23.11.2015 18:33:24] Step 4: (b-a)/2 = 0,0191 < eps = 0,0710; STOP SEARCHING!
[23.11.2015 18:33:24] Iter 0: Answer is in the range: [-0,0121; 0,0260]
[23.11.2015 18:33:24] Step 5: alpha_end = (a+b)/2; Minimum x* is: 0,0070
[23.11.2015 18:33:24] Step 9: New alpha 0,00695000596046448
[23.11.2015 18:33:24] Step 10: New local search point DenseVector 2-Double
 4,47569
-1,37019

[23.11.2015 18:33:24] Step 11: Iteration end.
[23.11.2015 18:33:24] Step 2: ITERATION number 5
[23.11.2015 18:33:24] Step 5: Sk = DenseVector 2-Double
-0,00206186
-0,00573291

[23.11.2015 18:33:24] Step 6: Yk = DenseVector 2-Double
 -1,14112
-0,157194

[23.11.2015 18:33:24] Step 7: Quasi-Newton matrix: 
DenseMatrix 2x2-Double
 0,00274532  -0,00681246
-0,00681246    0,0859242

[23.11.2015 18:33:24] Step 8: Search vector: DenseVector 2-Double
-0,244467
-0,695655

[23.11.2015 18:33:24] DSK method started!
[23.11.2015 18:33:24] Step 1: f(alpha)=1,4432, f(alpha + h)=170,7710; k=0;
[23.11.2015 18:33:24] Step 3: a=-0,0240, b=0,0380; Go to step 6!
[23.11.2015 18:33:24] Step 6: Interval is: [-0,0240 ; 0,0380]
[23.11.2015 18:33:24] Dichotomy method has been started!
[23.11.2015 18:33:24] Counting: delta = eps / 10 = 0,0071
[23.11.2015 18:33:24] Step 1: counting alpha_1 = -0,0001, alpha_2 = 0,0141
[23.11.2015 18:33:24] Step 3: f(-0,0001) = 61,6442 > f(0,0141) = 39,4209; a = alpha_1 = -0,0001.
[23.11.2015 18:33:24] Step 4: (b-a)/2 = 0,0191 < eps = 0,0710; STOP SEARCHING!
[23.11.2015 18:33:24] Iter 0: Answer is in the range: [-0,0001; 0,0380]
[23.11.2015 18:33:24] Step 5: alpha_end = (a+b)/2; Minimum x* is: 0,0189
[23.11.2015 18:33:24] Step 9: New alpha 0,0189000059604645
[23.11.2015 18:33:24] Step 10: New local search point DenseVector 2-Double
 4,47107
-1,38334

[23.11.2015 18:33:24] Step 11: Iteration end.
[23.11.2015 18:33:24] Step 2: ITERATION number 6
[23.11.2015 18:33:24] Step 5: Sk = DenseVector 2-Double
-0,00462042
 -0,0131479

[23.11.2015 18:33:24] Step 6: Yk = DenseVector 2-Double
 -2,88059
-0,384634

[23.11.2015 18:33:24] Step 7: Quasi-Newton matrix: 
DenseMatrix 2x2-Double
 0,00253674  -0,00698557
-0,00698557    0,0864991

[23.11.2015 18:33:24] Step 8: Search vector: DenseVector 2-Double
 -0,21194
-0,668691

[23.11.2015 18:33:24] DSK method started!
[23.11.2015 18:33:24] Step 1: f(alpha)=84,9795, f(alpha + h)=85,6612; k=0;
[23.11.2015 18:33:24] Step 3: a=-0,0121, b=0,0499; Go to step 6!
[23.11.2015 18:33:24] Step 6: Interval is: [-0,0121 ; 0,0499]
[23.11.2015 18:33:24] Dichotomy method has been started!
[23.11.2015 18:33:24] Counting: delta = eps / 10 = 0,0071
[23.11.2015 18:33:24] Step 1: counting alpha_1 = 0,0118, alpha_2 = 0,0260
[23.11.2015 18:33:24] Step 3: f(0,0118) = 20,5812 <= f(0,0260) = 147,9220; b = alpha_2 = 0,0260.
[23.11.2015 18:33:24] Step 4: (b-a)/2 = 0,0191 < eps = 0,0710; STOP SEARCHING!
[23.11.2015 18:33:24] Iter 0: Answer is in the range: [-0,0121; 0,0260]
[23.11.2015 18:33:24] Step 5: alpha_end = (a+b)/2; Minimum x* is: 0,0070
[23.11.2015 18:33:24] Step 9: New alpha 0,00695000596046448
[23.11.2015 18:33:24] Step 10: New local search point DenseVector 2-Double
  4,4696
-1,38799

[23.11.2015 18:33:24] Step 11: Iteration end.
[23.11.2015 18:33:24] Step 2: ITERATION number 7
[23.11.2015 18:33:24] Step 5: Sk = DenseVector 2-Double
-0,00147299
-0,00464741

[23.11.2015 18:33:24] Step 6: Yk = DenseVector 2-Double
-1,00962
-0,13892

[23.11.2015 18:33:24] Step 7: Quasi-Newton matrix: 
DenseMatrix 2x2-Double
 0,00245178  -0,00721545
-0,00721545    0,0858929

[23.11.2015 18:33:24] Step 8: Search vector: DenseVector 2-Double
-0,195996
-0,621398

[23.11.2015 18:33:24] DSK method started!
[23.11.2015 18:33:24] Step 1: f(alpha)=1,3279, f(alpha + h)=171,9218; k=0;
[23.11.2015 18:33:24] Step 3: a=-0,0240, b=0,0380; Go to step 6!
[23.11.2015 18:33:24] Step 6: Interval is: [-0,0240 ; 0,0380]
[23.11.2015 18:33:24] Dichotomy method has been started!
[23.11.2015 18:33:24] Counting: delta = eps / 10 = 0,0071
[23.11.2015 18:33:24] Step 1: counting alpha_1 = -0,0001, alpha_2 = 0,0141
[23.11.2015 18:33:24] Step 3: f(-0,0001) = 60,4903 > f(0,0141) = 38,5938; a = alpha_1 = -0,0001.
[23.11.2015 18:33:24] Step 4: (b-a)/2 = 0,0191 < eps = 0,0710; STOP SEARCHING!
[23.11.2015 18:33:24] Iter 0: Answer is in the range: [-0,0001; 0,0380]
[23.11.2015 18:33:24] Step 5: alpha_end = (a+b)/2; Minimum x* is: 0,0189
[23.11.2015 18:33:24] Step 9: New alpha 0,0189000059604645
[23.11.2015 18:33:24] Step 10: New local search point DenseVector 2-Double
 4,46589
-1,39973

[23.11.2015 18:33:24] Step 11: Iteration end.
[23.11.2015 18:33:24] Step 2: ITERATION number 8
[23.11.2015 18:33:24] Step 5: Sk = DenseVector 2-Double
-0,00370433
 -0,0117444

[23.11.2015 18:33:24] Step 6: Yk = DenseVector 2-Double
 -2,67632
-0,364129

[23.11.2015 18:33:24] Step 7: Quasi-Newton matrix: 
DenseMatrix 2x2-Double
 0,00237894  -0,00731195
-0,00731195    0,0859957

[23.11.2015 18:33:24] Step 8: Search vector: DenseVector 2-Double
-0,184022
-0,597281

[23.11.2015 18:33:24] DSK method started!
[23.11.2015 18:33:24] Step 1: f(alpha)=83,8619, f(alpha + h)=88,9299; k=0;
[23.11.2015 18:33:24] Step 3: a=-0,0121, b=0,0499; Go to step 6!
[23.11.2015 18:33:24] Step 6: Interval is: [-0,0121 ; 0,0499]
[23.11.2015 18:33:24] Dichotomy method has been started!
[23.11.2015 18:33:24] Counting: delta = eps / 10 = 0,0071
[23.11.2015 18:33:24] Step 1: counting alpha_1 = 0,0118, alpha_2 = 0,0260
[23.11.2015 18:33:24] Step 3: f(0,0118) = 20,1484 <= f(0,0260) = 146,7405; b = alpha_2 = 0,0260.
[23.11.2015 18:33:24] Step 4: (b-a)/2 = 0,0191 < eps = 0,0710; STOP SEARCHING!
[23.11.2015 18:33:24] Iter 0: Answer is in the range: [-0,0121; 0,0260]
[23.11.2015 18:33:24] Step 5: alpha_end = (a+b)/2; Minimum x* is: 0,0070
[23.11.2015 18:33:24] Step 9: New alpha 0,00695000596046448
[23.11.2015 18:33:24] Step 10: New local search point DenseVector 2-Double
 4,46461
-1,40388

[23.11.2015 18:33:24] Step 11: Iteration end.
[23.11.2015 18:33:24] Step 2: ITERATION number 9
[23.11.2015 18:33:24] Step 5: Sk = DenseVector 2-Double
-0,00127895
-0,00415111

[23.11.2015 18:33:24] Step 6: Yk = DenseVector 2-Double
-0,962899
-0,132997

[23.11.2015 18:33:24] Step 7: Quasi-Newton matrix: 
DenseMatrix 2x2-Double
 0,00235879  -0,00746123
-0,00746123    0,0852315

[23.11.2015 18:33:24] Step 8: Search vector: DenseVector 2-Double
-0,178486
-0,558799

[23.11.2015 18:33:24] DSK method started!
[23.11.2015 18:33:24] Step 1: f(alpha)=1,2285, f(alpha + h)=172,8332; k=0;
[23.11.2015 18:33:24] Step 3: a=-0,0240, b=0,0380; Go to step 6!
[23.11.2015 18:33:24] Step 6: Interval is: [-0,0240 ; 0,0380]
[23.11.2015 18:33:24] Dichotomy method has been started!
[23.11.2015 18:33:24] Counting: delta = eps / 10 = 0,0071
[23.11.2015 18:33:24] Step 1: counting alpha_1 = -0,0001, alpha_2 = 0,0141
[23.11.2015 18:33:24] Step 3: f(-0,0001) = 59,5104 > f(0,0141) = 37,8953; a = alpha_1 = -0,0001.
[23.11.2015 18:33:24] Step 4: (b-a)/2 = 0,0191 < eps = 0,0710; STOP SEARCHING!
[23.11.2015 18:33:24] Iter 0: Answer is in the range: [-0,0001; 0,0380]
[23.11.2015 18:33:24] Step 5: alpha_end = (a+b)/2; Minimum x* is: 0,0189
[23.11.2015 18:33:24] Step 9: New alpha 0,0189000059604645
[23.11.2015 18:33:24] Step 10: New local search point DenseVector 2-Double
 4,46124
-1,41444

[23.11.2015 18:33:24] Step 11: Iteration end.
[23.11.2015 18:33:24] Step 2: ITERATION number 10
[23.11.2015 18:33:24] Step 5: Sk = DenseVector 2-Double
-0,00337339
 -0,0105613

[23.11.2015 18:33:24] Step 6: Yk = DenseVector 2-Double
  -2,5898
-0,351882

[23.11.2015 18:33:24] Step 7: Quasi-Newton matrix: 
DenseMatrix 2x2-Double
0,00232285  -0,0075091
-0,0075091   0,0852796

[23.11.2015 18:33:24] Step 8: Search vector: DenseVector 2-Double
-0,172582
-0,541425

[23.11.2015 18:33:24] DSK method started!
[23.11.2015 18:33:24] Step 1: f(alpha)=82,8103, f(alpha + h)=92,0286; k=0;
[23.11.2015 18:33:24] Step 3: a=-0,0121, b=0,0499; Go to step 6!
[23.11.2015 18:33:24] Step 6: Interval is: [-0,0121 ; 0,0499]
[23.11.2015 18:33:24] Dichotomy method has been started!
[23.11.2015 18:33:24] Counting: delta = eps / 10 = 0,0071
[23.11.2015 18:33:24] Step 1: counting alpha_1 = 0,0118, alpha_2 = 0,0260
[23.11.2015 18:33:24] Step 3: f(0,0118) = 19,7477 <= f(0,0260) = 145,6102; b = alpha_2 = 0,0260.
[23.11.2015 18:33:24] Step 4: (b-a)/2 = 0,0191 < eps = 0,0710; STOP SEARCHING!
[23.11.2015 18:33:24] Iter 0: Answer is in the range: [-0,0121; 0,0260]
[23.11.2015 18:33:24] Step 5: alpha_end = (a+b)/2; Minimum x* is: 0,0070
[23.11.2015 18:33:24] Step 9: New alpha 0,00695000596046448
[23.11.2015 18:33:24] Step 10: New local search point DenseVector 2-Double
 4,46004
-1,41821

[23.11.2015 18:33:24] Step 11: Iteration end.
[23.11.2015 18:33:24] Step 2: ITERATION number 11
[23.11.2015 18:33:24] Step 5: Sk = DenseVector 2-Double
-0,00119945
-0,00376291

[23.11.2015 18:33:24] Step 6: Yk = DenseVector 2-Double
-0,940018
-0,129374

[23.11.2015 18:33:24] Step 7: Quasi-Newton matrix: 
DenseMatrix 2x2-Double
 0,00232561  -0,00762644
-0,00762644    0,0844984

[23.11.2015 18:33:24] Step 8: Search vector: DenseVector 2-Double
-0,170755
-0,507644

[23.11.2015 18:33:24] DSK method started!
[23.11.2015 18:33:24] Step 1: f(alpha)=1,1419, f(alpha + h)=173,6180; k=0;
[23.11.2015 18:33:24] Step 3: a=-0,0240, b=0,0380; Go to step 6!
[23.11.2015 18:33:24] Step 6: Interval is: [-0,0240 ; 0,0380]
[23.11.2015 18:33:24] Dichotomy method has been started!
[23.11.2015 18:33:24] Counting: delta = eps / 10 = 0,0071
[23.11.2015 18:33:24] Step 1: counting alpha_1 = -0,0001, alpha_2 = 0,0141
[23.11.2015 18:33:24] Step 3: f(-0,0001) = 58,6166 > f(0,0141) = 37,2580; a = alpha_1 = -0,0001.
[23.11.2015 18:33:24] Step 4: (b-a)/2 = 0,0191 < eps = 0,0710; STOP SEARCHING!
[23.11.2015 18:33:24] Iter 0: Answer is in the range: [-0,0001; 0,0380]
[23.11.2015 18:33:24] Step 5: alpha_end = (a+b)/2; Minimum x* is: 0,0189
[23.11.2015 18:33:24] Step 9: New alpha 0,0189000059604645
[23.11.2015 18:33:24] Step 10: New local search point DenseVector 2-Double
4,45681
-1,4278

[23.11.2015 18:33:24] Step 11: Iteration end.
[23.11.2015 18:33:24] Step 2: ITERATION number 12
[23.11.2015 18:33:24] Step 5: Sk = DenseVector 2-Double
-0,00322728
-0,00959447

[23.11.2015 18:33:24] Step 6: Yk = DenseVector 2-Double
 -2,54241
-0,343436

[23.11.2015 18:33:24] Step 7: Quasi-Newton matrix: 
DenseMatrix 2x2-Double
 0,00230266  -0,00764926
-0,00764926    0,0845633

[23.11.2015 18:33:24] Step 8: Search vector: DenseVector 2-Double
-0,167114
-0,494942

[23.11.2015 18:33:24] DSK method started!
[23.11.2015 18:33:24] Step 1: f(alpha)=81,8016, f(alpha + h)=95,0165; k=0;
[23.11.2015 18:33:24] Step 3: a=-0,0121, b=0,0499; Go to step 6!
[23.11.2015 18:33:24] Step 6: Interval is: [-0,0121 ; 0,0499]
[23.11.2015 18:33:24] Dichotomy method has been started!
[23.11.2015 18:33:24] Counting: delta = eps / 10 = 0,0071
[23.11.2015 18:33:24] Step 1: counting alpha_1 = 0,0118, alpha_2 = 0,0260
[23.11.2015 18:33:24] Step 3: f(0,0118) = 19,3698 <= f(0,0260) = 144,5085; b = alpha_2 = 0,0260.
[23.11.2015 18:33:24] Step 4: (b-a)/2 = 0,0191 < eps = 0,0710; STOP SEARCHING!
[23.11.2015 18:33:24] Iter 0: Answer is in the range: [-0,0121; 0,0260]
[23.11.2015 18:33:24] Step 5: alpha_end = (a+b)/2; Minimum x* is: 0,0070
[23.11.2015 18:33:24] Step 9: New alpha 0,00695000596046448
[23.11.2015 18:33:24] Step 10: New local search point DenseVector 2-Double
 4,45565
-1,43124

[23.11.2015 18:33:24] Step 11: Iteration end.
[23.11.2015 18:33:24] Step 2: ITERATION number 13
[23.11.2015 18:33:24] Step 5: Sk = DenseVector 2-Double
-0,00116144
-0,00343985

[23.11.2015 18:33:24] Step 6: Yk = DenseVector 2-Double
-0,926137
-0,126697

[23.11.2015 18:33:24] Step 7: Quasi-Newton matrix: 
DenseMatrix 2x2-Double
 0,00231468  -0,00775286
-0,00775286    0,0838222

[23.11.2015 18:33:24] Step 8: Search vector: DenseVector 2-Double
-0,166786
-0,464353

[23.11.2015 18:33:24] DSK method started!
[23.11.2015 18:33:24] Step 1: f(alpha)=1,0654, f(alpha + h)=174,3154; k=0;
[23.11.2015 18:33:24] Step 3: a=-0,0240, b=0,0380; Go to step 6!
[23.11.2015 18:33:24] Step 6: Interval is: [-0,0240 ; 0,0380]
[23.11.2015 18:33:24] Dichotomy method has been started!
[23.11.2015 18:33:24] Counting: delta = eps / 10 = 0,0071
[23.11.2015 18:33:24] Step 1: counting alpha_1 = -0,0001, alpha_2 = 0,0141
[23.11.2015 18:33:24] Step 3: f(-0,0001) = 57,7761 > f(0,0141) = 36,6573; a = alpha_1 = -0,0001.
[23.11.2015 18:33:24] Step 4: (b-a)/2 = 0,0191 < eps = 0,0710; STOP SEARCHING!
[23.11.2015 18:33:24] Iter 0: Answer is in the range: [-0,0001; 0,0380]
[23.11.2015 18:33:24] Step 5: alpha_end = (a+b)/2; Minimum x* is: 0,0189
[23.11.2015 18:33:24] Step 9: New alpha 0,0189000059604645
[23.11.2015 18:33:24] Step 10: New local search point DenseVector 2-Double
  4,4525
-1,44002

[23.11.2015 18:33:24] Step 11: Iteration end.
[23.11.2015 18:33:24] Step 2: ITERATION number 14
[23.11.2015 18:33:24] Step 5: Sk = DenseVector 2-Double
-0,00315225
-0,00877628

[23.11.2015 18:33:24] Step 6: Yk = DenseVector 2-Double
   -2,511
-0,336791

[23.11.2015 18:33:24] Step 7: Quasi-Newton matrix: 
DenseMatrix 2x2-Double
 0,00229628  -0,00776064
-0,00776064    0,0839195

[23.11.2015 18:33:24] Step 8: Search vector: DenseVector 2-Double
-0,164041
  -0,4551

[23.11.2015 18:33:24] DSK method started!
[23.11.2015 18:33:24] Step 1: f(alpha)=80,8242, f(alpha + h)=97,9205; k=0;
[23.11.2015 18:33:24] Step 3: a=-0,0121, b=0,0499; Go to step 6!
[23.11.2015 18:33:24] Step 6: Interval is: [-0,0121 ; 0,0499]
[23.11.2015 18:33:24] Dichotomy method has been started!
[23.11.2015 18:33:24] Counting: delta = eps / 10 = 0,0071
[23.11.2015 18:33:24] Step 1: counting alpha_1 = 0,0118, alpha_2 = 0,0260
[23.11.2015 18:33:24] Step 3: f(0,0118) = 19,0095 <= f(0,0260) = 143,4250; b = alpha_2 = 0,0260.
[23.11.2015 18:33:24] Step 4: (b-a)/2 = 0,0191 < eps = 0,0710; STOP SEARCHING!
[23.11.2015 18:33:24] Iter 0: Answer is in the range: [-0,0121; 0,0260]
[23.11.2015 18:33:24] Step 5: alpha_end = (a+b)/2; Minimum x* is: 0,0070
[23.11.2015 18:33:24] Step 9: New alpha 0,00695000596046448
[23.11.2015 18:33:24] Step 10: New local search point DenseVector 2-Double
 4,45136
-1,44318

[23.11.2015 18:33:24] Step 11: Iteration end.
[23.11.2015 18:33:24] Step 2: ITERATION number 15
[23.11.2015 18:33:24] Step 5: Sk = DenseVector 2-Double
-0,00114008
-0,00316295

[23.11.2015 18:33:24] Step 6: Yk = DenseVector 2-Double
-0,916154
-0,124498

[23.11.2015 18:33:24] Step 7: Quasi-Newton matrix: 
DenseMatrix 2x2-Double
0,00231229  -0,0078582
-0,0078582   0,0832322

[23.11.2015 18:33:24] Step 8: Search vector: DenseVector 2-Double
-0,164353
-0,426833

[23.11.2015 18:33:24] DSK method started!
[23.11.2015 18:33:24] Step 1: f(alpha)=0,9975, f(alpha + h)=174,9420; k=0;
[23.11.2015 18:33:24] Step 3: a=-0,0240, b=0,0380; Go to step 6!
[23.11.2015 18:33:24] Step 6: Interval is: [-0,0240 ; 0,0380]
[23.11.2015 18:33:24] Dichotomy method has been started!
[23.11.2015 18:33:24] Counting: delta = eps / 10 = 0,0071
[23.11.2015 18:33:24] Step 1: counting alpha_1 = -0,0001, alpha_2 = 0,0141
[23.11.2015 18:33:24] Step 3: f(-0,0001) = 56,9744 > f(0,0141) = 36,0827; a = alpha_1 = -0,0001.
[23.11.2015 18:33:24] Step 4: (b-a)/2 = 0,0191 < eps = 0,0710; STOP SEARCHING!
[23.11.2015 18:33:24] Iter 0: Answer is in the range: [-0,0001; 0,0380]
[23.11.2015 18:33:24] Step 5: alpha_end = (a+b)/2; Minimum x* is: 0,0189
[23.11.2015 18:33:24] Step 9: New alpha 0,0189000059604645
[23.11.2015 18:33:24] Step 10: New local search point DenseVector 2-Double
 4,44825
-1,45125

[23.11.2015 18:33:24] Step 11: Iteration end.
[23.11.2015 18:33:24] Step 2: ITERATION number 16
[23.11.2015 18:33:24] Step 5: Sk = DenseVector 2-Double
-0,00310627
-0,00806714

[23.11.2015 18:33:24] Step 6: Yk = DenseVector 2-Double
 -2,48683
-0,331114

[23.11.2015 18:33:24] Step 7: Quasi-Newton matrix: 
DenseMatrix 2x2-Double
 0,00229501  -0,00785536
-0,00785536    0,0833611

[23.11.2015 18:33:24] Step 8: Search vector: DenseVector 2-Double
-0,161948
-0,420298

[23.11.2015 18:33:24] DSK method started!
[23.11.2015 18:33:24] Step 1: f(alpha)=79,8725, f(alpha + h)=100,7519; k=0;
[23.11.2015 18:33:24] Step 3: a=-0,0121, b=0,0499; Go to step 6!
[23.11.2015 18:33:24] Step 6: Interval is: [-0,0121 ; 0,0499]
[23.11.2015 18:33:24] Dichotomy method has been started!
[23.11.2015 18:33:24] Counting: delta = eps / 10 = 0,0071
[23.11.2015 18:33:24] Step 1: counting alpha_1 = 0,0118, alpha_2 = 0,0260
[23.11.2015 18:33:24] Step 3: f(0,0118) = 18,6641 <= f(0,0260) = 142,3545; b = alpha_2 = 0,0260.
[23.11.2015 18:33:24] Step 4: (b-a)/2 = 0,0191 < eps = 0,0710; STOP SEARCHING!
[23.11.2015 18:33:24] Iter 0: Answer is in the range: [-0,0121; 0,0260]
[23.11.2015 18:33:24] Step 5: alpha_end = (a+b)/2; Minimum x* is: 0,0070
[23.11.2015 18:33:24] Step 9: New alpha 0,00695000596046448
[23.11.2015 18:33:24] Step 10: New local search point DenseVector 2-Double
 4,44713
-1,45417

[23.11.2015 18:33:24] Step 11: Iteration end.
[23.11.2015 18:33:24] Step 2: ITERATION number 17
[23.11.2015 18:33:24] Step 5: Sk = DenseVector 2-Double
-0,00112554
-0,00292107

[23.11.2015 18:33:24] Step 6: Yk = DenseVector 2-Double
-0,908005
-0,122575

[23.11.2015 18:33:24] Step 7: Quasi-Newton matrix: 
DenseMatrix 2x2-Double
 0,00231282  -0,00795039
-0,00795039    0,0827257

[23.11.2015 18:33:24] Step 8: Search vector: DenseVector 2-Double
 -0,16254
-0,393786

[23.11.2015 18:33:24] DSK method started!
[23.11.2015 18:33:24] Step 1: f(alpha)=0,9368, f(alpha + h)=175,5063; k=0;
[23.11.2015 18:33:24] Step 3: a=-0,0240, b=0,0380; Go to step 6!
[23.11.2015 18:33:24] Step 6: Interval is: [-0,0240 ; 0,0380]
[23.11.2015 18:33:24] Dichotomy method has been started!
[23.11.2015 18:33:24] Counting: delta = eps / 10 = 0,0071
[23.11.2015 18:33:24] Step 1: counting alpha_1 = -0,0001, alpha_2 = 0,0141
[23.11.2015 18:33:25] Step 3: f(-0,0001) = 56,2041 > f(0,0141) = 35,5289; a = alpha_1 = -0,0001.
[23.11.2015 18:33:25] Step 4: (b-a)/2 = 0,0191 < eps = 0,0710; STOP SEARCHING!
[23.11.2015 18:33:25] Iter 0: Answer is in the range: [-0,0001; 0,0380]
[23.11.2015 18:33:25] Step 5: alpha_end = (a+b)/2; Minimum x* is: 0,0189
[23.11.2015 18:33:25] Step 9: New alpha 0,0189000059604645
[23.11.2015 18:33:25] Step 10: New local search point DenseVector 2-Double
 4,44406
-1,46161

[23.11.2015 18:33:25] Step 11: Iteration end.
[23.11.2015 18:33:25] Step 2: ITERATION number 18
[23.11.2015 18:33:25] Step 5: Sk = DenseVector 2-Double
  -0,003072
-0,00744255

[23.11.2015 18:33:25] Step 6: Yk = DenseVector 2-Double
 -2,46617
-0,326027

[23.11.2015 18:33:25] Step 7: Quasi-Newton matrix: 
DenseMatrix 2x2-Double
 0,00229519  -0,00793901
-0,00793901    0,0828813

[23.11.2015 18:33:25] Step 8: Search vector: DenseVector 2-Double
-0,160235
-0,389501

[23.11.2015 18:33:25] DSK method started!
[23.11.2015 18:33:25] Step 1: f(alpha)=78,9434, f(alpha + h)=103,5150; k=0;
[23.11.2015 18:33:25] Step 3: a=-0,0121, b=0,0499; Go to step 6!
[23.11.2015 18:33:25] Step 6: Interval is: [-0,0121 ; 0,0499]
[23.11.2015 18:33:25] Dichotomy method has been started!
[23.11.2015 18:33:25] Counting: delta = eps / 10 = 0,0071
[23.11.2015 18:33:25] Step 1: counting alpha_1 = 0,0118, alpha_2 = 0,0260
[23.11.2015 18:33:25] Step 3: f(0,0118) = 18,3318 <= f(0,0260) = 141,2950; b = alpha_2 = 0,0260.
[23.11.2015 18:33:25] Step 4: (b-a)/2 = 0,0191 < eps = 0,0710; STOP SEARCHING!
[23.11.2015 18:33:25] Iter 0: Answer is in the range: [-0,0121; 0,0260]
[23.11.2015 18:33:25] Step 5: alpha_end = (a+b)/2; Minimum x* is: 0,0070
[23.11.2015 18:33:25] Step 9: New alpha 0,00695000596046448
[23.11.2015 18:33:25] Step 10: New local search point DenseVector 2-Double
 4,44294
-1,46432

[23.11.2015 18:33:25] Step 11: Iteration end.
[23.11.2015 18:33:25] Step 2: ITERATION number 19
[23.11.2015 18:33:25] Step 5: Sk = DenseVector 2-Double
-0,00111363
-0,00270704

[23.11.2015 18:33:25] Step 6: Yk = DenseVector 2-Double
-0,900783
-0,120829

[23.11.2015 18:33:25] Step 7: Quasi-Newton matrix: 
DenseMatrix 2x2-Double
 0,00231386  -0,00803323
-0,00803323    0,0822916

[23.11.2015 18:33:25] Step 8: Search vector: DenseVector 2-Double
-0,160951
-0,364349

[23.11.2015 18:33:25] DSK method started!
[23.11.2015 18:33:25] Step 1: f(alpha)=0,8824, f(alpha + h)=176,0136; k=0;
[23.11.2015 18:33:25] Step 3: a=-0,0240, b=0,0380; Go to step 6!
[23.11.2015 18:33:25] Step 6: Interval is: [-0,0240 ; 0,0380]
[23.11.2015 18:33:25] Dichotomy method has been started!
[23.11.2015 18:33:25] Counting: delta = eps / 10 = 0,0071
[23.11.2015 18:33:25] Step 1: counting alpha_1 = -0,0001, alpha_2 = 0,0141
[23.11.2015 18:33:25] Step 3: f(-0,0001) = 55,4608 > f(0,0141) = 34,9931; a = alpha_1 = -0,0001.
[23.11.2015 18:33:25] Step 4: (b-a)/2 = 0,0191 < eps = 0,0710; STOP SEARCHING!
[23.11.2015 18:33:25] Iter 0: Answer is in the range: [-0,0001; 0,0380]
[23.11.2015 18:33:25] Step 5: alpha_end = (a+b)/2; Minimum x* is: 0,0189
[23.11.2015 18:33:25] Step 9: New alpha 0,0189000059604645
[23.11.2015 18:33:25] Step 10: New local search point DenseVector 2-Double
 4,4399
-1,4712

[23.11.2015 18:33:25] Step 11: Iteration end.
[23.11.2015 18:33:25] Step 2: ITERATION number 20
[23.11.2015 18:33:25] Step 5: Sk = DenseVector 2-Double
-0,00304197
-0,00688619

[23.11.2015 18:33:25] Step 6: Yk = DenseVector 2-Double
-2,44737
-0,32134

[23.11.2015 18:33:25] Step 7: Quasi-Newton matrix: 
DenseMatrix 2x2-Double
0,00229525  -0,0080144
-0,0080144   0,0824684

[23.11.2015 18:33:25] Step 8: Search vector: DenseVector 2-Double
-0,158642
-0,361991

[23.11.2015 18:33:25] DSK method started!
[23.11.2015 18:33:25] Step 1: f(alpha)=78,0351, f(alpha + h)=106,2110; k=0;
[23.11.2015 18:33:25] Step 3: a=-0,0121, b=0,0499; Go to step 6!
[23.11.2015 18:33:25] Step 6: Interval is: [-0,0121 ; 0,0499]
[23.11.2015 18:33:25] Dichotomy method has been started!
[23.11.2015 18:33:25] Counting: delta = eps / 10 = 0,0071
[23.11.2015 18:33:25] Step 1: counting alpha_1 = 0,0118, alpha_2 = 0,0260
[23.11.2015 18:33:25] Step 3: f(0,0118) = 18,0114 <= f(0,0260) = 140,2456; b = alpha_2 = 0,0260.
[23.11.2015 18:33:25] Step 4: (b-a)/2 = 0,0191 < eps = 0,0710; STOP SEARCHING!
[23.11.2015 18:33:25] Iter 0: Answer is in the range: [-0,0121; 0,0260]
[23.11.2015 18:33:25] Step 5: alpha_end = (a+b)/2; Minimum x* is: 0,0070
[23.11.2015 18:33:25] Step 9: New alpha 0,00695000596046448
[23.11.2015 18:33:25] Step 10: New local search point DenseVector 2-Double
  4,4388
-1,47372

[23.11.2015 18:33:25] Step 11: Iteration end.
[23.11.2015 18:33:25] Step 2: ITERATION number 21
[23.11.2015 18:33:25] Step 5: Sk = DenseVector 2-Double
-0,00110256
-0,00251584

[23.11.2015 18:33:25] Step 6: Yk = DenseVector 2-Double
 -0,89407
-0,119213

[23.11.2015 18:33:25] Step 7: Quasi-Newton matrix: 
DenseMatrix 2x2-Double
  0,0023144  -0,00810877
-0,00810877    0,0819174

[23.11.2015 18:33:25] Step 8: Search vector: DenseVector 2-Double
-0,159415
-0,337908

[23.11.2015 18:33:25] DSK method started!
[23.11.2015 18:33:25] Step 1: f(alpha)=0,8335, f(alpha + h)=176,4673; k=0;
[23.11.2015 18:33:25] Step 3: a=-0,0240, b=0,0380; Go to step 6!
[23.11.2015 18:33:25] Step 6: Interval is: [-0,0240 ; 0,0380]
[23.11.2015 18:33:25] Dichotomy method has been started!
[23.11.2015 18:33:25] Counting: delta = eps / 10 = 0,0071
[23.11.2015 18:33:25] Step 1: counting alpha_1 = -0,0001, alpha_2 = 0,0141
[23.11.2015 18:33:25] Step 3: f(-0,0001) = 54,7418 > f(0,0141) = 34,4736; a = alpha_1 = -0,0001.
[23.11.2015 18:33:25] Step 4: (b-a)/2 = 0,0191 < eps = 0,0710; STOP SEARCHING!
[23.11.2015 18:33:25] Iter 0: Answer is in the range: [-0,0001; 0,0380]
[23.11.2015 18:33:25] Step 5: alpha_end = (a+b)/2; Minimum x* is: 0,0189
[23.11.2015 18:33:25] Step 9: New alpha 0,0189000059604645
[23.11.2015 18:33:25] Step 10: New local search point DenseVector 2-Double
 4,43579
-1,48011

[23.11.2015 18:33:25] Step 11: Iteration end.
[23.11.2015 18:33:25] Step 2: ITERATION number 22
[23.11.2015 18:33:25] Step 5: Sk = DenseVector 2-Double
-0,00301295
-0,00638646

[23.11.2015 18:33:25] Step 6: Yk = DenseVector 2-Double
 -2,42964
-0,316956

[23.11.2015 18:33:25] Step 7: Quasi-Newton matrix: 
DenseMatrix 2x2-Double
 0,00229456  -0,00808312
-0,00808312    0,0821107

[23.11.2015 18:33:25] Step 8: Search vector: DenseVector 2-Double
-0,157058
 -0,33724

[23.11.2015 18:33:25] DSK method started!
[23.11.2015 18:33:25] Step 1: f(alpha)=77,1465, f(alpha + h)=108,8401; k=0;
[23.11.2015 18:33:25] Step 3: a=-0,0121, b=0,0499; Go to step 6!
[23.11.2015 18:33:25] Step 6: Interval is: [-0,0121 ; 0,0499]
[23.11.2015 18:33:25] Dichotomy method has been started!
[23.11.2015 18:33:25] Counting: delta = eps / 10 = 0,0071
[23.11.2015 18:33:25] Step 1: counting alpha_1 = 0,0118, alpha_2 = 0,0260
[23.11.2015 18:33:25] Step 3: f(0,0118) = 17,7020 <= f(0,0260) = 139,2061; b = alpha_2 = 0,0260.
[23.11.2015 18:33:25] Step 4: (b-a)/2 = 0,0191 < eps = 0,0710; STOP SEARCHING!
[23.11.2015 18:33:25] Iter 0: Answer is in the range: [-0,0121; 0,0260]
[23.11.2015 18:33:25] Step 5: alpha_end = (a+b)/2; Minimum x* is: 0,0070
[23.11.2015 18:33:25] Step 9: New alpha 0,00695000596046448
[23.11.2015 18:33:25] Step 10: New local search point DenseVector 2-Double
 4,43469
-1,48245

[23.11.2015 18:33:25] Step 11: Iteration end.
[23.11.2015 18:33:25] Step 2: ITERATION number 23
[23.11.2015 18:33:25] Step 5: Sk = DenseVector 2-Double
-0,00109156
-0,00234382

[23.11.2015 18:33:25] Step 6: Yk = DenseVector 2-Double
-0,887668
  -0,1177

[23.11.2015 18:33:25] Step 7: Quasi-Newton matrix: 
DenseMatrix 2x2-Double
 0,00231408  -0,00817823
-0,00817823    0,0815922

[23.11.2015 18:33:25] Step 8: Search vector: DenseVector 2-Double
-0,157862
-0,314004

[23.11.2015 18:33:25] DSK method started!
[23.11.2015 18:33:25] Step 1: f(alpha)=0,7893, f(alpha + h)=176,8705; k=0;
[23.11.2015 18:33:25] Step 3: a=-0,0240, b=0,0380; Go to step 6!
[23.11.2015 18:33:25] Step 6: Interval is: [-0,0240 ; 0,0380]
[23.11.2015 18:33:25] Dichotomy method has been started!
[23.11.2015 18:33:25] Counting: delta = eps / 10 = 0,0071
[23.11.2015 18:33:25] Step 1: counting alpha_1 = -0,0001, alpha_2 = 0,0141
[23.11.2015 18:33:25] Step 3: f(-0,0001) = 54,0454 > f(0,0141) = 33,9691; a = alpha_1 = -0,0001.
[23.11.2015 18:33:25] Step 4: (b-a)/2 = 0,0191 < eps = 0,0710; STOP SEARCHING!
[23.11.2015 18:33:25] Iter 0: Answer is in the range: [-0,0001; 0,0380]
[23.11.2015 18:33:25] Step 5: alpha_end = (a+b)/2; Minimum x* is: 0,0189
[23.11.2015 18:33:25] Step 9: New alpha 0,0189000059604645
[23.11.2015 18:33:25] Step 10: New local search point DenseVector 2-Double
 4,43171
-1,48839

[23.11.2015 18:33:25] Step 11: Iteration end.
[23.11.2015 18:33:25] Step 2: ITERATION number 24
[23.11.2015 18:33:25] Step 5: Sk = DenseVector 2-Double
 -0,0029836
-0,00593468

[23.11.2015 18:33:25] Step 6: Yk = DenseVector 2-Double
 -2,4126
-0,31282

[23.11.2015 18:33:25] Step 7: Quasi-Newton matrix: 
DenseMatrix 2x2-Double
 0,00229291  -0,00814615
-0,00814615    0,0817981

[23.11.2015 18:33:25] Step 8: Search vector: DenseVector 2-Double
 -0,15544
-0,314846

[23.11.2015 18:33:25] DSK method started!
[23.11.2015 18:33:25] Step 1: f(alpha)=76,2768, f(alpha + h)=111,4020; k=0;
[23.11.2015 18:33:25] Step 3: a=-0,0121, b=0,0499; Go to step 6!
[23.11.2015 18:33:25] Step 6: Interval is: [-0,0121 ; 0,0499]
[23.11.2015 18:33:25] Dichotomy method has been started!
[23.11.2015 18:33:25] Counting: delta = eps / 10 = 0,0071
[23.11.2015 18:33:25] Step 1: counting alpha_1 = 0,0118, alpha_2 = 0,0260
[23.11.2015 18:33:25] Step 3: f(0,0118) = 17,4028 <= f(0,0260) = 138,1764; b = alpha_2 = 0,0260.
[23.11.2015 18:33:25] Step 4: (b-a)/2 = 0,0191 < eps = 0,0710; STOP SEARCHING!
[23.11.2015 18:33:25] Iter 0: Answer is in the range: [-0,0121; 0,0260]
[23.11.2015 18:33:25] Step 5: alpha_end = (a+b)/2; Minimum x* is: 0,0070
[23.11.2015 18:33:25] Step 9: New alpha 0,00695000596046448
[23.11.2015 18:33:25] Step 10: New local search point DenseVector 2-Double
 4,43063
-1,49057

[23.11.2015 18:33:25] Step 11: Iteration end.
[23.11.2015 18:33:25] Step 2: ITERATION number 25
[23.11.2015 18:33:25] Step 5: Sk = DenseVector 2-Double
-0,00108031
-0,00218819

[23.11.2015 18:33:25] Step 6: Yk = DenseVector 2-Double
 -0,88148
-0,116272

[23.11.2015 18:33:25] Step 7: Quasi-Newton matrix: 
DenseMatrix 2x2-Double
 0,00231279  -0,00824243
-0,00824243    0,0813068

[23.11.2015 18:33:25] Step 8: Search vector: DenseVector 2-Double
-0,156266
-0,292283

[23.11.2015 18:33:25] DSK method started!
[23.11.2015 18:33:25] Step 1: f(alpha)=0,7493, f(alpha + h)=177,2256; k=0;
[23.11.2015 18:33:25] Step 3: a=-0,0240, b=0,0380; Go to step 6!
[23.11.2015 18:33:25] Step 6: Interval is: [-0,0240 ; 0,0380]
[23.11.2015 18:33:25] Dichotomy method has been started!
[23.11.2015 18:33:25] Counting: delta = eps / 10 = 0,0071
[23.11.2015 18:33:25] Step 1: counting alpha_1 = -0,0001, alpha_2 = 0,0141
[23.11.2015 18:33:25] Step 3: f(-0,0001) = 53,3701 > f(0,0141) = 33,4789; a = alpha_1 = -0,0001.
[23.11.2015 18:33:25] Step 4: (b-a)/2 = 0,0191 < eps = 0,0710; STOP SEARCHING!
[23.11.2015 18:33:25] Iter 0: Answer is in the range: [-0,0001; 0,0380]
[23.11.2015 18:33:25] Step 5: alpha_end = (a+b)/2; Minimum x* is: 0,0189
[23.11.2015 18:33:25] Step 9: New alpha 0,0189000059604645
[23.11.2015 18:33:25] Step 10: New local search point DenseVector 2-Double
4,42768
-1,4961

[23.11.2015 18:33:25] Step 11: Iteration end.
[23.11.2015 18:33:25] Step 2: ITERATION number 26
[23.11.2015 18:33:25] Step 5: Sk = DenseVector 2-Double
-0,00295343
-0,00552415

[23.11.2015 18:33:25] Step 6: Yk = DenseVector 2-Double
 -2,39606
-0,308896

[23.11.2015 18:33:25] Step 7: Quasi-Newton matrix: 
DenseMatrix 2x2-Double
  0,0022903  -0,00820421
-0,00820421    0,0815222

[23.11.2015 18:33:25] Step 8: Search vector: DenseVector 2-Double
-0,153773
-0,294492

[23.11.2015 18:33:25] DSK method started!
[23.11.2015 18:33:25] Step 1: f(alpha)=75,4255, f(alpha + h)=113,8963; k=0;
[23.11.2015 18:33:25] Step 3: a=-0,0121, b=0,0499; Go to step 6!
[23.11.2015 18:33:25] Step 6: Interval is: [-0,0121 ; 0,0499]
[23.11.2015 18:33:25] Dichotomy method has been started!
[23.11.2015 18:33:25] Counting: delta = eps / 10 = 0,0071
[23.11.2015 18:33:25] Step 1: counting alpha_1 = 0,0118, alpha_2 = 0,0260
[23.11.2015 18:33:25] Step 3: f(0,0118) = 17,1135 <= f(0,0260) = 137,1567; b = alpha_2 = 0,0260.
[23.11.2015 18:33:25] Step 4: (b-a)/2 = 0,0191 < eps = 0,0710; STOP SEARCHING!
[23.11.2015 18:33:25] Iter 0: Answer is in the range: [-0,0121; 0,0260]
[23.11.2015 18:33:26] Step 5: alpha_end = (a+b)/2; Minimum x* is: 0,0070
[23.11.2015 18:33:26] Step 9: New alpha 0,00695000596046448
[23.11.2015 18:33:26] Step 10: New local search point DenseVector 2-Double
 4,42661
-1,49814

[23.11.2015 18:33:26] Step 11: Iteration end.
[23.11.2015 18:33:26] Step 2: ITERATION number 27
[23.11.2015 18:33:26] Step 5: Sk = DenseVector 2-Double
-0,00106873
-0,00204672

[23.11.2015 18:33:26] Step 6: Yk = DenseVector 2-Double
-0,875457
-0,114921

[23.11.2015 18:33:26] Step 7: Quasi-Newton matrix: 
DenseMatrix 2x2-Double
 0,00231056  -0,00830199
-0,00830199    0,0810538

[23.11.2015 18:33:26] Step 8: Search vector: DenseVector 2-Double
-0,154621
-0,272459

[23.11.2015 18:33:26] DSK method started!
[23.11.2015 18:33:26] Step 1: f(alpha)=0,7131, f(alpha + h)=177,5351; k=0;
[23.11.2015 18:33:26] Step 3: a=-0,0240, b=0,0380; Go to step 6!
[23.11.2015 18:33:26] Step 6: Interval is: [-0,0240 ; 0,0380]
[23.11.2015 18:33:26] Dichotomy method has been started!
[23.11.2015 18:33:26] Counting: delta = eps / 10 = 0,0071
[23.11.2015 18:33:26] Step 1: counting alpha_1 = -0,0001, alpha_2 = 0,0141
[23.11.2015 18:33:26] Step 3: f(-0,0001) = 52,7145 > f(0,0141) = 33,0022; a = alpha_1 = -0,0001.
[23.11.2015 18:33:26] Step 4: (b-a)/2 = 0,0191 < eps = 0,0710; STOP SEARCHING!
[23.11.2015 18:33:26] Iter 0: Answer is in the range: [-0,0001; 0,0380]
[23.11.2015 18:33:26] Step 5: alpha_end = (a+b)/2; Minimum x* is: 0,0189
[23.11.2015 18:33:26] Step 9: New alpha 0,0189000059604645
[23.11.2015 18:33:26] Step 10: New local search point DenseVector 2-Double
 4,42369
-1,50329

[23.11.2015 18:33:26] Step 11: Iteration end.
[23.11.2015 18:33:26] Step 2: ITERATION number 28
[23.11.2015 18:33:26] Step 5: Sk = DenseVector 2-Double
-0,00292233
-0,00514948

[23.11.2015 18:33:26] Step 6: Yk = DenseVector 2-Double
 -2,37993
-0,305164

[23.11.2015 18:33:26] Step 7: Quasi-Newton matrix: 
DenseMatrix 2x2-Double
 0,00228675  -0,00825783
-0,00825783    0,0812761

[23.11.2015 18:33:26] Step 8: Search vector: DenseVector 2-Double
-0,152057
-0,275917

[23.11.2015 18:33:26] DSK method started!
[23.11.2015 18:33:26] Step 1: f(alpha)=74,5921, f(alpha + h)=116,3228; k=0;
[23.11.2015 18:33:26] Step 3: a=-0,0121, b=0,0499; Go to step 6!
[23.11.2015 18:33:26] Step 6: Interval is: [-0,0121 ; 0,0499]
[23.11.2015 18:33:26] Dichotomy method has been started!
[23.11.2015 18:33:26] Counting: delta = eps / 10 = 0,0071
[23.11.2015 18:33:26] Step 1: counting alpha_1 = 0,0118, alpha_2 = 0,0260
[23.11.2015 18:33:26] Step 3: f(0,0118) = 16,8333 <= f(0,0260) = 136,1473; b = alpha_2 = 0,0260.
[23.11.2015 18:33:26] Step 4: (b-a)/2 = 0,0191 < eps = 0,0710; STOP SEARCHING!
[23.11.2015 18:33:26] Iter 0: Answer is in the range: [-0,0121; 0,0260]
[23.11.2015 18:33:26] Step 5: alpha_end = (a+b)/2; Minimum x* is: 0,0070
[23.11.2015 18:33:26] Step 9: New alpha 0,00695000596046448
[23.11.2015 18:33:26] Step 10: New local search point DenseVector 2-Double
 4,42263
-1,50521

