[11.11.2015 22:35:43] DFP method started
[11.11.2015 22:35:43] Input data. Start point (0,000;0,000), epsilon 0,01000
[11.11.2015 22:35:43] Step 1: K = 0
[11.11.2015 22:35:43] Step 2: ITERATION number 0
[11.11.2015 22:35:43] Step 4: K==0, go to step 8.
[11.11.2015 22:35:43] Step 8: Search vector: (14,000;22,000)
[11.11.2015 22:35:43] DSK method started!
[11.11.2015 22:35:43] Step 1: f(alpha)=168,9268, f(alpha + h)=160,8038; k=0;
[11.11.2015 22:35:43] Step 2: a=0,0015, alpha1=0,0115, k=2; Go to step 4!
[11.11.2015 22:35:43] Step 4: alphak=0,0215
[11.11.2015 22:35:43] Step 5: h > 0; a=alpha(k-1)=0,0115
[11.11.2015 22:35:43] k = k + 1 = 3; Go to step 4!
[11.11.2015 22:35:43] Step 4: alphak=0,0415
[11.11.2015 22:35:43] Step 5: h > 0; a=alpha(k-1)=0,0215
[11.11.2015 22:35:43] k = k + 1 = 4; Go to step 4!
[11.11.2015 22:35:43] Step 4: alphak=0,0815
[11.11.2015 22:35:43] Step 5: h > 0; a=alpha(k-1)=0,0415
[11.11.2015 22:35:43] k = k + 1 = 5; Go to step 4!
[11.11.2015 22:35:43] Step 4: alphak=0,1615
[11.11.2015 22:35:43] Step 5: h > 0; a=alpha(k-1)=0,0815
[11.11.2015 22:35:43] k = k + 1 = 6; Go to step 4!
[11.11.2015 22:35:43] Step 4: alphak=0,3215
[11.11.2015 22:35:43] Step 5: h > 0; b=alphak=0,3215
[11.11.2015 22:35:43] Step 6: Interval is: [0,0815 ; 0,3215]
[11.11.2015 22:35:43] Dichotomy method has been started!
[11.11.2015 22:35:43] Counting: delta = eps / 10 = 0,001
[11.11.2015 22:35:43] Step 1: counting alpha_1 = 0,2005, alpha_2 = 0,2025
[11.11.2015 22:35:43] Step 3: f(0,2005) = 234,9298 <= f(0,2025) = 248,4421; b = alpha_2 = 0,2025.
[11.11.2015 22:35:43] Iter 0: Answer is in the range: [0,0815; 0,2025]
[11.11.2015 22:35:43] Step 1: counting alpha_1 = 0,1410, alpha_2 = 0,1430
[11.11.2015 22:35:43] Step 3: f(0,1410) = 37,1697 <= f(0,1430) = 38,8326; b = alpha_2 = 0,1430.
[11.11.2015 22:35:43] Iter 1: Answer is in the range: [0,0815; 0,1430]
[11.11.2015 22:35:43] Step 1: counting alpha_1 = 0,1113, alpha_2 = 0,1133
[11.11.2015 22:35:43] Step 3: f(0,1113) = 37,8083 > f(0,1133) = 36,5401; a = alpha_1 = 0,1113.
[11.11.2015 22:35:43] Iter 2: Answer is in the range: [0,1113; 0,1430]
[11.11.2015 22:35:43] Step 1: counting alpha_1 = 0,1262, alpha_2 = 0,1282
[11.11.2015 22:35:43] Step 3: f(0,1262) = 32,1590 > f(0,1282) = 32,1428; a = alpha_1 = 0,1262.
[11.11.2015 22:35:43] Step 4: (b-a)/2 = 0,0084 < eps = 0,0100; STOP SEARCHING!
[11.11.2015 22:35:43] Iter 3: Answer is in the range: [0,1262; 0,1430]
[11.11.2015 22:35:43] Step 5: alpha_end = (a+b)/2; Minimum x* is: 0,1346
[11.11.2015 22:35:43] Step 9: Quasi-Newton matrix: 
1  0  
0  1  

[11.11.2015 22:35:43] Step 10: New local search point (0,072;0,114)
[11.11.2015 22:35:43] Step 11: Iteration end.
[11.11.2015 22:35:43] Step 2: ITERATION number 1
[11.11.2015 22:35:43] Step 5: Sk = (0,072;0,114)
[11.11.2015 22:35:43] Step 6: Yk = (-2,974;-2,901)
[11.11.2015 22:35:43] Step 7: Quasi-Newton matrix: 
-?  -?  
-?  -?  

[11.11.2015 22:35:43] Step 8: Search vector: (-?;-?)
[11.11.2015 22:35:43] DSK method started!
[11.11.2015 22:35:43] Step 1: f(alpha)=58,1749, f(alpha + h)=87,7418; k=0;
[11.11.2015 22:35:43] Step 3: b=0,1346, alpha1=0,1446, h=-0,0100, k=2.
[11.11.2015 22:35:43] Step 4: alphak=0,1146
[11.11.2015 22:35:43] Step 5: h > 0; b=alpha(k-1)=0,1246
[11.11.2015 22:35:43] k = k + 1 = 3; Go to step 4!
[11.11.2015 22:35:43] Step 4: alphak=0,0946
[11.11.2015 22:35:43] Step 5: h < 0; a=alphak0,0946
[11.11.2015 22:35:43] Step 6: Interval is: [0,0946 ; 0,1246]
[11.11.2015 22:35:43] Dichotomy method has been started!
[11.11.2015 22:35:43] Counting: delta = eps / 10 = 0,001
[11.11.2015 22:35:43] Step 1: counting alpha_1 = 0,1086, alpha_2 = 0,1106
[11.11.2015 22:35:43] Step 3: f(0,1086) = 28,5199 <= f(0,1106) = 28,8314; b = alpha_2 = 0,1106.
[11.11.2015 22:35:43] Step 4: (b-a)/2 = 0,0080 < eps = 0,0100; STOP SEARCHING!
[11.11.2015 22:35:43] Iter 0: Answer is in the range: [0,0946; 0,1106]
[11.11.2015 22:35:43] Step 5: alpha_end = (a+b)/2; Minimum x* is: 0,1026
[11.11.2015 22:35:43] Step 9: Quasi-Newton matrix: 
-?  -?  
-?  -?  

[11.11.2015 22:35:43] Step 10: New local search point (NaN;NaN)
[11.11.2015 22:35:43] Step 11: Iteration end.
[11.11.2015 22:35:43] Step 2: ITERATION number 2
[11.11.2015 22:35:43] Step 5: Sk = (NaN;NaN)
[11.11.2015 22:35:43] Step 6: Yk = (NaN;NaN)
[11.11.2015 22:35:43] Step 7: Quasi-Newton matrix: 
NaN  NaN  
NaN  NaN  

[11.11.2015 22:35:43] Step 8: Search vector: (NaN;NaN)
[11.11.2015 22:35:43] DSK method started!
[11.11.2015 22:35:43] Step 1: f(alpha)=NaN, f(alpha + h)=NaN; k=0;
[11.11.2015 22:35:43] Step 3: b=0,1026, alpha1=0,1126, h=-0,0100, k=2.
[11.11.2015 22:35:43] Step 4: alphak=0,0826
[11.11.2015 22:35:43] Step 5: h > 0; b=alpha(k-1)=0,0926
[11.11.2015 22:35:43] k = k + 1 = 3; Go to step 4!
[11.11.2015 22:35:43] Step 4: alphak=0,0626
[11.11.2015 22:35:43] Step 5: h > 0; b=alpha(k-1)=0,0826
[11.11.2015 22:35:43] k = k + 1 = 4; Go to step 4!
[11.11.2015 22:35:43] Step 4: alphak=0,0226
[11.11.2015 22:35:43] Step 5: h > 0; b=alpha(k-1)=0,0626
[11.11.2015 22:35:43] k = k + 1 = 5; Go to step 4!
[11.11.2015 22:35:43] Step 4: alphak=-0,0574
[11.11.2015 22:35:43] Step 5: h > 0; b=alpha(k-1)=0,0226
[11.11.2015 22:35:43] k = k + 1 = 6; Go to step 4!
[11.11.2015 22:35:44] Step 4: alphak=-0,2174
[11.11.2015 22:35:44] Step 5: h > 0; b=alpha(k-1)=-0,0574
[11.11.2015 22:35:44] k = k + 1 = 7; Go to step 4!
[11.11.2015 22:35:44] Step 4: alphak=-0,5374
[11.11.2015 22:35:44] Step 5: h > 0; b=alpha(k-1)=-0,2174
[11.11.2015 22:35:44] k = k + 1 = 8; Go to step 4!
[11.11.2015 22:35:44] Step 4: alphak=-1,1774
[11.11.2015 22:35:44] Step 5: h > 0; b=alpha(k-1)=-0,5374
[11.11.2015 22:35:44] k = k + 1 = 9; Go to step 4!
[11.11.2015 22:35:44] Step 4: alphak=-2,4574
[11.11.2015 22:35:44] Step 5: h > 0; b=alpha(k-1)=-1,1774
[11.11.2015 22:35:44] k = k + 1 = 10; Go to step 4!
[11.11.2015 22:35:44] Step 4: alphak=-5,0174
[11.11.2015 22:35:44] Step 5: h > 0; b=alpha(k-1)=-2,4574
[11.11.2015 22:35:44] k = k + 1 = 11; Go to step 4!
[11.11.2015 22:35:44] Step 4: alphak=-10,1374
[11.11.2015 22:35:44] Step 5: h > 0; b=alpha(k-1)=-5,0174
[11.11.2015 22:35:44] k = k + 1 = 12; Go to step 4!
[11.11.2015 22:35:44] Step 4: alphak=-20,3774
[11.11.2015 22:35:44] Step 5: h > 0; b=alpha(k-1)=-10,1374
[11.11.2015 22:35:44] k = k + 1 = 13; Go to step 4!
[11.11.2015 22:35:44] Step 4: alphak=-40,8574
[11.11.2015 22:35:44] Step 5: h > 0; b=alpha(k-1)=-20,3774
[11.11.2015 22:35:44] k = k + 1 = 14; Go to step 4!
[11.11.2015 22:35:44] Step 4: alphak=-81,8174
[11.11.2015 22:35:44] Step 5: h > 0; b=alpha(k-1)=-40,8574
[11.11.2015 22:35:44] k = k + 1 = 15; Go to step 4!
[11.11.2015 22:35:44] Step 4: alphak=-163,7374
[11.11.2015 22:35:44] Step 5: h > 0; b=alpha(k-1)=-81,8174
[11.11.2015 22:35:44] k = k + 1 = 16; Go to step 4!
[11.11.2015 22:35:44] Step 4: alphak=-327,5774
[11.11.2015 22:35:44] Step 5: h > 0; b=alpha(k-1)=-163,7374
[11.11.2015 22:35:44] k = k + 1 = 17; Go to step 4!
[11.11.2015 22:35:44] Step 4: alphak=-655,2574
[11.11.2015 22:35:44] Step 5: h > 0; b=alpha(k-1)=-327,5774
[11.11.2015 22:35:44] k = k + 1 = 18; Go to step 4!
[11.11.2015 22:35:44] Step 4: alphak=-1310,6174
[11.11.2015 22:35:44] Step 5: h > 0; b=alpha(k-1)=-655,2574
[11.11.2015 22:35:44] k = k + 1 = 19; Go to step 4!
[11.11.2015 22:35:44] Step 4: alphak=-2621,3374
[11.11.2015 22:35:44] Step 5: h > 0; b=alpha(k-1)=-1310,6174
[11.11.2015 22:35:44] k = k + 1 = 20; Go to step 4!
[11.11.2015 22:35:44] Step 4: alphak=-5242,7774
[11.11.2015 22:35:44] Step 5: h > 0; b=alpha(k-1)=-2621,3374
[11.11.2015 22:35:44] k = k + 1 = 21; Go to step 4!
[11.11.2015 22:35:44] Step 4: alphak=-10485,6574
[11.11.2015 22:35:44] Step 5: h > 0; b=alpha(k-1)=-5242,7774
[11.11.2015 22:35:44] k = k + 1 = 22; Go to step 4!
[11.11.2015 22:35:44] Step 4: alphak=-20971,4174
[11.11.2015 22:35:44] Step 5: h > 0; b=alpha(k-1)=-10485,6574
[11.11.2015 22:35:44] k = k + 1 = 23; Go to step 4!
[11.11.2015 22:35:44] Step 4: alphak=-41942,9374
[11.11.2015 22:35:44] Step 5: h > 0; b=alpha(k-1)=-20971,4174
[11.11.2015 22:35:44] k = k + 1 = 24; Go to step 4!
[11.11.2015 22:35:44] Step 4: alphak=-83885,9774
[11.11.2015 22:35:44] Step 5: h > 0; b=alpha(k-1)=-41942,9374
[11.11.2015 22:35:44] k = k + 1 = 25; Go to step 4!
[11.11.2015 22:35:44] Step 4: alphak=-167772,0574
[11.11.2015 22:35:44] Step 5: h > 0; b=alpha(k-1)=-83885,9774
[11.11.2015 22:35:44] k = k + 1 = 26; Go to step 4!
[11.11.2015 22:35:44] Step 4: alphak=-335544,2174
[11.11.2015 22:35:44] Step 5: h > 0; b=alpha(k-1)=-167772,0574
[11.11.2015 22:35:44] k = k + 1 = 27; Go to step 4!
[11.11.2015 22:35:44] Step 4: alphak=-671088,5374
[11.11.2015 22:35:44] Step 5: h > 0; b=alpha(k-1)=-335544,2174
[11.11.2015 22:35:44] k = k + 1 = 28; Go to step 4!
[11.11.2015 22:35:44] Step 4: alphak=-1342177,1774
[11.11.2015 22:35:44] Step 5: h > 0; b=alpha(k-1)=-671088,5374
[11.11.2015 22:35:44] k = k + 1 = 29; Go to step 4!
[11.11.2015 22:35:44] Step 4: alphak=-2684354,4574
[11.11.2015 22:35:44] Step 5: h > 0; b=alpha(k-1)=-1342177,1774
[11.11.2015 22:35:44] k = k + 1 = 30; Go to step 4!
[11.11.2015 22:35:44] Step 4: alphak=-5368709,0174
[11.11.2015 22:35:44] Step 5: h > 0; b=alpha(k-1)=-2684354,4574
[11.11.2015 22:35:44] k = k + 1 = 31; Go to step 4!
[11.11.2015 22:35:44] Step 4: alphak=-10737418,1374
[11.11.2015 22:35:44] Step 5: h > 0; b=alpha(k-1)=-5368709,0174
[11.11.2015 22:35:44] k = k + 1 = 32; Go to step 4!
[11.11.2015 22:35:44] Step 4: alphak=-21474836,3774
[11.11.2015 22:35:44] Step 5: h > 0; b=alpha(k-1)=-10737418,1374
[11.11.2015 22:35:44] k = k + 1 = 33; Go to step 4!
[11.11.2015 22:35:44] Step 4: alphak=-42949672,8574
[11.11.2015 22:35:44] Step 5: h > 0; b=alpha(k-1)=-21474836,3774
[11.11.2015 22:35:44] k = k + 1 = 34; Go to step 4!
[11.11.2015 22:35:44] Step 4: alphak=-85899345,8174
[11.11.2015 22:35:44] Step 5: h > 0; b=alpha(k-1)=-42949672,8574
[11.11.2015 22:35:44] k = k + 1 = 35; Go to step 4!
[11.11.2015 22:35:44] Step 4: alphak=-171798691,7374
[11.11.2015 22:35:44] Step 5: h > 0; b=alpha(k-1)=-85899345,8174
[11.11.2015 22:35:44] k = k + 1 = 36; Go to step 4!
[11.11.2015 22:35:44] Step 4: alphak=-343597383,5774
[11.11.2015 22:35:44] Step 5: h > 0; b=alpha(k-1)=-171798691,7374
[11.11.2015 22:35:44] k = k + 1 = 37; Go to step 4!
[11.11.2015 22:35:44] Step 4: alphak=-687194767,2574
[11.11.2015 22:35:44] Step 5: h > 0; b=alpha(k-1)=-343597383,5774
[11.11.2015 22:35:44] k = k + 1 = 38; Go to step 4!
[11.11.2015 22:35:44] Step 4: alphak=-1374389534,6174
[11.11.2015 22:35:44] Step 5: h > 0; b=alpha(k-1)=-687194767,2574
[11.11.2015 22:35:44] k = k + 1 = 39; Go to step 4!
[11.11.2015 22:35:44] Step 4: alphak=-2748779069,3374
[11.11.2015 22:35:44] Step 5: h > 0; b=alpha(k-1)=-1374389534,6174
[11.11.2015 22:35:44] k = k + 1 = 40; Go to step 4!
[11.11.2015 22:35:44] Step 4: alphak=-5497558138,7774
[11.11.2015 22:35:44] Step 5: h > 0; b=alpha(k-1)=-2748779069,3374
[11.11.2015 22:35:44] k = k + 1 = 41; Go to step 4!
[11.11.2015 22:35:44] Step 4: alphak=-10995116277,6574
[11.11.2015 22:35:44] Step 5: h > 0; b=alpha(k-1)=-5497558138,7774
[11.11.2015 22:35:44] k = k + 1 = 42; Go to step 4!
[11.11.2015 22:35:44] Step 4: alphak=-21990232555,4174
[11.11.2015 22:35:44] Step 5: h > 0; b=alpha(k-1)=-10995116277,6574
[11.11.2015 22:35:44] k = k + 1 = 43; Go to step 4!
[11.11.2015 22:35:44] Step 4: alphak=-43980465110,9374
[11.11.2015 22:35:44] Step 5: h > 0; b=alpha(k-1)=-21990232555,4174
[11.11.2015 22:35:44] k = k + 1 = 44; Go to step 4!
[11.11.2015 22:35:44] Step 4: alphak=-87960930221,9774
[11.11.2015 22:35:44] Step 5: h > 0; b=alpha(k-1)=-43980465110,9374
[11.11.2015 22:35:44] k = k + 1 = 45; Go to step 4!
[11.11.2015 22:35:44] Step 4: alphak=-175921860444,0570
[11.11.2015 22:35:44] Step 5: h > 0; b=alpha(k-1)=-87960930221,9774
[11.11.2015 22:35:44] k = k + 1 = 46; Go to step 4!
[11.11.2015 22:35:44] Step 4: alphak=-351843720888,2170
[11.11.2015 22:35:44] Step 5: h > 0; b=alpha(k-1)=-175921860444,0570
[11.11.2015 22:35:44] k = k + 1 = 47; Go to step 4!
[11.11.2015 22:35:44] Step 4: alphak=-703687441776,5370
[11.11.2015 22:35:44] Step 5: h > 0; b=alpha(k-1)=-351843720888,2170
[11.11.2015 22:35:44] k = k + 1 = 48; Go to step 4!
[11.11.2015 22:35:44] Step 4: alphak=-1407374883553,1800
[11.11.2015 22:35:44] Step 5: h > 0; b=alpha(k-1)=-703687441776,5370
[11.11.2015 22:35:44] k = k + 1 = 49; Go to step 4!
[11.11.2015 22:35:44] Step 4: alphak=-2814749767106,4600
[11.11.2015 22:35:44] Step 5: h > 0; b=alpha(k-1)=-1407374883553,1800
[11.11.2015 22:35:44] k = k + 1 = 50; Go to step 4!
[11.11.2015 22:35:44] Step 4: alphak=-5629499534213,0200
[11.11.2015 22:35:44] Step 5: h > 0; b=alpha(k-1)=-2814749767106,4600
[11.11.2015 22:35:44] k = k + 1 = 51; Go to step 4!
[11.11.2015 22:35:44] Step 4: alphak=-11258999068426,1000
[11.11.2015 22:35:44] Step 5: h > 0; b=alpha(k-1)=-5629499534213,0200
[11.11.2015 22:35:44] k = k + 1 = 52; Go to step 4!
[11.11.2015 22:35:44] Step 4: alphak=-22517998136852,4000
[11.11.2015 22:35:44] Step 5: h > 0; b=alpha(k-1)=-11258999068426,1000
[11.11.2015 22:35:44] k = k + 1 = 53; Go to step 4!
[11.11.2015 22:35:44] Step 4: alphak=-45035996273704,9000
[11.11.2015 22:35:44] Step 5: h > 0; b=alpha(k-1)=-22517998136852,4000
[11.11.2015 22:35:44] k = k + 1 = 54; Go to step 4!
[11.11.2015 22:35:44] Step 4: alphak=-90071992547409,8000
[11.11.2015 22:35:44] Step 5: h > 0; b=alpha(k-1)=-45035996273704,9000
[11.11.2015 22:35:44] k = k + 1 = 55; Go to step 4!
[11.11.2015 22:35:44] Step 4: alphak=-180143985094820,0000
[11.11.2015 22:35:44] Step 5: h > 0; b=alpha(k-1)=-90071992547409,8000
[11.11.2015 22:35:44] k = k + 1 = 56; Go to step 4!
[11.11.2015 22:35:44] Step 4: alphak=-360287970189640,0000
[11.11.2015 22:35:44] Step 5: h > 0; b=alpha(k-1)=-180143985094820,0000
[11.11.2015 22:35:44] k = k + 1 = 57; Go to step 4!
[11.11.2015 22:35:44] Step 4: alphak=-720575940379279,0000
[11.11.2015 22:35:44] Step 5: h > 0; b=alpha(k-1)=-360287970189640,0000
[11.11.2015 22:35:44] k = k + 1 = 58; Go to step 4!
[11.11.2015 22:35:44] Step 4: alphak=-1441151880758560,0000
[11.11.2015 22:35:44] Step 5: h > 0; b=alpha(k-1)=-720575940379279,0000
[11.11.2015 22:35:44] k = k + 1 = 59; Go to step 4!
[11.11.2015 22:35:44] Step 4: alphak=-2882303761517120,0000
[11.11.2015 22:35:44] Step 5: h > 0; b=alpha(k-1)=-1441151880758560,0000
[11.11.2015 22:35:44] k = k + 1 = 60; Go to step 4!
[11.11.2015 22:35:44] Step 4: alphak=-5764607523034240,0000
[11.11.2015 22:35:44] Step 5: h > 0; b=alpha(k-1)=-2882303761517120,0000
[11.11.2015 22:35:44] k = k + 1 = 61; Go to step 4!
[11.11.2015 22:35:44] Step 4: alphak=-11529215046068500,0000
[11.11.2015 22:35:44] Step 5: h > 0; b=alpha(k-1)=-5764607523034240,0000
[11.11.2015 22:35:44] k = k + 1 = 62; Go to step 4!
[11.11.2015 22:35:44] Step 4: alphak=-23058430092136900,0000
[11.11.2015 22:35:44] Step 5: h > 0; b=alpha(k-1)=-11529215046068500,0000
[11.11.2015 22:35:44] k = k + 1 = 63; Go to step 4!
[11.11.2015 22:35:44] Step 4: alphak=-46116860184273900,0000
[11.11.2015 22:35:44] Step 5: h > 0; b=alpha(k-1)=-23058430092136900,0000
[11.11.2015 22:35:44] k = k + 1 = 64; Go to step 4!
[11.11.2015 22:35:44] Step 4: alphak=-92233720368547800,0000
[11.11.2015 22:35:44] Step 5: h > 0; b=alpha(k-1)=-46116860184273900,0000
[11.11.2015 22:35:44] k = k + 1 = 65; Go to step 4!
[11.11.2015 22:35:44] Step 4: alphak=-184467440737096000,0000
[11.11.2015 22:35:45] Step 5: h > 0; b=alpha(k-1)=-92233720368547800,0000
[11.11.2015 22:35:45] k = k + 1 = 66; Go to step 4!
[11.11.2015 22:35:45] Step 4: alphak=-368934881474191000,0000
[11.11.2015 22:35:45] Step 5: h > 0; b=alpha(k-1)=-184467440737096000,0000
[11.11.2015 22:35:45] k = k + 1 = 67; Go to step 4!
[11.11.2015 22:35:45] Step 4: alphak=-737869762948382000,0000
[11.11.2015 22:35:45] Step 5: h > 0; b=alpha(k-1)=-368934881474191000,0000
[11.11.2015 22:35:45] k = k + 1 = 68; Go to step 4!
[11.11.2015 22:35:45] Step 4: alphak=-1475739525896760000,0000
[11.11.2015 22:35:45] Step 5: h > 0; b=alpha(k-1)=-737869762948382000,0000
[11.11.2015 22:35:45] k = k + 1 = 69; Go to step 4!
[11.11.2015 22:35:45] Step 4: alphak=-2951479051793530000,0000
[11.11.2015 22:35:45] Step 5: h > 0; b=alpha(k-1)=-1475739525896760000,0000
[11.11.2015 22:35:45] k = k + 1 = 70; Go to step 4!
[11.11.2015 22:35:45] Step 4: alphak=-5902958103587060000,0000
[11.11.2015 22:35:45] Step 5: h > 0; b=alpha(k-1)=-2951479051793530000,0000
[11.11.2015 22:35:45] k = k + 1 = 71; Go to step 4!
[11.11.2015 22:35:45] Step 4: alphak=-11805916207174100000,0000
[11.11.2015 22:35:45] Step 5: h > 0; b=alpha(k-1)=-5902958103587060000,0000
[11.11.2015 22:35:45] k = k + 1 = 72; Go to step 4!
[11.11.2015 22:35:45] Step 4: alphak=-23611832414348200000,0000
[11.11.2015 22:35:45] Step 5: h > 0; b=alpha(k-1)=-11805916207174100000,0000
[11.11.2015 22:35:45] k = k + 1 = 73; Go to step 4!
[11.11.2015 22:35:45] Step 4: alphak=-47223664828696500000,0000
[11.11.2015 22:35:45] Step 5: h > 0; b=alpha(k-1)=-23611832414348200000,0000
[11.11.2015 22:35:45] k = k + 1 = 74; Go to step 4!
[11.11.2015 22:35:45] Step 4: alphak=-94447329657392900000,0000
[11.11.2015 22:35:45] Step 5: h > 0; b=alpha(k-1)=-47223664828696500000,0000
[11.11.2015 22:35:45] k = k + 1 = 75; Go to step 4!
[11.11.2015 22:35:45] Step 4: alphak=-188894659314786000000,0000
[11.11.2015 22:35:45] Step 5: h > 0; b=alpha(k-1)=-94447329657392900000,0000
[11.11.2015 22:35:45] k = k + 1 = 76; Go to step 4!
[11.11.2015 22:35:45] Step 4: alphak=-377789318629572000000,0000
[11.11.2015 22:35:45] Step 5: h > 0; b=alpha(k-1)=-188894659314786000000,0000
[11.11.2015 22:35:45] k = k + 1 = 77; Go to step 4!
[11.11.2015 22:35:45] Step 4: alphak=-755578637259143000000,0000
[11.11.2015 22:35:45] Step 5: h > 0; b=alpha(k-1)=-377789318629572000000,0000
[11.11.2015 22:35:45] k = k + 1 = 78; Go to step 4!
[11.11.2015 22:35:45] Step 4: alphak=-1511157274518290000000,0000
[11.11.2015 22:35:45] Step 5: h > 0; b=alpha(k-1)=-755578637259143000000,0000
[11.11.2015 22:35:45] k = k + 1 = 79; Go to step 4!
[11.11.2015 22:35:45] Step 4: alphak=-3022314549036570000000,0000
[11.11.2015 22:35:45] Step 5: h > 0; b=alpha(k-1)=-1511157274518290000000,0000
[11.11.2015 22:35:45] k = k + 1 = 80; Go to step 4!
[11.11.2015 22:35:45] Step 4: alphak=-6044629098073150000000,0000
[11.11.2015 22:35:45] Step 5: h > 0; b=alpha(k-1)=-3022314549036570000000,0000
[11.11.2015 22:35:45] k = k + 1 = 81; Go to step 4!
[11.11.2015 22:35:45] Step 4: alphak=-12089258196146300000000,0000
[11.11.2015 22:35:45] Step 5: h > 0; b=alpha(k-1)=-6044629098073150000000,0000
[11.11.2015 22:35:45] k = k + 1 = 82; Go to step 4!
[11.11.2015 22:35:45] Step 4: alphak=-24178516392292600000000,0000
[11.11.2015 22:35:45] Step 5: h > 0; b=alpha(k-1)=-12089258196146300000000,0000
[11.11.2015 22:35:45] k = k + 1 = 83; Go to step 4!
[11.11.2015 22:35:45] Step 4: alphak=-48357032784585200000000,0000
[11.11.2015 22:35:45] Step 5: h > 0; b=alpha(k-1)=-24178516392292600000000,0000
[11.11.2015 22:35:45] k = k + 1 = 84; Go to step 4!
[11.11.2015 22:35:45] Step 4: alphak=-96714065569170300000000,0000
[11.11.2015 22:35:45] Step 5: h > 0; b=alpha(k-1)=-48357032784585200000000,0000
[11.11.2015 22:35:45] k = k + 1 = 85; Go to step 4!
[11.11.2015 22:35:45] Step 4: alphak=-193428131138341000000000,0000
[11.11.2015 22:35:45] Step 5: h > 0; b=alpha(k-1)=-96714065569170300000000,0000
[11.11.2015 22:35:45] k = k + 1 = 86; Go to step 4!
[11.11.2015 22:35:45] Step 4: alphak=-386856262276681000000000,0000
[11.11.2015 22:35:45] Step 5: h > 0; b=alpha(k-1)=-193428131138341000000000,0000
[11.11.2015 22:35:45] k = k + 1 = 87; Go to step 4!
[11.11.2015 22:35:45] Step 4: alphak=-773712524553363000000000,0000
[11.11.2015 22:35:45] Step 5: h > 0; b=alpha(k-1)=-386856262276681000000000,0000
[11.11.2015 22:35:45] k = k + 1 = 88; Go to step 4!
[11.11.2015 22:35:45] Step 4: alphak=-1547425049106730000000000,0000
[11.11.2015 22:35:45] Step 5: h > 0; b=alpha(k-1)=-773712524553363000000000,0000
[11.11.2015 22:35:45] k = k + 1 = 89; Go to step 4!
[11.11.2015 22:35:45] Step 4: alphak=-3094850098213450000000000,0000
[11.11.2015 22:35:45] Step 5: h > 0; b=alpha(k-1)=-1547425049106730000000000,0000
[11.11.2015 22:35:45] k = k + 1 = 90; Go to step 4!
[11.11.2015 22:35:45] Step 4: alphak=-6189700196426900000000000,0000
[11.11.2015 22:35:45] Step 5: h > 0; b=alpha(k-1)=-3094850098213450000000000,0000
[11.11.2015 22:35:45] k = k + 1 = 91; Go to step 4!
[11.11.2015 22:35:45] Step 4: alphak=-12379400392853800000000000,0000
[11.11.2015 22:35:45] Step 5: h > 0; b=alpha(k-1)=-6189700196426900000000000,0000
[11.11.2015 22:35:45] k = k + 1 = 92; Go to step 4!
[11.11.2015 22:35:45] Step 4: alphak=-24758800785707600000000000,0000
[11.11.2015 22:35:45] Step 5: h > 0; b=alpha(k-1)=-12379400392853800000000000,0000
[11.11.2015 22:35:45] k = k + 1 = 93; Go to step 4!
[11.11.2015 22:35:45] Step 4: alphak=-49517601571415200000000000,0000
[11.11.2015 22:35:45] Step 5: h > 0; b=alpha(k-1)=-24758800785707600000000000,0000
[11.11.2015 22:35:45] k = k + 1 = 94; Go to step 4!
[11.11.2015 22:35:45] Step 4: alphak=-99035203142830400000000000,0000
[11.11.2015 22:35:45] Step 5: h > 0; b=alpha(k-1)=-49517601571415200000000000,0000
[11.11.2015 22:35:45] k = k + 1 = 95; Go to step 4!
[11.11.2015 22:35:45] Step 4: alphak=-198070406285661000000000000,0000
[11.11.2015 22:35:45] Step 5: h > 0; b=alpha(k-1)=-99035203142830400000000000,0000
[11.11.2015 22:35:45] k = k + 1 = 96; Go to step 4!
[11.11.2015 22:35:45] Step 4: alphak=-396140812571322000000000000,0000
[11.11.2015 22:35:45] Step 5: h > 0; b=alpha(k-1)=-198070406285661000000000000,0000
[11.11.2015 22:35:45] k = k + 1 = 97; Go to step 4!
[11.11.2015 22:35:45] Step 4: alphak=-792281625142643000000000000,0000
[11.11.2015 22:35:45] Step 5: h > 0; b=alpha(k-1)=-396140812571322000000000000,0000
[11.11.2015 22:35:45] k = k + 1 = 98; Go to step 4!
[11.11.2015 22:35:45] Step 4: alphak=-1584563250285290000000000000,0000
[11.11.2015 22:35:45] Step 5: h > 0; b=alpha(k-1)=-792281625142643000000000000,0000
