[11.11.2015 18:37:08] Optimal gradient method started!
[11.11.2015 18:37:08] 	Data input:
(x1; x2) = (0,000; 0,000),
Alpha = 0,010,
eps = 0,010;
[11.11.2015 18:37:08] ITER 0:
[11.11.2015 18:37:08] Step 1: k = 0;
[11.11.2015 18:37:08] Step 2: gradient is (-14,000, -22,000);
[11.11.2015 18:37:08] DSK method started!
[11.11.2015 18:37:08] Step 1: f(alpha)=162,1841, f(alpha + h)=152,4578; k=0;
[11.11.2015 18:37:08] Step 2: a=0,0100, alpha1=0,0200, k=2; Go to step 4!
[11.11.2015 18:37:08] Step 4: alphak=0,0300
[11.11.2015 18:37:08] Step 5: h > 0; a=alpha(k-1)=0,0200
[11.11.2015 18:37:08] k = k + 1 = 3; Go to step 4!
[11.11.2015 18:37:08] Step 4: alphak=0,0500
[11.11.2015 18:37:08] Step 5: h > 0; a=alpha(k-1)=0,0300
[11.11.2015 18:37:08] k = k + 1 = 4; Go to step 4!
[11.11.2015 18:37:08] Step 4: alphak=0,0900
[11.11.2015 18:37:08] Step 5: h > 0; a=alpha(k-1)=0,0500
[11.11.2015 18:37:08] k = k + 1 = 5; Go to step 4!
[11.11.2015 18:37:08] Step 4: alphak=0,1700
[11.11.2015 18:37:08] Step 5: h > 0; b=alphak=0,1700
[11.11.2015 18:37:08] Step 6: Interval is: [0,0500 ; 0,1700]
[11.11.2015 18:37:08] Dichotomy method has been started!
[11.11.2015 18:37:08] Counting: delta = eps / 10 = 0,001
[11.11.2015 18:37:08] Step 1: counting alpha_1 = 0,1090, alpha_2 = 0,1110
[11.11.2015 18:37:08] Step 3: f(0,1090) = 39,4310 > f(0,1110) = 38,0051; a = alpha_1 = 0,1090.
[11.11.2015 18:37:08] Iter 0: Answer is in the range: [0,1090; 0,1700]
[11.11.2015 18:37:08] Step 1: counting alpha_1 = 0,1385, alpha_2 = 0,1405
[11.11.2015 18:37:08] Step 3: f(0,1385) = 35,4191 <= f(0,1405) = 36,7629; b = alpha_2 = 0,1405.
[11.11.2015 18:37:08] Iter 1: Answer is in the range: [0,1090; 0,1405]
[11.11.2015 18:37:08] Step 1: counting alpha_1 = 0,1238, alpha_2 = 0,1258
[11.11.2015 18:37:08] Step 3: f(0,1238) = 32,4345 > f(0,1258) = 32,1869; a = alpha_1 = 0,1238.
[11.11.2015 18:37:08] Step 4: (b-a)/2 = 0,0084 < eps = 0,0100; STOP SEARCHING!
[11.11.2015 18:37:08] Iter 2: Answer is in the range: [0,1238; 0,1405]
[11.11.2015 18:37:08] Step 5: alpha_end = (a+b)/2; Minimum x* is: 0,1321
[11.11.2015 18:37:08] Step 4: Alpha = 0,132125;
[11.11.2015 18:37:08] Step 5: arguments = arguments - alpha * gradientValue = (1,850; 2,907);
[11.11.2015 18:37:08] Step 6: k = k + 1 = 0;
[11.11.2015 18:37:08] Step 7: answer is: (1,850; 2,907);
[11.11.2015 18:37:08] ITER 1:
[11.11.2015 18:37:08] Step 1: k = 1;
[11.11.2015 18:37:08] Step 2: gradient is (-27,936, 29,064);
[11.11.2015 18:37:08] DSK method started!
[11.11.2015 18:37:08] Step 1: f(alpha)=352,5223, f(alpha + h)=468,7991; k=0;
[11.11.2015 18:37:08] Step 3: b=0,1321, alpha1=0,1421, h=-0,0100, k=2.
[11.11.2015 18:37:08] Step 4: alphak=0,1121
[11.11.2015 18:37:08] Step 5: h > 0; b=alpha(k-1)=0,1221
[11.11.2015 18:37:08] k = k + 1 = 3; Go to step 4!
[11.11.2015 18:37:08] Step 4: alphak=0,0921
[11.11.2015 18:37:08] Step 5: h > 0; b=alpha(k-1)=0,1121
[11.11.2015 18:37:08] k = k + 1 = 4; Go to step 4!
[11.11.2015 18:37:08] Step 4: alphak=0,0521
[11.11.2015 18:37:08] Step 5: h > 0; b=alpha(k-1)=0,0921
[11.11.2015 18:37:08] k = k + 1 = 5; Go to step 4!
[11.11.2015 18:37:08] Step 4: alphak=-0,0279
[11.11.2015 18:37:08] Step 5: h < 0; a=alphak-0,0279
[11.11.2015 18:37:08] Step 6: Interval is: [-0,0279 ; 0,0921]
[11.11.2015 18:37:08] Dichotomy method has been started!
[11.11.2015 18:37:08] Counting: delta = eps / 10 = 0,001
[11.11.2015 18:37:08] Step 1: counting alpha_1 = 0,0311, alpha_2 = 0,0331
[11.11.2015 18:37:08] Step 3: f(0,0311) = 2,6456 > f(0,0331) = 2,0340; a = alpha_1 = 0,0311.
[11.11.2015 18:37:08] Iter 0: Answer is in the range: [0,0311; 0,0921]
[11.11.2015 18:37:08] Step 1: counting alpha_1 = 0,0606, alpha_2 = 0,0626
[11.11.2015 18:37:08] Step 3: f(0,0606) = 11,8964 <= f(0,0626) = 14,1761; b = alpha_2 = 0,0626.
[11.11.2015 18:37:08] Iter 1: Answer is in the range: [0,0311; 0,0626]
[11.11.2015 18:37:08] Step 1: counting alpha_1 = 0,0459, alpha_2 = 0,0479
[11.11.2015 18:37:08] Step 3: f(0,0459) = 2,0837 <= f(0,0479) = 2,7537; b = alpha_2 = 0,0479.
[11.11.2015 18:37:08] Step 4: (b-a)/2 = 0,0084 < eps = 0,0100; STOP SEARCHING!
[11.11.2015 18:37:08] Iter 2: Answer is in the range: [0,0311; 0,0479]
[11.11.2015 18:37:08] Step 5: alpha_end = (a+b)/2; Minimum x* is: 0,0395
[11.11.2015 18:37:08] Step 4: Alpha = 0,0395;
[11.11.2015 18:37:08] Step 5: arguments = arguments - alpha * gradientValue = (2,953; 1,759);
[11.11.2015 18:37:08] Step 6: k = k + 1 = 1;
[11.11.2015 18:37:08] Step 7: answer is: (2,953; 1,759);
[11.11.2015 18:37:08] ITER 2:
[11.11.2015 18:37:08] Step 1: k = 2;
[11.11.2015 18:37:08] Step 2: gradient is (-8,044, -7,746);
[11.11.2015 18:37:08] DSK method started!
[11.11.2015 18:37:08] Step 1: f(alpha)=3,3959, f(alpha + h)=6,5195; k=0;
[11.11.2015 18:37:08] Step 3: b=0,0395, alpha1=0,0495, h=-0,0100, k=2.
[11.11.2015 18:37:08] Step 4: alphak=0,0195
[11.11.2015 18:37:08] Step 5: h > 0; b=alpha(k-1)=0,0295
[11.11.2015 18:37:08] k = k + 1 = 3; Go to step 4!
[11.11.2015 18:37:08] Step 4: alphak=-0,0005
[11.11.2015 18:37:08] Step 5: h < 0; a=alphak-0,0005
[11.11.2015 18:37:08] Step 6: Interval is: [-0,0005 ; 0,0295]
[11.11.2015 18:37:08] Dichotomy method has been started!
[11.11.2015 18:37:08] Counting: delta = eps / 10 = 0,001
[11.11.2015 18:37:08] Step 1: counting alpha_1 = 0,0135, alpha_2 = 0,0155
[11.11.2015 18:37:08] Step 3: f(0,0135) = 0,2741 <= f(0,0155) = 0,2779; b = alpha_2 = 0,0155.
[11.11.2015 18:37:08] Step 4: (b-a)/2 = 0,0080 < eps = 0,0100; STOP SEARCHING!
[11.11.2015 18:37:08] Iter 0: Answer is in the range: [-0,0005; 0,0155]
[11.11.2015 18:37:08] Step 5: alpha_end = (a+b)/2; Minimum x* is: 0,0075
[11.11.2015 18:37:08] Step 4: Alpha = 0,00750000000000001;
[11.11.2015 18:37:08] Step 5: arguments = arguments - alpha * gradientValue = (3,014; 1,817);
[11.11.2015 18:37:08] Step 6: k = k + 1 = 2;
[11.11.2015 18:37:08] Step 7: answer is: (3,014; 1,817);
[11.11.2015 18:37:08] ITER 3:
[11.11.2015 18:37:09] Step 1: k = 3;
[11.11.2015 18:37:09] Step 2: gradient is (-2,319, -5,090);
[11.11.2015 18:37:09] DSK method started!
[11.11.2015 18:37:09] Step 1: f(alpha)=0,2806, f(alpha + h)=0,1528; k=0;
[11.11.2015 18:37:09] Step 2: a=0,0075, alpha1=0,0175, k=2; Go to step 4!
[11.11.2015 18:37:09] Step 4: alphak=0,0275
[11.11.2015 18:37:09] Step 5: h > 0; b=alphak=0,0275
[11.11.2015 18:37:09] Step 6: Interval is: [0,0075 ; 0,0275]
[11.11.2015 18:37:09] Dichotomy method has been started!
[11.11.2015 18:37:09] Counting: delta = eps / 10 = 0,001
[11.11.2015 18:37:09] Step 1: counting alpha_1 = 0,0165, alpha_2 = 0,0185
[11.11.2015 18:37:09] Step 3: f(0,0165) = 0,1583 > f(0,0185) = 0,1490; a = alpha_1 = 0,0165.
[11.11.2015 18:37:09] Step 4: (b-a)/2 = 0,0055 < eps = 0,0100; STOP SEARCHING!
[11.11.2015 18:37:09] Iter 0: Answer is in the range: [0,0165; 0,0275]
[11.11.2015 18:37:09] Step 5: alpha_end = (a+b)/2; Minimum x* is: 0,0220
[11.11.2015 18:37:09] Step 4: Alpha = 0,022;
[11.11.2015 18:37:09] Step 5: arguments = arguments - alpha * gradientValue = (3,065; 1,929);
[11.11.2015 18:37:09] Step 6: k = k + 1 = 3;
[11.11.2015 18:37:09] Step 7: answer is: (3,065; 1,929);
[11.11.2015 18:37:09] ITER 4:
[11.11.2015 18:37:09] Step 1: k = 4;
[11.11.2015 18:37:09] Step 2: gradient is (3,498, -1,019);
[11.11.2015 18:37:09] DSK method started!
[11.11.2015 18:37:09] Step 1: f(alpha)=0,0572, f(alpha + h)=0,1429; k=0;
[11.11.2015 18:37:09] Step 3: b=0,0220, alpha1=0,0320, h=-0,0100, k=2.
[11.11.2015 18:37:09] Step 4: alphak=0,0020
[11.11.2015 18:37:09] Step 5: h < 0; a=alphak0,0020
[11.11.2015 18:37:09] Step 6: Interval is: [0,0020 ; 0,0220]
[11.11.2015 18:37:09] Dichotomy method has been started!
[11.11.2015 18:37:09] Counting: delta = eps / 10 = 0,001
[11.11.2015 18:37:09] Step 1: counting alpha_1 = 0,0110, alpha_2 = 0,0130
[11.11.2015 18:37:09] Step 3: f(0,0110) = 0,0537 > f(0,0130) = 0,0471; a = alpha_1 = 0,0110.
[11.11.2015 18:37:09] Step 4: (b-a)/2 = 0,0055 < eps = 0,0100; STOP SEARCHING!
[11.11.2015 18:37:09] Iter 0: Answer is in the range: [0,0110; 0,0220]
[11.11.2015 18:37:09] Step 5: alpha_end = (a+b)/2; Minimum x* is: 0,0165
[11.11.2015 18:37:09] Step 4: Alpha = 0,0165;
[11.11.2015 18:37:09] Step 5: arguments = arguments - alpha * gradientValue = (3,007; 1,946);
[11.11.2015 18:37:09] Step 6: k = k + 1 = 4;
[11.11.2015 18:37:09] Step 7: answer is: (3,007; 1,946);
[11.11.2015 18:37:09] ITER 5:
[11.11.2015 18:37:09] Step 1: k = 5;
[11.11.2015 18:37:09] Step 2: gradient is (-0,574, -1,643);
[11.11.2015 18:37:09] DSK method started!
[11.11.2015 18:37:09] Step 1: f(alpha)=0,0135, f(alpha + h)=0,0153; k=0;
[11.11.2015 18:37:09] Step 3: a=0,0065, b=0,0265; Go to step 6!
[11.11.2015 18:37:09] Step 6: Interval is: [0,0065 ; 0,0265]
[11.11.2015 18:37:09] Dichotomy method has been started!
[11.11.2015 18:37:09] Counting: delta = eps / 10 = 0,001
[11.11.2015 18:37:09] Step 1: counting alpha_1 = 0,0155, alpha_2 = 0,0175
[11.11.2015 18:37:09] Step 3: f(0,0155) = 0,0142 > f(0,0175) = 0,0130; a = alpha_1 = 0,0155.
[11.11.2015 18:37:09] Step 4: (b-a)/2 = 0,0055 < eps = 0,0100; STOP SEARCHING!
[11.11.2015 18:37:09] Iter 0: Answer is in the range: [0,0155; 0,0265]
[11.11.2015 18:37:09] Step 5: alpha_end = (a+b)/2; Minimum x* is: 0,0210
[11.11.2015 18:37:09] Step 4: Alpha = 0,021;
[11.11.2015 18:37:09] Step 5: arguments = arguments - alpha * gradientValue = (3,019; 1,980);
[11.11.2015 18:37:09] Step 6: k = k + 1 = 5;
[11.11.2015 18:37:09] Step 7: answer is: (3,019; 1,980);
[11.11.2015 18:37:09] ITER 6:
[11.11.2015 18:37:09] Step 1: k = 6;
[11.11.2015 18:37:09] Step 2: gradient is (1,015, -0,289);
[11.11.2015 18:37:09] DSK method started!
[11.11.2015 18:37:09] Step 1: f(alpha)=0,0041, f(alpha + h)=0,0106; k=0;
[11.11.2015 18:37:09] Step 3: a=0,0110, b=0,0310; Go to step 6!
[11.11.2015 18:37:09] Step 6: Interval is: [0,0110 ; 0,0310]
[11.11.2015 18:37:09] Dichotomy method has been started!
[11.11.2015 18:37:09] Counting: delta = eps / 10 = 0,001
[11.11.2015 18:37:09] Step 1: counting alpha_1 = 0,0200, alpha_2 = 0,0220
[11.11.2015 18:37:09] Step 3: f(0,0200) = 0,0038 <= f(0,0220) = 0,0045; b = alpha_2 = 0,0220.
[11.11.2015 18:37:09] Step 4: (b-a)/2 = 0,0055 < eps = 0,0100; STOP SEARCHING!
[11.11.2015 18:37:09] Iter 0: Answer is in the range: [0,0110; 0,0220]
[11.11.2015 18:37:09] Step 5: alpha_end = (a+b)/2; Minimum x* is: 0,0165
[11.11.2015 18:37:09] Step 4: Alpha = 0,0165;
[11.11.2015 18:37:09] Step 5: arguments = arguments - alpha * gradientValue = (3,002; 1,985);
[11.11.2015 18:37:09] Step 6: k = k + 1 = 6;
[11.11.2015 18:37:09] Step 7: answer is: (3,002; 1,985);
[11.11.2015 18:37:09] ITER 7:
[11.11.2015 18:37:09] Step 1: k = 7;
[11.11.2015 18:37:10] Step 2: gradient is (-0,141, -0,465);
[11.11.2015 18:37:10] DSK method started!
[11.11.2015 18:37:10] Step 1: f(alpha)=0,0010, f(alpha + h)=0,0011; k=0;
[11.11.2015 18:37:10] Step 3: a=0,0065, b=0,0265; Go to step 6!
[11.11.2015 18:37:10] Step 6: Interval is: [0,0065 ; 0,0265]
[11.11.2015 18:37:10] Dichotomy method has been started!
[11.11.2015 18:37:10] Counting: delta = eps / 10 = 0,001
[11.11.2015 18:37:10] Step 1: counting alpha_1 = 0,0155, alpha_2 = 0,0175
[11.11.2015 18:37:10] Step 3: f(0,0155) = 0,0011 > f(0,0175) = 0,0010; a = alpha_1 = 0,0155.
[11.11.2015 18:37:10] Step 4: (b-a)/2 = 0,0055 < eps = 0,0100; STOP SEARCHING!
[11.11.2015 18:37:10] Iter 0: Answer is in the range: [0,0155; 0,0265]
[11.11.2015 18:37:10] Step 5: alpha_end = (a+b)/2; Minimum x* is: 0,0210
[11.11.2015 18:37:10] Step 4: Alpha = 0,021;
[11.11.2015 18:37:10] Step 5: arguments = arguments - alpha * gradientValue = (3,005; 1,995);
[11.11.2015 18:37:10] Step 6: k = k + 1 = 7;
[11.11.2015 18:37:10] Step 7: answer is: (3,005; 1,995);
[11.11.2015 18:37:10] ITER 8:
[11.11.2015 18:37:10] Step 1: k = 8;
[11.11.2015 18:37:10] Step 2: gradient is (0,275, -0,078);
[11.11.2015 18:37:10] DSK method started!
[11.11.2015 18:37:10] Step 1: f(alpha)=0,0003, f(alpha + h)=0,0008; k=0;
[11.11.2015 18:37:10] Step 3: a=0,0110, b=0,0310; Go to step 6!
[11.11.2015 18:37:10] Step 6: Interval is: [0,0110 ; 0,0310]
[11.11.2015 18:37:10] Dichotomy method has been started!
[11.11.2015 18:37:10] Counting: delta = eps / 10 = 0,001
[11.11.2015 18:37:10] Step 1: counting alpha_1 = 0,0200, alpha_2 = 0,0220
[11.11.2015 18:37:10] Step 3: f(0,0200) = 0,0003 <= f(0,0220) = 0,0003; b = alpha_2 = 0,0220.
[11.11.2015 18:37:10] Step 4: (b-a)/2 = 0,0055 < eps = 0,0100; STOP SEARCHING!
[11.11.2015 18:37:10] Iter 0: Answer is in the range: [0,0110; 0,0220]
[11.11.2015 18:37:10] Step 5: alpha_end = (a+b)/2; Minimum x* is: 0,0165
[11.11.2015 18:37:10] Step 4: Alpha = 0,0165;
[11.11.2015 18:37:10] Step 5: arguments = arguments - alpha * gradientValue = (3,001; 1,996);
[11.11.2015 18:37:10] Step 6: k = k + 1 = 8;
[11.11.2015 18:37:10] Step 7: answer is: (3,001; 1,996);
[11.11.2015 18:37:10] ITER 9:
[11.11.2015 18:37:10] Step 1: k = 9;
[11.11.2015 18:37:10] Step 2: gradient is (-0,036, -0,125);
[11.11.2015 18:37:10] DSK method started!
[11.11.2015 18:37:10] Step 1: f(alpha)=0,0001, f(alpha + h)=0,0001; k=0;
[11.11.2015 18:37:10] Step 3: a=0,0065, b=0,0265; Go to step 6!
[11.11.2015 18:37:10] Step 6: Interval is: [0,0065 ; 0,0265]
[11.11.2015 18:37:10] Dichotomy method has been started!
[11.11.2015 18:37:10] Counting: delta = eps / 10 = 0,001
[11.11.2015 18:37:10] Step 1: counting alpha_1 = 0,0155, alpha_2 = 0,0175
[11.11.2015 18:37:10] Step 3: f(0,0155) = 0,0001 > f(0,0175) = 0,0001; a = alpha_1 = 0,0155.
[11.11.2015 18:37:10] Step 4: (b-a)/2 = 0,0055 < eps = 0,0100; STOP SEARCHING!
[11.11.2015 18:37:10] Iter 0: Answer is in the range: [0,0155; 0,0265]
[11.11.2015 18:37:10] Step 5: alpha_end = (a+b)/2; Minimum x* is: 0,0210
[11.11.2015 18:37:10] Step 4: Alpha = 0,021;
[11.11.2015 18:37:10] Step 5: arguments = arguments - alpha * gradientValue = (3,001; 1,999);
[11.11.2015 18:37:10] Step 6: k = k + 1 = 9;
[11.11.2015 18:37:10] Step 7: answer is: (3,001; 1,999);
[11.11.2015 18:37:10] ITER 10:
[11.11.2015 18:37:10] Step 1: k = 10;
[11.11.2015 18:37:10] Step 2: gradient is (0,073, -0,021);
[11.11.2015 18:37:10] DSK method started!
[11.11.2015 18:37:10] Step 1: f(alpha)=0,0000, f(alpha + h)=0,0001; k=0;
[11.11.2015 18:37:10] Step 3: a=0,0110, b=0,0310; Go to step 6!
[11.11.2015 18:37:10] Step 6: Interval is: [0,0110 ; 0,0310]
[11.11.2015 18:37:10] Dichotomy method has been started!
[11.11.2015 18:37:10] Counting: delta = eps / 10 = 0,001
[11.11.2015 18:37:10] Step 1: counting alpha_1 = 0,0200, alpha_2 = 0,0220
[11.11.2015 18:37:10] Step 3: f(0,0200) = 0,0000 <= f(0,0220) = 0,0000; b = alpha_2 = 0,0220.
[11.11.2015 18:37:10] Step 4: (b-a)/2 = 0,0055 < eps = 0,0100; STOP SEARCHING!
[11.11.2015 18:37:10] Iter 0: Answer is in the range: [0,0110; 0,0220]
[11.11.2015 18:37:10] Step 5: alpha_end = (a+b)/2; Minimum x* is: 0,0165
[11.11.2015 18:37:10] Step 4: Alpha = 0,0165;
[11.11.2015 18:37:10] Step 5: arguments = arguments - alpha * gradientValue = (3,000; 1,999);
[11.11.2015 18:37:10] Step 6: k = k + 1 = 10;
[11.11.2015 18:37:10] Step 7: answer is: (3,000; 1,999);
[11.11.2015 18:37:11] ITER 11:
[11.11.2015 18:37:11] Step 1: k = 11;
[11.11.2015 18:37:11] Step 2: gradient is (-0,010, -0,034);
[11.11.2015 18:37:11] DSK method started!
[11.11.2015 18:37:11] Step 1: f(alpha)=0,0000, f(alpha + h)=0,0000; k=0;
[11.11.2015 18:37:11] Step 3: a=0,0065, b=0,0265; Go to step 6!
[11.11.2015 18:37:11] Step 6: Interval is: [0,0065 ; 0,0265]
[11.11.2015 18:37:11] Dichotomy method has been started!
[11.11.2015 18:37:11] Counting: delta = eps / 10 = 0,001
[11.11.2015 18:37:11] Step 1: counting alpha_1 = 0,0155, alpha_2 = 0,0175
[11.11.2015 18:37:11] Step 3: f(0,0155) = 0,0000 > f(0,0175) = 0,0000; a = alpha_1 = 0,0155.
[11.11.2015 18:37:11] Step 4: (b-a)/2 = 0,0055 < eps = 0,0100; STOP SEARCHING!
[11.11.2015 18:37:11] Iter 0: Answer is in the range: [0,0155; 0,0265]
[11.11.2015 18:37:11] Step 5: alpha_end = (a+b)/2; Minimum x* is: 0,0210
[11.11.2015 18:37:11] Step 4: Alpha = 0,021;
[11.11.2015 18:37:11] Step 5: arguments = arguments - alpha * gradientValue = (3,000; 2,000);
[11.11.2015 18:37:11] Step 6: k = k + 1 = 11;
[11.11.2015 18:37:11] Step 7: answer is: (3,000; 2,000);
[11.11.2015 18:37:11] ITER 12:
[11.11.2015 18:37:11] Step 1: k = 12;
[11.11.2015 18:37:11] Step 2: gradient is (0,020, -0,005);
[11.11.2015 18:37:11] DSK method started!
[11.11.2015 18:37:11] Step 1: f(alpha)=0,0000, f(alpha + h)=0,0000; k=0;
[11.11.2015 18:37:11] Step 3: b=0,0210, alpha1=0,0310, h=-0,0100, k=2.
[11.11.2015 18:37:11] Step 4: alphak=0,0010
[11.11.2015 18:37:11] Step 5: h < 0; a=alphak0,0010
[11.11.2015 18:37:11] Step 6: Interval is: [0,0010 ; 0,0210]
[11.11.2015 18:37:11] Dichotomy method has been started!
[11.11.2015 18:37:11] Counting: delta = eps / 10 = 0,001
[11.11.2015 18:37:11] Step 1: counting alpha_1 = 0,0100, alpha_2 = 0,0120
[11.11.2015 18:37:11] Step 3: f(0,0100) = 0,0000 > f(0,0120) = 0,0000; a = alpha_1 = 0,0100.
[11.11.2015 18:37:11] Step 4: (b-a)/2 = 0,0055 < eps = 0,0100; STOP SEARCHING!
[11.11.2015 18:37:11] Iter 0: Answer is in the range: [0,0100; 0,0210]
[11.11.2015 18:37:11] Step 5: alpha_end = (a+b)/2; Minimum x* is: 0,0155
[11.11.2015 18:37:11] Step 4: Alpha = 0,0155;
[11.11.2015 18:37:11] Step 5: arguments = arguments - alpha * gradientValue = (3,000; 2,000);
[11.11.2015 18:37:11] Step 6: k = k + 1 = 12;
[11.11.2015 18:37:11] Step 7: answer is: (3,000; 2,000);
[11.11.2015 18:37:11] ITER 13:
[11.11.2015 18:37:11] Step 1: k = 13;
[11.11.2015 18:37:11] Step 2: gradient is (-0,002, -0,009);
[11.11.2015 18:37:11] Step 3: gradient Euclidean norm is <= eps: 0,009 <= 0,01; Go to step 7!
[11.11.2015 18:37:11] Step 7: answer is: (3,000; 2,000);
