[25.11.2015 12:15:48] DFP method started
[25.11.2015 12:15:48] Input data. Start point DenseVector 2-Double
10
10
, epsilon 0,01000
[25.11.2015 12:15:48] Step 1: K = 0
[25.11.2015 12:15:48] Step 2: ITERATION number 0
[25.11.2015 12:15:48] Step 4: K==0, go to step 8.
[25.11.2015 12:15:48] Step 8: Search vector: DenseVector 2-Double
-4166
-4318

[25.11.2015 12:15:48] Начата работа метода Дэвиса-Свенна-Кэмпи.
[25.11.2015 12:15:48] Начальная точка x0 = 0, h= 0,001
[25.11.2015 12:15:48] 1. Вычисление f(x0) = 20410, f(x0+h) = 1793,09788616829
[25.11.2015 12:15:48] 2. Сработало условие f(x0)>f(x0+h), f(x0) = 20410, f(x0+h) = 1793,09788616829
[25.11.2015 12:15:48] 4. Начало итерационного поиска
[25.11.2015 12:15:48] Итерация номер 1
[25.11.2015 12:15:48] 5. Сработало условие f(x[k-1])>f(x[k]). k = 2, f(x[k-1]) = 1793,09788616829, f(x[k]) = 59,0255871867187
[25.11.2015 12:15:48] Была найдена более подходящая левая граница отрезка локализации минимума: 0,001
[25.11.2015 12:15:48] Итерация номер 2
[25.11.2015 12:15:48] 5. Сработало условие f(x[k-1])<=f(x[k]). k = 3, f(x[k-1]) = 59,0255871867187, f(x[k]) = 2221,18766981528
[25.11.2015 12:15:48] Была найдена более подходящая правая граница отрезка локализации минимума: 0,004
[25.11.2015 12:15:48] Найдены подходящие границы отрезка локализации минимума. Это 0,001;0,004
[25.11.2015 12:15:48] Начал работу метод параболической аппроксимации Пауэлла.
[25.11.2015 12:15:48] Начальные значения, интервал 0,001;0,004, eps = 0,001
[25.11.2015 12:15:48] Итерация номер 1
[25.11.2015 12:15:48] 1. Найдено x1 = 0,001, x2 = 0,0025, x3 = 0,004
[25.11.2015 12:15:48] 2. Минимальное значение: 0,001
[25.11.2015 12:15:48] 3. Пересчитан x4 = 0,00241208669146753
[25.11.2015 12:15:48] 4. x4 не достаточно приближен к истинному минимуму. Продолжение работы алгоритма.
[25.11.2015 12:15:48] 5. Точки отсортированы по возрастанию. 0,001, 0,00241208669146753, 0,0025, 0,004
[25.11.2015 12:15:48] 5. Точки отсортированы по значению функции. 0,00241208669146753, 0,0025, 0,001, 0,004
[25.11.2015 12:15:48] Итерация номер 2
[25.11.2015 12:15:48] 1. Найдено x1 = 0,00241208669146753, x2 = 0,0025, x3 = 0,001
[25.11.2015 12:15:48] 2. Минимальное значение: 0,001
[25.11.2015 12:15:48] 3. Пересчитан x4 = 0,00243041484291985
[25.11.2015 12:15:48] 4. x4 не достаточно приближен к истинному минимуму. Продолжение работы алгоритма.
[25.11.2015 12:15:48] 5. Точки отсортированы по возрастанию. 0,001, 0,00241208669146753, 0,00243041484291985, 0,0025
[25.11.2015 12:15:48] 5. Точки отсортированы по значению функции. 0,00241208669146753, 0,00243041484291985, 0,0025, 0,001
[25.11.2015 12:15:48] Итерация номер 3
[25.11.2015 12:15:48] 1. Найдено x1 = 0,00241208669146753, x2 = 0,00243041484291985, x3 = 0,0025
[25.11.2015 12:15:48] 2. Минимальное значение: 0,00241208669146753
[25.11.2015 12:15:48] 3. Пересчитан x4 = 0,00248730674135634
[25.11.2015 12:15:48] 4. x4 достаточно приближен к истинному минимуму. Завершение работы алгоритма.
[25.11.2015 12:15:48] Step 9: New alpha 0,00248730674135634
[25.11.2015 12:15:48] Step 10: New local search point DenseVector 2-Double
 -0,36212
-0,740191

[25.11.2015 12:15:48] Step 11: Iteration end.
[25.11.2015 12:15:48] Step 2: ITERATION number 1
[25.11.2015 12:15:48] Step 5: Sk = DenseVector 2-Double
-10,3621
-10,7402

[25.11.2015 12:15:48] Step 6: Yk = DenseVector 2-Double
-4162,81
-4321,04

[25.11.2015 12:15:48] Step 7: Quasi-Newton matrix: 
DenseMatrix 2x2-Double
 0,519843  -0,498409
-0,498409   0,482644

[25.11.2015 12:15:48] Step 8: Search vector: DenseVector 2-Double
-3,1733
3,05702

[25.11.2015 12:15:48] Начата работа метода Дэвиса-Свенна-Кэмпи.
[25.11.2015 12:15:48] Начальная точка x0 = 0,00248730674135634, h= 0,001
[25.11.2015 12:15:48] 1. Вычисление f(x0) = 181,154122840932, f(x0+h) = 181,133074369051
[25.11.2015 12:15:48] 2. Сработало условие f(x0)>f(x0+h), f(x0) = 181,154122840932, f(x0+h) = 181,133074369051
[25.11.2015 12:15:48] 4. Начало итерационного поиска
[25.11.2015 12:15:48] Итерация номер 1
[25.11.2015 12:15:48] 5. Сработало условие f(x[k-1])>f(x[k]). k = 2, f(x[k-1]) = 181,133074369051, f(x[k]) = 181,111478742459
[25.11.2015 12:15:48] Была найдена более подходящая левая граница отрезка локализации минимума: 0,00348730674135634
[25.11.2015 12:15:48] Итерация номер 2
[25.11.2015 12:15:48] 5. Сработало условие f(x[k-1])>f(x[k]). k = 3, f(x[k-1]) = 181,111478742459, f(x[k]) = 181,066645236853
[25.11.2015 12:15:48] Была найдена более подходящая левая граница отрезка локализации минимума: 0,00448730674135634
[25.11.2015 12:15:48] Итерация номер 3
[25.11.2015 12:15:48] 5. Сработало условие f(x[k-1])>f(x[k]). k = 4, f(x[k-1]) = 181,066645236853, f(x[k]) = 180,970403951616
[25.11.2015 12:15:48] Была найдена более подходящая левая граница отрезка локализации минимума: 0,00648730674135634
[25.11.2015 12:15:48] Итерация номер 4
[25.11.2015 12:15:48] 5. Сработало условие f(x[k-1])>f(x[k]). k = 5, f(x[k-1]) = 180,970403951616, f(x[k]) = 180,751585975273
[25.11.2015 12:15:48] Была найдена более подходящая левая граница отрезка локализации минимума: 0,0104873067413563
[25.11.2015 12:15:48] Итерация номер 5
[25.11.2015 12:15:48] 5. Сработало условие f(x[k-1])>f(x[k]). k = 6, f(x[k-1]) = 180,751585975273, f(x[k]) = 180,208362799867
[25.11.2015 12:15:48] Была найдена более подходящая левая граница отрезка локализации минимума: 0,0184873067413563
[25.11.2015 12:15:48] Итерация номер 6
[25.11.2015 12:15:48] 5. Сработало условие f(x[k-1])>f(x[k]). k = 7, f(x[k-1]) = 180,208362799867, f(x[k]) = 178,698576827509
[25.11.2015 12:15:48] Была найдена более подходящая левая граница отрезка локализации минимума: 0,0344873067413563
[25.11.2015 12:15:48] Итерация номер 7
[25.11.2015 12:15:48] 5. Сработало условие f(x[k-1])>f(x[k]). k = 8, f(x[k-1]) = 178,698576827509, f(x[k]) = 173,993305562585
[25.11.2015 12:15:48] Была найдена более подходящая левая граница отрезка локализации минимума: 0,0664873067413563
[25.11.2015 12:15:48] Итерация номер 8
[25.11.2015 12:15:48] 5. Сработало условие f(x[k-1])>f(x[k]). k = 9, f(x[k-1]) = 173,993305562585, f(x[k]) = 158,150599261401
[25.11.2015 12:15:48] Была найдена более подходящая левая граница отрезка локализации минимума: 0,130487306741356
[25.11.2015 12:15:48] Итерация номер 9
[25.11.2015 12:15:48] 5. Сработало условие f(x[k-1])>f(x[k]). k = 10, f(x[k-1]) = 158,150599261401, f(x[k]) = 107,211362557304
[25.11.2015 12:15:48] Была найдена более подходящая левая граница отрезка локализации минимума: 0,258487306741356
[25.11.2015 12:15:48] Итерация номер 10
[25.11.2015 12:15:48] 5. Сработало условие f(x[k-1])>f(x[k]). k = 11, f(x[k-1]) = 107,211362557304, f(x[k]) = 43,9524471324676
[25.11.2015 12:15:48] Была найдена более подходящая левая граница отрезка локализации минимума: 0,514487306741356
[25.11.2015 12:15:48] Итерация номер 11
[25.11.2015 12:15:48] 5. Сработало условие f(x[k-1])<=f(x[k]). k = 12, f(x[k-1]) = 43,9524471324676, f(x[k]) = 2018,37098768003
[25.11.2015 12:15:48] Была найдена более подходящая правая граница отрезка локализации минимума: 2,05048730674136
[25.11.2015 12:15:48] Найдены подходящие границы отрезка локализации минимума. Это 0,514487306741356;2,05048730674136
[25.11.2015 12:15:48] Начал работу метод параболической аппроксимации Пауэлла.
[25.11.2015 12:15:48] Начальные значения, интервал 0,514487306741356;2,05048730674136, eps = 0,001
[25.11.2015 12:15:48] Итерация номер 1
[25.11.2015 12:15:48] 1. Найдено x1 = 0,514487306741356, x2 = 1,28248730674136, x3 = 2,05048730674136
[25.11.2015 12:15:48] 2. Минимальное значение: 0,514487306741356
[25.11.2015 12:15:48] 3. Пересчитан x4 = 0,884202836601377
[25.11.2015 12:15:48] 4. x4 не достаточно приближен к истинному минимуму. Продолжение работы алгоритма.
[25.11.2015 12:15:48] 5. Точки отсортированы по возрастанию. 0,514487306741356, 0,884202836601377, 1,28248730674136, 2,05048730674136
[25.11.2015 12:15:48] 5. Точки отсортированы по значению функции. 0,884202836601377, 0,514487306741356, 1,28248730674136, 2,05048730674136
[25.11.2015 12:15:48] Итерация номер 2
[25.11.2015 12:15:48] 1. Найдено x1 = 0,884202836601377, x2 = 0,514487306741356, x3 = 1,28248730674136
[25.11.2015 12:15:48] 2. Минимальное значение: 0,514487306741356
[25.11.2015 12:15:48] 3. Пересчитан x4 = 0,858821125361453
[25.11.2015 12:15:48] 4. x4 не достаточно приближен к истинному минимуму. Продолжение работы алгоритма.
[25.11.2015 12:15:48] 5. Точки отсортированы по возрастанию. 0,514487306741356, 0,858821125361453, 0,884202836601377, 1,28248730674136
[25.11.2015 12:15:48] 5. Точки отсортированы по значению функции. 0,884202836601377, 0,858821125361453, 0,514487306741356, 1,28248730674136
[25.11.2015 12:15:48] Итерация номер 3
[25.11.2015 12:15:48] 1. Найдено x1 = 0,884202836601377, x2 = 0,858821125361453, x3 = 0,514487306741356
[25.11.2015 12:15:48] 2. Минимальное значение: 0,514487306741356
[25.11.2015 12:15:48] 3. Пересчитан x4 = 1,0037303656227
[25.11.2015 12:15:48] 4. x4 не достаточно приближен к истинному минимуму. Продолжение работы алгоритма.
[25.11.2015 12:15:48] 5. Точки отсортированы по возрастанию. 0,514487306741356, 0,858821125361453, 0,884202836601377, 1,0037303656227
[25.11.2015 12:15:48] 5. Точки отсортированы по значению функции. 0,884202836601377, 1,0037303656227, 0,858821125361453, 0,514487306741356
[25.11.2015 12:15:48] Итерация номер 4
[25.11.2015 12:15:48] 1. Найдено x1 = 0,884202836601377, x2 = 1,0037303656227, x3 = 0,858821125361453
[25.11.2015 12:15:48] 2. Минимальное значение: 0,858821125361453
[25.11.2015 12:15:48] 3. Пересчитан x4 = 0,938902771674447
[25.11.2015 12:15:48] 4. x4 не достаточно приближен к истинному минимуму. Продолжение работы алгоритма.
[25.11.2015 12:15:48] 5. Точки отсортированы по возрастанию. 0,858821125361453, 0,884202836601377, 0,938902771674447, 1,0037303656227
[25.11.2015 12:15:48] 5. Точки отсортированы по значению функции. 0,938902771674447, 0,884202836601377, 1,0037303656227, 0,858821125361453
[25.11.2015 12:15:48] Итерация номер 5
[25.11.2015 12:15:48] 1. Найдено x1 = 0,938902771674447, x2 = 0,884202836601377, x3 = 1,0037303656227
[25.11.2015 12:15:48] 2. Минимальное значение: 0,884202836601377
[25.11.2015 12:15:48] 3. Пересчитан x4 = 0,939326632264969
[25.11.2015 12:15:48] 4. x4 не достаточно приближен к истинному минимуму. Продолжение работы алгоритма.
[25.11.2015 12:15:48] 5. Точки отсортированы по возрастанию. 0,884202836601377, 0,938902771674447, 0,939326632264969, 1,0037303656227
[25.11.2015 12:15:48] 5. Точки отсортированы по значению функции. 0,939326632264969, 0,938902771674447, 0,884202836601377, 1,0037303656227
[25.11.2015 12:15:48] Итерация номер 6
[25.11.2015 12:15:48] 1. Найдено x1 = 0,939326632264969, x2 = 0,938902771674447, x3 = 0,884202836601377
[25.11.2015 12:15:48] 2. Минимальное значение: 0,884202836601377
[25.11.2015 12:15:48] 3. Пересчитан x4 = 0,941380806878604
[25.11.2015 12:15:48] 4. x4 не достаточно приближен к истинному минимуму. Продолжение работы алгоритма.
[25.11.2015 12:15:48] 5. Точки отсортированы по возрастанию. 0,884202836601377, 0,938902771674447, 0,939326632264969, 0,941380806878604
[25.11.2015 12:15:48] 5. Точки отсортированы по значению функции. 0,941380806878604, 0,939326632264969, 0,938902771674447, 0,884202836601377
[25.11.2015 12:15:48] Итерация номер 7
[25.11.2015 12:15:48] 1. Найдено x1 = 0,941380806878604, x2 = 0,939326632264969, x3 = 0,938902771674447
[25.11.2015 12:15:48] 2. Минимальное значение: 0,938902771674447
[25.11.2015 12:15:48] 3. Пересчитан x4 = 0,941243464120947
[25.11.2015 12:15:48] 4. x4 не достаточно приближен к истинному минимуму. Продолжение работы алгоритма.
[25.11.2015 12:15:48] 5. Точки отсортированы по возрастанию. 0,938902771674447, 0,939326632264969, 0,941243464120947, 0,941380806878604
[25.11.2015 12:15:48] 5. Точки отсортированы по значению функции. 0,941243464120947, 0,941380806878604, 0,939326632264969, 0,938902771674447
[25.11.2015 12:15:48] Итерация номер 8
[25.11.2015 12:15:48] 1. Найдено x1 = 0,941243464120947, x2 = 0,941380806878604, x3 = 0,939326632264969
[25.11.2015 12:15:48] 2. Минимальное значение: 0,939326632264969
[25.11.2015 12:15:48] 3. Пересчитан x4 = 0,941241226405553
[25.11.2015 12:15:48] 4. x4 не достаточно приближен к истинному минимуму. Продолжение работы алгоритма.
[25.11.2015 12:15:48] 5. Точки отсортированы по возрастанию. 0,939326632264969, 0,941241226405553, 0,941243464120947, 0,941380806878604
[25.11.2015 12:15:48] 5. Точки отсортированы по значению функции. 0,941241226405553, 0,941243464120947, 0,941380806878604, 0,939326632264969
[25.11.2015 12:15:48] Итерация номер 9
[25.11.2015 12:15:48] 1. Найдено x1 = 0,941241226405553, x2 = 0,941243464120947, x3 = 0,941380806878604
[25.11.2015 12:15:48] 2. Минимальное значение: 0,941241226405553
[25.11.2015 12:15:48] 3. Пересчитан x4 = 0,941241388632012
[25.11.2015 12:15:48] 4. x4 достаточно приближен к истинному минимуму. Завершение работы алгоритма.
[25.11.2015 12:15:48] Step 9: New alpha 0,941241388632012
[25.11.2015 12:15:48] Step 10: New local search point DenseVector 2-Double
-3,34896
  2,1372

[25.11.2015 12:15:48] Step 11: Iteration end.
[25.11.2015 12:15:48] Step 2: ITERATION number 2
[25.11.2015 12:15:48] Step 5: Sk = DenseVector 2-Double
-2,98684
 2,87739

[25.11.2015 12:15:48] Step 6: Yk = DenseVector 2-Double
-46,2664
-41,6752

[25.11.2015 12:15:48] Step 7: Quasi-Newton matrix: 
DenseMatrix 2x2-Double
 0,637121  -0,635641
-0,635641   0,636623

[25.11.2015 12:15:48] Step 8: Search vector: DenseVector 2-Double
-0,977786
  1,08551

[25.11.2015 12:15:48] Начата работа метода Дэвиса-Свенна-Кэмпи.
[25.11.2015 12:15:48] Начальная точка x0 = 0,941241388632012, h= 0,001
[25.11.2015 12:15:48] 1. Вычисление f(x0) = 109,529701747718, f(x0+h) = 109,710632611872
[25.11.2015 12:15:48] 3. Сработало условие f(x0)<=f(x0+h), f(x0) = 109,529701747718, f(x0+h) = 109,710632611872
[25.11.2015 12:15:48] 4. Начало итерационного поиска
[25.11.2015 12:15:48] Итерация номер 1
[25.11.2015 12:15:48] 5. Сработало условие f(x[k-1])>f(x[k]). k = 2, f(x[k-1]) = 109,349051690452, f(x[k]) = 109,168682248717
[25.11.2015 12:15:48] Была найдена более подходящая правая граница отрезка локализации минимума: 0,940241388632012
[25.11.2015 12:15:48] Итерация номер 2
[25.11.2015 12:15:48] 5. Сработало условие f(x[k-1])>f(x[k]). k = 3, f(x[k-1]) = 109,168682248717, f(x[k]) = 108,808784446684
[25.11.2015 12:15:48] Была найдена более подходящая правая граница отрезка локализации минимума: 0,939241388632012
[25.11.2015 12:15:48] Итерация номер 3
[25.11.2015 12:15:48] 5. Сработало условие f(x[k-1])>f(x[k]). k = 4, f(x[k-1]) = 108,808784446684, f(x[k]) = 108,092347815384
[25.11.2015 12:15:48] Была найдена более подходящая правая граница отрезка локализации минимума: 0,937241388632012
[25.11.2015 12:15:48] Итерация номер 4
[25.11.2015 12:15:48] 5. Сработало условие f(x[k-1])>f(x[k]). k = 5, f(x[k-1]) = 108,092347815384, f(x[k]) = 106,672867666401
[25.11.2015 12:15:48] Была найдена более подходящая правая граница отрезка локализации минимума: 0,933241388632012
[25.11.2015 12:15:48] Итерация номер 5
[25.11.2015 12:15:48] 5. Сработало условие f(x[k-1])>f(x[k]). k = 6, f(x[k-1]) = 106,672867666401, f(x[k]) = 103,887138345985
[25.11.2015 12:15:48] Была найдена более подходящая правая граница отрезка локализации минимума: 0,925241388632012
[25.11.2015 12:15:48] Итерация номер 6
[25.11.2015 12:15:48] 5. Сработало условие f(x[k-1])>f(x[k]). k = 7, f(x[k-1]) = 103,887138345985, f(x[k]) = 98,5258836831725
[25.11.2015 12:15:48] Была найдена более подходящая правая граница отрезка локализации минимума: 0,909241388632012
[25.11.2015 12:15:48] Итерация номер 7
[25.11.2015 12:15:48] 5. Сработало условие f(x[k-1])>f(x[k]). k = 8, f(x[k-1]) = 98,5258836831725, f(x[k]) = 88,6226209422765
[25.11.2015 12:15:48] Была найдена более подходящая правая граница отрезка локализации минимума: 0,877241388632012
[25.11.2015 12:15:48] Итерация номер 8
[25.11.2015 12:15:48] 5. Сработало условие f(x[k-1])>f(x[k]). k = 9, f(x[k-1]) = 88,6226209422765, f(x[k]) = 71,9235692618584
[25.11.2015 12:15:48] Была найдена более подходящая правая граница отрезка локализации минимума: 0,813241388632012
[25.11.2015 12:15:48] Итерация номер 9
[25.11.2015 12:15:48] 5. Сработало условие f(x[k-1])>f(x[k]). k = 10, f(x[k-1]) = 71,9235692618584, f(x[k]) = 49,6479341065349
[25.11.2015 12:15:48] Была найдена более подходящая правая граница отрезка локализации минимума: 0,685241388632012
[25.11.2015 12:15:48] Итерация номер 10
[25.11.2015 12:15:48] 5. Сработало условие f(x[k-1])>f(x[k]). k = 11, f(x[k-1]) = 49,6479341065349, f(x[k]) = 39,9058934236993
[25.11.2015 12:15:48] Была найдена более подходящая правая граница отрезка локализации минимума: 0,429241388632012
[25.11.2015 12:15:48] Итерация номер 11
[25.11.2015 12:15:48] 5. Сработало условие f(x[k-1])<=f(x[k]). k = 12, f(x[k-1]) = 39,9058934236993, f(x[k]) = 94,6739499054812
[25.11.2015 12:15:48] Была найдена более подходящая левая граница отрезка локализации минимума: -1,10675861136799
[25.11.2015 12:15:48] Найдены подходящие границы отрезка локализации минимума. Это -1,10675861136799;0,429241388632012
[25.11.2015 12:15:48] Начал работу метод параболической аппроксимации Пауэлла.
[25.11.2015 12:15:48] Начальные значения, интервал -1,10675861136799;0,429241388632012, eps = 0,001
[25.11.2015 12:15:48] Итерация номер 1
[25.11.2015 12:15:48] 1. Найдено x1 = -1,10675861136799, x2 = -0,338758611367988, x3 = 0,429241388632012
[25.11.2015 12:15:48] 2. Минимальное значение: -1,10675861136799
[25.11.2015 12:15:48] 3. Пересчитан x4 = 0,0109688449772696
[25.11.2015 12:15:48] 4. x4 не достаточно приближен к истинному минимуму. Продолжение работы алгоритма.
[25.11.2015 12:15:48] 5. Точки отсортированы по возрастанию. -1,10675861136799, -0,338758611367988, 0,0109688449772696, 0,429241388632012
[25.11.2015 12:15:48] 5. Точки отсортированы по значению функции. 0,0109688449772696, -0,338758611367988, 0,429241388632012, -1,10675861136799
[25.11.2015 12:15:48] Итерация номер 2
[25.11.2015 12:15:48] 1. Найдено x1 = 0,0109688449772696, x2 = -0,338758611367988, x3 = 0,429241388632012
[25.11.2015 12:15:48] 2. Минимальное значение: -0,338758611367988
[25.11.2015 12:15:48] 3. Пересчитан x4 = 0,0232404420556661
[25.11.2015 12:15:48] 4. x4 не достаточно приближен к истинному минимуму. Продолжение работы алгоритма.
[25.11.2015 12:15:48] 5. Точки отсортированы по возрастанию. -0,338758611367988, 0,0109688449772696, 0,0232404420556661, 0,429241388632012
[25.11.2015 12:15:48] 5. Точки отсортированы по значению функции. 0,0232404420556661, 0,0109688449772696, -0,338758611367988, 0,429241388632012
[25.11.2015 12:15:48] Итерация номер 3
[25.11.2015 12:15:48] 1. Найдено x1 = 0,0232404420556661, x2 = 0,0109688449772696, x3 = -0,338758611367988
[25.11.2015 12:15:48] 2. Минимальное значение: -0,338758611367988
[25.11.2015 12:15:48] 3. Пересчитан x4 = 0,0552949847789481
[25.11.2015 12:15:48] 4. x4 не достаточно приближен к истинному минимуму. Продолжение работы алгоритма.
[25.11.2015 12:15:48] 5. Точки отсортированы по возрастанию. -0,338758611367988, 0,0109688449772696, 0,0232404420556661, 0,0552949847789481
[25.11.2015 12:15:48] 5. Точки отсортированы по значению функции. 0,0552949847789481, 0,0232404420556661, 0,0109688449772696, -0,338758611367988
[25.11.2015 12:15:48] Итерация номер 4
[25.11.2015 12:15:48] 1. Найдено x1 = 0,0552949847789481, x2 = 0,0232404420556661, x3 = 0,0109688449772696
[25.11.2015 12:15:49] 2. Минимальное значение: 0,0109688449772696
[25.11.2015 12:15:49] 3. Пересчитан x4 = 0,0500227250707409
[25.11.2015 12:15:49] 4. x4 не достаточно приближен к истинному минимуму. Продолжение работы алгоритма.
[25.11.2015 12:15:49] 5. Точки отсортированы по возрастанию. 0,0109688449772696, 0,0232404420556661, 0,0500227250707409, 0,0552949847789481
[25.11.2015 12:15:49] 5. Точки отсортированы по значению функции. 0,0500227250707409, 0,0552949847789481, 0,0232404420556661, 0,0109688449772696
[25.11.2015 12:15:49] Итерация номер 5
[25.11.2015 12:15:49] 1. Найдено x1 = 0,0500227250707409, x2 = 0,0552949847789481, x3 = 0,0232404420556661
[25.11.2015 12:15:49] 2. Минимальное значение: 0,0232404420556661
[25.11.2015 12:15:49] 3. Пересчитан x4 = 0,0498719047518865
[25.11.2015 12:15:49] 4. x4 не достаточно приближен к истинному минимуму. Продолжение работы алгоритма.
[25.11.2015 12:15:49] 5. Точки отсортированы по возрастанию. 0,0232404420556661, 0,0498719047518865, 0,0500227250707409, 0,0552949847789481
[25.11.2015 12:15:49] 5. Точки отсортированы по значению функции. 0,0498719047518865, 0,0500227250707409, 0,0552949847789481, 0,0232404420556661
[25.11.2015 12:15:49] Итерация номер 6
[25.11.2015 12:15:49] 1. Найдено x1 = 0,0498719047518865, x2 = 0,0500227250707409, x3 = 0,0552949847789481
[25.11.2015 12:15:49] 2. Минимальное значение: 0,0498719047518865
[25.11.2015 12:15:49] 3. Пересчитан x4 = 0,049898402485254
[25.11.2015 12:15:49] 4. x4 достаточно приближен к истинному минимуму. Завершение работы алгоритма.
[25.11.2015 12:15:49] Step 9: New alpha 0,049898402485254
[25.11.2015 12:15:49] Step 10: New local search point DenseVector 2-Double
-3,39775
 2,19137

[25.11.2015 12:15:49] Step 11: Iteration end.
[25.11.2015 12:15:49] Step 2: ITERATION number 3
[25.11.2015 12:15:49] Step 5: Sk = DenseVector 2-Double
-0,04879
0,054165

[25.11.2015 12:15:49] Step 6: Yk = DenseVector 2-Double
-5,29775
 1,14154

[25.11.2015 12:15:49] Step 7: Quasi-Newton matrix: 
DenseMatrix 2x2-Double
0,00750912  -0,0078915
-0,0078915   0,0108255

[25.11.2015 12:15:49] Step 8: Search vector: DenseVector 2-Double
0,0193861
0,0899676

[25.11.2015 12:15:49] Начата работа метода Дэвиса-Свенна-Кэмпи.
[25.11.2015 12:15:49] Начальная точка x0 = 0,049898402485254, h= 0,001
[25.11.2015 12:15:49] 1. Вычисление f(x0) = 38,5553242563037, f(x0+h) = 38,5504744933897
[25.11.2015 12:15:49] 2. Сработало условие f(x0)>f(x0+h), f(x0) = 38,5553242563037, f(x0+h) = 38,5504744933897
[25.11.2015 12:15:49] 4. Начало итерационного поиска
[25.11.2015 12:15:49] Итерация номер 1
[25.11.2015 12:15:49] 5. Сработало условие f(x[k-1])>f(x[k]). k = 2, f(x[k-1]) = 38,5504744933897, f(x[k]) = 38,5456249012254
[25.11.2015 12:15:49] Была найдена более подходящая левая граница отрезка локализации минимума: 0,050898402485254
[25.11.2015 12:15:49] Итерация номер 2
[25.11.2015 12:15:49] 5. Сработало условие f(x[k-1])>f(x[k]). k = 3, f(x[k-1]) = 38,5456249012254, f(x[k]) = 38,5359262293065
[25.11.2015 12:15:49] Была найдена более подходящая левая граница отрезка локализации минимума: 0,051898402485254
[25.11.2015 12:15:49] Итерация номер 3
[25.11.2015 12:15:49] 5. Сработало условие f(x[k-1])>f(x[k]). k = 4, f(x[k-1]) = 38,5359262293065, f(x[k]) = 38,5165309362295
[25.11.2015 12:15:49] Была найдена более подходящая левая граница отрезка локализации минимума: 0,053898402485254
[25.11.2015 12:15:49] Итерация номер 4
[25.11.2015 12:15:49] 5. Сработало условие f(x[k-1])>f(x[k]). k = 5, f(x[k-1]) = 38,5165309362295, f(x[k]) = 38,4777485620977
[25.11.2015 12:15:49] Была найдена более подходящая левая граница отрезка локализации минимума: 0,057898402485254
[25.11.2015 12:15:49] Итерация номер 5
[25.11.2015 12:15:49] 5. Сработало условие f(x[k-1])>f(x[k]). k = 6, f(x[k-1]) = 38,4777485620977, f(x[k]) = 38,4002167337732
[25.11.2015 12:15:49] Была найдена более подходящая левая граница отрезка локализации минимума: 0,065898402485254
[25.11.2015 12:15:49] Итерация номер 6
[25.11.2015 12:15:49] 5. Сработало условие f(x[k-1])>f(x[k]). k = 7, f(x[k-1]) = 38,4002167337732, f(x[k]) = 38,2452853320308
[25.11.2015 12:15:49] Была найдена более подходящая левая граница отрезка локализации минимума: 0,081898402485254
[25.11.2015 12:15:49] Итерация номер 7
[25.11.2015 12:15:49] 5. Сработало условие f(x[k-1])>f(x[k]). k = 8, f(x[k-1]) = 38,2452853320308, f(x[k]) = 37,9359561547867
[25.11.2015 12:15:49] Была найдена более подходящая левая граница отрезка локализации минимума: 0,113898402485254
[25.11.2015 12:15:49] Итерация номер 8
[25.11.2015 12:15:49] 5. Сработало условие f(x[k-1])>f(x[k]). k = 9, f(x[k-1]) = 37,9359561547867, f(x[k]) = 37,3194692449272
[25.11.2015 12:15:49] Была найдена более подходящая левая граница отрезка локализации минимума: 0,177898402485254
[25.11.2015 12:15:49] Итерация номер 9
[25.11.2015 12:15:49] 5. Сработало условие f(x[k-1])>f(x[k]). k = 10, f(x[k-1]) = 37,3194692449272, f(x[k]) = 36,0954781089804
[25.11.2015 12:15:49] Была найдена более подходящая левая граница отрезка локализации минимума: 0,305898402485254
[25.11.2015 12:15:49] Итерация номер 10
[25.11.2015 12:15:49] 5. Сработало условие f(x[k-1])>f(x[k]). k = 11, f(x[k-1]) = 36,0954781089804, f(x[k]) = 33,6858240212577
[25.11.2015 12:15:49] Была найдена более подходящая левая граница отрезка локализации минимума: 0,561898402485254
[25.11.2015 12:15:49] Итерация номер 11
[25.11.2015 12:15:49] 5. Сработало условие f(x[k-1])>f(x[k]). k = 12, f(x[k-1]) = 33,6858240212577, f(x[k]) = 29,0393634873406
[25.11.2015 12:15:49] Была найдена более подходящая левая граница отрезка локализации минимума: 1,07389840248525
[25.11.2015 12:15:49] Итерация номер 12
[25.11.2015 12:15:49] 5. Сработало условие f(x[k-1])>f(x[k]). k = 13, f(x[k-1]) = 29,0393634873406, f(x[k]) = 20,599797219474
[25.11.2015 12:15:49] Была найдена более подходящая левая граница отрезка локализации минимума: 2,09789840248525
[25.11.2015 12:15:49] Итерация номер 13
[25.11.2015 12:15:49] 5. Сработало условие f(x[k-1])>f(x[k]). k = 14, f(x[k-1]) = 20,599797219474, f(x[k]) = 8,52075767605117
[25.11.2015 12:15:49] Была найдена более подходящая левая граница отрезка локализации минимума: 4,14589840248525
[25.11.2015 12:15:49] Итерация номер 14
[25.11.2015 12:15:49] 5. Сработало условие f(x[k-1])<=f(x[k]). k = 15, f(x[k-1]) = 8,52075767605117, f(x[k]) = 16,1117996435542
[25.11.2015 12:15:49] Была найдена более подходящая правая граница отрезка локализации минимума: 16,4338984024853
[25.11.2015 12:15:49] Найдены подходящие границы отрезка локализации минимума. Это 4,14589840248525;16,4338984024853
[25.11.2015 12:15:49] Начал работу метод параболической аппроксимации Пауэлла.
[25.11.2015 12:15:49] Начальные значения, интервал 4,14589840248525;16,4338984024853, eps = 0,001
[25.11.2015 12:15:49] Итерация номер 1
[25.11.2015 12:15:49] 1. Найдено x1 = 4,14589840248525, x2 = 10,2898984024853, x3 = 16,4338984024853
[25.11.2015 12:15:49] 2. Минимальное значение: 4,14589840248525
[25.11.2015 12:15:49] 3. Пересчитан x4 = 10,8361501691154
[25.11.2015 12:15:49] 4. x4 не достаточно приближен к истинному минимуму. Продолжение работы алгоритма.
[25.11.2015 12:15:49] 5. Точки отсортированы по возрастанию. 4,14589840248525, 10,2898984024853, 10,8361501691154, 16,4338984024853
[25.11.2015 12:15:49] 5. Точки отсортированы по значению функции. 10,8361501691154, 10,2898984024853, 16,4338984024853, 4,14589840248525
[25.11.2015 12:15:49] Итерация номер 2
[25.11.2015 12:15:49] 1. Найдено x1 = 10,8361501691154, x2 = 10,2898984024853, x3 = 16,4338984024853
[25.11.2015 12:15:49] 2. Минимальное значение: 10,2898984024853
[25.11.2015 12:15:49] 3. Пересчитан x4 = 11,2361891658924
[25.11.2015 12:15:49] 4. x4 не достаточно приближен к истинному минимуму. Продолжение работы алгоритма.
[25.11.2015 12:15:49] 5. Точки отсортированы по возрастанию. 10,2898984024853, 10,8361501691154, 11,2361891658924, 16,4338984024853
[25.11.2015 12:15:49] 5. Точки отсортированы по значению функции. 11,2361891658924, 10,8361501691154, 10,2898984024853, 16,4338984024853
[25.11.2015 12:15:49] Итерация номер 3
[25.11.2015 12:15:49] 1. Найдено x1 = 11,2361891658924, x2 = 10,8361501691154, x3 = 10,2898984024853
[25.11.2015 12:15:49] 2. Минимальное значение: 10,2898984024853
[25.11.2015 12:15:49] 3. Пересчитан x4 = 11,3360142520563
[25.11.2015 12:15:49] 4. x4 не достаточно приближен к истинному минимуму. Продолжение работы алгоритма.
[25.11.2015 12:15:49] 5. Точки отсортированы по возрастанию. 10,2898984024853, 10,8361501691154, 11,2361891658924, 11,3360142520563
[25.11.2015 12:15:49] 5. Точки отсортированы по значению функции. 11,3360142520563, 11,2361891658924, 10,8361501691154, 10,2898984024853
[25.11.2015 12:15:49] Итерация номер 4
[25.11.2015 12:15:49] 1. Найдено x1 = 11,3360142520563, x2 = 11,2361891658924, x3 = 10,8361501691154
[25.11.2015 12:15:49] 2. Минимальное значение: 10,8361501691154
[25.11.2015 12:15:49] 3. Пересчитан x4 = 11,3276108962776
[25.11.2015 12:15:49] 4. x4 не достаточно приближен к истинному минимуму. Продолжение работы алгоритма.
[25.11.2015 12:15:49] 5. Точки отсортированы по возрастанию. 10,8361501691154, 11,2361891658924, 11,3276108962776, 11,3360142520563
[25.11.2015 12:15:49] 5. Точки отсортированы по значению функции. 11,3276108962776, 11,3360142520563, 11,2361891658924, 10,8361501691154
[25.11.2015 12:15:49] Итерация номер 5
[25.11.2015 12:15:49] 1. Найдено x1 = 11,3276108962776, x2 = 11,3360142520563, x3 = 11,2361891658924
[25.11.2015 12:15:49] 2. Минимальное значение: 11,2361891658924
[25.11.2015 12:15:49] 3. Пересчитан x4 = 11,3270676696075
[25.11.2015 12:15:49] 4. x4 не достаточно приближен к истинному минимуму. Продолжение работы алгоритма.
[25.11.2015 12:15:49] 5. Точки отсортированы по возрастанию. 11,2361891658924, 11,3270676696075, 11,3276108962776, 11,3360142520563
[25.11.2015 12:15:49] 5. Точки отсортированы по значению функции. 11,3270676696075, 11,3276108962776, 11,3360142520563, 11,2361891658924
[25.11.2015 12:15:49] Итерация номер 6
[25.11.2015 12:15:49] 1. Найдено x1 = 11,3270676696075, x2 = 11,3276108962776, x3 = 11,3360142520563
[25.11.2015 12:15:49] 2. Минимальное значение: 11,3270676696075
[25.11.2015 12:15:49] 3. Пересчитан x4 = 11,3270791595601
[25.11.2015 12:15:49] 4. x4 достаточно приближен к истинному минимуму. Завершение работы алгоритма.
[25.11.2015 12:15:49] Step 9: New alpha 11,3270791595601
[25.11.2015 12:15:49] Step 10: New local search point DenseVector 2-Double
-3,17816
 3,21044

[25.11.2015 12:15:49] Step 11: Iteration end.
[25.11.2015 12:15:49] Step 2: ITERATION number 4
[25.11.2015 12:15:49] Step 5: Sk = DenseVector 2-Double
0,219588
 1,01907

[25.11.2015 12:15:49] Step 6: Yk = DenseVector 2-Double
19,2539
49,8519

[25.11.2015 12:15:49] Step 7: Quasi-Newton matrix: 
DenseMatrix 2x2-Double
0,00412656  0,00281104
0,00281104   0,0193563

[25.11.2015 12:15:49] Step 8: Search vector: DenseVector 2-Double
  0,102538
-0,0396027

[25.11.2015 12:15:49] Начата работа метода Дэвиса-Свенна-Кэмпи.
[25.11.2015 12:15:49] Начальная точка x0 = 11,3270791595601, h= 0,001
[25.11.2015 12:15:49] 1. Вычисление f(x0) = 19,3267683135301, f(x0+h) = 19,3308717538378
[25.11.2015 12:15:49] 3. Сработало условие f(x0)<=f(x0+h), f(x0) = 19,3267683135301, f(x0+h) = 19,3308717538378
[25.11.2015 12:15:49] 4. Начало итерационного поиска
[25.11.2015 12:15:49] Итерация номер 1
[25.11.2015 12:15:49] 5. Сработало условие f(x[k-1])>f(x[k]). k = 2, f(x[k-1]) = 19,3226651268469, f(x[k]) = 19,3185621938474
[25.11.2015 12:15:49] Была найдена более подходящая правая граница отрезка локализации минимума: 11,3260791595601
[25.11.2015 12:15:49] Итерация номер 2
[25.11.2015 12:15:49] 5. Сработало условие f(x[k-1])>f(x[k]). k = 3, f(x[k-1]) = 19,3185621938474, f(x[k]) = 19,3103570891375
[25.11.2015 12:15:49] Была найдена более подходящая правая граница отрезка локализации минимума: 11,3250791595601
[25.11.2015 12:15:49] Итерация номер 3
[25.11.2015 12:15:49] 5. Сработало условие f(x[k-1])>f(x[k]). k = 4, f(x[k-1]) = 19,3103570891375, f(x[k]) = 19,2939499265362
[25.11.2015 12:15:49] Была найдена более подходящая правая граница отрезка локализации минимума: 11,3230791595601
[25.11.2015 12:15:49] Итерация номер 4
[25.11.2015 12:15:49] 5. Сработало условие f(x[k-1])>f(x[k]). k = 5, f(x[k-1]) = 19,2939499265362, f(x[k]) = 19,2611478019093
[25.11.2015 12:15:49] Была найдена более подходящая правая граница отрезка локализации минимума: 11,3190791595601
[25.11.2015 12:15:49] Итерация номер 5
[25.11.2015 12:15:49] 5. Сработало условие f(x[k-1])>f(x[k]). k = 6, f(x[k-1]) = 19,2611478019093, f(x[k]) = 19,1955924614137
[25.11.2015 12:15:49] Была найдена более подходящая правая граница отрезка локализации минимума: 11,3110791595601
[25.11.2015 12:15:49] Итерация номер 6
[25.11.2015 12:15:49] 5. Сработало условие f(x[k-1])>f(x[k]). k = 7, f(x[k-1]) = 19,1955924614137, f(x[k]) = 19,064678267676
[25.11.2015 12:15:49] Была найдена более подходящая правая граница отрезка локализации минимума: 11,2950791595601
[25.11.2015 12:15:49] Итерация номер 7
[25.11.2015 12:15:49] 5. Сработало условие f(x[k-1])>f(x[k]). k = 8, f(x[k-1]) = 19,064678267676, f(x[k]) = 18,8036426563153
[25.11.2015 12:15:49] Была найдена более подходящая правая граница отрезка локализации минимума: 11,2630791595601
[25.11.2015 12:15:49] Итерация номер 8
[25.11.2015 12:15:49] 5. Сработало условие f(x[k-1])>f(x[k]). k = 9, f(x[k-1]) = 18,8036426563153, f(x[k]) = 18,2847973041573
[25.11.2015 12:15:49] Была найдена более подходящая правая граница отрезка локализации минимума: 11,1990791595601
[25.11.2015 12:15:49] Итерация номер 9
[25.11.2015 12:15:49] 5. Сработало условие f(x[k-1])>f(x[k]). k = 10, f(x[k-1]) = 18,2847973041573, f(x[k]) = 17,2604505998184
[25.11.2015 12:15:49] Была найдена более подходящая правая граница отрезка локализации минимума: 11,0710791595601
[25.11.2015 12:15:49] Итерация номер 10
[25.11.2015 12:15:49] 5. Сработало условие f(x[k-1])>f(x[k]). k = 11, f(x[k-1]) = 17,2604505998184, f(x[k]) = 15,2686955549191
[25.11.2015 12:15:49] Была найдена более подходящая правая граница отрезка локализации минимума: 10,8150791595601
[25.11.2015 12:15:49] Итерация номер 11
[25.11.2015 12:15:49] 5. Сработало условие f(x[k-1])>f(x[k]). k = 12, f(x[k-1]) = 15,2686955549191, f(x[k]) = 11,5420493845838
[25.11.2015 12:15:49] Была найдена более подходящая правая граница отрезка локализации минимума: 10,3030791595601
[25.11.2015 12:15:49] Итерация номер 12
[25.11.2015 12:15:49] 5. Сработало условие f(x[k-1])>f(x[k]). k = 13, f(x[k-1]) = 11,5420493845838, f(x[k]) = 5,35888129069754
[25.11.2015 12:15:49] Была найдена более подходящая правая граница отрезка локализации минимума: 9,27907915956012
[25.11.2015 12:15:49] Итерация номер 13
[25.11.2015 12:15:49] 5. Сработало условие f(x[k-1])>f(x[k]). k = 14, f(x[k-1]) = 5,35888129069754, f(x[k]) = 0,170948307740642
[25.11.2015 12:15:49] Была найдена более подходящая правая граница отрезка локализации минимума: 7,23107915956012
[25.11.2015 12:15:49] Итерация номер 14
[25.11.2015 12:15:49] 5. Сработало условие f(x[k-1])<=f(x[k]). k = 15, f(x[k-1]) = 0,170948307740642, f(x[k]) = 37,7968675622092
[25.11.2015 12:15:49] Была найдена более подходящая левая граница отрезка локализации минимума: -5,05692084043988
[25.11.2015 12:15:49] Найдены подходящие границы отрезка локализации минимума. Это -5,05692084043988;7,23107915956012
[25.11.2015 12:15:49] Начал работу метод параболической аппроксимации Пауэлла.
[25.11.2015 12:15:49] Начальные значения, интервал -5,05692084043988;7,23107915956012, eps = 0,001
[25.11.2015 12:15:49] Итерация номер 1
[25.11.2015 12:15:49] 1. Найдено x1 = -5,05692084043988, x2 = 1,08707915956012, x3 = 7,23107915956012
[25.11.2015 12:15:49] 2. Минимальное значение: -5,05692084043988
[25.11.2015 12:15:49] 3. Пересчитан x4 = 3,69494910378394
[25.11.2015 12:15:49] 4. x4 не достаточно приближен к истинному минимуму. Продолжение работы алгоритма.
[25.11.2015 12:15:49] 5. Точки отсортированы по возрастанию. -5,05692084043988, 1,08707915956012, 3,69494910378394, 7,23107915956012
[25.11.2015 12:15:49] 5. Точки отсортированы по значению функции. 3,69494910378394, 1,08707915956012, 7,23107915956012, -5,05692084043988
[25.11.2015 12:15:49] Итерация номер 2
[25.11.2015 12:15:49] 1. Найдено x1 = 3,69494910378394, x2 = 1,08707915956012, x3 = 7,23107915956012
[25.11.2015 12:15:49] 2. Минимальное значение: 1,08707915956012
[25.11.2015 12:15:49] 3. Пересчитан x4 = 3,54349495462139
[25.11.2015 12:15:49] 4. x4 не достаточно приближен к истинному минимуму. Продолжение работы алгоритма.
[25.11.2015 12:15:49] 5. Точки отсортированы по возрастанию. 1,08707915956012, 3,54349495462139, 3,69494910378394, 7,23107915956012
[25.11.2015 12:15:49] 5. Точки отсортированы по значению функции. 3,54349495462139, 3,69494910378394, 1,08707915956012, 7,23107915956012
[25.11.2015 12:15:49] Итерация номер 3
[25.11.2015 12:15:49] 1. Найдено x1 = 3,54349495462139, x2 = 3,69494910378394, x3 = 1,08707915956012
[25.11.2015 12:15:49] 2. Минимальное значение: 1,08707915956012
[25.11.2015 12:15:49] 3. Пересчитан x4 = 3,41262491223399
[25.11.2015 12:15:49] 4. x4 не достаточно приближен к истинному минимуму. Продолжение работы алгоритма.
[25.11.2015 12:15:49] 5. Точки отсортированы по возрастанию. 1,08707915956012, 3,41262491223399, 3,54349495462139, 3,69494910378394
[25.11.2015 12:15:49] 5. Точки отсортированы по значению функции. 3,41262491223399, 3,54349495462139, 3,69494910378394, 1,08707915956012
[25.11.2015 12:15:49] Итерация номер 4
[25.11.2015 12:15:50] 1. Найдено x1 = 3,41262491223399, x2 = 3,54349495462139, x3 = 3,69494910378394
[25.11.2015 12:15:50] 2. Минимальное значение: 3,41262491223399
[25.11.2015 12:15:50] 3. Пересчитан x4 = 3,39612855607627
[25.11.2015 12:15:50] 4. x4 не достаточно приближен к истинному минимуму. Продолжение работы алгоритма.
[25.11.2015 12:15:50] 5. Точки отсортированы по возрастанию. 3,39612855607627, 3,41262491223399, 3,54349495462139, 3,69494910378394
[25.11.2015 12:15:50] 5. Точки отсортированы по значению функции. 3,39612855607627, 3,41262491223399, 3,54349495462139, 3,69494910378394
[25.11.2015 12:15:50] Итерация номер 5
[25.11.2015 12:15:50] 1. Найдено x1 = 3,39612855607627, x2 = 3,41262491223399, x3 = 3,54349495462139
[25.11.2015 12:15:50] 2. Минимальное значение: 3,39612855607627
[25.11.2015 12:15:50] 3. Пересчитан x4 = 3,39694493423894
[25.11.2015 12:15:50] 4. x4 достаточно приближен к истинному минимуму. Завершение работы алгоритма.
[25.11.2015 12:15:50] Step 9: New alpha 3,39694493423894
[25.11.2015 12:15:50] Step 10: New local search point DenseVector 2-Double
-2,82984
 3,07591

[25.11.2015 12:15:50] Step 11: Iteration end.
[25.11.2015 12:15:50] Step 2: ITERATION number 5
[25.11.2015 12:15:50] Step 5: Sk = DenseVector 2-Double
 0,348317
-0,134528

[25.11.2015 12:15:50] Step 6: Yk = DenseVector 2-Double
  27,436
-10,6432

[25.11.2015 12:15:50] Step 7: Quasi-Newton matrix: 
DenseMatrix 2x2-Double
 0,0132706  0,00148229
0,00148229   0,0164609

[25.11.2015 12:15:50] Step 8: Search vector: DenseVector 2-Double
0,0288646
0,0743978

[25.11.2015 12:15:50] Начата работа метода Дэвиса-Свенна-Кэмпи.
[25.11.2015 12:15:50] Начальная точка x0 = 3,39694493423894, h= 0,001
[25.11.2015 12:15:50] 1. Вычисление f(x0) = 1,86065563427086, f(x0+h) = 1,86210381023843
[25.11.2015 12:15:50] 3. Сработало условие f(x0)<=f(x0+h), f(x0) = 1,86065563427086, f(x0+h) = 1,86210381023843
[25.11.2015 12:15:50] 4. Начало итерационного поиска
[25.11.2015 12:15:50] Итерация номер 1
[25.11.2015 12:15:50] 5. Сработало условие f(x[k-1])>f(x[k]). k = 2, f(x[k-1]) = 1,85920805079977, f(x[k]) = 1,85776105979121
[25.11.2015 12:15:50] Была найдена более подходящая правая граница отрезка локализации минимума: 3,39594493423894
[25.11.2015 12:15:50] Итерация номер 2
[25.11.2015 12:15:50] 5. Сработало условие f(x[k-1])>f(x[k]). k = 3, f(x[k-1]) = 1,85776105979121, f(x[k]) = 1,85486885502569
[25.11.2015 12:15:50] Была найдена более подходящая правая граница отрезка локализации минимума: 3,39494493423894
[25.11.2015 12:15:50] Итерация номер 3
[25.11.2015 12:15:50] 5. Сработало условие f(x[k-1])>f(x[k]). k = 4, f(x[k-1]) = 1,85486885502569, f(x[k]) = 1,84909155354975
[25.11.2015 12:15:50] Была найдена более подходящая правая граница отрезка локализации минимума: 3,39294493423894
[25.11.2015 12:15:50] Итерация номер 4
[25.11.2015 12:15:50] 5. Сработало условие f(x[k-1])>f(x[k]). k = 5, f(x[k-1]) = 1,84909155354975, f(x[k]) = 1,8375653752076
[25.11.2015 12:15:50] Была найдена более подходящая правая граница отрезка локализации минимума: 3,38894493423894
[25.11.2015 12:15:50] Итерация номер 5
[25.11.2015 12:15:50] 5. Сработало условие f(x[k-1])>f(x[k]). k = 6, f(x[k-1]) = 1,8375653752076, f(x[k]) = 1,81462665608801
[25.11.2015 12:15:50] Была найдена более подходящая правая граница отрезка локализации минимума: 3,38094493423894
[25.11.2015 12:15:50] Итерация номер 6
[25.11.2015 12:15:50] 5. Сработало условие f(x[k-1])>f(x[k]). k = 7, f(x[k-1]) = 1,81462665608801, f(x[k]) = 1,76920328127421
[25.11.2015 12:15:50] Была найдена более подходящая правая граница отрезка локализации минимума: 3,36494493423894
[25.11.2015 12:15:50] Итерация номер 7
[25.11.2015 12:15:50] 5. Сработало условие f(x[k-1])>f(x[k]). k = 8, f(x[k-1]) = 1,76920328127421, f(x[k]) = 1,68016889326904
[25.11.2015 12:15:50] Была найдена более подходящая правая граница отрезка локализации минимума: 3,33294493423894
[25.11.2015 12:15:50] Итерация номер 8
[25.11.2015 12:15:50] 5. Сработало условие f(x[k-1])>f(x[k]). k = 9, f(x[k-1]) = 1,68016889326904, f(x[k]) = 1,50931846850905
[25.11.2015 12:15:50] Была найдена более подходящая правая граница отрезка локализации минимума: 3,26894493423894
[25.11.2015 12:15:50] Итерация номер 9
[25.11.2015 12:15:50] 5. Сработало условие f(x[k-1])>f(x[k]). k = 10, f(x[k-1]) = 1,50931846850905, f(x[k]) = 1,19624292438585
[25.11.2015 12:15:50] Была найдена более подходящая правая граница отрезка локализации минимума: 3,14094493423894
[25.11.2015 12:15:50] Итерация номер 10
[25.11.2015 12:15:50] 5. Сработало условие f(x[k-1])>f(x[k]). k = 11, f(x[k-1]) = 1,19624292438585, f(x[k]) = 0,682618857835224
[25.11.2015 12:15:50] Была найдена более подходящая правая граница отрезка локализации минимума: 2,88494493423894
[25.11.2015 12:15:50] Итерация номер 11
[25.11.2015 12:15:50] 5. Сработало условие f(x[k-1])>f(x[k]). k = 12, f(x[k-1]) = 0,682618857835224, f(x[k]) = 0,0898547635400945
[25.11.2015 12:15:50] Была найдена более подходящая правая граница отрезка локализации минимума: 2,37294493423894
[25.11.2015 12:15:50] Итерация номер 12
[25.11.2015 12:15:50] 5. Сработало условие f(x[k-1])<=f(x[k]). k = 13, f(x[k-1]) = 0,0898547635400945, f(x[k]) = 0,519983164810414
[25.11.2015 12:15:50] Была найдена более подходящая левая граница отрезка локализации минимума: -0,69905506576106
[25.11.2015 12:15:50] Найдены подходящие границы отрезка локализации минимума. Это -0,69905506576106;2,37294493423894
[25.11.2015 12:15:50] Начал работу метод параболической аппроксимации Пауэлла.
[25.11.2015 12:15:50] Начальные значения, интервал -0,69905506576106;2,37294493423894, eps = 0,001
[25.11.2015 12:15:50] Итерация номер 1
[25.11.2015 12:15:50] 1. Найдено x1 = -0,69905506576106, x2 = 0,83694493423894, x3 = 2,37294493423894
[25.11.2015 12:15:50] 2. Минимальное значение: -0,69905506576106
[25.11.2015 12:15:50] 3. Пересчитан x4 = 0,732753558846699
[25.11.2015 12:15:50] 4. x4 не достаточно приближен к истинному минимуму. Продолжение работы алгоритма.
[25.11.2015 12:15:50] 5. Точки отсортированы по возрастанию. -0,69905506576106, 0,732753558846699, 0,83694493423894, 2,37294493423894
[25.11.2015 12:15:50] 5. Точки отсортированы по значению функции. 0,732753558846699, 0,83694493423894, -0,69905506576106, 2,37294493423894
[25.11.2015 12:15:50] Итерация номер 2
[25.11.2015 12:15:50] 1. Найдено x1 = 0,732753558846699, x2 = 0,83694493423894, x3 = -0,69905506576106
[25.11.2015 12:15:50] 2. Минимальное значение: -0,69905506576106
[25.11.2015 12:15:50] 3. Пересчитан x4 = 0,756452961457423
[25.11.2015 12:15:50] 4. x4 не достаточно приближен к истинному минимуму. Продолжение работы алгоритма.
[25.11.2015 12:15:50] 5. Точки отсортированы по возрастанию. -0,69905506576106, 0,732753558846699, 0,756452961457423, 0,83694493423894
[25.11.2015 12:15:50] 5. Точки отсортированы по значению функции. 0,756452961457423, 0,732753558846699, 0,83694493423894, -0,69905506576106
[25.11.2015 12:15:50] Итерация номер 3
[25.11.2015 12:15:50] 1. Найдено x1 = 0,756452961457423, x2 = 0,732753558846699, x3 = 0,83694493423894
[25.11.2015 12:15:50] 2. Минимальное значение: 0,732753558846699
[25.11.2015 12:15:50] 3. Пересчитан x4 = 0,757316969325888
[25.11.2015 12:15:50] 4. x4 не достаточно приближен к истинному минимуму. Продолжение работы алгоритма.
[25.11.2015 12:15:50] 5. Точки отсортированы по возрастанию. 0,732753558846699, 0,756452961457423, 0,757316969325888, 0,83694493423894
[25.11.2015 12:15:50] 5. Точки отсортированы по значению функции. 0,757316969325888, 0,756452961457423, 0,732753558846699, 0,83694493423894
[25.11.2015 12:15:50] Итерация номер 4
[25.11.2015 12:15:50] 1. Найдено x1 = 0,757316969325888, x2 = 0,756452961457423, x3 = 0,732753558846699
[25.11.2015 12:15:50] 2. Минимальное значение: 0,732753558846699
[25.11.2015 12:15:50] 3. Пересчитан x4 = 0,757338350916998
[25.11.2015 12:15:50] 4. x4 не достаточно приближен к истинному минимуму. Продолжение работы алгоритма.
[25.11.2015 12:15:50] 5. Точки отсортированы по возрастанию. 0,732753558846699, 0,756452961457423, 0,757316969325888, 0,757338350916998
[25.11.2015 12:15:50] 5. Точки отсортированы по значению функции. 0,757338350916998, 0,757316969325888, 0,756452961457423, 0,732753558846699
[25.11.2015 12:15:50] Итерация номер 5
[25.11.2015 12:15:50] 1. Найдено x1 = 0,757338350916998, x2 = 0,757316969325888, x3 = 0,756452961457423
[25.11.2015 12:15:50] 2. Минимальное значение: 0,756452961457423
[25.11.2015 12:15:50] 3. Пересчитан x4 = 0,757338115739909
[25.11.2015 12:15:50] 4. x4 достаточно приближен к истинному минимуму. Завершение работы алгоритма.
[25.11.2015 12:15:50] Step 9: New alpha 0,757338115739909
[25.11.2015 12:15:50] Step 10: New local search point DenseVector 2-Double
-2,80798
 3,13225

[25.11.2015 12:15:50] Step 11: Iteration end.
[25.11.2015 12:15:50] Step 2: ITERATION number 6
[25.11.2015 12:15:50] Step 5: Sk = DenseVector 2-Double
0,0218603
0,0563443

[25.11.2015 12:15:50] Step 6: Yk = DenseVector 2-Double
1,50206
4,43958

[25.11.2015 12:15:50] Step 7: Quasi-Newton matrix: 
DenseMatrix 2x2-Double
  0,0130804  0,000498382
0,000498382    0,0125227

[25.11.2015 12:15:50] Step 8: Search vector: DenseVector 2-Double
  0,00238598
-0,000807286

[25.11.2015 12:15:50] Начата работа метода Дэвиса-Свенна-Кэмпи.
[25.11.2015 12:15:50] Начальная точка x0 = 0,757338115739909, h= 0,001
[25.11.2015 12:15:50] 1. Вычисление f(x0) = 4,0231083960422E-05, f(x0+h) = 4,00480970358046E-05
[25.11.2015 12:15:50] 2. Сработало условие f(x0)>f(x0+h), f(x0) = 4,0231083960422E-05, f(x0+h) = 4,00480970358046E-05
[25.11.2015 12:15:50] 4. Начало итерационного поиска
[25.11.2015 12:15:50] Итерация номер 1
[25.11.2015 12:15:50] 5. Сработало условие f(x[k-1])>f(x[k]). k = 2, f(x[k-1]) = 4,00480970358046E-05, f(x[k]) = 3,98655276960254E-05
[25.11.2015 12:15:50] Была найдена более подходящая левая граница отрезка локализации минимума: 0,758338115739909
[25.11.2015 12:15:50] Итерация номер 2
[25.11.2015 12:15:50] 5. Сработало условие f(x[k-1])>f(x[k]). k = 3, f(x[k-1]) = 3,98655276960254E-05, f(x[k]) = 3,95016417669639E-05
[25.11.2015 12:15:50] Была найдена более подходящая левая граница отрезка локализации минимума: 0,759338115739909
[25.11.2015 12:15:50] Итерация номер 3
[25.11.2015 12:15:50] 5. Сработало условие f(x[k-1])>f(x[k]). k = 4, f(x[k-1]) = 3,95016417669639E-05, f(x[k]) = 3,87788808830489E-05
[25.11.2015 12:15:50] Была найдена более подходящая левая граница отрезка локализации минимума: 0,761338115739909
[25.11.2015 12:15:50] Итерация номер 4
[25.11.2015 12:15:50] 5. Сработало условие f(x[k-1])>f(x[k]). k = 5, f(x[k-1]) = 3,87788808830489E-05, f(x[k]) = 3,73534027902751E-05
[25.11.2015 12:15:50] Была найдена более подходящая левая граница отрезка локализации минимума: 0,765338115739909
[25.11.2015 12:15:50] Итерация номер 5
[25.11.2015 12:15:50] 5. Сработало условие f(x[k-1])>f(x[k]). k = 6, f(x[k-1]) = 3,73534027902751E-05, f(x[k]) = 3,45826195293478E-05
[25.11.2015 12:15:50] Была найдена более подходящая левая граница отрезка локализации минимума: 0,773338115739909
[25.11.2015 12:15:50] Итерация номер 6
[25.11.2015 12:15:50] 5. Сработало условие f(x[k-1])>f(x[k]). k = 7, f(x[k-1]) = 3,45826195293478E-05, f(x[k]) = 2,93617305016289E-05
[25.11.2015 12:15:50] Была найдена более подходящая левая граница отрезка локализации минимума: 0,789338115739909
[25.11.2015 12:15:50] Итерация номер 7
[25.11.2015 12:15:50] 5. Сработало условие f(x[k-1])>f(x[k]). k = 8, f(x[k-1]) = 2,93617305016289E-05, f(x[k]) = 2,02025487919042E-05
[25.11.2015 12:15:50] Была найдена более подходящая левая граница отрезка локализации минимума: 0,821338115739909
[25.11.2015 12:15:50] Итерация номер 8
[25.11.2015 12:15:50] 5. Сработало условие f(x[k-1])>f(x[k]). k = 9, f(x[k-1]) = 2,02025487919042E-05, f(x[k]) = 7,01366175043361E-06
[25.11.2015 12:15:50] Была найдена более подходящая левая граница отрезка локализации минимума: 0,885338115739909
[25.11.2015 12:15:50] Итерация номер 9
[25.11.2015 12:15:50] 5. Сработало условие f(x[k-1])>f(x[k]). k = 10, f(x[k-1]) = 7,01366175043361E-06, f(x[k]) = 1,14652183517679E-06
[25.11.2015 12:15:50] Была найдена более подходящая левая граница отрезка локализации минимума: 1,01333811573991
[25.11.2015 12:15:50] Итерация номер 10
[25.11.2015 12:15:50] 5. Сработало условие f(x[k-1])<=f(x[k]). k = 11, f(x[k-1]) = 1,14652183517679E-06, f(x[k]) = 7,13966190268715E-05
[25.11.2015 12:15:50] Была найдена более подходящая правая граница отрезка локализации минимума: 1,78133811573991
[25.11.2015 12:15:50] Найдены подходящие границы отрезка локализации минимума. Это 1,01333811573991;1,78133811573991
[25.11.2015 12:15:50] Начал работу метод параболической аппроксимации Пауэлла.
[25.11.2015 12:15:50] Начальные значения, интервал 1,01333811573991;1,78133811573991, eps = 0,001
[25.11.2015 12:15:50] Итерация номер 1
[25.11.2015 12:15:50] 1. Найдено x1 = 1,01333811573991, x2 = 1,39733811573991, x3 = 1,78133811573991
[25.11.2015 12:15:50] 2. Минимальное значение: 1,01333811573991
[25.11.2015 12:15:50] 3. Пересчитан x4 = 1,19627898721571
[25.11.2015 12:15:50] 4. x4 не достаточно приближен к истинному минимуму. Продолжение работы алгоритма.
[25.11.2015 12:15:50] 5. Точки отсортированы по возрастанию. 1,01333811573991, 1,19627898721571, 1,39733811573991, 1,78133811573991
[25.11.2015 12:15:50] 5. Точки отсортированы по значению функции. 1,19627898721571, 1,01333811573991, 1,39733811573991, 1,78133811573991
[25.11.2015 12:15:50] Итерация номер 2
[25.11.2015 12:15:50] 1. Найдено x1 = 1,19627898721571, x2 = 1,01333811573991, x3 = 1,39733811573991
[25.11.2015 12:15:50] 2. Минимальное значение: 1,01333811573991
[25.11.2015 12:15:50] 3. Пересчитан x4 = 1,196283181654
[25.11.2015 12:15:50] 4. x4 не достаточно приближен к истинному минимуму. Продолжение работы алгоритма.
[25.11.2015 12:15:50] 5. Точки отсортированы по возрастанию. 1,01333811573991, 1,19627898721571, 1,196283181654, 1,39733811573991
[25.11.2015 12:15:50] 5. Точки отсортированы по значению функции. 1,19627898721571, 1,196283181654, 1,01333811573991, 1,39733811573991
[25.11.2015 12:15:50] Итерация номер 3
[25.11.2015 12:15:50] 1. Найдено x1 = 1,19627898721571, x2 = 1,196283181654, x3 = 1,01333811573991
[25.11.2015 12:15:50] 2. Минимальное значение: 1,01333811573991
[25.11.2015 12:15:50] 3. Пересчитан x4 = 1,19626862757325
[25.11.2015 12:15:50] 4. x4 не достаточно приближен к истинному минимуму. Продолжение работы алгоритма.
[25.11.2015 12:15:50] 5. Точки отсортированы по возрастанию. 1,01333811573991, 1,19626862757325, 1,19627898721571, 1,196283181654
[25.11.2015 12:15:50] 5. Точки отсортированы по значению функции. 1,19626862757325, 1,19627898721571, 1,196283181654, 1,01333811573991
[25.11.2015 12:15:50] Итерация номер 4
[25.11.2015 12:15:50] 1. Найдено x1 = 1,19626862757325, x2 = 1,19627898721571, x3 = 1,196283181654
[25.11.2015 12:15:50] 2. Минимальное значение: 1,19626862757325
[25.11.2015 12:15:50] 3. Пересчитан x4 = 1,19626862672595
[25.11.2015 12:15:50] 4. x4 достаточно приближен к истинному минимуму. Завершение работы алгоритма.
[25.11.2015 12:15:50] Step 9: New alpha 1,19626862672595
[25.11.2015 12:15:50] Step 10: New local search point DenseVector 2-Double
-2,80513
 3,13129

[25.11.2015 12:15:50] Step 11: Iteration end.
[25.11.2015 12:15:50] Step 2: ITERATION number 7
[25.11.2015 12:15:50] Step 3: End of searching. Final values: Function = 3,29703316193338E-08, Point = DenseVector 2-Double
-2,80513
 3,13129
. Go to step 12.
[25.11.2015 12:15:50] Step 12: Search is done!
