[23.11.2015 18:31:38] DFP method started
[23.11.2015 18:31:38] Input data. Start point DenseVector 2-Double
0
0
, epsilon 0,01000
[23.11.2015 18:31:38] Step 1: K = 0
[23.11.2015 18:31:38] Step 2: ITERATION number 0
[23.11.2015 18:31:38] Step 4: K==0, go to step 8.
[23.11.2015 18:31:39] Step 8: Search vector: DenseVector 2-Double
14
22

[23.11.2015 18:31:39] DSK method started!
[23.11.2015 18:31:39] Step 1: f(alpha)=53648571919499,5000, f(alpha + h)=54080854297281,5000; k=0;
[23.11.2015 18:31:39] Step 3: b=0,5000, alpha1=0,5010, h=-0,0010, k=2.
[23.11.2015 18:31:39] Step 4: alphak=0,4980
[23.11.2015 18:31:39] Step 5: h > 0; b=alpha(k-1)=0,4990
[23.11.2015 18:31:39] k = k + 1 = 3; Go to step 4!
[23.11.2015 18:31:39] Step 4: alphak=0,4960
[23.11.2015 18:31:39] Step 5: h > 0; b=alpha(k-1)=0,4980
[23.11.2015 18:31:39] k = k + 1 = 4; Go to step 4!
[23.11.2015 18:31:39] Step 4: alphak=0,4920
[23.11.2015 18:31:39] Step 5: h > 0; b=alpha(k-1)=0,4960
[23.11.2015 18:31:39] k = k + 1 = 5; Go to step 4!
[23.11.2015 18:31:39] Step 4: alphak=0,4840
[23.11.2015 18:31:39] Step 5: h > 0; b=alpha(k-1)=0,4920
[23.11.2015 18:31:39] k = k + 1 = 6; Go to step 4!
[23.11.2015 18:31:39] Step 4: alphak=0,4680
[23.11.2015 18:31:39] Step 5: h > 0; b=alpha(k-1)=0,4840
[23.11.2015 18:31:39] k = k + 1 = 7; Go to step 4!
[23.11.2015 18:31:39] Step 4: alphak=0,4360
[23.11.2015 18:31:39] Step 5: h > 0; b=alpha(k-1)=0,4680
[23.11.2015 18:31:39] k = k + 1 = 8; Go to step 4!
[23.11.2015 18:31:39] Step 4: alphak=0,3720
[23.11.2015 18:31:39] Step 5: h > 0; b=alpha(k-1)=0,4360
[23.11.2015 18:31:39] k = k + 1 = 9; Go to step 4!
[23.11.2015 18:31:39] Step 4: alphak=0,2440
[23.11.2015 18:31:39] Step 5: h > 0; b=alpha(k-1)=0,3720
[23.11.2015 18:31:39] k = k + 1 = 10; Go to step 4!
[23.11.2015 18:31:39] Step 4: alphak=-0,0120
[23.11.2015 18:31:39] Step 5: h > 0; b=alpha(k-1)=0,2440
[23.11.2015 18:31:39] k = k + 1 = 11; Go to step 4!
[23.11.2015 18:31:39] Step 4: alphak=-0,5240
[23.11.2015 18:31:39] Step 5: h < 0; a=alphak-0,5240
[23.11.2015 18:31:39] Step 6: Interval is: [-0,5240 ; 0,2440]
[23.11.2015 18:31:39] Dichotomy method has been started!
[23.11.2015 18:31:39] Counting: delta = eps / 10 = 0,0001
[23.11.2015 18:31:39] Step 1: counting alpha_1 = -0,1401, alpha_2 = -0,1399
[23.11.2015 18:31:39] Step 3: f(-0,1401) = 356692230499,0950 > f(-0,1399) = 354689493523,7960; a = alpha_1 = -0,1401.
[23.11.2015 18:31:39] Iter 0: Answer is in the range: [-0,1401; 0,2440]
[23.11.2015 18:31:39] Step 1: counting alpha_1 = 0,0519, alpha_2 = 0,0521
[23.11.2015 18:31:39] Step 3: f(0,0519) = 5355236828,0367 <= f(0,0521) = 5441836490,7775; b = alpha_2 = 0,0521.
[23.11.2015 18:31:39] Iter 1: Answer is in the range: [-0,1401; 0,0521]
[23.11.2015 18:31:39] Step 1: counting alpha_1 = -0,0441, alpha_2 = -0,0439
[23.11.2015 18:31:39] Step 3: f(-0,0441) = 3978757226,4760 > f(-0,0439) = 3910318190,6258; a = alpha_1 = -0,0441.
[23.11.2015 18:31:39] Iter 2: Answer is in the range: [-0,0441; 0,0521]
[23.11.2015 18:31:39] Step 1: counting alpha_1 = 0,0039, alpha_2 = 0,0041
[23.11.2015 18:31:39] Step 3: f(0,0039) = 9031,3781 <= f(0,0041) = 13765,5414; b = alpha_2 = 0,0041.
[23.11.2015 18:31:39] Iter 3: Answer is in the range: [-0,0441; 0,0041]
[23.11.2015 18:31:39] Step 1: counting alpha_1 = -0,0201, alpha_2 = -0,0199
[23.11.2015 18:31:39] Step 3: f(-0,0201) = 212529785,0717 > f(-0,0199) = 204979112,4564; a = alpha_1 = -0,0201.
[23.11.2015 18:31:39] Iter 4: Answer is in the range: [-0,0201; 0,0041]
[23.11.2015 18:31:39] Step 1: counting alpha_1 = -0,0081, alpha_2 = -0,0079
[23.11.2015 18:31:39] Step 3: f(-0,0081) = 9517844,7023 > f(-0,0079) = 8794573,4023; a = alpha_1 = -0,0081.
[23.11.2015 18:31:39] Iter 5: Answer is in the range: [-0,0081; 0,0041]
[23.11.2015 18:31:39] Step 1: counting alpha_1 = -0,0021, alpha_2 = -0,0019
[23.11.2015 18:31:39] Step 3: f(-0,0021) = 278401,7733 > f(-0,0019) = 229442,4826; a = alpha_1 = -0,0021.
[23.11.2015 18:31:39] Iter 6: Answer is in the range: [-0,0021; 0,0041]
[23.11.2015 18:31:39] Step 1: counting alpha_1 = 0,0009, alpha_2 = 0,0011
[23.11.2015 18:31:39] Step 3: f(0,0009) = 2197,6519 > f(0,0011) = 1148,0071; a = alpha_1 = 0,0009.
[23.11.2015 18:31:39] Iter 7: Answer is in the range: [0,0009; 0,0041]
[23.11.2015 18:31:39] Step 1: counting alpha_1 = 0,0024, alpha_2 = 0,0026
[23.11.2015 18:31:39] Step 3: f(0,0024) = 7,5091 <= f(0,0026) = 51,1981; b = alpha_2 = 0,0026.
[23.11.2015 18:31:39] Step 4: (b-a)/2 = 0,0008 < eps = 0,0010; STOP SEARCHING!
[23.11.2015 18:31:39] Iter 8: Answer is in the range: [0,0009; 0,0026]
[23.11.2015 18:31:39] Step 5: alpha_end = (a+b)/2; Minimum x* is: 0,0017
[23.11.2015 18:31:39] Step 9: New alpha 0,0017130859375
[23.11.2015 18:31:39] Step 10: New local search point DenseVector 2-Double
0,0239832
0,0376879

[23.11.2015 18:31:39] Step 11: Iteration end.
[23.11.2015 18:31:39] Step 2: ITERATION number 1
[23.11.2015 18:31:39] Step 5: Sk = DenseVector 2-Double
0,0239832
0,0376879

[23.11.2015 18:31:39] Step 6: Yk = DenseVector 2-Double
-0,964808
-0,952635

[23.11.2015 18:31:39] Step 7: Quasi-Newton matrix: 
DenseMatrix 2x2-Double
 0,483909  -0,515269
-0,515269   0,482291

[23.11.2015 18:31:39] Step 8: Search vector: DenseVector 2-Double
-4,57923
 3,35116

[23.11.2015 18:31:39] DSK method started!
[23.11.2015 18:31:39] Step 1: f(alpha)=167,4707, f(alpha + h)=166,6709; k=0;
[23.11.2015 18:31:39] Step 2: a=0,0017, alpha1=0,0027, k=2; Go to step 4!
[23.11.2015 18:31:39] Step 4: alphak=0,0037
[23.11.2015 18:31:39] Step 5: h > 0; a=alpha(k-1)=0,0027
[23.11.2015 18:31:39] k = k + 1 = 3; Go to step 4!
[23.11.2015 18:31:39] Step 4: alphak=0,0057
[23.11.2015 18:31:39] Step 5: h > 0; a=alpha(k-1)=0,0037
[23.11.2015 18:31:39] k = k + 1 = 4; Go to step 4!
[23.11.2015 18:31:39] Step 4: alphak=0,0097
[23.11.2015 18:31:39] Step 5: h > 0; a=alpha(k-1)=0,0057
[23.11.2015 18:31:39] k = k + 1 = 5; Go to step 4!
[23.11.2015 18:31:39] Step 4: alphak=0,0177
[23.11.2015 18:31:39] Step 5: h > 0; a=alpha(k-1)=0,0097
[23.11.2015 18:31:39] k = k + 1 = 6; Go to step 4!
[23.11.2015 18:31:39] Step 4: alphak=0,0337
[23.11.2015 18:31:39] Step 5: h > 0; a=alpha(k-1)=0,0177
[23.11.2015 18:31:39] k = k + 1 = 7; Go to step 4!
[23.11.2015 18:31:39] Step 4: alphak=0,0657
[23.11.2015 18:31:39] Step 5: h > 0; a=alpha(k-1)=0,0337
[23.11.2015 18:31:39] k = k + 1 = 8; Go to step 4!
[23.11.2015 18:31:39] Step 4: alphak=0,1297
[23.11.2015 18:31:39] Step 5: h > 0; a=alpha(k-1)=0,0657
[23.11.2015 18:31:39] k = k + 1 = 9; Go to step 4!
[23.11.2015 18:31:39] Step 4: alphak=0,2577
[23.11.2015 18:31:39] Step 5: h > 0; b=alphak=0,2577
[23.11.2015 18:31:39] Step 6: Interval is: [0,0657 ; 0,2577]
[23.11.2015 18:31:39] Dichotomy method has been started!
[23.11.2015 18:31:39] Counting: delta = eps / 10 = 0,0001
[23.11.2015 18:31:39] Step 1: counting alpha_1 = 0,1616, alpha_2 = 0,1618
[23.11.2015 18:31:39] Step 3: f(0,1616) = 96,0478 <= f(0,1618) = 96,7273; b = alpha_2 = 0,1618.
[23.11.2015 18:31:39] Iter 0: Answer is in the range: [0,0657; 0,1618]
[23.11.2015 18:31:39] Step 1: counting alpha_1 = 0,1137, alpha_2 = 0,1139
[23.11.2015 18:31:39] Step 3: f(0,1137) = 33,4981 > f(0,1139) = 33,4405; a = alpha_1 = 0,1137.
[23.11.2015 18:31:39] Iter 1: Answer is in the range: [0,1137; 0,1618]
[23.11.2015 18:31:39] Step 1: counting alpha_1 = 0,1376, alpha_2 = 0,1378
[23.11.2015 18:31:39] Step 3: f(0,1376) = 42,8285 <= f(0,1378) = 43,0666; b = alpha_2 = 0,1378.
[23.11.2015 18:31:39] Iter 2: Answer is in the range: [0,1137; 0,1378]
[23.11.2015 18:31:39] Step 1: counting alpha_1 = 0,1257, alpha_2 = 0,1259
[23.11.2015 18:31:39] Step 3: f(0,1257) = 33,7468 <= f(0,1259) = 33,8203; b = alpha_2 = 0,1259.
[23.11.2015 18:31:39] Iter 3: Answer is in the range: [0,1137; 0,1259]
[23.11.2015 18:31:39] Step 1: counting alpha_1 = 0,1197, alpha_2 = 0,1199
[23.11.2015 18:31:39] Step 3: f(0,1197) = 32,6430 <= f(0,1199) = 32,6469; b = alpha_2 = 0,1199.
[23.11.2015 18:31:39] Iter 4: Answer is in the range: [0,1137; 0,1199]
[23.11.2015 18:31:39] Step 1: counting alpha_1 = 0,1167, alpha_2 = 0,1169
[23.11.2015 18:31:39] Step 3: f(0,1167) = 32,8407 > f(0,1169) = 32,8129; a = alpha_1 = 0,1167.
[23.11.2015 18:31:39] Iter 5: Answer is in the range: [0,1167; 0,1199]
[23.11.2015 18:31:39] Step 1: counting alpha_1 = 0,1182, alpha_2 = 0,1184
[23.11.2015 18:31:39] Step 3: f(0,1182) = 32,6826 > f(0,1184) = 32,6704; a = alpha_1 = 0,1182.
[23.11.2015 18:31:39] Step 4: (b-a)/2 = 0,0008 < eps = 0,0010; STOP SEARCHING!
[23.11.2015 18:31:39] Iter 6: Answer is in the range: [0,1182; 0,1199]
[23.11.2015 18:31:39] Step 5: alpha_end = (a+b)/2; Minimum x* is: 0,1190
[23.11.2015 18:31:39] Step 9: New alpha 0,1190076171875
[23.11.2015 18:31:39] Step 10: New local search point DenseVector 2-Double
-0,52098
0,436502

[23.11.2015 18:31:39] Step 11: Iteration end.
[23.11.2015 18:31:39] Step 2: ITERATION number 2
[23.11.2015 18:31:39] Step 5: Sk = DenseVector 2-Double
-0,544963
 0,398814

[23.11.2015 18:31:39] Step 6: Yk = DenseVector 2-Double
 24,2671
-8,86553

[23.11.2015 18:31:39] Step 7: Quasi-Newton matrix: 
DenseMatrix 2x2-Double
 -0,0223547  0,000279725
0,000279725   -0,0442191

[23.11.2015 18:31:39] Step 8: Search vector: DenseVector 2-Double
0,160892
 -1,4778

[23.11.2015 18:31:39] DSK method started!
[23.11.2015 18:31:39] Step 1: f(alpha)=61,5854, f(alpha + h)=63,3012; k=0;
[23.11.2015 18:31:39] Step 3: b=0,1190, alpha1=0,1200, h=-0,0010, k=2.
[23.11.2015 18:31:39] Step 4: alphak=0,1170
[23.11.2015 18:31:39] Step 5: h > 0; b=alpha(k-1)=0,1180
[23.11.2015 18:31:39] k = k + 1 = 3; Go to step 4!
[23.11.2015 18:31:39] Step 4: alphak=0,1150
[23.11.2015 18:31:39] Step 5: h > 0; b=alpha(k-1)=0,1170
[23.11.2015 18:31:39] k = k + 1 = 4; Go to step 4!
[23.11.2015 18:31:39] Step 4: alphak=0,1110
[23.11.2015 18:31:39] Step 5: h > 0; b=alpha(k-1)=0,1150
[23.11.2015 18:31:39] k = k + 1 = 5; Go to step 4!
[23.11.2015 18:31:39] Step 4: alphak=0,1030
[23.11.2015 18:31:39] Step 5: h > 0; b=alpha(k-1)=0,1110
[23.11.2015 18:31:39] k = k + 1 = 6; Go to step 4!
[23.11.2015 18:31:39] Step 4: alphak=0,0870
[23.11.2015 18:31:39] Step 5: h < 0; a=alphak0,0870
[23.11.2015 18:31:39] Step 6: Interval is: [0,0870 ; 0,1110]
[23.11.2015 18:31:39] Dichotomy method has been started!
[23.11.2015 18:31:39] Counting: delta = eps / 10 = 0,0001
[23.11.2015 18:31:39] Step 1: counting alpha_1 = 0,0989, alpha_2 = 0,0991
[23.11.2015 18:31:39] Step 3: f(0,0989) = 46,6274 > f(0,0991) = 46,6192; a = alpha_1 = 0,0989.
[23.11.2015 18:31:39] Iter 0: Answer is in the range: [0,0989; 0,1110]
[23.11.2015 18:31:39] Step 1: counting alpha_1 = 0,1049, alpha_2 = 0,1051
[23.11.2015 18:31:39] Step 3: f(0,1049) = 47,5854 <= f(0,1051) = 47,6630; b = alpha_2 = 0,1051.
[23.11.2015 18:31:39] Iter 1: Answer is in the range: [0,0989; 0,1051]
[23.11.2015 18:31:39] Step 1: counting alpha_1 = 0,1019, alpha_2 = 0,1021
[23.11.2015 18:31:39] Step 3: f(0,1019) = 46,7881 <= f(0,1021) = 46,8213; b = alpha_2 = 0,1021.
[23.11.2015 18:31:39] Iter 2: Answer is in the range: [0,0989; 0,1021]
[23.11.2015 18:31:39] Step 1: counting alpha_1 = 0,1004, alpha_2 = 0,1006
[23.11.2015 18:31:39] Step 3: f(0,1004) = 46,6311 <= f(0,1006) = 46,6432; b = alpha_2 = 0,1006.
[23.11.2015 18:31:39] Step 4: (b-a)/2 = 0,0008 < eps = 0,0010; STOP SEARCHING!
[23.11.2015 18:31:39] Iter 3: Answer is in the range: [0,0989; 0,1006]
[23.11.2015 18:31:39] Step 5: alpha_end = (a+b)/2; Minimum x* is: 0,0998
[23.11.2015 18:31:39] Step 9: New alpha 0,0997513671875
[23.11.2015 18:31:39] Step 10: New local search point DenseVector 2-Double
-0,504931
  0,28909

[23.11.2015 18:31:39] Step 11: Iteration end.
[23.11.2015 18:31:39] Step 2: ITERATION number 3
[23.11.2015 18:31:39] Step 5: Sk = DenseVector 2-Double
0,0160492
-0,147412

[23.11.2015 18:31:39] Step 6: Yk = DenseVector 2-Double
1,34841
5,16069

[23.11.2015 18:31:39] Step 7: Quasi-Newton matrix: 
DenseMatrix 2x2-Double
-0,0220249  0,00886468
0,00886468  -0,0308807

[23.11.2015 18:31:39] Step 8: Search vector: DenseVector 2-Double
0,399531
-0,96628

[23.11.2015 18:31:39] DSK method started!
[23.11.2015 18:31:39] Step 1: f(alpha)=52,3013, f(alpha + h)=51,9019; k=0;
[23.11.2015 18:31:39] Step 2: a=0,0998, alpha1=0,1008, k=2; Go to step 4!
[23.11.2015 18:31:39] Step 4: alphak=0,1018
[23.11.2015 18:31:39] Step 5: h > 0; a=alpha(k-1)=0,1008
[23.11.2015 18:31:39] k = k + 1 = 3; Go to step 4!
[23.11.2015 18:31:39] Step 4: alphak=0,1038
[23.11.2015 18:31:39] Step 5: h > 0; a=alpha(k-1)=0,1018
[23.11.2015 18:31:39] k = k + 1 = 4; Go to step 4!
[23.11.2015 18:31:39] Step 4: alphak=0,1078
[23.11.2015 18:31:39] Step 5: h > 0; a=alpha(k-1)=0,1038
[23.11.2015 18:31:39] k = k + 1 = 5; Go to step 4!
[23.11.2015 18:31:39] Step 4: alphak=0,1158
[23.11.2015 18:31:39] Step 5: h > 0; b=alphak=0,1158
[23.11.2015 18:31:39] Step 6: Interval is: [0,1038 ; 0,1158]
[23.11.2015 18:31:39] Dichotomy method has been started!
[23.11.2015 18:31:39] Counting: delta = eps / 10 = 0,0001
[23.11.2015 18:31:39] Step 1: counting alpha_1 = 0,1097, alpha_2 = 0,1099
[23.11.2015 18:31:39] Step 3: f(0,1097) = 50,6707 <= f(0,1099) = 50,6952; b = alpha_2 = 0,1099.
[23.11.2015 18:31:39] Iter 0: Answer is in the range: [0,1038; 0,1099]
[23.11.2015 18:31:39] Step 1: counting alpha_1 = 0,1067, alpha_2 = 0,1069
[23.11.2015 18:31:39] Step 3: f(0,1067) = 50,5882 > f(0,1069) = 50,5776; a = alpha_1 = 0,1067.
[23.11.2015 18:31:39] Iter 1: Answer is in the range: [0,1067; 0,1099]
[23.11.2015 18:31:39] Step 1: counting alpha_1 = 0,1082, alpha_2 = 0,1084
[23.11.2015 18:31:39] Step 3: f(0,1082) = 50,5649 <= f(0,1084) = 50,5716; b = alpha_2 = 0,1084.
[23.11.2015 18:31:39] Step 4: (b-a)/2 = 0,0008 < eps = 0,0010; STOP SEARCHING!
[23.11.2015 18:31:39] Iter 2: Answer is in the range: [0,1067; 0,1084]
[23.11.2015 18:31:39] Step 5: alpha_end = (a+b)/2; Minimum x* is: 0,1075
[23.11.2015 18:31:39] Step 9: New alpha 0,1075388671875
[23.11.2015 18:31:39] Step 10: New local search point DenseVector 2-Double
-0,461966
 0,185177

[23.11.2015 18:31:39] Step 11: Iteration end.
[23.11.2015 18:31:39] Step 2: ITERATION number 4
[23.11.2015 18:31:39] Step 5: Sk = DenseVector 2-Double
0,0429652
-0,103913

[23.11.2015 18:31:39] Step 6: Yk = DenseVector 2-Double
0,507586
 4,22931

[23.11.2015 18:31:39] Step 7: Quasi-Newton matrix: 
DenseMatrix 2x2-Double
-0,0251133   0,0131729
 0,0131729  -0,0261506

[23.11.2015 18:31:39] Step 8: Search vector: DenseVector 2-Double
 0,470516
-0,760583

[23.11.2015 18:31:39] DSK method started!
[23.11.2015 18:31:39] Step 1: f(alpha)=60,0422, f(alpha + h)=59,5613; k=0;
[23.11.2015 18:31:39] Step 2: a=0,1075, alpha1=0,1085, k=2; Go to step 4!
[23.11.2015 18:31:39] Step 4: alphak=0,1095
[23.11.2015 18:31:39] Step 5: h > 0; a=alpha(k-1)=0,1085
[23.11.2015 18:31:39] k = k + 1 = 3; Go to step 4!
[23.11.2015 18:31:39] Step 4: alphak=0,1115
[23.11.2015 18:31:39] Step 5: h > 0; a=alpha(k-1)=0,1095
[23.11.2015 18:31:39] k = k + 1 = 4; Go to step 4!
[23.11.2015 18:31:39] Step 4: alphak=0,1155
[23.11.2015 18:31:39] Step 5: h > 0; a=alpha(k-1)=0,1115
[23.11.2015 18:31:39] k = k + 1 = 5; Go to step 4!
[23.11.2015 18:31:39] Step 4: alphak=0,1235
[23.11.2015 18:31:39] Step 5: h > 0; b=alphak=0,1235
[23.11.2015 18:31:39] Step 6: Interval is: [0,1115 ; 0,1235]
[23.11.2015 18:31:39] Dichotomy method has been started!
[23.11.2015 18:31:39] Counting: delta = eps / 10 = 0,0001
[23.11.2015 18:31:39] Step 1: counting alpha_1 = 0,1174, alpha_2 = 0,1176
[23.11.2015 18:31:39] Step 3: f(0,1174) = 56,9989 > f(0,1176) = 56,9798; a = alpha_1 = 0,1174.
[23.11.2015 18:31:39] Iter 0: Answer is in the range: [0,1174; 0,1235]
[23.11.2015 18:31:39] Step 1: counting alpha_1 = 0,1204, alpha_2 = 0,1206
[23.11.2015 18:31:39] Step 3: f(0,1204) = 56,9058 <= f(0,1206) = 56,9145; b = alpha_2 = 0,1206.
[23.11.2015 18:31:39] Iter 1: Answer is in the range: [0,1174; 0,1206]
[23.11.2015 18:31:39] Step 1: counting alpha_1 = 0,1189, alpha_2 = 0,1191
[23.11.2015 18:31:39] Step 3: f(0,1189) = 56,9014 > f(0,1191) = 56,8960; a = alpha_1 = 0,1189.
[23.11.2015 18:31:39] Step 4: (b-a)/2 = 0,0008 < eps = 0,0010; STOP SEARCHING!
[23.11.2015 18:31:39] Iter 2: Answer is in the range: [0,1189; 0,1206]
[23.11.2015 18:31:39] Step 5: alpha_end = (a+b)/2; Minimum x* is: 0,1198
[23.11.2015 18:31:39] Step 9: New alpha 0,1197513671875
[23.11.2015 18:31:39] Step 10: New local search point DenseVector 2-Double
-0,405621
0,0940961

[23.11.2015 18:31:39] Step 11: Iteration end.
[23.11.2015 18:31:39] Step 2: ITERATION number 5
[23.11.2015 18:31:39] Step 5: Sk = DenseVector 2-Double
 0,0563449
-0,0910809

[23.11.2015 18:31:39] Step 6: Yk = DenseVector 2-Double
0,235622
 4,06956

[23.11.2015 18:31:39] Step 7: Quasi-Newton matrix: 
DenseMatrix 2x2-Double
-0,0284387   0,015492
  0,015492  -0,023278

[23.11.2015 18:31:39] Step 8: Search vector: DenseVector 2-Double
 0,450667
-0,605568

[23.11.2015 18:31:39] DSK method started!
[23.11.2015 18:31:39] Step 1: f(alpha)=66,0737, f(alpha + h)=65,6833; k=0;
[23.11.2015 18:31:39] Step 2: a=0,1198, alpha1=0,1208, k=2; Go to step 4!
[23.11.2015 18:31:39] Step 4: alphak=0,1218
[23.11.2015 18:31:39] Step 5: h > 0; a=alpha(k-1)=0,1208
[23.11.2015 18:31:39] k = k + 1 = 3; Go to step 4!
[23.11.2015 18:31:39] Step 4: alphak=0,1238
[23.11.2015 18:31:39] Step 5: h > 0; a=alpha(k-1)=0,1218
[23.11.2015 18:31:39] k = k + 1 = 4; Go to step 4!
[23.11.2015 18:31:39] Step 4: alphak=0,1278
[23.11.2015 18:31:39] Step 5: h > 0; a=alpha(k-1)=0,1238
[23.11.2015 18:31:39] k = k + 1 = 5; Go to step 4!
[23.11.2015 18:31:39] Step 4: alphak=0,1358
[23.11.2015 18:31:39] Step 5: h > 0; b=alphak=0,1358
[23.11.2015 18:31:39] Step 6: Interval is: [0,1238 ; 0,1358]
[23.11.2015 18:31:39] Dichotomy method has been started!
[23.11.2015 18:31:39] Counting: delta = eps / 10 = 0,0001
[23.11.2015 18:31:39] Step 1: counting alpha_1 = 0,1297, alpha_2 = 0,1299
[23.11.2015 18:31:39] Step 3: f(0,1297) = 63,6273 > f(0,1299) = 63,6127; a = alpha_1 = 0,1297.
[23.11.2015 18:31:39] Iter 0: Answer is in the range: [0,1297; 0,1358]
[23.11.2015 18:31:39] Step 1: counting alpha_1 = 0,1326, alpha_2 = 0,1328
[23.11.2015 18:31:39] Step 3: f(0,1326) = 63,5651 <= f(0,1328) = 63,5730; b = alpha_2 = 0,1328.
[23.11.2015 18:31:39] Iter 1: Answer is in the range: [0,1297; 0,1328]
[23.11.2015 18:31:39] Step 1: counting alpha_1 = 0,1311, alpha_2 = 0,1313
[23.11.2015 18:31:39] Step 3: f(0,1311) = 63,5547 > f(0,1313) = 63,5512; a = alpha_1 = 0,1311.
[23.11.2015 18:31:39] Step 4: (b-a)/2 = 0,0008 < eps = 0,0010; STOP SEARCHING!
[23.11.2015 18:31:39] Iter 2: Answer is in the range: [0,1311; 0,1328]
[23.11.2015 18:31:39] Step 5: alpha_end = (a+b)/2; Minimum x* is: 0,1320
[23.11.2015 18:31:39] Step 9: New alpha 0,1319638671875
[23.11.2015 18:31:39] Step 10: New local search point DenseVector 2-Double
-0,346149
 0,014183

[23.11.2015 18:31:39] Step 11: Iteration end.
[23.11.2015 18:31:39] Step 2: ITERATION number 6
[23.11.2015 18:31:39] Step 5: Sk = DenseVector 2-Double
 0,0594717
-0,0799131

[23.11.2015 18:31:39] Step 6: Yk = DenseVector 2-Double
0,35502
  3,925

[23.11.2015 18:31:39] Step 7: Quasi-Newton matrix: 
DenseMatrix 2x2-Double
-0,0324682   0,0180888
 0,0180888  -0,0219962

[23.11.2015 18:31:39] Step 8: Search vector: DenseVector 2-Double
 0,411909
-0,493461

[23.11.2015 18:31:39] DSK method started!
[23.11.2015 18:31:39] Step 1: f(alpha)=69,7157, f(alpha + h)=69,3796; k=0;
[23.11.2015 18:31:39] Step 2: a=0,1320, alpha1=0,1330, k=2; Go to step 4!
[23.11.2015 18:31:39] Step 4: alphak=0,1340
[23.11.2015 18:31:39] Step 5: h > 0; a=alpha(k-1)=0,1330
[23.11.2015 18:31:39] k = k + 1 = 3; Go to step 4!
[23.11.2015 18:31:39] Step 4: alphak=0,1360
[23.11.2015 18:31:39] Step 5: h > 0; a=alpha(k-1)=0,1340
[23.11.2015 18:31:39] k = k + 1 = 4; Go to step 4!
[23.11.2015 18:31:39] Step 4: alphak=0,1400
[23.11.2015 18:31:39] Step 5: h > 0; a=alpha(k-1)=0,1360
[23.11.2015 18:31:39] k = k + 1 = 5; Go to step 4!
[23.11.2015 18:31:39] Step 4: alphak=0,1480
[23.11.2015 18:31:39] Step 5: h > 0; a=alpha(k-1)=0,1400
[23.11.2015 18:31:39] k = k + 1 = 6; Go to step 4!
[23.11.2015 18:31:39] Step 4: alphak=0,1640
[23.11.2015 18:31:39] Step 5: h > 0; b=alphak=0,1640
[23.11.2015 18:31:39] Step 6: Interval is: [0,1400 ; 0,1640]
[23.11.2015 18:31:39] Dichotomy method has been started!
[23.11.2015 18:31:39] Counting: delta = eps / 10 = 0,0001
[23.11.2015 18:31:39] Step 1: counting alpha_1 = 0,1519, alpha_2 = 0,1521
[23.11.2015 18:31:39] Step 3: f(0,1519) = 68,4537 <= f(0,1521) = 68,5066; b = alpha_2 = 0,1521.
[23.11.2015 18:31:39] Iter 0: Answer is in the range: [0,1400; 0,1521]
[23.11.2015 18:31:39] Step 1: counting alpha_1 = 0,1459, alpha_2 = 0,1461
[23.11.2015 18:31:39] Step 3: f(0,1459) = 67,5280 <= f(0,1461) = 67,5394; b = alpha_2 = 0,1461.
[23.11.2015 18:31:39] Iter 1: Answer is in the range: [0,1400; 0,1461]
[23.11.2015 18:31:39] Step 1: counting alpha_1 = 0,1429, alpha_2 = 0,1431
[23.11.2015 18:31:39] Step 3: f(0,1429) = 67,5111 > f(0,1431) = 67,5034; a = alpha_1 = 0,1429.
[23.11.2015 18:31:39] Iter 2: Answer is in the range: [0,1429; 0,1461]
[23.11.2015 18:31:39] Step 1: counting alpha_1 = 0,1444, alpha_2 = 0,1446
[23.11.2015 18:31:39] Step 3: f(0,1444) = 67,4841 <= f(0,1446) = 67,4858; b = alpha_2 = 0,1446.
[23.11.2015 18:31:39] Step 4: (b-a)/2 = 0,0008 < eps = 0,0010; STOP SEARCHING!
[23.11.2015 18:31:39] Iter 3: Answer is in the range: [0,1429; 0,1446]
[23.11.2015 18:31:39] Step 5: alpha_end = (a+b)/2; Minimum x* is: 0,1438
[23.11.2015 18:31:39] Step 9: New alpha 0,1437826171875
[23.11.2015 18:31:39] Step 10: New local search point DenseVector 2-Double
 -0,286924
-0,0567681

[23.11.2015 18:31:39] Step 11: Iteration end.
[23.11.2015 18:31:39] Step 2: ITERATION number 7
[23.11.2015 18:31:39] Step 5: Sk = DenseVector 2-Double
 0,0592254
-0,0709511

[23.11.2015 18:31:39] Step 6: Yk = DenseVector 2-Double
0,606491
 3,81701

[23.11.2015 18:31:39] Step 7: Quasi-Newton matrix: 
DenseMatrix 2x2-Double
-0,0376053   0,0214914
 0,0214914  -0,0220029

[23.11.2015 18:31:39] Step 8: Search vector: DenseVector 2-Double
 0,361807
-0,404064

[23.11.2015 18:31:39] DSK method started!
[23.11.2015 18:31:39] Step 1: f(alpha)=68,7246, f(alpha + h)=68,3867; k=0;
[23.11.2015 18:31:39] Step 2: a=0,1438, alpha1=0,1448, k=2; Go to step 4!
[23.11.2015 18:31:39] Step 4: alphak=0,1458
[23.11.2015 18:31:40] Step 5: h > 0; a=alpha(k-1)=0,1448
[23.11.2015 18:31:40] k = k + 1 = 3; Go to step 4!
[23.11.2015 18:31:40] Step 4: alphak=0,1478
[23.11.2015 18:31:40] Step 5: h > 0; a=alpha(k-1)=0,1458
[23.11.2015 18:31:40] k = k + 1 = 4; Go to step 4!
[23.11.2015 18:31:40] Step 4: alphak=0,1518
[23.11.2015 18:31:40] Step 5: h > 0; a=alpha(k-1)=0,1478
[23.11.2015 18:31:40] k = k + 1 = 5; Go to step 4!
[23.11.2015 18:31:40] Step 4: alphak=0,1598
[23.11.2015 18:31:40] Step 5: h > 0; a=alpha(k-1)=0,1518
[23.11.2015 18:31:40] k = k + 1 = 6; Go to step 4!
[23.11.2015 18:31:40] Step 4: alphak=0,1758
[23.11.2015 18:31:40] Step 5: h > 0; b=alphak=0,1758
[23.11.2015 18:31:40] Step 6: Interval is: [0,1518 ; 0,1758]
[23.11.2015 18:31:40] Dichotomy method has been started!
[23.11.2015 18:31:40] Counting: delta = eps / 10 = 0,0001
[23.11.2015 18:31:40] Step 1: counting alpha_1 = 0,1637, alpha_2 = 0,1639
[23.11.2015 18:31:40] Step 3: f(0,1637) = 66,5448 <= f(0,1639) = 66,5774; b = alpha_2 = 0,1639.
[23.11.2015 18:31:40] Iter 0: Answer is in the range: [0,1518; 0,1639]
[23.11.2015 18:31:40] Step 1: counting alpha_1 = 0,1577, alpha_2 = 0,1579
[23.11.2015 18:31:40] Step 3: f(0,1577) = 66,1112 > f(0,1579) = 66,1095; a = alpha_1 = 0,1577.
[23.11.2015 18:31:40] Iter 1: Answer is in the range: [0,1577; 0,1639]
[23.11.2015 18:31:40] Step 1: counting alpha_1 = 0,1607, alpha_2 = 0,1609
[23.11.2015 18:31:40] Step 3: f(0,1607) = 66,2005 <= f(0,1609) = 66,2155; b = alpha_2 = 0,1609.
[23.11.2015 18:31:40] Iter 2: Answer is in the range: [0,1577; 0,1609]
[23.11.2015 18:31:40] Step 1: counting alpha_1 = 0,1592, alpha_2 = 0,1594
[23.11.2015 18:31:40] Step 3: f(0,1592) = 66,1248 <= f(0,1594) = 66,1313; b = alpha_2 = 0,1594.
[23.11.2015 18:31:40] Step 4: (b-a)/2 = 0,0008 < eps = 0,0010; STOP SEARCHING!
[23.11.2015 18:31:40] Iter 3: Answer is in the range: [0,1577; 0,1594]
[23.11.2015 18:31:40] Step 5: alpha_end = (a+b)/2; Minimum x* is: 0,1586
[23.11.2015 18:31:40] Step 9: New alpha 0,1585763671875
[23.11.2015 18:31:40] Step 10: New local search point DenseVector 2-Double
 -0,22955
-0,120843

[23.11.2015 18:31:40] Step 11: Iteration end.
[23.11.2015 18:31:40] Step 2: ITERATION number 8
[23.11.2015 18:31:40] Step 5: Sk = DenseVector 2-Double
0,0573741
-0,064075

[23.11.2015 18:31:40] Step 6: Yk = DenseVector 2-Double
0,993835
 3,79427

[23.11.2015 18:31:40] Step 7: Quasi-Newton matrix: 
DenseMatrix 2x2-Double
-0,0451229   0,0269403
 0,0269403  -0,0239438

[23.11.2015 18:31:40] Step 8: Search vector: DenseVector 2-Double
  0,30968
-0,331482

[23.11.2015 18:31:40] DSK method started!
[23.11.2015 18:31:40] Step 1: f(alpha)=60,4886, f(alpha + h)=60,1548; k=0;
[23.11.2015 18:31:40] Step 2: a=0,1586, alpha1=0,1596, k=2; Go to step 4!
[23.11.2015 18:31:40] Step 4: alphak=0,1606
[23.11.2015 18:31:40] Step 5: h > 0; a=alpha(k-1)=0,1596
[23.11.2015 18:31:40] k = k + 1 = 3; Go to step 4!
[23.11.2015 18:31:40] Step 4: alphak=0,1626
[23.11.2015 18:31:40] Step 5: h > 0; a=alpha(k-1)=0,1606
[23.11.2015 18:31:40] k = k + 1 = 4; Go to step 4!
[23.11.2015 18:31:40] Step 4: alphak=0,1666
[23.11.2015 18:31:40] Step 5: h > 0; a=alpha(k-1)=0,1626
[23.11.2015 18:31:40] k = k + 1 = 5; Go to step 4!
[23.11.2015 18:31:40] Step 4: alphak=0,1746
[23.11.2015 18:31:40] Step 5: h > 0; a=alpha(k-1)=0,1666
[23.11.2015 18:31:40] k = k + 1 = 6; Go to step 4!
[23.11.2015 18:31:40] Step 4: alphak=0,1906
[23.11.2015 18:31:40] Step 5: h > 0; b=alphak=0,1906
[23.11.2015 18:31:40] Step 6: Interval is: [0,1666 ; 0,1906]
[23.11.2015 18:31:40] Dichotomy method has been started!
[23.11.2015 18:31:40] Counting: delta = eps / 10 = 0,0001
[23.11.2015 18:31:40] Step 1: counting alpha_1 = 0,1785, alpha_2 = 0,1787
[23.11.2015 18:31:40] Step 3: f(0,1785) = 57,9097 <= f(0,1787) = 57,9321; b = alpha_2 = 0,1787.
[23.11.2015 18:31:40] Iter 0: Answer is in the range: [0,1666; 0,1787]
[23.11.2015 18:31:40] Step 1: counting alpha_1 = 0,1725, alpha_2 = 0,1727
[23.11.2015 18:31:40] Step 3: f(0,1725) = 57,7165 > f(0,1727) = 57,7086; a = alpha_1 = 0,1725.
[23.11.2015 18:31:40] Iter 1: Answer is in the range: [0,1725; 0,1787]
[23.11.2015 18:31:40] Step 1: counting alpha_1 = 0,1755, alpha_2 = 0,1757
[23.11.2015 18:31:40] Step 3: f(0,1755) = 57,7007 <= f(0,1757) = 57,7076; b = alpha_2 = 0,1757.
[23.11.2015 18:31:40] Iter 2: Answer is in the range: [0,1725; 0,1757]
[23.11.2015 18:31:40] Step 1: counting alpha_1 = 0,1740, alpha_2 = 0,1742
[23.11.2015 18:31:40] Step 3: f(0,1740) = 57,6812 > f(0,1742) = 57,6806; a = alpha_1 = 0,1740.
[23.11.2015 18:31:40] Step 4: (b-a)/2 = 0,0008 < eps = 0,0010; STOP SEARCHING!
[23.11.2015 18:31:40] Iter 3: Answer is in the range: [0,1740; 0,1757]
[23.11.2015 18:31:40] Step 5: alpha_end = (a+b)/2; Minimum x* is: 0,1749
[23.11.2015 18:31:40] Step 9: New alpha 0,1748576171875
[23.11.2015 18:31:40] Step 10: New local search point DenseVector 2-Double
  -0,1754
-0,178805

[23.11.2015 18:31:40] Step 11: Iteration end.
[23.11.2015 18:31:40] Step 2: ITERATION number 9
[23.11.2015 18:31:40] Step 5: Sk = DenseVector 2-Double
 0,0541499
-0,0579621

[23.11.2015 18:31:40] Step 6: Yk = DenseVector 2-Double
1,47808
3,80391

[23.11.2015 18:31:40] Step 7: Quasi-Newton matrix: 
DenseMatrix 2x2-Double
 -0,05699   0,0363799
0,0363799  -0,0293736

[23.11.2015 18:31:40] Step 8: Search vector: DenseVector 2-Double
 0,256689
-0,269597

[23.11.2015 18:31:40] DSK method started!
[23.11.2015 18:31:40] Step 1: f(alpha)=45,4640, f(alpha + h)=45,1405; k=0;
[23.11.2015 18:31:40] Step 2: a=0,1749, alpha1=0,1759, k=2; Go to step 4!
[23.11.2015 18:31:40] Step 4: alphak=0,1769
[23.11.2015 18:31:40] Step 5: h > 0; a=alpha(k-1)=0,1759
[23.11.2015 18:31:40] k = k + 1 = 3; Go to step 4!
[23.11.2015 18:31:40] Step 4: alphak=0,1789
[23.11.2015 18:31:40] Step 5: h > 0; a=alpha(k-1)=0,1769
[23.11.2015 18:31:40] k = k + 1 = 4; Go to step 4!
[23.11.2015 18:31:40] Step 4: alphak=0,1829
[23.11.2015 18:31:40] Step 5: h > 0; a=alpha(k-1)=0,1789
[23.11.2015 18:31:40] k = k + 1 = 5; Go to step 4!
[23.11.2015 18:31:40] Step 4: alphak=0,1909
[23.11.2015 18:31:40] Step 5: h > 0; a=alpha(k-1)=0,1829
[23.11.2015 18:31:40] k = k + 1 = 6; Go to step 4!
[23.11.2015 18:31:40] Step 4: alphak=0,2069
[23.11.2015 18:31:40] Step 5: h > 0; b=alphak=0,2069
[23.11.2015 18:31:40] Step 6: Interval is: [0,1829 ; 0,2069]
[23.11.2015 18:31:40] Dichotomy method has been started!
[23.11.2015 18:31:40] Counting: delta = eps / 10 = 0,0001
[23.11.2015 18:31:40] Step 1: counting alpha_1 = 0,1948, alpha_2 = 0,1950
[23.11.2015 18:31:40] Step 3: f(0,1948) = 42,9361 <= f(0,1950) = 42,9566; b = alpha_2 = 0,1950.
[23.11.2015 18:31:40] Iter 0: Answer is in the range: [0,1829; 0,1950]
[23.11.2015 18:31:40] Step 1: counting alpha_1 = 0,1888, alpha_2 = 0,1890
[23.11.2015 18:31:40] Step 3: f(0,1888) = 42,7708 > f(0,1890) = 42,7627; a = alpha_1 = 0,1888.
[23.11.2015 18:31:40] Iter 1: Answer is in the range: [0,1888; 0,1950]
[23.11.2015 18:31:40] Step 1: counting alpha_1 = 0,1918, alpha_2 = 0,1920
[23.11.2015 18:31:40] Step 3: f(0,1918) = 42,7469 <= f(0,1920) = 42,7528; b = alpha_2 = 0,1920.
[23.11.2015 18:31:40] Iter 2: Answer is in the range: [0,1888; 0,1920]
[23.11.2015 18:31:40] Step 1: counting alpha_1 = 0,1903, alpha_2 = 0,1905
[23.11.2015 18:31:40] Step 3: f(0,1903) = 42,7328 > f(0,1905) = 42,7316; a = alpha_1 = 0,1903.
[23.11.2015 18:31:40] Step 4: (b-a)/2 = 0,0008 < eps = 0,0010; STOP SEARCHING!
[23.11.2015 18:31:40] Iter 3: Answer is in the range: [0,1903; 0,1920]
[23.11.2015 18:31:40] Step 5: alpha_end = (a+b)/2; Minimum x* is: 0,1911
[23.11.2015 18:31:40] Step 9: New alpha 0,1911388671875
[23.11.2015 18:31:40] Step 10: New local search point DenseVector 2-Double
-0,126336
-0,230336

[23.11.2015 18:31:40] Step 11: Iteration end.
[23.11.2015 18:31:40] Step 2: ITERATION number 10
[23.11.2015 18:31:40] Step 5: Sk = DenseVector 2-Double
 0,0490632
-0,0515306

[23.11.2015 18:31:40] Step 6: Yk = DenseVector 2-Double
  2,047
3,80104

[23.11.2015 18:31:40] Step 7: Quasi-Newton matrix: 
DenseMatrix 2x2-Double
-0,0773959   0,0545883
 0,0545883  -0,0429548

[23.11.2015 18:31:40] Step 8: Search vector: DenseVector 2-Double
  0,21243
-0,220721

[23.11.2015 18:31:40] DSK method started!
[23.11.2015 18:31:40] Step 1: f(alpha)=26,9858, f(alpha + h)=26,7301; k=0;
[23.11.2015 18:31:40] Step 2: a=0,1911, alpha1=0,1921, k=2; Go to step 4!
[23.11.2015 18:31:40] Step 4: alphak=0,1931
[23.11.2015 18:31:40] Step 5: h > 0; a=alpha(k-1)=0,1921
[23.11.2015 18:31:40] k = k + 1 = 3; Go to step 4!
[23.11.2015 18:31:40] Step 4: alphak=0,1951
[23.11.2015 18:31:40] Step 5: h > 0; a=alpha(k-1)=0,1931
[23.11.2015 18:31:40] k = k + 1 = 4; Go to step 4!
[23.11.2015 18:31:40] Step 4: alphak=0,1991
[23.11.2015 18:31:40] Step 5: h > 0; a=alpha(k-1)=0,1951
[23.11.2015 18:31:40] k = k + 1 = 5; Go to step 4!
[23.11.2015 18:31:40] Step 4: alphak=0,2071
[23.11.2015 18:31:40] Step 5: h > 0; a=alpha(k-1)=0,1991
[23.11.2015 18:31:40] k = k + 1 = 6; Go to step 4!
[23.11.2015 18:31:40] Step 4: alphak=0,2231
[23.11.2015 18:31:40] Step 5: h > 0; b=alphak=0,2231
[23.11.2015 18:31:40] Step 6: Interval is: [0,1991 ; 0,2231]
[23.11.2015 18:31:40] Dichotomy method has been started!
[23.11.2015 18:31:40] Counting: delta = eps / 10 = 0,0001
[23.11.2015 18:31:40] Step 1: counting alpha_1 = 0,2110, alpha_2 = 0,2112
[23.11.2015 18:31:40] Step 3: f(0,2110) = 26,0390 <= f(0,2112) = 26,0777; b = alpha_2 = 0,2112.
[23.11.2015 18:31:40] Iter 0: Answer is in the range: [0,1991; 0,2112]
[23.11.2015 18:31:40] Step 1: counting alpha_1 = 0,2051, alpha_2 = 0,2053
[23.11.2015 18:31:40] Step 3: f(0,2051) = 25,3529 <= f(0,2053) = 25,3617; b = alpha_2 = 0,2053.
[23.11.2015 18:31:40] Iter 1: Answer is in the range: [0,1991; 0,2053]
[23.11.2015 18:31:40] Step 1: counting alpha_1 = 0,2021, alpha_2 = 0,2023
[23.11.2015 18:31:40] Step 3: f(0,2021) = 25,3351 > f(0,2023) = 25,3298; a = alpha_1 = 0,2021.
[23.11.2015 18:31:40] Iter 2: Answer is in the range: [0,2021; 0,2053]
[23.11.2015 18:31:40] Step 1: counting alpha_1 = 0,2036, alpha_2 = 0,2038
[23.11.2015 18:31:40] Step 3: f(0,2036) = 25,3178 <= f(0,2038) = 25,3195; b = alpha_2 = 0,2038.
[23.11.2015 18:31:40] Step 4: (b-a)/2 = 0,0008 < eps = 0,0010; STOP SEARCHING!
[23.11.2015 18:31:40] Iter 3: Answer is in the range: [0,2021; 0,2038]
[23.11.2015 18:31:40] Step 5: alpha_end = (a+b)/2; Minimum x* is: 0,2030
[23.11.2015 18:31:40] Step 9: New alpha 0,2029576171875
[23.11.2015 18:31:40] Step 10: New local search point DenseVector 2-Double
-0,0832222
 -0,275133

[23.11.2015 18:31:40] Step 11: Iteration end.
[23.11.2015 18:31:40] Step 2: ITERATION number 11
[23.11.2015 18:31:40] Step 5: Sk = DenseVector 2-Double
 0,0431142
-0,0447969

[23.11.2015 18:31:40] Step 6: Yk = DenseVector 2-Double
2,56064
 3,7308

[23.11.2015 18:31:40] Step 7: Quasi-Newton matrix: 
DenseMatrix 2x2-Double
-0,109683   0,0868371
0,0868371  -0,0716081

[23.11.2015 18:31:40] Step 8: Search vector: DenseVector 2-Double
 0,162137
-0,170767

[23.11.2015 18:31:40] DSK method started!
[23.11.2015 18:31:40] Step 1: f(alpha)=12,7603, f(alpha + h)=12,6338; k=0;
[23.11.2015 18:31:40] Step 2: a=0,2030, alpha1=0,2040, k=2; Go to step 4!
[23.11.2015 18:31:40] Step 4: alphak=0,2050
[23.11.2015 18:31:40] Step 5: h > 0; a=alpha(k-1)=0,2040
[23.11.2015 18:31:40] k = k + 1 = 3; Go to step 4!
[23.11.2015 18:31:40] Step 4: alphak=0,2070
[23.11.2015 18:31:40] Step 5: h > 0; a=alpha(k-1)=0,2050
[23.11.2015 18:31:40] k = k + 1 = 4; Go to step 4!
[23.11.2015 18:31:40] Step 4: alphak=0,2110
[23.11.2015 18:31:40] Step 5: h > 0; b=alphak=0,2110
[23.11.2015 18:31:40] Step 6: Interval is: [0,2050 ; 0,2110]
[23.11.2015 18:31:40] Dichotomy method has been started!
[23.11.2015 18:31:40] Counting: delta = eps / 10 = 0,0001
[23.11.2015 18:31:40] Step 1: counting alpha_1 = 0,2079, alpha_2 = 0,2081
[23.11.2015 18:31:40] Step 3: f(0,2079) = 12,3613 > f(0,2081) = 12,3570; a = alpha_1 = 0,2079.
[23.11.2015 18:31:40] Iter 0: Answer is in the range: [0,2079; 0,2110]
[23.11.2015 18:31:40] Step 1: counting alpha_1 = 0,2093, alpha_2 = 0,2095
[23.11.2015 18:31:40] Step 3: f(0,2093) = 12,3522 <= f(0,2095) = 12,3550; b = alpha_2 = 0,2095.
[23.11.2015 18:31:40] Step 4: (b-a)/2 = 0,0008 < eps = 0,0010; STOP SEARCHING!
[23.11.2015 18:31:40] Iter 1: Answer is in the range: [0,2079; 0,2095]
[23.11.2015 18:31:40] Step 5: alpha_end = (a+b)/2; Minimum x* is: 0,2087
[23.11.2015 18:31:40] Step 9: New alpha 0,2086826171875
[23.11.2015 18:31:40] Step 10: New local search point DenseVector 2-Double
-0,0493871
 -0,310769

[23.11.2015 18:31:40] Step 11: Iteration end.
[23.11.2015 18:31:40] Step 2: ITERATION number 12
[23.11.2015 18:31:40] Step 5: Sk = DenseVector 2-Double
 0,0338352
-0,0356362

[23.11.2015 18:31:40] Step 6: Yk = DenseVector 2-Double
3,08406
3,52876

[23.11.2015 18:31:41] Step 7: Quasi-Newton matrix: 
DenseMatrix 2x2-Double
-0,140561   0,132435
 0,132435  -0,125845

[23.11.2015 18:31:41] Step 8: Search vector: DenseVector 2-Double
 0,211538
-0,214201

[23.11.2015 18:31:41] DSK method started!
[23.11.2015 18:31:41] Step 1: f(alpha)=2,2656, f(alpha + h)=2,3464; k=0;
[23.11.2015 18:31:41] Step 3: b=0,2087, alpha1=0,2097, h=-0,0010, k=2.
[23.11.2015 18:31:41] Step 4: alphak=0,2067
[23.11.2015 18:31:41] Step 5: h > 0; b=alpha(k-1)=0,2077
[23.11.2015 18:31:41] k = k + 1 = 3; Go to step 4!
[23.11.2015 18:31:41] Step 4: alphak=0,2047
[23.11.2015 18:31:41] Step 5: h < 0; a=alphak0,2047
[23.11.2015 18:31:41] Step 6: Interval is: [0,2047 ; 0,2077]
[23.11.2015 18:31:41] Dichotomy method has been started!
[23.11.2015 18:31:41] Counting: delta = eps / 10 = 0,0001
[23.11.2015 18:31:41] Step 1: counting alpha_1 = 0,2061, alpha_2 = 0,2063
[23.11.2015 18:31:41] Step 3: f(0,2061) = 2,1822 <= f(0,2063) = 2,1822; b = alpha_2 = 0,2063.
[23.11.2015 18:31:41] Step 4: (b-a)/2 = 0,0008 < eps = 0,0010; STOP SEARCHING!
[23.11.2015 18:31:41] Iter 0: Answer is in the range: [0,2047; 0,2063]
[23.11.2015 18:31:41] Step 5: alpha_end = (a+b)/2; Minimum x* is: 0,2055
[23.11.2015 18:31:41] Step 9: New alpha 0,2054826171875
[23.11.2015 18:31:41] Step 10: New local search point DenseVector 2-Double
-0,00591976
  -0,354784

[23.11.2015 18:31:41] Step 11: Iteration end.
[23.11.2015 18:31:41] Step 2: ITERATION number 13
[23.11.2015 18:31:41] Step 5: Sk = DenseVector 2-Double
 0,0434673
-0,0440146

[23.11.2015 18:31:41] Step 6: Yk = DenseVector 2-Double
2,61971
3,62934

[23.11.2015 18:31:41] Step 7: Quasi-Newton matrix: 
DenseMatrix 2x2-Double
-0,060152   0,0553953
0,0553953  -0,0521126

[23.11.2015 18:31:41] Step 8: Search vector: DenseVector 2-Double
-0,0935745
 0,0719451

[23.11.2015 18:31:41] DSK method started!
[23.11.2015 18:31:41] Step 1: f(alpha)=5,4993, f(alpha + h)=5,4029; k=0;
[23.11.2015 18:31:41] Step 2: a=0,2055, alpha1=0,2065, k=2; Go to step 4!
[23.11.2015 18:31:41] Step 4: alphak=0,2075
[23.11.2015 18:31:41] Step 5: h > 0; a=alpha(k-1)=0,2065
[23.11.2015 18:31:41] k = k + 1 = 3; Go to step 4!
[23.11.2015 18:31:41] Step 4: alphak=0,2095
[23.11.2015 18:31:41] Step 5: h > 0; a=alpha(k-1)=0,2075
[23.11.2015 18:31:41] k = k + 1 = 4; Go to step 4!
[23.11.2015 18:31:41] Step 4: alphak=0,2135
[23.11.2015 18:31:41] Step 5: h > 0; b=alphak=0,2135
[23.11.2015 18:31:41] Step 6: Interval is: [0,2075 ; 0,2135]
[23.11.2015 18:31:41] Dichotomy method has been started!
[23.11.2015 18:31:41] Counting: delta = eps / 10 = 0,0001
[23.11.2015 18:31:41] Step 1: counting alpha_1 = 0,2104, alpha_2 = 0,2106
[23.11.2015 18:31:41] Step 3: f(0,2104) = 5,2593 <= f(0,2106) = 5,2621; b = alpha_2 = 0,2106.
[23.11.2015 18:31:41] Iter 0: Answer is in the range: [0,2075; 0,2106]
[23.11.2015 18:31:41] Step 1: counting alpha_1 = 0,2089, alpha_2 = 0,2091
[23.11.2015 18:31:41] Step 3: f(0,2089) = 5,2688 > f(0,2091) = 5,2644; a = alpha_1 = 0,2089.
[23.11.2015 18:31:41] Step 4: (b-a)/2 = 0,0008 < eps = 0,0010; STOP SEARCHING!
[23.11.2015 18:31:41] Iter 1: Answer is in the range: [0,2089; 0,2106]
[23.11.2015 18:31:41] Step 5: alpha_end = (a+b)/2; Minimum x* is: 0,2098
[23.11.2015 18:31:41] Step 9: New alpha 0,2097576171875
[23.11.2015 18:31:41] Step 10: New local search point DenseVector 2-Double
-0,0255477
 -0,339692

[23.11.2015 18:31:41] Step 11: Iteration end.
[23.11.2015 18:31:41] Step 2: ITERATION number 14
[23.11.2015 18:31:41] Step 5: Sk = DenseVector 2-Double
-0,019628
 0,015091

[23.11.2015 18:31:41] Step 6: Yk = DenseVector 2-Double
5,37405
 2,2662

[23.11.2015 18:31:41] Step 7: Quasi-Newton matrix: 
DenseMatrix 2x2-Double
-0,00592202   0,00538226
 0,00538226  -0,00610427

[23.11.2015 18:31:41] Step 8: Search vector: DenseVector 2-Double
-0,00338469
 -0,0130555

[23.11.2015 18:31:41] DSK method started!
[23.11.2015 18:31:41] Step 1: f(alpha)=5,2401, f(alpha + h)=5,2222; k=0;
[23.11.2015 18:31:41] Step 2: a=0,2098, alpha1=0,2108, k=2; Go to step 4!
[23.11.2015 18:31:41] Step 4: alphak=0,2118
[23.11.2015 18:31:41] Step 5: h > 0; b=alphak=0,2118
[23.11.2015 18:31:41] Step 6: Interval is: [0,2098 ; 0,2118]
[23.11.2015 18:31:41] Dichotomy method has been started!
[23.11.2015 18:31:41] Counting: delta = eps / 10 = 0,0001
[23.11.2015 18:31:41] Step 1: counting alpha_1 = 0,2107, alpha_2 = 0,2109
[23.11.2015 18:31:41] Step 3: f(0,2107) = 5,2229 > f(0,2109) = 5,2217; a = alpha_1 = 0,2107.
[23.11.2015 18:31:41] Step 4: (b-a)/2 = 0,0005 < eps = 0,0010; STOP SEARCHING!
[23.11.2015 18:31:41] Iter 0: Answer is in the range: [0,2107; 0,2118]
[23.11.2015 18:31:41] Step 5: alpha_end = (a+b)/2; Minimum x* is: 0,2112
[23.11.2015 18:31:41] Step 9: New alpha 0,2112076171875
[23.11.2015 18:31:41] Step 10: New local search point DenseVector 2-Double
-0,0262626
  -0,34245

[23.11.2015 18:31:41] Step 11: Iteration end.
[23.11.2015 18:31:41] Step 2: ITERATION number 15
[23.11.2015 18:31:41] Step 5: Sk = DenseVector 2-Double
-0,000714873
 -0,00275743

[23.11.2015 18:31:41] Step 6: Yk = DenseVector 2-Double
4,60703
2,71536

[23.11.2015 18:31:41] Step 7: Quasi-Newton matrix: 
DenseMatrix 2x2-Double
-0,00151649    0,0023097
  0,0023097  -0,00493427

[23.11.2015 18:31:41] Step 8: Search vector: DenseVector 2-Double
 0,0114188
-0,0361382

[23.11.2015 18:31:41] DSK method started!
[23.11.2015 18:31:41] Step 1: f(alpha)=4,3698, f(alpha + h)=4,3587; k=0;
[23.11.2015 18:31:41] Step 2: a=0,2112, alpha1=0,2122, k=2; Go to step 4!
[23.11.2015 18:31:41] Step 4: alphak=0,2132
[23.11.2015 18:31:41] Step 5: h > 0; b=alphak=0,2132
[23.11.2015 18:31:41] Step 6: Interval is: [0,2112 ; 0,2132]
[23.11.2015 18:31:41] Dichotomy method has been started!
[23.11.2015 18:31:41] Counting: delta = eps / 10 = 0,0001
[23.11.2015 18:31:41] Step 1: counting alpha_1 = 0,2121, alpha_2 = 0,2123
[23.11.2015 18:31:41] Step 3: f(0,2121) = 4,3587 <= f(0,2123) = 4,3590; b = alpha_2 = 0,2123.
[23.11.2015 18:31:41] Step 4: (b-a)/2 = 0,0005 < eps = 0,0010; STOP SEARCHING!
[23.11.2015 18:31:41] Iter 0: Answer is in the range: [0,2112; 0,2123]
[23.11.2015 18:31:41] Step 5: alpha_end = (a+b)/2; Minimum x* is: 0,2118
[23.11.2015 18:31:41] Step 9: New alpha 0,2117576171875
[23.11.2015 18:31:41] Step 10: New local search point DenseVector 2-Double
-0,0238446
 -0,350102

[23.11.2015 18:31:41] Step 11: Iteration end.
[23.11.2015 18:31:41] Step 2: ITERATION number 16
[23.11.2015 18:31:41] Step 5: Sk = DenseVector 2-Double
 0,00241801
-0,00765253

[23.11.2015 18:31:41] Step 6: Yk = DenseVector 2-Double
4,49169
2,83633

[23.11.2015 18:31:41] Step 7: Quasi-Newton matrix: 
DenseMatrix 2x2-Double
-0,00204972   0,00409851
 0,00409851  -0,00918855

[23.11.2015 18:31:41] Step 8: Search vector: DenseVector 2-Double
 0,0274114
-0,0677744

[23.11.2015 18:31:41] DSK method started!
[23.11.2015 18:31:41] Step 1: f(alpha)=2,8564, f(alpha + h)=2,8241; k=0;
[23.11.2015 18:31:41] Step 2: a=0,2118, alpha1=0,2128, k=2; Go to step 4!
[23.11.2015 18:31:41] Step 4: alphak=0,2138
[23.11.2015 18:31:41] Step 5: h > 0; a=alpha(k-1)=0,2128
[23.11.2015 18:31:41] k = k + 1 = 3; Go to step 4!
[23.11.2015 18:31:41] Step 4: alphak=0,2158
[23.11.2015 18:31:41] Step 5: h > 0; b=alphak=0,2158
[23.11.2015 18:31:41] Step 6: Interval is: [0,2128 ; 0,2158]
[23.11.2015 18:31:41] Dichotomy method has been started!
[23.11.2015 18:31:41] Counting: delta = eps / 10 = 0,0001
[23.11.2015 18:31:41] Step 1: counting alpha_1 = 0,2142, alpha_2 = 0,2144
[23.11.2015 18:31:41] Step 3: f(0,2142) = 2,8199 <= f(0,2144) = 2,8233; b = alpha_2 = 0,2144.
[23.11.2015 18:31:41] Step 4: (b-a)/2 = 0,0008 < eps = 0,0010; STOP SEARCHING!
[23.11.2015 18:31:41] Iter 0: Answer is in the range: [0,2128; 0,2144]
[23.11.2015 18:31:41] Step 5: alpha_end = (a+b)/2; Minimum x* is: 0,2136
[23.11.2015 18:31:41] Step 9: New alpha 0,2135576171875
[23.11.2015 18:31:41] Step 10: New local search point DenseVector 2-Double
-0,0179907
 -0,364576

[23.11.2015 18:31:41] Step 11: Iteration end.
[23.11.2015 18:31:41] Step 2: ITERATION number 17
[23.11.2015 18:31:41] Step 5: Sk = DenseVector 2-Double
0,00585392
-0,0144737

[23.11.2015 18:31:41] Step 6: Yk = DenseVector 2-Double
  4,395
3,01337

[23.11.2015 18:31:41] Step 7: Quasi-Newton matrix: 
DenseMatrix 2x2-Double
-0,00319375  0,00660073
 0,00660073  -0,0144304

[23.11.2015 18:31:41] Step 8: Search vector: DenseVector 2-Double
 0,0424905
-0,0978315

[23.11.2015 18:31:41] DSK method started!
[23.11.2015 18:31:41] Step 1: f(alpha)=1,1489, f(alpha + h)=1,1354; k=0;
[23.11.2015 18:31:41] Step 2: a=0,2136, alpha1=0,2146, k=2; Go to step 4!
[23.11.2015 18:31:41] Step 4: alphak=0,2156
[23.11.2015 18:31:41] Step 5: h > 0; b=alphak=0,2156
[23.11.2015 18:31:41] Step 6: Interval is: [0,2136 ; 0,2156]
[23.11.2015 18:31:41] Dichotomy method has been started!
[23.11.2015 18:31:41] Counting: delta = eps / 10 = 0,0001
[23.11.2015 18:31:41] Step 1: counting alpha_1 = 0,2145, alpha_2 = 0,2147
[23.11.2015 18:31:41] Step 3: f(0,2145) = 1,1356 > f(0,2147) = 1,1354; a = alpha_1 = 0,2145.
[23.11.2015 18:31:41] Step 4: (b-a)/2 = 0,0005 < eps = 0,0010; STOP SEARCHING!
[23.11.2015 18:31:41] Iter 0: Answer is in the range: [0,2145; 0,2156]
[23.11.2015 18:31:41] Step 5: alpha_end = (a+b)/2; Minimum x* is: 0,2150
[23.11.2015 18:31:41] Step 9: New alpha 0,2150076171875
[23.11.2015 18:31:41] Step 10: New local search point DenseVector 2-Double
-0,00885487
  -0,385611

[23.11.2015 18:31:41] Step 11: Iteration end.
[23.11.2015 18:31:41] Step 2: ITERATION number 18
[23.11.2015 18:31:41] Step 5: Sk = DenseVector 2-Double
0,00913579
-0,0210345

[23.11.2015 18:31:41] Step 6: Yk = DenseVector 2-Double
4,29979
3,16932

[23.11.2015 18:31:41] Step 7: Quasi-Newton matrix: 
DenseMatrix 2x2-Double
-0,00409745  0,00844154
 0,00844154  -0,0180895

[23.11.2015 18:31:41] Step 8: Search vector: DenseVector 2-Double
0,0484824
-0,108407

[23.11.2015 18:31:41] DSK method started!
[23.11.2015 18:31:41] Step 1: f(alpha)=0,1587, f(alpha + h)=0,1844; k=0;
[23.11.2015 18:31:41] Step 3: b=0,2150, alpha1=0,2160, h=-0,0010, k=2.
[23.11.2015 18:31:41] Step 4: alphak=0,2130
[23.11.2015 18:31:41] Step 5: h < 0; a=alphak0,2130
[23.11.2015 18:31:41] Step 6: Interval is: [0,2130 ; 0,2150]
[23.11.2015 18:31:41] Dichotomy method has been started!
[23.11.2015 18:31:41] Counting: delta = eps / 10 = 0,0001
[23.11.2015 18:31:41] Step 1: counting alpha_1 = 0,2139, alpha_2 = 0,2141
[23.11.2015 18:31:41] Step 3: f(0,2139) = 0,1595 > f(0,2141) = 0,1571; a = alpha_1 = 0,2139.
[23.11.2015 18:31:41] Step 4: (b-a)/2 = 0,0005 < eps = 0,0010; STOP SEARCHING!
[23.11.2015 18:31:41] Iter 0: Answer is in the range: [0,2139; 0,2150]
[23.11.2015 18:31:41] Step 5: alpha_end = (a+b)/2; Minimum x* is: 0,2145
[23.11.2015 18:31:41] Step 9: New alpha 0,2144576171875
[23.11.2015 18:31:41] Step 10: New local search point DenseVector 2-Double
0,00154255
 -0,408859

[23.11.2015 18:31:41] Step 11: Iteration end.
[23.11.2015 18:31:41] Step 2: ITERATION number 19
[23.11.2015 18:31:41] Step 5: Sk = DenseVector 2-Double
 0,0103974
-0,0232487

[23.11.2015 18:31:41] Step 6: Yk = DenseVector 2-Double
4,24481
3,18679

[23.11.2015 18:31:41] Step 7: Quasi-Newton matrix: 
DenseMatrix 2x2-Double
-0,00460568  0,00939745
 0,00939745  -0,0198128

[23.11.2015 18:31:41] Step 8: Search vector: DenseVector 2-Double
0,0463659
-0,102049

[23.11.2015 18:31:41] DSK method started!
[23.11.2015 18:31:42] Step 1: f(alpha)=0,0579, f(alpha + h)=0,1003; k=0;
[23.11.2015 18:31:42] Step 3: b=0,2145, alpha1=0,2155, h=-0,0010, k=2.
[23.11.2015 18:31:42] Step 4: alphak=0,2125
[23.11.2015 18:31:42] Step 5: h < 0; a=alphak0,2125
[23.11.2015 18:31:42] Step 6: Interval is: [0,2125 ; 0,2145]
[23.11.2015 18:31:42] Dichotomy method has been started!
[23.11.2015 18:31:42] Counting: delta = eps / 10 = 0,0001
[23.11.2015 18:31:42] Step 1: counting alpha_1 = 0,2134, alpha_2 = 0,2136
[23.11.2015 18:31:42] Step 3: f(0,2134) = 0,0409 <= f(0,2136) = 0,0417; b = alpha_2 = 0,2136.
[23.11.2015 18:31:42] Step 4: (b-a)/2 = 0,0005 < eps = 0,0010; STOP SEARCHING!
[23.11.2015 18:31:42] Iter 0: Answer is in the range: [0,2125; 0,2136]
[23.11.2015 18:31:42] Step 5: alpha_end = (a+b)/2; Minimum x* is: 0,2130
[23.11.2015 18:31:42] Step 9: New alpha 0,2130076171875
[23.11.2015 18:31:42] Step 10: New local search point DenseVector 2-Double
0,0114188
-0,430597

[23.11.2015 18:31:42] Step 11: Iteration end.
[23.11.2015 18:31:42] Step 2: ITERATION number 20
[23.11.2015 18:31:42] Step 5: Sk = DenseVector 2-Double
 0,0098763
-0,0217373

[23.11.2015 18:31:42] Step 6: Yk = DenseVector 2-Double
4,24246
3,10211

[23.11.2015 18:31:42] Step 7: Quasi-Newton matrix: 
DenseMatrix 2x2-Double
-0,00489982  0,00988474
 0,00988474  -0,0205257

[23.11.2015 18:31:42] Step 8: Search vector: DenseVector 2-Double
  0,041117
-0,0894728

[23.11.2015 18:31:42] DSK method started!
[23.11.2015 18:31:42] Step 1: f(alpha)=0,4995, f(alpha + h)=0,5508; k=0;
[23.11.2015 18:31:42] Step 3: b=0,2130, alpha1=0,2140, h=-0,0010, k=2.
[23.11.2015 18:31:42] Step 4: alphak=0,2110
[23.11.2015 18:31:42] Step 5: h < 0; a=alphak0,2110
[23.11.2015 18:31:42] Step 6: Interval is: [0,2110 ; 0,2130]
[23.11.2015 18:31:42] Dichotomy method has been started!
[23.11.2015 18:31:42] Counting: delta = eps / 10 = 0,0001
[23.11.2015 18:31:42] Step 1: counting alpha_1 = 0,2119, alpha_2 = 0,2121
[23.11.2015 18:31:42] Step 3: f(0,2119) = 0,4732 <= f(0,2121) = 0,4757; b = alpha_2 = 0,2121.
[23.11.2015 18:31:42] Step 4: (b-a)/2 = 0,0005 < eps = 0,0010; STOP SEARCHING!
[23.11.2015 18:31:42] Iter 0: Answer is in the range: [0,2110; 0,2121]
[23.11.2015 18:31:42] Step 5: alpha_end = (a+b)/2; Minimum x* is: 0,2116
[23.11.2015 18:31:42] Step 9: New alpha 0,2115576171875
[23.11.2015 18:31:42] Step 10: New local search point DenseVector 2-Double
0,0201175
-0,449525

[23.11.2015 18:31:42] Step 11: Iteration end.
[23.11.2015 18:31:42] Step 2: ITERATION number 21
[23.11.2015 18:31:42] Step 5: Sk = DenseVector 2-Double
0,00869862
-0,0189286

[23.11.2015 18:31:42] Step 6: Yk = DenseVector 2-Double
4,26562
2,98976

[23.11.2015 18:31:42] Step 7: Quasi-Newton matrix: 
DenseMatrix 2x2-Double
-0,00513147   0,0102308
  0,0102308  -0,0209279

[23.11.2015 18:31:42] Step 8: Search vector: DenseVector 2-Double
 0,0355049
-0,0764796

[23.11.2015 18:31:42] DSK method started!
[23.11.2015 18:31:42] Step 1: f(alpha)=1,1974, f(alpha + h)=1,2632; k=0;
[23.11.2015 18:31:42] Step 3: b=0,2116, alpha1=0,2126, h=-0,0010, k=2.
[23.11.2015 18:31:42] Step 4: alphak=0,2096
[23.11.2015 18:31:42] Step 5: h > 0; b=alpha(k-1)=0,2106
[23.11.2015 18:31:42] k = k + 1 = 3; Go to step 4!
[23.11.2015 18:31:42] Step 4: alphak=0,2076
[23.11.2015 18:31:42] Step 5: h < 0; a=alphak0,2076
[23.11.2015 18:31:42] Step 6: Interval is: [0,2076 ; 0,2106]
[23.11.2015 18:31:42] Dichotomy method has been started!
[23.11.2015 18:31:42] Counting: delta = eps / 10 = 0,0001
[23.11.2015 18:31:42] Step 1: counting alpha_1 = 0,2090, alpha_2 = 0,2092
[23.11.2015 18:31:42] Step 3: f(0,2090) = 1,1510 > f(0,2092) = 1,1483; a = alpha_1 = 0,2090.
[23.11.2015 18:31:42] Step 4: (b-a)/2 = 0,0008 < eps = 0,0010; STOP SEARCHING!
[23.11.2015 18:31:42] Iter 0: Answer is in the range: [0,2090; 0,2106]
[23.11.2015 18:31:42] Step 5: alpha_end = (a+b)/2; Minimum x* is: 0,2098
[23.11.2015 18:31:42] Step 9: New alpha 0,2097576171875
[23.11.2015 18:31:42] Step 10: New local search point DenseVector 2-Double
0,0275649
-0,465568

[23.11.2015 18:31:42] Step 11: Iteration end.
[23.11.2015 18:31:42] Step 2: ITERATION number 22
[23.11.2015 18:31:42] Step 5: Sk = DenseVector 2-Double
0,00744741
-0,0160422

[23.11.2015 18:31:42] Step 6: Yk = DenseVector 2-Double
4,28289
2,87583

[23.11.2015 18:31:42] Step 7: Quasi-Newton matrix: 
DenseMatrix 2x2-Double
-0,00537776   0,0105986
  0,0105986  -0,0213624

[23.11.2015 18:31:42] Step 8: Search vector: DenseVector 2-Double
 0,0304463
-0,0649247

[23.11.2015 18:31:42] DSK method started!
[23.11.2015 18:31:42] Step 1: f(alpha)=1,9409, f(alpha + h)=2,0110; k=0;
[23.11.2015 18:31:42] Step 3: b=0,2098, alpha1=0,2108, h=-0,0010, k=2.
[23.11.2015 18:31:42] Step 4: alphak=0,2078
[23.11.2015 18:31:42] Step 5: h > 0; b=alpha(k-1)=0,2088
[23.11.2015 18:31:42] k = k + 1 = 3; Go to step 4!
[23.11.2015 18:31:42] Step 4: alphak=0,2058
[23.11.2015 18:31:42] Step 5: h < 0; a=alphak0,2058
[23.11.2015 18:31:42] Step 6: Interval is: [0,2058 ; 0,2088]
[23.11.2015 18:31:42] Dichotomy method has been started!
[23.11.2015 18:31:42] Counting: delta = eps / 10 = 0,0001
[23.11.2015 18:31:42] Step 1: counting alpha_1 = 0,2072, alpha_2 = 0,2074
[23.11.2015 18:31:42] Step 3: f(0,2072) = 1,8852 > f(0,2074) = 1,8831; a = alpha_1 = 0,2072.
[23.11.2015 18:31:42] Step 4: (b-a)/2 = 0,0008 < eps = 0,0010; STOP SEARCHING!
[23.11.2015 18:31:42] Iter 0: Answer is in the range: [0,2072; 0,2088]
[23.11.2015 18:31:42] Step 5: alpha_end = (a+b)/2; Minimum x* is: 0,2080
[23.11.2015 18:31:42] Step 9: New alpha 0,2079576171875
[23.11.2015 18:31:42] Step 10: New local search point DenseVector 2-Double
0,0338964
-0,479069

[23.11.2015 18:31:42] Step 11: Iteration end.
[23.11.2015 18:31:42] Step 2: ITERATION number 23
[23.11.2015 18:31:42] Step 5: Sk = DenseVector 2-Double
0,00633155
-0,0135016

[23.11.2015 18:31:42] Step 6: Yk = DenseVector 2-Double
4,29354
2,77441

[23.11.2015 18:31:42] Step 7: Quasi-Newton matrix: 
DenseMatrix 2x2-Double
-0,00567653  0,0110668
  0,0110668  -0,021993

[23.11.2015 18:31:42] Step 8: Search vector: DenseVector 2-Double
 0,0261074
-0,0550994

[23.11.2015 18:31:42] DSK method started!
[23.11.2015 18:31:42] Step 1: f(alpha)=2,6507, f(alpha + h)=2,7216; k=0;
[23.11.2015 18:31:42] Step 3: b=0,2080, alpha1=0,2090, h=-0,0010, k=2.
[23.11.2015 18:31:42] Step 4: alphak=0,2060
[23.11.2015 18:31:42] Step 5: h > 0; b=alpha(k-1)=0,2070
[23.11.2015 18:31:42] k = k + 1 = 3; Go to step 4!
[23.11.2015 18:31:42] Step 4: alphak=0,2040
[23.11.2015 18:31:42] Step 5: h < 0; a=alphak0,2040
[23.11.2015 18:31:42] Step 6: Interval is: [0,2040 ; 0,2070]
[23.11.2015 18:31:42] Dichotomy method has been started!
[23.11.2015 18:31:42] Counting: delta = eps / 10 = 0,0001
[23.11.2015 18:31:42] Step 1: counting alpha_1 = 0,2054, alpha_2 = 0,2056
[23.11.2015 18:31:42] Step 3: f(0,2054) = 2,5948 > f(0,2056) = 2,5926; a = alpha_1 = 0,2054.
[23.11.2015 18:31:42] Step 4: (b-a)/2 = 0,0008 < eps = 0,0010; STOP SEARCHING!
[23.11.2015 18:31:42] Iter 0: Answer is in the range: [0,2054; 0,2070]
[23.11.2015 18:31:42] Step 5: alpha_end = (a+b)/2; Minimum x* is: 0,2062
[23.11.2015 18:31:42] Step 9: New alpha 0,2061576171875
[23.11.2015 18:31:42] Step 10: New local search point DenseVector 2-Double
0,0392787
-0,490428

[23.11.2015 18:31:42] Step 11: Iteration end.
[23.11.2015 18:31:42] Step 2: ITERATION number 24
[23.11.2015 18:31:42] Step 5: Sk = DenseVector 2-Double
0,00538223
-0,0113592

[23.11.2015 18:31:42] Step 6: Yk = DenseVector 2-Double
4,29652
2,68602

[23.11.2015 18:31:42] Step 7: Quasi-Newton matrix: 
DenseMatrix 2x2-Double
-0,00605103   0,0116829
  0,0116829  -0,0229169

[23.11.2015 18:31:42] Step 8: Search vector: DenseVector 2-Double
 0,0224333
-0,0468483

[23.11.2015 18:31:42] DSK method started!
[23.11.2015 18:31:42] Step 1: f(alpha)=3,2871, f(alpha + h)=3,3538; k=0;
[23.11.2015 18:31:42] Step 3: b=0,2062, alpha1=0,2072, h=-0,0010, k=2.
[23.11.2015 18:31:42] Step 4: alphak=0,2042
[23.11.2015 18:31:42] Step 5: h > 0; b=alpha(k-1)=0,2052
[23.11.2015 18:31:42] k = k + 1 = 3; Go to step 4!
[23.11.2015 18:31:42] Step 4: alphak=0,2022
[23.11.2015 18:31:42] Step 5: h < 0; a=alphak0,2022
[23.11.2015 18:31:42] Step 6: Interval is: [0,2022 ; 0,2052]
[23.11.2015 18:31:42] Dichotomy method has been started!
[23.11.2015 18:31:42] Counting: delta = eps / 10 = 0,0001
[23.11.2015 18:31:42] Step 1: counting alpha_1 = 0,2036, alpha_2 = 0,2038
[23.11.2015 18:31:42] Step 3: f(0,2036) = 3,2432 > f(0,2038) = 3,2400; a = alpha_1 = 0,2036.
[23.11.2015 18:31:42] Step 4: (b-a)/2 = 0,0008 < eps = 0,0010; STOP SEARCHING!
[23.11.2015 18:31:42] Iter 0: Answer is in the range: [0,2036; 0,2052]
[23.11.2015 18:31:42] Step 5: alpha_end = (a+b)/2; Minimum x* is: 0,2044
[23.11.2015 18:31:42] Step 9: New alpha 0,2043576171875
[23.11.2015 18:31:42] Step 10: New local search point DenseVector 2-Double
0,0438631
-0,500002

[23.11.2015 18:31:42] Step 11: Iteration end.
[23.11.2015 18:31:42] Step 2: ITERATION number 25
[23.11.2015 18:31:42] Step 5: Sk = DenseVector 2-Double
0,00458442
-0,0095738

[23.11.2015 18:31:42] Step 6: Yk = DenseVector 2-Double
4,29264
2,60903

[23.11.2015 18:31:42] Step 7: Quasi-Newton matrix: 
DenseMatrix 2x2-Double
-0,00652077   0,0124858
  0,0124858  -0,0242124

[23.11.2015 18:31:42] Step 8: Search vector: DenseVector 2-Double
0,0193212
-0,039925

[23.11.2015 18:31:42] DSK method started!
[23.11.2015 18:31:42] Step 1: f(alpha)=3,8401, f(alpha + h)=3,8975; k=0;
[23.11.2015 18:31:42] Step 3: b=0,2044, alpha1=0,2054, h=-0,0010, k=2.
[23.11.2015 18:31:42] Step 4: alphak=0,2024
[23.11.2015 18:31:42] Step 5: h > 0; b=alpha(k-1)=0,2034
[23.11.2015 18:31:42] k = k + 1 = 3; Go to step 4!
[23.11.2015 18:31:42] Step 4: alphak=0,2004
[23.11.2015 18:31:42] Step 5: h < 0; a=alphak0,2004
[23.11.2015 18:31:42] Step 6: Interval is: [0,2004 ; 0,2034]
[23.11.2015 18:31:42] Dichotomy method has been started!
[23.11.2015 18:31:42] Counting: delta = eps / 10 = 0,0001
[23.11.2015 18:31:42] Step 1: counting alpha_1 = 0,2018, alpha_2 = 0,2020
[23.11.2015 18:31:42] Step 3: f(0,2018) = 3,8215 > f(0,2020) = 3,8164; a = alpha_1 = 0,2018.
[23.11.2015 18:31:42] Step 4: (b-a)/2 = 0,0008 < eps = 0,0010; STOP SEARCHING!
[23.11.2015 18:31:42] Iter 0: Answer is in the range: [0,2018; 0,2034]
[23.11.2015 18:31:42] Step 5: alpha_end = (a+b)/2; Minimum x* is: 0,2026
[23.11.2015 18:31:42] Step 9: New alpha 0,2025576171875
[23.11.2015 18:31:42] Step 10: New local search point DenseVector 2-Double
0,0477767
-0,508089

[23.11.2015 18:31:42] Step 11: Iteration end.
[23.11.2015 18:31:42] Step 2: ITERATION number 26
[23.11.2015 18:31:42] Step 5: Sk = DenseVector 2-Double
 0,00391367
-0,00808711

[23.11.2015 18:31:42] Step 6: Yk = DenseVector 2-Double
4,28304
 2,5415

[23.11.2015 18:31:43] Step 7: Quasi-Newton matrix: 
DenseMatrix 2x2-Double
-0,00710684   0,0135167
  0,0135167  -0,0259609

[23.11.2015 18:31:43] Step 8: Search vector: DenseVector 2-Double
 0,0166711
-0,0340947

[23.11.2015 18:31:43] DSK method started!
[23.11.2015 18:31:43] Step 1: f(alpha)=4,3158, f(alpha + h)=4,3587; k=0;
[23.11.2015 18:31:43] Step 3: b=0,2026, alpha1=0,2036, h=-0,0010, k=2.
[23.11.2015 18:31:43] Step 4: alphak=0,2006
[23.11.2015 18:31:43] Step 5: h < 0; a=alphak0,2006
[23.11.2015 18:31:43] Step 6: Interval is: [0,2006 ; 0,2026]
[23.11.2015 18:31:43] Dichotomy method has been started!
[23.11.2015 18:31:43] Counting: delta = eps / 10 = 0,0001
[23.11.2015 18:31:43] Step 1: counting alpha_1 = 0,2015, alpha_2 = 0,2017
[23.11.2015 18:31:43] Step 3: f(0,2015) = 4,3012 <= f(0,2017) = 4,3014; b = alpha_2 = 0,2017.
[23.11.2015 18:31:43] Step 4: (b-a)/2 = 0,0005 < eps = 0,0010; STOP SEARCHING!
[23.11.2015 18:31:43] Iter 0: Answer is in the range: [0,2006; 0,2017]
[23.11.2015 18:31:43] Step 5: alpha_end = (a+b)/2; Minimum x* is: 0,2011
[23.11.2015 18:31:43] Step 9: New alpha 0,2011076171875
[23.11.2015 18:31:43] Step 10: New local search point DenseVector 2-Double
0,0511294
-0,514946

[23.11.2015 18:31:43] Step 11: Iteration end.
[23.11.2015 18:31:43] Step 2: ITERATION number 27
[23.11.2015 18:31:43] Step 5: Sk = DenseVector 2-Double
0,00335269
-0,0068567

[23.11.2015 18:31:43] Step 6: Yk = DenseVector 2-Double
4,27617
2,48611

[23.11.2015 18:31:43] Step 7: Quasi-Newton matrix: 
DenseMatrix 2x2-Double
-0,00783314   0,0148218
  0,0148218  -0,0282518

[23.11.2015 18:31:43] Step 8: Search vector: DenseVector 2-Double
 0,0143884
-0,0291393

[23.11.2015 18:31:43] DSK method started!
[23.11.2015 18:31:43] Step 1: f(alpha)=4,7341, f(alpha + h)=4,7677; k=0;
[23.11.2015 18:31:43] Step 3: b=0,2011, alpha1=0,2021, h=-0,0010, k=2.
[23.11.2015 18:31:43] Step 4: alphak=0,1991
[23.11.2015 18:31:43] Step 5: h < 0; a=alphak0,1991
[23.11.2015 18:31:43] Step 6: Interval is: [0,1991 ; 0,2011]
[23.11.2015 18:31:43] Dichotomy method has been started!
[23.11.2015 18:31:43] Counting: delta = eps / 10 = 0,0001
[23.11.2015 18:31:43] Step 1: counting alpha_1 = 0,2000, alpha_2 = 0,2002
[23.11.2015 18:31:43] Step 3: f(0,2000) = 4,7298 > f(0,2002) = 4,7281; a = alpha_1 = 0,2000.
[23.11.2015 18:31:43] Step 4: (b-a)/2 = 0,0005 < eps = 0,0010; STOP SEARCHING!
[23.11.2015 18:31:43] Iter 0: Answer is in the range: [0,2000; 0,2011]
[23.11.2015 18:31:43] Step 5: alpha_end = (a+b)/2; Minimum x* is: 0,2006
[23.11.2015 18:31:43] Step 9: New alpha 0,2005576171875
[23.11.2015 18:31:43] Step 10: New local search point DenseVector 2-Double
0,0540151
 -0,52079

[23.11.2015 18:31:43] Step 11: Iteration end.
[23.11.2015 18:31:43] Step 2: ITERATION number 28
[23.11.2015 18:31:43] Step 5: Sk = DenseVector 2-Double
  0,0028857
-0,00584411

[23.11.2015 18:31:43] Step 6: Yk = DenseVector 2-Double
4,28479
2,44803

[23.11.2015 18:31:43] Step 7: Quasi-Newton matrix: 
DenseMatrix 2x2-Double
-0,00872754   0,0164546
  0,0164546  -0,0311879

[23.11.2015 18:31:43] Step 8: Search vector: DenseVector 2-Double
 0,0123859
-0,0248605

[23.11.2015 18:31:43] DSK method started!
[23.11.2015 18:31:43] Step 1: f(alpha)=5,1118, f(alpha + h)=5,1579; k=0;
[23.11.2015 18:31:43] Step 3: b=0,2006, alpha1=0,2016, h=-0,0010, k=2.
[23.11.2015 18:31:43] Step 4: alphak=0,1986
[23.11.2015 18:31:43] Step 5: h < 0; a=alphak0,1986
[23.11.2015 18:31:43] Step 6: Interval is: [0,1986 ; 0,2006]
[23.11.2015 18:31:43] Dichotomy method has been started!
[23.11.2015 18:31:43] Counting: delta = eps / 10 = 0,0001
[23.11.2015 18:31:43] Step 1: counting alpha_1 = 0,1995, alpha_2 = 0,1997
[23.11.2015 18:31:43] Step 3: f(0,1995) = 5,0942 <= f(0,1997) = 5,0948; b = alpha_2 = 0,1997.
[23.11.2015 18:31:43] Step 4: (b-a)/2 = 0,0005 < eps = 0,0010; STOP SEARCHING!
[23.11.2015 18:31:43] Iter 0: Answer is in the range: [0,1986; 0,1997]
[23.11.2015 18:31:43] Step 5: alpha_end = (a+b)/2; Minimum x* is: 0,1991
[23.11.2015 18:31:43] Step 9: New alpha 0,1991076171875
[23.11.2015 18:31:43] Step 10: New local search point DenseVector 2-Double
0,0564813
 -0,52574

[23.11.2015 18:31:43] Step 11: Iteration end.
[23.11.2015 18:31:43] Step 2: ITERATION number 29
[23.11.2015 18:31:43] Step 5: Sk = DenseVector 2-Double
 0,00246613
-0,00494992

[23.11.2015 18:31:43] Step 6: Yk = DenseVector 2-Double
4,27156
2,40345

[23.11.2015 18:31:43] Step 7: Quasi-Newton matrix: 
DenseMatrix 2x2-Double
-0,00985445   0,01854
    0,01854  -0,03501

[23.11.2015 18:31:43] Step 8: Search vector: DenseVector 2-Double
 0,0106666
-0,0212354

[23.11.2015 18:31:43] DSK method started!
[23.11.2015 18:31:43] Step 1: f(alpha)=5,4083, f(alpha + h)=5,4370; k=0;
[23.11.2015 18:31:43] Step 3: b=0,1991, alpha1=0,2001, h=-0,0010, k=2.
[23.11.2015 18:31:43] Step 4: alphak=0,1971
[23.11.2015 18:31:43] Step 5: h < 0; a=alphak0,1971
[23.11.2015 18:31:43] Step 6: Interval is: [0,1971 ; 0,1991]
[23.11.2015 18:31:43] Dichotomy method has been started!
[23.11.2015 18:31:43] Counting: delta = eps / 10 = 0,0001
[23.11.2015 18:31:43] Step 1: counting alpha_1 = 0,1980, alpha_2 = 0,1982
[23.11.2015 18:31:43] Step 3: f(0,1980) = 5,4098 > f(0,1982) = 5,4070; a = alpha_1 = 0,1980.
[23.11.2015 18:31:43] Step 4: (b-a)/2 = 0,0005 < eps = 0,0010; STOP SEARCHING!
[23.11.2015 18:31:43] Iter 0: Answer is in the range: [0,1980; 0,1991]
[23.11.2015 18:31:43] Step 5: alpha_end = (a+b)/2; Minimum x* is: 0,1986
[23.11.2015 18:31:43] Step 9: New alpha 0,1985576171875
[23.11.2015 18:31:43] Step 10: New local search point DenseVector 2-Double
0,0585992
-0,529956

[23.11.2015 18:31:43] Step 11: Iteration end.
[23.11.2015 18:31:43] Step 2: ITERATION number 30
[23.11.2015 18:31:43] Step 5: Sk = DenseVector 2-Double
 0,00211794
-0,00421646

[23.11.2015 18:31:43] Step 6: Yk = DenseVector 2-Double
4,27485
2,37429

[23.11.2015 18:31:43] Step 7: Quasi-Newton matrix: 
DenseMatrix 2x2-Double
-0,0112564   0,0211589
 0,0211589  -0,0398719

[23.11.2015 18:31:43] Step 8: Search vector: DenseVector 2-Double
0,00913866
-0,0180656

[23.11.2015 18:31:43] DSK method started!
[23.11.2015 18:31:43] Step 1: f(alpha)=5,6757, f(alpha + h)=5,7097; k=0;
[23.11.2015 18:31:43] Step 3: b=0,1986, alpha1=0,1996, h=-0,0010, k=2.
[23.11.2015 18:31:43] Step 4: alphak=0,1966
[23.11.2015 18:31:43] Step 5: h < 0; a=alphak0,1966
[23.11.2015 18:31:43] Step 6: Interval is: [0,1966 ; 0,1986]
[23.11.2015 18:31:43] Dichotomy method has been started!
[23.11.2015 18:31:43] Counting: delta = eps / 10 = 0,0001
[23.11.2015 18:31:43] Step 1: counting alpha_1 = 0,1975, alpha_2 = 0,1977
[23.11.2015 18:31:43] Step 3: f(0,1975) = 5,6717 > f(0,1977) = 5,6699; a = alpha_1 = 0,1975.
[23.11.2015 18:31:43] Step 4: (b-a)/2 = 0,0005 < eps = 0,0010; STOP SEARCHING!
[23.11.2015 18:31:43] Iter 0: Answer is in the range: [0,1975; 0,1986]
[23.11.2015 18:31:43] Step 5: alpha_end = (a+b)/2; Minimum x* is: 0,1980
[23.11.2015 18:31:43] Step 9: New alpha 0,1980076171875
[23.11.2015 18:31:43] Step 10: New local search point DenseVector 2-Double
0,0604087
-0,533534

[23.11.2015 18:31:43] Step 11: Iteration end.
[23.11.2015 18:31:43] Step 2: ITERATION number 31
[23.11.2015 18:31:43] Step 5: Sk = DenseVector 2-Double
 0,00180952
-0,00357713

[23.11.2015 18:31:43] Step 6: Yk = DenseVector 2-Double
4,27635
2,34825

[23.11.2015 18:31:43] Step 7: Quasi-Newton matrix: 
DenseMatrix 2x2-Double
-0,0130417   0,0245205
 0,0245205  -0,0461771

[23.11.2015 18:31:43] Step 8: Search vector: DenseVector 2-Double
0,00781036
-0,0153461

[23.11.2015 18:31:43] DSK method started!
[23.11.2015 18:31:43] Step 1: f(alpha)=5,9009, f(alpha + h)=5,9372; k=0;
[23.11.2015 18:31:43] Step 3: b=0,1980, alpha1=0,1990, h=-0,0010, k=2.
[23.11.2015 18:31:43] Step 4: alphak=0,1960
[23.11.2015 18:31:43] Step 5: h < 0; a=alphak0,1960
[23.11.2015 18:31:43] Step 6: Interval is: [0,1960 ; 0,1980]
[23.11.2015 18:31:43] Dichotomy method has been started!
[23.11.2015 18:31:43] Counting: delta = eps / 10 = 0,0001
[23.11.2015 18:31:43] Step 1: counting alpha_1 = 0,1969, alpha_2 = 0,1971
[23.11.2015 18:31:43] Step 3: f(0,1969) = 5,8946 > f(0,1971) = 5,8931; a = alpha_1 = 0,1969.
[23.11.2015 18:31:43] Step 4: (b-a)/2 = 0,0005 < eps = 0,0010; STOP SEARCHING!
[23.11.2015 18:31:43] Iter 0: Answer is in the range: [0,1969; 0,1980]
[23.11.2015 18:31:43] Step 5: alpha_end = (a+b)/2; Minimum x* is: 0,1975
[23.11.2015 18:31:43] Step 9: New alpha 0,1974576171875
[23.11.2015 18:31:43] Step 10: New local search point DenseVector 2-Double
0,0619509
-0,536564

[23.11.2015 18:31:43] Step 11: Iteration end.
[23.11.2015 18:31:43] Step 2: ITERATION number 32
[23.11.2015 18:31:43] Step 5: Sk = DenseVector 2-Double
 0,00154222
-0,00303021

[23.11.2015 18:31:43] Step 6: Yk = DenseVector 2-Double
4,27602
2,32515

[23.11.2015 18:31:43] Step 7: Quasi-Newton matrix: 
DenseMatrix 2x2-Double
-0,0153341   0,0288632
 0,0288632  -0,0543835

[23.11.2015 18:31:43] Step 8: Search vector: DenseVector 2-Double
0,00665099
-0,0130017

[23.11.2015 18:31:43] DSK method started!
[23.11.2015 18:31:43] Step 1: f(alpha)=6,0890, f(alpha + h)=6,1248; k=0;
[23.11.2015 18:31:43] Step 3: b=0,1975, alpha1=0,1985, h=-0,0010, k=2.
[23.11.2015 18:31:43] Step 4: alphak=0,1955
[23.11.2015 18:31:43] Step 5: h < 0; a=alphak0,1955
[23.11.2015 18:31:43] Step 6: Interval is: [0,1955 ; 0,1975]
[23.11.2015 18:31:43] Dichotomy method has been started!
[23.11.2015 18:31:43] Counting: delta = eps / 10 = 0,0001
[23.11.2015 18:31:43] Step 1: counting alpha_1 = 0,1964, alpha_2 = 0,1966
[23.11.2015 18:31:43] Step 3: f(0,1964) = 6,0832 > f(0,1966) = 6,0817; a = alpha_1 = 0,1964.
[23.11.2015 18:31:43] Step 4: (b-a)/2 = 0,0005 < eps = 0,0010; STOP SEARCHING!
[23.11.2015 18:31:43] Iter 0: Answer is in the range: [0,1964; 0,1975]
[23.11.2015 18:31:43] Step 5: alpha_end = (a+b)/2; Minimum x* is: 0,1969
[23.11.2015 18:31:43] Step 9: New alpha 0,1969076171875
[23.11.2015 18:31:43] Step 10: New local search point DenseVector 2-Double
0,0632606
-0,539124

[23.11.2015 18:31:43] Step 11: Iteration end.
[23.11.2015 18:31:43] Step 2: ITERATION number 33
[23.11.2015 18:31:43] Step 5: Sk = DenseVector 2-Double
 0,00130963
-0,00256013

[23.11.2015 18:31:43] Step 6: Yk = DenseVector 2-Double
4,27415
2,30449

[23.11.2015 18:31:43] Step 7: Quasi-Newton matrix: 
DenseMatrix 2x2-Double
-0,0183161   0,0345394
 0,0345394  -0,0651714

[23.11.2015 18:31:43] Step 8: Search vector: DenseVector 2-Double
0,00564803
-0,0109947

[23.11.2015 18:31:43] DSK method started!
[23.11.2015 18:31:43] Step 1: f(alpha)=6,2455, f(alpha + h)=6,2786; k=0;
[23.11.2015 18:31:43] Step 3: b=0,1969, alpha1=0,1979, h=-0,0010, k=2.
[23.11.2015 18:31:43] Step 4: alphak=0,1949
[23.11.2015 18:31:43] Step 5: h < 0; a=alphak0,1949
[23.11.2015 18:31:43] Step 6: Interval is: [0,1949 ; 0,1969]
[23.11.2015 18:31:43] Dichotomy method has been started!
[23.11.2015 18:31:43] Counting: delta = eps / 10 = 0,0001
[23.11.2015 18:31:43] Step 1: counting alpha_1 = 0,1958, alpha_2 = 0,1960
[23.11.2015 18:31:43] Step 3: f(0,1958) = 6,2429 > f(0,1960) = 6,2408; a = alpha_1 = 0,1958.
[23.11.2015 18:31:43] Step 4: (b-a)/2 = 0,0005 < eps = 0,0010; STOP SEARCHING!
[23.11.2015 18:31:43] Iter 0: Answer is in the range: [0,1958; 0,1969]
[23.11.2015 18:31:43] Step 5: alpha_end = (a+b)/2; Minimum x* is: 0,1964
[23.11.2015 18:31:43] Step 9: New alpha 0,1963576171875
[23.11.2015 18:31:43] Step 10: New local search point DenseVector 2-Double
0,0643696
-0,541283

[23.11.2015 18:31:43] Step 11: Iteration end.
[23.11.2015 18:31:43] Step 2: ITERATION number 34
[23.11.2015 18:31:44] Step 5: Sk = DenseVector 2-Double
 0,00110903
-0,00215889

[23.11.2015 18:31:44] Step 6: Yk = DenseVector 2-Double
4,27086
2,28598

[23.11.2015 18:31:44] Step 7: Quasi-Newton matrix: 
DenseMatrix 2x2-Double
-0,022229   0,0420152
0,0420152  -0,0794407

[23.11.2015 18:31:44] Step 8: Search vector: DenseVector 2-Double
 0,00478028
-0,00927422

[23.11.2015 18:31:44] DSK method started!
[23.11.2015 18:31:44] Step 1: f(alpha)=6,3758, f(alpha + h)=6,4040; k=0;
[23.11.2015 18:31:44] Step 3: a=0,1954, b=0,1974; Go to step 6!
[23.11.2015 18:31:44] Step 6: Interval is: [0,1954 ; 0,1974]
[23.11.2015 18:31:44] Dichotomy method has been started!
[23.11.2015 18:31:44] Counting: delta = eps / 10 = 0,0001
[23.11.2015 18:31:44] Step 1: counting alpha_1 = 0,1963, alpha_2 = 0,1965
[23.11.2015 18:31:44] Step 3: f(0,1963) = 6,3746 <= f(0,1965) = 6,3773; b = alpha_2 = 0,1965.
[23.11.2015 18:31:44] Step 4: (b-a)/2 = 0,0005 < eps = 0,0010; STOP SEARCHING!
[23.11.2015 18:31:44] Iter 0: Answer is in the range: [0,1954; 0,1965]
[23.11.2015 18:31:44] Step 5: alpha_end = (a+b)/2; Minimum x* is: 0,1959
[23.11.2015 18:31:44] Step 9: New alpha 0,1959076171875
[23.11.2015 18:31:44] Step 10: New local search point DenseVector 2-Double
0,0653061
  -0,5431

[23.11.2015 18:31:44] Step 11: Iteration end.
[23.11.2015 18:31:44] Step 2: ITERATION number 35
[23.11.2015 18:31:44] Step 5: Sk = DenseVector 2-Double
0,000936493
-0,00181689

[23.11.2015 18:31:44] Step 6: Yk = DenseVector 2-Double
4,26853
2,27049

[23.11.2015 18:31:44] Step 7: Quasi-Newton matrix: 
DenseMatrix 2x2-Double
-0,0273933   0,0519119
 0,0519119  -0,0983947

[23.11.2015 18:31:44] Step 8: Search vector: DenseVector 2-Double
 0,00403316
-0,00780422

[23.11.2015 18:31:44] DSK method started!
[23.11.2015 18:31:44] Step 1: f(alpha)=6,4856, f(alpha + h)=6,5101; k=0;
[23.11.2015 18:31:44] Step 3: a=0,1949, b=0,1969; Go to step 6!
[23.11.2015 18:31:44] Step 6: Interval is: [0,1949 ; 0,1969]
[23.11.2015 18:31:44] Dichotomy method has been started!
[23.11.2015 18:31:44] Counting: delta = eps / 10 = 0,0001
[23.11.2015 18:31:44] Step 1: counting alpha_1 = 0,1958, alpha_2 = 0,1960
[23.11.2015 18:31:44] Step 3: f(0,1958) = 6,4847 <= f(0,1960) = 6,4867; b = alpha_2 = 0,1960.
[23.11.2015 18:31:44] Step 4: (b-a)/2 = 0,0005 < eps = 0,0010; STOP SEARCHING!
[23.11.2015 18:31:44] Iter 0: Answer is in the range: [0,1949; 0,1960]
[23.11.2015 18:31:44] Step 5: alpha_end = (a+b)/2; Minimum x* is: 0,1955
[23.11.2015 18:31:44] Step 9: New alpha 0,1954576171875
[23.11.2015 18:31:44] Step 10: New local search point DenseVector 2-Double
0,0660944
-0,544625

[23.11.2015 18:31:44] Step 11: Iteration end.
[23.11.2015 18:31:44] Step 2: ITERATION number 36
[23.11.2015 18:31:44] Step 5: Sk = DenseVector 2-Double
0,000788311
-0,00152539

[23.11.2015 18:31:44] Step 6: Yk = DenseVector 2-Double
4,26513
2,25657

[23.11.2015 18:31:44] Step 7: Quasi-Newton matrix: 
DenseMatrix 2x2-Double
-0,0342097   0,065009
  0,065009  -0,123549

[23.11.2015 18:31:44] Step 8: Search vector: DenseVector 2-Double
 0,00339989
-0,00656562

[23.11.2015 18:31:44] DSK method started!
[23.11.2015 18:31:44] Step 1: f(alpha)=6,5774, f(alpha + h)=6,5967; k=0;
[23.11.2015 18:31:44] Step 3: a=0,1945, b=0,1965; Go to step 6!
[23.11.2015 18:31:44] Step 6: Interval is: [0,1945 ; 0,1965]
[23.11.2015 18:31:44] Dichotomy method has been started!
[23.11.2015 18:31:44] Counting: delta = eps / 10 = 0,0001
[23.11.2015 18:31:44] Step 1: counting alpha_1 = 0,1954, alpha_2 = 0,1956
[23.11.2015 18:31:44] Step 3: f(0,1954) = 6,5771 <= f(0,1956) = 6,5781; b = alpha_2 = 0,1956.
[23.11.2015 18:31:44] Step 4: (b-a)/2 = 0,0005 < eps = 0,0010; STOP SEARCHING!
[23.11.2015 18:31:44] Iter 0: Answer is in the range: [0,1945; 0,1956]
[23.11.2015 18:31:44] Step 5: alpha_end = (a+b)/2; Minimum x* is: 0,1950
[23.11.2015 18:31:44] Step 9: New alpha 0,1950076171875
[23.11.2015 18:31:44] Step 10: New local search point DenseVector 2-Double
0,0667574
-0,545905

[23.11.2015 18:31:44] Step 11: Iteration end.
[23.11.2015 18:31:44] Step 2: ITERATION number 37
[23.11.2015 18:31:44] Step 5: Sk = DenseVector 2-Double
0,000663005
-0,00128035

[23.11.2015 18:31:44] Step 6: Yk = DenseVector 2-Double
4,26073
2,24405

[23.11.2015 18:31:44] Step 7: Quasi-Newton matrix: 
DenseMatrix 2x2-Double
-0,0430617  0,0820558
 0,0820558  -0,156368

[23.11.2015 18:31:44] Step 8: Search vector: DenseVector 2-Double
 0,00284532
-0,00548699

[23.11.2015 18:31:44] DSK method started!
[23.11.2015 18:31:44] Step 1: f(alpha)=6,6546, f(alpha + h)=6,6674; k=0;
[23.11.2015 18:31:44] Step 3: a=0,1940, b=0,1960; Go to step 6!
[23.11.2015 18:31:44] Step 6: Interval is: [0,1940 ; 0,1960]
[23.11.2015 18:31:44] Dichotomy method has been started!
[23.11.2015 18:31:44] Counting: delta = eps / 10 = 0,0001
[23.11.2015 18:31:44] Step 1: counting alpha_1 = 0,1949, alpha_2 = 0,1951
[23.11.2015 18:31:44] Step 3: f(0,1949) = 6,6550 > f(0,1951) = 6,6546; a = alpha_1 = 0,1949.
[23.11.2015 18:31:44] Step 4: (b-a)/2 = 0,0005 < eps = 0,0010; STOP SEARCHING!
[23.11.2015 18:31:44] Iter 0: Answer is in the range: [0,1949; 0,1960]
[23.11.2015 18:31:44] Step 5: alpha_end = (a+b)/2; Minimum x* is: 0,1955
[23.11.2015 18:31:44] Step 9: New alpha 0,1954576171875
[23.11.2015 18:31:44] Step 10: New local search point DenseVector 2-Double
0,0673135
-0,546978

[23.11.2015 18:31:44] Step 11: Iteration end.
[23.11.2015 18:31:44] Step 2: ITERATION number 38
[23.11.2015 18:31:44] Step 5: Sk = DenseVector 2-Double
0,000556139
-0,00107247

[23.11.2015 18:31:44] Step 6: Yk = DenseVector 2-Double
 4,2752
2,24311

[23.11.2015 18:31:44] Step 7: Quasi-Newton matrix: 
DenseMatrix 2x2-Double
-0,0540443  0,103253
  0,103253  -0,19727

[23.11.2015 18:31:44] Step 8: Search vector: DenseVector 2-Double
 0,00234612
-0,00452046

[23.11.2015 18:31:44] DSK method started!
[23.11.2015 18:31:44] Step 1: f(alpha)=6,7232, f(alpha + h)=6,7549; k=0;
[23.11.2015 18:31:44] Step 3: b=0,1955, alpha1=0,1965, h=-0,0010, k=2.
[23.11.2015 18:31:44] Step 4: alphak=0,1935
[23.11.2015 18:31:44] Step 5: h < 0; a=alphak0,1935
[23.11.2015 18:31:44] Step 6: Interval is: [0,1935 ; 0,1955]
[23.11.2015 18:31:44] Dichotomy method has been started!
[23.11.2015 18:31:44] Counting: delta = eps / 10 = 0,0001
[23.11.2015 18:31:44] Step 1: counting alpha_1 = 0,1944, alpha_2 = 0,1946
[23.11.2015 18:31:44] Step 3: f(0,1944) = 6,7225 > f(0,1946) = 6,7200; a = alpha_1 = 0,1944.
[23.11.2015 18:31:44] Step 4: (b-a)/2 = 0,0005 < eps = 0,0010; STOP SEARCHING!
[23.11.2015 18:31:44] Iter 0: Answer is in the range: [0,1944; 0,1955]
[23.11.2015 18:31:44] Step 5: alpha_end = (a+b)/2; Minimum x* is: 0,1949
[23.11.2015 18:31:44] Step 9: New alpha 0,1949076171875
[23.11.2015 18:31:44] Step 10: New local search point DenseVector 2-Double
0,0677708
-0,547859

[23.11.2015 18:31:44] Step 11: Iteration end.
[23.11.2015 18:31:44] Step 2: ITERATION number 39
[23.11.2015 18:31:44] Step 5: Sk = DenseVector 2-Double
 0,000457276
-0,000881072

[23.11.2015 18:31:44] Step 6: Yk = DenseVector 2-Double
4,26743
 2,2312

[23.11.2015 18:31:44] Step 7: Quasi-Newton matrix: 
DenseMatrix 2x2-Double
-0,0657643   0,125987
  0,125987  -0,241359

[23.11.2015 18:31:44] Step 8: Search vector: DenseVector 2-Double
 0,00222858
-0,00428877

[23.11.2015 18:31:44] DSK method started!
[23.11.2015 18:31:44] Step 1: f(alpha)=6,7793, f(alpha + h)=6,8000; k=0;
[23.11.2015 18:31:44] Step 3: a=0,1939, b=0,1959; Go to step 6!
[23.11.2015 18:31:44] Step 6: Interval is: [0,1939 ; 0,1959]
[23.11.2015 18:31:44] Dichotomy method has been started!
[23.11.2015 18:31:44] Counting: delta = eps / 10 = 0,0001
[23.11.2015 18:31:44] Step 1: counting alpha_1 = 0,1948, alpha_2 = 0,1950
[23.11.2015 18:31:44] Step 3: f(0,1948) = 6,7789 <= f(0,1950) = 6,7801; b = alpha_2 = 0,1950.
[23.11.2015 18:31:44] Step 4: (b-a)/2 = 0,0005 < eps = 0,0010; STOP SEARCHING!
[23.11.2015 18:31:44] Iter 0: Answer is in the range: [0,1939; 0,1950]
