[23.11.2015 18:26:31] DFP method started
[23.11.2015 18:26:31] Input data. Start point DenseVector 2-Double
0
0
, epsilon 0,01000
[23.11.2015 18:26:31] Step 1: K = 0
[23.11.2015 18:26:31] Step 2: ITERATION number 0
[23.11.2015 18:26:31] Step 4: K==0, go to step 8.
[23.11.2015 18:26:31] Step 8: Search vector: DenseVector 2-Double
14,021
22,013

[23.11.2015 18:26:31] DSK method started!
[23.11.2015 18:26:31] Step 1: f(alpha)=168,5752, f(alpha + h)=167,8195; k=0;
[23.11.2015 18:26:31] Step 2: a=0,0010, alpha1=0,0020, k=2; Go to step 4!
[23.11.2015 18:26:31] Step 4: alphak=0,0030
[23.11.2015 18:26:31] Step 5: h > 0; a=alpha(k-1)=0,0020
[23.11.2015 18:26:31] k = k + 1 = 3; Go to step 4!
[23.11.2015 18:26:31] Step 4: alphak=0,0050
[23.11.2015 18:26:31] Step 5: h > 0; a=alpha(k-1)=0,0030
[23.11.2015 18:26:31] k = k + 1 = 4; Go to step 4!
[23.11.2015 18:26:31] Step 4: alphak=0,0090
[23.11.2015 18:26:31] Step 5: h > 0; a=alpha(k-1)=0,0050
[23.11.2015 18:26:31] k = k + 1 = 5; Go to step 4!
[23.11.2015 18:26:31] Step 4: alphak=0,0170
[23.11.2015 18:26:31] Step 5: h > 0; a=alpha(k-1)=0,0090
[23.11.2015 18:26:31] k = k + 1 = 6; Go to step 4!
[23.11.2015 18:26:31] Step 4: alphak=0,0330
[23.11.2015 18:26:31] Step 5: h > 0; a=alpha(k-1)=0,0170
[23.11.2015 18:26:31] k = k + 1 = 7; Go to step 4!
[23.11.2015 18:26:31] Step 4: alphak=0,0650
[23.11.2015 18:26:31] Step 5: h > 0; a=alpha(k-1)=0,0330
[23.11.2015 18:26:31] k = k + 1 = 8; Go to step 4!
[23.11.2015 18:26:31] Step 4: alphak=0,1290
[23.11.2015 18:26:31] Step 5: h > 0; a=alpha(k-1)=0,0650
[23.11.2015 18:26:31] k = k + 1 = 9; Go to step 4!
[23.11.2015 18:26:31] Step 4: alphak=0,2570
[23.11.2015 18:26:31] Step 5: h > 0; b=alphak=0,2570
[23.11.2015 18:26:31] Step 6: Interval is: [0,0650 ; 0,2570]
[23.11.2015 18:26:31] Dichotomy method has been started!
[23.11.2015 18:26:31] Counting: delta = eps / 10 = 0,0001
[23.11.2015 18:26:31] Step 1: counting alpha_1 = 0,1609, alpha_2 = 0,1611
[23.11.2015 18:26:31] Step 3: f(0,1609) = 79,2662 <= f(0,1611) = 79,8313; b = alpha_2 = 0,1611.
[23.11.2015 18:26:31] Iter 0: Answer is in the range: [0,0650; 0,1611]
[23.11.2015 18:26:31] Step 1: counting alpha_1 = 0,1130, alpha_2 = 0,1132
[23.11.2015 18:26:31] Step 3: f(0,1130) = 33,6650 > f(0,1132) = 33,5719; a = alpha_1 = 0,1130.
[23.11.2015 18:26:31] Iter 1: Answer is in the range: [0,1130; 0,1611]
[23.11.2015 18:26:31] Step 1: counting alpha_1 = 0,1369, alpha_2 = 0,1371
[23.11.2015 18:26:31] Step 3: f(0,1369) = 36,8714 <= f(0,1371) = 37,0408; b = alpha_2 = 0,1371.
[23.11.2015 18:26:31] Iter 2: Answer is in the range: [0,1130; 0,1371]
[23.11.2015 18:26:31] Step 1: counting alpha_1 = 0,1249, alpha_2 = 0,1251
[23.11.2015 18:26:31] Step 3: f(0,1249) = 31,3488 <= f(0,1251) = 31,3715; b = alpha_2 = 0,1251.
[23.11.2015 18:26:31] Iter 3: Answer is in the range: [0,1130; 0,1251]
[23.11.2015 18:26:31] Step 1: counting alpha_1 = 0,1189, alpha_2 = 0,1191
[23.11.2015 18:26:31] Step 3: f(0,1189) = 31,6412 > f(0,1191) = 31,6023; a = alpha_1 = 0,1189.
[23.11.2015 18:26:31] Iter 4: Answer is in the range: [0,1189; 0,1251]
[23.11.2015 18:26:31] Step 1: counting alpha_1 = 0,1219, alpha_2 = 0,1221
[23.11.2015 18:26:31] Step 3: f(0,1219) = 31,2647 > f(0,1221) = 31,2556; a = alpha_1 = 0,1219.
[23.11.2015 18:26:31] Iter 5: Answer is in the range: [0,1219; 0,1251]
[23.11.2015 18:26:31] Step 1: counting alpha_1 = 0,1234, alpha_2 = 0,1236
[23.11.2015 18:26:31] Step 3: f(0,1234) = 31,2474 <= f(0,1236) = 31,2540; b = alpha_2 = 0,1236.
[23.11.2015 18:26:31] Step 4: (b-a)/2 = 0,0008 < eps = 0,0010; STOP SEARCHING!
[23.11.2015 18:26:31] Iter 6: Answer is in the range: [0,1219; 0,1236]
[23.11.2015 18:26:31] Step 5: alpha_end = (a+b)/2; Minimum x* is: 0,1228
[23.11.2015 18:26:31] Step 9: New alpha 0,122789843797497
[23.11.2015 18:26:31] Step 10: New local search point DenseVector 2-Double
1,72164
2,70297

[23.11.2015 18:26:31] Step 11: Iteration end.
[23.11.2015 18:26:31] Step 2: ITERATION number 1
[23.11.2015 18:26:31] Step 5: Sk = DenseVector 2-Double
1,72164
2,70297

[23.11.2015 18:26:31] Step 6: Yk = DenseVector 2-Double
-15,7192
 39,2257

[23.11.2015 18:26:31] Step 7: Quasi-Newton matrix: 
DenseMatrix 2x2-Double
0,899168   0,40422
 0,40422  0,230894

[23.11.2015 18:26:31] Step 8: Search vector: DenseVector 2-Double
 22,721
9,44547

[23.11.2015 18:26:31] DSK method started!
[23.11.2015 18:26:31] Step 1: f(alpha)=1003810,4810, f(alpha + h)=1043319,8035; k=0;
[23.11.2015 18:26:31] Step 3: b=0,1228, alpha1=0,1238, h=-0,0010, k=2.
[23.11.2015 18:26:31] Step 4: alphak=0,1208
[23.11.2015 18:26:31] Step 5: h > 0; b=alpha(k-1)=0,1218
[23.11.2015 18:26:31] k = k + 1 = 3; Go to step 4!
[23.11.2015 18:26:31] Step 4: alphak=0,1188
[23.11.2015 18:26:31] Step 5: h > 0; b=alpha(k-1)=0,1208
[23.11.2015 18:26:31] k = k + 1 = 4; Go to step 4!
[23.11.2015 18:26:31] Step 4: alphak=0,1148
[23.11.2015 18:26:31] Step 5: h > 0; b=alpha(k-1)=0,1188
[23.11.2015 18:26:31] k = k + 1 = 5; Go to step 4!
[23.11.2015 18:26:31] Step 4: alphak=0,1068
[23.11.2015 18:26:31] Step 5: h > 0; b=alpha(k-1)=0,1148
[23.11.2015 18:26:31] k = k + 1 = 6; Go to step 4!
[23.11.2015 18:26:31] Step 4: alphak=0,0908
[23.11.2015 18:26:31] Step 5: h > 0; b=alpha(k-1)=0,1068
[23.11.2015 18:26:31] k = k + 1 = 7; Go to step 4!
[23.11.2015 18:26:31] Step 4: alphak=0,0588
[23.11.2015 18:26:31] Step 5: h > 0; b=alpha(k-1)=0,0908
[23.11.2015 18:26:31] k = k + 1 = 8; Go to step 4!
[23.11.2015 18:26:31] Step 4: alphak=-0,0052
[23.11.2015 18:26:31] Step 5: h > 0; b=alpha(k-1)=0,0588
[23.11.2015 18:26:31] k = k + 1 = 9; Go to step 4!
[23.11.2015 18:26:31] Step 4: alphak=-0,1332
[23.11.2015 18:26:31] Step 5: h < 0; a=alphak-0,1332
[23.11.2015 18:26:31] Step 6: Interval is: [-0,1332 ; 0,0588]
[23.11.2015 18:26:31] Dichotomy method has been started!
[23.11.2015 18:26:31] Counting: delta = eps / 10 = 0,0001
[23.11.2015 18:26:31] Step 1: counting alpha_1 = -0,0373, alpha_2 = -0,0371
[23.11.2015 18:26:31] Step 3: f(-0,0373) = 75471,1387 > f(-0,0371) = 74340,1796; a = alpha_1 = -0,0373.
[23.11.2015 18:26:31] Iter 0: Answer is in the range: [-0,0373; 0,0588]
[23.11.2015 18:26:31] Step 1: counting alpha_1 = 0,0106, alpha_2 = 0,0108
[23.11.2015 18:26:31] Step 3: f(0,0106) = 62,4661 <= f(0,0108) = 66,8819; b = alpha_2 = 0,0108.
[23.11.2015 18:26:31] Iter 1: Answer is in the range: [-0,0373; 0,0108]
[23.11.2015 18:26:31] Step 1: counting alpha_1 = -0,0133, alpha_2 = -0,0131
[23.11.2015 18:26:31] Step 3: f(-0,0133) = 6411,0305 > f(-0,0131) = 6224,4290; a = alpha_1 = -0,0133.
[23.11.2015 18:26:31] Iter 2: Answer is in the range: [-0,0133; 0,0108]
[23.11.2015 18:26:31] Step 1: counting alpha_1 = -0,0013, alpha_2 = -0,0011
[23.11.2015 18:26:31] Step 3: f(-0,0013) = 523,8809 > f(-0,0011) = 491,1867; a = alpha_1 = -0,0013.
[23.11.2015 18:26:31] Iter 3: Answer is in the range: [-0,0013; 0,0108]
[23.11.2015 18:26:31] Step 1: counting alpha_1 = 0,0046, alpha_2 = 0,0048
[23.11.2015 18:26:31] Step 3: f(0,0046) = 21,2273 > f(0,0048) = 17,2167; a = alpha_1 = 0,0046.
[23.11.2015 18:26:31] Iter 4: Answer is in the range: [0,0046; 0,0108]
[23.11.2015 18:26:31] Step 1: counting alpha_1 = 0,0076, alpha_2 = 0,0078
[23.11.2015 18:26:31] Step 3: f(0,0076) = 9,9884 <= f(0,0078) = 12,1643; b = alpha_2 = 0,0078.
[23.11.2015 18:26:31] Iter 5: Answer is in the range: [0,0046; 0,0078]
[23.11.2015 18:26:31] Step 1: counting alpha_1 = 0,0061, alpha_2 = 0,0063
[23.11.2015 18:26:31] Step 3: f(0,0061) = 3,7815 > f(0,0063) = 3,4273; a = alpha_1 = 0,0061.
[23.11.2015 18:26:31] Step 4: (b-a)/2 = 0,0008 < eps = 0,0010; STOP SEARCHING!
[23.11.2015 18:26:31] Iter 6: Answer is in the range: [0,0061; 0,0078]
[23.11.2015 18:26:31] Step 5: alpha_end = (a+b)/2; Minimum x* is: 0,0070
[23.11.2015 18:26:31] Step 9: New alpha 0,00699375004749743
[23.11.2015 18:26:31] Step 10: New local search point DenseVector 2-Double
1,88054
2,76903

[23.11.2015 18:26:31] Step 11: Iteration end.
[23.11.2015 18:26:31] Step 2: ITERATION number 2
[23.11.2015 18:26:31] Step 5: Sk = DenseVector 2-Double
 0,158905
0,0660592

[23.11.2015 18:26:31] Step 6: Yk = DenseVector 2-Double
 2,4786
7,59393

[23.11.2015 18:26:31] Step 7: Quasi-Newton matrix: 
DenseMatrix 2x2-Double
  0,103074  -0,0127173
-0,0127173   0,0128498

[23.11.2015 18:26:31] Step 8: Search vector: DenseVector 2-Double
 3,35317
-0,62908

[23.11.2015 18:26:31] DSK method started!
[23.11.2015 18:26:31] Step 1: f(alpha)=19,3580, f(alpha + h)=18,2414; k=0;
[23.11.2015 18:26:31] Step 2: a=0,0070, alpha1=0,0080, k=2; Go to step 4!
[23.11.2015 18:26:31] Step 4: alphak=0,0090
[23.11.2015 18:26:31] Step 5: h > 0; a=alpha(k-1)=0,0080
[23.11.2015 18:26:31] k = k + 1 = 3; Go to step 4!
[23.11.2015 18:26:31] Step 4: alphak=0,0110
[23.11.2015 18:26:31] Step 5: h > 0; a=alpha(k-1)=0,0090
[23.11.2015 18:26:31] k = k + 1 = 4; Go to step 4!
[23.11.2015 18:26:31] Step 4: alphak=0,0150
[23.11.2015 18:26:31] Step 5: h > 0; a=alpha(k-1)=0,0110
[23.11.2015 18:26:31] k = k + 1 = 5; Go to step 4!
[23.11.2015 18:26:31] Step 4: alphak=0,0230
[23.11.2015 18:26:31] Step 5: h > 0; a=alpha(k-1)=0,0150
[23.11.2015 18:26:31] k = k + 1 = 6; Go to step 4!
[23.11.2015 18:26:31] Step 4: alphak=0,0390
[23.11.2015 18:26:31] Step 5: h > 0; a=alpha(k-1)=0,0230
[23.11.2015 18:26:31] k = k + 1 = 7; Go to step 4!
[23.11.2015 18:26:31] Step 4: alphak=0,0710
[23.11.2015 18:26:31] Step 5: h > 0; b=alphak=0,0710
[23.11.2015 18:26:31] Step 6: Interval is: [0,0230 ; 0,0710]
[23.11.2015 18:26:31] Dichotomy method has been started!
[23.11.2015 18:26:31] Counting: delta = eps / 10 = 0,0001
[23.11.2015 18:26:31] Step 1: counting alpha_1 = 0,0469, alpha_2 = 0,0471
[23.11.2015 18:26:31] Step 3: f(0,0469) = 3,3477 <= f(0,0471) = 3,4830; b = alpha_2 = 0,0471.
[23.11.2015 18:26:31] Iter 0: Answer is in the range: [0,0230; 0,0471]
[23.11.2015 18:26:31] Step 1: counting alpha_1 = 0,0349, alpha_2 = 0,0351
[23.11.2015 18:26:31] Step 3: f(0,0349) = 0,1502 > f(0,0351) = 0,1322; a = alpha_1 = 0,0349.
[23.11.2015 18:26:31] Iter 1: Answer is in the range: [0,0349; 0,0471]
[23.11.2015 18:26:31] Step 1: counting alpha_1 = 0,0409, alpha_2 = 0,0411
[23.11.2015 18:26:31] Step 3: f(0,0409) = 0,6079 <= f(0,0411) = 0,6608; b = alpha_2 = 0,0411.
[23.11.2015 18:26:31] Iter 2: Answer is in the range: [0,0349; 0,0411]
[23.11.2015 18:26:31] Step 1: counting alpha_1 = 0,0379, alpha_2 = 0,0381
[23.11.2015 18:26:31] Step 3: f(0,0379) = 0,1151 <= f(0,0381) = 0,1311; b = alpha_2 = 0,0381.
[23.11.2015 18:26:31] Iter 3: Answer is in the range: [0,0349; 0,0381]
[23.11.2015 18:26:31] Step 1: counting alpha_1 = 0,0364, alpha_2 = 0,0366
[23.11.2015 18:26:31] Step 3: f(0,0364) = 0,0692 > f(0,0366) = 0,0679; a = alpha_1 = 0,0364.
[23.11.2015 18:26:31] Step 4: (b-a)/2 = 0,0008 < eps = 0,0010; STOP SEARCHING!
[23.11.2015 18:26:31] Iter 4: Answer is in the range: [0,0364; 0,0381]
[23.11.2015 18:26:31] Step 5: alpha_end = (a+b)/2; Minimum x* is: 0,0373
[23.11.2015 18:26:31] Step 9: New alpha 0,0372843750474974
[23.11.2015 18:26:31] Step 10: New local search point DenseVector 2-Double
2,00556
2,74558

[23.11.2015 18:26:31] Step 11: Iteration end.
[23.11.2015 18:26:31] Step 2: ITERATION number 3
[23.11.2015 18:26:31] Step 5: Sk = DenseVector 2-Double
  0,125021
-0,0234549

[23.11.2015 18:26:32] Step 6: Yk = DenseVector 2-Double
 1,46073
0,618493

[23.11.2015 18:26:32] Step 7: Quasi-Newton matrix: 
DenseMatrix 2x2-Double
 0,0951769  -0,0226464
-0,0226464   0,0155625

[23.11.2015 18:26:32] Step 8: Search vector: DenseVector 2-Double
  3,18741
-0,970423

[23.11.2015 18:26:32] DSK method started!
[23.11.2015 18:26:32] Step 1: f(alpha)=0,4793, f(alpha + h)=0,7154; k=0;
[23.11.2015 18:26:32] Step 3: b=0,0373, alpha1=0,0383, h=-0,0010, k=2.
[23.11.2015 18:26:32] Step 4: alphak=0,0353
[23.11.2015 18:26:32] Step 5: h > 0; b=alpha(k-1)=0,0363
[23.11.2015 18:26:32] k = k + 1 = 3; Go to step 4!
[23.11.2015 18:26:32] Step 4: alphak=0,0333
[23.11.2015 18:26:32] Step 5: h > 0; b=alpha(k-1)=0,0353
[23.11.2015 18:26:32] k = k + 1 = 4; Go to step 4!
[23.11.2015 18:26:32] Step 4: alphak=0,0293
[23.11.2015 18:26:32] Step 5: h < 0; a=alphak0,0293
[23.11.2015 18:26:32] Step 6: Interval is: [0,0293 ; 0,0353]
[23.11.2015 18:26:32] Dichotomy method has been started!
[23.11.2015 18:26:32] Counting: delta = eps / 10 = 0,0001
[23.11.2015 18:26:32] Step 1: counting alpha_1 = 0,0322, alpha_2 = 0,0324
[23.11.2015 18:26:32] Step 3: f(0,0322) = 0,0365 > f(0,0324) = 0,0308; a = alpha_1 = 0,0322.
[23.11.2015 18:26:32] Iter 0: Answer is in the range: [0,0322; 0,0353]
[23.11.2015 18:26:32] Step 1: counting alpha_1 = 0,0336, alpha_2 = 0,0338
[23.11.2015 18:26:32] Step 3: f(0,0336) = 0,0368 <= f(0,0338) = 0,0445; b = alpha_2 = 0,0338.
[23.11.2015 18:26:32] Step 4: (b-a)/2 = 0,0008 < eps = 0,0010; STOP SEARCHING!
[23.11.2015 18:26:32] Iter 1: Answer is in the range: [0,0322; 0,0338]
[23.11.2015 18:26:32] Step 5: alpha_end = (a+b)/2; Minimum x* is: 0,0330
[23.11.2015 18:26:32] Step 9: New alpha 0,0330093750474974
[23.11.2015 18:26:32] Step 10: New local search point DenseVector 2-Double
2,11078
2,71354

[23.11.2015 18:26:32] Step 11: Iteration end.
[23.11.2015 18:26:32] Step 2: ITERATION number 4
[23.11.2015 18:26:32] Step 5: Sk = DenseVector 2-Double
  0,105214
-0,0320331

[23.11.2015 18:26:32] Step 6: Yk = DenseVector 2-Double
  1,54991
-0,307714

[23.11.2015 18:26:32] Step 7: Quasi-Newton matrix: 
DenseMatrix 2x2-Double
 0,0643791  -0,0176549
-0,0176549    0,015175

[23.11.2015 18:26:32] Step 8: Search vector: DenseVector 2-Double
  2,09922
-0,786197

[23.11.2015 18:26:32] DSK method started!
[23.11.2015 18:26:32] Step 1: f(alpha)=0,0750, f(alpha + h)=0,1406; k=0;
[23.11.2015 18:26:32] Step 3: b=0,0330, alpha1=0,0340, h=-0,0010, k=2.
[23.11.2015 18:26:32] Step 4: alphak=0,0310
[23.11.2015 18:26:32] Step 5: h < 0; a=alphak0,0310
[23.11.2015 18:26:32] Step 6: Interval is: [0,0310 ; 0,0330]
[23.11.2015 18:26:32] Dichotomy method has been started!
[23.11.2015 18:26:32] Counting: delta = eps / 10 = 0,0001
[23.11.2015 18:26:32] Step 1: counting alpha_1 = 0,0319, alpha_2 = 0,0321
[23.11.2015 18:26:32] Step 3: f(0,0319) = 0,0538 > f(0,0321) = 0,0537; a = alpha_1 = 0,0319.
[23.11.2015 18:26:32] Step 4: (b-a)/2 = 0,0006 < eps = 0,0010; STOP SEARCHING!
[23.11.2015 18:26:32] Iter 0: Answer is in the range: [0,0319; 0,0330]
[23.11.2015 18:26:32] Step 5: alpha_end = (a+b)/2; Minimum x* is: 0,0325
[23.11.2015 18:26:32] Step 9: New alpha 0,0324593750474974
[23.11.2015 18:26:32] Step 10: New local search point DenseVector 2-Double
2,17892
2,68802

[23.11.2015 18:26:32] Step 11: Iteration end.
[23.11.2015 18:26:32] Step 2: ITERATION number 5
[23.11.2015 18:26:32] Step 5: Sk = DenseVector 2-Double
 0,0681395
-0,0255195

[23.11.2015 18:26:32] Step 6: Yk = DenseVector 2-Double
   1,1971
-0,491006

[23.11.2015 18:26:32] Step 7: Quasi-Newton matrix: 
DenseMatrix 2x2-Double
 0,0507156  -0,0151275
-0,0151275    0,015092

[23.11.2015 18:26:32] Step 8: Search vector: DenseVector 2-Double
  1,61043
-0,690493

[23.11.2015 18:26:32] DSK method started!
[23.11.2015 18:26:32] Step 1: f(alpha)=0,1038, f(alpha + h)=0,1718; k=0;
[23.11.2015 18:26:32] Step 3: b=0,0325, alpha1=0,0335, h=-0,0010, k=2.
[23.11.2015 18:26:32] Step 4: alphak=0,0305
[23.11.2015 18:26:32] Step 5: h < 0; a=alphak0,0305
[23.11.2015 18:26:32] Step 6: Interval is: [0,0305 ; 0,0325]
[23.11.2015 18:26:32] Dichotomy method has been started!
[23.11.2015 18:26:32] Counting: delta = eps / 10 = 0,0001
[23.11.2015 18:26:32] Step 1: counting alpha_1 = 0,0314, alpha_2 = 0,0316
[23.11.2015 18:26:32] Step 3: f(0,0314) = 0,0766 <= f(0,0316) = 0,0779; b = alpha_2 = 0,0316.
[23.11.2015 18:26:32] Step 4: (b-a)/2 = 0,0006 < eps = 0,0010; STOP SEARCHING!
[23.11.2015 18:26:32] Iter 0: Answer is in the range: [0,0305; 0,0316]
[23.11.2015 18:26:32] Step 5: alpha_end = (a+b)/2; Minimum x* is: 0,0310
[23.11.2015 18:26:32] Step 9: New alpha 0,0310093750474974
[23.11.2015 18:26:32] Step 10: New local search point DenseVector 2-Double
2,22885
2,66661

[23.11.2015 18:26:32] Step 11: Iteration end.
[23.11.2015 18:26:32] Step 2: ITERATION number 6
[23.11.2015 18:26:32] Step 5: Sk = DenseVector 2-Double
 0,0499384
-0,0214118

[23.11.2015 18:26:32] Step 6: Yk = DenseVector 2-Double
  0,96995
-0,517101

[23.11.2015 18:26:32] Step 7: Quasi-Newton matrix: 
DenseMatrix 2x2-Double
 0,0440503  -0,0139467
-0,0139467   0,0152468

[23.11.2015 18:26:32] Step 8: Search vector: DenseVector 2-Double
  1,36502
-0,641145

[23.11.2015 18:26:32] DSK method started!
[23.11.2015 18:26:32] Step 1: f(alpha)=0,1023, f(alpha + h)=0,1309; k=0;
[23.11.2015 18:26:32] Step 3: a=0,0300, b=0,0320; Go to step 6!
[23.11.2015 18:26:32] Step 6: Interval is: [0,0300 ; 0,0320]
[23.11.2015 18:26:32] Dichotomy method has been started!
[23.11.2015 18:26:32] Counting: delta = eps / 10 = 0,0001
[23.11.2015 18:26:32] Step 1: counting alpha_1 = 0,0309, alpha_2 = 0,0311
[23.11.2015 18:26:32] Step 3: f(0,0309) = 0,1016 <= f(0,0311) = 0,1034; b = alpha_2 = 0,0311.
[23.11.2015 18:26:32] Step 4: (b-a)/2 = 0,0006 < eps = 0,0010; STOP SEARCHING!
[23.11.2015 18:26:32] Iter 0: Answer is in the range: [0,0300; 0,0311]
[23.11.2015 18:26:32] Step 5: alpha_end = (a+b)/2; Minimum x* is: 0,0306
[23.11.2015 18:26:32] Step 9: New alpha 0,0305593750474974
[23.11.2015 18:26:32] Step 10: New local search point DenseVector 2-Double
2,27057
2,64702

[23.11.2015 18:26:32] Step 11: Iteration end.
[23.11.2015 18:26:32] Step 2: ITERATION number 7
[23.11.2015 18:26:32] Step 5: Sk = DenseVector 2-Double
 0,041714
-0,019593

[23.11.2015 18:26:32] Step 6: Yk = DenseVector 2-Double
 0,873705
-0,524439

[23.11.2015 18:26:32] Step 7: Quasi-Newton matrix: 
DenseMatrix 2x2-Double
 0,0398369  -0,0131728
-0,0131728   0,0154143

[23.11.2015 18:26:32] Step 8: Search vector: DenseVector 2-Double
   1,2036
-0,605375

[23.11.2015 18:26:32] DSK method started!
[23.11.2015 18:26:32] Step 1: f(alpha)=0,1224, f(alpha + h)=0,1492; k=0;
[23.11.2015 18:26:32] Step 3: a=0,0296, b=0,0316; Go to step 6!
[23.11.2015 18:26:32] Step 6: Interval is: [0,0296 ; 0,0316]
[23.11.2015 18:26:32] Dichotomy method has been started!
[23.11.2015 18:26:32] Counting: delta = eps / 10 = 0,0001
[23.11.2015 18:26:32] Step 1: counting alpha_1 = 0,0305, alpha_2 = 0,0307
[23.11.2015 18:26:32] Step 3: f(0,0305) = 0,1217 <= f(0,0307) = 0,1235; b = alpha_2 = 0,0307.
[23.11.2015 18:26:32] Step 4: (b-a)/2 = 0,0006 < eps = 0,0010; STOP SEARCHING!
[23.11.2015 18:26:32] Iter 0: Answer is in the range: [0,0296; 0,0307]
[23.11.2015 18:26:32] Step 5: alpha_end = (a+b)/2; Minimum x* is: 0,0301
[23.11.2015 18:26:32] Step 9: New alpha 0,0301093750474974
[23.11.2015 18:26:32] Step 10: New local search point DenseVector 2-Double
2,30681
2,62879

[23.11.2015 18:26:32] Step 11: Iteration end.
[23.11.2015 18:26:32] Step 2: ITERATION number 8
[23.11.2015 18:26:32] Step 5: Sk = DenseVector 2-Double
 0,0362397
-0,0182275

[23.11.2015 18:26:32] Step 6: Yk = DenseVector 2-Double
 0,808096
-0,516103

[23.11.2015 18:26:32] Step 7: Quasi-Newton matrix: 
DenseMatrix 2x2-Double
  0,036797  -0,0126025
-0,0126025   0,0155849

[23.11.2015 18:26:32] Step 8: Search vector: DenseVector 2-Double
  1,08374
-0,576502

[23.11.2015 18:26:32] DSK method started!
[23.11.2015 18:26:32] Step 1: f(alpha)=0,1401, f(alpha + h)=0,1628; k=0;
[23.11.2015 18:26:32] Step 3: a=0,0291, b=0,0311; Go to step 6!
[23.11.2015 18:26:32] Step 6: Interval is: [0,0291 ; 0,0311]
[23.11.2015 18:26:32] Dichotomy method has been started!
[23.11.2015 18:26:32] Counting: delta = eps / 10 = 0,0001
[23.11.2015 18:26:32] Step 1: counting alpha_1 = 0,0300, alpha_2 = 0,0302
[23.11.2015 18:26:32] Step 3: f(0,0300) = 0,1397 <= f(0,0302) = 0,1409; b = alpha_2 = 0,0302.
[23.11.2015 18:26:32] Step 4: (b-a)/2 = 0,0006 < eps = 0,0010; STOP SEARCHING!
[23.11.2015 18:26:32] Iter 0: Answer is in the range: [0,0291; 0,0302]
[23.11.2015 18:26:32] Step 5: alpha_end = (a+b)/2; Minimum x* is: 0,0297
[23.11.2015 18:26:32] Step 9: New alpha 0,0296593750474974
[23.11.2015 18:26:32] Step 10: New local search point DenseVector 2-Double
2,33895
2,61169

[23.11.2015 18:26:32] Step 11: Iteration end.
[23.11.2015 18:26:32] Step 2: ITERATION number 9
[23.11.2015 18:26:32] Step 5: Sk = DenseVector 2-Double
 0,0321431
-0,0170987

[23.11.2015 18:26:32] Step 6: Yk = DenseVector 2-Double
 0,755743
-0,501591

[23.11.2015 18:26:32] Step 7: Quasi-Newton matrix: 
DenseMatrix 2x2-Double
 0,0344583  -0,0121642
-0,0121642   0,0157611

[23.11.2015 18:26:32] Step 8: Search vector: DenseVector 2-Double
 0,989401
-0,552295

[23.11.2015 18:26:32] DSK method started!
[23.11.2015 18:26:32] Step 1: f(alpha)=0,1560, f(alpha + h)=0,1731; k=0;
[23.11.2015 18:26:32] Step 3: a=0,0287, b=0,0307; Go to step 6!
[23.11.2015 18:26:32] Step 6: Interval is: [0,0287 ; 0,0307]
[23.11.2015 18:26:32] Dichotomy method has been started!
[23.11.2015 18:26:32] Counting: delta = eps / 10 = 0,0001
[23.11.2015 18:26:32] Step 1: counting alpha_1 = 0,0296, alpha_2 = 0,0298
[23.11.2015 18:26:32] Step 3: f(0,0296) = 0,1560 <= f(0,0298) = 0,1563; b = alpha_2 = 0,0298.
[23.11.2015 18:26:32] Step 4: (b-a)/2 = 0,0006 < eps = 0,0010; STOP SEARCHING!
[23.11.2015 18:26:32] Iter 0: Answer is in the range: [0,0287; 0,0298]
[23.11.2015 18:26:32] Step 5: alpha_end = (a+b)/2; Minimum x* is: 0,0292
[23.11.2015 18:26:32] Step 9: New alpha 0,0292093750474974
[23.11.2015 18:26:32] Step 10: New local search point DenseVector 2-Double
2,36785
2,59556

[23.11.2015 18:26:32] Step 11: Iteration end.
[23.11.2015 18:26:32] Step 2: ITERATION number 10
[23.11.2015 18:26:32] Step 5: Sk = DenseVector 2-Double
 0,0288998
-0,0161322

[23.11.2015 18:26:32] Step 6: Yk = DenseVector 2-Double
 0,711072
-0,484787

[23.11.2015 18:26:32] Step 7: Quasi-Newton matrix: 
DenseMatrix 2x2-Double
0,0325854  -0,011818
-0,011818  0,0159426

[23.11.2015 18:26:32] Step 8: Search vector: DenseVector 2-Double
 0,912384
-0,531452

[23.11.2015 18:26:32] DSK method started!
[23.11.2015 18:26:32] Step 1: f(alpha)=0,1706, f(alpha + h)=0,1815; k=0;
[23.11.2015 18:26:32] Step 3: a=0,0282, b=0,0302; Go to step 6!
[23.11.2015 18:26:32] Step 6: Interval is: [0,0282 ; 0,0302]
[23.11.2015 18:26:32] Dichotomy method has been started!
[23.11.2015 18:26:32] Counting: delta = eps / 10 = 0,0001
[23.11.2015 18:26:32] Step 1: counting alpha_1 = 0,0291, alpha_2 = 0,0293
[23.11.2015 18:26:32] Step 3: f(0,0291) = 0,1711 > f(0,0293) = 0,1703; a = alpha_1 = 0,0291.
[23.11.2015 18:26:32] Step 4: (b-a)/2 = 0,0006 < eps = 0,0010; STOP SEARCHING!
[23.11.2015 18:26:32] Iter 0: Answer is in the range: [0,0291; 0,0302]
[23.11.2015 18:26:32] Step 5: alpha_end = (a+b)/2; Minimum x* is: 0,0297
[23.11.2015 18:26:32] Step 9: New alpha 0,0296593750474974
[23.11.2015 18:26:32] Step 10: New local search point DenseVector 2-Double
2,39491
 2,5798

[23.11.2015 18:26:32] Step 11: Iteration end.
[23.11.2015 18:26:32] Step 2: ITERATION number 11
[23.11.2015 18:26:32] Step 5: Sk = DenseVector 2-Double
 0,0270607
-0,0157625

[23.11.2015 18:26:32] Step 6: Yk = DenseVector 2-Double
 0,693892
-0,481994

[23.11.2015 18:26:32] Step 7: Quasi-Newton matrix: 
DenseMatrix 2x2-Double
0,0309971  -0,011519
-0,011519  0,0161197

[23.11.2015 18:26:32] Step 8: Search vector: DenseVector 2-Double
  0,84553
-0,512373

[23.11.2015 18:26:32] DSK method started!
[23.11.2015 18:26:32] Step 1: f(alpha)=0,1831, f(alpha + h)=0,2127; k=0;
[23.11.2015 18:26:32] Step 3: b=0,0297, alpha1=0,0307, h=-0,0010, k=2.
[23.11.2015 18:26:32] Step 4: alphak=0,0277
[23.11.2015 18:26:32] Step 5: h < 0; a=alphak0,0277
[23.11.2015 18:26:32] Step 6: Interval is: [0,0277 ; 0,0297]
[23.11.2015 18:26:32] Dichotomy method has been started!
[23.11.2015 18:26:32] Counting: delta = eps / 10 = 0,0001
[23.11.2015 18:26:32] Step 1: counting alpha_1 = 0,0286, alpha_2 = 0,0288
[23.11.2015 18:26:32] Step 3: f(0,0286) = 0,1831 > f(0,0288) = 0,1806; a = alpha_1 = 0,0286.
[23.11.2015 18:26:32] Step 4: (b-a)/2 = 0,0006 < eps = 0,0010; STOP SEARCHING!
[23.11.2015 18:26:32] Iter 0: Answer is in the range: [0,0286; 0,0297]
[23.11.2015 18:26:32] Step 5: alpha_end = (a+b)/2; Minimum x* is: 0,0291
[23.11.2015 18:26:32] Step 9: New alpha 0,0291093750474974
[23.11.2015 18:26:32] Step 10: New local search point DenseVector 2-Double
2,41952
2,56488

[23.11.2015 18:26:32] Step 11: Iteration end.
[23.11.2015 18:26:32] Step 2: ITERATION number 12
[23.11.2015 18:26:32] Step 5: Sk = DenseVector 2-Double
 0,0246128
-0,0149149

[23.11.2015 18:26:32] Step 6: Yk = DenseVector 2-Double
 0,653848
-0,461895

[23.11.2015 18:26:32] Step 7: Quasi-Newton matrix: 
DenseMatrix 2x2-Double
   0,02967  -0,0112866
-0,0112866   0,0163136

[23.11.2015 18:26:32] Step 8: Search vector: DenseVector 2-Double
 0,789192
-0,495639

[23.11.2015 18:26:32] DSK method started!
[23.11.2015 18:26:32] Step 1: f(alpha)=0,1908, f(alpha + h)=0,2099; k=0;
[23.11.2015 18:26:32] Step 3: a=0,0281, b=0,0301; Go to step 6!
[23.11.2015 18:26:32] Step 6: Interval is: [0,0281 ; 0,0301]
[23.11.2015 18:26:32] Dichotomy method has been started!
[23.11.2015 18:26:32] Counting: delta = eps / 10 = 0,0001
[23.11.2015 18:26:32] Step 1: counting alpha_1 = 0,0290, alpha_2 = 0,0292
[23.11.2015 18:26:32] Step 3: f(0,0290) = 0,1904 <= f(0,0292) = 0,1915; b = alpha_2 = 0,0292.
[23.11.2015 18:26:32] Step 4: (b-a)/2 = 0,0006 < eps = 0,0010; STOP SEARCHING!
[23.11.2015 18:26:32] Iter 0: Answer is in the range: [0,0281; 0,0292]
[23.11.2015 18:26:32] Step 5: alpha_end = (a+b)/2; Minimum x* is: 0,0287
[23.11.2015 18:26:32] Step 9: New alpha 0,0286593750474974
[23.11.2015 18:26:32] Step 10: New local search point DenseVector 2-Double
2,44214
2,55068

[23.11.2015 18:26:32] Step 11: Iteration end.
[23.11.2015 18:26:32] Step 2: ITERATION number 13
[23.11.2015 18:26:32] Step 5: Sk = DenseVector 2-Double
 0,0226178
-0,0142047

[23.11.2015 18:26:32] Step 6: Yk = DenseVector 2-Double
 0,619959
-0,443886

[23.11.2015 18:26:32] Step 7: Quasi-Newton matrix: 
DenseMatrix 2x2-Double
 0,0285398  -0,0110936
-0,0110936   0,0165068

[23.11.2015 18:26:32] Step 8: Search vector: DenseVector 2-Double
 0,740459
-0,480497

[23.11.2015 18:26:32] DSK method started!
[23.11.2015 18:26:32] Step 1: f(alpha)=0,1995, f(alpha + h)=0,2110; k=0;
[23.11.2015 18:26:32] Step 3: a=0,0277, b=0,0297; Go to step 6!
[23.11.2015 18:26:32] Step 6: Interval is: [0,0277 ; 0,0297]
[23.11.2015 18:26:32] Dichotomy method has been started!
[23.11.2015 18:26:32] Counting: delta = eps / 10 = 0,0001
[23.11.2015 18:26:32] Step 1: counting alpha_1 = 0,0286, alpha_2 = 0,0288
[23.11.2015 18:26:32] Step 3: f(0,0286) = 0,1997 > f(0,0288) = 0,1995; a = alpha_1 = 0,0286.
[23.11.2015 18:26:32] Step 4: (b-a)/2 = 0,0006 < eps = 0,0010; STOP SEARCHING!
[23.11.2015 18:26:32] Iter 0: Answer is in the range: [0,0286; 0,0297]
[23.11.2015 18:26:32] Step 5: alpha_end = (a+b)/2; Minimum x* is: 0,0291
[23.11.2015 18:26:32] Step 9: New alpha 0,0291093750474974
[23.11.2015 18:26:32] Step 10: New local search point DenseVector 2-Double
 2,4637
2,53669

[23.11.2015 18:26:32] Step 11: Iteration end.
[23.11.2015 18:26:32] Step 2: ITERATION number 14
[23.11.2015 18:26:32] Step 5: Sk = DenseVector 2-Double
0,0215543
-0,013987

[23.11.2015 18:26:32] Step 6: Yk = DenseVector 2-Double
 0,608476
-0,440009

[23.11.2015 18:26:32] Step 7: Quasi-Newton matrix: 
DenseMatrix 2x2-Double
0,0275298  -0,010916
-0,010916  0,0166925

[23.11.2015 18:26:32] Step 8: Search vector: DenseVector 2-Double
 0,695999
-0,466064

[23.11.2015 18:26:32] DSK method started!
[23.11.2015 18:26:32] Step 1: f(alpha)=0,2065, f(alpha + h)=0,2316; k=0;
[23.11.2015 18:26:32] Step 3: b=0,0291, alpha1=0,0301, h=-0,0010, k=2.
[23.11.2015 18:26:32] Step 4: alphak=0,0271
[23.11.2015 18:26:32] Step 5: h < 0; a=alphak0,0271
[23.11.2015 18:26:32] Step 6: Interval is: [0,0271 ; 0,0291]
[23.11.2015 18:26:32] Dichotomy method has been started!
[23.11.2015 18:26:32] Counting: delta = eps / 10 = 0,0001
[23.11.2015 18:26:32] Step 1: counting alpha_1 = 0,0280, alpha_2 = 0,0282
[23.11.2015 18:26:32] Step 3: f(0,0280) = 0,2062 > f(0,0282) = 0,2041; a = alpha_1 = 0,0280.
[23.11.2015 18:26:32] Step 4: (b-a)/2 = 0,0006 < eps = 0,0010; STOP SEARCHING!
[23.11.2015 18:26:32] Iter 0: Answer is in the range: [0,0280; 0,0291]
[23.11.2015 18:26:32] Step 5: alpha_end = (a+b)/2; Minimum x* is: 0,0286
[23.11.2015 18:26:32] Step 9: New alpha 0,0285593750474974
[23.11.2015 18:26:32] Step 10: New local search point DenseVector 2-Double
2,48357
2,52338

[23.11.2015 18:26:32] Step 11: Iteration end.
[23.11.2015 18:26:32] Step 2: ITERATION number 15
[23.11.2015 18:26:32] Step 5: Sk = DenseVector 2-Double
 0,0198773
-0,0133105

[23.11.2015 18:26:32] Step 6: Yk = DenseVector 2-Double
 0,575592
-0,420662

[23.11.2015 18:26:32] Step 7: Quasi-Newton matrix: 
DenseMatrix 2x2-Double
 0,0266559  -0,0107791
-0,0107791   0,0168927

[23.11.2015 18:26:32] Step 8: Search vector: DenseVector 2-Double
 0,657377
-0,453041

[23.11.2015 18:26:32] DSK method started!
[23.11.2015 18:26:32] Step 1: f(alpha)=0,2101, f(alpha + h)=0,2250; k=0;
[23.11.2015 18:26:32] Step 3: a=0,0276, b=0,0296; Go to step 6!
[23.11.2015 18:26:32] Step 6: Interval is: [0,0276 ; 0,0296]
[23.11.2015 18:26:32] Dichotomy method has been started!
[23.11.2015 18:26:32] Counting: delta = eps / 10 = 0,0001
[23.11.2015 18:26:32] Step 1: counting alpha_1 = 0,0285, alpha_2 = 0,0287
[23.11.2015 18:26:32] Step 3: f(0,0285) = 0,2099 <= f(0,0287) = 0,2106; b = alpha_2 = 0,0287.
[23.11.2015 18:26:32] Step 4: (b-a)/2 = 0,0006 < eps = 0,0010; STOP SEARCHING!
[23.11.2015 18:26:32] Iter 0: Answer is in the range: [0,0276; 0,0287]
[23.11.2015 18:26:32] Step 5: alpha_end = (a+b)/2; Minimum x* is: 0,0281
[23.11.2015 18:26:32] Step 9: New alpha 0,0281093750474974
[23.11.2015 18:26:32] Step 10: New local search point DenseVector 2-Double
2,50205
2,51065

[23.11.2015 18:26:33] Step 11: Iteration end.
[23.11.2015 18:26:33] Step 2: ITERATION number 16
[23.11.2015 18:26:33] Step 5: Sk = DenseVector 2-Double
 0,0184785
-0,0127347

[23.11.2015 18:26:33] Step 6: Yk = DenseVector 2-Double
 0,547566
-0,403546

[23.11.2015 18:26:33] Step 7: Quasi-Newton matrix: 
DenseMatrix 2x2-Double
 0,0258884  -0,0106625
-0,0106625   0,0170892

[23.11.2015 18:26:33] Step 8: Search vector: DenseVector 2-Double
  0,62297
-0,440937

[23.11.2015 18:26:33] DSK method started!
[23.11.2015 18:26:33] Step 1: f(alpha)=0,2153, f(alpha + h)=0,2228; k=0;
[23.11.2015 18:26:33] Step 3: a=0,0271, b=0,0291; Go to step 6!
[23.11.2015 18:26:33] Step 6: Interval is: [0,0271 ; 0,0291]
[23.11.2015 18:26:33] Dichotomy method has been started!
[23.11.2015 18:26:33] Counting: delta = eps / 10 = 0,0001
[23.11.2015 18:26:33] Step 1: counting alpha_1 = 0,0280, alpha_2 = 0,0282
[23.11.2015 18:26:33] Step 3: f(0,0280) = 0,2157 > f(0,0282) = 0,2151; a = alpha_1 = 0,0280.
[23.11.2015 18:26:33] Step 4: (b-a)/2 = 0,0006 < eps = 0,0010; STOP SEARCHING!
[23.11.2015 18:26:33] Iter 0: Answer is in the range: [0,0280; 0,0291]
[23.11.2015 18:26:33] Step 5: alpha_end = (a+b)/2; Minimum x* is: 0,0286
[23.11.2015 18:26:33] Step 9: New alpha 0,0285593750474974
[23.11.2015 18:26:33] Step 10: New local search point DenseVector 2-Double
2,51984
2,49805

[23.11.2015 18:26:33] Step 11: Iteration end.
[23.11.2015 18:26:33] Step 2: ITERATION number 17
[23.11.2015 18:26:33] Step 5: Sk = DenseVector 2-Double
 0,0177916
-0,0125929

[23.11.2015 18:26:33] Step 6: Yk = DenseVector 2-Double
 0,539089
-0,399735

[23.11.2015 18:26:33] Step 7: Quasi-Newton matrix: 
DenseMatrix 2x2-Double
  0,025181  -0,0105491
-0,0105491   0,0172764

[23.11.2015 18:26:33] Step 8: Search vector: DenseVector 2-Double
 0,590631
-0,429142

[23.11.2015 18:26:33] DSK method started!
[23.11.2015 18:26:33] Step 1: f(alpha)=0,2162, f(alpha + h)=0,2342; k=0;
[23.11.2015 18:26:33] Step 3: a=0,0276, b=0,0296; Go to step 6!
[23.11.2015 18:26:33] Step 6: Interval is: [0,0276 ; 0,0296]
[23.11.2015 18:26:33] Dichotomy method has been started!
[23.11.2015 18:26:33] Counting: delta = eps / 10 = 0,0001
[23.11.2015 18:26:33] Step 1: counting alpha_1 = 0,0285, alpha_2 = 0,0287
[23.11.2015 18:26:33] Step 3: f(0,0285) = 0,2155 <= f(0,0287) = 0,2171; b = alpha_2 = 0,0287.
[23.11.2015 18:26:33] Step 4: (b-a)/2 = 0,0006 < eps = 0,0010; STOP SEARCHING!
[23.11.2015 18:26:33] Iter 0: Answer is in the range: [0,0276; 0,0287]
[23.11.2015 18:26:33] Step 5: alpha_end = (a+b)/2; Minimum x* is: 0,0281
[23.11.2015 18:26:33] Step 9: New alpha 0,0281093750474974
[23.11.2015 18:26:33] Step 10: New local search point DenseVector 2-Double
2,53645
2,48599

[23.11.2015 18:26:33] Step 11: Iteration end.
[23.11.2015 18:26:33] Step 2: ITERATION number 18
[23.11.2015 18:26:33] Step 5: Sk = DenseVector 2-Double
 0,0166023
-0,0120629

[23.11.2015 18:26:33] Step 6: Yk = DenseVector 2-Double
 0,512867
-0,383167

[23.11.2015 18:26:33] Step 7: Quasi-Newton matrix: 
DenseMatrix 2x2-Double
 0,0245541  -0,0104636
-0,0104636   0,0174767

[23.11.2015 18:26:33] Step 8: Search vector: DenseVector 2-Double
0,561936
-0,41828

[23.11.2015 18:26:33] DSK method started!
[23.11.2015 18:26:33] Step 1: f(alpha)=0,2178, f(alpha + h)=0,2286; k=0;
[23.11.2015 18:26:33] Step 3: a=0,0271, b=0,0291; Go to step 6!
[23.11.2015 18:26:33] Step 6: Interval is: [0,0271 ; 0,0291]
[23.11.2015 18:26:33] Dichotomy method has been started!
[23.11.2015 18:26:33] Counting: delta = eps / 10 = 0,0001
[23.11.2015 18:26:33] Step 1: counting alpha_1 = 0,0280, alpha_2 = 0,0282
[23.11.2015 18:26:33] Step 3: f(0,0280) = 0,2178 <= f(0,0282) = 0,2181; b = alpha_2 = 0,0282.
[23.11.2015 18:26:33] Step 4: (b-a)/2 = 0,0006 < eps = 0,0010; STOP SEARCHING!
[23.11.2015 18:26:33] Iter 0: Answer is in the range: [0,0271; 0,0282]
[23.11.2015 18:26:33] Step 5: alpha_end = (a+b)/2; Minimum x* is: 0,0277
[23.11.2015 18:26:33] Step 9: New alpha 0,0276593750474974
[23.11.2015 18:26:33] Step 10: New local search point DenseVector 2-Double
2,55199
2,47442

[23.11.2015 18:26:33] Step 11: Iteration end.
[23.11.2015 18:26:33] Step 2: ITERATION number 19
[23.11.2015 18:26:33] Step 5: Sk = DenseVector 2-Double
 0,0155428
-0,0115694

[23.11.2015 18:26:33] Step 6: Yk = DenseVector 2-Double
 0,488729
-0,367281

[23.11.2015 18:26:33] Step 7: Quasi-Newton matrix: 
DenseMatrix 2x2-Double
 0,0239937  -0,0103909
-0,0103909   0,0176733

[23.11.2015 18:26:33] Step 8: Search vector: DenseVector 2-Double
 0,535962
-0,408045

[23.11.2015 18:26:33] DSK method started!
[23.11.2015 18:26:33] Step 1: f(alpha)=0,2208, f(alpha + h)=0,2249; k=0;
[23.11.2015 18:26:33] Step 3: a=0,0267, b=0,0287; Go to step 6!
[23.11.2015 18:26:33] Step 6: Interval is: [0,0267 ; 0,0287]
[23.11.2015 18:26:33] Dichotomy method has been started!
[23.11.2015 18:26:33] Counting: delta = eps / 10 = 0,0001
[23.11.2015 18:26:33] Step 1: counting alpha_1 = 0,0276, alpha_2 = 0,0278
[23.11.2015 18:26:33] Step 3: f(0,0276) = 0,2213 > f(0,0278) = 0,2204; a = alpha_1 = 0,0276.
[23.11.2015 18:26:33] Step 4: (b-a)/2 = 0,0006 < eps = 0,0010; STOP SEARCHING!
[23.11.2015 18:26:33] Iter 0: Answer is in the range: [0,0276; 0,0287]
[23.11.2015 18:26:33] Step 5: alpha_end = (a+b)/2; Minimum x* is: 0,0281
[23.11.2015 18:26:33] Step 9: New alpha 0,0281093750474974
[23.11.2015 18:26:33] Step 10: New local search point DenseVector 2-Double
2,56705
2,46295

[23.11.2015 18:26:33] Step 11: Iteration end.
[23.11.2015 18:26:33] Step 2: ITERATION number 20
[23.11.2015 18:26:33] Step 5: Sk = DenseVector 2-Double
 0,0150656
-0,0114699

[23.11.2015 18:26:33] Step 6: Yk = DenseVector 2-Double
 0,482097
-0,363772

[23.11.2015 18:26:33] Step 7: Quasi-Newton matrix: 
DenseMatrix 2x2-Double
 0,0234662  -0,0103157
-0,0103157   0,0178594

[23.11.2015 18:26:33] Step 8: Search vector: DenseVector 2-Double
 0,511048
-0,397943

[23.11.2015 18:26:33] DSK method started!
[23.11.2015 18:26:33] Step 1: f(alpha)=0,2174, f(alpha + h)=0,2298; k=0;
[23.11.2015 18:26:33] Step 3: a=0,0271, b=0,0291; Go to step 6!
[23.11.2015 18:26:33] Step 6: Interval is: [0,0271 ; 0,0291]
[23.11.2015 18:26:33] Dichotomy method has been started!
[23.11.2015 18:26:33] Counting: delta = eps / 10 = 0,0001
[23.11.2015 18:26:33] Step 1: counting alpha_1 = 0,0280, alpha_2 = 0,0282
[23.11.2015 18:26:33] Step 3: f(0,0280) = 0,2170 <= f(0,0282) = 0,2179; b = alpha_2 = 0,0282.
[23.11.2015 18:26:33] Step 4: (b-a)/2 = 0,0006 < eps = 0,0010; STOP SEARCHING!
[23.11.2015 18:26:33] Iter 0: Answer is in the range: [0,0271; 0,0282]
[23.11.2015 18:26:33] Step 5: alpha_end = (a+b)/2; Minimum x* is: 0,0277
[23.11.2015 18:26:33] Step 9: New alpha 0,0276593750474974
[23.11.2015 18:26:33] Step 10: New local search point DenseVector 2-Double
2,58119
2,45195

[23.11.2015 18:26:33] Step 11: Iteration end.
[23.11.2015 18:26:33] Step 2: ITERATION number 21
[23.11.2015 18:26:33] Step 5: Sk = DenseVector 2-Double
 0,0141353
-0,0110069

[23.11.2015 18:26:33] Step 6: Yk = DenseVector 2-Double
 0,459193
-0,348547

[23.11.2015 18:26:33] Step 7: Quasi-Newton matrix: 
DenseMatrix 2x2-Double
  0,022993  -0,0102627
-0,0102627   0,0180587

[23.11.2015 18:26:33] Step 8: Search vector: DenseVector 2-Double
 0,488737
-0,388552

[23.11.2015 18:26:33] DSK method started!
[23.11.2015 18:26:33] Step 1: f(alpha)=0,2179, f(alpha + h)=0,2239; k=0;
[23.11.2015 18:26:33] Step 3: a=0,0267, b=0,0287; Go to step 6!
[23.11.2015 18:26:33] Step 6: Interval is: [0,0267 ; 0,0287]
[23.11.2015 18:26:33] Dichotomy method has been started!
[23.11.2015 18:26:33] Counting: delta = eps / 10 = 0,0001
[23.11.2015 18:26:33] Step 1: counting alpha_1 = 0,0276, alpha_2 = 0,0278
[23.11.2015 18:26:33] Step 3: f(0,0276) = 0,2181 > f(0,0278) = 0,2178; a = alpha_1 = 0,0276.
[23.11.2015 18:26:33] Step 4: (b-a)/2 = 0,0006 < eps = 0,0010; STOP SEARCHING!
[23.11.2015 18:26:33] Iter 0: Answer is in the range: [0,0276; 0,0287]
[23.11.2015 18:26:33] Step 5: alpha_end = (a+b)/2; Minimum x* is: 0,0281
[23.11.2015 18:26:33] Step 9: New alpha 0,0281093750474974
[23.11.2015 18:26:33] Step 10: New local search point DenseVector 2-Double
2,59493
2,44102

[23.11.2015 18:26:33] Step 11: Iteration end.
[23.11.2015 18:26:33] Step 2: ITERATION number 22
[23.11.2015 18:26:33] Step 5: Sk = DenseVector 2-Double
0,0137381
-0,010922

[23.11.2015 18:26:33] Step 6: Yk = DenseVector 2-Double
 0,453138
-0,345165

[23.11.2015 18:26:33] Step 7: Quasi-Newton matrix: 
DenseMatrix 2x2-Double
 0,0225444  -0,0102049
-0,0102049   0,0182456

[23.11.2015 18:26:33] Step 8: Search vector: DenseVector 2-Double
 0,467148
-0,379215

[23.11.2015 18:26:33] DSK method started!
[23.11.2015 18:26:33] Step 1: f(alpha)=0,2142, f(alpha + h)=0,2272; k=0;
[23.11.2015 18:26:33] Step 3: a=0,0271, b=0,0291; Go to step 6!
[23.11.2015 18:26:33] Step 6: Interval is: [0,0271 ; 0,0291]
[23.11.2015 18:26:33] Dichotomy method has been started!
[23.11.2015 18:26:33] Counting: delta = eps / 10 = 0,0001
[23.11.2015 18:26:33] Step 1: counting alpha_1 = 0,0280, alpha_2 = 0,0282
[23.11.2015 18:26:33] Step 3: f(0,0280) = 0,2137 <= f(0,0282) = 0,2148; b = alpha_2 = 0,0282.
[23.11.2015 18:26:33] Step 4: (b-a)/2 = 0,0006 < eps = 0,0010; STOP SEARCHING!
[23.11.2015 18:26:33] Iter 0: Answer is in the range: [0,0271; 0,0282]
[23.11.2015 18:26:33] Step 5: alpha_end = (a+b)/2; Minimum x* is: 0,0277
[23.11.2015 18:26:33] Step 9: New alpha 0,0276593750474974
[23.11.2015 18:26:33] Step 10: New local search point DenseVector 2-Double
2,60785
2,43053

[23.11.2015 18:26:33] Step 11: Iteration end.
[23.11.2015 18:26:33] Step 2: ITERATION number 23
[23.11.2015 18:26:33] Step 5: Sk = DenseVector 2-Double
  0,012921
-0,0104888

[23.11.2015 18:26:33] Step 6: Yk = DenseVector 2-Double
 0,431763
-0,330655

[23.11.2015 18:26:33] Step 7: Quasi-Newton matrix: 
DenseMatrix 2x2-Double
 0,0221402  -0,0101668
-0,0101668   0,0184458

[23.11.2015 18:26:33] Step 8: Search vector: DenseVector 2-Double
 0,447753
-0,370491

[23.11.2015 18:26:33] DSK method started!
[23.11.2015 18:26:33] Step 1: f(alpha)=0,2128, f(alpha + h)=0,2199; k=0;
[23.11.2015 18:26:33] Step 3: a=0,0267, b=0,0287; Go to step 6!
[23.11.2015 18:26:33] Step 6: Interval is: [0,0267 ; 0,0287]
[23.11.2015 18:26:33] Dichotomy method has been started!
[23.11.2015 18:26:33] Counting: delta = eps / 10 = 0,0001
[23.11.2015 18:26:33] Step 1: counting alpha_1 = 0,0276, alpha_2 = 0,0278
[23.11.2015 18:26:33] Step 3: f(0,0276) = 0,2129 <= f(0,0278) = 0,2129; b = alpha_2 = 0,0278.
[23.11.2015 18:26:33] Step 4: (b-a)/2 = 0,0006 < eps = 0,0010; STOP SEARCHING!
[23.11.2015 18:26:33] Iter 0: Answer is in the range: [0,0267; 0,0278]
[23.11.2015 18:26:33] Step 5: alpha_end = (a+b)/2; Minimum x* is: 0,0272
[23.11.2015 18:26:33] Step 9: New alpha 0,0272093750474974
[23.11.2015 18:26:33] Step 10: New local search point DenseVector 2-Double
2,62003
2,42045

[23.11.2015 18:26:33] Step 11: Iteration end.
[23.11.2015 18:26:33] Step 2: ITERATION number 24
[23.11.2015 18:26:33] Step 5: Sk = DenseVector 2-Double
 0,0121831
-0,0100808

[23.11.2015 18:26:34] Step 6: Yk = DenseVector 2-Double
 0,412109
-0,316738

[23.11.2015 18:26:34] Step 7: Quasi-Newton matrix: 
DenseMatrix 2x2-Double
0,0217732  -0,010135
-0,010135  0,0186404

[23.11.2015 18:26:34] Step 8: Search vector: DenseVector 2-Double
 0,429903
-0,362148

[23.11.2015 18:26:34] DSK method started!
[23.11.2015 18:26:34] Step 1: f(alpha)=0,2130, f(alpha + h)=0,2147; k=0;
[23.11.2015 18:26:34] Step 3: a=0,0262, b=0,0282; Go to step 6!
[23.11.2015 18:26:34] Step 6: Interval is: [0,0262 ; 0,0282]
[23.11.2015 18:26:34] Dichotomy method has been started!
[23.11.2015 18:26:34] Counting: delta = eps / 10 = 0,0001
[23.11.2015 18:26:34] Step 1: counting alpha_1 = 0,0271, alpha_2 = 0,0273
[23.11.2015 18:26:34] Step 3: f(0,0271) = 0,2135 > f(0,0273) = 0,2125; a = alpha_1 = 0,0271.
[23.11.2015 18:26:34] Step 4: (b-a)/2 = 0,0006 < eps = 0,0010; STOP SEARCHING!
[23.11.2015 18:26:34] Iter 0: Answer is in the range: [0,0271; 0,0282]
[23.11.2015 18:26:34] Step 5: alpha_end = (a+b)/2; Minimum x* is: 0,0277
[23.11.2015 18:26:34] Step 9: New alpha 0,0276593750474974
[23.11.2015 18:26:34] Step 10: New local search point DenseVector 2-Double
2,63192
2,41044

[23.11.2015 18:26:34] Step 11: Iteration end.
[23.11.2015 18:26:34] Step 2: ITERATION number 25
[23.11.2015 18:26:34] Step 5: Sk = DenseVector 2-Double
 0,0118908
-0,0100168

[23.11.2015 18:26:34] Step 6: Yk = DenseVector 2-Double
  0,40728
-0,313697

[23.11.2015 18:26:34] Step 7: Quasi-Newton matrix: 
DenseMatrix 2x2-Double
 0,0214192  -0,0100965
-0,0100965    0,018823

[23.11.2015 18:26:34] Step 8: Search vector: DenseVector 2-Double
 0,412371
-0,353825

[23.11.2015 18:26:34] DSK method started!
[23.11.2015 18:26:34] Step 1: f(alpha)=0,2061, f(alpha + h)=0,2136; k=0;
[23.11.2015 18:26:34] Step 3: a=0,0267, b=0,0287; Go to step 6!
[23.11.2015 18:26:34] Step 6: Interval is: [0,0267 ; 0,0287]
[23.11.2015 18:26:34] Dichotomy method has been started!
[23.11.2015 18:26:34] Counting: delta = eps / 10 = 0,0001
[23.11.2015 18:26:34] Step 1: counting alpha_1 = 0,0276, alpha_2 = 0,0278
[23.11.2015 18:26:34] Step 3: f(0,0276) = 0,2060 <= f(0,0278) = 0,2063; b = alpha_2 = 0,0278.
[23.11.2015 18:26:34] Step 4: (b-a)/2 = 0,0006 < eps = 0,0010; STOP SEARCHING!
[23.11.2015 18:26:34] Iter 0: Answer is in the range: [0,0267; 0,0278]
[23.11.2015 18:26:34] Step 5: alpha_end = (a+b)/2; Minimum x* is: 0,0272
[23.11.2015 18:26:34] Step 9: New alpha 0,0272093750474974
[23.11.2015 18:26:34] Step 10: New local search point DenseVector 2-Double
2,64314
2,40081

[23.11.2015 18:26:34] Step 11: Iteration end.
[23.11.2015 18:26:34] Step 2: ITERATION number 26
[23.11.2015 18:26:34] Step 5: Sk = DenseVector 2-Double
  0,0112204
-0,00962736

[23.11.2015 18:26:34] Step 6: Yk = DenseVector 2-Double
0,388342
-0,30046

[23.11.2015 18:26:34] Step 7: Quasi-Newton matrix: 
DenseMatrix 2x2-Double
 0,0210977  -0,0100754
-0,0100754   0,0190198

[23.11.2015 18:26:34] Step 8: Search vector: DenseVector 2-Double
 0,396562
-0,346016

[23.11.2015 18:26:34] DSK method started!
[23.11.2015 18:26:34] Step 1: f(alpha)=0,2049, f(alpha + h)=0,2075; k=0;
[23.11.2015 18:26:34] Step 3: a=0,0262, b=0,0282; Go to step 6!
[23.11.2015 18:26:34] Step 6: Interval is: [0,0262 ; 0,0282]
[23.11.2015 18:26:34] Dichotomy method has been started!
[23.11.2015 18:26:34] Counting: delta = eps / 10 = 0,0001
[23.11.2015 18:26:34] Step 1: counting alpha_1 = 0,0271, alpha_2 = 0,0273
[23.11.2015 18:26:34] Step 3: f(0,0271) = 0,2053 > f(0,0273) = 0,2047; a = alpha_1 = 0,0271.
[23.11.2015 18:26:34] Step 4: (b-a)/2 = 0,0006 < eps = 0,0010; STOP SEARCHING!
[23.11.2015 18:26:34] Iter 0: Answer is in the range: [0,0271; 0,0282]
[23.11.2015 18:26:34] Step 5: alpha_end = (a+b)/2; Minimum x* is: 0,0277
[23.11.2015 18:26:34] Step 9: New alpha 0,0276593750474974
[23.11.2015 18:26:34] Step 10: New local search point DenseVector 2-Double
2,65411
2,39124

[23.11.2015 18:26:34] Step 11: Iteration end.
[23.11.2015 18:26:34] Step 2: ITERATION number 27
[23.11.2015 18:26:34] Step 5: Sk = DenseVector 2-Double
 0,0109687
-0,0095706

[23.11.2015 18:26:34] Step 6: Yk = DenseVector 2-Double
 0,383839
-0,297593

[23.11.2015 18:26:34] Step 7: Quasi-Newton matrix: 
DenseMatrix 2x2-Double
 0,0207872  -0,0100463
-0,0100463   0,0192022

[23.11.2015 18:26:34] Step 8: Search vector: DenseVector 2-Double
 0,380949
-0,338182

[23.11.2015 18:26:34] DSK method started!
[23.11.2015 18:26:34] Step 1: f(alpha)=0,1979, f(alpha + h)=0,2054; k=0;
[23.11.2015 18:26:34] Step 3: a=0,0267, b=0,0287; Go to step 6!
[23.11.2015 18:26:34] Step 6: Interval is: [0,0267 ; 0,0287]
[23.11.2015 18:26:34] Dichotomy method has been started!
[23.11.2015 18:26:34] Counting: delta = eps / 10 = 0,0001
[23.11.2015 18:26:34] Step 1: counting alpha_1 = 0,0276, alpha_2 = 0,0278
[23.11.2015 18:26:34] Step 3: f(0,0276) = 0,1978 <= f(0,0278) = 0,1982; b = alpha_2 = 0,0278.
[23.11.2015 18:26:34] Step 4: (b-a)/2 = 0,0006 < eps = 0,0010; STOP SEARCHING!
[23.11.2015 18:26:34] Iter 0: Answer is in the range: [0,0267; 0,0278]
[23.11.2015 18:26:34] Step 5: alpha_end = (a+b)/2; Minimum x* is: 0,0272
[23.11.2015 18:26:34] Step 9: New alpha 0,0272093750474974
[23.11.2015 18:26:34] Step 10: New local search point DenseVector 2-Double
2,66448
2,38204

[23.11.2015 18:26:34] Step 11: Iteration end.
[23.11.2015 18:26:34] Step 2: ITERATION number 28
[23.11.2015 18:26:34] Step 5: Sk = DenseVector 2-Double
  0,0103654
-0,00920171

[23.11.2015 18:26:34] Step 6: Yk = DenseVector 2-Double
 0,366043
-0,285018

[23.11.2015 18:26:34] Step 7: Quasi-Newton matrix: 
DenseMatrix 2x2-Double
 0,0205048  -0,0100336
-0,0100336   0,0193987

[23.11.2015 18:26:34] Step 8: Search vector: DenseVector 2-Double
  0,36686
-0,330807

[23.11.2015 18:26:34] DSK method started!
[23.11.2015 18:26:34] Step 1: f(alpha)=0,1959, f(alpha + h)=0,1988; k=0;
[23.11.2015 18:26:34] Step 3: a=0,0262, b=0,0282; Go to step 6!
[23.11.2015 18:26:34] Step 6: Interval is: [0,0262 ; 0,0282]
[23.11.2015 18:26:34] Dichotomy method has been started!
[23.11.2015 18:26:34] Counting: delta = eps / 10 = 0,0001
[23.11.2015 18:26:34] Step 1: counting alpha_1 = 0,0271, alpha_2 = 0,0273
[23.11.2015 18:26:34] Step 3: f(0,0271) = 0,1962 > f(0,0273) = 0,1957; a = alpha_1 = 0,0271.
[23.11.2015 18:26:34] Step 4: (b-a)/2 = 0,0006 < eps = 0,0010; STOP SEARCHING!
[23.11.2015 18:26:34] Iter 0: Answer is in the range: [0,0271; 0,0282]
[23.11.2015 18:26:34] Step 5: alpha_end = (a+b)/2; Minimum x* is: 0,0277
[23.11.2015 18:26:34] Step 9: New alpha 0,0276593750474974
[23.11.2015 18:26:34] Step 10: New local search point DenseVector 2-Double
2,67462
2,37289

[23.11.2015 18:26:34] Step 11: Iteration end.
[23.11.2015 18:26:34] Step 2: ITERATION number 29
[23.11.2015 18:26:34] Step 5: Sk = DenseVector 2-Double
  0,0101471
-0,00914991

[23.11.2015 18:26:34] Step 6: Yk = DenseVector 2-Double
 0,361878
-0,282263

[23.11.2015 18:26:34] Step 7: Quasi-Newton matrix: 
DenseMatrix 2x2-Double
 0,0202307  -0,0100122
-0,0100122     0,01958

[23.11.2015 18:26:34] Step 8: Search vector: DenseVector 2-Double
 0,352862
-0,323392

[23.11.2015 18:26:34] DSK method started!
[23.11.2015 18:26:34] Step 1: f(alpha)=0,1887, f(alpha + h)=0,1959; k=0;
[23.11.2015 18:26:34] Step 3: a=0,0267, b=0,0287; Go to step 6!
[23.11.2015 18:26:34] Step 6: Interval is: [0,0267 ; 0,0287]
[23.11.2015 18:26:34] Dichotomy method has been started!
[23.11.2015 18:26:34] Counting: delta = eps / 10 = 0,0001
[23.11.2015 18:26:34] Step 1: counting alpha_1 = 0,0276, alpha_2 = 0,0278
[23.11.2015 18:26:34] Step 3: f(0,0276) = 0,1886 <= f(0,0278) = 0,1890; b = alpha_2 = 0,0278.
[23.11.2015 18:26:34] Step 4: (b-a)/2 = 0,0006 < eps = 0,0010; STOP SEARCHING!
[23.11.2015 18:26:34] Iter 0: Answer is in the range: [0,0267; 0,0278]
[23.11.2015 18:26:34] Step 5: alpha_end = (a+b)/2; Minimum x* is: 0,0272
[23.11.2015 18:26:34] Step 9: New alpha 0,0272093750474974
[23.11.2015 18:26:34] Step 10: New local search point DenseVector 2-Double
2,68423
2,36409

[23.11.2015 18:26:34] Step 11: Iteration end.
[23.11.2015 18:26:34] Step 2: ITERATION number 30
[23.11.2015 18:26:34] Step 5: Sk = DenseVector 2-Double
 0,00960116
-0,00879929

[23.11.2015 18:26:34] Step 6: Yk = DenseVector 2-Double
 0,345147
-0,270313

[23.11.2015 18:26:34] Step 7: Quasi-Newton matrix: 
DenseMatrix 2x2-Double
 0,0199809  -0,0100062
-0,0100062   0,0197759

[23.11.2015 18:26:34] Step 8: Search vector: DenseVector 2-Double
 0,340226
-0,316396

[23.11.2015 18:26:34] DSK method started!
[23.11.2015 18:26:34] Step 1: f(alpha)=0,1860, f(alpha + h)=0,1890; k=0;
[23.11.2015 18:26:34] Step 3: a=0,0262, b=0,0282; Go to step 6!
[23.11.2015 18:26:34] Step 6: Interval is: [0,0262 ; 0,0282]
[23.11.2015 18:26:34] Dichotomy method has been started!
[23.11.2015 18:26:34] Counting: delta = eps / 10 = 0,0001
[23.11.2015 18:26:34] Step 1: counting alpha_1 = 0,0271, alpha_2 = 0,0273
[23.11.2015 18:26:34] Step 3: f(0,0271) = 0,1862 > f(0,0273) = 0,1859; a = alpha_1 = 0,0271.
[23.11.2015 18:26:34] Step 4: (b-a)/2 = 0,0006 < eps = 0,0010; STOP SEARCHING!
[23.11.2015 18:26:34] Iter 0: Answer is in the range: [0,0271; 0,0282]
[23.11.2015 18:26:34] Step 5: alpha_end = (a+b)/2; Minimum x* is: 0,0277
[23.11.2015 18:26:34] Step 9: New alpha 0,0276593750474974
[23.11.2015 18:26:34] Step 10: New local search point DenseVector 2-Double
2,69364
2,35534

[23.11.2015 18:26:34] Step 11: Iteration end.
[23.11.2015 18:26:34] Step 2: ITERATION number 31
[23.11.2015 18:26:34] Step 5: Sk = DenseVector 2-Double
 0,00941043
-0,00875133

[23.11.2015 18:26:34] Step 6: Yk = DenseVector 2-Double
 0,341289
-0,267668

[23.11.2015 18:26:34] Step 7: Quasi-Newton matrix: 
DenseMatrix 2x2-Double
  0,0197373  -0,00999111
-0,00999111    0,0199556

[23.11.2015 18:26:34] Step 8: Search vector: DenseVector 2-Double
 0,327599
-0,309353

[23.11.2015 18:26:34] DSK method started!
[23.11.2015 18:26:34] Step 1: f(alpha)=0,1788, f(alpha + h)=0,1854; k=0;
[23.11.2015 18:26:34] Step 3: a=0,0267, b=0,0287; Go to step 6!
[23.11.2015 18:26:34] Step 6: Interval is: [0,0267 ; 0,0287]
[23.11.2015 18:26:34] Dichotomy method has been started!
[23.11.2015 18:26:34] Counting: delta = eps / 10 = 0,0001
[23.11.2015 18:26:34] Step 1: counting alpha_1 = 0,0276, alpha_2 = 0,0278
[23.11.2015 18:26:34] Step 3: f(0,0276) = 0,1786 <= f(0,0278) = 0,1790; b = alpha_2 = 0,0278.
[23.11.2015 18:26:34] Step 4: (b-a)/2 = 0,0006 < eps = 0,0010; STOP SEARCHING!
[23.11.2015 18:26:34] Iter 0: Answer is in the range: [0,0267; 0,0278]
[23.11.2015 18:26:34] Step 5: alpha_end = (a+b)/2; Minimum x* is: 0,0272
[23.11.2015 18:26:34] Step 9: New alpha 0,0272093750474974
[23.11.2015 18:26:34] Step 10: New local search point DenseVector 2-Double
2,70255
2,34692

[23.11.2015 18:26:34] Step 11: Iteration end.
[23.11.2015 18:26:34] Step 2: ITERATION number 32
[23.11.2015 18:26:34] Step 5: Sk = DenseVector 2-Double
 0,00891376
-0,00841731

[23.11.2015 18:26:34] Step 6: Yk = DenseVector 2-Double
 0,325545
-0,256316

[23.11.2015 18:26:34] Step 7: Quasi-Newton matrix: 
DenseMatrix 2x2-Double
  0,0195149  -0,00999075
-0,00999075    0,0201505

[23.11.2015 18:26:34] Step 8: Search vector: DenseVector 2-Double
 0,316202
-0,302697

[23.11.2015 18:26:34] DSK method started!
[23.11.2015 18:26:34] Step 1: f(alpha)=0,1757, f(alpha + h)=0,1786; k=0;
[23.11.2015 18:26:34] Step 3: a=0,0262, b=0,0282; Go to step 6!
[23.11.2015 18:26:34] Step 6: Interval is: [0,0262 ; 0,0282]
[23.11.2015 18:26:34] Dichotomy method has been started!
[23.11.2015 18:26:34] Counting: delta = eps / 10 = 0,0001
[23.11.2015 18:26:34] Step 1: counting alpha_1 = 0,0271, alpha_2 = 0,0273
[23.11.2015 18:26:34] Step 3: f(0,0271) = 0,1758 > f(0,0273) = 0,1756; a = alpha_1 = 0,0271.
[23.11.2015 18:26:35] Step 4: (b-a)/2 = 0,0006 < eps = 0,0010; STOP SEARCHING!
[23.11.2015 18:26:35] Iter 0: Answer is in the range: [0,0271; 0,0282]
[23.11.2015 18:26:35] Step 5: alpha_end = (a+b)/2; Minimum x* is: 0,0277
[23.11.2015 18:26:35] Step 9: New alpha 0,0276593750474974
[23.11.2015 18:26:35] Step 10: New local search point DenseVector 2-Double
 2,7113
2,33855

[23.11.2015 18:26:35] Step 11: Iteration end.
[23.11.2015 18:26:35] Step 2: ITERATION number 33
[23.11.2015 18:26:35] Step 5: Sk = DenseVector 2-Double
0,00874594
-0,0083724

[23.11.2015 18:26:35] Step 6: Yk = DenseVector 2-Double
 0,321962
-0,253781

[23.11.2015 18:26:35] Step 7: Quasi-Newton matrix: 
DenseMatrix 2x2-Double
 0,0192973  -0,0099808
-0,0099808   0,0203284

[23.11.2015 18:26:35] Step 8: Search vector: DenseVector 2-Double
 0,304752
-0,295988

[23.11.2015 18:26:35] DSK method started!
[23.11.2015 18:26:35] Step 1: f(alpha)=0,1684, f(alpha + h)=0,1744; k=0;
[23.11.2015 18:26:35] Step 3: a=0,0267, b=0,0287; Go to step 6!
[23.11.2015 18:26:35] Step 6: Interval is: [0,0267 ; 0,0287]
[23.11.2015 18:26:35] Dichotomy method has been started!
[23.11.2015 18:26:35] Counting: delta = eps / 10 = 0,0001
[23.11.2015 18:26:35] Step 1: counting alpha_1 = 0,0276, alpha_2 = 0,0278
[23.11.2015 18:26:35] Step 3: f(0,0276) = 0,1682 <= f(0,0278) = 0,1686; b = alpha_2 = 0,0278.
[23.11.2015 18:26:35] Step 4: (b-a)/2 = 0,0006 < eps = 0,0010; STOP SEARCHING!
[23.11.2015 18:26:35] Iter 0: Answer is in the range: [0,0267; 0,0278]
[23.11.2015 18:26:35] Step 5: alpha_end = (a+b)/2; Minimum x* is: 0,0272
[23.11.2015 18:26:35] Step 9: New alpha 0,0272093750474974
[23.11.2015 18:26:35] Step 10: New local search point DenseVector 2-Double
2,71959
2,33049

[23.11.2015 18:26:35] Step 11: Iteration end.
[23.11.2015 18:26:35] Step 2: ITERATION number 34
[23.11.2015 18:26:35] Step 5: Sk = DenseVector 2-Double
 0,00829211
-0,00805366

[23.11.2015 18:26:35] Step 6: Yk = DenseVector 2-Double
 0,307135
-0,243002

[23.11.2015 18:26:35] Step 7: Quasi-Newton matrix: 
DenseMatrix 2x2-Double
  0,0190982  -0,00998509
-0,00998509     0,020522

[23.11.2015 18:26:35] Step 8: Search vector: DenseVector 2-Double
 0,294422
-0,289638

[23.11.2015 18:26:35] DSK method started!
[23.11.2015 18:26:35] Step 1: f(alpha)=0,1650, f(alpha + h)=0,1677; k=0;
[23.11.2015 18:26:35] Step 3: a=0,0262, b=0,0282; Go to step 6!
[23.11.2015 18:26:35] Step 6: Interval is: [0,0262 ; 0,0282]
[23.11.2015 18:26:35] Dichotomy method has been started!
[23.11.2015 18:26:35] Counting: delta = eps / 10 = 0,0001
[23.11.2015 18:26:35] Step 1: counting alpha_1 = 0,0271, alpha_2 = 0,0273
[23.11.2015 18:26:35] Step 3: f(0,0271) = 0,1652 > f(0,0273) = 0,1649; a = alpha_1 = 0,0271.
[23.11.2015 18:26:35] Step 4: (b-a)/2 = 0,0006 < eps = 0,0010; STOP SEARCHING!
[23.11.2015 18:26:35] Iter 0: Answer is in the range: [0,0271; 0,0282]
[23.11.2015 18:26:35] Step 5: alpha_end = (a+b)/2; Minimum x* is: 0,0277
[23.11.2015 18:26:35] Step 9: New alpha 0,0276593750474974
[23.11.2015 18:26:35] Step 10: New local search point DenseVector 2-Double
2,72773
2,32248

[23.11.2015 18:26:35] Step 11: Iteration end.
[23.11.2015 18:26:35] Step 2: ITERATION number 35
[23.11.2015 18:26:35] Step 5: Sk = DenseVector 2-Double
 0,00814354
-0,00801122

[23.11.2015 18:26:35] Step 6: Yk = DenseVector 2-Double
 0,303804
-0,240577

[23.11.2015 18:26:35] Step 7: Quasi-Newton matrix: 
DenseMatrix 2x2-Double
  0,0189027  -0,00997945
-0,00997945    0,0206978

[23.11.2015 18:26:35] Step 8: Search vector: DenseVector 2-Double
 0,283992
-0,283235

[23.11.2015 18:26:35] DSK method started!
[23.11.2015 18:26:35] Step 1: f(alpha)=0,1577, f(alpha + h)=0,1631; k=0;
[23.11.2015 18:26:35] Step 3: a=0,0267, b=0,0287; Go to step 6!
[23.11.2015 18:26:35] Step 6: Interval is: [0,0267 ; 0,0287]
[23.11.2015 18:26:35] Dichotomy method has been started!
[23.11.2015 18:26:35] Counting: delta = eps / 10 = 0,0001
[23.11.2015 18:26:35] Step 1: counting alpha_1 = 0,0276, alpha_2 = 0,0278
[23.11.2015 18:26:35] Step 3: f(0,0276) = 0,1575 <= f(0,0278) = 0,1579; b = alpha_2 = 0,0278.
[23.11.2015 18:26:35] Step 4: (b-a)/2 = 0,0006 < eps = 0,0010; STOP SEARCHING!
[23.11.2015 18:26:35] Iter 0: Answer is in the range: [0,0267; 0,0278]
[23.11.2015 18:26:35] Step 5: alpha_end = (a+b)/2; Minimum x* is: 0,0272
[23.11.2015 18:26:35] Step 9: New alpha 0,0272093750474974
[23.11.2015 18:26:35] Step 10: New local search point DenseVector 2-Double
2,73546
2,31478

[23.11.2015 18:26:35] Step 11: Iteration end.
[23.11.2015 18:26:35] Step 2: ITERATION number 36
[23.11.2015 18:26:35] Step 5: Sk = DenseVector 2-Double
 0,00772726
-0,00770665

[23.11.2015 18:26:35] Step 6: Yk = DenseVector 2-Double
  0,28983
-0,230347

[23.11.2015 18:26:35] Step 7: Quasi-Newton matrix: 
DenseMatrix 2x2-Double
  0,0187235  -0,00998759
-0,00998759    0,0208899

[23.11.2015 18:26:35] Step 8: Search vector: DenseVector 2-Double
 0,274591
-0,277165

[23.11.2015 18:26:35] DSK method started!
[23.11.2015 18:26:35] Step 1: f(alpha)=0,1543, f(alpha + h)=0,1566; k=0;
[23.11.2015 18:26:35] Step 3: a=0,0262, b=0,0282; Go to step 6!
[23.11.2015 18:26:35] Step 6: Interval is: [0,0262 ; 0,0282]
[23.11.2015 18:26:35] Dichotomy method has been started!
[23.11.2015 18:26:35] Counting: delta = eps / 10 = 0,0001
[23.11.2015 18:26:35] Step 1: counting alpha_1 = 0,0271, alpha_2 = 0,0273
[23.11.2015 18:26:35] Step 3: f(0,0271) = 0,1544 > f(0,0273) = 0,1542; a = alpha_1 = 0,0271.
[23.11.2015 18:26:35] Step 4: (b-a)/2 = 0,0006 < eps = 0,0010; STOP SEARCHING!
[23.11.2015 18:26:35] Iter 0: Answer is in the range: [0,0271; 0,0282]
[23.11.2015 18:26:35] Step 5: alpha_end = (a+b)/2; Minimum x* is: 0,0277
[23.11.2015 18:26:35] Step 9: New alpha 0,0276593750474974
[23.11.2015 18:26:35] Step 10: New local search point DenseVector 2-Double
2,74305
2,30711

[23.11.2015 18:26:35] Step 11: Iteration end.
[23.11.2015 18:26:35] Step 2: ITERATION number 37
[23.11.2015 18:26:35] Step 5: Sk = DenseVector 2-Double
 0,00759501
-0,00766621

[23.11.2015 18:26:35] Step 6: Yk = DenseVector 2-Double
  0,28673
-0,228029

[23.11.2015 18:26:35] Step 7: Quasi-Newton matrix: 
DenseMatrix 2x2-Double
  0,0185472  -0,00998554
-0,00998554    0,0210634

[23.11.2015 18:26:35] Step 8: Search vector: DenseVector 2-Double
 0,265052
-0,271042

[23.11.2015 18:26:35] DSK method started!
[23.11.2015 18:26:35] Step 1: f(alpha)=0,1470, f(alpha + h)=0,1518; k=0;
[23.11.2015 18:26:35] Step 3: a=0,0267, b=0,0287; Go to step 6!
[23.11.2015 18:26:35] Step 6: Interval is: [0,0267 ; 0,0287]
[23.11.2015 18:26:35] Dichotomy method has been started!
[23.11.2015 18:26:35] Counting: delta = eps / 10 = 0,0001
[23.11.2015 18:26:35] Step 1: counting alpha_1 = 0,0276, alpha_2 = 0,0278
[23.11.2015 18:26:35] Step 3: f(0,0276) = 0,1468 <= f(0,0278) = 0,1472; b = alpha_2 = 0,0278.
[23.11.2015 18:26:35] Step 4: (b-a)/2 = 0,0006 < eps = 0,0010; STOP SEARCHING!
[23.11.2015 18:26:35] Iter 0: Answer is in the range: [0,0267; 0,0278]
[23.11.2015 18:26:35] Step 5: alpha_end = (a+b)/2; Minimum x* is: 0,0272
[23.11.2015 18:26:35] Step 9: New alpha 0,0272093750474974
[23.11.2015 18:26:35] Step 10: New local search point DenseVector 2-Double
2,75027
2,29973

[23.11.2015 18:26:35] Step 11: Iteration end.
[23.11.2015 18:26:35] Step 2: ITERATION number 38
[23.11.2015 18:26:35] Step 5: Sk = DenseVector 2-Double
  0,0072119
-0,00737488

[23.11.2015 18:26:35] Step 6: Yk = DenseVector 2-Double
 0,273552
-0,218324

[23.11.2015 18:26:35] Step 7: Quasi-Newton matrix: 
DenseMatrix 2x2-Double
  0,0183853  -0,00999691
-0,00999691    0,0212538

[23.11.2015 18:26:35] Step 8: Search vector: DenseVector 2-Double
 0,256464
-0,265231

[23.11.2015 18:26:35] DSK method started!
[23.11.2015 18:26:35] Step 1: f(alpha)=0,1436, f(alpha + h)=0,1456; k=0;
[23.11.2015 18:26:35] Step 3: a=0,0262, b=0,0282; Go to step 6!
[23.11.2015 18:26:35] Step 6: Interval is: [0,0262 ; 0,0282]
[23.11.2015 18:26:35] Dichotomy method has been started!
[23.11.2015 18:26:35] Counting: delta = eps / 10 = 0,0001
[23.11.2015 18:26:35] Step 1: counting alpha_1 = 0,0271, alpha_2 = 0,0273
[23.11.2015 18:26:35] Step 3: f(0,0271) = 0,1437 > f(0,0273) = 0,1435; a = alpha_1 = 0,0271.
[23.11.2015 18:26:35] Step 4: (b-a)/2 = 0,0006 < eps = 0,0010; STOP SEARCHING!
[23.11.2015 18:26:35] Iter 0: Answer is in the range: [0,0271; 0,0282]
[23.11.2015 18:26:35] Step 5: alpha_end = (a+b)/2; Minimum x* is: 0,0277
[23.11.2015 18:26:35] Step 9: New alpha 0,0276593750474974
[23.11.2015 18:26:35] Step 10: New local search point DenseVector 2-Double
2,75736
 2,2924

[23.11.2015 18:26:35] Step 11: Iteration end.
[23.11.2015 18:26:35] Step 2: ITERATION number 39
[23.11.2015 18:26:35] Step 5: Sk = DenseVector 2-Double
 0,00709362
-0,00733612

[23.11.2015 18:26:35] Step 6: Yk = DenseVector 2-Double
 0,270664
-0,216109

[23.11.2015 18:26:35] Step 7: Quasi-Newton matrix: 
DenseMatrix 2x2-Double
  0,0182256  -0,00999785
-0,00999785    0,0214247

[23.11.2015 18:26:35] Step 8: Search vector: DenseVector 2-Double
 0,247708
-0,259368

[23.11.2015 18:26:35] DSK method started!
[23.11.2015 18:26:35] Step 1: f(alpha)=0,1364, f(alpha + h)=0,1405; k=0;
[23.11.2015 18:26:35] Step 3: a=0,0267, b=0,0287; Go to step 6!
[23.11.2015 18:26:35] Step 6: Interval is: [0,0267 ; 0,0287]
[23.11.2015 18:26:35] Dichotomy method has been started!
[23.11.2015 18:26:35] Counting: delta = eps / 10 = 0,0001
[23.11.2015 18:26:35] Step 1: counting alpha_1 = 0,0276, alpha_2 = 0,0278
[23.11.2015 18:26:35] Step 3: f(0,0276) = 0,1363 <= f(0,0278) = 0,1365; b = alpha_2 = 0,0278.
[23.11.2015 18:26:35] Step 4: (b-a)/2 = 0,0006 < eps = 0,0010; STOP SEARCHING!
[23.11.2015 18:26:35] Iter 0: Answer is in the range: [0,0267; 0,0278]
[23.11.2015 18:26:35] Step 5: alpha_end = (a+b)/2; Minimum x* is: 0,0272
[23.11.2015 18:26:35] Step 9: New alpha 0,0272093750474974
[23.11.2015 18:26:35] Step 10: New local search point DenseVector 2-Double
 2,7641
2,28534

[23.11.2015 18:26:35] Step 11: Iteration end.
[23.11.2015 18:26:35] Step 2: ITERATION number 40
[23.11.2015 18:26:35] Step 5: Sk = DenseVector 2-Double
 0,00673999
-0,00705724

[23.11.2015 18:26:35] Step 6: Yk = DenseVector 2-Double
 0,258231
-0,206904

[23.11.2015 18:26:35] Step 7: Quasi-Newton matrix: 
DenseMatrix 2x2-Double
 0,0180787  -0,0100119
-0,0100119   0,0216132

[23.11.2015 18:26:35] Step 8: Search vector: DenseVector 2-Double
 0,239837
-0,253798

[23.11.2015 18:26:35] DSK method started!
[23.11.2015 18:26:35] Step 1: f(alpha)=0,1331, f(alpha + h)=0,1348; k=0;
[23.11.2015 18:26:35] Step 3: a=0,0262, b=0,0282; Go to step 6!
[23.11.2015 18:26:35] Step 6: Interval is: [0,0262 ; 0,0282]
[23.11.2015 18:26:35] Dichotomy method has been started!
[23.11.2015 18:26:35] Counting: delta = eps / 10 = 0,0001
[23.11.2015 18:26:35] Step 1: counting alpha_1 = 0,0271, alpha_2 = 0,0273
[23.11.2015 18:26:35] Step 3: f(0,0271) = 0,1332 > f(0,0273) = 0,1330; a = alpha_1 = 0,0271.
[23.11.2015 18:26:35] Step 4: (b-a)/2 = 0,0006 < eps = 0,0010; STOP SEARCHING!
[23.11.2015 18:26:35] Iter 0: Answer is in the range: [0,0271; 0,0282]
[23.11.2015 18:26:35] Step 5: alpha_end = (a+b)/2; Minimum x* is: 0,0277
[23.11.2015 18:26:35] Step 9: New alpha 0,0276593750474974
[23.11.2015 18:26:35] Step 10: New local search point DenseVector 2-Double
2,77073
2,27832

[23.11.2015 18:26:35] Step 11: Iteration end.
[23.11.2015 18:26:35] Step 2: ITERATION number 41
[23.11.2015 18:26:35] Step 5: Sk = DenseVector 2-Double
 0,00663375
-0,00701989

[23.11.2015 18:26:35] Step 6: Yk = DenseVector 2-Double
0,255538
-0,20479

[23.11.2015 18:26:35] Step 7: Quasi-Newton matrix: 
DenseMatrix 2x2-Double
 0,0179335  -0,0100153
-0,0100153   0,0217812

[23.11.2015 18:26:35] Step 8: Search vector: DenseVector 2-Double
 0,231777
-0,248178

[23.11.2015 18:26:35] DSK method started!
[23.11.2015 18:26:35] Step 1: f(alpha)=0,1260, f(alpha + h)=0,1295; k=0;
[23.11.2015 18:26:35] Step 3: a=0,0267, b=0,0287; Go to step 6!
[23.11.2015 18:26:35] Step 6: Interval is: [0,0267 ; 0,0287]
[23.11.2015 18:26:35] Dichotomy method has been started!
[23.11.2015 18:26:35] Counting: delta = eps / 10 = 0,0001
[23.11.2015 18:26:35] Step 1: counting alpha_1 = 0,0276, alpha_2 = 0,0278
[23.11.2015 18:26:35] Step 3: f(0,0276) = 0,1259 <= f(0,0278) = 0,1261; b = alpha_2 = 0,0278.
[23.11.2015 18:26:35] Step 4: (b-a)/2 = 0,0006 < eps = 0,0010; STOP SEARCHING!
[23.11.2015 18:26:35] Iter 0: Answer is in the range: [0,0267; 0,0278]
[23.11.2015 18:26:35] Step 5: alpha_end = (a+b)/2; Minimum x* is: 0,0272
[23.11.2015 18:26:36] Step 9: New alpha 0,0272093750474974
[23.11.2015 18:26:36] Step 10: New local search point DenseVector 2-Double
2,77704
2,27157

[23.11.2015 18:26:36] Step 11: Iteration end.
[23.11.2015 18:26:36] Step 2: ITERATION number 42
[23.11.2015 18:26:36] Step 5: Sk = DenseVector 2-Double
  0,0063065
-0,00675277

[23.11.2015 18:26:36] Step 6: Yk = DenseVector 2-Double
 0,243804
-0,196062

[23.11.2015 18:26:36] Step 7: Quasi-Newton matrix: 
DenseMatrix 2x2-Double
 0,0177999  -0,0100316
-0,0100316   0,0219676

[23.11.2015 18:26:36] Step 8: Search vector: DenseVector 2-Double
 0,224543
-0,242834

[23.11.2015 18:26:36] DSK method started!
[23.11.2015 18:26:36] Step 1: f(alpha)=0,1228, f(alpha + h)=0,1242; k=0;
[23.11.2015 18:26:36] Step 3: a=0,0262, b=0,0282; Go to step 6!
[23.11.2015 18:26:36] Step 6: Interval is: [0,0262 ; 0,0282]
[23.11.2015 18:26:36] Dichotomy method has been started!
[23.11.2015 18:26:36] Counting: delta = eps / 10 = 0,0001
[23.11.2015 18:26:36] Step 1: counting alpha_1 = 0,0271, alpha_2 = 0,0273
[23.11.2015 18:26:36] Step 3: f(0,0271) = 0,1230 > f(0,0273) = 0,1228; a = alpha_1 = 0,0271.
[23.11.2015 18:26:36] Step 4: (b-a)/2 = 0,0006 < eps = 0,0010; STOP SEARCHING!
[23.11.2015 18:26:36] Iter 0: Answer is in the range: [0,0271; 0,0282]
[23.11.2015 18:26:36] Step 5: alpha_end = (a+b)/2; Minimum x* is: 0,0277
[23.11.2015 18:26:36] Step 9: New alpha 0,0276593750474974
[23.11.2015 18:26:36] Step 10: New local search point DenseVector 2-Double
2,78325
2,26485

[23.11.2015 18:26:36] Step 11: Iteration end.
[23.11.2015 18:26:36] Step 2: ITERATION number 43
[23.11.2015 18:26:36] Step 5: Sk = DenseVector 2-Double
 0,00621071
-0,00671662

[23.11.2015 18:26:36] Step 6: Yk = DenseVector 2-Double
 0,241292
-0,194045

[23.11.2015 18:26:36] Step 7: Quasi-Newton matrix: 
DenseMatrix 2x2-Double
 0,0176676  -0,0100372
-0,0100372   0,0221327

[23.11.2015 18:26:36] Step 8: Search vector: DenseVector 2-Double
   0,2171
-0,237442

[23.11.2015 18:26:36] DSK method started!
[23.11.2015 18:26:36] Step 1: f(alpha)=0,1160, f(alpha + h)=0,1189; k=0;
[23.11.2015 18:26:36] Step 3: a=0,0267, b=0,0287; Go to step 6!
[23.11.2015 18:26:36] Step 6: Interval is: [0,0267 ; 0,0287]
[23.11.2015 18:26:36] Dichotomy method has been started!
[23.11.2015 18:26:36] Counting: delta = eps / 10 = 0,0001
[23.11.2015 18:26:36] Step 1: counting alpha_1 = 0,0276, alpha_2 = 0,0278
[23.11.2015 18:26:36] Step 3: f(0,0276) = 0,1159 <= f(0,0278) = 0,1161; b = alpha_2 = 0,0278.
[23.11.2015 18:26:36] Step 4: (b-a)/2 = 0,0006 < eps = 0,0010; STOP SEARCHING!
[23.11.2015 18:26:36] Iter 0: Answer is in the range: [0,0267; 0,0278]
[23.11.2015 18:26:36] Step 5: alpha_end = (a+b)/2; Minimum x* is: 0,0272
[23.11.2015 18:26:36] Step 9: New alpha 0,0272093750474974
[23.11.2015 18:26:36] Step 10: New local search point DenseVector 2-Double
2,78916
2,25839

[23.11.2015 18:26:36] Step 11: Iteration end.
[23.11.2015 18:26:36] Step 2: ITERATION number 44
[23.11.2015 18:26:36] Step 5: Sk = DenseVector 2-Double
 0,00590716
-0,00646066

[23.11.2015 18:26:36] Step 6: Yk = DenseVector 2-Double
 0,230212
-0,185771

[23.11.2015 18:26:36] Step 7: Quasi-Newton matrix: 
DenseMatrix 2x2-Double
 0,0175455  -0,0100553
-0,0100553   0,0223167

[23.11.2015 18:26:36] Step 8: Search vector: DenseVector 2-Double
 0,210434
-0,232311

[23.11.2015 18:26:36] DSK method started!
[23.11.2015 18:26:36] Step 1: f(alpha)=0,1130, f(alpha + h)=0,1140; k=0;
[23.11.2015 18:26:36] Step 3: a=0,0262, b=0,0282; Go to step 6!
[23.11.2015 18:26:36] Step 6: Interval is: [0,0262 ; 0,0282]
[23.11.2015 18:26:36] Dichotomy method has been started!
[23.11.2015 18:26:36] Counting: delta = eps / 10 = 0,0001
[23.11.2015 18:26:36] Step 1: counting alpha_1 = 0,0271, alpha_2 = 0,0273
[23.11.2015 18:26:36] Step 3: f(0,0271) = 0,1131 > f(0,0273) = 0,1129; a = alpha_1 = 0,0271.
[23.11.2015 18:26:36] Step 4: (b-a)/2 = 0,0006 < eps = 0,0010; STOP SEARCHING!
[23.11.2015 18:26:36] Iter 0: Answer is in the range: [0,0271; 0,0282]
[23.11.2015 18:26:36] Step 5: alpha_end = (a+b)/2; Minimum x* is: 0,0277
[23.11.2015 18:26:36] Step 9: New alpha 0,0276593750474974
[23.11.2015 18:26:36] Step 10: New local search point DenseVector 2-Double
2,79498
2,25197

[23.11.2015 18:26:36] Step 11: Iteration end.
[23.11.2015 18:26:36] Step 2: ITERATION number 45
[23.11.2015 18:26:36] Step 5: Sk = DenseVector 2-Double
 0,00582048
-0,00642557

[23.11.2015 18:26:36] Step 6: Yk = DenseVector 2-Double
 0,227868
-0,183848

[23.11.2015 18:26:36] Step 7: Quasi-Newton matrix: 
DenseMatrix 2x2-Double
 0,0174246  -0,0100625
-0,0100625   0,0224786

[23.11.2015 18:26:36] Step 8: Search vector: DenseVector 2-Double
 0,203546
-0,227136

[23.11.2015 18:26:36] DSK method started!
[23.11.2015 18:26:36] Step 1: f(alpha)=0,1063, f(alpha + h)=0,1088; k=0;
[23.11.2015 18:26:36] Step 3: a=0,0267, b=0,0287; Go to step 6!
[23.11.2015 18:26:36] Step 6: Interval is: [0,0267 ; 0,0287]
[23.11.2015 18:26:36] Dichotomy method has been started!
[23.11.2015 18:26:36] Counting: delta = eps / 10 = 0,0001
[23.11.2015 18:26:36] Step 1: counting alpha_1 = 0,0276, alpha_2 = 0,0278
[23.11.2015 18:26:36] Step 3: f(0,0276) = 0,1063 <= f(0,0278) = 0,1064; b = alpha_2 = 0,0278.
[23.11.2015 18:26:36] Step 4: (b-a)/2 = 0,0006 < eps = 0,0010; STOP SEARCHING!
[23.11.2015 18:26:36] Iter 0: Answer is in the range: [0,0267; 0,0278]
[23.11.2015 18:26:36] Step 5: alpha_end = (a+b)/2; Minimum x* is: 0,0272
[23.11.2015 18:26:36] Step 9: New alpha 0,0272093750474974
[23.11.2015 18:26:36] Step 10: New local search point DenseVector 2-Double
2,80052
2,24579

[23.11.2015 18:26:36] Step 11: Iteration end.
[23.11.2015 18:26:36] Step 2: ITERATION number 46
[23.11.2015 18:26:36] Step 5: Sk = DenseVector 2-Double
 0,00553836
-0,00618023

[23.11.2015 18:26:36] Step 6: Yk = DenseVector 2-Double
 0,217402
-0,176006

[23.11.2015 18:26:36] Step 7: Quasi-Newton matrix: 
DenseMatrix 2x2-Double
 0,0173127  -0,0100822
-0,0100822   0,0226602

[23.11.2015 18:26:36] Step 8: Search vector: DenseVector 2-Double
  0,19739
-0,222206

[23.11.2015 18:26:36] DSK method started!
[23.11.2015 18:26:36] Step 1: f(alpha)=0,1036, f(alpha + h)=0,1043; k=0;
[23.11.2015 18:26:36] Step 3: a=0,0262, b=0,0282; Go to step 6!
[23.11.2015 18:26:36] Step 6: Interval is: [0,0262 ; 0,0282]
[23.11.2015 18:26:36] Dichotomy method has been started!
[23.11.2015 18:26:36] Counting: delta = eps / 10 = 0,0001
[23.11.2015 18:26:36] Step 1: counting alpha_1 = 0,0271, alpha_2 = 0,0273
[23.11.2015 18:26:36] Step 3: f(0,0271) = 0,1037 > f(0,0273) = 0,1035; a = alpha_1 = 0,0271.
[23.11.2015 18:26:36] Step 4: (b-a)/2 = 0,0006 < eps = 0,0010; STOP SEARCHING!
[23.11.2015 18:26:36] Iter 0: Answer is in the range: [0,0271; 0,0282]
[23.11.2015 18:26:36] Step 5: alpha_end = (a+b)/2; Minimum x* is: 0,0277
[23.11.2015 18:26:36] Step 9: New alpha 0,0276593750474974
[23.11.2015 18:26:36] Step 10: New local search point DenseVector 2-Double
2,80598
2,23964

[23.11.2015 18:26:36] Step 11: Iteration end.
[23.11.2015 18:26:36] Step 2: ITERATION number 47
[23.11.2015 18:26:36] Step 5: Sk = DenseVector 2-Double
 0,00545968
-0,00614609

[23.11.2015 18:26:36] Step 6: Yk = DenseVector 2-Double
 0,215215
-0,174172

[23.11.2015 18:26:36] Step 7: Quasi-Newton matrix: 
DenseMatrix 2x2-Double
  0,017202  -0,0100909
-0,0100909   0,0228187

[23.11.2015 18:26:36] Step 8: Search vector: DenseVector 2-Double
    0,191
-0,217237

[23.11.2015 18:26:36] DSK method started!
[23.11.2015 18:26:36] Step 1: f(alpha)=0,0972, f(alpha + h)=0,0992; k=0;
[23.11.2015 18:26:36] Step 3: a=0,0267, b=0,0287; Go to step 6!
[23.11.2015 18:26:36] Step 6: Interval is: [0,0267 ; 0,0287]
[23.11.2015 18:26:36] Dichotomy method has been started!
[23.11.2015 18:26:36] Counting: delta = eps / 10 = 0,0001
[23.11.2015 18:26:36] Step 1: counting alpha_1 = 0,0276, alpha_2 = 0,0278
[23.11.2015 18:26:36] Step 3: f(0,0276) = 0,0972 <= f(0,0278) = 0,0972; b = alpha_2 = 0,0278.
[23.11.2015 18:26:36] Step 4: (b-a)/2 = 0,0006 < eps = 0,0010; STOP SEARCHING!
[23.11.2015 18:26:36] Iter 0: Answer is in the range: [0,0267; 0,0278]
[23.11.2015 18:26:36] Step 5: alpha_end = (a+b)/2; Minimum x* is: 0,0272
[23.11.2015 18:26:36] Step 9: New alpha 0,0272093750474974
[23.11.2015 18:26:36] Step 10: New local search point DenseVector 2-Double
2,81117
2,23373

[23.11.2015 18:26:36] Step 11: Iteration end.
[23.11.2015 18:26:36] Step 2: ITERATION number 48
[23.11.2015 18:26:36] Step 5: Sk = DenseVector 2-Double
 0,00519699
-0,00591088

[23.11.2015 18:26:36] Step 6: Yk = DenseVector 2-Double
 0,205326
-0,166741

[23.11.2015 18:26:36] Step 7: Quasi-Newton matrix: 
DenseMatrix 2x2-Double
 0,0170993  -0,0101118
-0,0101118   0,0229977

[23.11.2015 18:26:36] Step 8: Search vector: DenseVector 2-Double
 0,185303
-0,212499

[23.11.2015 18:26:36] DSK method started!
[23.11.2015 18:26:36] Step 1: f(alpha)=0,0946, f(alpha + h)=0,0951; k=0;
[23.11.2015 18:26:36] Step 3: a=0,0262, b=0,0282; Go to step 6!
[23.11.2015 18:26:36] Step 6: Interval is: [0,0262 ; 0,0282]
[23.11.2015 18:26:36] Dichotomy method has been started!
[23.11.2015 18:26:36] Counting: delta = eps / 10 = 0,0001
[23.11.2015 18:26:36] Step 1: counting alpha_1 = 0,0271, alpha_2 = 0,0273
[23.11.2015 18:26:36] Step 3: f(0,0271) = 0,0948 > f(0,0273) = 0,0945; a = alpha_1 = 0,0271.
[23.11.2015 18:26:36] Step 4: (b-a)/2 = 0,0006 < eps = 0,0010; STOP SEARCHING!
[23.11.2015 18:26:36] Iter 0: Answer is in the range: [0,0271; 0,0282]
[23.11.2015 18:26:36] Step 5: alpha_end = (a+b)/2; Minimum x* is: 0,0277
[23.11.2015 18:26:36] Step 9: New alpha 0,0276593750474974
[23.11.2015 18:26:36] Step 10: New local search point DenseVector 2-Double
 2,8163
2,22785

[23.11.2015 18:26:36] Step 11: Iteration end.
[23.11.2015 18:26:37] Step 2: ITERATION number 49
[23.11.2015 18:26:37] Step 5: Sk = DenseVector 2-Double
0,00512538
-0,0058776

[23.11.2015 18:26:37] Step 6: Yk = DenseVector 2-Double
 0,203285
-0,164994

[23.11.2015 18:26:37] Step 7: Quasi-Newton matrix: 
DenseMatrix 2x2-Double
 0,0169977  -0,0101216
-0,0101216   0,0231526

[23.11.2015 18:26:37] Step 8: Search vector: DenseVector 2-Double
 0,179363
-0,207726

[23.11.2015 18:26:37] DSK method started!
[23.11.2015 18:26:37] Step 1: f(alpha)=0,0885, f(alpha + h)=0,0901; k=0;
[23.11.2015 18:26:37] Step 3: a=0,0267, b=0,0287; Go to step 6!
[23.11.2015 18:26:37] Step 6: Interval is: [0,0267 ; 0,0287]
[23.11.2015 18:26:37] Dichotomy method has been started!
[23.11.2015 18:26:37] Counting: delta = eps / 10 = 0,0001
[23.11.2015 18:26:37] Step 1: counting alpha_1 = 0,0276, alpha_2 = 0,0278
[23.11.2015 18:26:37] Step 3: f(0,0276) = 0,0885 > f(0,0278) = 0,0885; a = alpha_1 = 0,0276.
[23.11.2015 18:26:37] Step 4: (b-a)/2 = 0,0006 < eps = 0,0010; STOP SEARCHING!
[23.11.2015 18:26:37] Iter 0: Answer is in the range: [0,0276; 0,0287]
[23.11.2015 18:26:37] Step 5: alpha_end = (a+b)/2; Minimum x* is: 0,0281
[23.11.2015 18:26:37] Step 9: New alpha 0,0281093750474974
[23.11.2015 18:26:37] Step 10: New local search point DenseVector 2-Double
2,82134
2,22201

[23.11.2015 18:26:37] Step 11: Iteration end.
[23.11.2015 18:26:37] Step 2: ITERATION number 50
[23.11.2015 18:26:37] Step 5: Sk = DenseVector 2-Double
  0,0050418
-0,00583905

[23.11.2015 18:26:37] Step 6: Yk = DenseVector 2-Double
 0,200524
-0,163283

[23.11.2015 18:26:37] Step 7: Quasi-Newton matrix: 
DenseMatrix 2x2-Double
 0,0168926  -0,0101323
-0,0101323   0,0233171

[23.11.2015 18:26:37] Step 8: Search vector: DenseVector 2-Double
 0,173508
-0,203028

[23.11.2015 18:26:37] DSK method started!
[23.11.2015 18:26:37] Step 1: f(alpha)=0,0829, f(alpha + h)=0,0854; k=0;
[23.11.2015 18:26:37] Step 3: a=0,0271, b=0,0291; Go to step 6!
[23.11.2015 18:26:37] Step 6: Interval is: [0,0271 ; 0,0291]
[23.11.2015 18:26:37] Dichotomy method has been started!
[23.11.2015 18:26:37] Counting: delta = eps / 10 = 0,0001
[23.11.2015 18:26:37] Step 1: counting alpha_1 = 0,0280, alpha_2 = 0,0282
[23.11.2015 18:26:37] Step 3: f(0,0280) = 0,0828 <= f(0,0282) = 0,0830; b = alpha_2 = 0,0282.
[23.11.2015 18:26:37] Step 4: (b-a)/2 = 0,0006 < eps = 0,0010; STOP SEARCHING!
[23.11.2015 18:26:37] Iter 0: Answer is in the range: [0,0271; 0,0282]
[23.11.2015 18:26:37] Step 5: alpha_end = (a+b)/2; Minimum x* is: 0,0277
[23.11.2015 18:26:37] Step 9: New alpha 0,0276593750474974
[23.11.2015 18:26:37] Step 10: New local search point DenseVector 2-Double
2,82614
 2,2164

[23.11.2015 18:26:37] Step 11: Iteration end.
[23.11.2015 18:26:37] Step 2: ITERATION number 51
[23.11.2015 18:26:37] Step 5: Sk = DenseVector 2-Double
 0,00479913
-0,00561563

[23.11.2015 18:26:37] Step 6: Yk = DenseVector 2-Double
 0,191153
-0,156378

[23.11.2015 18:26:37] Step 7: Quasi-Newton matrix: 
DenseMatrix 2x2-Double
0,0167987  -0,010155
-0,010155  0,0234974

[23.11.2015 18:26:37] Step 8: Search vector: DenseVector 2-Double
 0,168335
-0,198507

[23.11.2015 18:26:37] DSK method started!
[23.11.2015 18:26:37] Step 1: f(alpha)=0,0803, f(alpha + h)=0,0814; k=0;
[23.11.2015 18:26:37] Step 3: a=0,0267, b=0,0287; Go to step 6!
[23.11.2015 18:26:37] Step 6: Interval is: [0,0267 ; 0,0287]
[23.11.2015 18:26:37] Dichotomy method has been started!
[23.11.2015 18:26:37] Counting: delta = eps / 10 = 0,0001
[23.11.2015 18:26:37] Step 1: counting alpha_1 = 0,0276, alpha_2 = 0,0278
[23.11.2015 18:26:37] Step 3: f(0,0276) = 0,0803 > f(0,0278) = 0,0802; a = alpha_1 = 0,0276.
