[11.11.2015 23:35:04] DFP method started
[11.11.2015 23:35:04] Input data. Start point DenseMatrix 2x1-Double
0
0
, epsilon 0,01000
[11.11.2015 23:35:04] Step 1: K = 0
[11.11.2015 23:35:04] Step 2: ITERATION number 0
[11.11.2015 23:35:04] Step 4: K==0, go to step 8.
[11.11.2015 23:35:05] Step 8: Search vector: DenseMatrix 2x1-Double
14,0324
  22,02

[11.11.2015 23:35:05] DSK method started!
[11.11.2015 23:35:05] Step 1: f(alpha)=168,9253, f(alpha + h)=160,7896; k=0;
[11.11.2015 23:35:05] Step 2: a=0,0015, alpha1=0,0115, k=2; Go to step 4!
[11.11.2015 23:35:05] Step 4: alphak=0,0215
[11.11.2015 23:35:05] Step 5: h > 0; a=alpha(k-1)=0,0115
[11.11.2015 23:35:05] k = k + 1 = 3; Go to step 4!
[11.11.2015 23:35:05] Step 4: alphak=0,0415
[11.11.2015 23:35:05] Step 5: h > 0; a=alpha(k-1)=0,0215
[11.11.2015 23:35:05] k = k + 1 = 4; Go to step 4!
[11.11.2015 23:35:05] Step 4: alphak=0,0815
[11.11.2015 23:35:05] Step 5: h > 0; a=alpha(k-1)=0,0415
[11.11.2015 23:35:05] k = k + 1 = 5; Go to step 4!
[11.11.2015 23:35:05] Step 4: alphak=0,1615
[11.11.2015 23:35:05] Step 5: h > 0; a=alpha(k-1)=0,0815
[11.11.2015 23:35:05] k = k + 1 = 6; Go to step 4!
[11.11.2015 23:35:05] Step 4: alphak=0,3215
[11.11.2015 23:35:05] Step 5: h > 0; b=alphak=0,3215
[11.11.2015 23:35:05] Step 6: Interval is: [0,0815 ; 0,3215]
[11.11.2015 23:35:05] Dichotomy method has been started!
[11.11.2015 23:35:05] Counting: delta = eps / 10 = 0,001
[11.11.2015 23:35:05] Step 1: counting alpha_1 = 0,2005, alpha_2 = 0,2025
[11.11.2015 23:35:05] Step 3: f(0,2005) = 236,3205 <= f(0,2025) = 249,9111; b = alpha_2 = 0,2025.
[11.11.2015 23:35:05] Iter 0: Answer is in the range: [0,0815; 0,2025]
[11.11.2015 23:35:05] Step 1: counting alpha_1 = 0,1410, alpha_2 = 0,1430
[11.11.2015 23:35:05] Step 3: f(0,1410) = 37,2073 <= f(0,1430) = 38,8913; b = alpha_2 = 0,1430.
[11.11.2015 23:35:05] Iter 1: Answer is in the range: [0,0815; 0,1430]
[11.11.2015 23:35:05] Step 1: counting alpha_1 = 0,1113, alpha_2 = 0,1133
[11.11.2015 23:35:05] Step 3: f(0,1113) = 37,6597 > f(0,1133) = 36,3976; a = alpha_1 = 0,1113.
[11.11.2015 23:35:05] Iter 2: Answer is in the range: [0,1113; 0,1430]
[11.11.2015 23:35:05] Step 1: counting alpha_1 = 0,1262, alpha_2 = 0,1282
[11.11.2015 23:35:05] Step 3: f(0,1262) = 32,0759 > f(0,1282) = 32,0724; a = alpha_1 = 0,1262.
[11.11.2015 23:35:05] Step 4: (b-a)/2 = 0,0084 < eps = 0,0100; STOP SEARCHING!
[11.11.2015 23:35:05] Iter 3: Answer is in the range: [0,1262; 0,1430]
[11.11.2015 23:35:05] Step 5: alpha_end = (a+b)/2; Minimum x* is: 0,1346
[11.11.2015 23:35:05] Step 9: New alpha 0,134604499983601
[11.11.2015 23:35:06] Step 10: New local search point DenseMatrix 2x1-Double
1,88882
  2,964

[11.11.2015 23:35:06] Step 11: Iteration end.
[11.11.2015 23:35:06] Step 2: ITERATION number 1
[11.11.2015 23:35:06] Step 5: Sk = DenseMatrix 2x1-Double
1,88882
  2,964

[11.11.2015 23:35:06] Step 6: Yk = DenseMatrix 2x1-Double
-8,59535
 64,4419

[11.11.2015 23:35:06] Step 7: Quasi-Newton matrix: 
DenseMatrix 2x2-Double
NaN  NaN
NaN  NaN

[11.11.2015 23:35:06] Step 8: Search vector: DenseMatrix 2x1-Double
NaN
NaN

[11.11.2015 23:35:06] DSK method started!
[11.11.2015 23:35:06] Step 1: f(alpha)=237,1303, f(alpha + h)=340,8407; k=0;
[11.11.2015 23:35:06] Step 3: b=0,1346, alpha1=0,1446, h=-0,0100, k=2.
[11.11.2015 23:35:06] Step 4: alphak=0,1146
[11.11.2015 23:35:06] Step 5: h > 0; b=alpha(k-1)=0,1246
[11.11.2015 23:35:06] k = k + 1 = 3; Go to step 4!
[11.11.2015 23:35:06] Step 4: alphak=0,0946
[11.11.2015 23:35:06] Step 5: h > 0; b=alpha(k-1)=0,1146
[11.11.2015 23:35:06] k = k + 1 = 4; Go to step 4!
[11.11.2015 23:35:06] Step 4: alphak=0,0546
[11.11.2015 23:35:06] Step 5: h > 0; b=alpha(k-1)=0,0946
[11.11.2015 23:35:06] k = k + 1 = 5; Go to step 4!
[11.11.2015 23:35:06] Step 4: alphak=-0,0254
[11.11.2015 23:35:06] Step 5: h < 0; a=alphak-0,0254
[11.11.2015 23:35:06] Step 6: Interval is: [-0,0254 ; 0,0946]
[11.11.2015 23:35:06] Dichotomy method has been started!
[11.11.2015 23:35:06] Counting: delta = eps / 10 = 0,001
[11.11.2015 23:35:06] Step 1: counting alpha_1 = 0,0336, alpha_2 = 0,0356
[11.11.2015 23:35:06] Step 3: f(0,0336) = 6,4497 <= f(0,0356) = 6,4701; b = alpha_2 = 0,0356.
[11.11.2015 23:35:06] Iter 0: Answer is in the range: [-0,0254; 0,0356]
[11.11.2015 23:35:06] Step 1: counting alpha_1 = 0,0041, alpha_2 = 0,0061
[11.11.2015 23:35:06] Step 3: f(0,0041) = 25,8268 > f(0,0061) = 22,7118; a = alpha_1 = 0,0041.
[11.11.2015 23:35:06] Iter 1: Answer is in the range: [0,0041; 0,0356]
[11.11.2015 23:35:06] Step 1: counting alpha_1 = 0,0189, alpha_2 = 0,0209
[11.11.2015 23:35:06] Step 3: f(0,0189) = 10,2481 > f(0,0209) = 9,2130; a = alpha_1 = 0,0189.
[11.11.2015 23:35:06] Step 4: (b-a)/2 = 0,0084 < eps = 0,0100; STOP SEARCHING!
[11.11.2015 23:35:06] Iter 2: Answer is in the range: [0,0189; 0,0356]
[11.11.2015 23:35:06] Step 5: alpha_end = (a+b)/2; Minimum x* is: 0,0272
[11.11.2015 23:35:06] Step 9: New alpha 0,0272294999836013
[11.11.2015 23:35:06] Step 10: New local search point DenseMatrix 2x1-Double
NaN
NaN

[11.11.2015 23:35:06] Step 11: Iteration end.
[11.11.2015 23:35:06] Step 2: ITERATION number 2
[11.11.2015 23:35:06] Step 5: Sk = DenseMatrix 2x1-Double
NaN
NaN

[11.11.2015 23:35:06] Step 6: Yk = DenseMatrix 2x1-Double
NaN
NaN

[11.11.2015 23:35:06] Step 7: Quasi-Newton matrix: 
DenseMatrix 2x2-Double
NaN  NaN
NaN  NaN

[11.11.2015 23:35:06] Step 8: Search vector: DenseMatrix 2x1-Double
NaN
NaN

[11.11.2015 23:35:06] DSK method started!
[11.11.2015 23:35:06] Step 1: f(alpha)=NaN, f(alpha + h)=NaN; k=0;
[11.11.2015 23:35:06] Step 3: b=0,0272, alpha1=0,0372, h=-0,0100, k=2.
[11.11.2015 23:35:06] Step 4: alphak=0,0072
[11.11.2015 23:35:06] Step 5: h > 0; b=alpha(k-1)=0,0172
[11.11.2015 23:35:06] k = k + 1 = 3; Go to step 4!
[11.11.2015 23:35:06] Step 4: alphak=-0,0128
[11.11.2015 23:35:06] Step 5: h > 0; b=alpha(k-1)=0,0072
[11.11.2015 23:35:06] k = k + 1 = 4; Go to step 4!
[11.11.2015 23:35:06] Step 4: alphak=-0,0528
[11.11.2015 23:35:06] Step 5: h > 0; b=alpha(k-1)=-0,0128
[11.11.2015 23:35:06] k = k + 1 = 5; Go to step 4!
[11.11.2015 23:35:06] Step 4: alphak=-0,1328
[11.11.2015 23:35:06] Step 5: h > 0; b=alpha(k-1)=-0,0528
[11.11.2015 23:35:06] k = k + 1 = 6; Go to step 4!
[11.11.2015 23:35:06] Step 4: alphak=-0,2928
[11.11.2015 23:35:06] Step 5: h > 0; b=alpha(k-1)=-0,1328
[11.11.2015 23:35:06] k = k + 1 = 7; Go to step 4!
[11.11.2015 23:35:06] Step 4: alphak=-0,6128
[11.11.2015 23:35:06] Step 5: h > 0; b=alpha(k-1)=-0,2928
[11.11.2015 23:35:06] k = k + 1 = 8; Go to step 4!
[11.11.2015 23:35:06] Step 4: alphak=-1,2528
[11.11.2015 23:35:06] Step 5: h > 0; b=alpha(k-1)=-0,6128
[11.11.2015 23:35:06] k = k + 1 = 9; Go to step 4!
[11.11.2015 23:35:06] Step 4: alphak=-2,5328
[11.11.2015 23:35:06] Step 5: h > 0; b=alpha(k-1)=-1,2528
[11.11.2015 23:35:06] k = k + 1 = 10; Go to step 4!
[11.11.2015 23:35:06] Step 4: alphak=-5,0928
[11.11.2015 23:35:06] Step 5: h > 0; b=alpha(k-1)=-2,5328
[11.11.2015 23:35:06] k = k + 1 = 11; Go to step 4!
[11.11.2015 23:35:06] Step 4: alphak=-10,2128
[11.11.2015 23:35:06] Step 5: h > 0; b=alpha(k-1)=-5,0928
[11.11.2015 23:35:06] k = k + 1 = 12; Go to step 4!
[11.11.2015 23:35:06] Step 4: alphak=-20,4528
[11.11.2015 23:35:06] Step 5: h > 0; b=alpha(k-1)=-10,2128
[11.11.2015 23:35:06] k = k + 1 = 13; Go to step 4!
[11.11.2015 23:35:06] Step 4: alphak=-40,9328
[11.11.2015 23:35:06] Step 5: h > 0; b=alpha(k-1)=-20,4528
[11.11.2015 23:35:06] k = k + 1 = 14; Go to step 4!
[11.11.2015 23:35:06] Step 4: alphak=-81,8928
[11.11.2015 23:35:06] Step 5: h > 0; b=alpha(k-1)=-40,9328
[11.11.2015 23:35:06] k = k + 1 = 15; Go to step 4!
[11.11.2015 23:35:06] Step 4: alphak=-163,8128
[11.11.2015 23:35:06] Step 5: h > 0; b=alpha(k-1)=-81,8928
[11.11.2015 23:35:06] k = k + 1 = 16; Go to step 4!
[11.11.2015 23:35:06] Step 4: alphak=-327,6528
[11.11.2015 23:35:06] Step 5: h > 0; b=alpha(k-1)=-163,8128
[11.11.2015 23:35:06] k = k + 1 = 17; Go to step 4!
[11.11.2015 23:35:06] Step 4: alphak=-655,3328
[11.11.2015 23:35:06] Step 5: h > 0; b=alpha(k-1)=-327,6528
[11.11.2015 23:35:06] k = k + 1 = 18; Go to step 4!
[11.11.2015 23:35:06] Step 4: alphak=-1310,6928
[11.11.2015 23:35:06] Step 5: h > 0; b=alpha(k-1)=-655,3328
[11.11.2015 23:35:06] k = k + 1 = 19; Go to step 4!
[11.11.2015 23:35:06] Step 4: alphak=-2621,4128
[11.11.2015 23:35:06] Step 5: h > 0; b=alpha(k-1)=-1310,6928
[11.11.2015 23:35:06] k = k + 1 = 20; Go to step 4!
[11.11.2015 23:35:06] Step 4: alphak=-5242,8528
[11.11.2015 23:35:06] Step 5: h > 0; b=alpha(k-1)=-2621,4128
[11.11.2015 23:35:06] k = k + 1 = 21; Go to step 4!
[11.11.2015 23:35:06] Step 4: alphak=-10485,7328
[11.11.2015 23:35:06] Step 5: h > 0; b=alpha(k-1)=-5242,8528
[11.11.2015 23:35:06] k = k + 1 = 22; Go to step 4!
[11.11.2015 23:35:06] Step 4: alphak=-20971,4928
[11.11.2015 23:35:06] Step 5: h > 0; b=alpha(k-1)=-10485,7328
[11.11.2015 23:35:06] k = k + 1 = 23; Go to step 4!
[11.11.2015 23:35:06] Step 4: alphak=-41943,0128
[11.11.2015 23:35:06] Step 5: h > 0; b=alpha(k-1)=-20971,4928
[11.11.2015 23:35:06] k = k + 1 = 24; Go to step 4!
[11.11.2015 23:35:06] Step 4: alphak=-83886,0528
[11.11.2015 23:35:06] Step 5: h > 0; b=alpha(k-1)=-41943,0128
[11.11.2015 23:35:06] k = k + 1 = 25; Go to step 4!
[11.11.2015 23:35:06] Step 4: alphak=-167772,1328
[11.11.2015 23:35:06] Step 5: h > 0; b=alpha(k-1)=-83886,0528
[11.11.2015 23:35:06] k = k + 1 = 26; Go to step 4!
[11.11.2015 23:35:06] Step 4: alphak=-335544,2928
[11.11.2015 23:35:06] Step 5: h > 0; b=alpha(k-1)=-167772,1328
[11.11.2015 23:35:06] k = k + 1 = 27; Go to step 4!
[11.11.2015 23:35:06] Step 4: alphak=-671088,6128
[11.11.2015 23:35:06] Step 5: h > 0; b=alpha(k-1)=-335544,2928
[11.11.2015 23:35:06] k = k + 1 = 28; Go to step 4!
[11.11.2015 23:35:06] Step 4: alphak=-1342177,2528
[11.11.2015 23:35:06] Step 5: h > 0; b=alpha(k-1)=-671088,6128
[11.11.2015 23:35:06] k = k + 1 = 29; Go to step 4!
[11.11.2015 23:35:06] Step 4: alphak=-2684354,5328
[11.11.2015 23:35:06] Step 5: h > 0; b=alpha(k-1)=-1342177,2528
[11.11.2015 23:35:06] k = k + 1 = 30; Go to step 4!
[11.11.2015 23:35:06] Step 4: alphak=-5368709,0928
[11.11.2015 23:35:06] Step 5: h > 0; b=alpha(k-1)=-2684354,5328
[11.11.2015 23:35:06] k = k + 1 = 31; Go to step 4!
[11.11.2015 23:35:06] Step 4: alphak=-10737418,2128
[11.11.2015 23:35:06] Step 5: h > 0; b=alpha(k-1)=-5368709,0928
[11.11.2015 23:35:06] k = k + 1 = 32; Go to step 4!
[11.11.2015 23:35:06] Step 4: alphak=-21474836,4528
[11.11.2015 23:35:06] Step 5: h > 0; b=alpha(k-1)=-10737418,2128
[11.11.2015 23:35:06] k = k + 1 = 33; Go to step 4!
[11.11.2015 23:35:06] Step 4: alphak=-42949672,9328
[11.11.2015 23:35:06] Step 5: h > 0; b=alpha(k-1)=-21474836,4528
[11.11.2015 23:35:06] k = k + 1 = 34; Go to step 4!
[11.11.2015 23:35:06] Step 4: alphak=-85899345,8928
[11.11.2015 23:35:06] Step 5: h > 0; b=alpha(k-1)=-42949672,9328
[11.11.2015 23:35:06] k = k + 1 = 35; Go to step 4!
[11.11.2015 23:35:06] Step 4: alphak=-171798691,8128
[11.11.2015 23:35:06] Step 5: h > 0; b=alpha(k-1)=-85899345,8928
[11.11.2015 23:35:06] k = k + 1 = 36; Go to step 4!
[11.11.2015 23:35:06] Step 4: alphak=-343597383,6528
[11.11.2015 23:35:06] Step 5: h > 0; b=alpha(k-1)=-171798691,8128
[11.11.2015 23:35:06] k = k + 1 = 37; Go to step 4!
[11.11.2015 23:35:06] Step 4: alphak=-687194767,3328
[11.11.2015 23:35:06] Step 5: h > 0; b=alpha(k-1)=-343597383,6528
[11.11.2015 23:35:06] k = k + 1 = 38; Go to step 4!
[11.11.2015 23:35:06] Step 4: alphak=-1374389534,6928
[11.11.2015 23:35:06] Step 5: h > 0; b=alpha(k-1)=-687194767,3328
[11.11.2015 23:35:06] k = k + 1 = 39; Go to step 4!
[11.11.2015 23:35:06] Step 4: alphak=-2748779069,4128
[11.11.2015 23:35:06] Step 5: h > 0; b=alpha(k-1)=-1374389534,6928
[11.11.2015 23:35:06] k = k + 1 = 40; Go to step 4!
[11.11.2015 23:35:06] Step 4: alphak=-5497558138,8528
[11.11.2015 23:35:06] Step 5: h > 0; b=alpha(k-1)=-2748779069,4128
[11.11.2015 23:35:06] k = k + 1 = 41; Go to step 4!
[11.11.2015 23:35:06] Step 4: alphak=-10995116277,7328
[11.11.2015 23:35:07] Step 5: h > 0; b=alpha(k-1)=-5497558138,8528
[11.11.2015 23:35:07] k = k + 1 = 42; Go to step 4!
[11.11.2015 23:35:07] Step 4: alphak=-21990232555,4928
[11.11.2015 23:35:07] Step 5: h > 0; b=alpha(k-1)=-10995116277,7328
[11.11.2015 23:35:07] k = k + 1 = 43; Go to step 4!
[11.11.2015 23:35:07] Step 4: alphak=-43980465111,0128
[11.11.2015 23:35:07] Step 5: h > 0; b=alpha(k-1)=-21990232555,4928
[11.11.2015 23:35:07] k = k + 1 = 44; Go to step 4!
[11.11.2015 23:35:07] Step 4: alphak=-87960930222,0528
[11.11.2015 23:35:07] Step 5: h > 0; b=alpha(k-1)=-43980465111,0128
[11.11.2015 23:35:07] k = k + 1 = 45; Go to step 4!
[11.11.2015 23:35:07] Step 4: alphak=-175921860444,1330
[11.11.2015 23:35:07] Step 5: h > 0; b=alpha(k-1)=-87960930222,0528
[11.11.2015 23:35:07] k = k + 1 = 46; Go to step 4!
[11.11.2015 23:35:07] Step 4: alphak=-351843720888,2930
[11.11.2015 23:35:07] Step 5: h > 0; b=alpha(k-1)=-175921860444,1330
[11.11.2015 23:35:07] k = k + 1 = 47; Go to step 4!
[11.11.2015 23:35:07] Step 4: alphak=-703687441776,6130
[11.11.2015 23:35:07] Step 5: h > 0; b=alpha(k-1)=-351843720888,2930
[11.11.2015 23:35:07] k = k + 1 = 48; Go to step 4!
[11.11.2015 23:35:07] Step 4: alphak=-1407374883553,2500
[11.11.2015 23:35:07] Step 5: h > 0; b=alpha(k-1)=-703687441776,6130
[11.11.2015 23:35:07] k = k + 1 = 49; Go to step 4!
[11.11.2015 23:35:07] Step 4: alphak=-2814749767106,5300
[11.11.2015 23:35:07] Step 5: h > 0; b=alpha(k-1)=-1407374883553,2500
[11.11.2015 23:35:07] k = k + 1 = 50; Go to step 4!
[11.11.2015 23:35:07] Step 4: alphak=-5629499534213,0900
[11.11.2015 23:35:07] Step 5: h > 0; b=alpha(k-1)=-2814749767106,5300
[11.11.2015 23:35:07] k = k + 1 = 51; Go to step 4!
[11.11.2015 23:35:07] Step 4: alphak=-11258999068426,2000
[11.11.2015 23:35:07] Step 5: h > 0; b=alpha(k-1)=-5629499534213,0900
[11.11.2015 23:35:07] k = k + 1 = 52; Go to step 4!
[11.11.2015 23:35:07] Step 4: alphak=-22517998136852,5000
[11.11.2015 23:35:07] Step 5: h > 0; b=alpha(k-1)=-11258999068426,2000
[11.11.2015 23:35:07] k = k + 1 = 53; Go to step 4!
[11.11.2015 23:35:07] Step 4: alphak=-45035996273704,9000
[11.11.2015 23:35:07] Step 5: h > 0; b=alpha(k-1)=-22517998136852,5000
[11.11.2015 23:35:07] k = k + 1 = 54; Go to step 4!
[11.11.2015 23:35:07] Step 4: alphak=-90071992547409,9000
[11.11.2015 23:35:07] Step 5: h > 0; b=alpha(k-1)=-45035996273704,9000
[11.11.2015 23:35:07] k = k + 1 = 55; Go to step 4!
[11.11.2015 23:35:07] Step 4: alphak=-180143985094820,0000
[11.11.2015 23:35:07] Step 5: h > 0; b=alpha(k-1)=-90071992547409,9000
[11.11.2015 23:35:07] k = k + 1 = 56; Go to step 4!
[11.11.2015 23:35:07] Step 4: alphak=-360287970189640,0000
[11.11.2015 23:35:07] Step 5: h > 0; b=alpha(k-1)=-180143985094820,0000
[11.11.2015 23:35:07] k = k + 1 = 57; Go to step 4!
[11.11.2015 23:35:07] Step 4: alphak=-720575940379279,0000
[11.11.2015 23:35:07] Step 5: h > 0; b=alpha(k-1)=-360287970189640,0000
[11.11.2015 23:35:07] k = k + 1 = 58; Go to step 4!
[11.11.2015 23:35:07] Step 4: alphak=-1441151880758560,0000
[11.11.2015 23:35:07] Step 5: h > 0; b=alpha(k-1)=-720575940379279,0000
[11.11.2015 23:35:07] k = k + 1 = 59; Go to step 4!
[11.11.2015 23:35:07] Step 4: alphak=-2882303761517120,0000
[11.11.2015 23:35:07] Step 5: h > 0; b=alpha(k-1)=-1441151880758560,0000
[11.11.2015 23:35:07] k = k + 1 = 60; Go to step 4!
[11.11.2015 23:35:07] Step 4: alphak=-5764607523034240,0000
[11.11.2015 23:35:07] Step 5: h > 0; b=alpha(k-1)=-2882303761517120,0000
[11.11.2015 23:35:07] k = k + 1 = 61; Go to step 4!
[11.11.2015 23:35:07] Step 4: alphak=-11529215046068500,0000
[11.11.2015 23:35:07] Step 5: h > 0; b=alpha(k-1)=-5764607523034240,0000
[11.11.2015 23:35:07] k = k + 1 = 62; Go to step 4!
[11.11.2015 23:35:07] Step 4: alphak=-23058430092136900,0000
[11.11.2015 23:35:07] Step 5: h > 0; b=alpha(k-1)=-11529215046068500,0000
[11.11.2015 23:35:07] k = k + 1 = 63; Go to step 4!
[11.11.2015 23:35:07] Step 4: alphak=-46116860184273900,0000
[11.11.2015 23:35:07] Step 5: h > 0; b=alpha(k-1)=-23058430092136900,0000
[11.11.2015 23:35:07] k = k + 1 = 64; Go to step 4!
[11.11.2015 23:35:07] Step 4: alphak=-92233720368547800,0000
[11.11.2015 23:35:07] Step 5: h > 0; b=alpha(k-1)=-46116860184273900,0000
[11.11.2015 23:35:07] k = k + 1 = 65; Go to step 4!
[11.11.2015 23:35:07] Step 4: alphak=-184467440737096000,0000
[11.11.2015 23:35:07] Step 5: h > 0; b=alpha(k-1)=-92233720368547800,0000
[11.11.2015 23:35:07] k = k + 1 = 66; Go to step 4!
[11.11.2015 23:35:07] Step 4: alphak=-368934881474191000,0000
[11.11.2015 23:35:07] Step 5: h > 0; b=alpha(k-1)=-184467440737096000,0000
[11.11.2015 23:35:07] k = k + 1 = 67; Go to step 4!
[11.11.2015 23:35:07] Step 4: alphak=-737869762948382000,0000
[11.11.2015 23:35:07] Step 5: h > 0; b=alpha(k-1)=-368934881474191000,0000
[11.11.2015 23:35:07] k = k + 1 = 68; Go to step 4!
[11.11.2015 23:35:07] Step 4: alphak=-1475739525896760000,0000
[11.11.2015 23:35:07] Step 5: h > 0; b=alpha(k-1)=-737869762948382000,0000
[11.11.2015 23:35:07] k = k + 1 = 69; Go to step 4!
[11.11.2015 23:35:07] Step 4: alphak=-2951479051793530000,0000
[11.11.2015 23:35:07] Step 5: h > 0; b=alpha(k-1)=-1475739525896760000,0000
[11.11.2015 23:35:07] k = k + 1 = 70; Go to step 4!
[11.11.2015 23:35:07] Step 4: alphak=-5902958103587060000,0000
[11.11.2015 23:35:07] Step 5: h > 0; b=alpha(k-1)=-2951479051793530000,0000
[11.11.2015 23:35:07] k = k + 1 = 71; Go to step 4!
[11.11.2015 23:35:07] Step 4: alphak=-11805916207174100000,0000
[11.11.2015 23:35:07] Step 5: h > 0; b=alpha(k-1)=-5902958103587060000,0000
[11.11.2015 23:35:07] k = k + 1 = 72; Go to step 4!
[11.11.2015 23:35:07] Step 4: alphak=-23611832414348200000,0000
[11.11.2015 23:35:07] Step 5: h > 0; b=alpha(k-1)=-11805916207174100000,0000
[11.11.2015 23:35:07] k = k + 1 = 73; Go to step 4!
[11.11.2015 23:35:07] Step 4: alphak=-47223664828696500000,0000
[11.11.2015 23:35:07] Step 5: h > 0; b=alpha(k-1)=-23611832414348200000,0000
[11.11.2015 23:35:07] k = k + 1 = 74; Go to step 4!
[11.11.2015 23:35:07] Step 4: alphak=-94447329657392900000,0000
[11.11.2015 23:35:07] Step 5: h > 0; b=alpha(k-1)=-47223664828696500000,0000
[11.11.2015 23:35:07] k = k + 1 = 75; Go to step 4!
[11.11.2015 23:35:07] Step 4: alphak=-188894659314786000000,0000
[11.11.2015 23:35:07] Step 5: h > 0; b=alpha(k-1)=-94447329657392900000,0000
[11.11.2015 23:35:07] k = k + 1 = 76; Go to step 4!
[11.11.2015 23:35:07] Step 4: alphak=-377789318629572000000,0000
[11.11.2015 23:35:07] Step 5: h > 0; b=alpha(k-1)=-188894659314786000000,0000
[11.11.2015 23:35:07] k = k + 1 = 77; Go to step 4!
[11.11.2015 23:35:07] Step 4: alphak=-755578637259143000000,0000
[11.11.2015 23:35:07] Step 5: h > 0; b=alpha(k-1)=-377789318629572000000,0000
[11.11.2015 23:35:07] k = k + 1 = 78; Go to step 4!
[11.11.2015 23:35:07] Step 4: alphak=-1511157274518290000000,0000
[11.11.2015 23:35:07] Step 5: h > 0; b=alpha(k-1)=-755578637259143000000,0000
[11.11.2015 23:35:07] k = k + 1 = 79; Go to step 4!
[11.11.2015 23:35:07] Step 4: alphak=-3022314549036570000000,0000
[11.11.2015 23:35:07] Step 5: h > 0; b=alpha(k-1)=-1511157274518290000000,0000
[11.11.2015 23:35:07] k = k + 1 = 80; Go to step 4!
[11.11.2015 23:35:07] Step 4: alphak=-6044629098073150000000,0000
[11.11.2015 23:35:07] Step 5: h > 0; b=alpha(k-1)=-3022314549036570000000,0000
[11.11.2015 23:35:07] k = k + 1 = 81; Go to step 4!
[11.11.2015 23:35:07] Step 4: alphak=-12089258196146300000000,0000
[11.11.2015 23:35:07] Step 5: h > 0; b=alpha(k-1)=-6044629098073150000000,0000
[11.11.2015 23:35:07] k = k + 1 = 82; Go to step 4!
[11.11.2015 23:35:07] Step 4: alphak=-24178516392292600000000,0000
[11.11.2015 23:35:07] Step 5: h > 0; b=alpha(k-1)=-12089258196146300000000,0000
[11.11.2015 23:35:07] k = k + 1 = 83; Go to step 4!
[11.11.2015 23:35:07] Step 4: alphak=-48357032784585200000000,0000
[11.11.2015 23:35:07] Step 5: h > 0; b=alpha(k-1)=-24178516392292600000000,0000
[11.11.2015 23:35:07] k = k + 1 = 84; Go to step 4!
[11.11.2015 23:35:07] Step 4: alphak=-96714065569170300000000,0000
[11.11.2015 23:35:07] Step 5: h > 0; b=alpha(k-1)=-48357032784585200000000,0000
[11.11.2015 23:35:07] k = k + 1 = 85; Go to step 4!
[11.11.2015 23:35:07] Step 4: alphak=-193428131138341000000000,0000
[11.11.2015 23:35:07] Step 5: h > 0; b=alpha(k-1)=-96714065569170300000000,0000
[11.11.2015 23:35:07] k = k + 1 = 86; Go to step 4!
[11.11.2015 23:35:07] Step 4: alphak=-386856262276681000000000,0000
[11.11.2015 23:35:07] Step 5: h > 0; b=alpha(k-1)=-193428131138341000000000,0000
[11.11.2015 23:35:07] k = k + 1 = 87; Go to step 4!
[11.11.2015 23:35:07] Step 4: alphak=-773712524553363000000000,0000
[11.11.2015 23:35:07] Step 5: h > 0; b=alpha(k-1)=-386856262276681000000000,0000
[11.11.2015 23:35:07] k = k + 1 = 88; Go to step 4!
[11.11.2015 23:35:07] Step 4: alphak=-1547425049106730000000000,0000
[11.11.2015 23:35:07] Step 5: h > 0; b=alpha(k-1)=-773712524553363000000000,0000
[11.11.2015 23:35:07] k = k + 1 = 89; Go to step 4!
[11.11.2015 23:35:07] Step 4: alphak=-3094850098213450000000000,0000
[11.11.2015 23:35:07] Step 5: h > 0; b=alpha(k-1)=-1547425049106730000000000,0000
[11.11.2015 23:35:07] k = k + 1 = 90; Go to step 4!
[11.11.2015 23:35:07] Step 4: alphak=-6189700196426900000000000,0000
[11.11.2015 23:35:07] Step 5: h > 0; b=alpha(k-1)=-3094850098213450000000000,0000
[11.11.2015 23:35:07] k = k + 1 = 91; Go to step 4!
[11.11.2015 23:35:07] Step 4: alphak=-12379400392853800000000000,0000
[11.11.2015 23:35:07] Step 5: h > 0; b=alpha(k-1)=-6189700196426900000000000,0000
[11.11.2015 23:35:07] k = k + 1 = 92; Go to step 4!
[11.11.2015 23:35:07] Step 4: alphak=-24758800785707600000000000,0000
[11.11.2015 23:35:07] Step 5: h > 0; b=alpha(k-1)=-12379400392853800000000000,0000
[11.11.2015 23:35:07] k = k + 1 = 93; Go to step 4!
[11.11.2015 23:35:07] Step 4: alphak=-49517601571415200000000000,0000
[11.11.2015 23:35:07] Step 5: h > 0; b=alpha(k-1)=-24758800785707600000000000,0000
[11.11.2015 23:35:07] k = k + 1 = 94; Go to step 4!
[11.11.2015 23:35:07] Step 4: alphak=-99035203142830400000000000,0000
[11.11.2015 23:35:07] Step 5: h > 0; b=alpha(k-1)=-49517601571415200000000000,0000
[11.11.2015 23:35:07] k = k + 1 = 95; Go to step 4!
[11.11.2015 23:35:07] Step 4: alphak=-198070406285661000000000000,0000
[11.11.2015 23:35:07] Step 5: h > 0; b=alpha(k-1)=-99035203142830400000000000,0000
[11.11.2015 23:35:07] k = k + 1 = 96; Go to step 4!
[11.11.2015 23:35:08] Step 4: alphak=-396140812571322000000000000,0000
[11.11.2015 23:35:08] Step 5: h > 0; b=alpha(k-1)=-198070406285661000000000000,0000
[11.11.2015 23:35:08] k = k + 1 = 97; Go to step 4!
[11.11.2015 23:35:08] Step 4: alphak=-792281625142643000000000000,0000
[11.11.2015 23:35:08] Step 5: h > 0; b=alpha(k-1)=-396140812571322000000000000,0000
[11.11.2015 23:35:08] k = k + 1 = 98; Go to step 4!
[11.11.2015 23:35:08] Step 4: alphak=-1584563250285290000000000000,0000
[11.11.2015 23:35:08] Step 5: h > 0; b=alpha(k-1)=-792281625142643000000000000,0000
[11.11.2015 23:35:08] k = k + 1 = 99; Go to step 4!
[11.11.2015 23:35:08] Step 4: alphak=-3169126500570570000000000000,0000
[11.11.2015 23:35:08] Step 5: h > 0; b=alpha(k-1)=-1584563250285290000000000000,0000
[11.11.2015 23:35:08] k = k + 1 = 100; Go to step 4!
[11.11.2015 23:35:08] Step 4: alphak=-6338253001141150000000000000,0000
[11.11.2015 23:35:08] Step 5: h > 0; b=alpha(k-1)=-3169126500570570000000000000,0000
[11.11.2015 23:35:08] k = k + 1 = 101; Go to step 4!
[11.11.2015 23:35:08] Step 4: alphak=-12676506002282300000000000000,0000
[11.11.2015 23:35:08] Step 5: h > 0; b=alpha(k-1)=-6338253001141150000000000000,0000
[11.11.2015 23:35:08] k = k + 1 = 102; Go to step 4!
[11.11.2015 23:35:08] Step 4: alphak=-25353012004564600000000000000,0000
[11.11.2015 23:35:08] Step 5: h > 0; b=alpha(k-1)=-12676506002282300000000000000,0000
[11.11.2015 23:35:08] k = k + 1 = 103; Go to step 4!
[11.11.2015 23:35:08] Step 4: alphak=-50706024009129200000000000000,0000
[11.11.2015 23:35:08] Step 5: h > 0; b=alpha(k-1)=-25353012004564600000000000000,0000
[11.11.2015 23:35:08] k = k + 1 = 104; Go to step 4!
[11.11.2015 23:35:08] Step 4: alphak=-101412048018258000000000000000,0000
[11.11.2015 23:35:08] Step 5: h > 0; b=alpha(k-1)=-50706024009129200000000000000,0000
[11.11.2015 23:35:08] k = k + 1 = 105; Go to step 4!
[11.11.2015 23:35:08] Step 4: alphak=-202824096036517000000000000000,0000
[11.11.2015 23:35:08] Step 5: h > 0; b=alpha(k-1)=-101412048018258000000000000000,0000
[11.11.2015 23:35:08] k = k + 1 = 106; Go to step 4!
[11.11.2015 23:35:08] Step 4: alphak=-405648192073033000000000000000,0000
[11.11.2015 23:35:08] Step 5: h > 0; b=alpha(k-1)=-202824096036517000000000000000,0000
[11.11.2015 23:35:08] k = k + 1 = 107; Go to step 4!
[11.11.2015 23:35:08] Step 4: alphak=-811296384146067000000000000000,0000
[11.11.2015 23:35:08] Step 5: h > 0; b=alpha(k-1)=-405648192073033000000000000000,0000
[11.11.2015 23:35:08] k = k + 1 = 108; Go to step 4!
[11.11.2015 23:35:08] Step 4: alphak=-1622592768292130000000000000000,0000
[11.11.2015 23:35:08] Step 5: h > 0; b=alpha(k-1)=-811296384146067000000000000000,0000
[11.11.2015 23:35:08] k = k + 1 = 109; Go to step 4!
[11.11.2015 23:35:08] Step 4: alphak=-3245185536584270000000000000000,0000
[11.11.2015 23:35:08] Step 5: h > 0; b=alpha(k-1)=-1622592768292130000000000000000,0000
[11.11.2015 23:35:08] k = k + 1 = 110; Go to step 4!
[11.11.2015 23:35:08] Step 4: alphak=-6490371073168530000000000000000,0000
[11.11.2015 23:35:08] Step 5: h > 0; b=alpha(k-1)=-3245185536584270000000000000000,0000
[11.11.2015 23:35:08] k = k + 1 = 111; Go to step 4!
[11.11.2015 23:35:08] Step 4: alphak=-12980742146337100000000000000000,0000
[11.11.2015 23:35:08] Step 5: h > 0; b=alpha(k-1)=-6490371073168530000000000000000,0000
[11.11.2015 23:35:08] k = k + 1 = 112; Go to step 4!
