[12.11.2015 00:28:28] Optimal gradient method started!
[12.11.2015 00:28:28] 	Data input:
(x1; x2) = (0,000; 0,000),
Alpha = 0,010,
eps = 0,010;
[12.11.2015 00:28:28] ITER 0:
[12.11.2015 00:28:28] Step 1: k = 0;
[12.11.2015 00:28:28] Step 2: gradient is (-14,000, -22,000);
[12.11.2015 00:28:28] DSK method started!
[12.11.2015 00:28:28] Step 1: f(alpha)=162,1841, f(alpha + h)=161,2941; k=0;
[12.11.2015 00:28:28] Step 2: a=0,0100, alpha1=0,0110, k=2; Go to step 4!
[12.11.2015 00:28:28] Step 4: alphak=0,0120
[12.11.2015 00:28:28] Step 5: h > 0; a=alpha(k-1)=0,0110
[12.11.2015 00:28:28] k = k + 1 = 3; Go to step 4!
[12.11.2015 00:28:28] Step 4: alphak=0,0140
[12.11.2015 00:28:28] Step 5: h > 0; a=alpha(k-1)=0,0120
[12.11.2015 00:28:28] k = k + 1 = 4; Go to step 4!
[12.11.2015 00:28:28] Step 4: alphak=0,0180
[12.11.2015 00:28:28] Step 5: h > 0; a=alpha(k-1)=0,0140
[12.11.2015 00:28:28] k = k + 1 = 5; Go to step 4!
[12.11.2015 00:28:28] Step 4: alphak=0,0260
[12.11.2015 00:28:28] Step 5: h > 0; a=alpha(k-1)=0,0180
[12.11.2015 00:28:28] k = k + 1 = 6; Go to step 4!
[12.11.2015 00:28:28] Step 4: alphak=0,0420
[12.11.2015 00:28:28] Step 5: h > 0; a=alpha(k-1)=0,0260
[12.11.2015 00:28:28] k = k + 1 = 7; Go to step 4!
[12.11.2015 00:28:28] Step 4: alphak=0,0740
[12.11.2015 00:28:28] Step 5: h > 0; a=alpha(k-1)=0,0420
[12.11.2015 00:28:28] k = k + 1 = 8; Go to step 4!
[12.11.2015 00:28:28] Step 4: alphak=0,1380
[12.11.2015 00:28:28] Step 5: h > 0; a=alpha(k-1)=0,0740
[12.11.2015 00:28:28] k = k + 1 = 9; Go to step 4!
[12.11.2015 00:28:28] Step 4: alphak=0,2660
[12.11.2015 00:28:28] Step 5: h > 0; b=alphak=0,2660
[12.11.2015 00:28:28] Step 6: Interval is: [0,0740 ; 0,2660]
[12.11.2015 00:28:28] Dichotomy method has been started!
[12.11.2015 00:28:29] Counting: delta = eps / 10 = 0,0001
[12.11.2015 00:28:29] Step 1: counting alpha_1 = 0,1699, alpha_2 = 0,1701
[12.11.2015 00:28:29] Step 3: f(0,1699) = 89,9921 <= f(0,1701) = 90,6046; b = alpha_2 = 0,1701.
[12.11.2015 00:28:29] Iter 0: Answer is in the range: [0,0740; 0,1701]
[12.11.2015 00:28:29] Step 1: counting alpha_1 = 0,1220, alpha_2 = 0,1222
[12.11.2015 00:28:29] Step 3: f(0,1220) = 32,8140 > f(0,1222) = 32,7647; a = alpha_1 = 0,1220.
[12.11.2015 00:28:29] Iter 1: Answer is in the range: [0,1220; 0,1701]
[12.11.2015 00:28:29] Step 1: counting alpha_1 = 0,1459, alpha_2 = 0,1461
[12.11.2015 00:28:29] Step 3: f(0,1459) = 41,6905 <= f(0,1461) = 41,9095; b = alpha_2 = 0,1461.
[12.11.2015 00:28:29] Iter 2: Answer is in the range: [0,1220; 0,1461]
[12.11.2015 00:28:29] Step 1: counting alpha_1 = 0,1339, alpha_2 = 0,1341
[12.11.2015 00:28:29] Step 3: f(0,1339) = 33,2443 <= f(0,1341) = 33,3146; b = alpha_2 = 0,1341.
[12.11.2015 00:28:29] Iter 3: Answer is in the range: [0,1220; 0,1341]
[12.11.2015 00:28:29] Step 1: counting alpha_1 = 0,1279, alpha_2 = 0,1281
[12.11.2015 00:28:29] Step 3: f(0,1279) = 32,1348 <= f(0,1281) = 32,1418; b = alpha_2 = 0,1281.
[12.11.2015 00:28:29] Iter 4: Answer is in the range: [0,1220; 0,1281]
[12.11.2015 00:28:29] Step 1: counting alpha_1 = 0,1249, alpha_2 = 0,1251
[12.11.2015 00:28:29] Step 3: f(0,1249) = 32,2638 > f(0,1251) = 32,2418; a = alpha_1 = 0,1249.
[12.11.2015 00:28:29] Iter 5: Answer is in the range: [0,1249; 0,1281]
[12.11.2015 00:28:29] Step 1: counting alpha_1 = 0,1264, alpha_2 = 0,1266
[12.11.2015 00:28:29] Step 3: f(0,1264) = 32,1451 > f(0,1266) = 32,1374; a = alpha_1 = 0,1264.
[12.11.2015 00:28:29] Step 4: (b-a)/2 = 0,0008 < eps = 0,0010; STOP SEARCHING!
[12.11.2015 00:28:29] Iter 6: Answer is in the range: [0,1264; 0,1281]
[12.11.2015 00:28:29] Step 5: alpha_end = (a+b)/2; Minimum x* is: 0,1273
[12.11.2015 00:28:29] Step 4: Alpha = 0,12729453125;
[12.11.2015 00:28:29] Step 5: arguments = arguments - alpha * gradientValue = (1,782; 2,800);
[12.11.2015 00:28:29] Step 6: k = k + 1 = 0;
[12.11.2015 00:28:29] Step 7: answer is: (1,782; 2,800);
[12.11.2015 00:28:29] ITER 1:
[12.11.2015 00:28:29] Step 1: k = 1;
[12.11.2015 00:28:29] Step 2: gradient is (-30,532, 19,401);
[12.11.2015 00:28:29] DSK method started!
[12.11.2015 00:28:29] Step 1: f(alpha)=462,2219, f(alpha + h)=476,3525; k=0;
[12.11.2015 00:28:29] Step 3: b=0,1273, alpha1=0,1283, h=-0,0010, k=2.
[12.11.2015 00:28:29] Step 4: alphak=0,1253
[12.11.2015 00:28:29] Step 5: h > 0; b=alpha(k-1)=0,1263
[12.11.2015 00:28:29] k = k + 1 = 3; Go to step 4!
[12.11.2015 00:28:29] Step 4: alphak=0,1233
[12.11.2015 00:28:29] Step 5: h > 0; b=alpha(k-1)=0,1253
[12.11.2015 00:28:29] k = k + 1 = 4; Go to step 4!
[12.11.2015 00:28:29] Step 4: alphak=0,1193
[12.11.2015 00:28:29] Step 5: h > 0; b=alpha(k-1)=0,1233
[12.11.2015 00:28:29] k = k + 1 = 5; Go to step 4!
[12.11.2015 00:28:29] Step 4: alphak=0,1113
[12.11.2015 00:28:29] Step 5: h > 0; b=alpha(k-1)=0,1193
[12.11.2015 00:28:29] k = k + 1 = 6; Go to step 4!
[12.11.2015 00:28:29] Step 4: alphak=0,0953
[12.11.2015 00:28:29] Step 5: h > 0; b=alpha(k-1)=0,1113
[12.11.2015 00:28:29] k = k + 1 = 7; Go to step 4!
[12.11.2015 00:28:29] Step 4: alphak=0,0633
[12.11.2015 00:28:29] Step 5: h > 0; b=alpha(k-1)=0,0953
[12.11.2015 00:28:29] k = k + 1 = 8; Go to step 4!
[12.11.2015 00:28:29] Step 4: alphak=-0,0007
[12.11.2015 00:28:29] Step 5: h < 0; a=alphak-0,0007
[12.11.2015 00:28:29] Step 6: Interval is: [-0,0007 ; 0,0953]
[12.11.2015 00:28:29] Dichotomy method has been started!
[12.11.2015 00:28:29] Counting: delta = eps / 10 = 0,0001
[12.11.2015 00:28:29] Step 1: counting alpha_1 = 0,0472, alpha_2 = 0,0474
[12.11.2015 00:28:29] Step 3: f(0,0472) = 1,6708 <= f(0,0474) = 1,7664; b = alpha_2 = 0,0474.
[12.11.2015 00:28:29] Iter 0: Answer is in the range: [-0,0007; 0,0474]
[12.11.2015 00:28:29] Step 1: counting alpha_1 = 0,0232, alpha_2 = 0,0234
[12.11.2015 00:28:29] Step 3: f(0,0232) = 6,9842 > f(0,0234) = 6,8307; a = alpha_1 = 0,0232.
[12.11.2015 00:28:29] Iter 1: Answer is in the range: [0,0232; 0,0474]
[12.11.2015 00:28:29] Step 1: counting alpha_1 = 0,0352, alpha_2 = 0,0354
[12.11.2015 00:28:29] Step 3: f(0,0352) = 0,6308 > f(0,0354) = 0,5803; a = alpha_1 = 0,0352.
[12.11.2015 00:28:29] Iter 2: Answer is in the range: [0,0352; 0,0474]
[12.11.2015 00:28:29] Step 1: counting alpha_1 = 0,0412, alpha_2 = 0,0414
[12.11.2015 00:28:29] Step 3: f(0,0412) = 0,0616 <= f(0,0414) = 0,0782; b = alpha_2 = 0,0414.
[12.11.2015 00:28:29] Iter 3: Answer is in the range: [0,0352; 0,0414]
[12.11.2015 00:28:29] Step 1: counting alpha_1 = 0,0382, alpha_2 = 0,0384
[12.11.2015 00:28:29] Step 3: f(0,0382) = 0,0957 > f(0,0384) = 0,0774; a = alpha_1 = 0,0382.
[12.11.2015 00:28:29] Iter 4: Answer is in the range: [0,0382; 0,0414]
[12.11.2015 00:28:29] Step 1: counting alpha_1 = 0,0397, alpha_2 = 0,0399
[12.11.2015 00:28:29] Step 3: f(0,0397) = 0,0134 > f(0,0399) = 0,0122; a = alpha_1 = 0,0397.
[12.11.2015 00:28:29] Step 4: (b-a)/2 = 0,0008 < eps = 0,0010; STOP SEARCHING!
[12.11.2015 00:28:29] Iter 5: Answer is in the range: [0,0397; 0,0414]
[12.11.2015 00:28:29] Step 5: alpha_end = (a+b)/2; Minimum x* is: 0,0406
[12.11.2015 00:28:29] Step 4: Alpha = 0,04055859375;
[12.11.2015 00:28:29] Step 5: arguments = arguments - alpha * gradientValue = (3,020; 2,014);
[12.11.2015 00:28:29] Step 6: k = k + 1 = 1;
[12.11.2015 00:28:29] Step 7: answer is: (3,020; 2,014);
[12.11.2015 00:28:29] ITER 2:
[12.11.2015 00:28:29] Step 1: k = 2;
[12.11.2015 00:28:29] Step 2: gradient is (1,807, 0,881);
[12.11.2015 00:28:29] DSK method started!
[12.11.2015 00:28:29] Step 1: f(alpha)=0,1330, f(alpha + h)=0,1424; k=0;
[12.11.2015 00:28:29] Step 3: b=0,0406, alpha1=0,0416, h=-0,0010, k=2.
[12.11.2015 00:28:29] Step 4: alphak=0,0386
[12.11.2015 00:28:29] Step 5: h > 0; b=alpha(k-1)=0,0396
[12.11.2015 00:28:29] k = k + 1 = 3; Go to step 4!
[12.11.2015 00:28:29] Step 4: alphak=0,0366
[12.11.2015 00:28:29] Step 5: h > 0; b=alpha(k-1)=0,0386
[12.11.2015 00:28:29] k = k + 1 = 4; Go to step 4!
[12.11.2015 00:28:29] Step 4: alphak=0,0326
[12.11.2015 00:28:29] Step 5: h > 0; b=alpha(k-1)=0,0366
[12.11.2015 00:28:29] k = k + 1 = 5; Go to step 4!
[12.11.2015 00:28:29] Step 4: alphak=0,0246
[12.11.2015 00:28:29] Step 5: h > 0; b=alpha(k-1)=0,0326
[12.11.2015 00:28:29] k = k + 1 = 6; Go to step 4!
[12.11.2015 00:28:29] Step 4: alphak=0,0086
[12.11.2015 00:28:29] Step 5: h > 0; b=alpha(k-1)=0,0246
[12.11.2015 00:28:29] k = k + 1 = 7; Go to step 4!
[12.11.2015 00:28:29] Step 4: alphak=-0,0234
[12.11.2015 00:28:29] Step 5: h < 0; a=alphak-0,0234
[12.11.2015 00:28:29] Step 6: Interval is: [-0,0234 ; 0,0246]
[12.11.2015 00:28:29] Dichotomy method has been started!
[12.11.2015 00:28:29] Counting: delta = eps / 10 = 0,0001
[12.11.2015 00:28:29] Step 1: counting alpha_1 = 0,0005, alpha_2 = 0,0007
[12.11.2015 00:28:29] Step 3: f(0,0005) = 0,0225 > f(0,0007) = 0,0217; a = alpha_1 = 0,0005.
[12.11.2015 00:28:29] Iter 0: Answer is in the range: [0,0005; 0,0246]
[12.11.2015 00:28:29] Step 1: counting alpha_1 = 0,0124, alpha_2 = 0,0126
[12.11.2015 00:28:29] Step 3: f(0,0124) = 0,0002 <= f(0,0126) = 0,0002; b = alpha_2 = 0,0126.
[12.11.2015 00:28:29] Iter 1: Answer is in the range: [0,0005; 0,0126]
[12.11.2015 00:28:29] Step 1: counting alpha_1 = 0,0064, alpha_2 = 0,0066
[12.11.2015 00:28:29] Step 3: f(0,0064) = 0,0054 > f(0,0066) = 0,0050; a = alpha_1 = 0,0064.
[12.11.2015 00:28:29] Iter 2: Answer is in the range: [0,0064; 0,0126]
[12.11.2015 00:28:29] Step 1: counting alpha_1 = 0,0094, alpha_2 = 0,0096
[12.11.2015 00:28:29] Step 3: f(0,0094) = 0,0013 > f(0,0096) = 0,0011; a = alpha_1 = 0,0094.
[12.11.2015 00:28:29] Iter 3: Answer is in the range: [0,0094; 0,0126]
[12.11.2015 00:28:29] Step 1: counting alpha_1 = 0,0109, alpha_2 = 0,0111
[12.11.2015 00:28:29] Step 3: f(0,0109) = 0,0003 > f(0,0111) = 0,0003; a = alpha_1 = 0,0109.
[12.11.2015 00:28:29] Step 4: (b-a)/2 = 0,0008 < eps = 0,0010; STOP SEARCHING!
[12.11.2015 00:28:29] Iter 4: Answer is in the range: [0,0109; 0,0126]
[12.11.2015 00:28:29] Step 5: alpha_end = (a+b)/2; Minimum x* is: 0,0118
[12.11.2015 00:28:29] Step 4: Alpha = 0,01176171875;
[12.11.2015 00:28:29] Step 5: arguments = arguments - alpha * gradientValue = (2,999; 2,003);
[12.11.2015 00:28:29] Step 6: k = k + 1 = 2;
[12.11.2015 00:28:29] Step 7: answer is: (2,999; 2,003);
[12.11.2015 00:28:29] ITER 3:
[12.11.2015 00:28:29] Step 1: k = 3;
[12.11.2015 00:28:29] Step 2: gradient is (0,006, 0,094);
[12.11.2015 00:28:29] DSK method started!
[12.11.2015 00:28:29] Step 1: f(alpha)=0,0001, f(alpha + h)=0,0001; k=0;
[12.11.2015 00:28:29] Step 2: a=0,0118, alpha1=0,0128, k=2; Go to step 4!
[12.11.2015 00:28:29] Step 4: alphak=0,0138
[12.11.2015 00:28:29] Step 5: h > 0; a=alpha(k-1)=0,0128
[12.11.2015 00:28:29] k = k + 1 = 3; Go to step 4!
[12.11.2015 00:28:29] Step 4: alphak=0,0158
[12.11.2015 00:28:29] Step 5: h > 0; a=alpha(k-1)=0,0138
[12.11.2015 00:28:29] k = k + 1 = 4; Go to step 4!
[12.11.2015 00:28:29] Step 4: alphak=0,0198
[12.11.2015 00:28:29] Step 5: h > 0; a=alpha(k-1)=0,0158
[12.11.2015 00:28:29] k = k + 1 = 5; Go to step 4!
[12.11.2015 00:28:29] Step 4: alphak=0,0278
[12.11.2015 00:28:29] Step 5: h > 0; a=alpha(k-1)=0,0198
[12.11.2015 00:28:29] k = k + 1 = 6; Go to step 4!
[12.11.2015 00:28:29] Step 4: alphak=0,0438
[12.11.2015 00:28:29] Step 5: h > 0; b=alphak=0,0438
[12.11.2015 00:28:29] Step 6: Interval is: [0,0198 ; 0,0438]
[12.11.2015 00:28:29] Dichotomy method has been started!
[12.11.2015 00:28:29] Counting: delta = eps / 10 = 0,0001
[12.11.2015 00:28:29] Step 1: counting alpha_1 = 0,0317, alpha_2 = 0,0319
[12.11.2015 00:28:29] Step 3: f(0,0317) = 0,0000 <= f(0,0319) = 0,0000; b = alpha_2 = 0,0319.
[12.11.2015 00:28:29] Iter 0: Answer is in the range: [0,0198; 0,0319]
[12.11.2015 00:28:29] Step 1: counting alpha_1 = 0,0257, alpha_2 = 0,0259
[12.11.2015 00:28:29] Step 3: f(0,0257) = 0,0000 > f(0,0259) = 0,0000; a = alpha_1 = 0,0257.
[12.11.2015 00:28:29] Iter 1: Answer is in the range: [0,0257; 0,0319]
[12.11.2015 00:28:29] Step 1: counting alpha_1 = 0,0287, alpha_2 = 0,0289
[12.11.2015 00:28:29] Step 3: f(0,0287) = 0,0000 <= f(0,0289) = 0,0000; b = alpha_2 = 0,0289.
[12.11.2015 00:28:29] Iter 2: Answer is in the range: [0,0257; 0,0289]
[12.11.2015 00:28:29] Step 1: counting alpha_1 = 0,0272, alpha_2 = 0,0274
[12.11.2015 00:28:29] Step 3: f(0,0272) = 0,0000 <= f(0,0274) = 0,0000; b = alpha_2 = 0,0274.
[12.11.2015 00:28:29] Step 4: (b-a)/2 = 0,0008 < eps = 0,0010; STOP SEARCHING!
[12.11.2015 00:28:29] Iter 3: Answer is in the range: [0,0257; 0,0274]
[12.11.2015 00:28:29] Step 5: alpha_end = (a+b)/2; Minimum x* is: 0,0266
[12.11.2015 00:28:29] Step 4: Alpha = 0,02655546875;
[12.11.2015 00:28:29] Step 5: arguments = arguments - alpha * gradientValue = (2,999; 2,001);
[12.11.2015 00:28:29] Step 6: k = k + 1 = 3;
[12.11.2015 00:28:29] Step 7: answer is: (2,999; 2,001);
[12.11.2015 00:28:29] ITER 4:
[12.11.2015 00:28:29] Step 1: k = 4;
[12.11.2015 00:28:29] Step 2: gradient is (-0,054, 0,007);
[12.11.2015 00:28:29] DSK method started!
[12.11.2015 00:28:29] Step 1: f(alpha)=0,0000, f(alpha + h)=0,0000; k=0;
[12.11.2015 00:28:29] Step 3: b=0,0266, alpha1=0,0276, h=-0,0010, k=2.
[12.11.2015 00:28:29] Step 4: alphak=0,0246
[12.11.2015 00:28:29] Step 5: h > 0; b=alpha(k-1)=0,0256
[12.11.2015 00:28:29] k = k + 1 = 3; Go to step 4!
[12.11.2015 00:28:30] Step 4: alphak=0,0226
[12.11.2015 00:28:30] Step 5: h > 0; b=alpha(k-1)=0,0246
[12.11.2015 00:28:30] k = k + 1 = 4; Go to step 4!
[12.11.2015 00:28:30] Step 4: alphak=0,0186
[12.11.2015 00:28:30] Step 5: h > 0; b=alpha(k-1)=0,0226
[12.11.2015 00:28:30] k = k + 1 = 5; Go to step 4!
[12.11.2015 00:28:30] Step 4: alphak=0,0106
[12.11.2015 00:28:30] Step 5: h < 0; a=alphak0,0106
[12.11.2015 00:28:30] Step 6: Interval is: [0,0106 ; 0,0226]
[12.11.2015 00:28:30] Dichotomy method has been started!
[12.11.2015 00:28:30] Counting: delta = eps / 10 = 0,0001
[12.11.2015 00:28:30] Step 1: counting alpha_1 = 0,0165, alpha_2 = 0,0167
[12.11.2015 00:28:30] Step 3: f(0,0165) = 0,0000 <= f(0,0167) = 0,0000; b = alpha_2 = 0,0167.
[12.11.2015 00:28:30] Iter 0: Answer is in the range: [0,0106; 0,0167]
[12.11.2015 00:28:30] Step 1: counting alpha_1 = 0,0135, alpha_2 = 0,0137
[12.11.2015 00:28:30] Step 3: f(0,0135) = 0,0000 > f(0,0137) = 0,0000; a = alpha_1 = 0,0135.
[12.11.2015 00:28:30] Iter 1: Answer is in the range: [0,0135; 0,0167]
[12.11.2015 00:28:30] Step 1: counting alpha_1 = 0,0150, alpha_2 = 0,0152
[12.11.2015 00:28:30] Step 3: f(0,0150) = 0,0000 > f(0,0152) = 0,0000; a = alpha_1 = 0,0150.
[12.11.2015 00:28:30] Step 4: (b-a)/2 = 0,0008 < eps = 0,0010; STOP SEARCHING!
[12.11.2015 00:28:30] Iter 2: Answer is in the range: [0,0150; 0,0167]
[12.11.2015 00:28:30] Step 5: alpha_end = (a+b)/2; Minimum x* is: 0,0158
[12.11.2015 00:28:30] Step 4: Alpha = 0,01581796875;
[12.11.2015 00:28:30] Step 5: arguments = arguments - alpha * gradientValue = (3,000; 2,001);
[12.11.2015 00:28:30] Step 6: k = k + 1 = 4;
[12.11.2015 00:28:30] Step 7: answer is: (3,000; 2,001);
[12.11.2015 00:28:30] ITER 5:
[12.11.2015 00:28:30] Step 1: k = 5;
[12.11.2015 00:28:30] Step 2: gradient is (0,006, 0,019);
[12.11.2015 00:28:30] DSK method started!
[12.11.2015 00:28:30] Step 1: f(alpha)=0,0000, f(alpha + h)=0,0000; k=0;
[12.11.2015 00:28:30] Step 2: a=0,0158, alpha1=0,0168, k=2; Go to step 4!
[12.11.2015 00:28:30] Step 4: alphak=0,0178
[12.11.2015 00:28:30] Step 5: h > 0; a=alpha(k-1)=0,0168
[12.11.2015 00:28:30] k = k + 1 = 3; Go to step 4!
[12.11.2015 00:28:30] Step 4: alphak=0,0198
[12.11.2015 00:28:30] Step 5: h > 0; a=alpha(k-1)=0,0178
[12.11.2015 00:28:30] k = k + 1 = 4; Go to step 4!
[12.11.2015 00:28:30] Step 4: alphak=0,0238
[12.11.2015 00:28:30] Step 5: h > 0; b=alphak=0,0238
[12.11.2015 00:28:30] Step 6: Interval is: [0,0178 ; 0,0238]
[12.11.2015 00:28:30] Dichotomy method has been started!
[12.11.2015 00:28:30] Counting: delta = eps / 10 = 0,0001
[12.11.2015 00:28:30] Step 1: counting alpha_1 = 0,0207, alpha_2 = 0,0209
[12.11.2015 00:28:30] Step 3: f(0,0207) = 0,0000 <= f(0,0209) = 0,0000; b = alpha_2 = 0,0209.
[12.11.2015 00:28:30] Iter 0: Answer is in the range: [0,0178; 0,0209]
[12.11.2015 00:28:30] Step 1: counting alpha_1 = 0,0193, alpha_2 = 0,0195
[12.11.2015 00:28:30] Step 3: f(0,0193) = 0,0000 > f(0,0195) = 0,0000; a = alpha_1 = 0,0193.
[12.11.2015 00:28:30] Step 4: (b-a)/2 = 0,0008 < eps = 0,0010; STOP SEARCHING!
[12.11.2015 00:28:30] Iter 1: Answer is in the range: [0,0193; 0,0209]
[12.11.2015 00:28:30] Step 5: alpha_end = (a+b)/2; Minimum x* is: 0,0201
[12.11.2015 00:28:30] Step 4: Alpha = 0,02009296875;
[12.11.2015 00:28:30] Step 5: arguments = arguments - alpha * gradientValue = (3,000; 2,000);
[12.11.2015 00:28:30] Step 6: k = k + 1 = 5;
[12.11.2015 00:28:30] Step 7: answer is: (3,000; 2,000);
[12.11.2015 00:28:30] ITER 6:
[12.11.2015 00:28:30] Step 1: k = 6;
[12.11.2015 00:28:30] Step 2: gradient is (-0,010, 0,004);
[12.11.2015 00:28:30] DSK method started!
[12.11.2015 00:28:30] Step 1: f(alpha)=0,0000, f(alpha + h)=0,0000; k=0;
[12.11.2015 00:28:30] Step 3: a=0,0191, b=0,0211; Go to step 6!
[12.11.2015 00:28:30] Step 6: Interval is: [0,0191 ; 0,0211]
[12.11.2015 00:28:30] Dichotomy method has been started!
[12.11.2015 00:28:30] Counting: delta = eps / 10 = 0,0001
[12.11.2015 00:28:30] Step 1: counting alpha_1 = 0,0200, alpha_2 = 0,0202
[12.11.2015 00:28:30] Step 3: f(0,0200) = 0,0000 <= f(0,0202) = 0,0000; b = alpha_2 = 0,0202.
[12.11.2015 00:28:30] Step 4: (b-a)/2 = 0,0006 < eps = 0,0010; STOP SEARCHING!
[12.11.2015 00:28:30] Iter 0: Answer is in the range: [0,0191; 0,0202]
[12.11.2015 00:28:30] Step 5: alpha_end = (a+b)/2; Minimum x* is: 0,0196
[12.11.2015 00:28:30] Step 4: Alpha = 0,01964296875;
[12.11.2015 00:28:30] Step 5: arguments = arguments - alpha * gradientValue = (3,000; 2,000);
[12.11.2015 00:28:30] Step 6: k = k + 1 = 6;
[12.11.2015 00:28:30] Step 7: answer is: (3,000; 2,000);
[12.11.2015 00:28:30] ITER 7:
[12.11.2015 00:28:30] Step 1: k = 7;
[12.11.2015 00:28:30] Step 2: gradient is (0,003, 0,005);
[12.11.2015 00:28:30] Step 3: gradient Euclidean norm is <= eps: 0,006 <= 0,01; Go to step 7!
[12.11.2015 00:28:30] Step 7: answer is: (3,000; 2,000);
