[11.11.2015 18:28:56] Optimal gradient method started!
[11.11.2015 18:28:56] 	Data input:
(x1; x2) = (0; 0),
Alpha = 1,
eps = 0,01;
[11.11.2015 18:28:56] ----------------------------------
ITER 0:
----------------------------------
[11.11.2015 18:28:56] Step 1: k = 0;
[11.11.2015 18:28:56] Step 2: gradient is (-14, -22);
[11.11.2015 18:28:56] DSK method started!
[11.11.2015 18:28:56] Step 1: f(alpha)=283930,0000, f(alpha + h)=295457,5308; k=0;
[11.11.2015 18:28:56] Step 3: b=1,0000, alpha1=1,0100, h=-0,0100, k=2.
[11.11.2015 18:28:56] Step 4: alphak=0,9800
[11.11.2015 18:28:56] Step 5: h > 0; b=alpha(k-1)=0,9900
[11.11.2015 18:28:56] k = k + 1 = 3; Go to step 4!
[11.11.2015 18:28:56] Step 4: alphak=0,9600
[11.11.2015 18:28:56] Step 5: h > 0; b=alpha(k-1)=0,9800
[11.11.2015 18:28:56] k = k + 1 = 4; Go to step 4!
[11.11.2015 18:28:56] Step 4: alphak=0,9200
[11.11.2015 18:28:56] Step 5: h > 0; b=alpha(k-1)=0,9600
[11.11.2015 18:28:56] k = k + 1 = 5; Go to step 4!
[11.11.2015 18:28:56] Step 4: alphak=0,8400
[11.11.2015 18:28:56] Step 5: h > 0; b=alpha(k-1)=0,9200
[11.11.2015 18:28:56] k = k + 1 = 6; Go to step 4!
[11.11.2015 18:28:56] Step 4: alphak=0,6800
[11.11.2015 18:28:56] Step 5: h > 0; b=alpha(k-1)=0,8400
[11.11.2015 18:28:56] k = k + 1 = 7; Go to step 4!
[11.11.2015 18:28:56] Step 4: alphak=0,3600
[11.11.2015 18:28:56] Step 5: h > 0; b=alpha(k-1)=0,6800
[11.11.2015 18:28:56] k = k + 1 = 8; Go to step 4!
[11.11.2015 18:28:56] Step 4: alphak=-0,2800
[11.11.2015 18:28:56] Step 5: h > 0; b=alpha(k-1)=0,3600
[11.11.2015 18:28:56] k = k + 1 = 9; Go to step 4!
[11.11.2015 18:28:56] Step 4: alphak=-1,5600
[11.11.2015 18:28:56] Step 5: h < 0; a=alphak-1,5600
[11.11.2015 18:28:56] Step 6: Interval is: [-1,5600 ; 0,3600]
[11.11.2015 18:28:56] Dichotomy method has been started!
[11.11.2015 18:28:56] Counting: delta = eps / 10 = 0,001
[11.11.2015 18:28:56] Step 1: counting alpha_1 = -0,6010, alpha_2 = -0,5990
[11.11.2015 18:28:56] Step 3: f(-0,6010) = 27579,7634 > f(-0,5990) = 27180,1043; a = alpha_1 = -0,6010.
[11.11.2015 18:28:56] Iter 0: Answer is in the range: [-0,6010; 0,3600]
[11.11.2015 18:28:56] Step 1: counting alpha_1 = -0,1215, alpha_2 = -0,1195
[11.11.2015 18:28:56] Step 3: f(-0,1215) = 118,6211 <= f(-0,1195) = 120,3928; b = alpha_2 = -0,1195.
[11.11.2015 18:28:56] Iter 1: Answer is in the range: [-0,6010; -0,1195]
[11.11.2015 18:28:56] Step 1: counting alpha_1 = -0,3613, alpha_2 = -0,3593
[11.11.2015 18:28:56] Step 3: f(-0,3613) = 2655,7148 > f(-0,3593) = 2584,6336; a = alpha_1 = -0,3613.
[11.11.2015 18:28:56] Iter 2: Answer is in the range: [-0,3613; -0,1195]
[11.11.2015 18:28:56] Step 1: counting alpha_1 = -0,2414, alpha_2 = -0,2394
[11.11.2015 18:28:56] Step 3: f(-0,2414) = 341,4559 > f(-0,2394) = 327,4937; a = alpha_1 = -0,2414.
[11.11.2015 18:28:56] Iter 3: Answer is in the range: [-0,2414; -0,1195]
[11.11.2015 18:28:56] Step 1: counting alpha_1 = -0,1814, alpha_2 = -0,1794
[11.11.2015 18:28:56] Step 3: f(-0,1814) = 113,7909 > f(-0,1794) = 111,4598; a = alpha_1 = -0,1814.
[11.11.2015 18:28:56] Iter 4: Answer is in the range: [-0,1814; -0,1195]
[11.11.2015 18:28:56] Step 1: counting alpha_1 = -0,1515, alpha_2 = -0,1495
[11.11.2015 18:28:56] Step 3: f(-0,1515) = 100,6728 <= f(-0,1495) = 101,1580; b = alpha_2 = -0,1495.
[11.11.2015 18:28:56] Iter 5: Answer is in the range: [-0,1814; -0,1495]
[11.11.2015 18:28:56] Step 1: counting alpha_1 = -0,1665, alpha_2 = -0,1645
[11.11.2015 18:28:56] Step 3: f(-0,1665) = 101,8637 > f(-0,1645) = 101,1539; a = alpha_1 = -0,1665.
[11.11.2015 18:28:56] Step 4: (b-a)/2 = 0,0085 < eps = 0,0100; STOP SEARCHING!
[11.11.2015 18:28:56] Iter 6: Answer is in the range: [-0,1665; -0,1495]
[11.11.2015 18:28:56] Step 5: alpha_end = (a+b)/2; Minimum x* is: -0,1580
[11.11.2015 18:28:56] Step 4: Alpha = -0,1579609375;
[11.11.2015 18:28:56] Step 5: arguments = arguments - alpha * gradientValue = (-2,211453125; -3,475140625);
[11.11.2015 18:28:56] Step 6: k = k + 1 = 0;
[11.11.2015 18:28:56] Step 7: answer is: (-2,211453125; -3,475140625);
[11.11.2015 18:28:56] ----------------------------------
ITER 1:
----------------------------------
[11.11.2015 18:28:56] Step 1: k = 1;
[11.11.2015 18:28:56] Step 2: gradient is (90,0693339969066, -68,0408509111705);
[11.11.2015 18:28:56] DSK method started!
[11.11.2015 18:28:56] Step 1: f(alpha)=57175,9007, f(alpha + h)=44964,4297; k=0;
[11.11.2015 18:28:56] Step 2: a=-0,1580, alpha1=-0,1480, k=2; Go to step 4!
[11.11.2015 18:28:56] Step 4: alphak=-0,1380
[11.11.2015 18:28:56] Step 5: h > 0; a=alpha(k-1)=-0,1480
[11.11.2015 18:28:56] k = k + 1 = 3; Go to step 4!
[11.11.2015 18:28:56] Step 4: alphak=-0,1180
[11.11.2015 18:28:56] Step 5: h > 0; a=alpha(k-1)=-0,1380
[11.11.2015 18:28:56] k = k + 1 = 4; Go to step 4!
[11.11.2015 18:28:56] Step 4: alphak=-0,0780
[11.11.2015 18:28:56] Step 5: h > 0; a=alpha(k-1)=-0,1180
[11.11.2015 18:28:56] k = k + 1 = 5; Go to step 4!
[11.11.2015 18:28:56] Step 4: alphak=0,0020
[11.11.2015 18:28:56] Step 5: h > 0; a=alpha(k-1)=-0,0780
[11.11.2015 18:28:56] k = k + 1 = 6; Go to step 4!
[11.11.2015 18:28:56] Step 4: alphak=0,1620
[11.11.2015 18:28:56] Step 5: h > 0; b=alphak=0,1620
[11.11.2015 18:28:56] Step 6: Interval is: [-0,0780 ; 0,1620]
[11.11.2015 18:28:56] Dichotomy method has been started!
[11.11.2015 18:28:56] Counting: delta = eps / 10 = 0,001
[11.11.2015 18:28:56] Step 1: counting alpha_1 = 0,0410, alpha_2 = 0,0430
[11.11.2015 18:28:56] Step 3: f(0,0410) = 693,9364 <= f(0,0430) = 814,6485; b = alpha_2 = 0,0430.
[11.11.2015 18:28:56] Iter 0: Answer is in the range: [-0,0780; 0,0430]
[11.11.2015 18:28:56] Step 1: counting alpha_1 = -0,0185, alpha_2 = -0,0165
[11.11.2015 18:28:56] Step 3: f(-0,0185) = 458,1952 > f(-0,0165) = 406,1252; a = alpha_1 = -0,0185.
[11.11.2015 18:28:56] Iter 1: Answer is in the range: [-0,0185; 0,0430]
[11.11.2015 18:28:56] Step 1: counting alpha_1 = 0,0113, alpha_2 = 0,0133
[11.11.2015 18:28:56] Step 3: f(0,0113) = 19,2056 > f(0,0133) = 18,2471; a = alpha_1 = 0,0113.
[11.11.2015 18:28:56] Iter 2: Answer is in the range: [0,0113; 0,0430]
[11.11.2015 18:28:56] Step 1: counting alpha_1 = 0,0262, alpha_2 = 0,0282
[11.11.2015 18:28:56] Step 3: f(0,0262) = 142,3899 <= f(0,0282) = 186,5552; b = alpha_2 = 0,0282.
[11.11.2015 18:28:56] Step 4: (b-a)/2 = 0,0084 < eps = 0,0100; STOP SEARCHING!
[11.11.2015 18:28:56] Iter 3: Answer is in the range: [0,0113; 0,0282]
[11.11.2015 18:28:56] Step 5: alpha_end = (a+b)/2; Minimum x* is: 0,0197
[11.11.2015 18:28:56] Step 4: Alpha = 0,0197265625;
[11.11.2015 18:28:56] Step 5: arguments = arguments - alpha * gradientValue = (-3,98821147142335; -2,13292852694762);
[11.11.2015 18:28:57] Step 6: k = k + 1 = 1;
[11.11.2015 18:28:57] Step 7: answer is: (-3,98821147142335; -2,13292852694762);
[11.11.2015 18:28:57] ----------------------------------
ITER 2:
----------------------------------
[11.11.2015 18:28:57] Step 1: k = 2;
[11.11.2015 18:28:57] Step 2: gradient is (-55,7353409077625, 60,6013959500368);
[11.11.2015 18:28:57] DSK method started!
[11.11.2015 18:28:57] Step 1: f(alpha)=37,2174, f(alpha + h)=128,0305; k=0;
[11.11.2015 18:28:57] Step 3: b=0,0197, alpha1=0,0297, h=-0,0100, k=2.
[11.11.2015 18:28:57] Step 4: alphak=-0,0003
[11.11.2015 18:28:57] Step 5: h < 0; a=alphak-0,0003
[11.11.2015 18:28:57] Step 6: Interval is: [-0,0003 ; 0,0197]
[11.11.2015 18:28:57] Dichotomy method has been started!
[11.11.2015 18:28:57] Counting: delta = eps / 10 = 0,001
[11.11.2015 18:28:57] Step 1: counting alpha_1 = 0,0087, alpha_2 = 0,0107
[11.11.2015 18:28:57] Step 3: f(0,0087) = 13,6316 > f(0,0107) = 12,2351; a = alpha_1 = 0,0087.
[11.11.2015 18:28:57] Step 4: (b-a)/2 = 0,0055 < eps = 0,0100; STOP SEARCHING!
[11.11.2015 18:28:57] Iter 0: Answer is in the range: [0,0087; 0,0197]
[11.11.2015 18:28:57] Step 5: alpha_end = (a+b)/2; Minimum x* is: 0,0142
[11.11.2015 18:28:57] Step 4: Alpha = 0,0142265625;
[11.11.2015 18:28:57] Step 5: arguments = arguments - alpha * gradientValue = (-3,19528916054026; -2,99507807401806);
[11.11.2015 18:28:57] Step 6: k = k + 1 = 2;
[11.11.2015 18:28:57] Step 7: answer is: (-3,19528916054026; -2,99507807401806);
[11.11.2015 18:28:57] ----------------------------------
ITER 3:
----------------------------------
[11.11.2015 18:28:57] Step 1: k = 3;
[11.11.2015 18:28:57] Step 2: gradient is (46,4146555545385, 7,59046644955181);
[11.11.2015 18:28:57] DSK method started!
[11.11.2015 18:28:57] Step 1: f(alpha)=2,0862, f(alpha + h)=21,5559; k=0;
[11.11.2015 18:28:57] Step 3: a=0,0042, b=0,0242; Go to step 6!
[11.11.2015 18:28:57] Step 6: Interval is: [0,0042 ; 0,0242]
[11.11.2015 18:28:57] Dichotomy method has been started!
[11.11.2015 18:28:57] Counting: delta = eps / 10 = 0,001
[11.11.2015 18:28:57] Step 1: counting alpha_1 = 0,0132, alpha_2 = 0,0152
[11.11.2015 18:28:57] Step 3: f(0,0132) = 1,6779 <= f(0,0152) = 2,7463; b = alpha_2 = 0,0152.
[11.11.2015 18:28:57] Step 4: (b-a)/2 = 0,0055 < eps = 0,0100; STOP SEARCHING!
[11.11.2015 18:28:57] Iter 0: Answer is in the range: [0,0042; 0,0152]
[11.11.2015 18:28:57] Step 5: alpha_end = (a+b)/2; Minimum x* is: 0,0097
[11.11.2015 18:28:57] Step 4: Alpha = 0,00972656249999997;
[11.11.2015 18:28:57] Step 5: arguments = arguments - alpha * gradientValue = (-3,64674420870745; -3,06890722034378);
[11.11.2015 18:28:57] Step 6: k = k + 1 = 3;
[11.11.2015 18:28:57] Step 7: answer is: (-3,64674420870745; -3,06890722034378);
[11.11.2015 18:28:57] ----------------------------------
ITER 4:
----------------------------------
[11.11.2015 18:28:57] Step 1: k = 4;
[11.11.2015 18:28:57] Step 2: gradient is (9,28802716028911, 13,8920224472334);
[11.11.2015 18:28:57] DSK method started!
[11.11.2015 18:28:57] Step 1: f(alpha)=0,2789, f(alpha + h)=0,2253; k=0;
[11.11.2015 18:28:57] Step 2: a=0,0097, alpha1=0,0197, k=2; Go to step 4!
[11.11.2015 18:28:57] Step 4: alphak=0,0297
[11.11.2015 18:28:57] Step 5: h > 0; b=alphak=0,0297
[11.11.2015 18:28:57] Step 6: Interval is: [0,0097 ; 0,0297]
[11.11.2015 18:28:57] Dichotomy method has been started!
[11.11.2015 18:28:57] Counting: delta = eps / 10 = 0,001
[11.11.2015 18:28:57] Step 1: counting alpha_1 = 0,0187, alpha_2 = 0,0207
[11.11.2015 18:28:57] Step 3: f(0,0187) = 0,1407 <= f(0,0207) = 0,3309; b = alpha_2 = 0,0207.
[11.11.2015 18:28:57] Step 4: (b-a)/2 = 0,0055 < eps = 0,0100; STOP SEARCHING!
[11.11.2015 18:28:57] Iter 0: Answer is in the range: [0,0097; 0,0207]
[11.11.2015 18:28:57] Step 5: alpha_end = (a+b)/2; Minimum x* is: 0,0152
[11.11.2015 18:28:57] Step 4: Alpha = 0,0152265625;
[11.11.2015 18:28:57] Step 5: arguments = arguments - alpha * gradientValue = (-3,78816893476529; -3,28043496838798);
[11.11.2015 18:28:57] Step 6: k = k + 1 = 4;
[11.11.2015 18:28:57] Step 7: answer is: (-3,78816893476529; -3,28043496838798);
[11.11.2015 18:28:57] ----------------------------------
ITER 5:
----------------------------------
[11.11.2015 18:28:57] Step 1: k = 5;
[11.11.2015 18:28:57] Step 2: gradient is (-0,223458842721376, 1,15954986505171);
[11.11.2015 18:28:57] DSK method started!
[11.11.2015 18:28:57] Step 1: f(alpha)=0,0093, f(alpha + h)=0,0294; k=0;
[11.11.2015 18:28:57] Step 3: b=0,0152, alpha1=0,0252, h=-0,0100, k=2.
[11.11.2015 18:28:57] Step 4: alphak=-0,0048
[11.11.2015 18:28:57] Step 5: h < 0; a=alphak-0,0048
[11.11.2015 18:28:57] Step 6: Interval is: [-0,0048 ; 0,0152]
[11.11.2015 18:28:57] Dichotomy method has been started!
[11.11.2015 18:28:57] Counting: delta = eps / 10 = 0,001
[11.11.2015 18:28:57] Step 1: counting alpha_1 = 0,0042, alpha_2 = 0,0062
[11.11.2015 18:28:57] Step 3: f(0,0042) = 0,0034 > f(0,0062) = 0,0032; a = alpha_1 = 0,0042.
[11.11.2015 18:28:57] Step 4: (b-a)/2 = 0,0055 < eps = 0,0100; STOP SEARCHING!
[11.11.2015 18:28:58] Iter 0: Answer is in the range: [0,0042; 0,0152]
[11.11.2015 18:28:58] Step 5: alpha_end = (a+b)/2; Minimum x* is: 0,0097
[11.11.2015 18:28:58] Step 4: Alpha = 0,00972656249999997;
[11.11.2015 18:28:58] Step 5: arguments = arguments - alpha * gradientValue = (-3,78599544836538; -3,29171340262227);
[11.11.2015 18:28:58] Step 6: k = k + 1 = 5;
[11.11.2015 18:28:58] Step 7: answer is: (-3,78599544836538; -3,29171340262227);
[11.11.2015 18:28:58] ----------------------------------
ITER 6:
----------------------------------
[11.11.2015 18:28:58] Step 1: k = 6;
[11.11.2015 18:28:58] Step 2: gradient is (0,0287728496158742, -0,135098704188244);
[11.11.2015 18:28:58] DSK method started!
[11.11.2015 18:28:58] Step 1: f(alpha)=0,0037, f(alpha + h)=0,0034; k=0;
[11.11.2015 18:28:58] Step 2: a=0,0097, alpha1=0,0197, k=2; Go to step 4!
[11.11.2015 18:28:58] Step 4: alphak=0,0297
[11.11.2015 18:28:58] Step 5: h > 0; a=alpha(k-1)=0,0197
[11.11.2015 18:28:58] k = k + 1 = 3; Go to step 4!
[11.11.2015 18:28:58] Step 4: alphak=0,0497
[11.11.2015 18:28:58] Step 5: h > 0; b=alphak=0,0497
[11.11.2015 18:28:58] Step 6: Interval is: [0,0197 ; 0,0497]
[11.11.2015 18:28:58] Dichotomy method has been started!
[11.11.2015 18:28:58] Counting: delta = eps / 10 = 0,001
[11.11.2015 18:28:58] Step 1: counting alpha_1 = 0,0337, alpha_2 = 0,0357
[11.11.2015 18:28:58] Step 3: f(0,0337) = 0,0033 <= f(0,0357) = 0,0033; b = alpha_2 = 0,0357.
[11.11.2015 18:28:58] Step 4: (b-a)/2 = 0,0080 < eps = 0,0100; STOP SEARCHING!
[11.11.2015 18:28:58] Iter 0: Answer is in the range: [0,0197; 0,0357]
[11.11.2015 18:28:58] Step 5: alpha_end = (a+b)/2; Minimum x* is: 0,0277
[11.11.2015 18:28:58] Step 4: Alpha = 0,0277265625;
[11.11.2015 18:28:58] Step 5: arguments = arguments - alpha * gradientValue = (-3,78679322057856; -3,28796757995693);
[11.11.2015 18:28:58] Step 6: k = k + 1 = 6;
[11.11.2015 18:28:58] Step 7: answer is: (-3,78679322057856; -3,28796757995693);
[11.11.2015 18:28:58] ----------------------------------
ITER 7:
----------------------------------
[11.11.2015 18:28:58] Step 1: k = 7;
[11.11.2015 18:28:58] Step 2: gradient is (0,872068185567051, 1,00678884403192);
[11.11.2015 18:28:58] DSK method started!
[11.11.2015 18:28:58] Step 1: f(alpha)=0,0770, f(alpha + h)=0,1284; k=0;
[11.11.2015 18:28:58] Step 3: b=0,0277, alpha1=0,0377, h=-0,0100, k=2.
[11.11.2015 18:28:58] Step 4: alphak=0,0077
[11.11.2015 18:28:58] Step 5: h > 0; b=alpha(k-1)=0,0177
[11.11.2015 18:28:58] k = k + 1 = 3; Go to step 4!
[11.11.2015 18:28:58] Step 4: alphak=-0,0123
[11.11.2015 18:28:58] Step 5: h > 0; b=alpha(k-1)=0,0077
[11.11.2015 18:28:58] k = k + 1 = 4; Go to step 4!
[11.11.2015 18:28:58] Step 4: alphak=-0,0523
[11.11.2015 18:28:58] Step 5: h < 0; a=alphak-0,0523
[11.11.2015 18:28:58] Step 6: Interval is: [-0,0523 ; 0,0077]
[11.11.2015 18:28:58] Dichotomy method has been started!
[11.11.2015 18:28:58] Counting: delta = eps / 10 = 0,001
[11.11.2015 18:28:58] Step 1: counting alpha_1 = -0,0233, alpha_2 = -0,0213
[11.11.2015 18:28:58] Step 3: f(-0,0233) = 0,0180 > f(-0,0213) = 0,0141; a = alpha_1 = -0,0233.
[11.11.2015 18:28:58] Iter 0: Answer is in the range: [-0,0233; 0,0077]
[11.11.2015 18:28:58] Step 1: counting alpha_1 = -0,0088, alpha_2 = -0,0068
[11.11.2015 18:28:58] Step 3: f(-0,0088) = 0,0007 > f(-0,0068) = 0,0004; a = alpha_1 = -0,0088.
[11.11.2015 18:28:58] Step 4: (b-a)/2 = 0,0083 < eps = 0,0100; STOP SEARCHING!
[11.11.2015 18:28:58] Iter 1: Answer is in the range: [-0,0088; 0,0077]
[11.11.2015 18:28:58] Step 5: alpha_end = (a+b)/2; Minimum x* is: -0,0005
[11.11.2015 18:28:58] Step 4: Alpha = -0,000523437500000033;
[11.11.2015 18:28:58] Step 5: arguments = arguments - alpha * gradientValue = (-3,78633674738768; -3,28744058892138);
[11.11.2015 18:28:58] Step 6: k = k + 1 = 7;
[11.11.2015 18:28:58] Step 7: answer is: (-3,78633674738768; -3,28744058892138);
[11.11.2015 18:28:58] ----------------------------------
ITER 8:
----------------------------------
[11.11.2015 18:28:58] Step 1: k = 8;
[11.11.2015 18:28:58] Step 2: gradient is (-0,729426637431748, -0,200575687451394);
[11.11.2015 18:28:58] DSK method started!
[11.11.2015 18:28:58] Step 1: f(alpha)=0,0031, f(alpha + h)=0,0002; k=0;
[11.11.2015 18:28:58] Step 2: a=-0,0005, alpha1=0,0095, k=2; Go to step 4!
[11.11.2015 18:28:58] Step 4: alphak=0,0195
[11.11.2015 18:28:59] Step 5: h > 0; b=alphak=0,0195
[11.11.2015 18:28:59] Step 6: Interval is: [-0,0005 ; 0,0195]
[11.11.2015 18:28:59] Dichotomy method has been started!
[11.11.2015 18:28:59] Counting: delta = eps / 10 = 0,001
[11.11.2015 18:28:59] Step 1: counting alpha_1 = 0,0085, alpha_2 = 0,0105
[11.11.2015 18:28:59] Step 3: f(0,0085) = 0,0003 > f(0,0105) = 0,0003; a = alpha_1 = 0,0085.
[11.11.2015 18:28:59] Step 4: (b-a)/2 = 0,0055 < eps = 0,0100; STOP SEARCHING!
[11.11.2015 18:28:59] Iter 0: Answer is in the range: [0,0085; 0,0195]
[11.11.2015 18:28:59] Step 5: alpha_end = (a+b)/2; Minimum x* is: 0,0140
[11.11.2015 18:28:59] Step 4: Alpha = 0,0139765625;
[11.11.2015 18:28:59] Step 5: arguments = arguments - alpha * gradientValue = (-3,77614187040045; -3,28463723028973);
[11.11.2015 18:28:59] Step 6: k = k + 1 = 8;
[11.11.2015 18:28:59] Step 7: answer is: (-3,77614187040045; -3,28463723028973);
[11.11.2015 18:28:59] ----------------------------------
ITER 9:
----------------------------------
[11.11.2015 18:28:59] Step 1: k = 9;
[11.11.2015 18:28:59] Step 2: gradient is (1,21640177841802, 0,39729403927987);
[11.11.2015 18:28:59] DSK method started!
[11.11.2015 18:28:59] Step 1: f(alpha)=0,0106, f(alpha + h)=0,0368; k=0;
[11.11.2015 18:28:59] Step 3: b=0,0140, alpha1=0,0240, h=-0,0100, k=2.
[11.11.2015 18:28:59] Step 4: alphak=-0,0060
[11.11.2015 18:28:59] Step 5: h < 0; a=alphak-0,0060
[11.11.2015 18:28:59] Step 6: Interval is: [-0,0060 ; 0,0140]
[11.11.2015 18:28:59] Dichotomy method has been started!
[11.11.2015 18:28:59] Counting: delta = eps / 10 = 0,001
[11.11.2015 18:28:59] Step 1: counting alpha_1 = 0,0030, alpha_2 = 0,0050
[11.11.2015 18:28:59] Step 3: f(0,0030) = 0,0003 <= f(0,0050) = 0,0007; b = alpha_2 = 0,0050.
[11.11.2015 18:28:59] Step 4: (b-a)/2 = 0,0055 < eps = 0,0100; STOP SEARCHING!
[11.11.2015 18:28:59] Iter 0: Answer is in the range: [-0,0060; 0,0050]
[11.11.2015 18:28:59] Step 5: alpha_end = (a+b)/2; Minimum x* is: -0,0005
[11.11.2015 18:28:59] Step 4: Alpha = -0,000523437500000032;
[11.11.2015 18:28:59] Step 5: arguments = arguments - alpha * gradientValue = (-3,77550516009456; -3,28442927169105);
[11.11.2015 18:28:59] Step 6: k = k + 1 = 9;
[11.11.2015 18:28:59] Step 7: answer is: (-3,77550516009456; -3,28442927169105);
[11.11.2015 18:28:59] ----------------------------------
ITER 10:
----------------------------------
[11.11.2015 18:28:59] Step 1: k = 10;
[11.11.2015 18:28:59] Step 2: gradient is (0,446510021389622, -0,24037074963081);
[11.11.2015 18:28:59] DSK method started!
[11.11.2015 18:28:59] Step 1: f(alpha)=0,0012, f(alpha + h)=0,0001; k=0;
[11.11.2015 18:28:59] Step 2: a=-0,0005, alpha1=0,0095, k=2; Go to step 4!
[11.11.2015 18:28:59] Step 4: alphak=0,0195
[11.11.2015 18:28:59] Step 5: h > 0; b=alphak=0,0195
[11.11.2015 18:28:59] Step 6: Interval is: [-0,0005 ; 0,0195]
[11.11.2015 18:28:59] Dichotomy method has been started!
[11.11.2015 18:28:59] Counting: delta = eps / 10 = 0,001
[11.11.2015 18:28:59] Step 1: counting alpha_1 = 0,0085, alpha_2 = 0,0105
[11.11.2015 18:28:59] Step 3: f(0,0085) = 0,0000 <= f(0,0105) = 0,0001; b = alpha_2 = 0,0105.
[11.11.2015 18:28:59] Step 4: (b-a)/2 = 0,0055 < eps = 0,0100; STOP SEARCHING!
[11.11.2015 18:28:59] Iter 0: Answer is in the range: [-0,0005; 0,0105]
[11.11.2015 18:28:59] Step 5: alpha_end = (a+b)/2; Minimum x* is: 0,0050
[11.11.2015 18:28:59] Step 4: Alpha = 0,00497656249999997;
[11.11.2015 18:28:59] Step 5: arguments = arguments - alpha * gradientValue = (-3,77772724512288; -3,28323305163234);
[11.11.2015 18:28:59] Step 6: k = k + 1 = 10;
[11.11.2015 18:28:59] Step 7: answer is: (-3,77772724512288; -3,28323305163234);
[11.11.2015 18:28:59] ----------------------------------
ITER 11:
----------------------------------
[11.11.2015 18:28:59] Step 1: k = 11;
[11.11.2015 18:28:59] Step 2: gradient is (0,473834201742271, 0,170384382853789);
[11.11.2015 18:28:59] DSK method started!
[11.11.2015 18:28:59] Step 1: f(alpha)=0,0001, f(alpha + h)=0,0017; k=0;
[11.11.2015 18:28:59] Step 3: a=-0,0050, b=0,0150; Go to step 6!
[11.11.2015 18:28:59] Step 6: Interval is: [-0,0050 ; 0,0150]
[11.11.2015 18:28:59] Dichotomy method has been started!
[11.11.2015 18:28:59] Counting: delta = eps / 10 = 0,001
[11.11.2015 18:28:59] Step 1: counting alpha_1 = 0,0040, alpha_2 = 0,0060
[11.11.2015 18:28:59] Step 3: f(0,0040) = 0,0000 <= f(0,0060) = 0,0001; b = alpha_2 = 0,0060.
[11.11.2015 18:28:59] Step 4: (b-a)/2 = 0,0055 < eps = 0,0100; STOP SEARCHING!
[11.11.2015 18:28:59] Iter 0: Answer is in the range: [-0,0050; 0,0060]
[11.11.2015 18:28:59] Step 5: alpha_end = (a+b)/2; Minimum x* is: 0,0005
[11.11.2015 18:29:00] Step 4: Alpha = 0,000476562499999967;
[11.11.2015 18:29:00] Step 5: arguments = arguments - alpha * gradientValue = (-3,77795305673465; -3,28331425043979);
[11.11.2015 18:29:00] Step 6: k = k + 1 = 11;
[11.11.2015 18:29:00] Step 7: answer is: (-3,77795305673465; -3,28331425043979);
[11.11.2015 18:29:00] ----------------------------------
ITER 12:
----------------------------------
[11.11.2015 18:29:00] Step 1: k = 12;
[11.11.2015 18:29:00] Step 2: gradient is (0,189005262465077, -0,0286299833736182);
[11.11.2015 18:29:00] DSK method started!
[11.11.2015 18:29:00] Step 1: f(alpha)=0,0001, f(alpha + h)=0,0000; k=0;
[11.11.2015 18:29:00] Step 2: a=0,0005, alpha1=0,0105, k=2; Go to step 4!
[11.11.2015 18:29:00] Step 4: alphak=0,0205
[11.11.2015 18:29:00] Step 5: h > 0; b=alphak=0,0205
[11.11.2015 18:29:00] Step 6: Interval is: [0,0005 ; 0,0205]
[11.11.2015 18:29:00] Dichotomy method has been started!
[11.11.2015 18:29:00] Counting: delta = eps / 10 = 0,001
[11.11.2015 18:29:00] Step 1: counting alpha_1 = 0,0095, alpha_2 = 0,0115
[11.11.2015 18:29:00] Step 3: f(0,0095) = 0,0000 <= f(0,0115) = 0,0000; b = alpha_2 = 0,0115.
[11.11.2015 18:29:00] Step 4: (b-a)/2 = 0,0055 < eps = 0,0100; STOP SEARCHING!
[11.11.2015 18:29:00] Iter 0: Answer is in the range: [0,0005; 0,0115]
[11.11.2015 18:29:00] Step 5: alpha_end = (a+b)/2; Minimum x* is: 0,0060
[11.11.2015 18:29:00] Step 4: Alpha = 0,00597656249999997;
[11.11.2015 18:29:00] Step 5: arguments = arguments - alpha * gradientValue = (-3,7790826584986; -3,28314314155479);
[11.11.2015 18:29:00] Step 6: k = k + 1 = 12;
[11.11.2015 18:29:00] Step 7: answer is: (-3,7790826584986; -3,28314314155479);
[11.11.2015 18:29:00] ----------------------------------
ITER 13:
----------------------------------
[11.11.2015 18:29:00] Step 1: k = 13;
[11.11.2015 18:29:00] Step 2: gradient is (0,372081690330364, 0,260544548520312);
[11.11.2015 18:29:00] DSK method started!
[11.11.2015 18:29:00] Step 1: f(alpha)=0,0002, f(alpha + h)=0,0020; k=0;
[11.11.2015 18:29:00] Step 3: b=0,0060, alpha1=0,0160, h=-0,0100, k=2.
[11.11.2015 18:29:00] Step 4: alphak=-0,0140
[11.11.2015 18:29:00] Step 5: h < 0; a=alphak-0,0140
[11.11.2015 18:29:00] Step 6: Interval is: [-0,0140 ; 0,0060]
[11.11.2015 18:29:00] Dichotomy method has been started!
[11.11.2015 18:29:00] Counting: delta = eps / 10 = 0,001
[11.11.2015 18:29:00] Step 1: counting alpha_1 = -0,0050, alpha_2 = -0,0030
[11.11.2015 18:29:00] Step 3: f(-0,0050) = 0,0003 > f(-0,0030) = 0,0001; a = alpha_1 = -0,0050.
[11.11.2015 18:29:00] Step 4: (b-a)/2 = 0,0055 < eps = 0,0100; STOP SEARCHING!
[11.11.2015 18:29:00] Iter 0: Answer is in the range: [-0,0050; 0,0060]
[11.11.2015 18:29:00] Step 5: alpha_end = (a+b)/2; Minimum x* is: 0,0005
[11.11.2015 18:29:00] Step 4: Alpha = 0,000476562499999967;
[11.11.2015 18:29:00] Step 5: arguments = arguments - alpha * gradientValue = (-3,77925997867915; -3,28326730731619);
[11.11.2015 18:29:00] Step 6: k = k + 1 = 13;
[11.11.2015 18:29:00] Step 7: answer is: (-3,77925997867915; -3,28326730731619);
[11.11.2015 18:29:00] ----------------------------------
ITER 14:
----------------------------------
[11.11.2015 18:29:00] Step 1: k = 14;
[11.11.2015 18:29:00] Step 2: gradient is (0,0358415597989583, 0,0124278057253182);
[11.11.2015 18:29:00] DSK method started!
[11.11.2015 18:29:00] Step 1: f(alpha)=0,0000, f(alpha + h)=0,0000; k=0;
[11.11.2015 18:29:00] Step 3: a=-0,0095, b=0,0105; Go to step 6!
[11.11.2015 18:29:00] Step 6: Interval is: [-0,0095 ; 0,0105]
[11.11.2015 18:29:00] Dichotomy method has been started!
[11.11.2015 18:29:00] Counting: delta = eps / 10 = 0,001
[11.11.2015 18:29:00] Step 1: counting alpha_1 = -0,0005, alpha_2 = 0,0015
[11.11.2015 18:29:00] Step 3: f(-0,0005) = 0,0000 > f(0,0015) = 0,0000; a = alpha_1 = -0,0005.
[11.11.2015 18:29:00] Step 4: (b-a)/2 = 0,0055 < eps = 0,0100; STOP SEARCHING!
[11.11.2015 18:29:00] Iter 0: Answer is in the range: [-0,0005; 0,0105]
[11.11.2015 18:29:00] Step 5: alpha_end = (a+b)/2; Minimum x* is: 0,0050
[11.11.2015 18:29:00] Step 4: Alpha = 0,00497656249999997;
[11.11.2015 18:29:00] Step 5: arguments = arguments - alpha * gradientValue = (-3,77943834644158; -3,28332915506812);
[11.11.2015 18:29:00] Step 6: k = k + 1 = 14;
[11.11.2015 18:29:00] Step 7: answer is: (-3,77943834644158; -3,28332915506812);
[11.11.2015 18:29:00] ----------------------------------
ITER 15:
----------------------------------
[11.11.2015 18:29:00] Step 1: k = 15;
[11.11.2015 18:29:00] Step 2: gradient is (0,278105375923568, 0,210239807600981);
[11.11.2015 18:29:00] DSK method started!
[11.11.2015 18:29:01] Step 1: f(alpha)=0,0001, f(alpha + h)=0,0012; k=0;
[11.11.2015 18:29:01] Step 3: b=0,0050, alpha1=0,0150, h=-0,0100, k=2.
[11.11.2015 18:29:01] Step 4: alphak=-0,0150
[11.11.2015 18:29:01] Step 5: h < 0; a=alphak-0,0150
[11.11.2015 18:29:01] Step 6: Interval is: [-0,0150 ; 0,0050]
[11.11.2015 18:29:01] Dichotomy method has been started!
[11.11.2015 18:29:01] Counting: delta = eps / 10 = 0,001
[11.11.2015 18:29:01] Step 1: counting alpha_1 = -0,0060, alpha_2 = -0,0040
[11.11.2015 18:29:01] Step 3: f(-0,0060) = 0,0001 > f(-0,0040) = 0,0001; a = alpha_1 = -0,0060.
[11.11.2015 18:29:01] Step 4: (b-a)/2 = 0,0055 < eps = 0,0100; STOP SEARCHING!
[11.11.2015 18:29:01] Iter 0: Answer is in the range: [-0,0060; 0,0050]
[11.11.2015 18:29:01] Step 5: alpha_end = (a+b)/2; Minimum x* is: -0,0005
[11.11.2015 18:29:01] Step 4: Alpha = -0,000523437500000033;
[11.11.2015 18:29:01] Step 5: arguments = arguments - alpha * gradientValue = (-3,77929277565887; -3,28321910766883);
[11.11.2015 18:29:01] Step 6: k = k + 1 = 15;
[11.11.2015 18:29:01] Step 7: answer is: (-3,77929277565887; -3,28321910766883);
[11.11.2015 18:29:01] ----------------------------------
ITER 16:
----------------------------------
[11.11.2015 18:29:01] Step 1: k = 16;
[11.11.2015 18:29:01] Step 2: gradient is (-0,0274649718005535, -0,0265127150434436);
[11.11.2015 18:29:01] DSK method started!
[11.11.2015 18:29:01] Step 1: f(alpha)=0,0000, f(alpha + h)=0,0000; k=0;
[11.11.2015 18:29:01] Step 3: a=-0,0105, b=0,0095; Go to step 6!
[11.11.2015 18:29:01] Step 6: Interval is: [-0,0105 ; 0,0095]
[11.11.2015 18:29:01] Dichotomy method has been started!
[11.11.2015 18:29:01] Counting: delta = eps / 10 = 0,001
[11.11.2015 18:29:01] Step 1: counting alpha_1 = -0,0015, alpha_2 = 0,0005
[11.11.2015 18:29:01] Step 3: f(-0,0015) = 0,0000 > f(0,0005) = 0,0000; a = alpha_1 = -0,0015.
[11.11.2015 18:29:01] Step 4: (b-a)/2 = 0,0055 < eps = 0,0100; STOP SEARCHING!
[11.11.2015 18:29:01] Iter 0: Answer is in the range: [-0,0015; 0,0095]
[11.11.2015 18:29:01] Step 5: alpha_end = (a+b)/2; Minimum x* is: 0,0040
[11.11.2015 18:29:01] Step 4: Alpha = 0,00397656249999997;
[11.11.2015 18:29:01] Step 5: arguments = arguments - alpha * gradientValue = (-3,77918355948195; -3,28311367820042);
[11.11.2015 18:29:01] Step 6: k = k + 1 = 16;
[11.11.2015 18:29:01] Step 7: answer is: (-3,77918355948195; -3,28311367820042);
[11.11.2015 18:29:01] ----------------------------------
ITER 17:
----------------------------------
[11.11.2015 18:29:01] Step 1: k = 17;
[11.11.2015 18:29:01] Step 2: gradient is (0,243593841093915, 0,178018313167488);
[11.11.2015 18:29:01] DSK method started!
[11.11.2015 18:29:01] Step 1: f(alpha)=0,0000, f(alpha + h)=0,0007; k=0;
[11.11.2015 18:29:01] Step 3: a=-0,0060, b=0,0140; Go to step 6!
[11.11.2015 18:29:01] Step 6: Interval is: [-0,0060 ; 0,0140]
[11.11.2015 18:29:01] Dichotomy method has been started!
[11.11.2015 18:29:01] Counting: delta = eps / 10 = 0,001
[11.11.2015 18:29:01] Step 1: counting alpha_1 = 0,0030, alpha_2 = 0,0050
[11.11.2015 18:29:01] Step 3: f(0,0030) = 0,0000 <= f(0,0050) = 0,0001; b = alpha_2 = 0,0050.
[11.11.2015 18:29:01] Step 4: (b-a)/2 = 0,0055 < eps = 0,0100; STOP SEARCHING!
[11.11.2015 18:29:01] Iter 0: Answer is in the range: [-0,0060; 0,0050]
[11.11.2015 18:29:01] Step 5: alpha_end = (a+b)/2; Minimum x* is: -0,0005
[11.11.2015 18:29:01] Step 4: Alpha = -0,000523437500000032;
[11.11.2015 18:29:01] Step 5: arguments = arguments - alpha * gradientValue = (-3,77905605333075; -3,28302049673962);
[11.11.2015 18:29:01] Step 6: k = k + 1 = 17;
[11.11.2015 18:29:01] Step 7: answer is: (-3,77905605333075; -3,28302049673962);
[11.11.2015 18:29:01] ----------------------------------
ITER 18:
----------------------------------
[11.11.2015 18:29:01] Step 1: k = 18;
[11.11.2015 18:29:01] Step 2: gradient is (-0,00555037237484396, -0,015672673236028);
[11.11.2015 18:29:01] DSK method started!
[11.11.2015 18:29:01] Step 1: f(alpha)=0,0000, f(alpha + h)=0,0000; k=0;
[11.11.2015 18:29:01] Step 3: b=-0,0005, alpha1=0,0095, h=-0,0100, k=2.
[11.11.2015 18:29:01] Step 4: alphak=-0,0205
[11.11.2015 18:29:01] Step 5: h < 0; a=alphak-0,0205
[11.11.2015 18:29:01] Step 6: Interval is: [-0,0205 ; -0,0005]
[11.11.2015 18:29:02] Dichotomy method has been started!
[11.11.2015 18:29:02] Counting: delta = eps / 10 = 0,001
[11.11.2015 18:29:02] Step 1: counting alpha_1 = -0,0115, alpha_2 = -0,0095
[11.11.2015 18:29:02] Step 3: f(-0,0115) = 0,0000 <= f(-0,0095) = 0,0000; b = alpha_2 = -0,0095.
[11.11.2015 18:29:02] Step 4: (b-a)/2 = 0,0055 < eps = 0,0100; STOP SEARCHING!
[11.11.2015 18:29:02] Iter 0: Answer is in the range: [-0,0205; -0,0095]
[11.11.2015 18:29:02] Step 5: alpha_end = (a+b)/2; Minimum x* is: -0,0150
[11.11.2015 18:29:02] Step 4: Alpha = -0,0150234375;
[11.11.2015 18:29:02] Step 5: arguments = arguments - alpha * gradientValue = (-3,77913943900323; -3,28325595416644);
[11.11.2015 18:29:02] Step 6: k = k + 1 = 18;
[11.11.2015 18:29:02] Step 7: answer is: (-3,77913943900323; -3,28325595416644);
[11.11.2015 18:29:02] ----------------------------------
ITER 19:
----------------------------------
[11.11.2015 18:29:02] Step 1: k = 19;
[11.11.2015 18:29:02] Step 2: gradient is (-0,854815511474169, -0,676805543615247);
[11.11.2015 18:29:02] DSK method started!
[11.11.2015 18:29:02] Step 1: f(alpha)=0,0103, f(alpha + h)=0,0011; k=0;
[11.11.2015 18:29:02] Step 2: a=-0,0150, alpha1=-0,0050, k=2; Go to step 4!
[11.11.2015 18:29:02] Step 4: alphak=0,0050
[11.11.2015 18:29:02] Step 5: h > 0; b=alphak=0,0050
[11.11.2015 18:29:02] Step 6: Interval is: [-0,0150 ; 0,0050]
[11.11.2015 18:29:02] Dichotomy method has been started!
[11.11.2015 18:29:02] Counting: delta = eps / 10 = 0,001
[11.11.2015 18:29:02] Step 1: counting alpha_1 = -0,0060, alpha_2 = -0,0040
[11.11.2015 18:29:02] Step 3: f(-0,0060) = 0,0016 > f(-0,0040) = 0,0007; a = alpha_1 = -0,0060.
[11.11.2015 18:29:02] Step 4: (b-a)/2 = 0,0055 < eps = 0,0100; STOP SEARCHING!
[11.11.2015 18:29:02] Iter 0: Answer is in the range: [-0,0060; 0,0050]
[11.11.2015 18:29:02] Step 5: alpha_end = (a+b)/2; Minimum x* is: -0,0005
[11.11.2015 18:29:02] Step 4: Alpha = -0,000523437500000033;
[11.11.2015 18:29:02] Step 5: arguments = arguments - alpha * gradientValue = (-3,77958688149751; -3,28361021956817);
[11.11.2015 18:29:02] Step 6: k = k + 1 = 19;
[11.11.2015 18:29:02] Step 7: answer is: (-3,77958688149751; -3,28361021956817);
[11.11.2015 18:29:02] ----------------------------------
ITER 20:
----------------------------------
[11.11.2015 18:29:02] Step 1: k = 20;
[11.11.2015 18:29:02] Step 2: gradient is (-0,0506196253969536, -0,0527279675994596);
[11.11.2015 18:29:02] DSK method started!
[11.11.2015 18:29:02] Step 1: f(alpha)=0,0000, f(alpha + h)=0,0000; k=0;
[11.11.2015 18:29:02] Step 2: a=-0,0005, alpha1=0,0095, k=2; Go to step 4!
[11.11.2015 18:29:02] Step 4: alphak=0,0195
[11.11.2015 18:29:02] Step 5: h > 0; b=alphak=0,0195
[11.11.2015 18:29:02] Step 6: Interval is: [-0,0005 ; 0,0195]
[11.11.2015 18:29:02] Dichotomy method has been started!
[11.11.2015 18:29:02] Counting: delta = eps / 10 = 0,001
[11.11.2015 18:29:02] Step 1: counting alpha_1 = 0,0085, alpha_2 = 0,0105
[11.11.2015 18:29:02] Step 3: f(0,0085) = 0,0000 <= f(0,0105) = 0,0000; b = alpha_2 = 0,0105.
[11.11.2015 18:29:02] Step 4: (b-a)/2 = 0,0055 < eps = 0,0100; STOP SEARCHING!
[11.11.2015 18:29:02] Iter 0: Answer is in the range: [-0,0005; 0,0105]
[11.11.2015 18:29:02] Step 5: alpha_end = (a+b)/2; Minimum x* is: 0,0050
[11.11.2015 18:29:02] Step 4: Alpha = 0,00497656249999997;
[11.11.2015 18:29:02] Step 5: arguments = arguments - alpha * gradientValue = (-3,779334969768; -3,28334781554192);
[11.11.2015 18:29:02] Step 6: k = k + 1 = 20;
[11.11.2015 18:29:02] Step 7: answer is: (-3,779334969768; -3,28334781554192);
[11.11.2015 18:29:02] ----------------------------------
ITER 21:
----------------------------------
[11.11.2015 18:29:02] Step 1: k = 21;
[11.11.2015 18:29:02] Step 2: gradient is (0,29062883624774, 0,205677293667621);
[11.11.2015 18:29:02] DSK method started!
[11.11.2015 18:29:02] Step 1: f(alpha)=0,0001, f(alpha + h)=0,0012; k=0;
[11.11.2015 18:29:02] Step 3: b=0,0050, alpha1=0,0150, h=-0,0100, k=2.
[11.11.2015 18:29:02] Step 4: alphak=-0,0150
[11.11.2015 18:29:02] Step 5: h < 0; a=alphak-0,0150
[11.11.2015 18:29:02] Step 6: Interval is: [-0,0150 ; 0,0050]
[11.11.2015 18:29:02] Dichotomy method has been started!
[11.11.2015 18:29:03] Counting: delta = eps / 10 = 0,001
[11.11.2015 18:29:03] Step 1: counting alpha_1 = -0,0060, alpha_2 = -0,0040
[11.11.2015 18:29:03] Step 3: f(-0,0060) = 0,0002 > f(-0,0040) = 0,0001; a = alpha_1 = -0,0060.
[11.11.2015 18:29:03] Step 4: (b-a)/2 = 0,0055 < eps = 0,0100; STOP SEARCHING!
[11.11.2015 18:29:03] Iter 0: Answer is in the range: [-0,0060; 0,0050]
[11.11.2015 18:29:03] Step 5: alpha_end = (a+b)/2; Minimum x* is: -0,0005
[11.11.2015 18:29:03] Step 4: Alpha = -0,000523437500000033;
[11.11.2015 18:29:03] Step 5: arguments = arguments - alpha * gradientValue = (-3,77918284373653; -3,28324015633351);
[11.11.2015 18:29:03] Step 6: k = k + 1 = 21;
[11.11.2015 18:29:03] Step 7: answer is: (-3,77918284373653; -3,28324015633351);
[11.11.2015 18:29:03] ----------------------------------
ITER 22:
----------------------------------
[11.11.2015 18:29:03] Step 1: k = 22;
[11.11.2015 18:29:03] Step 2: gradient is (-0,0140871709491672, -0,0314761232293141);
[11.11.2015 18:29:03] DSK method started!
[11.11.2015 18:29:03] Step 1: f(alpha)=0,0000, f(alpha + h)=0,0000; k=0;
[11.11.2015 18:29:03] Step 3: a=-0,0105, b=0,0095; Go to step 6!
[11.11.2015 18:29:03] Step 6: Interval is: [-0,0105 ; 0,0095]
[11.11.2015 18:29:03] Dichotomy method has been started!
[11.11.2015 18:29:03] Counting: delta = eps / 10 = 0,001
[11.11.2015 18:29:03] Step 1: counting alpha_1 = -0,0015, alpha_2 = 0,0005
[11.11.2015 18:29:03] Step 3: f(-0,0015) = 0,0000 > f(0,0005) = 0,0000; a = alpha_1 = -0,0015.
[11.11.2015 18:29:03] Step 4: (b-a)/2 = 0,0055 < eps = 0,0100; STOP SEARCHING!
[11.11.2015 18:29:03] Iter 0: Answer is in the range: [-0,0015; 0,0095]
[11.11.2015 18:29:03] Step 5: alpha_end = (a+b)/2; Minimum x* is: 0,0040
[11.11.2015 18:29:03] Step 4: Alpha = 0,00397656249999997;
[11.11.2015 18:29:03] Step 5: arguments = arguments - alpha * gradientValue = (-3,7791268252208; -3,28311498956223);
[11.11.2015 18:29:03] Step 6: k = k + 1 = 22;
[11.11.2015 18:29:03] Step 7: answer is: (-3,7791268252208; -3,28311498956223);
[11.11.2015 18:29:03] ----------------------------------
ITER 23:
----------------------------------
[11.11.2015 18:29:03] Step 1: k = 23;
[11.11.2015 18:29:03] Step 2: gradient is (0,250216102644188, 0,176300578430955);
[11.11.2015 18:29:03] DSK method started!
[11.11.2015 18:29:03] Step 1: f(alpha)=0,0000, f(alpha + h)=0,0007; k=0;
[11.11.2015 18:29:03] Step 3: a=-0,0060, b=0,0140; Go to step 6!
[11.11.2015 18:29:03] Step 6: Interval is: [-0,0060 ; 0,0140]
[11.11.2015 18:29:03] Dichotomy method has been started!
[11.11.2015 18:29:03] Counting: delta = eps / 10 = 0,001
[11.11.2015 18:29:03] Step 1: counting alpha_1 = 0,0030, alpha_2 = 0,0050
[11.11.2015 18:29:03] Step 3: f(0,0030) = 0,0000 <= f(0,0050) = 0,0001; b = alpha_2 = 0,0050.
[11.11.2015 18:29:03] Step 4: (b-a)/2 = 0,0055 < eps = 0,0100; STOP SEARCHING!
[11.11.2015 18:29:03] Iter 0: Answer is in the range: [-0,0060; 0,0050]
[11.11.2015 18:29:03] Step 5: alpha_end = (a+b)/2; Minimum x* is: -0,0005
[11.11.2015 18:29:04] Step 4: Alpha = -0,000523437500000032;
[11.11.2015 18:29:04] Step 5: arguments = arguments - alpha * gradientValue = (-3,77899585272957; -3,28302270722821);
[11.11.2015 18:29:04] Step 6: k = k + 1 = 23;
[11.11.2015 18:29:04] Step 7: answer is: (-3,77899585272957; -3,28302270722821);
[11.11.2015 18:29:04] ----------------------------------
ITER 24:
----------------------------------
[11.11.2015 18:29:04] Step 1: k = 24;
[11.11.2015 18:29:04] Step 2: gradient is (0,00151124080936383, -0,0175683550754493);
[11.11.2015 18:29:04] DSK method started!
[11.11.2015 18:29:04] Step 1: f(alpha)=0,0000, f(alpha + h)=0,0000; k=0;
[11.11.2015 18:29:04] Step 3: a=-0,0105, b=0,0095; Go to step 6!
[11.11.2015 18:29:04] Step 6: Interval is: [-0,0105 ; 0,0095]
[11.11.2015 18:29:04] Dichotomy method has been started!
[11.11.2015 18:29:04] Counting: delta = eps / 10 = 0,001
[11.11.2015 18:29:04] Step 1: counting alpha_1 = -0,0015, alpha_2 = 0,0005
[11.11.2015 18:29:04] Step 3: f(-0,0015) = 0,0000 <= f(0,0005) = 0,0000; b = alpha_2 = 0,0005.
[11.11.2015 18:29:04] Step 4: (b-a)/2 = 0,0055 < eps = 0,0100; STOP SEARCHING!
[11.11.2015 18:29:04] Iter 0: Answer is in the range: [-0,0105; 0,0005]
[11.11.2015 18:29:04] Step 5: alpha_end = (a+b)/2; Minimum x* is: -0,0050
[11.11.2015 18:29:04] Step 4: Alpha = -0,00502343750000003;
[11.11.2015 18:29:04] Step 5: arguments = arguments - alpha * gradientValue = (-3,77898826110582; -3,28311096076191);
[11.11.2015 18:29:04] Step 6: k = k + 1 = 24;
[11.11.2015 18:29:04] Step 7: answer is: (-3,77898826110582; -3,28311096076191);
[11.11.2015 18:29:04] ----------------------------------
ITER 25:
----------------------------------
[11.11.2015 18:29:04] Step 1: k = 25;
[11.11.2015 18:29:04] Step 2: gradient is (-0,257022799449704, -0,224416026649044);
[11.11.2015 18:29:04] DSK method started!
[11.11.2015 18:29:04] Step 1: f(alpha)=0,0001, f(alpha + h)=0,0002; k=0;
[11.11.2015 18:29:04] Step 3: a=-0,0150, b=0,0050; Go to step 6!
[11.11.2015 18:29:04] Step 6: Interval is: [-0,0150 ; 0,0050]
[11.11.2015 18:29:04] Dichotomy method has been started!
[11.11.2015 18:29:04] Counting: delta = eps / 10 = 0,001
[11.11.2015 18:29:04] Step 1: counting alpha_1 = -0,0060, alpha_2 = -0,0040
[11.11.2015 18:29:04] Step 3: f(-0,0060) = 0,0001 > f(-0,0040) = 0,0000; a = alpha_1 = -0,0060.
[11.11.2015 18:29:04] Step 4: (b-a)/2 = 0,0055 < eps = 0,0100; STOP SEARCHING!
[11.11.2015 18:29:04] Iter 0: Answer is in the range: [-0,0060; 0,0050]
[11.11.2015 18:29:04] Step 5: alpha_end = (a+b)/2; Minimum x* is: -0,0005
[11.11.2015 18:29:05] Step 4: Alpha = -0,000523437500000033;
[11.11.2015 18:29:05] Step 5: arguments = arguments - alpha * gradientValue = (-3,7791227964774; -3,28322842852586);
[11.11.2015 18:29:05] Step 6: k = k + 1 = 25;
[11.11.2015 18:29:05] Step 7: answer is: (-3,7791227964774; -3,28322842852586);
[11.11.2015 18:29:05] ----------------------------------
ITER 26:
----------------------------------
[11.11.2015 18:29:05] Step 1: k = 26;
[11.11.2015 18:29:05] Step 2: gradient is (-0,00743650820333192, -0,0321374031190278);
[11.11.2015 18:29:05] DSK method started!
[11.11.2015 18:29:05] Step 1: f(alpha)=0,0000, f(alpha + h)=0,0000; k=0;
[11.11.2015 18:29:05] Step 3: a=-0,0105, b=0,0095; Go to step 6!
[11.11.2015 18:29:05] Step 6: Interval is: [-0,0105 ; 0,0095]
[11.11.2015 18:29:05] Dichotomy method has been started!
[11.11.2015 18:29:05] Counting: delta = eps / 10 = 0,001
[11.11.2015 18:29:05] Step 1: counting alpha_1 = -0,0015, alpha_2 = 0,0005
[11.11.2015 18:29:05] Step 3: f(-0,0015) = 0,0000 > f(0,0005) = 0,0000; a = alpha_1 = -0,0015.
[11.11.2015 18:29:05] Step 4: (b-a)/2 = 0,0055 < eps = 0,0100; STOP SEARCHING!
[11.11.2015 18:29:05] Iter 0: Answer is in the range: [-0,0015; 0,0095]
[11.11.2015 18:29:05] Step 5: alpha_end = (a+b)/2; Minimum x* is: 0,0040
[11.11.2015 18:29:05] Step 4: Alpha = 0,00397656249999997;
[11.11.2015 18:29:05] Step 5: arguments = arguments - alpha * gradientValue = (-3,77909322473775; -3,28310063213377);
[11.11.2015 18:29:05] Step 6: k = k + 1 = 26;
[11.11.2015 18:29:05] Step 7: answer is: (-3,77909322473775; -3,28310063213377);
[11.11.2015 18:29:05] ----------------------------------
ITER 27:
----------------------------------
[11.11.2015 18:29:05] Step 1: k = 27;
[11.11.2015 18:29:05] Step 2: gradient is (0,253710555331087, 0,17661616484449);
[11.11.2015 18:29:05] DSK method started!
[11.11.2015 18:29:05] Step 1: f(alpha)=0,0000, f(alpha + h)=0,0007; k=0;
[11.11.2015 18:29:05] Step 3: a=-0,0060, b=0,0140; Go to step 6!
[11.11.2015 18:29:05] Step 6: Interval is: [-0,0060 ; 0,0140]
[11.11.2015 18:29:05] Dichotomy method has been started!
[11.11.2015 18:29:05] Counting: delta = eps / 10 = 0,001
[11.11.2015 18:29:05] Step 1: counting alpha_1 = 0,0030, alpha_2 = 0,0050
[11.11.2015 18:29:05] Step 3: f(0,0030) = 0,0000 <= f(0,0050) = 0,0001; b = alpha_2 = 0,0050.
[11.11.2015 18:29:05] Step 4: (b-a)/2 = 0,0055 < eps = 0,0100; STOP SEARCHING!
[11.11.2015 18:29:05] Iter 0: Answer is in the range: [-0,0060; 0,0050]
[11.11.2015 18:29:05] Step 5: alpha_end = (a+b)/2; Minimum x* is: -0,0005
[11.11.2015 18:29:05] Step 4: Alpha = -0,000523437500000032;
[11.11.2015 18:29:06] Step 5: arguments = arguments - alpha * gradientValue = (-3,77896042311895; -3,28300818460998);
[11.11.2015 18:29:06] Step 6: k = k + 1 = 27;
[11.11.2015 18:29:06] Step 7: answer is: (-3,77896042311895; -3,28300818460998);
[11.11.2015 18:29:06] ----------------------------------
ITER 28:
----------------------------------
[11.11.2015 18:29:06] Step 1: k = 28;
[11.11.2015 18:29:06] Step 2: gradient is (0,00522002998073653, -0,0172876875697418);
[11.11.2015 18:29:06] DSK method started!
[11.11.2015 18:29:06] Step 1: f(alpha)=0,0000, f(alpha + h)=0,0000; k=0;
[11.11.2015 18:29:06] Step 3: a=-0,0105, b=0,0095; Go to step 6!
[11.11.2015 18:29:06] Step 6: Interval is: [-0,0105 ; 0,0095]
[11.11.2015 18:29:06] Dichotomy method has been started!
[11.11.2015 18:29:06] Counting: delta = eps / 10 = 0,001
[11.11.2015 18:29:06] Step 1: counting alpha_1 = -0,0015, alpha_2 = 0,0005
[11.11.2015 18:29:06] Step 3: f(-0,0015) = 0,0000 > f(0,0005) = 0,0000; a = alpha_1 = -0,0015.
[11.11.2015 18:29:06] Step 4: (b-a)/2 = 0,0055 < eps = 0,0100; STOP SEARCHING!
[11.11.2015 18:29:06] Iter 0: Answer is in the range: [-0,0015; 0,0095]
[11.11.2015 18:29:06] Step 5: alpha_end = (a+b)/2; Minimum x* is: 0,0040
[11.11.2015 18:29:06] Step 4: Alpha = 0,00397656249999997;
[11.11.2015 18:29:06] Step 5: arguments = arguments - alpha * gradientValue = (-3,77898118089442; -3,28293943903988);
[11.11.2015 18:29:06] Step 6: k = k + 1 = 28;
[11.11.2015 18:29:06] Step 7: answer is: (-3,77898118089442; -3,28293943903988);
[11.11.2015 18:29:06] ----------------------------------
ITER 29:
----------------------------------
[11.11.2015 18:29:06] Step 1: k = 29;
[11.11.2015 18:29:06] Step 2: gradient is (0,262162351660325, 0,187647630610727);
[11.11.2015 18:29:06] DSK method started!
[11.11.2015 18:29:06] Step 1: f(alpha)=0,0000, f(alpha + h)=0,0007; k=0;
[11.11.2015 18:29:06] Step 3: a=-0,0060, b=0,0140; Go to step 6!
[11.11.2015 18:29:06] Step 6: Interval is: [-0,0060 ; 0,0140]
[11.11.2015 18:29:06] Dichotomy method has been started!
[11.11.2015 18:29:06] Counting: delta = eps / 10 = 0,001
[11.11.2015 18:29:06] Step 1: counting alpha_1 = 0,0030, alpha_2 = 0,0050
[11.11.2015 18:29:06] Step 3: f(0,0030) = 0,0000 <= f(0,0050) = 0,0001; b = alpha_2 = 0,0050.
[11.11.2015 18:29:06] Step 4: (b-a)/2 = 0,0055 < eps = 0,0100; STOP SEARCHING!
[11.11.2015 18:29:06] Iter 0: Answer is in the range: [-0,0060; 0,0050]
[11.11.2015 18:29:06] Step 5: alpha_end = (a+b)/2; Minimum x* is: -0,0005
[11.11.2015 18:29:06] Step 4: Alpha = -0,000523437500000032;
[11.11.2015 18:29:06] Step 5: arguments = arguments - alpha * gradientValue = (-3,77884395528847; -3,28284121723323);
[11.11.2015 18:29:06] Step 6: k = k + 1 = 29;
[11.11.2015 18:29:06] Step 7: answer is: (-3,77884395528847; -3,28284121723323);
[11.11.2015 18:29:06] ----------------------------------
ITER 30:
----------------------------------
[11.11.2015 18:29:07] Step 1: k = 30;
[11.11.2015 18:29:07] Step 2: gradient is (0,0140432412749018, -0,00584515390248371);
[11.11.2015 18:29:07] DSK method started!
[11.11.2015 18:29:07] Step 1: f(alpha)=0,0000, f(alpha + h)=0,0000; k=0;
[11.11.2015 18:29:07] Step 2: a=-0,0005, alpha1=0,0095, k=2; Go to step 4!
[11.11.2015 18:29:07] Step 4: alphak=0,0195
[11.11.2015 18:29:07] Step 5: h > 0; a=alpha(k-1)=0,0095
[11.11.2015 18:29:07] k = k + 1 = 3; Go to step 4!
[11.11.2015 18:29:07] Step 4: alphak=0,0395
[11.11.2015 18:29:07] Step 5: h > 0; b=alphak=0,0395
[11.11.2015 18:29:07] Step 6: Interval is: [0,0095 ; 0,0395]
[11.11.2015 18:29:07] Dichotomy method has been started!
[11.11.2015 18:29:07] Counting: delta = eps / 10 = 0,001
[11.11.2015 18:29:07] Step 1: counting alpha_1 = 0,0235, alpha_2 = 0,0255
[11.11.2015 18:29:07] Step 3: f(0,0235) = 0,0000 <= f(0,0255) = 0,0000; b = alpha_2 = 0,0255.
[11.11.2015 18:29:07] Step 4: (b-a)/2 = 0,0080 < eps = 0,0100; STOP SEARCHING!
[11.11.2015 18:29:07] Iter 0: Answer is in the range: [0,0095; 0,0255]
[11.11.2015 18:29:07] Step 5: alpha_end = (a+b)/2; Minimum x* is: 0,0175
[11.11.2015 18:29:07] Step 4: Alpha = 0,0174765625;
[11.11.2015 18:29:07] Step 5: arguments = arguments - alpha * gradientValue = (-3,77908938287231; -3,28273906403573);
[11.11.2015 18:29:07] Step 6: k = k + 1 = 30;
[11.11.2015 18:29:07] Step 7: answer is: (-3,77908938287231; -3,28273906403573);
[11.11.2015 18:29:07] ----------------------------------
ITER 31:
----------------------------------
[11.11.2015 18:29:07] Step 1: k = 31;
[11.11.2015 18:29:07] Step 2: gradient is (1,02424195571537, 0,799899907134511);
[11.11.2015 18:29:07] DSK method started!
[11.11.2015 18:29:07] Step 1: f(alpha)=0,0196, f(alpha + h)=0,0492; k=0;
[11.11.2015 18:29:07] Step 3: b=0,0175, alpha1=0,0275, h=-0,0100, k=2.
[11.11.2015 18:29:07] Step 4: alphak=-0,0025
[11.11.2015 18:29:07] Step 5: h > 0; b=alpha(k-1)=0,0075
[11.11.2015 18:29:07] k = k + 1 = 3; Go to step 4!
[11.11.2015 18:29:07] Step 4: alphak=-0,0225
[11.11.2015 18:29:07] Step 5: h < 0; a=alphak-0,0225
[11.11.2015 18:29:07] Step 6: Interval is: [-0,0225 ; 0,0075]
[11.11.2015 18:29:07] Dichotomy method has been started!
[11.11.2015 18:29:07] Counting: delta = eps / 10 = 0,001
[11.11.2015 18:29:08] Step 1: counting alpha_1 = -0,0085, alpha_2 = -0,0065
[11.11.2015 18:29:08] Step 3: f(-0,0085) = 0,0051 > f(-0,0065) = 0,0031; a = alpha_1 = -0,0085.
[11.11.2015 18:29:08] Step 4: (b-a)/2 = 0,0080 < eps = 0,0100; STOP SEARCHING!
[11.11.2015 18:29:08] Iter 0: Answer is in the range: [-0,0085; 0,0075]
[11.11.2015 18:29:08] Step 5: alpha_end = (a+b)/2; Minimum x* is: -0,0005
[11.11.2015 18:29:08] Step 4: Alpha = -0,000523437500000031;
[11.11.2015 18:29:08] Step 5: arguments = arguments - alpha * gradientValue = (-3,77855325622362; -3,28232036642809);
[11.11.2015 18:29:08] Step 6: k = k + 1 = 31;
[11.11.2015 18:29:08] Step 7: answer is: (-3,77855325622362; -3,28232036642809);
[11.11.2015 18:29:08] ----------------------------------
ITER 32:
----------------------------------
[11.11.2015 18:29:08] Step 1: k = 32;
[11.11.2015 18:29:08] Step 2: gradient is (0,0331209499249172, 0,0318878919758071);
[11.11.2015 18:29:08] DSK method started!
[11.11.2015 18:29:08] Step 1: f(alpha)=0,0000, f(alpha + h)=0,0000; k=0;
[11.11.2015 18:29:08] Step 2: a=-0,0005, alpha1=0,0095, k=2; Go to step 4!
[11.11.2015 18:29:08] Step 4: alphak=0,0195
[11.11.2015 18:29:08] Step 5: h > 0; a=alpha(k-1)=0,0095
[11.11.2015 18:29:08] k = k + 1 = 3; Go to step 4!
[11.11.2015 18:29:08] Step 4: alphak=0,0395
[11.11.2015 18:29:08] Step 5: h > 0; b=alphak=0,0395
[11.11.2015 18:29:08] Step 6: Interval is: [0,0095 ; 0,0395]
[11.11.2015 18:29:08] Dichotomy method has been started!
[11.11.2015 18:29:08] Counting: delta = eps / 10 = 0,001
[11.11.2015 18:29:08] Step 1: counting alpha_1 = 0,0235, alpha_2 = 0,0255
[11.11.2015 18:29:08] Step 3: f(0,0235) = 0,0000 > f(0,0255) = 0,0000; a = alpha_1 = 0,0235.
[11.11.2015 18:29:08] Step 4: (b-a)/2 = 0,0080 < eps = 0,0100; STOP SEARCHING!
[11.11.2015 18:29:08] Iter 0: Answer is in the range: [0,0235; 0,0395]
[11.11.2015 18:29:08] Step 5: alpha_end = (a+b)/2; Minimum x* is: 0,0315
[11.11.2015 18:29:08] Step 4: Alpha = 0,0314765625;
[11.11.2015 18:29:08] Step 5: arguments = arguments - alpha * gradientValue = (-3,77959578987399; -3,28332408765286);
[11.11.2015 18:29:08] Step 6: k = k + 1 = 32;
[11.11.2015 18:29:08] Step 7: answer is: (-3,77959578987399; -3,28332408765286);
[11.11.2015 18:29:08] ----------------------------------
ITER 33:
----------------------------------
[11.11.2015 18:29:08] Step 1: k = 33;
[11.11.2015 18:29:08] Step 2: gradient is (1,78596984235928, 1,37171254601625);
[11.11.2015 18:29:08] DSK method started!
[11.11.2015 18:29:08] Step 1: f(alpha)=0,2025, f(alpha + h)=0,3527; k=0;
[11.11.2015 18:29:09] Step 3: b=0,0315, alpha1=0,0415, h=-0,0100, k=2.
[11.11.2015 18:29:09] Step 4: alphak=0,0115
[11.11.2015 18:29:09] Step 5: h > 0; b=alpha(k-1)=0,0215
[11.11.2015 18:29:09] k = k + 1 = 3; Go to step 4!
[11.11.2015 18:29:09] Step 4: alphak=-0,0085
[11.11.2015 18:29:09] Step 5: h > 0; b=alpha(k-1)=0,0115
[11.11.2015 18:29:09] k = k + 1 = 4; Go to step 4!
[11.11.2015 18:29:09] Step 4: alphak=-0,0485
[11.11.2015 18:29:09] Step 5: h < 0; a=alphak-0,0485
[11.11.2015 18:29:09] Step 6: Interval is: [-0,0485 ; 0,0115]
[11.11.2015 18:29:09] Dichotomy method has been started!
[11.11.2015 18:29:09] Counting: delta = eps / 10 = 0,001
[11.11.2015 18:29:09] Step 1: counting alpha_1 = -0,0195, alpha_2 = -0,0175
[11.11.2015 18:29:09] Step 3: f(-0,0195) = 0,0741 > f(-0,0175) = 0,0596; a = alpha_1 = -0,0195.
[11.11.2015 18:29:09] Iter 0: Answer is in the range: [-0,0195; 0,0115]
[11.11.2015 18:29:09] Step 1: counting alpha_1 = -0,0050, alpha_2 = -0,0030
[11.11.2015 18:29:09] Step 3: f(-0,0050) = 0,0047 > f(-0,0030) = 0,0016; a = alpha_1 = -0,0050.
[11.11.2015 18:29:09] Step 4: (b-a)/2 = 0,0083 < eps = 0,0100; STOP SEARCHING!
[11.11.2015 18:29:09] Iter 1: Answer is in the range: [-0,0050; 0,0115]
[11.11.2015 18:29:09] Step 5: alpha_end = (a+b)/2; Minimum x* is: 0,0032
[11.11.2015 18:29:09] Step 4: Alpha = 0,00322656249999997;
[11.11.2015 18:29:09] Step 5: arguments = arguments - alpha * gradientValue = (-3,78535833319348; -3,28775000391462);
[11.11.2015 18:29:09] Step 6: k = k + 1 = 33;
[11.11.2015 18:29:09] Step 7: answer is: (-3,78535833319348; -3,28775000391462);
[11.11.2015 18:29:09] ----------------------------------
ITER 34:
----------------------------------
[11.11.2015 18:29:09] Step 1: k = 34;
[11.11.2015 18:29:09] Step 2: gradient is (-0,387489801147396, -0,0897308941704168);
[11.11.2015 18:29:09] DSK method started!
[11.11.2015 18:29:09] Step 1: f(alpha)=0,0016, f(alpha + h)=0,0005; k=0;
[11.11.2015 18:29:09] Step 2: a=0,0032, alpha1=0,0132, k=2; Go to step 4!
[11.11.2015 18:29:09] Step 4: alphak=0,0232
[11.11.2015 18:29:09] Step 5: h > 0; b=alphak=0,0232
[11.11.2015 18:29:09] Step 6: Interval is: [0,0032 ; 0,0232]
[11.11.2015 18:29:09] Dichotomy method has been started!
[11.11.2015 18:29:09] Counting: delta = eps / 10 = 0,001
[11.11.2015 18:29:09] Step 1: counting alpha_1 = 0,0122, alpha_2 = 0,0142
[11.11.2015 18:29:09] Step 3: f(0,0122) = 0,0005 > f(0,0142) = 0,0004; a = alpha_1 = 0,0122.
[11.11.2015 18:29:09] Step 4: (b-a)/2 = 0,0055 < eps = 0,0100; STOP SEARCHING!
[11.11.2015 18:29:09] Iter 0: Answer is in the range: [0,0122; 0,0232]
[11.11.2015 18:29:10] Step 5: alpha_end = (a+b)/2; Minimum x* is: 0,0177
[11.11.2015 18:29:10] Step 4: Alpha = 0,0177265625;
[11.11.2015 18:29:10] Step 5: arguments = arguments - alpha * gradientValue = (-3,77848947101532; -3,28615938361093);
[11.11.2015 18:29:10] Step 6: k = k + 1 = 34;
[11.11.2015 18:29:10] Step 7: answer is: (-3,77848947101532; -3,28615938361093);
[11.11.2015 18:29:10] ----------------------------------
ITER 35:
----------------------------------
[11.11.2015 18:29:10] Step 1: k = 35;
[11.11.2015 18:29:10] Step 2: gradient is (1,20438913891972, 0,494129127100124);
[11.11.2015 18:29:10] DSK method started!
[11.11.2015 18:29:10] Step 1: f(alpha)=0,0239, f(alpha + h)=0,0591; k=0;
[11.11.2015 18:29:10] Step 3: b=0,0177, alpha1=0,0277, h=-0,0100, k=2.
[11.11.2015 18:29:10] Step 4: alphak=-0,0023
[11.11.2015 18:29:10] Step 5: h > 0; b=alpha(k-1)=0,0077
[11.11.2015 18:29:10] k = k + 1 = 3; Go to step 4!
[11.11.2015 18:29:10] Step 4: alphak=-0,0223
[11.11.2015 18:29:10] Step 5: h < 0; a=alphak-0,0223
[11.11.2015 18:29:10] Step 6: Interval is: [-0,0223 ; 0,0077]
[11.11.2015 18:29:10] Dichotomy method has been started!
[11.11.2015 18:29:10] Counting: delta = eps / 10 = 0,001
[11.11.2015 18:29:10] Step 1: counting alpha_1 = -0,0083, alpha_2 = -0,0063
[11.11.2015 18:29:10] Step 3: f(-0,0083) = 0,0065 > f(-0,0063) = 0,0040; a = alpha_1 = -0,0083.
[11.11.2015 18:29:10] Step 4: (b-a)/2 = 0,0080 < eps = 0,0100; STOP SEARCHING!
[11.11.2015 18:29:10] Iter 0: Answer is in the range: [-0,0083; 0,0077]
[11.11.2015 18:29:10] Step 5: alpha_end = (a+b)/2; Minimum x* is: -0,0003
[11.11.2015 18:29:10] Step 4: Alpha = -0,000273437500000027;
[11.11.2015 18:29:10] Step 5: arguments = arguments - alpha * gradientValue = (-3,77816014586015; -3,28602427017774);
[11.11.2015 18:29:10] Step 6: k = k + 1 = 35;
[11.11.2015 18:29:10] Step 7: answer is: (-3,77816014586015; -3,28602427017774);
[11.11.2015 18:29:10] ----------------------------------
ITER 36:
----------------------------------
[11.11.2015 18:29:10] Step 1: k = 36;
[11.11.2015 18:29:10] Step 2: gradient is (0,197961229520891, -0,295347986250776);
[11.11.2015 18:29:10] DSK method started!
[11.11.2015 18:29:10] Step 1: f(alpha)=0,0006, f(alpha + h)=0,0000; k=0;
[11.11.2015 18:29:10] Step 2: a=-0,0003, alpha1=0,0097, k=2; Go to step 4!
[11.11.2015 18:29:10] Step 4: alphak=0,0197
[11.11.2015 18:29:10] Step 5: h > 0; b=alphak=0,0197
[11.11.2015 18:29:10] Step 6: Interval is: [-0,0003 ; 0,0197]
[11.11.2015 18:29:10] Dichotomy method has been started!
[11.11.2015 18:29:11] Counting: delta = eps / 10 = 0,001
[11.11.2015 18:29:11] Step 1: counting alpha_1 = 0,0087, alpha_2 = 0,0107
[11.11.2015 18:29:11] Step 3: f(0,0087) = 0,0000 <= f(0,0107) = 0,0001; b = alpha_2 = 0,0107.
[11.11.2015 18:29:11] Step 4: (b-a)/2 = 0,0055 < eps = 0,0100; STOP SEARCHING!
[11.11.2015 18:29:11] Iter 0: Answer is in the range: [-0,0003; 0,0107]
[11.11.2015 18:29:11] Step 5: alpha_end = (a+b)/2; Minimum x* is: 0,0052
[11.11.2015 18:29:11] Step 4: Alpha = 0,00522656249999997;
[11.11.2015 18:29:11] Step 5: arguments = arguments - alpha * gradientValue = (-3,77919480259882; -3,28448061546835);
[11.11.2015 18:29:11] Step 6: k = k + 1 = 36;
[11.11.2015 18:29:11] Step 7: answer is: (-3,77919480259882; -3,28448061546835);
[11.11.2015 18:29:11] ----------------------------------
ITER 37:
----------------------------------
[11.11.2015 18:29:11] Step 1: k = 37;
[11.11.2015 18:29:11] Step 2: gradient is (0,35337892445628, 0,112932026875358);
[11.11.2015 18:29:11] DSK method started!
[11.11.2015 18:29:11] Step 1: f(alpha)=0,0002, f(alpha + h)=0,0016; k=0;
[11.11.2015 18:29:11] Step 3: a=-0,0048, b=0,0152; Go to step 6!
[11.11.2015 18:29:11] Step 6: Interval is: [-0,0048 ; 0,0152]
[11.11.2015 18:29:11] Dichotomy method has been started!
[11.11.2015 18:29:11] Counting: delta = eps / 10 = 0,001
[11.11.2015 18:29:11] Step 1: counting alpha_1 = 0,0042, alpha_2 = 0,0062
[11.11.2015 18:29:11] Step 3: f(0,0042) = 0,0002 <= f(0,0062) = 0,0003; b = alpha_2 = 0,0062.
[11.11.2015 18:29:11] Step 4: (b-a)/2 = 0,0055 < eps = 0,0100; STOP SEARCHING!
[11.11.2015 18:29:11] Iter 0: Answer is in the range: [-0,0048; 0,0062]
[11.11.2015 18:29:11] Step 5: alpha_end = (a+b)/2; Minimum x* is: 0,0007
[11.11.2015 18:29:11] Step 4: Alpha = 0,000726562499999974;
[11.11.2015 18:29:11] Step 5: arguments = arguments - alpha * gradientValue = (-3,77945155447362; -3,28456266764412);
[11.11.2015 18:29:11] Step 6: k = k + 1 = 37;
[11.11.2015 18:29:11] Step 7: answer is: (-3,77945155447362; -3,28456266764412);
[11.11.2015 18:29:11] ----------------------------------
ITER 38:
----------------------------------
[11.11.2015 18:29:11] Step 1: k = 38;
[11.11.2015 18:29:11] Step 2: gradient is (0,0646980558340882, -0,0854662245530139);
[11.11.2015 18:29:11] DSK method started!
[11.11.2015 18:29:11] Step 1: f(alpha)=0,0001, f(alpha + h)=0,0000; k=0;
[11.11.2015 18:29:11] Step 2: a=0,0007, alpha1=0,0107, k=2; Go to step 4!
[11.11.2015 18:29:11] Step 4: alphak=0,0207
[11.11.2015 18:29:11] Step 5: h > 0; b=alphak=0,0207
[11.11.2015 18:29:11] Step 6: Interval is: [0,0007 ; 0,0207]
[11.11.2015 18:29:12] Dichotomy method has been started!
[11.11.2015 18:29:12] Counting: delta = eps / 10 = 0,001
[11.11.2015 18:29:12] Step 1: counting alpha_1 = 0,0097, alpha_2 = 0,0117
[11.11.2015 18:29:12] Step 3: f(0,0097) = 0,0000 <= f(0,0117) = 0,0000; b = alpha_2 = 0,0117.
[11.11.2015 18:29:12] Step 4: (b-a)/2 = 0,0055 < eps = 0,0100; STOP SEARCHING!
[11.11.2015 18:29:12] Iter 0: Answer is in the range: [0,0007; 0,0117]
[11.11.2015 18:29:12] Step 5: alpha_end = (a+b)/2; Minimum x* is: 0,0062
[11.11.2015 18:29:12] Step 4: Alpha = 0,00622656249999997;
[11.11.2015 18:29:12] Step 5: arguments = arguments - alpha * gradientValue = (-3,7798544009619; -3,2840305068553);
[11.11.2015 18:29:12] Step 6: k = k + 1 = 38;
[11.11.2015 18:29:12] Step 7: answer is: (-3,7798544009619; -3,2840305068553);
[11.11.2015 18:29:12] ----------------------------------
ITER 39:
----------------------------------
[11.11.2015 18:29:12] Step 1: k = 39;
[11.11.2015 18:29:12] Step 2: gradient is (0,322106180671964, 0,215221230647821);
[11.11.2015 18:29:12] DSK method started!
[11.11.2015 18:29:12] Step 1: f(alpha)=0,0004, f(alpha + h)=0,0021; k=0;
[11.11.2015 18:29:12] Step 3: b=0,0062, alpha1=0,0162, h=-0,0100, k=2.
[11.11.2015 18:29:12] Step 4: alphak=-0,0138
[11.11.2015 18:29:12] Step 5: h < 0; a=alphak-0,0138
[11.11.2015 18:29:12] Step 6: Interval is: [-0,0138 ; 0,0062]
[11.11.2015 18:29:12] Dichotomy method has been started!
[11.11.2015 18:29:12] Counting: delta = eps / 10 = 0,001
[11.11.2015 18:29:12] Step 1: counting alpha_1 = -0,0048, alpha_2 = -0,0028
[11.11.2015 18:29:12] Step 3: f(-0,0048) = 0,0001 > f(-0,0028) = 0,0000; a = alpha_1 = -0,0048.
[11.11.2015 18:29:12] Step 4: (b-a)/2 = 0,0055 < eps = 0,0100; STOP SEARCHING!
[11.11.2015 18:29:12] Iter 0: Answer is in the range: [-0,0048; 0,0062]
[11.11.2015 18:29:12] Step 5: alpha_end = (a+b)/2; Minimum x* is: 0,0007
[11.11.2015 18:29:12] Step 4: Alpha = 0,000726562499999974;
[11.11.2015 18:29:12] Step 5: arguments = arguments - alpha * gradientValue = (-3,78008843123379; -3,2841868785307);
[11.11.2015 18:29:12] Step 6: k = k + 1 = 39;
[11.11.2015 18:29:12] Step 7: answer is: (-3,78008843123379; -3,2841868785307);
[11.11.2015 18:29:12] ----------------------------------
ITER 40:
----------------------------------
[11.11.2015 18:29:12] Step 1: k = 40;
[11.11.2015 18:29:12] Step 2: gradient is (-0,0199692444952065, -0,0342898776725409);
[11.11.2015 18:29:12] DSK method started!
[11.11.2015 18:29:13] Step 1: f(alpha)=0,0001, f(alpha + h)=0,0000; k=0;
[11.11.2015 18:29:13] Step 2: a=0,0007, alpha1=0,0107, k=2; Go to step 4!
[11.11.2015 18:29:13] Step 4: alphak=0,0207
[11.11.2015 18:29:13] Step 5: h > 0; a=alpha(k-1)=0,0107
[11.11.2015 18:29:13] k = k + 1 = 3; Go to step 4!
[11.11.2015 18:29:13] Step 4: alphak=0,0407
[11.11.2015 18:29:13] Step 5: h > 0; a=alpha(k-1)=0,0207
[11.11.2015 18:29:13] k = k + 1 = 4; Go to step 4!
[11.11.2015 18:29:13] Step 4: alphak=0,0807
[11.11.2015 18:29:13] Step 5: h > 0; b=alphak=0,0807
[11.11.2015 18:29:13] Step 6: Interval is: [0,0207 ; 0,0807]
[11.11.2015 18:29:13] Dichotomy method has been started!
[11.11.2015 18:29:13] Counting: delta = eps / 10 = 0,001
[11.11.2015 18:29:13] Step 1: counting alpha_1 = 0,0497, alpha_2 = 0,0517
[11.11.2015 18:29:13] Step 3: f(0,0497) = 0,0000 <= f(0,0517) = 0,0000; b = alpha_2 = 0,0517.
[11.11.2015 18:29:13] Iter 0: Answer is in the range: [0,0207; 0,0517]
[11.11.2015 18:29:13] Step 1: counting alpha_1 = 0,0352, alpha_2 = 0,0372
[11.11.2015 18:29:13] Step 3: f(0,0352) = 0,0000 <= f(0,0372) = 0,0000; b = alpha_2 = 0,0372.
[11.11.2015 18:29:13] Step 4: (b-a)/2 = 0,0083 < eps = 0,0100; STOP SEARCHING!
[11.11.2015 18:29:13] Iter 1: Answer is in the range: [0,0207; 0,0372]
[11.11.2015 18:29:13] Step 5: alpha_end = (a+b)/2; Minimum x* is: 0,0290
[11.11.2015 18:29:13] Step 4: Alpha = 0,0289765625;
[11.11.2015 18:29:13] Step 5: arguments = arguments - alpha * gradientValue = (-3,7795097911726; -3,2831932757472);
[11.11.2015 18:29:13] Step 6: k = k + 1 = 40;
[11.11.2015 18:29:13] Step 7: answer is: (-3,7795097911726; -3,2831932757472);
[11.11.2015 18:29:13] ----------------------------------
ITER 41:
----------------------------------
[11.11.2015 18:29:13] Step 1: k = 41;
[11.11.2015 18:29:13] Step 2: gradient is (1,64908412236173, 1,27235453915138);
[11.11.2015 18:29:13] DSK method started!
[11.11.2015 18:29:13] Step 1: f(alpha)=0,1459, f(alpha + h)=0,2648; k=0;
[11.11.2015 18:29:13] Step 3: b=0,0290, alpha1=0,0390, h=-0,0100, k=2.
[11.11.2015 18:29:13] Step 4: alphak=0,0090
[11.11.2015 18:29:13] Step 5: h > 0; b=alpha(k-1)=0,0190
[11.11.2015 18:29:14] k = k + 1 = 3; Go to step 4!
[11.11.2015 18:29:14] Step 4: alphak=-0,0110
[11.11.2015 18:29:14] Step 5: h < 0; a=alphak-0,0110
[11.11.2015 18:29:14] Step 6: Interval is: [-0,0110 ; 0,0190]
[11.11.2015 18:29:14] Dichotomy method has been started!
[11.11.2015 18:29:14] Counting: delta = eps / 10 = 0,001
[11.11.2015 18:29:14] Step 1: counting alpha_1 = 0,0030, alpha_2 = 0,0050
[11.11.2015 18:29:14] Step 3: f(0,0030) = 0,0016 <= f(0,0050) = 0,0044; b = alpha_2 = 0,0050.
[11.11.2015 18:29:14] Step 4: (b-a)/2 = 0,0080 < eps = 0,0100; STOP SEARCHING!
[11.11.2015 18:29:14] Iter 0: Answer is in the range: [-0,0110; 0,0050]
[11.11.2015 18:29:14] Step 5: alpha_end = (a+b)/2; Minimum x* is: -0,0030
[11.11.2015 18:29:14] Step 4: Alpha = -0,00302343750000002;
[11.11.2015 18:29:14] Step 5: arguments = arguments - alpha * gradientValue = (-3,7745238883964; -3,27934639132024);
[11.11.2015 18:29:14] Step 6: k = k + 1 = 41;
[11.11.2015 18:29:14] Step 7: answer is: (-3,7745238883964; -3,27934639132024);
[11.11.2015 18:29:14] ----------------------------------
ITER 42:
----------------------------------
[11.11.2015 18:29:14] Step 1: k = 42;
[11.11.2015 18:29:14] Step 2: gradient is (0,271818781476142, 0,0700316007440975);
[11.11.2015 18:29:14] DSK method started!
[11.11.2015 18:29:14] Step 1: f(alpha)=0,0019, f(alpha + h)=0,0007; k=0;
[11.11.2015 18:29:14] Step 2: a=-0,0030, alpha1=0,0070, k=2; Go to step 4!
[11.11.2015 18:29:14] Step 4: alphak=0,0170
[11.11.2015 18:29:14] Step 5: h > 0; a=alpha(k-1)=0,0070
[11.11.2015 18:29:14] k = k + 1 = 3; Go to step 4!
[11.11.2015 18:29:14] Step 4: alphak=0,0370
[11.11.2015 18:29:14] Step 5: h > 0; b=alphak=0,0370
[11.11.2015 18:29:14] Step 6: Interval is: [0,0070 ; 0,0370]
[11.11.2015 18:29:14] Dichotomy method has been started!
[11.11.2015 18:29:14] Counting: delta = eps / 10 = 0,001
[11.11.2015 18:29:14] Step 1: counting alpha_1 = 0,0210, alpha_2 = 0,0230
[11.11.2015 18:29:14] Step 3: f(0,0210) = 0,0004 <= f(0,0230) = 0,0004; b = alpha_2 = 0,0230.
[11.11.2015 18:29:14] Step 4: (b-a)/2 = 0,0080 < eps = 0,0100; STOP SEARCHING!
[11.11.2015 18:29:14] Iter 0: Answer is in the range: [0,0070; 0,0230]
[11.11.2015 18:29:14] Step 5: alpha_end = (a+b)/2; Minimum x* is: 0,0150
[11.11.2015 18:29:15] Step 4: Alpha = 0,0149765625;
[11.11.2015 18:29:15] Step 5: arguments = arguments - alpha * gradientValue = (-3,77859479936585; -3,28039522396575);
[11.11.2015 18:29:15] Step 6: k = k + 1 = 42;
[11.11.2015 18:29:15] Step 7: answer is: (-3,77859479936585; -3,28039522396575);
[11.11.2015 18:29:15] ----------------------------------
ITER 43:
----------------------------------
[11.11.2015 18:29:15] Step 1: k = 43;
[11.11.2015 18:29:15] Step 2: gradient is (0,871183434173837, 0,881892869978202);
[11.11.2015 18:29:15] DSK method started!
[11.11.2015 18:29:15] Step 1: f(alpha)=0,0100, f(alpha + h)=0,0308; k=0;
[11.11.2015 18:29:15] Step 3: b=0,0150, alpha1=0,0250, h=-0,0100, k=2.
[11.11.2015 18:29:15] Step 4: alphak=-0,0050
[11.11.2015 18:29:15] Step 5: h < 0; a=alphak-0,0050
[11.11.2015 18:29:15] Step 6: Interval is: [-0,0050 ; 0,0150]
[11.11.2015 18:29:15] Dichotomy method has been started!
[11.11.2015 18:29:15] Counting: delta = eps / 10 = 0,001
[11.11.2015 18:29:15] Step 1: counting alpha_1 = 0,0040, alpha_2 = 0,0060
[11.11.2015 18:29:15] Step 3: f(0,0040) = 0,0004 <= f(0,0060) = 0,0011; b = alpha_2 = 0,0060.
[11.11.2015 18:29:15] Step 4: (b-a)/2 = 0,0055 < eps = 0,0100; STOP SEARCHING!
[11.11.2015 18:29:15] Iter 0: Answer is in the range: [-0,0050; 0,0060]
[11.11.2015 18:29:15] Step 5: alpha_end = (a+b)/2; Minimum x* is: 0,0005
[11.11.2015 18:29:15] Step 4: Alpha = 0,000476562499999977;
[11.11.2015 18:29:15] Step 5: arguments = arguments - alpha * gradientValue = (-3,7790099727212; -3,2808155010366);
[11.11.2015 18:29:15] Step 6: k = k + 1 = 43;
[11.11.2015 18:29:15] Step 7: answer is: (-3,7790099727212; -3,2808155010366);
[11.11.2015 18:29:15] ----------------------------------
ITER 44:
----------------------------------
[11.11.2015 18:29:15] Step 1: k = 44;
[11.11.2015 18:29:15] Step 2: gradient is (-0,00434781782286252, 0,221435185602459);
[11.11.2015 18:29:15] DSK method started!
[11.11.2015 18:29:15] Step 1: f(alpha)=0,0002, f(alpha + h)=0,0000; k=0;
[11.11.2015 18:29:15] Step 2: a=0,0005, alpha1=0,0105, k=2; Go to step 4!
[11.11.2015 18:29:15] Step 4: alphak=0,0205
[11.11.2015 18:29:15] Step 5: h > 0; b=alphak=0,0205
[11.11.2015 18:29:15] Step 6: Interval is: [0,0005 ; 0,0205]
[11.11.2015 18:29:16] Dichotomy method has been started!
[11.11.2015 18:29:16] Counting: delta = eps / 10 = 0,001
[11.11.2015 18:29:16] Step 1: counting alpha_1 = 0,0095, alpha_2 = 0,0115
[11.11.2015 18:29:16] Step 3: f(0,0095) = 0,0000 <= f(0,0115) = 0,0000; b = alpha_2 = 0,0115.
[11.11.2015 18:29:16] Step 4: (b-a)/2 = 0,0055 < eps = 0,0100; STOP SEARCHING!
[11.11.2015 18:29:16] Iter 0: Answer is in the range: [0,0005; 0,0115]
[11.11.2015 18:29:16] Step 5: alpha_end = (a+b)/2; Minimum x* is: 0,0060
[11.11.2015 18:29:16] Step 4: Alpha = 0,00597656249999998;
[11.11.2015 18:29:16] Step 5: arguments = arguments - alpha * gradientValue = (-3,77898398771624; -3,28213892226306);
[11.11.2015 18:29:16] Step 6: k = k + 1 = 44;
[11.11.2015 18:29:16] Step 7: answer is: (-3,77898398771624; -3,28213892226306);
[11.11.2015 18:29:16] ----------------------------------
ITER 45:
----------------------------------
[11.11.2015 18:29:16] Step 1: k = 45;
[11.11.2015 18:29:16] Step 2: gradient is (0,355170830378572, 0,346087091426654);
[11.11.2015 18:29:16] DSK method started!
[11.11.2015 18:29:16] Step 1: f(alpha)=0,0002, f(alpha + h)=0,0019; k=0;
[11.11.2015 18:29:16] Step 3: a=-0,0040, b=0,0160; Go to step 6!
[11.11.2015 18:29:16] Step 6: Interval is: [-0,0040 ; 0,0160]
[11.11.2015 18:29:16] Dichotomy method has been started!
[11.11.2015 18:29:16] Counting: delta = eps / 10 = 0,001
[11.11.2015 18:29:16] Step 1: counting alpha_1 = 0,0050, alpha_2 = 0,0070
[11.11.2015 18:29:16] Step 3: f(0,0050) = 0,0001 <= f(0,0070) = 0,0003; b = alpha_2 = 0,0070.
[11.11.2015 18:29:16] Step 4: (b-a)/2 = 0,0055 < eps = 0,0100; STOP SEARCHING!
[11.11.2015 18:29:16] Iter 0: Answer is in the range: [-0,0040; 0,0070]
[11.11.2015 18:29:16] Step 5: alpha_end = (a+b)/2; Minimum x* is: 0,0015
[11.11.2015 18:29:16] Step 4: Alpha = 0,00147656249999998;
[11.11.2015 18:29:16] Step 5: arguments = arguments - alpha * gradientValue = (-3,77950841964547; -3,28264994148399);
[11.11.2015 18:29:16] Step 6: k = k + 1 = 45;
[11.11.2015 18:29:16] Step 7: answer is: (-3,77950841964547; -3,28264994148399);
[11.11.2015 18:29:16] ----------------------------------
ITER 46:
----------------------------------
[11.11.2015 18:29:16] Step 1: k = 46;
[11.11.2015 18:29:17] Step 2: gradient is (0,0476335977281266, 0,117966076199271);
[11.11.2015 18:29:17] DSK method started!
[11.11.2015 18:29:17] Step 1: f(alpha)=0,0000, f(alpha + h)=0,0000; k=0;
[11.11.2015 18:29:17] Step 3: a=-0,0085, b=0,0115; Go to step 6!
[11.11.2015 18:29:17] Step 6: Interval is: [-0,0085 ; 0,0115]
[11.11.2015 18:29:17] Dichotomy method has been started!
[11.11.2015 18:29:17] Counting: delta = eps / 10 = 0,001
[11.11.2015 18:29:17] Step 1: counting alpha_1 = 0,0005, alpha_2 = 0,0025
[11.11.2015 18:29:17] Step 3: f(0,0005) = 0,0000 > f(0,0025) = 0,0000; a = alpha_1 = 0,0005.
[11.11.2015 18:29:17] Step 4: (b-a)/2 = 0,0055 < eps = 0,0100; STOP SEARCHING!
[11.11.2015 18:29:17] Iter 0: Answer is in the range: [0,0005; 0,0115]
[11.11.2015 18:29:17] Step 5: alpha_end = (a+b)/2; Minimum x* is: 0,0060
[11.11.2015 18:29:17] Step 4: Alpha = 0,00597656249999998;
[11.11.2015 18:29:17] Step 5: arguments = arguments - alpha * gradientValue = (-3,77979310481939; -3,28335497311128);
[11.11.2015 18:29:17] Step 6: k = k + 1 = 46;
[11.11.2015 18:29:17] Step 7: answer is: (-3,77979310481939; -3,28335497311128);
[11.11.2015 18:29:17] ----------------------------------
ITER 47:
----------------------------------
[11.11.2015 18:29:17] Step 1: k = 47;
[11.11.2015 18:29:17] Step 2: gradient is (0,29564759400995, 0,26196475387772);
[11.11.2015 18:29:17] DSK method started!
[11.11.2015 18:29:17] Step 1: f(alpha)=0,0003, f(alpha + h)=0,0018; k=0;
[11.11.2015 18:29:17] Step 3: b=0,0060, alpha1=0,0160, h=-0,0100, k=2.
[11.11.2015 18:29:17] Step 4: alphak=-0,0140
[11.11.2015 18:29:17] Step 5: h < 0; a=alphak-0,0140
[11.11.2015 18:29:17] Step 6: Interval is: [-0,0140 ; 0,0060]
[11.11.2015 18:29:17] Dichotomy method has been started!
[11.11.2015 18:29:17] Counting: delta = eps / 10 = 0,001
[11.11.2015 18:29:17] Step 1: counting alpha_1 = -0,0050, alpha_2 = -0,0030
[11.11.2015 18:29:17] Step 3: f(-0,0050) = 0,0001 > f(-0,0030) = 0,0000; a = alpha_1 = -0,0050.
[11.11.2015 18:29:17] Step 4: (b-a)/2 = 0,0055 < eps = 0,0100; STOP SEARCHING!
[11.11.2015 18:29:18] Iter 0: Answer is in the range: [-0,0050; 0,0060]
[11.11.2015 18:29:18] Step 5: alpha_end = (a+b)/2; Minimum x* is: 0,0005
[11.11.2015 18:29:18] Step 4: Alpha = 0,000476562499999978;
[11.11.2015 18:29:18] Step 5: arguments = arguments - alpha * gradientValue = (-3,77993399937591; -3,2834798156893);
[11.11.2015 18:29:18] Step 6: k = k + 1 = 47;
[11.11.2015 18:29:18] Step 7: answer is: (-3,77993399937591; -3,2834798156893);
[11.11.2015 18:29:18] ----------------------------------
ITER 48:
----------------------------------
[11.11.2015 18:29:18] Step 1: k = 48;
[11.11.2015 18:29:18] Step 2: gradient is (-0,0365226834903222, 0,0127200432210681);
[11.11.2015 18:29:18] DSK method started!
[11.11.2015 18:29:18] Step 1: f(alpha)=0,0000, f(alpha + h)=0,0000; k=0;
[11.11.2015 18:29:18] Step 2: a=0,0005, alpha1=0,0105, k=2; Go to step 4!
[11.11.2015 18:29:18] Step 4: alphak=0,0205
[11.11.2015 18:29:18] Step 5: h > 0; b=alphak=0,0205
[11.11.2015 18:29:18] Step 6: Interval is: [0,0005 ; 0,0205]
[11.11.2015 18:29:18] Dichotomy method has been started!
[11.11.2015 18:29:18] Counting: delta = eps / 10 = 0,001
[11.11.2015 18:29:18] Step 1: counting alpha_1 = 0,0095, alpha_2 = 0,0115
[11.11.2015 18:29:18] Step 3: f(0,0095) = 0,0000 > f(0,0115) = 0,0000; a = alpha_1 = 0,0095.
[11.11.2015 18:29:18] Step 4: (b-a)/2 = 0,0055 < eps = 0,0100; STOP SEARCHING!
[11.11.2015 18:29:18] Iter 0: Answer is in the range: [0,0095; 0,0205]
[11.11.2015 18:29:18] Step 5: alpha_end = (a+b)/2; Minimum x* is: 0,0150
[11.11.2015 18:29:18] Step 4: Alpha = 0,0149765625;
[11.11.2015 18:29:18] Step 5: arguments = arguments - alpha * gradientValue = (-3,77938701512395; -3,2836703182116);
[11.11.2015 18:29:18] Step 6: k = k + 1 = 48;
[11.11.2015 18:29:18] Step 7: answer is: (-3,77938701512395; -3,2836703182116);
[11.11.2015 18:29:18] ----------------------------------
ITER 49:
----------------------------------
[11.11.2015 18:29:18] Step 1: k = 49;
[11.11.2015 18:29:18] Step 2: gradient is (0,872036673513584, 0,617490501435813);
[11.11.2015 18:29:18] DSK method started!
[11.11.2015 18:29:19] Step 1: f(alpha)=0,0106, f(alpha + h)=0,0293; k=0;
[11.11.2015 18:29:19] Step 3: b=0,0150, alpha1=0,0250, h=-0,0100, k=2.
[11.11.2015 18:29:19] Step 4: alphak=-0,0050
[11.11.2015 18:29:19] Step 5: h > 0; b=alpha(k-1)=0,0050
[11.11.2015 18:29:19] k = k + 1 = 3; Go to step 4!
[11.11.2015 18:29:19] Step 4: alphak=-0,0250
[11.11.2015 18:29:19] Step 5: h < 0; a=alphak-0,0250
[11.11.2015 18:29:19] Step 6: Interval is: [-0,0250 ; 0,0050]
[11.11.2015 18:29:19] Dichotomy method has been started!
[11.11.2015 18:29:19] Counting: delta = eps / 10 = 0,001
[11.11.2015 18:29:19] Step 1: counting alpha_1 = -0,0110, alpha_2 = -0,0090
[11.11.2015 18:29:19] Step 3: f(-0,0110) = 0,0053 > f(-0,0090) = 0,0035; a = alpha_1 = -0,0110.
[11.11.2015 18:29:19] Step 4: (b-a)/2 = 0,0080 < eps = 0,0100; STOP SEARCHING!
[11.11.2015 18:29:19] Iter 0: Answer is in the range: [-0,0110; 0,0050]
[11.11.2015 18:29:19] Step 5: alpha_end = (a+b)/2; Minimum x* is: -0,0030
[11.11.2015 18:29:19] Step 4: Alpha = -0,00302343750000002;
[11.11.2015 18:29:19] Step 5: arguments = arguments - alpha * gradientValue = (-3,77675046674388; -3,28180337427366);
[11.11.2015 18:29:19] Step 6: k = k + 1 = 49;
[11.11.2015 18:29:19] Step 7: answer is: (-3,77675046674388; -3,28180337427366);
[11.11.2015 18:29:19] ----------------------------------
ITER 50:
----------------------------------
[11.11.2015 18:29:19] Step 1: k = 50;
[11.11.2015 18:29:19] Step 2: gradient is (0,0827204840532608, -0,083724045793126);
[11.11.2015 18:29:19] DSK method started!
[11.11.2015 18:29:19] Step 1: f(alpha)=0,0004, f(alpha + h)=0,0003; k=0;
[11.11.2015 18:29:19] Step 2: a=-0,0030, alpha1=0,0070, k=2; Go to step 4!
[11.11.2015 18:29:19] Step 4: alphak=0,0170
[11.11.2015 18:29:19] Step 5: h > 0; b=alphak=0,0170
[11.11.2015 18:29:19] Step 6: Interval is: [-0,0030 ; 0,0170]
[11.11.2015 18:29:19] Dichotomy method has been started!
[11.11.2015 18:29:20] Counting: delta = eps / 10 = 0,001
[11.11.2015 18:29:20] Step 1: counting alpha_1 = 0,0060, alpha_2 = 0,0080
[11.11.2015 18:29:20] Step 3: f(0,0060) = 0,0003 > f(0,0080) = 0,0003; a = alpha_1 = 0,0060.
[11.11.2015 18:29:20] Step 4: (b-a)/2 = 0,0055 < eps = 0,0100; STOP SEARCHING!
[11.11.2015 18:29:20] Iter 0: Answer is in the range: [0,0060; 0,0170]
[11.11.2015 18:29:20] Step 5: alpha_end = (a+b)/2; Minimum x* is: 0,0115
[11.11.2015 18:29:20] Step 4: Alpha = 0,0114765625;
[11.11.2015 18:29:20] Step 5: arguments = arguments - alpha * gradientValue = (-3,77769981354914; -3,28084251002937);
[11.11.2015 18:29:20] Step 6: k = k + 1 = 50;
[11.11.2015 18:29:20] Step 7: answer is: (-3,77769981354914; -3,28084251002937);
[11.11.2015 18:29:20] ----------------------------------
ITER 51:
----------------------------------
[11.11.2015 18:29:20] Step 1: k = 51;
[11.11.2015 18:29:20] Step 2: gradient is (0,785334817592016, 0,664649927084052);
[11.11.2015 18:29:20] DSK method started!
[11.11.2015 18:29:20] Step 1: f(alpha)=0,0033, f(alpha + h)=0,0147; k=0;
[11.11.2015 18:29:20] Step 3: b=0,0115, alpha1=0,0215, h=-0,0100, k=2.
[11.11.2015 18:29:20] Step 4: alphak=-0,0085
[11.11.2015 18:29:20] Step 5: h < 0; a=alphak-0,0085
[11.11.2015 18:29:20] Step 6: Interval is: [-0,0085 ; 0,0115]
[11.11.2015 18:29:20] Dichotomy method has been started!
[11.11.2015 18:29:20] Counting: delta = eps / 10 = 0,001
[11.11.2015 18:29:20] Step 1: counting alpha_1 = 0,0005, alpha_2 = 0,0025
[11.11.2015 18:29:20] Step 3: f(0,0005) = 0,0002 > f(0,0025) = 0,0000; a = alpha_1 = 0,0005.
[11.11.2015 18:29:20] Step 4: (b-a)/2 = 0,0055 < eps = 0,0100; STOP SEARCHING!
[11.11.2015 18:29:20] Iter 0: Answer is in the range: [0,0005; 0,0115]
[11.11.2015 18:29:20] Step 5: alpha_end = (a+b)/2; Minimum x* is: 0,0060
[11.11.2015 18:29:20] Step 4: Alpha = 0,00597656249999998;
[11.11.2015 18:29:20] Step 5: arguments = arguments - alpha * gradientValue = (-3,78239341616991; -3,2848148318592);
[11.11.2015 18:29:20] Step 6: k = k + 1 = 51;
[11.11.2015 18:29:21] Step 7: answer is: (-3,78239341616991; -3,2848148318592);
[11.11.2015 18:29:21] ----------------------------------
ITER 52:
----------------------------------
[11.11.2015 18:29:21] Step 1: k = 52;
[11.11.2015 18:29:21] Step 2: gradient is (0,0348537913709164, 0,206861067283108);
[11.11.2015 18:29:21] DSK method started!
[11.11.2015 18:29:21] Step 1: f(alpha)=0,0007, f(alpha + h)=0,0013; k=0;
[11.11.2015 18:29:21] Step 3: b=0,0060, alpha1=0,0160, h=-0,0100, k=2.
[11.11.2015 18:29:21] Step 4: alphak=-0,0140
[11.11.2015 18:29:21] Step 5: h < 0; a=alphak-0,0140
[11.11.2015 18:29:21] Step 6: Interval is: [-0,0140 ; 0,0060]
[11.11.2015 18:29:21] Dichotomy method has been started!
[11.11.2015 18:29:21] Counting: delta = eps / 10 = 0,001
[11.11.2015 18:29:21] Step 1: counting alpha_1 = -0,0050, alpha_2 = -0,0030
[11.11.2015 18:29:21] Step 3: f(-0,0050) = 0,0005 <= f(-0,0030) = 0,0005; b = alpha_2 = -0,0030.
[11.11.2015 18:29:21] Step 4: (b-a)/2 = 0,0055 < eps = 0,0100; STOP SEARCHING!
[11.11.2015 18:29:21] Iter 0: Answer is in the range: [-0,0140; -0,0030]
[11.11.2015 18:29:21] Step 5: alpha_end = (a+b)/2; Minimum x* is: -0,0085
[11.11.2015 18:29:21] Step 4: Alpha = -0,00852343750000002;
[11.11.2015 18:29:21] Step 5: arguments = arguments - alpha * gradientValue = (-3,78209634205752; -3,28305166448103);
[11.11.2015 18:29:21] Step 6: k = k + 1 = 52;
[11.11.2015 18:29:21] Step 7: answer is: (-3,78209634205752; -3,28305166448103);
[11.11.2015 18:29:21] ----------------------------------
ITER 53:
----------------------------------
[11.11.2015 18:29:21] Step 1: k = 53;
[11.11.2015 18:29:21] Step 2: gradient is (-0,825744418192127, -0,286320069789559);
[11.11.2015 18:29:21] DSK method started!
[11.11.2015 18:29:21] Step 1: f(alpha)=0,0052, f(alpha + h)=0,0002; k=0;
[11.11.2015 18:29:21] Step 2: a=-0,0085, alpha1=0,0015, k=2; Go to step 4!
[11.11.2015 18:29:21] Step 4: alphak=0,0115
[11.11.2015 18:29:21] Step 5: h > 0; b=alphak=0,0115
[11.11.2015 18:29:22] Step 6: Interval is: [-0,0085 ; 0,0115]
[11.11.2015 18:29:22] Dichotomy method has been started!
[11.11.2015 18:29:22] Counting: delta = eps / 10 = 0,001
[11.11.2015 18:29:22] Step 1: counting alpha_1 = 0,0005, alpha_2 = 0,0025
[11.11.2015 18:29:22] Step 3: f(0,0005) = 0,0004 > f(0,0025) = 0,0001; a = alpha_1 = 0,0005.
[11.11.2015 18:29:22] Step 4: (b-a)/2 = 0,0055 < eps = 0,0100; STOP SEARCHING!
[11.11.2015 18:29:22] Iter 0: Answer is in the range: [0,0005; 0,0115]
[11.11.2015 18:29:22] Step 5: alpha_end = (a+b)/2; Minimum x* is: 0,0060
[11.11.2015 18:29:22] Step 4: Alpha = 0,00597656249999998;
[11.11.2015 18:29:22] Step 5: arguments = arguments - alpha * gradientValue = (-3,77716122893317; -3,28134045468893);
[11.11.2015 18:29:22] Step 6: k = k + 1 = 53;
[11.11.2015 18:29:22] Step 7: answer is: (-3,77716122893317; -3,28134045468893);
[11.11.2015 18:29:22] ----------------------------------
ITER 54:
----------------------------------
[11.11.2015 18:29:22] Step 1: k = 54;
[11.11.2015 18:29:22] Step 2: gradient is (0,543868521367341, 0,364813074601268);
[11.11.2015 18:29:22] DSK method started!
[11.11.2015 18:29:22] Step 1: f(alpha)=0,0001, f(alpha + h)=0,0025; k=0;
[11.11.2015 18:29:22] Step 3: a=-0,0040, b=0,0160; Go to step 6!
[11.11.2015 18:29:22] Step 6: Interval is: [-0,0040 ; 0,0160]
[11.11.2015 18:29:22] Dichotomy method has been started!
[11.11.2015 18:29:22] Counting: delta = eps / 10 = 0,001
[11.11.2015 18:29:22] Step 1: counting alpha_1 = 0,0050, alpha_2 = 0,0070
[11.11.2015 18:29:22] Step 3: f(0,0050) = 0,0000 <= f(0,0070) = 0,0001; b = alpha_2 = 0,0070.
[11.11.2015 18:29:22] Step 4: (b-a)/2 = 0,0055 < eps = 0,0100; STOP SEARCHING!
[11.11.2015 18:29:22] Iter 0: Answer is in the range: [-0,0040; 0,0070]
[11.11.2015 18:29:22] Step 5: alpha_end = (a+b)/2; Minimum x* is: 0,0015
[11.11.2015 18:29:22] Step 4: Alpha = 0,00147656249999998;
[11.11.2015 18:29:23] Step 5: arguments = arguments - alpha * gradientValue = (-3,77796428479675; -3,2818791239944);
[11.11.2015 18:29:23] Step 6: k = k + 1 = 54;
[11.11.2015 18:29:23] Step 7: answer is: (-3,77796428479675; -3,2818791239944);
[11.11.2015 18:29:23] ----------------------------------
ITER 55:
----------------------------------
[11.11.2015 18:29:23] Step 1: k = 55;
[11.11.2015 18:29:23] Step 2: gradient is (0,205216442033115, 0,142271756367172);
[11.11.2015 18:29:23] DSK method started!
[11.11.2015 18:29:23] Step 1: f(alpha)=0,0001, f(alpha + h)=0,0001; k=0;
[11.11.2015 18:29:23] Step 2: a=0,0015, alpha1=0,0115, k=2; Go to step 4!
[11.11.2015 18:29:23] Step 4: alphak=0,0215
[11.11.2015 18:29:23] Step 5: h > 0; b=alphak=0,0215
[11.11.2015 18:29:23] Step 6: Interval is: [0,0015 ; 0,0215]
[11.11.2015 18:29:23] Dichotomy method has been started!
[11.11.2015 18:29:23] Counting: delta = eps / 10 = 0,001
[11.11.2015 18:29:23] Step 1: counting alpha_1 = 0,0105, alpha_2 = 0,0125
[11.11.2015 18:29:23] Step 3: f(0,0105) = 0,0000 <= f(0,0125) = 0,0001; b = alpha_2 = 0,0125.
[11.11.2015 18:29:23] Step 4: (b-a)/2 = 0,0055 < eps = 0,0100; STOP SEARCHING!
[11.11.2015 18:29:23] Iter 0: Answer is in the range: [0,0015; 0,0125]
[11.11.2015 18:29:23] Step 5: alpha_end = (a+b)/2; Minimum x* is: 0,0070
[11.11.2015 18:29:23] Step 4: Alpha = 0,00697656249999998;
[11.11.2015 18:29:23] Step 5: arguments = arguments - alpha * gradientValue = (-3,77939599013062; -3,28287169179468);
[11.11.2015 18:29:23] Step 6: k = k + 1 = 55;
[11.11.2015 18:29:23] Step 7: answer is: (-3,77939599013062; -3,28287169179468);
[11.11.2015 18:29:23] ----------------------------------
ITER 56:
----------------------------------
[11.11.2015 18:29:23] Step 1: k = 56;
[11.11.2015 18:29:23] Step 2: gradient is (0,386015339562922, 0,337210435611255);
[11.11.2015 18:29:23] DSK method started!
[11.11.2015 18:29:24] Step 1: f(alpha)=0,0005, f(alpha + h)=0,0028; k=0;
[11.11.2015 18:29:24] Step 3: b=0,0070, alpha1=0,0170, h=-0,0100, k=2.
[11.11.2015 18:29:24] Step 4: alphak=-0,0130
[11.11.2015 18:29:24] Step 5: h < 0; a=alphak-0,0130
[11.11.2015 18:29:24] Step 6: Interval is: [-0,0130 ; 0,0070]
[11.11.2015 18:29:24] Dichotomy method has been started!
[11.11.2015 18:29:24] Counting: delta = eps / 10 = 0,001
[11.11.2015 18:29:24] Step 1: counting alpha_1 = -0,0040, alpha_2 = -0,0020
[11.11.2015 18:29:24] Step 3: f(-0,0040) = 0,0002 > f(-0,0020) = 0,0001; a = alpha_1 = -0,0040.
[11.11.2015 18:29:24] Step 4: (b-a)/2 = 0,0055 < eps = 0,0100; STOP SEARCHING!
[11.11.2015 18:29:24] Iter 0: Answer is in the range: [-0,0040; 0,0070]
[11.11.2015 18:29:24] Step 5: alpha_end = (a+b)/2; Minimum x* is: 0,0015
[11.11.2015 18:29:24] Step 4: Alpha = 0,00147656249999998;
[11.11.2015 18:29:24] Step 5: arguments = arguments - alpha * gradientValue = (-3,77996596590544; -3,28336960407851);
[11.11.2015 18:29:24] Step 6: k = k + 1 = 56;
[11.11.2015 18:29:24] Step 7: answer is: (-3,77996596590544; -3,28336960407851);
[11.11.2015 18:29:24] ----------------------------------
ITER 57:
----------------------------------
[11.11.2015 18:29:24] Step 1: k = 57;
[11.11.2015 18:29:24] Step 2: gradient is (0,0147784093976772, 0,0674448808449742);
[11.11.2015 18:29:24] DSK method started!
[11.11.2015 18:29:24] Step 1: f(alpha)=0,0000, f(alpha + h)=0,0001; k=0;
[11.11.2015 18:29:24] Step 3: a=-0,0085, b=0,0115; Go to step 6!
[11.11.2015 18:29:24] Step 6: Interval is: [-0,0085 ; 0,0115]
[11.11.2015 18:29:24] Dichotomy method has been started!
[11.11.2015 18:29:24] Counting: delta = eps / 10 = 0,001
[11.11.2015 18:29:25] Step 1: counting alpha_1 = 0,0005, alpha_2 = 0,0025
[11.11.2015 18:29:25] Step 3: f(0,0005) = 0,0000 <= f(0,0025) = 0,0000; b = alpha_2 = 0,0025.
[11.11.2015 18:29:25] Step 4: (b-a)/2 = 0,0055 < eps = 0,0100; STOP SEARCHING!
[11.11.2015 18:29:25] Iter 0: Answer is in the range: [-0,0085; 0,0025]
[11.11.2015 18:29:25] Step 5: alpha_end = (a+b)/2; Minimum x* is: -0,0030
[11.11.2015 18:29:25] Step 4: Alpha = -0,00302343750000002;
[11.11.2015 18:29:25] Step 5: arguments = arguments - alpha * gradientValue = (-3,77992128430828; -3,28316568869658);
[11.11.2015 18:29:25] Step 6: k = k + 1 = 57;
[11.11.2015 18:29:25] Step 7: answer is: (-3,77992128430828; -3,28316568869658);
[11.11.2015 18:29:25] ----------------------------------
ITER 58:
----------------------------------
[11.11.2015 18:29:25] Step 1: k = 58;
[11.11.2015 18:29:25] Step 2: gradient is (-0,247615209642895, -0,114445999306972);
[11.11.2015 18:29:25] DSK method started!
[11.11.2015 18:29:25] Step 1: f(alpha)=0,0001, f(alpha + h)=0,0001; k=0;
[11.11.2015 18:29:25] Step 2: a=-0,0030, alpha1=0,0070, k=2; Go to step 4!
[11.11.2015 18:29:25] Step 4: alphak=0,0170
[11.11.2015 18:29:25] Step 5: h > 0; b=alphak=0,0170
[11.11.2015 18:29:25] Step 6: Interval is: [-0,0030 ; 0,0170]
[11.11.2015 18:29:25] Dichotomy method has been started!
[11.11.2015 18:29:25] Counting: delta = eps / 10 = 0,001
[11.11.2015 18:29:25] Step 1: counting alpha_1 = 0,0060, alpha_2 = 0,0080
[11.11.2015 18:29:25] Step 3: f(0,0060) = 0,0000 <= f(0,0080) = 0,0001; b = alpha_2 = 0,0080.
[11.11.2015 18:29:25] Step 4: (b-a)/2 = 0,0055 < eps = 0,0100; STOP SEARCHING!
[11.11.2015 18:29:26] Iter 0: Answer is in the range: [-0,0030; 0,0080]
[11.11.2015 18:29:26] Step 5: alpha_end = (a+b)/2; Minimum x* is: 0,0025
[11.11.2015 18:29:26] Step 4: Alpha = 0,00247656249999998;
[11.11.2015 18:29:26] Step 5: arguments = arguments - alpha * gradientValue = (-3,77930804976565; -3,28288225602642);
[11.11.2015 18:29:26] Step 6: k = k + 1 = 58;
[11.11.2015 18:29:26] Step 7: answer is: (-3,77930804976565; -3,28288225602642);
[11.11.2015 18:29:26] ----------------------------------
ITER 59:
----------------------------------
[11.11.2015 18:29:26] Step 1: k = 59;
[11.11.2015 18:29:26] Step 2: gradient is (0,135553800875611, 0,13588299506105);
[11.11.2015 18:29:26] DSK method started!
[11.11.2015 18:29:26] Step 1: f(alpha)=0,0000, f(alpha + h)=0,0002; k=0;
[11.11.2015 18:29:26] Step 3: a=-0,0075, b=0,0125; Go to step 6!
[11.11.2015 18:29:26] Step 6: Interval is: [-0,0075 ; 0,0125]
[11.11.2015 18:29:26] Dichotomy method has been started!
[11.11.2015 18:29:26] Counting: delta = eps / 10 = 0,001
[11.11.2015 18:29:26] Step 1: counting alpha_1 = 0,0015, alpha_2 = 0,0035
[11.11.2015 18:29:26] Step 3: f(0,0015) = 0,0000 <= f(0,0035) = 0,0000; b = alpha_2 = 0,0035.
[11.11.2015 18:29:26] Step 4: (b-a)/2 = 0,0055 < eps = 0,0100; STOP SEARCHING!
[11.11.2015 18:29:26] Iter 0: Answer is in the range: [-0,0075; 0,0035]
[11.11.2015 18:29:26] Step 5: alpha_end = (a+b)/2; Minimum x* is: -0,0020
[11.11.2015 18:29:26] Step 4: Alpha = -0,00202343750000002;
[11.11.2015 18:29:26] Step 5: arguments = arguments - alpha * gradientValue = (-3,77903376512169; -3,2826073052786);
[11.11.2015 18:29:26] Step 6: k = k + 1 = 59;
[11.11.2015 18:29:27] Step 7: answer is: (-3,77903376512169; -3,2826073052786);
[11.11.2015 18:29:27] ----------------------------------
ITER 60:
----------------------------------
[11.11.2015 18:29:27] Step 1: k = 60;
[11.11.2015 18:29:27] Step 2: gradient is (-0,101870828986966, -0,0460403671282418);
[11.11.2015 18:29:27] DSK method started!
[11.11.2015 18:29:27] Step 1: f(alpha)=0,0000, f(alpha + h)=0,0001; k=0;
[11.11.2015 18:29:27] Step 3: a=-0,0120, b=0,0080; Go to step 6!
[11.11.2015 18:29:27] Step 6: Interval is: [-0,0120 ; 0,0080]
[11.11.2015 18:29:27] Dichotomy method has been started!
[11.11.2015 18:29:27] Counting: delta = eps / 10 = 0,001
[11.11.2015 18:29:27] Step 1: counting alpha_1 = -0,0030, alpha_2 = -0,0010
[11.11.2015 18:29:27] Step 3: f(-0,0030) = 0,0000 <= f(-0,0010) = 0,0000; b = alpha_2 = -0,0010.
[11.11.2015 18:29:27] Step 4: (b-a)/2 = 0,0055 < eps = 0,0100; STOP SEARCHING!
[11.11.2015 18:29:27] Iter 0: Answer is in the range: [-0,0120; -0,0010]
[11.11.2015 18:29:27] Step 5: alpha_end = (a+b)/2; Minimum x* is: -0,0065
[11.11.2015 18:29:27] Step 4: Alpha = -0,00652343750000002;
[11.11.2015 18:29:27] Step 5: arguments = arguments - alpha * gradientValue = (-3,77969831310766; -3,28290764673604);
[11.11.2015 18:29:27] Step 6: k = k + 1 = 60;
[11.11.2015 18:29:27] Step 7: answer is: (-3,77969831310766; -3,28290764673604);
[11.11.2015 18:29:27] ----------------------------------
ITER 61:
----------------------------------
[11.11.2015 18:29:27] Step 1: k = 61;
[11.11.2015 18:29:27] Step 2: gradient is (-0,432975718024534, -0,252759478331798);
[11.11.2015 18:29:28] DSK method started!
[11.11.2015 18:29:28] Step 1: f(alpha)=0,0006, f(alpha + h)=0,0001; k=0;
[11.11.2015 18:29:28] Step 2: a=-0,0065, alpha1=0,0035, k=2; Go to step 4!
[11.11.2015 18:29:28] Step 4: alphak=0,0135
[11.11.2015 18:29:28] Step 5: h > 0; b=alphak=0,0135
[11.11.2015 18:29:28] Step 6: Interval is: [-0,0065 ; 0,0135]
[11.11.2015 18:29:28] Dichotomy method has been started!
[11.11.2015 18:29:28] Counting: delta = eps / 10 = 0,001
[11.11.2015 18:29:28] Step 1: counting alpha_1 = 0,0025, alpha_2 = 0,0045
[11.11.2015 18:29:28] Step 3: f(0,0025) = 0,0000 <= f(0,0045) = 0,0002; b = alpha_2 = 0,0045.
[11.11.2015 18:29:28] Step 4: (b-a)/2 = 0,0055 < eps = 0,0100; STOP SEARCHING!
[11.11.2015 18:29:28] Iter 0: Answer is in the range: [-0,0065; 0,0045]
[11.11.2015 18:29:28] Step 5: alpha_end = (a+b)/2; Minimum x* is: -0,0010
[11.11.2015 18:29:28] Step 4: Alpha = -0,00102343750000002;
[11.11.2015 18:29:28] Step 5: arguments = arguments - alpha * gradientValue = (-3,78014143669408; -3,28316633026465);
[11.11.2015 18:29:28] Step 6: k = k + 1 = 61;
[11.11.2015 18:29:28] Step 7: answer is: (-3,78014143669408; -3,28316633026465);
[11.11.2015 18:29:28] ----------------------------------
ITER 62:
----------------------------------
[11.11.2015 18:29:28] Step 1: k = 62;
[11.11.2015 18:29:28] Step 2: gradient is (-0,156774448681122, -0,0199455039191073);
[11.11.2015 18:29:28] DSK method started!
[11.11.2015 18:29:28] Step 1: f(alpha)=0,0001, f(alpha + h)=0,0000; k=0;
[11.11.2015 18:29:29] Step 2: a=-0,0010, alpha1=0,0090, k=2; Go to step 4!
[11.11.2015 18:29:29] Step 4: alphak=0,0190
[11.11.2015 18:29:29] Step 5: h > 0; b=alphak=0,0190
[11.11.2015 18:29:29] Step 6: Interval is: [-0,0010 ; 0,0190]
[11.11.2015 18:29:29] Dichotomy method has been started!
[11.11.2015 18:29:29] Counting: delta = eps / 10 = 0,001
[11.11.2015 18:29:29] Step 1: counting alpha_1 = 0,0080, alpha_2 = 0,0100
[11.11.2015 18:29:29] Step 3: f(0,0080) = 0,0000 <= f(0,0100) = 0,0000; b = alpha_2 = 0,0100.
[11.11.2015 18:29:29] Step 4: (b-a)/2 = 0,0055 < eps = 0,0100; STOP SEARCHING!
[11.11.2015 18:29:29] Iter 0: Answer is in the range: [-0,0010; 0,0100]
[11.11.2015 18:29:29] Step 5: alpha_end = (a+b)/2; Minimum x* is: 0,0045
[11.11.2015 18:29:29] Step 4: Alpha = 0,00447656249999998;
[11.11.2015 18:29:29] Step 5: arguments = arguments - alpha * gradientValue = (-3,77943962607615; -3,28307704296976);
[11.11.2015 18:29:29] Step 6: k = k + 1 = 62;
[11.11.2015 18:29:29] Step 7: answer is: (-3,77943962607615; -3,28307704296976);
[11.11.2015 18:29:29] ----------------------------------
ITER 63:
----------------------------------
[11.11.2015 18:29:29] Step 1: k = 63;
[11.11.2015 18:29:29] Step 2: gradient is (0,241839078531613, 0,210477421543052);
[11.11.2015 18:29:29] DSK method started!
[11.11.2015 18:29:29] Step 1: f(alpha)=0,0001, f(alpha + h)=0,0008; k=0;
[11.11.2015 18:29:29] Step 3: a=-0,0055, b=0,0145; Go to step 6!
[11.11.2015 18:29:29] Step 6: Interval is: [-0,0055 ; 0,0145]
[11.11.2015 18:29:30] Dichotomy method has been started!
[11.11.2015 18:29:30] Counting: delta = eps / 10 = 0,001
[11.11.2015 18:29:30] Step 1: counting alpha_1 = 0,0035, alpha_2 = 0,0055
[11.11.2015 18:29:30] Step 3: f(0,0035) = 0,0001 <= f(0,0055) = 0,0001; b = alpha_2 = 0,0055.
[11.11.2015 18:29:30] Step 4: (b-a)/2 = 0,0055 < eps = 0,0100; STOP SEARCHING!
[11.11.2015 18:29:30] Iter 0: Answer is in the range: [-0,0055; 0,0055]
[11.11.2015 18:29:30] Step 5: alpha_end = (a+b)/2; Minimum x* is: 0,0000
[11.11.2015 18:29:30] Step 4: Alpha = -2,3437500000023E-05;
[11.11.2015 18:29:30] Step 5: arguments = arguments - alpha * gradientValue = (-3,77943395797275; -3,28307210990519);
[11.11.2015 18:29:30] Step 6: k = k + 1 = 63;
[11.11.2015 18:29:30] Step 7: answer is: (-3,77943395797275; -3,28307210990519);
[11.11.2015 18:29:30] ----------------------------------
ITER 64:
----------------------------------
[11.11.2015 18:29:30] Step 1: k = 64;
[11.11.2015 18:29:30] Step 2: gradient is (-0,0189630781498433, 0,0125084868247473);
[11.11.2015 18:29:30] DSK method started!
[11.11.2015 18:29:30] Step 1: f(alpha)=0,0000, f(alpha + h)=0,0000; k=0;
[11.11.2015 18:29:30] Step 2: a=0,0000, alpha1=0,0100, k=2; Go to step 4!
[11.11.2015 18:29:30] Step 4: alphak=0,0200
[11.11.2015 18:29:30] Step 5: h > 0; b=alphak=0,0200
[11.11.2015 18:29:30] Step 6: Interval is: [0,0000 ; 0,0200]
[11.11.2015 18:29:30] Dichotomy method has been started!
[11.11.2015 18:29:31] Counting: delta = eps / 10 = 0,001
[11.11.2015 18:29:31] Step 1: counting alpha_1 = 0,0090, alpha_2 = 0,0110
[11.11.2015 18:29:31] Step 3: f(0,0090) = 0,0000 <= f(0,0110) = 0,0000; b = alpha_2 = 0,0110.
[11.11.2015 18:29:31] Step 4: (b-a)/2 = 0,0055 < eps = 0,0100; STOP SEARCHING!
[11.11.2015 18:29:31] Iter 0: Answer is in the range: [0,0000; 0,0110]
[11.11.2015 18:29:31] Step 5: alpha_end = (a+b)/2; Minimum x* is: 0,0055
[11.11.2015 18:29:31] Step 4: Alpha = 0,00547656249999998;
[11.11.2015 18:29:31] Step 5: arguments = arguments - alpha * gradientValue = (-3,77933010549007; -3,28314061341507);
[11.11.2015 18:29:31] Step 6: k = k + 1 = 64;
[11.11.2015 18:29:31] Step 7: answer is: (-3,77933010549007; -3,28314061341507);
[11.11.2015 18:29:31] ----------------------------------
ITER 65:
----------------------------------
[11.11.2015 18:29:31] Step 1: k = 65;
[11.11.2015 18:29:31] Step 2: gradient is (0,314329730747037, 0,245771732974567);
[11.11.2015 18:29:31] DSK method started!
[11.11.2015 18:29:31] Step 1: f(alpha)=0,0002, f(alpha + h)=0,0015; k=0;
[11.11.2015 18:29:31] Step 3: b=0,0055, alpha1=0,0155, h=-0,0100, k=2.
[11.11.2015 18:29:31] Step 4: alphak=-0,0145
[11.11.2015 18:29:31] Step 5: h < 0; a=alphak-0,0145
[11.11.2015 18:29:31] Step 6: Interval is: [-0,0145 ; 0,0055]
[11.11.2015 18:29:31] Dichotomy method has been started!
[11.11.2015 18:29:31] Counting: delta = eps / 10 = 0,001
[11.11.2015 18:29:31] Step 1: counting alpha_1 = -0,0055, alpha_2 = -0,0035
[11.11.2015 18:29:32] Step 3: f(-0,0055) = 0,0002 > f(-0,0035) = 0,0001; a = alpha_1 = -0,0055.
[11.11.2015 18:29:32] Step 4: (b-a)/2 = 0,0055 < eps = 0,0100; STOP SEARCHING!
[11.11.2015 18:29:32] Iter 0: Answer is in the range: [-0,0055; 0,0055]
[11.11.2015 18:29:32] Step 5: alpha_end = (a+b)/2; Minimum x* is: 0,0000
[11.11.2015 18:29:32] Step 4: Alpha = -2,34375000000234E-05;
[11.11.2015 18:29:32] Step 5: arguments = arguments - alpha * gradientValue = (-3,779322738387; -3,28313485314008);
[11.11.2015 18:29:32] Step 6: k = k + 1 = 65;
[11.11.2015 18:29:32] Step 7: answer is: (-3,779322738387; -3,28313485314008);
[11.11.2015 18:29:32] ----------------------------------
ITER 66:
----------------------------------
[11.11.2015 18:29:32] Step 1: k = 66;
[11.11.2015 18:29:32] Step 2: gradient is (-0,0042587421037332, 0,00383078663962754);
[11.11.2015 18:29:32] Step 3: gradient Euclidean norm is <= eps: 0,00572815944125674 <= 0,01; Go to step 7!
[11.11.2015 18:29:32] Step 7: answer is: (-3,779322738387; -3,28313485314008);
