[11.11.2015 22:26:14] DFP method started
[11.11.2015 22:26:14] Input data. Start point (0,000;0,000), epsilon 0,01000
[11.11.2015 22:26:14] Step 1: K = 0
[11.11.2015 22:26:14] Step 2: ITERATION number 0
[11.11.2015 22:26:14] Step 4: K==0, go to step 8.
[11.11.2015 22:26:14] Step 8: Search vector: (0,000;0,000)
[11.11.2015 22:26:14] DSK method started!
[11.11.2015 22:26:14] Step 1: f(alpha)=162,1841, f(alpha + h)=152,4578; k=0;
[11.11.2015 22:26:14] Step 2: a=0,0100, alpha1=0,0200, k=2; Go to step 4!
[11.11.2015 22:26:14] Step 4: alphak=0,0300
[11.11.2015 22:26:14] Step 5: h > 0; a=alpha(k-1)=0,0200
[11.11.2015 22:26:14] k = k + 1 = 3; Go to step 4!
[11.11.2015 22:26:14] Step 4: alphak=0,0500
[11.11.2015 22:26:14] Step 5: h > 0; a=alpha(k-1)=0,0300
[11.11.2015 22:26:14] k = k + 1 = 4; Go to step 4!
[11.11.2015 22:26:14] Step 4: alphak=0,0900
[11.11.2015 22:26:14] Step 5: h > 0; a=alpha(k-1)=0,0500
[11.11.2015 22:26:14] k = k + 1 = 5; Go to step 4!
[11.11.2015 22:26:14] Step 4: alphak=0,1700
[11.11.2015 22:26:14] Step 5: h > 0; b=alphak=0,1700
[11.11.2015 22:26:14] Step 6: Interval is: [0,0500 ; 0,1700]
[11.11.2015 22:26:14] Dichotomy method has been started!
[11.11.2015 22:26:14] Counting: delta = eps / 10 = 0,001
[11.11.2015 22:26:14] Step 1: counting alpha_1 = 0,1090, alpha_2 = 0,1110
[11.11.2015 22:26:14] Step 3: f(0,1090) = 39,4310 > f(0,1110) = 38,0051; a = alpha_1 = 0,1090.
[11.11.2015 22:26:14] Iter 0: Answer is in the range: [0,1090; 0,1700]
[11.11.2015 22:26:14] Step 1: counting alpha_1 = 0,1385, alpha_2 = 0,1405
[11.11.2015 22:26:14] Step 3: f(0,1385) = 35,4191 <= f(0,1405) = 36,7629; b = alpha_2 = 0,1405.
[11.11.2015 22:26:14] Iter 1: Answer is in the range: [0,1090; 0,1405]
[11.11.2015 22:26:14] Step 1: counting alpha_1 = 0,1237, alpha_2 = 0,1257
[11.11.2015 22:26:14] Step 3: f(0,1237) = 32,4345 > f(0,1257) = 32,1869; a = alpha_1 = 0,1237.
[11.11.2015 22:26:14] Step 4: (b-a)/2 = 0,0084 < eps = 0,0100; STOP SEARCHING!
[11.11.2015 22:26:14] Iter 2: Answer is in the range: [0,1237; 0,1405]
[11.11.2015 22:26:14] Step 5: alpha_end = (a+b)/2; Minimum x* is: 0,1321
[11.11.2015 22:26:14] Step 9: Quasi-Newton matrix: 

[11.11.2015 22:26:14] Step 10: New local search point (0,000;0,000)
[11.11.2015 22:26:14] Step 11: Iteration end.
[11.11.2015 22:26:14] Step 2: ITERATION number 1
[11.11.2015 22:26:14] Step 5: Sk = 
[11.11.2015 22:26:14] Step 6: Yk = 
[11.11.2015 22:26:14] Step 7: Quasi-Newton matrix: 

[11.11.2015 22:26:14] Step 8: Search vector: (0,000;0,000)
[11.11.2015 22:26:14] DSK method started!
[11.11.2015 22:26:14] Step 1: f(alpha)=32,7076, f(alpha + h)=38,0383; k=0;
[11.11.2015 22:26:14] Step 3: a=0,1221, b=0,1421; Go to step 6!
[11.11.2015 22:26:14] Step 6: Interval is: [0,1221 ; 0,1421]
[11.11.2015 22:26:14] Dichotomy method has been started!
[11.11.2015 22:26:14] Counting: delta = eps / 10 = 0,001
[11.11.2015 22:26:14] Step 1: counting alpha_1 = 0,1311, alpha_2 = 0,1331
[11.11.2015 22:26:14] Step 3: f(0,1311) = 32,4876 <= f(0,1331) = 32,9814; b = alpha_2 = 0,1331.
[11.11.2015 22:26:14] Step 4: (b-a)/2 = 0,0055 < eps = 0,0100; STOP SEARCHING!
[11.11.2015 22:26:14] Iter 0: Answer is in the range: [0,1221; 0,1331]
[11.11.2015 22:26:14] Step 5: alpha_end = (a+b)/2; Minimum x* is: 0,1276
[11.11.2015 22:26:14] Step 9: Quasi-Newton matrix: 

[11.11.2015 22:26:14] Step 10: New local search point (0,000;0,000)
[11.11.2015 22:26:14] Step 11: Iteration end.
[11.11.2015 22:26:14] Step 2: ITERATION number 2
[11.11.2015 22:26:14] Step 5: Sk = 
[11.11.2015 22:26:14] Step 6: Yk = 
[11.11.2015 22:26:14] Step 7: Quasi-Newton matrix: 

[11.11.2015 22:26:14] Step 8: Search vector: (0,000;0,000)
[11.11.2015 22:26:14] DSK method started!
[11.11.2015 22:26:14] Step 1: f(alpha)=32,1278, f(alpha + h)=34,9076; k=0;
[11.11.2015 22:26:14] Step 3: a=0,1176, b=0,1376; Go to step 6!
[11.11.2015 22:26:14] Step 6: Interval is: [0,1176 ; 0,1376]
[11.11.2015 22:26:14] Dichotomy method has been started!
[11.11.2015 22:26:14] Counting: delta = eps / 10 = 0,001
[11.11.2015 22:26:14] Step 1: counting alpha_1 = 0,1266, alpha_2 = 0,1286
[11.11.2015 22:26:14] Step 3: f(0,1266) = 32,1381 <= f(0,1286) = 32,1669; b = alpha_2 = 0,1286.
[11.11.2015 22:26:14] Step 4: (b-a)/2 = 0,0055 < eps = 0,0100; STOP SEARCHING!
[11.11.2015 22:26:14] Iter 0: Answer is in the range: [0,1176; 0,1286]
[11.11.2015 22:26:14] Step 5: alpha_end = (a+b)/2; Minimum x* is: 0,1231
[11.11.2015 22:26:14] Step 9: Quasi-Newton matrix: 

[11.11.2015 22:26:14] Step 10: New local search point (0,000;0,000)
[11.11.2015 22:26:14] Step 11: Iteration end.
[11.11.2015 22:26:14] Step 2: ITERATION number 3
[11.11.2015 22:26:14] Step 5: Sk = 
[11.11.2015 22:26:14] Step 6: Yk = 
[11.11.2015 22:26:14] Step 7: Quasi-Newton matrix: 

[11.11.2015 22:26:14] Step 8: Search vector: (0,000;0,000)
[11.11.2015 22:26:14] DSK method started!
[11.11.2015 22:26:14] Step 1: f(alpha)=32,5498, f(alpha + h)=32,9814; k=0;
[11.11.2015 22:26:14] Step 3: a=0,1131, b=0,1331; Go to step 6!
[11.11.2015 22:26:14] Step 6: Interval is: [0,1131 ; 0,1331]
[11.11.2015 22:26:14] Dichotomy method has been started!
[11.11.2015 22:26:14] Counting: delta = eps / 10 = 0,001
[11.11.2015 22:26:14] Step 1: counting alpha_1 = 0,1221, alpha_2 = 0,1241
[11.11.2015 22:26:14] Step 3: f(0,1221) = 32,7708 > f(0,1241) = 32,3739; a = alpha_1 = 0,1221.
[11.11.2015 22:26:14] Step 4: (b-a)/2 = 0,0055 < eps = 0,0100; STOP SEARCHING!
[11.11.2015 22:26:14] Iter 0: Answer is in the range: [0,1221; 0,1331]
[11.11.2015 22:26:14] Step 5: alpha_end = (a+b)/2; Minimum x* is: 0,1276
[11.11.2015 22:26:14] Step 9: Quasi-Newton matrix: 

[11.11.2015 22:26:14] Step 10: New local search point (0,000;0,000)
[11.11.2015 22:26:14] Step 11: Iteration end.
[11.11.2015 22:26:14] Step 2: ITERATION number 4
[11.11.2015 22:26:14] Step 5: Sk = 
[11.11.2015 22:26:14] Step 6: Yk = 
[11.11.2015 22:26:14] Step 7: Quasi-Newton matrix: 

[11.11.2015 22:26:14] Step 8: Search vector: (0,000;0,000)
[11.11.2015 22:26:14] DSK method started!
[11.11.2015 22:26:14] Step 1: f(alpha)=32,1278, f(alpha + h)=34,9076; k=0;
[11.11.2015 22:26:14] Step 3: a=0,1176, b=0,1376; Go to step 6!
[11.11.2015 22:26:14] Step 6: Interval is: [0,1176 ; 0,1376]
[11.11.2015 22:26:14] Dichotomy method has been started!
[11.11.2015 22:26:14] Counting: delta = eps / 10 = 0,001
[11.11.2015 22:26:14] Step 1: counting alpha_1 = 0,1266, alpha_2 = 0,1286
[11.11.2015 22:26:14] Step 3: f(0,1266) = 32,1381 <= f(0,1286) = 32,1669; b = alpha_2 = 0,1286.
[11.11.2015 22:26:14] Step 4: (b-a)/2 = 0,0055 < eps = 0,0100; STOP SEARCHING!
[11.11.2015 22:26:14] Iter 0: Answer is in the range: [0,1176; 0,1286]
[11.11.2015 22:26:14] Step 5: alpha_end = (a+b)/2; Minimum x* is: 0,1231
[11.11.2015 22:26:14] Step 9: Quasi-Newton matrix: 

[11.11.2015 22:26:14] Step 10: New local search point (0,000;0,000)
[11.11.2015 22:26:14] Step 11: Iteration end.
[11.11.2015 22:26:14] Step 2: ITERATION number 5
[11.11.2015 22:26:14] Step 5: Sk = 
[11.11.2015 22:26:14] Step 6: Yk = 
[11.11.2015 22:26:14] Step 7: Quasi-Newton matrix: 

[11.11.2015 22:26:14] Step 8: Search vector: (0,000;0,000)
[11.11.2015 22:26:14] DSK method started!
[11.11.2015 22:26:14] Step 1: f(alpha)=32,5498, f(alpha + h)=32,9814; k=0;
[11.11.2015 22:26:14] Step 3: a=0,1131, b=0,1331; Go to step 6!
[11.11.2015 22:26:14] Step 6: Interval is: [0,1131 ; 0,1331]
[11.11.2015 22:26:14] Dichotomy method has been started!
[11.11.2015 22:26:14] Counting: delta = eps / 10 = 0,001
[11.11.2015 22:26:14] Step 1: counting alpha_1 = 0,1221, alpha_2 = 0,1241
[11.11.2015 22:26:14] Step 3: f(0,1221) = 32,7708 > f(0,1241) = 32,3739; a = alpha_1 = 0,1221.
[11.11.2015 22:26:14] Step 4: (b-a)/2 = 0,0055 < eps = 0,0100; STOP SEARCHING!
[11.11.2015 22:26:14] Iter 0: Answer is in the range: [0,1221; 0,1331]
[11.11.2015 22:26:14] Step 5: alpha_end = (a+b)/2; Minimum x* is: 0,1276
[11.11.2015 22:26:14] Step 9: Quasi-Newton matrix: 

[11.11.2015 22:26:14] Step 10: New local search point (0,000;0,000)
[11.11.2015 22:26:14] Step 11: Iteration end.
[11.11.2015 22:26:14] Step 2: ITERATION number 6
[11.11.2015 22:26:14] Step 5: Sk = 
[11.11.2015 22:26:14] Step 6: Yk = 
[11.11.2015 22:26:14] Step 7: Quasi-Newton matrix: 

[11.11.2015 22:26:14] Step 8: Search vector: (0,000;0,000)
[11.11.2015 22:26:14] DSK method started!
[11.11.2015 22:26:14] Step 1: f(alpha)=32,1278, f(alpha + h)=34,9076; k=0;
[11.11.2015 22:26:14] Step 3: a=0,1176, b=0,1376; Go to step 6!
[11.11.2015 22:26:14] Step 6: Interval is: [0,1176 ; 0,1376]
[11.11.2015 22:26:14] Dichotomy method has been started!
[11.11.2015 22:26:14] Counting: delta = eps / 10 = 0,001
[11.11.2015 22:26:14] Step 1: counting alpha_1 = 0,1266, alpha_2 = 0,1286
[11.11.2015 22:26:14] Step 3: f(0,1266) = 32,1381 <= f(0,1286) = 32,1669; b = alpha_2 = 0,1286.
[11.11.2015 22:26:14] Step 4: (b-a)/2 = 0,0055 < eps = 0,0100; STOP SEARCHING!
[11.11.2015 22:26:14] Iter 0: Answer is in the range: [0,1176; 0,1286]
[11.11.2015 22:26:15] Step 5: alpha_end = (a+b)/2; Minimum x* is: 0,1231
[11.11.2015 22:26:15] Step 9: Quasi-Newton matrix: 

[11.11.2015 22:26:15] Step 10: New local search point (0,000;0,000)
[11.11.2015 22:26:15] Step 11: Iteration end.
[11.11.2015 22:26:15] Step 2: ITERATION number 7
[11.11.2015 22:26:15] Step 5: Sk = 
[11.11.2015 22:26:15] Step 6: Yk = 
[11.11.2015 22:26:15] Step 7: Quasi-Newton matrix: 

[11.11.2015 22:26:15] Step 8: Search vector: (0,000;0,000)
[11.11.2015 22:26:15] DSK method started!
[11.11.2015 22:26:15] Step 1: f(alpha)=32,5498, f(alpha + h)=32,9814; k=0;
[11.11.2015 22:26:15] Step 3: a=0,1131, b=0,1331; Go to step 6!
[11.11.2015 22:26:15] Step 6: Interval is: [0,1131 ; 0,1331]
[11.11.2015 22:26:15] Dichotomy method has been started!
[11.11.2015 22:26:15] Counting: delta = eps / 10 = 0,001
[11.11.2015 22:26:15] Step 1: counting alpha_1 = 0,1221, alpha_2 = 0,1241
[11.11.2015 22:26:15] Step 3: f(0,1221) = 32,7708 > f(0,1241) = 32,3739; a = alpha_1 = 0,1221.
[11.11.2015 22:26:15] Step 4: (b-a)/2 = 0,0055 < eps = 0,0100; STOP SEARCHING!
[11.11.2015 22:26:15] Iter 0: Answer is in the range: [0,1221; 0,1331]
[11.11.2015 22:26:15] Step 5: alpha_end = (a+b)/2; Minimum x* is: 0,1276
[11.11.2015 22:26:15] Step 9: Quasi-Newton matrix: 

[11.11.2015 22:26:15] Step 10: New local search point (0,000;0,000)
[11.11.2015 22:26:15] Step 11: Iteration end.
[11.11.2015 22:26:15] Step 2: ITERATION number 8
[11.11.2015 22:26:15] Step 5: Sk = 
[11.11.2015 22:26:15] Step 6: Yk = 
[11.11.2015 22:26:15] Step 7: Quasi-Newton matrix: 

[11.11.2015 22:26:15] Step 8: Search vector: (0,000;0,000)
[11.11.2015 22:26:15] DSK method started!
[11.11.2015 22:26:15] Step 1: f(alpha)=32,1278, f(alpha + h)=34,9076; k=0;
[11.11.2015 22:26:15] Step 3: a=0,1176, b=0,1376; Go to step 6!
[11.11.2015 22:26:15] Step 6: Interval is: [0,1176 ; 0,1376]
[11.11.2015 22:26:15] Dichotomy method has been started!
[11.11.2015 22:26:15] Counting: delta = eps / 10 = 0,001
[11.11.2015 22:26:15] Step 1: counting alpha_1 = 0,1266, alpha_2 = 0,1286
[11.11.2015 22:26:15] Step 3: f(0,1266) = 32,1381 <= f(0,1286) = 32,1669; b = alpha_2 = 0,1286.
[11.11.2015 22:26:15] Step 4: (b-a)/2 = 0,0055 < eps = 0,0100; STOP SEARCHING!
[11.11.2015 22:26:15] Iter 0: Answer is in the range: [0,1176; 0,1286]
[11.11.2015 22:26:15] Step 5: alpha_end = (a+b)/2; Minimum x* is: 0,1231
[11.11.2015 22:26:15] Step 9: Quasi-Newton matrix: 

[11.11.2015 22:26:15] Step 10: New local search point (0,000;0,000)
[11.11.2015 22:26:15] Step 11: Iteration end.
[11.11.2015 22:26:15] Step 2: ITERATION number 9
[11.11.2015 22:26:15] Step 5: Sk = 
[11.11.2015 22:26:15] Step 6: Yk = 
[11.11.2015 22:26:15] Step 7: Quasi-Newton matrix: 

[11.11.2015 22:26:15] Step 8: Search vector: (0,000;0,000)
[11.11.2015 22:26:15] DSK method started!
[11.11.2015 22:26:15] Step 1: f(alpha)=32,5498, f(alpha + h)=32,9814; k=0;
[11.11.2015 22:26:15] Step 3: a=0,1131, b=0,1331; Go to step 6!
[11.11.2015 22:26:15] Step 6: Interval is: [0,1131 ; 0,1331]
[11.11.2015 22:26:15] Dichotomy method has been started!
[11.11.2015 22:26:15] Counting: delta = eps / 10 = 0,001
[11.11.2015 22:26:15] Step 1: counting alpha_1 = 0,1221, alpha_2 = 0,1241
[11.11.2015 22:26:15] Step 3: f(0,1221) = 32,7708 > f(0,1241) = 32,3739; a = alpha_1 = 0,1221.
[11.11.2015 22:26:15] Step 4: (b-a)/2 = 0,0055 < eps = 0,0100; STOP SEARCHING!
[11.11.2015 22:26:15] Iter 0: Answer is in the range: [0,1221; 0,1331]
[11.11.2015 22:26:15] Step 5: alpha_end = (a+b)/2; Minimum x* is: 0,1276
[11.11.2015 22:26:15] Step 9: Quasi-Newton matrix: 

[11.11.2015 22:26:15] Step 10: New local search point (0,000;0,000)
[11.11.2015 22:26:15] Step 11: Iteration end.
[11.11.2015 22:26:15] Step 2: ITERATION number 10
[11.11.2015 22:26:15] Step 5: Sk = 
[11.11.2015 22:26:15] Step 6: Yk = 
[11.11.2015 22:26:15] Step 7: Quasi-Newton matrix: 

[11.11.2015 22:26:15] Step 8: Search vector: (0,000;0,000)
[11.11.2015 22:26:15] DSK method started!
[11.11.2015 22:26:15] Step 1: f(alpha)=32,1278, f(alpha + h)=34,9076; k=0;
[11.11.2015 22:26:15] Step 3: a=0,1176, b=0,1376; Go to step 6!
[11.11.2015 22:26:15] Step 6: Interval is: [0,1176 ; 0,1376]
[11.11.2015 22:26:15] Dichotomy method has been started!
[11.11.2015 22:26:15] Counting: delta = eps / 10 = 0,001
[11.11.2015 22:26:15] Step 1: counting alpha_1 = 0,1266, alpha_2 = 0,1286
[11.11.2015 22:26:15] Step 3: f(0,1266) = 32,1381 <= f(0,1286) = 32,1669; b = alpha_2 = 0,1286.
[11.11.2015 22:26:15] Step 4: (b-a)/2 = 0,0055 < eps = 0,0100; STOP SEARCHING!
[11.11.2015 22:26:15] Iter 0: Answer is in the range: [0,1176; 0,1286]
[11.11.2015 22:26:15] Step 5: alpha_end = (a+b)/2; Minimum x* is: 0,1231
[11.11.2015 22:26:15] Step 9: Quasi-Newton matrix: 

[11.11.2015 22:26:15] Step 10: New local search point (0,000;0,000)
[11.11.2015 22:26:15] Step 11: Iteration end.
[11.11.2015 22:26:15] Step 2: ITERATION number 11
[11.11.2015 22:26:15] Step 5: Sk = 
[11.11.2015 22:26:15] Step 6: Yk = 
[11.11.2015 22:26:15] Step 7: Quasi-Newton matrix: 

[11.11.2015 22:26:15] Step 8: Search vector: (0,000;0,000)
[11.11.2015 22:26:15] DSK method started!
[11.11.2015 22:26:15] Step 1: f(alpha)=32,5498, f(alpha + h)=32,9814; k=0;
[11.11.2015 22:26:15] Step 3: a=0,1131, b=0,1331; Go to step 6!
[11.11.2015 22:26:15] Step 6: Interval is: [0,1131 ; 0,1331]
[11.11.2015 22:26:15] Dichotomy method has been started!
[11.11.2015 22:26:15] Counting: delta = eps / 10 = 0,001
[11.11.2015 22:26:15] Step 1: counting alpha_1 = 0,1221, alpha_2 = 0,1241
[11.11.2015 22:26:15] Step 3: f(0,1221) = 32,7708 > f(0,1241) = 32,3739; a = alpha_1 = 0,1221.
[11.11.2015 22:26:15] Step 4: (b-a)/2 = 0,0055 < eps = 0,0100; STOP SEARCHING!
[11.11.2015 22:26:15] Iter 0: Answer is in the range: [0,1221; 0,1331]
[11.11.2015 22:26:15] Step 5: alpha_end = (a+b)/2; Minimum x* is: 0,1276
[11.11.2015 22:26:15] Step 9: Quasi-Newton matrix: 

[11.11.2015 22:26:15] Step 10: New local search point (0,000;0,000)
[11.11.2015 22:26:15] Step 11: Iteration end.
[11.11.2015 22:26:15] Step 2: ITERATION number 12
[11.11.2015 22:26:15] Step 5: Sk = 
[11.11.2015 22:26:15] Step 6: Yk = 
[11.11.2015 22:26:15] Step 7: Quasi-Newton matrix: 

[11.11.2015 22:26:15] Step 8: Search vector: (0,000;0,000)
[11.11.2015 22:26:15] DSK method started!
[11.11.2015 22:26:15] Step 1: f(alpha)=32,1278, f(alpha + h)=34,9076; k=0;
[11.11.2015 22:26:15] Step 3: a=0,1176, b=0,1376; Go to step 6!
[11.11.2015 22:26:15] Step 6: Interval is: [0,1176 ; 0,1376]
[11.11.2015 22:26:15] Dichotomy method has been started!
[11.11.2015 22:26:15] Counting: delta = eps / 10 = 0,001
[11.11.2015 22:26:15] Step 1: counting alpha_1 = 0,1266, alpha_2 = 0,1286
[11.11.2015 22:26:15] Step 3: f(0,1266) = 32,1381 <= f(0,1286) = 32,1669; b = alpha_2 = 0,1286.
[11.11.2015 22:26:15] Step 4: (b-a)/2 = 0,0055 < eps = 0,0100; STOP SEARCHING!
[11.11.2015 22:26:15] Iter 0: Answer is in the range: [0,1176; 0,1286]
[11.11.2015 22:26:15] Step 5: alpha_end = (a+b)/2; Minimum x* is: 0,1231
[11.11.2015 22:26:15] Step 9: Quasi-Newton matrix: 

[11.11.2015 22:26:15] Step 10: New local search point (0,000;0,000)
[11.11.2015 22:26:15] Step 11: Iteration end.
[11.11.2015 22:26:15] Step 2: ITERATION number 13
[11.11.2015 22:26:15] Step 5: Sk = 
[11.11.2015 22:26:15] Step 6: Yk = 
[11.11.2015 22:26:15] Step 7: Quasi-Newton matrix: 

[11.11.2015 22:26:15] Step 8: Search vector: (0,000;0,000)
[11.11.2015 22:26:15] DSK method started!
[11.11.2015 22:26:15] Step 1: f(alpha)=32,5498, f(alpha + h)=32,9814; k=0;
[11.11.2015 22:26:15] Step 3: a=0,1131, b=0,1331; Go to step 6!
[11.11.2015 22:26:15] Step 6: Interval is: [0,1131 ; 0,1331]
[11.11.2015 22:26:15] Dichotomy method has been started!
[11.11.2015 22:26:15] Counting: delta = eps / 10 = 0,001
[11.11.2015 22:26:15] Step 1: counting alpha_1 = 0,1221, alpha_2 = 0,1241
[11.11.2015 22:26:15] Step 3: f(0,1221) = 32,7708 > f(0,1241) = 32,3739; a = alpha_1 = 0,1221.
[11.11.2015 22:26:15] Step 4: (b-a)/2 = 0,0055 < eps = 0,0100; STOP SEARCHING!
[11.11.2015 22:26:15] Iter 0: Answer is in the range: [0,1221; 0,1331]
[11.11.2015 22:26:15] Step 5: alpha_end = (a+b)/2; Minimum x* is: 0,1276
[11.11.2015 22:26:15] Step 9: Quasi-Newton matrix: 

[11.11.2015 22:26:15] Step 10: New local search point (0,000;0,000)
[11.11.2015 22:26:15] Step 11: Iteration end.
[11.11.2015 22:26:15] Step 2: ITERATION number 14
[11.11.2015 22:26:15] Step 5: Sk = 
[11.11.2015 22:26:15] Step 6: Yk = 
[11.11.2015 22:26:15] Step 7: Quasi-Newton matrix: 

[11.11.2015 22:26:15] Step 8: Search vector: (0,000;0,000)
[11.11.2015 22:26:15] DSK method started!
[11.11.2015 22:26:16] Step 1: f(alpha)=32,1278, f(alpha + h)=34,9076; k=0;
[11.11.2015 22:26:16] Step 3: a=0,1176, b=0,1376; Go to step 6!
[11.11.2015 22:26:16] Step 6: Interval is: [0,1176 ; 0,1376]
[11.11.2015 22:26:16] Dichotomy method has been started!
[11.11.2015 22:26:16] Counting: delta = eps / 10 = 0,001
[11.11.2015 22:26:16] Step 1: counting alpha_1 = 0,1266, alpha_2 = 0,1286
[11.11.2015 22:26:16] Step 3: f(0,1266) = 32,1381 <= f(0,1286) = 32,1669; b = alpha_2 = 0,1286.
[11.11.2015 22:26:16] Step 4: (b-a)/2 = 0,0055 < eps = 0,0100; STOP SEARCHING!
[11.11.2015 22:26:16] Iter 0: Answer is in the range: [0,1176; 0,1286]
[11.11.2015 22:26:16] Step 5: alpha_end = (a+b)/2; Minimum x* is: 0,1231
[11.11.2015 22:26:16] Step 9: Quasi-Newton matrix: 

[11.11.2015 22:26:16] Step 10: New local search point (0,000;0,000)
[11.11.2015 22:26:16] Step 11: Iteration end.
[11.11.2015 22:26:16] Step 2: ITERATION number 15
[11.11.2015 22:26:16] Step 5: Sk = 
[11.11.2015 22:26:16] Step 6: Yk = 
[11.11.2015 22:26:16] Step 7: Quasi-Newton matrix: 

[11.11.2015 22:26:16] Step 8: Search vector: (0,000;0,000)
[11.11.2015 22:26:16] DSK method started!
[11.11.2015 22:26:16] Step 1: f(alpha)=32,5498, f(alpha + h)=32,9814; k=0;
[11.11.2015 22:26:16] Step 3: a=0,1131, b=0,1331; Go to step 6!
[11.11.2015 22:26:16] Step 6: Interval is: [0,1131 ; 0,1331]
[11.11.2015 22:26:16] Dichotomy method has been started!
[11.11.2015 22:26:16] Counting: delta = eps / 10 = 0,001
[11.11.2015 22:26:16] Step 1: counting alpha_1 = 0,1221, alpha_2 = 0,1241
[11.11.2015 22:26:16] Step 3: f(0,1221) = 32,7708 > f(0,1241) = 32,3739; a = alpha_1 = 0,1221.
[11.11.2015 22:26:16] Step 4: (b-a)/2 = 0,0055 < eps = 0,0100; STOP SEARCHING!
[11.11.2015 22:26:16] Iter 0: Answer is in the range: [0,1221; 0,1331]
[11.11.2015 22:26:16] Step 5: alpha_end = (a+b)/2; Minimum x* is: 0,1276
[11.11.2015 22:26:16] Step 9: Quasi-Newton matrix: 

[11.11.2015 22:26:16] Step 10: New local search point (0,000;0,000)
[11.11.2015 22:26:16] Step 11: Iteration end.
[11.11.2015 22:26:16] Step 2: ITERATION number 16
[11.11.2015 22:26:16] Step 5: Sk = 
[11.11.2015 22:26:16] Step 6: Yk = 
[11.11.2015 22:26:16] Step 7: Quasi-Newton matrix: 

[11.11.2015 22:26:16] Step 8: Search vector: (0,000;0,000)
[11.11.2015 22:26:16] DSK method started!
[11.11.2015 22:26:16] Step 1: f(alpha)=32,1278, f(alpha + h)=34,9076; k=0;
[11.11.2015 22:26:16] Step 3: a=0,1176, b=0,1376; Go to step 6!
[11.11.2015 22:26:16] Step 6: Interval is: [0,1176 ; 0,1376]
[11.11.2015 22:26:16] Dichotomy method has been started!
[11.11.2015 22:26:16] Counting: delta = eps / 10 = 0,001
[11.11.2015 22:26:16] Step 1: counting alpha_1 = 0,1266, alpha_2 = 0,1286
[11.11.2015 22:26:16] Step 3: f(0,1266) = 32,1381 <= f(0,1286) = 32,1669; b = alpha_2 = 0,1286.
[11.11.2015 22:26:16] Step 4: (b-a)/2 = 0,0055 < eps = 0,0100; STOP SEARCHING!
[11.11.2015 22:26:16] Iter 0: Answer is in the range: [0,1176; 0,1286]
[11.11.2015 22:26:16] Step 5: alpha_end = (a+b)/2; Minimum x* is: 0,1231
[11.11.2015 22:26:16] Step 9: Quasi-Newton matrix: 

[11.11.2015 22:26:16] Step 10: New local search point (0,000;0,000)
[11.11.2015 22:26:16] Step 11: Iteration end.
[11.11.2015 22:26:16] Step 2: ITERATION number 17
[11.11.2015 22:26:16] Step 5: Sk = 
[11.11.2015 22:26:16] Step 6: Yk = 
[11.11.2015 22:26:16] Step 7: Quasi-Newton matrix: 

[11.11.2015 22:26:16] Step 8: Search vector: (0,000;0,000)
[11.11.2015 22:26:16] DSK method started!
[11.11.2015 22:26:16] Step 1: f(alpha)=32,5498, f(alpha + h)=32,9814; k=0;
[11.11.2015 22:26:16] Step 3: a=0,1131, b=0,1331; Go to step 6!
[11.11.2015 22:26:16] Step 6: Interval is: [0,1131 ; 0,1331]
[11.11.2015 22:26:16] Dichotomy method has been started!
[11.11.2015 22:26:16] Counting: delta = eps / 10 = 0,001
[11.11.2015 22:26:16] Step 1: counting alpha_1 = 0,1221, alpha_2 = 0,1241
[11.11.2015 22:26:16] Step 3: f(0,1221) = 32,7708 > f(0,1241) = 32,3739; a = alpha_1 = 0,1221.
[11.11.2015 22:26:16] Step 4: (b-a)/2 = 0,0055 < eps = 0,0100; STOP SEARCHING!
[11.11.2015 22:26:16] Iter 0: Answer is in the range: [0,1221; 0,1331]
[11.11.2015 22:26:16] Step 5: alpha_end = (a+b)/2; Minimum x* is: 0,1276
[11.11.2015 22:26:16] Step 9: Quasi-Newton matrix: 

[11.11.2015 22:26:16] Step 10: New local search point (0,000;0,000)
[11.11.2015 22:26:16] Step 11: Iteration end.
[11.11.2015 22:26:16] Step 2: ITERATION number 18
[11.11.2015 22:26:16] Step 5: Sk = 
[11.11.2015 22:26:16] Step 6: Yk = 
[11.11.2015 22:26:16] Step 7: Quasi-Newton matrix: 

[11.11.2015 22:26:16] Step 8: Search vector: (0,000;0,000)
[11.11.2015 22:26:16] DSK method started!
[11.11.2015 22:26:16] Step 1: f(alpha)=32,1278, f(alpha + h)=34,9076; k=0;
[11.11.2015 22:26:16] Step 3: a=0,1176, b=0,1376; Go to step 6!
[11.11.2015 22:26:16] Step 6: Interval is: [0,1176 ; 0,1376]
[11.11.2015 22:26:16] Dichotomy method has been started!
[11.11.2015 22:26:16] Counting: delta = eps / 10 = 0,001
[11.11.2015 22:26:16] Step 1: counting alpha_1 = 0,1266, alpha_2 = 0,1286
[11.11.2015 22:26:16] Step 3: f(0,1266) = 32,1381 <= f(0,1286) = 32,1669; b = alpha_2 = 0,1286.
[11.11.2015 22:26:16] Step 4: (b-a)/2 = 0,0055 < eps = 0,0100; STOP SEARCHING!
[11.11.2015 22:26:16] Iter 0: Answer is in the range: [0,1176; 0,1286]
[11.11.2015 22:26:16] Step 5: alpha_end = (a+b)/2; Minimum x* is: 0,1231
[11.11.2015 22:26:16] Step 9: Quasi-Newton matrix: 

[11.11.2015 22:26:16] Step 10: New local search point (0,000;0,000)
[11.11.2015 22:26:16] Step 11: Iteration end.
[11.11.2015 22:26:16] Step 2: ITERATION number 19
[11.11.2015 22:26:16] Step 5: Sk = 
[11.11.2015 22:26:16] Step 6: Yk = 
[11.11.2015 22:26:16] Step 7: Quasi-Newton matrix: 

[11.11.2015 22:26:16] Step 8: Search vector: (0,000;0,000)
[11.11.2015 22:26:16] DSK method started!
[11.11.2015 22:26:16] Step 1: f(alpha)=32,5498, f(alpha + h)=32,9814; k=0;
[11.11.2015 22:26:16] Step 3: a=0,1131, b=0,1331; Go to step 6!
[11.11.2015 22:26:16] Step 6: Interval is: [0,1131 ; 0,1331]
[11.11.2015 22:26:16] Dichotomy method has been started!
[11.11.2015 22:26:16] Counting: delta = eps / 10 = 0,001
[11.11.2015 22:26:16] Step 1: counting alpha_1 = 0,1221, alpha_2 = 0,1241
[11.11.2015 22:26:16] Step 3: f(0,1221) = 32,7708 > f(0,1241) = 32,3739; a = alpha_1 = 0,1221.
[11.11.2015 22:26:16] Step 4: (b-a)/2 = 0,0055 < eps = 0,0100; STOP SEARCHING!
[11.11.2015 22:26:16] Iter 0: Answer is in the range: [0,1221; 0,1331]
[11.11.2015 22:26:16] Step 5: alpha_end = (a+b)/2; Minimum x* is: 0,1276
[11.11.2015 22:26:16] Step 9: Quasi-Newton matrix: 

[11.11.2015 22:26:16] Step 10: New local search point (0,000;0,000)
[11.11.2015 22:26:16] Step 11: Iteration end.
[11.11.2015 22:26:16] Step 2: ITERATION number 20
[11.11.2015 22:26:16] Step 5: Sk = 
[11.11.2015 22:26:16] Step 6: Yk = 
[11.11.2015 22:26:16] Step 7: Quasi-Newton matrix: 

[11.11.2015 22:26:16] Step 8: Search vector: (0,000;0,000)
[11.11.2015 22:26:16] DSK method started!
[11.11.2015 22:26:16] Step 1: f(alpha)=32,1278, f(alpha + h)=34,9076; k=0;
[11.11.2015 22:26:16] Step 3: a=0,1176, b=0,1376; Go to step 6!
[11.11.2015 22:26:16] Step 6: Interval is: [0,1176 ; 0,1376]
[11.11.2015 22:26:16] Dichotomy method has been started!
[11.11.2015 22:26:16] Counting: delta = eps / 10 = 0,001
[11.11.2015 22:26:16] Step 1: counting alpha_1 = 0,1266, alpha_2 = 0,1286
[11.11.2015 22:26:17] Step 3: f(0,1266) = 32,1381 <= f(0,1286) = 32,1669; b = alpha_2 = 0,1286.
[11.11.2015 22:26:17] Step 4: (b-a)/2 = 0,0055 < eps = 0,0100; STOP SEARCHING!
[11.11.2015 22:26:17] Iter 0: Answer is in the range: [0,1176; 0,1286]
[11.11.2015 22:26:17] Step 5: alpha_end = (a+b)/2; Minimum x* is: 0,1231
[11.11.2015 22:26:17] Step 9: Quasi-Newton matrix: 

[11.11.2015 22:26:17] Step 10: New local search point (0,000;0,000)
[11.11.2015 22:26:17] Step 11: Iteration end.
[11.11.2015 22:26:17] Step 2: ITERATION number 21
[11.11.2015 22:26:17] Step 5: Sk = 
[11.11.2015 22:26:17] Step 6: Yk = 
[11.11.2015 22:26:17] Step 7: Quasi-Newton matrix: 

[11.11.2015 22:26:17] Step 8: Search vector: (0,000;0,000)
[11.11.2015 22:26:17] DSK method started!
[11.11.2015 22:26:17] Step 1: f(alpha)=32,5498, f(alpha + h)=32,9814; k=0;
[11.11.2015 22:26:17] Step 3: a=0,1131, b=0,1331; Go to step 6!
[11.11.2015 22:26:17] Step 6: Interval is: [0,1131 ; 0,1331]
[11.11.2015 22:26:17] Dichotomy method has been started!
[11.11.2015 22:26:17] Counting: delta = eps / 10 = 0,001
[11.11.2015 22:26:17] Step 1: counting alpha_1 = 0,1221, alpha_2 = 0,1241
[11.11.2015 22:26:17] Step 3: f(0,1221) = 32,7708 > f(0,1241) = 32,3739; a = alpha_1 = 0,1221.
[11.11.2015 22:26:17] Step 4: (b-a)/2 = 0,0055 < eps = 0,0100; STOP SEARCHING!
[11.11.2015 22:26:17] Iter 0: Answer is in the range: [0,1221; 0,1331]
[11.11.2015 22:26:17] Step 5: alpha_end = (a+b)/2; Minimum x* is: 0,1276
[11.11.2015 22:26:17] Step 9: Quasi-Newton matrix: 

[11.11.2015 22:26:17] Step 10: New local search point (0,000;0,000)
[11.11.2015 22:26:17] Step 11: Iteration end.
[11.11.2015 22:26:17] Step 2: ITERATION number 22
[11.11.2015 22:26:17] Step 5: Sk = 
[11.11.2015 22:26:17] Step 6: Yk = 
[11.11.2015 22:26:17] Step 7: Quasi-Newton matrix: 

[11.11.2015 22:26:17] Step 8: Search vector: (0,000;0,000)
[11.11.2015 22:26:17] DSK method started!
[11.11.2015 22:26:17] Step 1: f(alpha)=32,1278, f(alpha + h)=34,9076; k=0;
[11.11.2015 22:26:17] Step 3: a=0,1176, b=0,1376; Go to step 6!
[11.11.2015 22:26:17] Step 6: Interval is: [0,1176 ; 0,1376]
[11.11.2015 22:26:17] Dichotomy method has been started!
[11.11.2015 22:26:17] Counting: delta = eps / 10 = 0,001
[11.11.2015 22:26:17] Step 1: counting alpha_1 = 0,1266, alpha_2 = 0,1286
[11.11.2015 22:26:17] Step 3: f(0,1266) = 32,1381 <= f(0,1286) = 32,1669; b = alpha_2 = 0,1286.
[11.11.2015 22:26:17] Step 4: (b-a)/2 = 0,0055 < eps = 0,0100; STOP SEARCHING!
[11.11.2015 22:26:17] Iter 0: Answer is in the range: [0,1176; 0,1286]
[11.11.2015 22:26:17] Step 5: alpha_end = (a+b)/2; Minimum x* is: 0,1231
[11.11.2015 22:26:17] Step 9: Quasi-Newton matrix: 

[11.11.2015 22:26:17] Step 10: New local search point (0,000;0,000)
[11.11.2015 22:26:17] Step 11: Iteration end.
[11.11.2015 22:26:17] Step 2: ITERATION number 23
[11.11.2015 22:26:17] Step 5: Sk = 
[11.11.2015 22:26:17] Step 6: Yk = 
[11.11.2015 22:26:17] Step 7: Quasi-Newton matrix: 

[11.11.2015 22:26:17] Step 8: Search vector: (0,000;0,000)
[11.11.2015 22:26:17] DSK method started!
[11.11.2015 22:26:17] Step 1: f(alpha)=32,5498, f(alpha + h)=32,9814; k=0;
[11.11.2015 22:26:17] Step 3: a=0,1131, b=0,1331; Go to step 6!
[11.11.2015 22:26:17] Step 6: Interval is: [0,1131 ; 0,1331]
[11.11.2015 22:26:17] Dichotomy method has been started!
[11.11.2015 22:26:17] Counting: delta = eps / 10 = 0,001
[11.11.2015 22:26:17] Step 1: counting alpha_1 = 0,1221, alpha_2 = 0,1241
[11.11.2015 22:26:17] Step 3: f(0,1221) = 32,7708 > f(0,1241) = 32,3739; a = alpha_1 = 0,1221.
[11.11.2015 22:26:17] Step 4: (b-a)/2 = 0,0055 < eps = 0,0100; STOP SEARCHING!
[11.11.2015 22:26:17] Iter 0: Answer is in the range: [0,1221; 0,1331]
[11.11.2015 22:26:17] Step 5: alpha_end = (a+b)/2; Minimum x* is: 0,1276
[11.11.2015 22:26:17] Step 9: Quasi-Newton matrix: 

[11.11.2015 22:26:17] Step 10: New local search point (0,000;0,000)
[11.11.2015 22:26:17] Step 11: Iteration end.
[11.11.2015 22:26:17] Step 2: ITERATION number 24
[11.11.2015 22:26:17] Step 5: Sk = 
[11.11.2015 22:26:17] Step 6: Yk = 
[11.11.2015 22:26:17] Step 7: Quasi-Newton matrix: 

[11.11.2015 22:26:17] Step 8: Search vector: (0,000;0,000)
[11.11.2015 22:26:17] DSK method started!
[11.11.2015 22:26:17] Step 1: f(alpha)=32,1278, f(alpha + h)=34,9076; k=0;
[11.11.2015 22:26:17] Step 3: a=0,1176, b=0,1376; Go to step 6!
[11.11.2015 22:26:17] Step 6: Interval is: [0,1176 ; 0,1376]
[11.11.2015 22:26:17] Dichotomy method has been started!
[11.11.2015 22:26:17] Counting: delta = eps / 10 = 0,001
[11.11.2015 22:26:17] Step 1: counting alpha_1 = 0,1266, alpha_2 = 0,1286
[11.11.2015 22:26:17] Step 3: f(0,1266) = 32,1381 <= f(0,1286) = 32,1669; b = alpha_2 = 0,1286.
[11.11.2015 22:26:17] Step 4: (b-a)/2 = 0,0055 < eps = 0,0100; STOP SEARCHING!
[11.11.2015 22:26:17] Iter 0: Answer is in the range: [0,1176; 0,1286]
[11.11.2015 22:26:17] Step 5: alpha_end = (a+b)/2; Minimum x* is: 0,1231
[11.11.2015 22:26:17] Step 9: Quasi-Newton matrix: 

[11.11.2015 22:26:17] Step 10: New local search point (0,000;0,000)
[11.11.2015 22:26:17] Step 11: Iteration end.
[11.11.2015 22:26:17] Step 2: ITERATION number 25
[11.11.2015 22:26:17] Step 5: Sk = 
[11.11.2015 22:26:17] Step 6: Yk = 
[11.11.2015 22:26:17] Step 7: Quasi-Newton matrix: 

[11.11.2015 22:26:17] Step 8: Search vector: (0,000;0,000)
[11.11.2015 22:26:17] DSK method started!
[11.11.2015 22:26:17] Step 1: f(alpha)=32,5498, f(alpha + h)=32,9814; k=0;
[11.11.2015 22:26:17] Step 3: a=0,1131, b=0,1331; Go to step 6!
[11.11.2015 22:26:17] Step 6: Interval is: [0,1131 ; 0,1331]
[11.11.2015 22:26:17] Dichotomy method has been started!
[11.11.2015 22:26:17] Counting: delta = eps / 10 = 0,001
[11.11.2015 22:26:17] Step 1: counting alpha_1 = 0,1221, alpha_2 = 0,1241
[11.11.2015 22:26:17] Step 3: f(0,1221) = 32,7708 > f(0,1241) = 32,3739; a = alpha_1 = 0,1221.
[11.11.2015 22:26:17] Step 4: (b-a)/2 = 0,0055 < eps = 0,0100; STOP SEARCHING!
[11.11.2015 22:26:17] Iter 0: Answer is in the range: [0,1221; 0,1331]
[11.11.2015 22:26:17] Step 5: alpha_end = (a+b)/2; Minimum x* is: 0,1276
[11.11.2015 22:26:17] Step 9: Quasi-Newton matrix: 

[11.11.2015 22:26:17] Step 10: New local search point (0,000;0,000)
[11.11.2015 22:26:17] Step 11: Iteration end.
[11.11.2015 22:26:17] Step 2: ITERATION number 26
[11.11.2015 22:26:17] Step 5: Sk = 
[11.11.2015 22:26:17] Step 6: Yk = 
[11.11.2015 22:26:17] Step 7: Quasi-Newton matrix: 

[11.11.2015 22:26:17] Step 8: Search vector: (0,000;0,000)
[11.11.2015 22:26:17] DSK method started!
[11.11.2015 22:26:17] Step 1: f(alpha)=32,1278, f(alpha + h)=34,9076; k=0;
[11.11.2015 22:26:17] Step 3: a=0,1176, b=0,1376; Go to step 6!
[11.11.2015 22:26:17] Step 6: Interval is: [0,1176 ; 0,1376]
[11.11.2015 22:26:18] Dichotomy method has been started!
[11.11.2015 22:26:18] Counting: delta = eps / 10 = 0,001
[11.11.2015 22:26:18] Step 1: counting alpha_1 = 0,1266, alpha_2 = 0,1286
[11.11.2015 22:26:18] Step 3: f(0,1266) = 32,1381 <= f(0,1286) = 32,1669; b = alpha_2 = 0,1286.
[11.11.2015 22:26:18] Step 4: (b-a)/2 = 0,0055 < eps = 0,0100; STOP SEARCHING!
[11.11.2015 22:26:18] Iter 0: Answer is in the range: [0,1176; 0,1286]
[11.11.2015 22:26:18] Step 5: alpha_end = (a+b)/2; Minimum x* is: 0,1231
[11.11.2015 22:26:18] Step 9: Quasi-Newton matrix: 

[11.11.2015 22:26:18] Step 10: New local search point (0,000;0,000)
[11.11.2015 22:26:18] Step 11: Iteration end.
[11.11.2015 22:26:18] Step 2: ITERATION number 27
[11.11.2015 22:26:18] Step 5: Sk = 
[11.11.2015 22:26:18] Step 6: Yk = 
[11.11.2015 22:26:18] Step 7: Quasi-Newton matrix: 

[11.11.2015 22:26:18] Step 8: Search vector: (0,000;0,000)
[11.11.2015 22:26:18] DSK method started!
[11.11.2015 22:26:18] Step 1: f(alpha)=32,5498, f(alpha + h)=32,9814; k=0;
[11.11.2015 22:26:18] Step 3: a=0,1131, b=0,1331; Go to step 6!
[11.11.2015 22:26:18] Step 6: Interval is: [0,1131 ; 0,1331]
[11.11.2015 22:26:18] Dichotomy method has been started!
[11.11.2015 22:26:18] Counting: delta = eps / 10 = 0,001
[11.11.2015 22:26:18] Step 1: counting alpha_1 = 0,1221, alpha_2 = 0,1241
[11.11.2015 22:26:18] Step 3: f(0,1221) = 32,7708 > f(0,1241) = 32,3739; a = alpha_1 = 0,1221.
[11.11.2015 22:26:18] Step 4: (b-a)/2 = 0,0055 < eps = 0,0100; STOP SEARCHING!
[11.11.2015 22:26:18] Iter 0: Answer is in the range: [0,1221; 0,1331]
[11.11.2015 22:26:18] Step 5: alpha_end = (a+b)/2; Minimum x* is: 0,1276
[11.11.2015 22:26:18] Step 9: Quasi-Newton matrix: 

[11.11.2015 22:26:18] Step 10: New local search point (0,000;0,000)
[11.11.2015 22:26:18] Step 11: Iteration end.
[11.11.2015 22:26:18] Step 2: ITERATION number 28
[11.11.2015 22:26:18] Step 5: Sk = 
[11.11.2015 22:26:18] Step 6: Yk = 
[11.11.2015 22:26:18] Step 7: Quasi-Newton matrix: 

[11.11.2015 22:26:18] Step 8: Search vector: (0,000;0,000)
[11.11.2015 22:26:18] DSK method started!
[11.11.2015 22:26:18] Step 1: f(alpha)=32,1278, f(alpha + h)=34,9076; k=0;
[11.11.2015 22:26:18] Step 3: a=0,1176, b=0,1376; Go to step 6!
[11.11.2015 22:26:18] Step 6: Interval is: [0,1176 ; 0,1376]
[11.11.2015 22:26:18] Dichotomy method has been started!
[11.11.2015 22:26:18] Counting: delta = eps / 10 = 0,001
[11.11.2015 22:26:18] Step 1: counting alpha_1 = 0,1266, alpha_2 = 0,1286
[11.11.2015 22:26:18] Step 3: f(0,1266) = 32,1381 <= f(0,1286) = 32,1669; b = alpha_2 = 0,1286.
[11.11.2015 22:26:18] Step 4: (b-a)/2 = 0,0055 < eps = 0,0100; STOP SEARCHING!
[11.11.2015 22:26:18] Iter 0: Answer is in the range: [0,1176; 0,1286]
[11.11.2015 22:26:18] Step 5: alpha_end = (a+b)/2; Minimum x* is: 0,1231
[11.11.2015 22:26:18] Step 9: Quasi-Newton matrix: 

[11.11.2015 22:26:18] Step 10: New local search point (0,000;0,000)
[11.11.2015 22:26:18] Step 11: Iteration end.
[11.11.2015 22:26:18] Step 2: ITERATION number 29
[11.11.2015 22:26:18] Step 5: Sk = 
[11.11.2015 22:26:18] Step 6: Yk = 
[11.11.2015 22:26:18] Step 7: Quasi-Newton matrix: 

[11.11.2015 22:26:18] Step 8: Search vector: (0,000;0,000)
[11.11.2015 22:26:18] DSK method started!
[11.11.2015 22:26:18] Step 1: f(alpha)=32,5498, f(alpha + h)=32,9814; k=0;
[11.11.2015 22:26:18] Step 3: a=0,1131, b=0,1331; Go to step 6!
[11.11.2015 22:26:18] Step 6: Interval is: [0,1131 ; 0,1331]
[11.11.2015 22:26:18] Dichotomy method has been started!
[11.11.2015 22:26:18] Counting: delta = eps / 10 = 0,001
[11.11.2015 22:26:18] Step 1: counting alpha_1 = 0,1221, alpha_2 = 0,1241
[11.11.2015 22:26:18] Step 3: f(0,1221) = 32,7708 > f(0,1241) = 32,3739; a = alpha_1 = 0,1221.
[11.11.2015 22:26:18] Step 4: (b-a)/2 = 0,0055 < eps = 0,0100; STOP SEARCHING!
[11.11.2015 22:26:18] Iter 0: Answer is in the range: [0,1221; 0,1331]
[11.11.2015 22:26:18] Step 5: alpha_end = (a+b)/2; Minimum x* is: 0,1276
[11.11.2015 22:26:18] Step 9: Quasi-Newton matrix: 

[11.11.2015 22:26:18] Step 10: New local search point (0,000;0,000)
[11.11.2015 22:26:18] Step 11: Iteration end.
[11.11.2015 22:26:18] Step 2: ITERATION number 30
[11.11.2015 22:26:18] Step 5: Sk = 
[11.11.2015 22:26:18] Step 6: Yk = 
[11.11.2015 22:26:18] Step 7: Quasi-Newton matrix: 

[11.11.2015 22:26:18] Step 8: Search vector: (0,000;0,000)
[11.11.2015 22:26:18] DSK method started!
[11.11.2015 22:26:18] Step 1: f(alpha)=32,1278, f(alpha + h)=34,9076; k=0;
[11.11.2015 22:26:18] Step 3: a=0,1176, b=0,1376; Go to step 6!
[11.11.2015 22:26:18] Step 6: Interval is: [0,1176 ; 0,1376]
[11.11.2015 22:26:18] Dichotomy method has been started!
[11.11.2015 22:26:18] Counting: delta = eps / 10 = 0,001
[11.11.2015 22:26:18] Step 1: counting alpha_1 = 0,1266, alpha_2 = 0,1286
[11.11.2015 22:26:18] Step 3: f(0,1266) = 32,1381 <= f(0,1286) = 32,1669; b = alpha_2 = 0,1286.
[11.11.2015 22:26:18] Step 4: (b-a)/2 = 0,0055 < eps = 0,0100; STOP SEARCHING!
[11.11.2015 22:26:18] Iter 0: Answer is in the range: [0,1176; 0,1286]
[11.11.2015 22:26:18] Step 5: alpha_end = (a+b)/2; Minimum x* is: 0,1231
[11.11.2015 22:26:18] Step 9: Quasi-Newton matrix: 

[11.11.2015 22:26:18] Step 10: New local search point (0,000;0,000)
[11.11.2015 22:26:18] Step 11: Iteration end.
[11.11.2015 22:26:18] Step 2: ITERATION number 31
[11.11.2015 22:26:18] Step 5: Sk = 
[11.11.2015 22:26:18] Step 6: Yk = 
[11.11.2015 22:26:18] Step 7: Quasi-Newton matrix: 

[11.11.2015 22:26:18] Step 8: Search vector: (0,000;0,000)
[11.11.2015 22:26:18] DSK method started!
[11.11.2015 22:26:18] Step 1: f(alpha)=32,5498, f(alpha + h)=32,9814; k=0;
[11.11.2015 22:26:18] Step 3: a=0,1131, b=0,1331; Go to step 6!
[11.11.2015 22:26:18] Step 6: Interval is: [0,1131 ; 0,1331]
[11.11.2015 22:26:18] Dichotomy method has been started!
[11.11.2015 22:26:18] Counting: delta = eps / 10 = 0,001
[11.11.2015 22:26:18] Step 1: counting alpha_1 = 0,1221, alpha_2 = 0,1241
[11.11.2015 22:26:18] Step 3: f(0,1221) = 32,7708 > f(0,1241) = 32,3739; a = alpha_1 = 0,1221.
[11.11.2015 22:26:18] Step 4: (b-a)/2 = 0,0055 < eps = 0,0100; STOP SEARCHING!
[11.11.2015 22:26:18] Iter 0: Answer is in the range: [0,1221; 0,1331]
[11.11.2015 22:26:18] Step 5: alpha_end = (a+b)/2; Minimum x* is: 0,1276
[11.11.2015 22:26:18] Step 9: Quasi-Newton matrix: 

[11.11.2015 22:26:18] Step 10: New local search point (0,000;0,000)
[11.11.2015 22:26:18] Step 11: Iteration end.
[11.11.2015 22:26:18] Step 2: ITERATION number 32
[11.11.2015 22:26:18] Step 5: Sk = 
[11.11.2015 22:26:18] Step 6: Yk = 
[11.11.2015 22:26:19] Step 7: Quasi-Newton matrix: 

[11.11.2015 22:26:19] Step 8: Search vector: (0,000;0,000)
[11.11.2015 22:26:19] DSK method started!
[11.11.2015 22:26:19] Step 1: f(alpha)=32,1278, f(alpha + h)=34,9076; k=0;
[11.11.2015 22:26:19] Step 3: a=0,1176, b=0,1376; Go to step 6!
[11.11.2015 22:26:19] Step 6: Interval is: [0,1176 ; 0,1376]
[11.11.2015 22:26:19] Dichotomy method has been started!
[11.11.2015 22:26:19] Counting: delta = eps / 10 = 0,001
[11.11.2015 22:26:19] Step 1: counting alpha_1 = 0,1266, alpha_2 = 0,1286
[11.11.2015 22:26:19] Step 3: f(0,1266) = 32,1381 <= f(0,1286) = 32,1669; b = alpha_2 = 0,1286.
[11.11.2015 22:26:19] Step 4: (b-a)/2 = 0,0055 < eps = 0,0100; STOP SEARCHING!
[11.11.2015 22:26:19] Iter 0: Answer is in the range: [0,1176; 0,1286]
[11.11.2015 22:26:19] Step 5: alpha_end = (a+b)/2; Minimum x* is: 0,1231
[11.11.2015 22:26:19] Step 9: Quasi-Newton matrix: 

[11.11.2015 22:26:19] Step 10: New local search point (0,000;0,000)
[11.11.2015 22:26:19] Step 11: Iteration end.
[11.11.2015 22:26:19] Step 2: ITERATION number 33
[11.11.2015 22:26:19] Step 5: Sk = 
[11.11.2015 22:26:19] Step 6: Yk = 
[11.11.2015 22:26:19] Step 7: Quasi-Newton matrix: 

[11.11.2015 22:26:19] Step 8: Search vector: (0,000;0,000)
[11.11.2015 22:26:19] DSK method started!
[11.11.2015 22:26:19] Step 1: f(alpha)=32,5498, f(alpha + h)=32,9814; k=0;
[11.11.2015 22:26:19] Step 3: a=0,1131, b=0,1331; Go to step 6!
[11.11.2015 22:26:19] Step 6: Interval is: [0,1131 ; 0,1331]
[11.11.2015 22:26:19] Dichotomy method has been started!
[11.11.2015 22:26:19] Counting: delta = eps / 10 = 0,001
[11.11.2015 22:26:19] Step 1: counting alpha_1 = 0,1221, alpha_2 = 0,1241
[11.11.2015 22:26:19] Step 3: f(0,1221) = 32,7708 > f(0,1241) = 32,3739; a = alpha_1 = 0,1221.
[11.11.2015 22:26:19] Step 4: (b-a)/2 = 0,0055 < eps = 0,0100; STOP SEARCHING!
[11.11.2015 22:26:19] Iter 0: Answer is in the range: [0,1221; 0,1331]
[11.11.2015 22:26:19] Step 5: alpha_end = (a+b)/2; Minimum x* is: 0,1276
[11.11.2015 22:26:19] Step 9: Quasi-Newton matrix: 

[11.11.2015 22:26:19] Step 10: New local search point (0,000;0,000)
[11.11.2015 22:26:19] Step 11: Iteration end.
[11.11.2015 22:26:19] Step 2: ITERATION number 34
[11.11.2015 22:26:19] Step 5: Sk = 
[11.11.2015 22:26:19] Step 6: Yk = 
[11.11.2015 22:26:19] Step 7: Quasi-Newton matrix: 

[11.11.2015 22:26:19] Step 8: Search vector: (0,000;0,000)
[11.11.2015 22:26:19] DSK method started!
[11.11.2015 22:26:19] Step 1: f(alpha)=32,1278, f(alpha + h)=34,9076; k=0;
[11.11.2015 22:26:19] Step 3: a=0,1176, b=0,1376; Go to step 6!
[11.11.2015 22:26:19] Step 6: Interval is: [0,1176 ; 0,1376]
[11.11.2015 22:26:19] Dichotomy method has been started!
[11.11.2015 22:26:19] Counting: delta = eps / 10 = 0,001
[11.11.2015 22:26:19] Step 1: counting alpha_1 = 0,1266, alpha_2 = 0,1286
[11.11.2015 22:26:19] Step 3: f(0,1266) = 32,1381 <= f(0,1286) = 32,1669; b = alpha_2 = 0,1286.
[11.11.2015 22:26:19] Step 4: (b-a)/2 = 0,0055 < eps = 0,0100; STOP SEARCHING!
[11.11.2015 22:26:19] Iter 0: Answer is in the range: [0,1176; 0,1286]
[11.11.2015 22:26:19] Step 5: alpha_end = (a+b)/2; Minimum x* is: 0,1231
[11.11.2015 22:26:19] Step 9: Quasi-Newton matrix: 

[11.11.2015 22:26:19] Step 10: New local search point (0,000;0,000)
[11.11.2015 22:26:19] Step 11: Iteration end.
[11.11.2015 22:26:19] Step 2: ITERATION number 35
[11.11.2015 22:26:19] Step 5: Sk = 
[11.11.2015 22:26:19] Step 6: Yk = 
[11.11.2015 22:26:19] Step 7: Quasi-Newton matrix: 

[11.11.2015 22:26:19] Step 8: Search vector: (0,000;0,000)
[11.11.2015 22:26:19] DSK method started!
[11.11.2015 22:26:19] Step 1: f(alpha)=32,5498, f(alpha + h)=32,9814; k=0;
[11.11.2015 22:26:19] Step 3: a=0,1131, b=0,1331; Go to step 6!
[11.11.2015 22:26:19] Step 6: Interval is: [0,1131 ; 0,1331]
[11.11.2015 22:26:19] Dichotomy method has been started!
[11.11.2015 22:26:19] Counting: delta = eps / 10 = 0,001
[11.11.2015 22:26:19] Step 1: counting alpha_1 = 0,1221, alpha_2 = 0,1241
[11.11.2015 22:26:19] Step 3: f(0,1221) = 32,7708 > f(0,1241) = 32,3739; a = alpha_1 = 0,1221.
[11.11.2015 22:26:19] Step 4: (b-a)/2 = 0,0055 < eps = 0,0100; STOP SEARCHING!
[11.11.2015 22:26:19] Iter 0: Answer is in the range: [0,1221; 0,1331]
[11.11.2015 22:26:19] Step 5: alpha_end = (a+b)/2; Minimum x* is: 0,1276
[11.11.2015 22:26:19] Step 9: Quasi-Newton matrix: 

[11.11.2015 22:26:19] Step 10: New local search point (0,000;0,000)
[11.11.2015 22:26:19] Step 11: Iteration end.
[11.11.2015 22:26:19] Step 2: ITERATION number 36
[11.11.2015 22:26:19] Step 5: Sk = 
[11.11.2015 22:26:19] Step 6: Yk = 
[11.11.2015 22:26:19] Step 7: Quasi-Newton matrix: 

[11.11.2015 22:26:19] Step 8: Search vector: (0,000;0,000)
[11.11.2015 22:26:19] DSK method started!
[11.11.2015 22:26:19] Step 1: f(alpha)=32,1278, f(alpha + h)=34,9076; k=0;
[11.11.2015 22:26:19] Step 3: a=0,1176, b=0,1376; Go to step 6!
[11.11.2015 22:26:19] Step 6: Interval is: [0,1176 ; 0,1376]
[11.11.2015 22:26:19] Dichotomy method has been started!
[11.11.2015 22:26:19] Counting: delta = eps / 10 = 0,001
[11.11.2015 22:26:19] Step 1: counting alpha_1 = 0,1266, alpha_2 = 0,1286
[11.11.2015 22:26:19] Step 3: f(0,1266) = 32,1381 <= f(0,1286) = 32,1669; b = alpha_2 = 0,1286.
[11.11.2015 22:26:19] Step 4: (b-a)/2 = 0,0055 < eps = 0,0100; STOP SEARCHING!
[11.11.2015 22:26:19] Iter 0: Answer is in the range: [0,1176; 0,1286]
[11.11.2015 22:26:19] Step 5: alpha_end = (a+b)/2; Minimum x* is: 0,1231
[11.11.2015 22:26:19] Step 9: Quasi-Newton matrix: 

[11.11.2015 22:26:19] Step 10: New local search point (0,000;0,000)
[11.11.2015 22:26:19] Step 11: Iteration end.
[11.11.2015 22:26:19] Step 2: ITERATION number 37
[11.11.2015 22:26:19] Step 5: Sk = 
[11.11.2015 22:26:19] Step 6: Yk = 
[11.11.2015 22:26:19] Step 7: Quasi-Newton matrix: 

[11.11.2015 22:26:19] Step 8: Search vector: (0,000;0,000)
[11.11.2015 22:26:19] DSK method started!
[11.11.2015 22:26:19] Step 1: f(alpha)=32,5498, f(alpha + h)=32,9814; k=0;
[11.11.2015 22:26:19] Step 3: a=0,1131, b=0,1331; Go to step 6!
[11.11.2015 22:26:19] Step 6: Interval is: [0,1131 ; 0,1331]
[11.11.2015 22:26:19] Dichotomy method has been started!
[11.11.2015 22:26:19] Counting: delta = eps / 10 = 0,001
[11.11.2015 22:26:19] Step 1: counting alpha_1 = 0,1221, alpha_2 = 0,1241
[11.11.2015 22:26:19] Step 3: f(0,1221) = 32,7708 > f(0,1241) = 32,3739; a = alpha_1 = 0,1221.
[11.11.2015 22:26:19] Step 4: (b-a)/2 = 0,0055 < eps = 0,0100; STOP SEARCHING!
[11.11.2015 22:26:19] Iter 0: Answer is in the range: [0,1221; 0,1331]
[11.11.2015 22:26:19] Step 5: alpha_end = (a+b)/2; Minimum x* is: 0,1276
[11.11.2015 22:26:19] Step 9: Quasi-Newton matrix: 

[11.11.2015 22:26:19] Step 10: New local search point (0,000;0,000)
[11.11.2015 22:26:19] Step 11: Iteration end.
[11.11.2015 22:26:19] Step 2: ITERATION number 38
[11.11.2015 22:26:19] Step 5: Sk = 
[11.11.2015 22:26:19] Step 6: Yk = 
[11.11.2015 22:26:19] Step 7: Quasi-Newton matrix: 

[11.11.2015 22:26:19] Step 8: Search vector: (0,000;0,000)
[11.11.2015 22:26:19] DSK method started!
[11.11.2015 22:26:19] Step 1: f(alpha)=32,1278, f(alpha + h)=34,9076; k=0;
[11.11.2015 22:26:19] Step 3: a=0,1176, b=0,1376; Go to step 6!
[11.11.2015 22:26:19] Step 6: Interval is: [0,1176 ; 0,1376]
[11.11.2015 22:26:20] Dichotomy method has been started!
[11.11.2015 22:26:20] Counting: delta = eps / 10 = 0,001
[11.11.2015 22:26:20] Step 1: counting alpha_1 = 0,1266, alpha_2 = 0,1286
[11.11.2015 22:26:20] Step 3: f(0,1266) = 32,1381 <= f(0,1286) = 32,1669; b = alpha_2 = 0,1286.
[11.11.2015 22:26:20] Step 4: (b-a)/2 = 0,0055 < eps = 0,0100; STOP SEARCHING!
[11.11.2015 22:26:20] Iter 0: Answer is in the range: [0,1176; 0,1286]
[11.11.2015 22:26:20] Step 5: alpha_end = (a+b)/2; Minimum x* is: 0,1231
[11.11.2015 22:26:20] Step 9: Quasi-Newton matrix: 

[11.11.2015 22:26:20] Step 10: New local search point (0,000;0,000)
[11.11.2015 22:26:20] Step 11: Iteration end.
[11.11.2015 22:26:20] Step 2: ITERATION number 39
[11.11.2015 22:26:20] Step 5: Sk = 
[11.11.2015 22:26:20] Step 6: Yk = 
