[23.11.2015 18:35:54] DFP method started
[23.11.2015 18:35:54] Input data. Start point DenseVector 2-Double
0
0
, epsilon 0,01000
[23.11.2015 18:35:54] Step 1: K = 0
[23.11.2015 18:35:54] Step 2: ITERATION number 0
[23.11.2015 18:35:54] Step 4: K==0, go to step 8.
[23.11.2015 18:35:54] Step 8: Search vector: DenseVector 2-Double
14
22

[23.11.2015 18:35:54] DSK method started!
[23.11.2015 18:35:54] Step 1: f(alpha)=3022,2913, f(alpha + h)=3146,9934; k=0;
[23.11.2015 18:35:54] Step 3: b=0,1500, alpha1=0,1510, h=-0,0010, k=2.
[23.11.2015 18:35:54] Step 4: alphak=0,1480
[23.11.2015 18:35:54] Step 5: h > 0; b=alpha(k-1)=0,1490
[23.11.2015 18:35:54] k = k + 1 = 3; Go to step 4!
[23.11.2015 18:35:54] Step 4: alphak=0,1460
[23.11.2015 18:35:54] Step 5: h > 0; b=alpha(k-1)=0,1480
[23.11.2015 18:35:54] k = k + 1 = 4; Go to step 4!
[23.11.2015 18:35:54] Step 4: alphak=0,1420
[23.11.2015 18:35:54] Step 5: h > 0; b=alpha(k-1)=0,1460
[23.11.2015 18:35:54] k = k + 1 = 5; Go to step 4!
[23.11.2015 18:35:54] Step 4: alphak=0,1340
[23.11.2015 18:35:54] Step 5: h > 0; b=alpha(k-1)=0,1420
[23.11.2015 18:35:54] k = k + 1 = 6; Go to step 4!
[23.11.2015 18:35:54] Step 4: alphak=0,1180
[23.11.2015 18:35:54] Step 5: h > 0; b=alpha(k-1)=0,1340
[23.11.2015 18:35:54] k = k + 1 = 7; Go to step 4!
[23.11.2015 18:35:54] Step 4: alphak=0,0860
[23.11.2015 18:35:54] Step 5: h > 0; b=alpha(k-1)=0,1180
[23.11.2015 18:35:54] k = k + 1 = 8; Go to step 4!
[23.11.2015 18:35:54] Step 4: alphak=0,0220
[23.11.2015 18:35:54] Step 5: h > 0; b=alpha(k-1)=0,0860
[23.11.2015 18:35:54] k = k + 1 = 9; Go to step 4!
[23.11.2015 18:35:54] Step 4: alphak=-0,1060
[23.11.2015 18:35:54] Step 5: h < 0; a=alphak-0,1060
[23.11.2015 18:35:54] Step 6: Interval is: [-0,1060 ; 0,0860]
[23.11.2015 18:35:54] Dichotomy method has been started!
[23.11.2015 18:35:54] Counting: delta = eps / 10 = 0,0001
[23.11.2015 18:35:54] Step 1: counting alpha_1 = -0,0101, alpha_2 = -0,0099
[23.11.2015 18:35:54] Step 3: f(-0,0101) = 135,7889 > f(-0,0099) = 133,2682; a = alpha_1 = -0,0101.
[23.11.2015 18:35:54] Iter 0: Answer is in the range: [-0,0101; 0,0860]
[23.11.2015 18:35:54] Step 1: counting alpha_1 = 0,0379, alpha_2 = 0,0381
[23.11.2015 18:35:54] Step 3: f(0,0379) = 26,3019 <= f(0,0381) = 26,3892; b = alpha_2 = 0,0381.
[23.11.2015 18:35:54] Iter 1: Answer is in the range: [-0,0101; 0,0381]
[23.11.2015 18:35:54] Step 1: counting alpha_1 = 0,0139, alpha_2 = 0,0141
[23.11.2015 18:35:54] Step 3: f(0,0139) = 11,4886 > f(0,0141) = 11,4201; a = alpha_1 = 0,0139.
[23.11.2015 18:35:54] Iter 2: Answer is in the range: [0,0139; 0,0381]
[23.11.2015 18:35:54] Step 1: counting alpha_1 = 0,0259, alpha_2 = 0,0261
[23.11.2015 18:35:54] Step 3: f(0,0259) = 17,0471 <= f(0,0261) = 17,2287; b = alpha_2 = 0,0261.
[23.11.2015 18:35:54] Iter 3: Answer is in the range: [0,0139; 0,0261]
[23.11.2015 18:35:54] Step 1: counting alpha_1 = 0,0199, alpha_2 = 0,0201
[23.11.2015 18:35:54] Step 3: f(0,0199) = 12,4010 <= f(0,0201) = 12,5150; b = alpha_2 = 0,0201.
[23.11.2015 18:35:54] Iter 4: Answer is in the range: [0,0139; 0,0201]
[23.11.2015 18:35:54] Step 1: counting alpha_1 = 0,0169, alpha_2 = 0,0171
[23.11.2015 18:35:54] Step 3: f(0,0169) = 11,2554 <= f(0,0171) = 11,2943; b = alpha_2 = 0,0171.
[23.11.2015 18:35:54] Iter 5: Answer is in the range: [0,0139; 0,0171]
[23.11.2015 18:35:54] Step 1: counting alpha_1 = 0,0154, alpha_2 = 0,0156
[23.11.2015 18:35:54] Step 3: f(0,0154) = 11,1689 > f(0,0156) = 11,1584; a = alpha_1 = 0,0154.
[23.11.2015 18:35:54] Step 4: (b-a)/2 = 0,0008 < eps = 0,0010; STOP SEARCHING!
[23.11.2015 18:35:54] Iter 6: Answer is in the range: [0,0154; 0,0171]
[23.11.2015 18:35:54] Step 5: alpha_end = (a+b)/2; Minimum x* is: 0,0162
[23.11.2015 18:35:54] Step 9: New alpha 0,0162226622104645
[23.11.2015 18:36:10] Step 10: New local search point DenseVector 2-Double
0,227117
0,356899

[23.11.2015 18:36:10] Step 11: Iteration end.
[23.11.2015 18:36:10] Step 2: ITERATION number 1
[23.11.2015 18:36:10] Step 5: Sk = DenseVector 2-Double
0,227117
0,356899

[23.11.2015 18:36:10] Step 6: Yk = DenseVector 2-Double
-8,57235
-8,45914

[23.11.2015 18:36:10] Step 7: Quasi-Newton matrix: 
DenseMatrix 2x2-Double
 0,482966  -0,516278
-0,516278   0,480997

[23.11.2015 18:36:10] Step 8: Search vector: DenseVector 2-Double
-4,76806
 2,92269

[23.11.2015 18:36:10] DSK method started!
[23.11.2015 18:36:10] Step 1: f(alpha)=129,4071, f(alpha + h)=127,5081; k=0;
[23.11.2015 18:36:10] Step 2: a=0,0162, alpha1=0,0172, k=2; Go to step 4!
[23.11.2015 18:36:10] Step 4: alphak=0,0182
[23.11.2015 18:36:10] Step 5: h > 0; a=alpha(k-1)=0,0172
[23.11.2015 18:36:11] k = k + 1 = 3; Go to step 4!
[23.11.2015 18:36:11] Step 4: alphak=0,0202
[23.11.2015 18:36:11] Step 5: h > 0; a=alpha(k-1)=0,0182
[23.11.2015 18:36:11] k = k + 1 = 4; Go to step 4!
[23.11.2015 18:36:11] Step 4: alphak=0,0242
[23.11.2015 18:36:11] Step 5: h > 0; a=alpha(k-1)=0,0202
[23.11.2015 18:36:11] k = k + 1 = 5; Go to step 4!
[23.11.2015 18:36:11] Step 4: alphak=0,0322
[23.11.2015 18:36:11] Step 5: h > 0; a=alpha(k-1)=0,0242
[23.11.2015 18:36:11] k = k + 1 = 6; Go to step 4!
[23.11.2015 18:36:11] Step 4: alphak=0,0482
[23.11.2015 18:36:11] Step 5: h > 0; a=alpha(k-1)=0,0322
[23.11.2015 18:36:11] k = k + 1 = 7; Go to step 4!
[23.11.2015 18:36:11] Step 4: alphak=0,0802
[23.11.2015 18:36:11] Step 5: h > 0; a=alpha(k-1)=0,0482
[23.11.2015 18:36:11] k = k + 1 = 8; Go to step 4!
[23.11.2015 18:36:11] Step 4: alphak=0,1442
[23.11.2015 18:36:11] Step 5: h > 0; b=alphak=0,1442
[23.11.2015 18:36:11] Step 6: Interval is: [0,0482 ; 0,1442]
[23.11.2015 18:36:11] Dichotomy method has been started!
[23.11.2015 18:36:11] Counting: delta = eps / 10 = 0,0001
[23.11.2015 18:36:11] Step 1: counting alpha_1 = 0,0961, alpha_2 = 0,0963
[23.11.2015 18:36:11] Step 3: f(0,0961) = 62,0242 <= f(0,0963) = 62,5669; b = alpha_2 = 0,0963.
[23.11.2015 18:36:11] Iter 0: Answer is in the range: [0,0482; 0,0963]
[23.11.2015 18:36:11] Step 1: counting alpha_1 = 0,0722, alpha_2 = 0,0724
[23.11.2015 18:36:11] Step 3: f(0,0722) = 37,5354 > f(0,0724) = 37,4670; a = alpha_1 = 0,0722.
[23.11.2015 18:36:11] Iter 1: Answer is in the range: [0,0722; 0,0963]
[23.11.2015 18:36:11] Step 1: counting alpha_1 = 0,0841, alpha_2 = 0,0843
[23.11.2015 18:36:11] Step 3: f(0,0841) = 40,6794 <= f(0,0843) = 40,8714; b = alpha_2 = 0,0843.
[23.11.2015 18:36:11] Iter 2: Answer is in the range: [0,0722; 0,0843]
[23.11.2015 18:36:11] Step 1: counting alpha_1 = 0,0782, alpha_2 = 0,0784
[23.11.2015 18:36:11] Step 3: f(0,0782) = 37,1654 <= f(0,0784) = 37,2165; b = alpha_2 = 0,0784.
[23.11.2015 18:36:11] Iter 3: Answer is in the range: [0,0722; 0,0784]
[23.11.2015 18:36:11] Step 1: counting alpha_1 = 0,0752, alpha_2 = 0,0754
[23.11.2015 18:36:11] Step 3: f(0,0752) = 36,9045 > f(0,0754) = 36,8933; a = alpha_1 = 0,0752.
[23.11.2015 18:36:11] Iter 4: Answer is in the range: [0,0752; 0,0784]
[23.11.2015 18:36:11] Step 1: counting alpha_1 = 0,0767, alpha_2 = 0,0769
[23.11.2015 18:36:11] Step 3: f(0,0767) = 36,9186 <= f(0,0769) = 36,9379; b = alpha_2 = 0,0769.
[23.11.2015 18:36:11] Step 4: (b-a)/2 = 0,0008 < eps = 0,0010; STOP SEARCHING!
[23.11.2015 18:36:11] Iter 5: Answer is in the range: [0,0752; 0,0769]
[23.11.2015 18:36:11] Step 5: alpha_end = (a+b)/2; Minimum x* is: 0,0760
[23.11.2015 18:36:11] Step 9: New alpha 0,0760148497104645
[23.11.2015 18:36:13] Step 10: New local search point DenseVector 2-Double
-0,135326
 0,579066

[23.11.2015 18:36:13] Step 11: Iteration end.
[23.11.2015 18:36:13] Step 2: ITERATION number 2
[23.11.2015 18:36:13] Step 5: Sk = DenseVector 2-Double
-0,362443
 0,222168

[23.11.2015 18:36:13] Step 6: Yk = DenseVector 2-Double
 16,4561
-4,99552

[23.11.2015 18:36:13] Step 7: Quasi-Newton matrix: 
DenseMatrix 2x2-Double
-0,451226  -0,226944
-0,226944   0,389643

[23.11.2015 18:36:13] Step 8: Search vector: DenseVector 2-Double
-11,8916
 12,4337

[23.11.2015 18:36:13] DSK method started!
[23.11.2015 18:36:13] Step 1: f(alpha)=400,6332, f(alpha + h)=423,3880; k=0;
[23.11.2015 18:36:13] Step 3: b=0,0760, alpha1=0,0770, h=-0,0010, k=2.
[23.11.2015 18:36:13] Step 4: alphak=0,0740
[23.11.2015 18:36:13] Step 5: h > 0; b=alpha(k-1)=0,0750
[23.11.2015 18:36:13] k = k + 1 = 3; Go to step 4!
[23.11.2015 18:36:13] Step 4: alphak=0,0720
[23.11.2015 18:36:13] Step 5: h > 0; b=alpha(k-1)=0,0740
[23.11.2015 18:36:13] k = k + 1 = 4; Go to step 4!
[23.11.2015 18:36:13] Step 4: alphak=0,0680
[23.11.2015 18:36:13] Step 5: h > 0; b=alpha(k-1)=0,0720
[23.11.2015 18:36:13] k = k + 1 = 5; Go to step 4!
[23.11.2015 18:36:13] Step 4: alphak=0,0600
[23.11.2015 18:36:13] Step 5: h > 0; b=alpha(k-1)=0,0680
[23.11.2015 18:36:13] k = k + 1 = 6; Go to step 4!
[23.11.2015 18:36:13] Step 4: alphak=0,0440
[23.11.2015 18:36:13] Step 5: h > 0; b=alpha(k-1)=0,0600
[23.11.2015 18:36:13] k = k + 1 = 7; Go to step 4!
[23.11.2015 18:36:13] Step 4: alphak=0,0120
[23.11.2015 18:36:13] Step 5: h < 0; a=alphak0,0120
[23.11.2015 18:36:13] Step 6: Interval is: [0,0120 ; 0,0600]
[23.11.2015 18:36:13] Dichotomy method has been started!
[23.11.2015 18:36:13] Counting: delta = eps / 10 = 0,0001
[23.11.2015 18:36:13] Step 1: counting alpha_1 = 0,0359, alpha_2 = 0,0361
[23.11.2015 18:36:13] Step 3: f(0,0359) = 23,0596 <= f(0,0361) = 23,1663; b = alpha_2 = 0,0361.
[23.11.2015 18:36:13] Iter 0: Answer is in the range: [0,0120; 0,0361]
[23.11.2015 18:36:13] Step 1: counting alpha_1 = 0,0240, alpha_2 = 0,0242
[23.11.2015 18:36:13] Step 3: f(0,0240) = 33,1390 > f(0,0242) = 32,7521; a = alpha_1 = 0,0240.
[23.11.2015 18:36:13] Iter 1: Answer is in the range: [0,0240; 0,0361]
[23.11.2015 18:36:13] Step 1: counting alpha_1 = 0,0299, alpha_2 = 0,0301
[23.11.2015 18:36:13] Step 3: f(0,0299) = 24,4404 > f(0,0301) = 24,2636; a = alpha_1 = 0,0299.
[23.11.2015 18:36:13] Iter 2: Answer is in the range: [0,0299; 0,0361]
[23.11.2015 18:36:13] Step 1: counting alpha_1 = 0,0329, alpha_2 = 0,0331
[23.11.2015 18:36:13] Step 3: f(0,0329) = 22,6966 > f(0,0331) = 22,6519; a = alpha_1 = 0,0329.
[23.11.2015 18:36:13] Iter 3: Answer is in the range: [0,0329; 0,0361]
[23.11.2015 18:36:13] Step 1: counting alpha_1 = 0,0344, alpha_2 = 0,0346
[23.11.2015 18:36:13] Step 3: f(0,0344) = 22,5966 <= f(0,0346) = 22,6252; b = alpha_2 = 0,0346.
[23.11.2015 18:36:13] Step 4: (b-a)/2 = 0,0008 < eps = 0,0010; STOP SEARCHING!
[23.11.2015 18:36:13] Iter 4: Answer is in the range: [0,0329; 0,0346]
[23.11.2015 18:36:13] Step 5: alpha_end = (a+b)/2; Minimum x* is: 0,0338
[23.11.2015 18:36:13] Step 9: New alpha 0,0337742247104645
[23.11.2015 18:36:15] Step 10: New local search point DenseVector 2-Double
-0,536954
 0,999006

[23.11.2015 18:36:15] Step 11: Iteration end.
[23.11.2015 18:36:15] Step 2: ITERATION number 3
[23.11.2015 18:36:15] Step 5: Sk = DenseVector 2-Double
-0,401628
  0,41994

[23.11.2015 18:36:15] Step 6: Yk = DenseVector 2-Double
 16,4186
-8,62053

[23.11.2015 18:36:15] Step 7: Quasi-Newton matrix: 
DenseMatrix 2x2-Double
-0,958138   0,290319
 0,290319  -0,138193

[23.11.2015 18:36:15] Step 8: Search vector: DenseVector 2-Double
 20,6819
-8,55467

[23.11.2015 18:36:15] DSK method started!
[23.11.2015 18:36:15] Step 1: f(alpha)=73,9342, f(alpha + h)=72,0464; k=0;
[23.11.2015 18:36:15] Step 2: a=0,0338, alpha1=0,0348, k=2; Go to step 4!
[23.11.2015 18:36:15] Step 4: alphak=0,0358
[23.11.2015 18:36:15] Step 5: h > 0; a=alpha(k-1)=0,0348
[23.11.2015 18:36:15] k = k + 1 = 3; Go to step 4!
[23.11.2015 18:36:15] Step 4: alphak=0,0378
[23.11.2015 18:36:15] Step 5: h > 0; a=alpha(k-1)=0,0358
[23.11.2015 18:36:15] k = k + 1 = 4; Go to step 4!
[23.11.2015 18:36:15] Step 4: alphak=0,0418
[23.11.2015 18:36:15] Step 5: h > 0; a=alpha(k-1)=0,0378
[23.11.2015 18:36:15] k = k + 1 = 5; Go to step 4!
[23.11.2015 18:36:15] Step 4: alphak=0,0498
[23.11.2015 18:36:15] Step 5: h > 0; a=alpha(k-1)=0,0418
[23.11.2015 18:36:15] k = k + 1 = 6; Go to step 4!
[23.11.2015 18:36:15] Step 4: alphak=0,0658
[23.11.2015 18:36:15] Step 5: h > 0; b=alphak=0,0658
[23.11.2015 18:36:15] Step 6: Interval is: [0,0418 ; 0,0658]
[23.11.2015 18:36:15] Dichotomy method has been started!
[23.11.2015 18:36:15] Counting: delta = eps / 10 = 0,0001
[23.11.2015 18:36:15] Step 1: counting alpha_1 = 0,0537, alpha_2 = 0,0539
[23.11.2015 18:36:15] Step 3: f(0,0537) = 49,7382 > f(0,0539) = 49,6890; a = alpha_1 = 0,0537.
[23.11.2015 18:36:15] Iter 0: Answer is in the range: [0,0537; 0,0658]
[23.11.2015 18:36:15] Step 1: counting alpha_1 = 0,0596, alpha_2 = 0,0598
[23.11.2015 18:36:15] Step 3: f(0,0596) = 50,5645 <= f(0,0598) = 50,6804; b = alpha_2 = 0,0598.
[23.11.2015 18:36:15] Iter 1: Answer is in the range: [0,0537; 0,0598]
[23.11.2015 18:36:15] Step 1: counting alpha_1 = 0,0566, alpha_2 = 0,0568
[23.11.2015 18:36:15] Step 3: f(0,0566) = 49,5398 <= f(0,0568) = 49,5690; b = alpha_2 = 0,0568.
[23.11.2015 18:36:15] Iter 2: Answer is in the range: [0,0537; 0,0568]
[23.11.2015 18:36:15] Step 1: counting alpha_1 = 0,0552, alpha_2 = 0,0554
[23.11.2015 18:36:15] Step 3: f(0,0552) = 49,4938 > f(0,0554) = 49,4828; a = alpha_1 = 0,0552.
[23.11.2015 18:36:15] Step 4: (b-a)/2 = 0,0008 < eps = 0,0010; STOP SEARCHING!
[23.11.2015 18:36:15] Iter 3: Answer is in the range: [0,0552; 0,0568]
[23.11.2015 18:36:15] Step 5: alpha_end = (a+b)/2; Minimum x* is: 0,0560
[23.11.2015 18:36:15] Step 9: New alpha 0,0560054747104645
[23.11.2015 18:36:17] Step 10: New local search point DenseVector 2-Double
0,621348
0,519898

[23.11.2015 18:36:17] Step 11: Iteration end.
[23.11.2015 18:36:17] Step 2: ITERATION number 4
[23.11.2015 18:36:17] Step 5: Sk = DenseVector 2-Double
   1,1583
-0,479108

[23.11.2015 18:36:17] Step 6: Yk = DenseVector 2-Double
-44,1116
 13,1059

[23.11.2015 18:36:17] Step 7: Quasi-Newton matrix: 
DenseMatrix 2x2-Double
-0,459133  0,766454
 0,766454  0,274329

[23.11.2015 18:36:17] Step 8: Search vector: DenseVector 2-Double
8,0814
37,613

[23.11.2015 18:36:17] DSK method started!
[23.11.2015 18:36:17] Step 1: f(alpha)=15,8888, f(alpha + h)=16,0617; k=0;
[23.11.2015 18:36:17] Step 3: b=0,0560, alpha1=0,0570, h=-0,0010, k=2.
[23.11.2015 18:36:17] Step 4: alphak=0,0540
[23.11.2015 18:36:17] Step 5: h > 0; b=alpha(k-1)=0,0550
[23.11.2015 18:36:17] k = k + 1 = 3; Go to step 4!
[23.11.2015 18:36:17] Step 4: alphak=0,0520
[23.11.2015 18:36:17] Step 5: h < 0; a=alphak0,0520
[23.11.2015 18:36:17] Step 6: Interval is: [0,0520 ; 0,0550]
[23.11.2015 18:36:17] Dichotomy method has been started!
[23.11.2015 18:36:17] Counting: delta = eps / 10 = 0,0001
[23.11.2015 18:36:17] Step 1: counting alpha_1 = 0,0534, alpha_2 = 0,0536
[23.11.2015 18:36:17] Step 3: f(0,0534) = 15,6935 <= f(0,0536) = 15,6959; b = alpha_2 = 0,0536.
[23.11.2015 18:36:17] Step 4: (b-a)/2 = 0,0008 < eps = 0,0010; STOP SEARCHING!
[23.11.2015 18:36:17] Iter 0: Answer is in the range: [0,0520; 0,0536]
[23.11.2015 18:36:17] Step 5: alpha_end = (a+b)/2; Minimum x* is: 0,0528
[23.11.2015 18:36:17] Step 9: New alpha 0,0528054747104645
[23.11.2015 18:36:19] Step 10: New local search point DenseVector 2-Double
1,04809
2,50607

[23.11.2015 18:36:19] Step 11: Iteration end.
[23.11.2015 18:36:19] Step 2: ITERATION number 5
[23.11.2015 18:36:19] Step 5: Sk = DenseVector 2-Double
0,426742
 1,98617

[23.11.2015 18:36:19] Step 6: Yk = DenseVector 2-Double
 7,8845
21,9292

[23.11.2015 18:36:19] Step 7: Quasi-Newton matrix: 
DenseMatrix 2x2-Double
-0,400178  0,818891
 0,818891  0,379858

[23.11.2015 18:36:19] Step 8: Search vector: DenseVector 2-Double
-2,73326
 29,2137

[23.11.2015 18:36:19] DSK method started!
[23.11.2015 18:36:19] Step 1: f(alpha)=317,9198, f(alpha + h)=352,0488; k=0;
[23.11.2015 18:36:19] Step 3: b=0,0528, alpha1=0,0538, h=-0,0010, k=2.
[23.11.2015 18:36:19] Step 4: alphak=0,0508
[23.11.2015 18:36:19] Step 5: h > 0; b=alpha(k-1)=0,0518
[23.11.2015 18:36:19] k = k + 1 = 3; Go to step 4!
[23.11.2015 18:36:19] Step 4: alphak=0,0488
[23.11.2015 18:36:19] Step 5: h > 0; b=alpha(k-1)=0,0508
[23.11.2015 18:36:19] k = k + 1 = 4; Go to step 4!
[23.11.2015 18:36:19] Step 4: alphak=0,0448
[23.11.2015 18:36:19] Step 5: h > 0; b=alpha(k-1)=0,0488
[23.11.2015 18:36:19] k = k + 1 = 5; Go to step 4!
[23.11.2015 18:36:19] Step 4: alphak=0,0368
[23.11.2015 18:36:19] Step 5: h > 0; b=alpha(k-1)=0,0448
[23.11.2015 18:36:19] k = k + 1 = 6; Go to step 4!
[23.11.2015 18:36:19] Step 4: alphak=0,0208
[23.11.2015 18:36:19] Step 5: h > 0; b=alpha(k-1)=0,0368
[23.11.2015 18:36:19] k = k + 1 = 7; Go to step 4!
[23.11.2015 18:36:19] Step 4: alphak=-0,0112
[23.11.2015 18:36:19] Step 5: h < 0; a=alphak-0,0112
[23.11.2015 18:36:19] Step 6: Interval is: [-0,0112 ; 0,0368]
[23.11.2015 18:36:19] Dichotomy method has been started!
[23.11.2015 18:36:19] Counting: delta = eps / 10 = 0,0001
[23.11.2015 18:36:19] Step 1: counting alpha_1 = 0,0127, alpha_2 = 0,0129
[23.11.2015 18:36:19] Step 3: f(0,0127) = 67,9478 <= f(0,0129) = 68,8940; b = alpha_2 = 0,0129.
[23.11.2015 18:36:19] Iter 0: Answer is in the range: [-0,0112; 0,0129]
[23.11.2015 18:36:19] Step 1: counting alpha_1 = 0,0008, alpha_2 = 0,0010
[23.11.2015 18:36:19] Step 3: f(0,0008) = 126,7661 > f(0,0010) = 122,6771; a = alpha_1 = 0,0008.
[23.11.2015 18:36:19] Iter 1: Answer is in the range: [0,0008; 0,0129]
[23.11.2015 18:36:19] Step 1: counting alpha_1 = 0,0067, alpha_2 = 0,0069
[23.11.2015 18:36:19] Step 3: f(0,0067) = 60,0034 > f(0,0069) = 59,3760; a = alpha_1 = 0,0067.
[23.11.2015 18:36:19] Iter 2: Answer is in the range: [0,0067; 0,0129]
[23.11.2015 18:36:19] Step 1: counting alpha_1 = 0,0097, alpha_2 = 0,0099
[23.11.2015 18:36:19] Step 3: f(0,0097) = 58,0446 <= f(0,0099) = 58,4035; b = alpha_2 = 0,0099.
[23.11.2015 18:36:19] Iter 3: Answer is in the range: [0,0067; 0,0099]
[23.11.2015 18:36:19] Step 1: counting alpha_1 = 0,0082, alpha_2 = 0,0084
[23.11.2015 18:36:19] Step 3: f(0,0082) = 57,1579 > f(0,0084) = 57,0781; a = alpha_1 = 0,0082.
[23.11.2015 18:36:19] Step 4: (b-a)/2 = 0,0008 < eps = 0,0010; STOP SEARCHING!
[23.11.2015 18:36:19] Iter 4: Answer is in the range: [0,0082; 0,0099]
[23.11.2015 18:36:19] Step 5: alpha_end = (a+b)/2; Minimum x* is: 0,0091
[23.11.2015 18:36:19] Step 9: New alpha 0,00907109971046449
[23.11.2015 18:36:21] Step 10: New local search point DenseVector 2-Double
 1,0233
2,77107

[23.11.2015 18:36:21] Step 11: Iteration end.
[23.11.2015 18:36:21] Step 2: ITERATION number 6
[23.11.2015 18:36:21] Step 5: Sk = DenseVector 2-Double
-0,0247937
  0,265001

[23.11.2015 18:36:21] Step 6: Yk = DenseVector 2-Double
4,44021
 15,758

[23.11.2015 18:36:21] Step 7: Quasi-Newton matrix: 
DenseMatrix 2x2-Double
-1,00598   0,350936
0,350936  0,0382368

[23.11.2015 18:36:21] Step 8: Search vector: DenseVector 2-Double
-27,7279
 8,94933

[23.11.2015 18:36:21] DSK method started!
[23.11.2015 18:36:21] Step 1: f(alpha)=56,4483, f(alpha + h)=55,9391; k=0;
[23.11.2015 18:36:21] Step 2: a=0,0091, alpha1=0,0101, k=2; Go to step 4!
[23.11.2015 18:36:21] Step 4: alphak=0,0111
[23.11.2015 18:36:21] Step 5: h > 0; a=alpha(k-1)=0,0101
[23.11.2015 18:36:21] k = k + 1 = 3; Go to step 4!
[23.11.2015 18:36:21] Step 4: alphak=0,0131
[23.11.2015 18:36:21] Step 5: h > 0; a=alpha(k-1)=0,0111
[23.11.2015 18:36:21] k = k + 1 = 4; Go to step 4!
[23.11.2015 18:36:21] Step 4: alphak=0,0171
[23.11.2015 18:36:21] Step 5: h > 0; a=alpha(k-1)=0,0131
[23.11.2015 18:36:21] k = k + 1 = 5; Go to step 4!
[23.11.2015 18:36:21] Step 4: alphak=0,0251
[23.11.2015 18:36:21] Step 5: h > 0; a=alpha(k-1)=0,0171
[23.11.2015 18:36:21] k = k + 1 = 6; Go to step 4!
[23.11.2015 18:36:21] Step 4: alphak=0,0411
[23.11.2015 18:36:21] Step 5: h > 0; a=alpha(k-1)=0,0251
[23.11.2015 18:36:21] k = k + 1 = 7; Go to step 4!
[23.11.2015 18:36:21] Step 4: alphak=0,0731
[23.11.2015 18:36:21] Step 5: h > 0; a=alpha(k-1)=0,0411
[23.11.2015 18:36:21] k = k + 1 = 8; Go to step 4!
[23.11.2015 18:36:21] Step 4: alphak=0,1371
[23.11.2015 18:36:21] Step 5: h > 0; a=alpha(k-1)=0,0731
[23.11.2015 18:36:21] k = k + 1 = 9; Go to step 4!
[23.11.2015 18:36:21] Step 4: alphak=0,2651
[23.11.2015 18:36:22] Step 5: h > 0; b=alphak=0,2651
[23.11.2015 18:36:22] Step 6: Interval is: [0,0731 ; 0,2651]
[23.11.2015 18:36:22] Dichotomy method has been started!
[23.11.2015 18:36:22] Counting: delta = eps / 10 = 0,0001
[23.11.2015 18:36:22] Step 1: counting alpha_1 = 0,1690, alpha_2 = 0,1692
[23.11.2015 18:36:22] Step 3: f(0,1690) = 52,7929 <= f(0,1692) = 53,2355; b = alpha_2 = 0,1692.
[23.11.2015 18:36:22] Iter 0: Answer is in the range: [0,0731; 0,1692]
[23.11.2015 18:36:22] Step 1: counting alpha_1 = 0,1210, alpha_2 = 0,1212
[23.11.2015 18:36:22] Step 3: f(0,1210) = 0,8331 <= f(0,1212) = 0,8721; b = alpha_2 = 0,1212.
[23.11.2015 18:36:22] Iter 1: Answer is in the range: [0,0731; 0,1212]
[23.11.2015 18:36:22] Step 1: counting alpha_1 = 0,0970, alpha_2 = 0,0972
[23.11.2015 18:36:22] Step 3: f(0,0970) = 3,1596 > f(0,0972) = 3,0918; a = alpha_1 = 0,0970.
[23.11.2015 18:36:22] Iter 2: Answer is in the range: [0,0970; 0,1212]
[23.11.2015 18:36:22] Step 1: counting alpha_1 = 0,1090, alpha_2 = 0,1092
[23.11.2015 18:36:22] Step 3: f(0,1090) = 0,4031 > f(0,1092) = 0,3818; a = alpha_1 = 0,1090.
[23.11.2015 18:36:22] Iter 3: Answer is in the range: [0,1090; 0,1212]
[23.11.2015 18:36:22] Step 1: counting alpha_1 = 0,1150, alpha_2 = 0,1152
[23.11.2015 18:36:22] Step 3: f(0,1150) = 0,1675 <= f(0,1152) = 0,1746; b = alpha_2 = 0,1152.
[23.11.2015 18:36:22] Iter 4: Answer is in the range: [0,1090; 0,1152]
[23.11.2015 18:36:22] Step 1: counting alpha_1 = 0,1120, alpha_2 = 0,1122
[23.11.2015 18:36:22] Step 3: f(0,1120) = 0,1793 > f(0,1122) = 0,1718; a = alpha_1 = 0,1120.
[23.11.2015 18:36:22] Iter 5: Answer is in the range: [0,1120; 0,1152]
[23.11.2015 18:36:22] Step 1: counting alpha_1 = 0,1135, alpha_2 = 0,1137
[23.11.2015 18:36:22] Step 3: f(0,1135) = 0,1461 > f(0,1137) = 0,1458; a = alpha_1 = 0,1135.
[23.11.2015 18:36:22] Step 4: (b-a)/2 = 0,0008 < eps = 0,0010; STOP SEARCHING!
[23.11.2015 18:36:22] Iter 6: Answer is in the range: [0,1135; 0,1152]
[23.11.2015 18:36:22] Step 5: alpha_end = (a+b)/2; Minimum x* is: 0,1144
[23.11.2015 18:36:22] Step 9: New alpha 0,114378130960464
