[12.11.2015 00:27:46] Optimal gradient method started!
[12.11.2015 00:27:46] 	Data input:
(x1; x2) = (100,000; -100,000),
Alpha = 0,000,
eps = 0,000;
[12.11.2015 00:27:46] ITER 0:
[12.11.2015 00:27:46] Step 1: k = 0;
[12.11.2015 00:27:46] Step 2: gradient is (3 975 786,597, -4 017 421,401);
[12.11.2015 00:27:46] DSK method started!
[12.11.2015 00:27:46] Step 1: f(alpha)=25855508,6864, f(alpha + h)=311019,9042; k=0;
[12.11.2015 00:27:46] Step 2: a=0,0000, alpha1=0,0000, k=2; Go to step 4!
[12.11.2015 00:27:46] Step 4: alphak=0,0000
[12.11.2015 00:27:46] Step 5: h > 0; a=alpha(k-1)=0,0000
[12.11.2015 00:27:46] k = k + 1 = 3; Go to step 4!
[12.11.2015 00:27:46] Step 4: alphak=0,0001
[12.11.2015 00:27:46] Step 5: h > 0; b=alphak=0,0001
[12.11.2015 00:27:46] Step 6: Interval is: [0,0000 ; 0,0001]
[12.11.2015 00:27:46] Dichotomy method has been started!
[12.11.2015 00:27:46] Counting: delta = eps / 10 = 1E-05
[12.11.2015 00:27:46] Step 1: counting alpha_1 = 0,0000, alpha_2 = 0,0000
[12.11.2015 00:27:46] Step 3: f(0,0000) = 142,5016 <= f(0,0000) = 81122989,5901; b = alpha_2 = 0,0000.
[12.11.2015 00:27:46] Step 4: (b-a)/2 = 0,0000 < eps = 0,0001; STOP SEARCHING!
[12.11.2015 00:27:46] Iter 0: Answer is in the range: [0,0000; 0,0000]
[12.11.2015 00:27:46] Step 5: alpha_end = (a+b)/2; Minimum x* is: 0,0000
[12.11.2015 00:27:46] Step 4: Alpha = 3,25E-05;
[12.11.2015 00:27:46] Step 5: arguments = arguments - alpha * gradientValue = (-29,213; 30,566);
[12.11.2015 00:27:46] Step 6: k = k + 1 = 0;
[12.11.2015 00:27:46] Step 7: answer is: (-29,213; 30,566);
[12.11.2015 00:27:46] ITER 1:
[12.11.2015 00:27:46] Step 1: k = 1;
[12.11.2015 00:27:46] Step 2: gradient is (-100 212,110, 111 549,582);
[12.11.2015 00:27:46] DSK method started!
[12.11.2015 00:27:46] Step 1: f(alpha)=955680,3414, f(alpha + h)=809661,8593; k=0;
[12.11.2015 00:27:46] Step 2: a=0,0000, alpha1=0,0000, k=2; Go to step 4!
[12.11.2015 00:27:46] Step 4: alphak=0,0001
[12.11.2015 00:27:46] Step 5: h > 0; a=alpha(k-1)=0,0000
[12.11.2015 00:27:46] k = k + 1 = 3; Go to step 4!
[12.11.2015 00:27:46] Step 4: alphak=0,0001
[12.11.2015 00:27:46] Step 5: h > 0; a=alpha(k-1)=0,0001
[12.11.2015 00:27:46] k = k + 1 = 4; Go to step 4!
[12.11.2015 00:27:46] Step 4: alphak=0,0001
[12.11.2015 00:27:46] Step 5: h > 0; a=alpha(k-1)=0,0001
[12.11.2015 00:27:46] k = k + 1 = 5; Go to step 4!
[12.11.2015 00:27:46] Step 4: alphak=0,0002
[12.11.2015 00:27:46] Step 5: h > 0; a=alpha(k-1)=0,0001
[12.11.2015 00:27:46] k = k + 1 = 6; Go to step 4!
[12.11.2015 00:27:46] Step 4: alphak=0,0004
[12.11.2015 00:27:46] Step 5: h > 0; a=alpha(k-1)=0,0002
[12.11.2015 00:27:46] k = k + 1 = 7; Go to step 4!
[12.11.2015 00:27:46] Step 4: alphak=0,0007
[12.11.2015 00:27:46] Step 5: h > 0; b=alphak=0,0007
[12.11.2015 00:27:46] Step 6: Interval is: [0,0002 ; 0,0007]
[12.11.2015 00:27:46] Dichotomy method has been started!
[12.11.2015 00:27:46] Counting: delta = eps / 10 = 1E-05
[12.11.2015 00:27:46] Step 1: counting alpha_1 = 0,0004, alpha_2 = 0,0004
[12.11.2015 00:27:46] Step 3: f(0,0004) = 99617,3827 <= f(0,0004) = 170243,1113; b = alpha_2 = 0,0004.
[12.11.2015 00:27:46] Iter 0: Answer is in the range: [0,0002; 0,0004]
[12.11.2015 00:27:46] Step 1: counting alpha_1 = 0,0003, alpha_2 = 0,0003
[12.11.2015 00:27:46] Step 3: f(0,0003) = 221,2513 <= f(0,0003) = 1052,7191; b = alpha_2 = 0,0003.
[12.11.2015 00:27:46] Step 4: (b-a)/2 = 0,0001 < eps = 0,0001; STOP SEARCHING!
[12.11.2015 00:27:46] Iter 1: Answer is in the range: [0,0002; 0,0003]
[12.11.2015 00:27:46] Step 5: alpha_end = (a+b)/2; Minimum x* is: 0,0003
[12.11.2015 00:27:46] Step 4: Alpha = 0,00026;
[12.11.2015 00:27:46] Step 5: arguments = arguments - alpha * gradientValue = (-3,158; 1,563);
[12.11.2015 00:27:46] Step 6: k = k + 1 = 1;
[12.11.2015 00:27:46] Step 7: answer is: (-3,158; 1,563);
[12.11.2015 00:27:46] ITER 2:
[12.11.2015 00:27:46] Step 1: k = 2;
[12.11.2015 00:27:46] Step 2: gradient is (-22,184, -47,167);
[12.11.2015 00:27:46] DSK method started!
[12.11.2015 00:27:46] Step 1: f(alpha)=59,0866, f(alpha + h)=59,0594; k=0;
[12.11.2015 00:27:46] Step 2: a=0,0003, alpha1=0,0003, k=2; Go to step 4!
[12.11.2015 00:27:46] Step 4: alphak=0,0003
[12.11.2015 00:27:46] Step 5: h > 0; a=alpha(k-1)=0,0003
[12.11.2015 00:27:46] k = k + 1 = 3; Go to step 4!
[12.11.2015 00:27:46] Step 4: alphak=0,0003
[12.11.2015 00:27:46] Step 5: h > 0; a=alpha(k-1)=0,0003
[12.11.2015 00:27:46] k = k + 1 = 4; Go to step 4!
[12.11.2015 00:27:46] Step 4: alphak=0,0003
[12.11.2015 00:27:46] Step 5: h > 0; a=alpha(k-1)=0,0003
[12.11.2015 00:27:46] k = k + 1 = 5; Go to step 4!
[12.11.2015 00:27:46] Step 4: alphak=0,0004
[12.11.2015 00:27:46] Step 5: h > 0; a=alpha(k-1)=0,0003
[12.11.2015 00:27:46] k = k + 1 = 6; Go to step 4!
[12.11.2015 00:27:46] Step 4: alphak=0,0006
[12.11.2015 00:27:46] Step 5: h > 0; a=alpha(k-1)=0,0004
[12.11.2015 00:27:46] k = k + 1 = 7; Go to step 4!
[12.11.2015 00:27:46] Step 4: alphak=0,0009
[12.11.2015 00:27:46] Step 5: h > 0; a=alpha(k-1)=0,0006
[12.11.2015 00:27:46] k = k + 1 = 8; Go to step 4!
[12.11.2015 00:27:46] Step 4: alphak=0,0015
[12.11.2015 00:27:46] Step 5: h > 0; a=alpha(k-1)=0,0009
[12.11.2015 00:27:46] k = k + 1 = 9; Go to step 4!
[12.11.2015 00:27:46] Step 4: alphak=0,0028
[12.11.2015 00:27:46] Step 5: h > 0; a=alpha(k-1)=0,0015
[12.11.2015 00:27:46] k = k + 1 = 10; Go to step 4!
[12.11.2015 00:27:46] Step 4: alphak=0,0054
[12.11.2015 00:27:46] Step 5: h > 0; a=alpha(k-1)=0,0028
[12.11.2015 00:27:46] k = k + 1 = 11; Go to step 4!
[12.11.2015 00:27:46] Step 4: alphak=0,0105
[12.11.2015 00:27:46] Step 5: h > 0; a=alpha(k-1)=0,0054
[12.11.2015 00:27:46] k = k + 1 = 12; Go to step 4!
[12.11.2015 00:27:46] Step 4: alphak=0,0207
[12.11.2015 00:27:46] Step 5: h > 0; a=alpha(k-1)=0,0105
[12.11.2015 00:27:46] k = k + 1 = 13; Go to step 4!
[12.11.2015 00:27:46] Step 4: alphak=0,0412
[12.11.2015 00:27:46] Step 5: h > 0; b=alphak=0,0412
[12.11.2015 00:27:46] Step 6: Interval is: [0,0105 ; 0,0412]
[12.11.2015 00:27:46] Dichotomy method has been started!
[12.11.2015 00:27:46] Counting: delta = eps / 10 = 1E-05
[12.11.2015 00:27:46] Step 1: counting alpha_1 = 0,0259, alpha_2 = 0,0259
[12.11.2015 00:27:46] Step 3: f(0,0259) = 5,7576 > f(0,0259) = 5,7408; a = alpha_1 = 0,0259.
[12.11.2015 00:27:46] Iter 0: Answer is in the range: [0,0259; 0,0412]
[12.11.2015 00:27:46] Step 1: counting alpha_1 = 0,0335, alpha_2 = 0,0335
[12.11.2015 00:27:46] Step 3: f(0,0335) = 4,3341 <= f(0,0335) = 4,3450; b = alpha_2 = 0,0335.
[12.11.2015 00:27:46] Iter 1: Answer is in the range: [0,0259; 0,0335]
[12.11.2015 00:27:46] Step 1: counting alpha_1 = 0,0297, alpha_2 = 0,0297
[12.11.2015 00:27:46] Step 3: f(0,0297) = 3,7169 > f(0,0297) = 3,7129; a = alpha_1 = 0,0297.
[12.11.2015 00:27:46] Iter 2: Answer is in the range: [0,0297; 0,0335]
[12.11.2015 00:27:46] Step 1: counting alpha_1 = 0,0316, alpha_2 = 0,0316
[12.11.2015 00:27:46] Step 3: f(0,0316) = 3,6659 <= f(0,0316) = 3,6691; b = alpha_2 = 0,0316.
[12.11.2015 00:27:46] Iter 3: Answer is in the range: [0,0297; 0,0316]
[12.11.2015 00:27:46] Step 1: counting alpha_1 = 0,0306, alpha_2 = 0,0307
[12.11.2015 00:27:46] Step 3: f(0,0306) = 3,6050 > f(0,0307) = 3,6045; a = alpha_1 = 0,0306.
[12.11.2015 00:27:46] Iter 4: Answer is in the range: [0,0306; 0,0316]
[12.11.2015 00:27:46] Step 1: counting alpha_1 = 0,0311, alpha_2 = 0,0311
[12.11.2015 00:27:46] Step 3: f(0,0311) = 3,6134 <= f(0,0311) = 3,6148; b = alpha_2 = 0,0311.
[12.11.2015 00:27:46] Iter 5: Answer is in the range: [0,0306; 0,0311]
[12.11.2015 00:27:46] Step 1: counting alpha_1 = 0,0309, alpha_2 = 0,0309
[12.11.2015 00:27:46] Step 3: f(0,0309) = 3,6038 <= f(0,0309) = 3,6042; b = alpha_2 = 0,0309.
[12.11.2015 00:27:46] Iter 6: Answer is in the range: [0,0306; 0,0309]
[12.11.2015 00:27:46] Step 1: counting alpha_1 = 0,0308, alpha_2 = 0,0308
[12.11.2015 00:27:46] Step 3: f(0,0308) = 3,6030 > f(0,0308) = 3,6030; a = alpha_1 = 0,0308.
[12.11.2015 00:27:46] Step 4: (b-a)/2 = 0,0001 < eps = 0,0001; STOP SEARCHING!
[12.11.2015 00:27:46] Iter 7: Answer is in the range: [0,0308; 0,0309]
[12.11.2015 00:27:46] Step 5: alpha_end = (a+b)/2; Minimum x* is: 0,0308
[12.11.2015 00:27:46] Step 4: Alpha = 0,0308367578125;
[12.11.2015 00:27:46] Step 5: arguments = arguments - alpha * gradientValue = (-2,474; 3,018);
[12.11.2015 00:27:46] Step 6: k = k + 1 = 2;
[12.11.2015 00:27:46] Step 7: answer is: (-2,474; 3,018);
[12.11.2015 00:27:46] ITER 3:
[12.11.2015 00:27:46] Step 1: k = 3;
[12.11.2015 00:27:46] Step 2: gradient is (17,693, -8,150);
[12.11.2015 00:27:46] DSK method started!
[12.11.2015 00:27:46] Step 1: f(alpha)=2,3667, f(alpha + h)=2,3703; k=0;
[12.11.2015 00:27:46] Step 3: b=0,0308, alpha1=0,0308, h=0,0000, k=2.
[12.11.2015 00:27:46] Step 4: alphak=0,0308
[12.11.2015 00:27:46] Step 5: h > 0; b=alpha(k-1)=0,0308
[12.11.2015 00:27:46] k = k + 1 = 3; Go to step 4!
[12.11.2015 00:27:46] Step 4: alphak=0,0308
[12.11.2015 00:27:46] Step 5: h > 0; b=alpha(k-1)=0,0308
[12.11.2015 00:27:46] k = k + 1 = 4; Go to step 4!
[12.11.2015 00:27:46] Step 4: alphak=0,0308
[12.11.2015 00:27:46] Step 5: h > 0; b=alpha(k-1)=0,0308
[12.11.2015 00:27:46] k = k + 1 = 5; Go to step 4!
[12.11.2015 00:27:46] Step 4: alphak=0,0307
[12.11.2015 00:27:46] Step 5: h > 0; b=alpha(k-1)=0,0308
[12.11.2015 00:27:46] k = k + 1 = 6; Go to step 4!
[12.11.2015 00:27:46] Step 4: alphak=0,0305
[12.11.2015 00:27:46] Step 5: h > 0; b=alpha(k-1)=0,0307
[12.11.2015 00:27:46] k = k + 1 = 7; Go to step 4!
[12.11.2015 00:27:46] Step 4: alphak=0,0302
[12.11.2015 00:27:46] Step 5: h > 0; b=alpha(k-1)=0,0305
[12.11.2015 00:27:46] k = k + 1 = 8; Go to step 4!
[12.11.2015 00:27:46] Step 4: alphak=0,0296
[12.11.2015 00:27:46] Step 5: h > 0; b=alpha(k-1)=0,0302
[12.11.2015 00:27:46] k = k + 1 = 9; Go to step 4!
[12.11.2015 00:27:46] Step 4: alphak=0,0283
[12.11.2015 00:27:46] Step 5: h > 0; b=alpha(k-1)=0,0296
[12.11.2015 00:27:46] k = k + 1 = 10; Go to step 4!
[12.11.2015 00:27:46] Step 4: alphak=0,0257
[12.11.2015 00:27:46] Step 5: h > 0; b=alpha(k-1)=0,0283
[12.11.2015 00:27:46] k = k + 1 = 11; Go to step 4!
[12.11.2015 00:27:46] Step 4: alphak=0,0206
[12.11.2015 00:27:47] Step 5: h > 0; b=alpha(k-1)=0,0257
[12.11.2015 00:27:47] k = k + 1 = 12; Go to step 4!
[12.11.2015 00:27:47] Step 4: alphak=0,0104
[12.11.2015 00:27:47] Step 5: h < 0; a=alphak0,0104
[12.11.2015 00:27:47] Step 6: Interval is: [0,0104 ; 0,0257]
[12.11.2015 00:27:47] Dichotomy method has been started!
[12.11.2015 00:27:47] Counting: delta = eps / 10 = 1E-05
[12.11.2015 00:27:47] Step 1: counting alpha_1 = 0,0180, alpha_2 = 0,0180
[12.11.2015 00:27:47] Step 3: f(0,0180) = 0,0508 <= f(0,0180) = 0,0510; b = alpha_2 = 0,0180.
[12.11.2015 00:27:47] Iter 0: Answer is in the range: [0,0104; 0,0180]
[12.11.2015 00:27:47] Step 1: counting alpha_1 = 0,0142, alpha_2 = 0,0142
[12.11.2015 00:27:47] Step 3: f(0,0142) = 0,2036 > f(0,0142) = 0,2018; a = alpha_1 = 0,0142.
[12.11.2015 00:27:47] Iter 1: Answer is in the range: [0,0142; 0,0180]
[12.11.2015 00:27:47] Step 1: counting alpha_1 = 0,0161, alpha_2 = 0,0161
[12.11.2015 00:27:47] Step 3: f(0,0161) = 0,0824 > f(0,0161) = 0,0816; a = alpha_1 = 0,0161.
[12.11.2015 00:27:47] Iter 2: Answer is in the range: [0,0161; 0,0180]
[12.11.2015 00:27:47] Step 1: counting alpha_1 = 0,0171, alpha_2 = 0,0171
[12.11.2015 00:27:47] Step 3: f(0,0171) = 0,0552 > f(0,0171) = 0,0549; a = alpha_1 = 0,0171.
[12.11.2015 00:27:47] Iter 3: Answer is in the range: [0,0171; 0,0180]
[12.11.2015 00:27:47] Step 1: counting alpha_1 = 0,0175, alpha_2 = 0,0176
[12.11.2015 00:27:47] Step 3: f(0,0175) = 0,0501 > f(0,0176) = 0,0500; a = alpha_1 = 0,0175.
[12.11.2015 00:27:47] Iter 4: Answer is in the range: [0,0175; 0,0180]
[12.11.2015 00:27:47] Step 1: counting alpha_1 = 0,0178, alpha_2 = 0,0178
[12.11.2015 00:27:47] Step 3: f(0,0178) = 0,0497 <= f(0,0178) = 0,0498; b = alpha_2 = 0,0178.
[12.11.2015 00:27:47] Iter 5: Answer is in the range: [0,0175; 0,0178]
[12.11.2015 00:27:47] Step 1: counting alpha_1 = 0,0177, alpha_2 = 0,0177
[12.11.2015 00:27:47] Step 3: f(0,0177) = 0,0497 > f(0,0177) = 0,0497; a = alpha_1 = 0,0177.
[12.11.2015 00:27:47] Step 4: (b-a)/2 = 0,0001 < eps = 0,0001; STOP SEARCHING!
[12.11.2015 00:27:47] Iter 6: Answer is in the range: [0,0177; 0,0178]
[12.11.2015 00:27:47] Step 5: alpha_end = (a+b)/2; Minimum x* is: 0,0177
[12.11.2015 00:27:47] Step 4: Alpha = 0,0177371484375;
[12.11.2015 00:27:47] Step 5: arguments = arguments - alpha * gradientValue = (-2,788; 3,162);
[12.11.2015 00:27:47] Step 6: k = k + 1 = 3;
[12.11.2015 00:27:47] Step 7: answer is: (-2,788; 3,162);
[12.11.2015 00:27:47] ITER 4:
[12.11.2015 00:27:47] Step 1: k = 4;
[12.11.2015 00:27:47] Step 2: gradient is (1,168, 2,558);
[12.11.2015 00:27:47] DSK method started!
[12.11.2015 00:27:47] Step 1: f(alpha)=0,0087, f(alpha + h)=0,0087; k=0;
[12.11.2015 00:27:47] Step 3: b=0,0177, alpha1=0,0177, h=0,0000, k=2.
[12.11.2015 00:27:47] Step 4: alphak=0,0177
[12.11.2015 00:27:47] Step 5: h > 0; b=alpha(k-1)=0,0177
[12.11.2015 00:27:47] k = k + 1 = 3; Go to step 4!
[12.11.2015 00:27:47] Step 4: alphak=0,0177
[12.11.2015 00:27:47] Step 5: h > 0; b=alpha(k-1)=0,0177
[12.11.2015 00:27:47] k = k + 1 = 4; Go to step 4!
[12.11.2015 00:27:47] Step 4: alphak=0,0177
[12.11.2015 00:27:47] Step 5: h > 0; b=alpha(k-1)=0,0177
[12.11.2015 00:27:47] k = k + 1 = 5; Go to step 4!
[12.11.2015 00:27:47] Step 4: alphak=0,0176
[12.11.2015 00:27:47] Step 5: h > 0; b=alpha(k-1)=0,0177
[12.11.2015 00:27:47] k = k + 1 = 6; Go to step 4!
[12.11.2015 00:27:47] Step 4: alphak=0,0174
[12.11.2015 00:27:47] Step 5: h > 0; b=alpha(k-1)=0,0176
[12.11.2015 00:27:47] k = k + 1 = 7; Go to step 4!
[12.11.2015 00:27:47] Step 4: alphak=0,0171
[12.11.2015 00:27:47] Step 5: h > 0; b=alpha(k-1)=0,0174
[12.11.2015 00:27:47] k = k + 1 = 8; Go to step 4!
[12.11.2015 00:27:47] Step 4: alphak=0,0165
[12.11.2015 00:27:47] Step 5: h > 0; b=alpha(k-1)=0,0171
[12.11.2015 00:27:47] k = k + 1 = 9; Go to step 4!
[12.11.2015 00:27:47] Step 4: alphak=0,0152
[12.11.2015 00:27:47] Step 5: h > 0; b=alpha(k-1)=0,0165
[12.11.2015 00:27:47] k = k + 1 = 10; Go to step 4!
[12.11.2015 00:27:47] Step 4: alphak=0,0126
[12.11.2015 00:27:47] Step 5: h > 0; b=alpha(k-1)=0,0152
[12.11.2015 00:27:47] k = k + 1 = 11; Go to step 4!
[12.11.2015 00:27:47] Step 4: alphak=0,0075
[12.11.2015 00:27:47] Step 5: h < 0; a=alphak0,0075
[12.11.2015 00:27:47] Step 6: Interval is: [0,0075 ; 0,0152]
[12.11.2015 00:27:47] Dichotomy method has been started!
[12.11.2015 00:27:47] Counting: delta = eps / 10 = 1E-05
[12.11.2015 00:27:47] Step 1: counting alpha_1 = 0,0113, alpha_2 = 0,0113
[12.11.2015 00:27:47] Step 3: f(0,0113) = 0,0008 > f(0,0113) = 0,0007; a = alpha_1 = 0,0113.
[12.11.2015 00:27:47] Iter 0: Answer is in the range: [0,0113; 0,0152]
[12.11.2015 00:27:47] Step 1: counting alpha_1 = 0,0132, alpha_2 = 0,0133
[12.11.2015 00:27:47] Step 3: f(0,0132) = 0,0005 <= f(0,0133) = 0,0005; b = alpha_2 = 0,0133.
[12.11.2015 00:27:47] Iter 1: Answer is in the range: [0,0113; 0,0133]
[12.11.2015 00:27:47] Step 1: counting alpha_1 = 0,0123, alpha_2 = 0,0123
[12.11.2015 00:27:47] Step 3: f(0,0123) = 0,0003 > f(0,0123) = 0,0003; a = alpha_1 = 0,0123.
[12.11.2015 00:27:47] Iter 2: Answer is in the range: [0,0123; 0,0133]
[12.11.2015 00:27:47] Step 1: counting alpha_1 = 0,0128, alpha_2 = 0,0128
[12.11.2015 00:27:47] Step 3: f(0,0128) = 0,0003 <= f(0,0128) = 0,0003; b = alpha_2 = 0,0128.
[12.11.2015 00:27:47] Iter 3: Answer is in the range: [0,0123; 0,0128]
[12.11.2015 00:27:47] Step 1: counting alpha_1 = 0,0125, alpha_2 = 0,0125
[12.11.2015 00:27:47] Step 3: f(0,0125) = 0,0003 > f(0,0125) = 0,0003; a = alpha_1 = 0,0125.
[12.11.2015 00:27:47] Iter 4: Answer is in the range: [0,0125; 0,0128]
[12.11.2015 00:27:47] Step 1: counting alpha_1 = 0,0126, alpha_2 = 0,0127
[12.11.2015 00:27:47] Step 3: f(0,0126) = 0,0003 <= f(0,0127) = 0,0003; b = alpha_2 = 0,0127.
[12.11.2015 00:27:47] Step 4: (b-a)/2 = 0,0001 < eps = 0,0001; STOP SEARCHING!
[12.11.2015 00:27:47] Iter 5: Answer is in the range: [0,0125; 0,0127]
[12.11.2015 00:27:47] Step 5: alpha_end = (a+b)/2; Minimum x* is: 0,0126
[12.11.2015 00:27:47] Step 4: Alpha = 0,0125938671875;
[12.11.2015 00:27:47] Step 5: arguments = arguments - alpha * gradientValue = (-2,802; 3,130);
[12.11.2015 00:27:47] Step 6: k = k + 1 = 4;
[12.11.2015 00:27:47] Step 7: answer is: (-2,802; 3,130);
[12.11.2015 00:27:47] ITER 5:
[12.11.2015 00:27:47] Step 1: k = 5;
[12.11.2015 00:27:47] Step 2: gradient is (0,177, -0,092);
[12.11.2015 00:27:47] DSK method started!
[12.11.2015 00:27:47] Step 1: f(alpha)=0,0000, f(alpha + h)=0,0000; k=0;
[12.11.2015 00:27:47] Step 2: a=0,0126, alpha1=0,0126, k=2; Go to step 4!
[12.11.2015 00:27:47] Step 4: alphak=0,0126
[12.11.2015 00:27:47] Step 5: h > 0; a=alpha(k-1)=0,0126
[12.11.2015 00:27:47] k = k + 1 = 3; Go to step 4!
[12.11.2015 00:27:47] Step 4: alphak=0,0126
[12.11.2015 00:27:47] Step 5: h > 0; a=alpha(k-1)=0,0126
[12.11.2015 00:27:47] k = k + 1 = 4; Go to step 4!
[12.11.2015 00:27:47] Step 4: alphak=0,0127
[12.11.2015 00:27:47] Step 5: h > 0; a=alpha(k-1)=0,0126
[12.11.2015 00:27:47] k = k + 1 = 5; Go to step 4!
[12.11.2015 00:27:47] Step 4: alphak=0,0128
[12.11.2015 00:27:47] Step 5: h > 0; a=alpha(k-1)=0,0127
[12.11.2015 00:27:47] k = k + 1 = 6; Go to step 4!
[12.11.2015 00:27:47] Step 4: alphak=0,0129
[12.11.2015 00:27:47] Step 5: h > 0; a=alpha(k-1)=0,0128
[12.11.2015 00:27:47] k = k + 1 = 7; Go to step 4!
[12.11.2015 00:27:47] Step 4: alphak=0,0132
[12.11.2015 00:27:47] Step 5: h > 0; a=alpha(k-1)=0,0129
[12.11.2015 00:27:47] k = k + 1 = 8; Go to step 4!
[12.11.2015 00:27:47] Step 4: alphak=0,0139
[12.11.2015 00:27:47] Step 5: h > 0; a=alpha(k-1)=0,0132
[12.11.2015 00:27:47] k = k + 1 = 9; Go to step 4!
[12.11.2015 00:27:47] Step 4: alphak=0,0152
[12.11.2015 00:27:47] Step 5: h > 0; a=alpha(k-1)=0,0139
[12.11.2015 00:27:47] k = k + 1 = 10; Go to step 4!
[12.11.2015 00:27:47] Step 4: alphak=0,0177
[12.11.2015 00:27:47] Step 5: h > 0; b=alphak=0,0177
[12.11.2015 00:27:47] Step 6: Interval is: [0,0139 ; 0,0177]
[12.11.2015 00:27:48] Dichotomy method has been started!
[12.11.2015 00:27:48] Counting: delta = eps / 10 = 1E-05
[12.11.2015 00:27:48] Step 1: counting alpha_1 = 0,0158, alpha_2 = 0,0158
[12.11.2015 00:27:48] Step 3: f(0,0158) = 0,0000 <= f(0,0158) = 0,0000; b = alpha_2 = 0,0158.
[12.11.2015 00:27:48] Iter 0: Answer is in the range: [0,0139; 0,0158]
[12.11.2015 00:27:48] Step 1: counting alpha_1 = 0,0148, alpha_2 = 0,0148
[12.11.2015 00:27:48] Step 3: f(0,0148) = 0,0000 > f(0,0148) = 0,0000; a = alpha_1 = 0,0148.
[12.11.2015 00:27:48] Iter 1: Answer is in the range: [0,0148; 0,0158]
[12.11.2015 00:27:48] Step 1: counting alpha_1 = 0,0153, alpha_2 = 0,0153
[12.11.2015 00:27:48] Step 3: f(0,0153) = 0,0000 <= f(0,0153) = 0,0000; b = alpha_2 = 0,0153.
[12.11.2015 00:27:48] Iter 2: Answer is in the range: [0,0148; 0,0153]
[12.11.2015 00:27:48] Step 1: counting alpha_1 = 0,0151, alpha_2 = 0,0151
[12.11.2015 00:27:48] Step 3: f(0,0151) = 0,0000 <= f(0,0151) = 0,0000; b = alpha_2 = 0,0151.
[12.11.2015 00:27:48] Iter 3: Answer is in the range: [0,0148; 0,0151]
[12.11.2015 00:27:48] Step 1: counting alpha_1 = 0,0149, alpha_2 = 0,0150
[12.11.2015 00:27:48] Step 3: f(0,0149) = 0,0000 <= f(0,0150) = 0,0000; b = alpha_2 = 0,0150.
[12.11.2015 00:27:48] Step 4: (b-a)/2 = 0,0001 < eps = 0,0001; STOP SEARCHING!
[12.11.2015 00:27:48] Iter 4: Answer is in the range: [0,0148; 0,0150]
[12.11.2015 00:27:48] Step 5: alpha_end = (a+b)/2; Minimum x* is: 0,0149
[12.11.2015 00:27:48] Step 4: Alpha = 0,0148985546875;
[12.11.2015 00:27:48] Step 5: arguments = arguments - alpha * gradientValue = (-2,805; 3,131);
[12.11.2015 00:27:48] Step 6: k = k + 1 = 5;
[12.11.2015 00:27:48] Step 7: answer is: (-2,805; 3,131);
[12.11.2015 00:27:48] ITER 6:
[12.11.2015 00:27:48] Step 1: k = 6;
[12.11.2015 00:27:48] Step 2: gradient is (0,008, 0,015);
[12.11.2015 00:27:48] DSK method started!
[12.11.2015 00:27:48] Step 1: f(alpha)=0,0000, f(alpha + h)=0,0000; k=0;
[12.11.2015 00:27:48] Step 3: b=0,0149, alpha1=0,0149, h=0,0000, k=2.
[12.11.2015 00:27:48] Step 4: alphak=0,0149
[12.11.2015 00:27:48] Step 5: h > 0; b=alpha(k-1)=0,0149
[12.11.2015 00:27:48] k = k + 1 = 3; Go to step 4!
[12.11.2015 00:27:48] Step 4: alphak=0,0149
[12.11.2015 00:27:48] Step 5: h > 0; b=alpha(k-1)=0,0149
[12.11.2015 00:27:48] k = k + 1 = 4; Go to step 4!
[12.11.2015 00:27:48] Step 4: alphak=0,0148
[12.11.2015 00:27:48] Step 5: h > 0; b=alpha(k-1)=0,0149
[12.11.2015 00:27:48] k = k + 1 = 5; Go to step 4!
[12.11.2015 00:27:48] Step 4: alphak=0,0147
[12.11.2015 00:27:48] Step 5: h > 0; b=alpha(k-1)=0,0148
[12.11.2015 00:27:48] k = k + 1 = 6; Go to step 4!
[12.11.2015 00:27:48] Step 4: alphak=0,0146
[12.11.2015 00:27:48] Step 5: h > 0; b=alpha(k-1)=0,0147
[12.11.2015 00:27:48] k = k + 1 = 7; Go to step 4!
[12.11.2015 00:27:48] Step 4: alphak=0,0143
[12.11.2015 00:27:48] Step 5: h > 0; b=alpha(k-1)=0,0146
[12.11.2015 00:27:48] k = k + 1 = 8; Go to step 4!
[12.11.2015 00:27:48] Step 4: alphak=0,0136
[12.11.2015 00:27:48] Step 5: h > 0; b=alpha(k-1)=0,0143
[12.11.2015 00:27:48] k = k + 1 = 9; Go to step 4!
[12.11.2015 00:27:48] Step 4: alphak=0,0123
[12.11.2015 00:27:48] Step 5: h > 0; b=alpha(k-1)=0,0136
[12.11.2015 00:27:48] k = k + 1 = 10; Go to step 4!
[12.11.2015 00:27:48] Step 4: alphak=0,0098
[12.11.2015 00:27:48] Step 5: h < 0; a=alphak0,0098
[12.11.2015 00:27:48] Step 6: Interval is: [0,0098 ; 0,0136]
[12.11.2015 00:27:48] Dichotomy method has been started!
[12.11.2015 00:27:48] Counting: delta = eps / 10 = 1E-05
[12.11.2015 00:27:48] Step 1: counting alpha_1 = 0,0117, alpha_2 = 0,0117
[12.11.2015 00:27:48] Step 3: f(0,0117) = 0,0000 > f(0,0117) = 0,0000; a = alpha_1 = 0,0117.
[12.11.2015 00:27:48] Iter 0: Answer is in the range: [0,0117; 0,0136]
[12.11.2015 00:27:48] Step 1: counting alpha_1 = 0,0126, alpha_2 = 0,0127
[12.11.2015 00:27:48] Step 3: f(0,0126) = 0,0000 <= f(0,0127) = 0,0000; b = alpha_2 = 0,0127.
[12.11.2015 00:27:48] Iter 1: Answer is in the range: [0,0117; 0,0127]
[12.11.2015 00:27:48] Step 1: counting alpha_1 = 0,0122, alpha_2 = 0,0122
[12.11.2015 00:27:48] Step 3: f(0,0122) = 0,0000 > f(0,0122) = 0,0000; a = alpha_1 = 0,0122.
[12.11.2015 00:27:48] Iter 2: Answer is in the range: [0,0122; 0,0127]
[12.11.2015 00:27:48] Step 1: counting alpha_1 = 0,0124, alpha_2 = 0,0124
[12.11.2015 00:27:48] Step 3: f(0,0124) = 0,0000 > f(0,0124) = 0,0000; a = alpha_1 = 0,0124.
[12.11.2015 00:27:48] Iter 3: Answer is in the range: [0,0124; 0,0127]
[12.11.2015 00:27:48] Step 1: counting alpha_1 = 0,0125, alpha_2 = 0,0125
[12.11.2015 00:27:48] Step 3: f(0,0125) = 0,0000 <= f(0,0125) = 0,0000; b = alpha_2 = 0,0125.
[12.11.2015 00:27:48] Step 4: (b-a)/2 = 0,0001 < eps = 0,0001; STOP SEARCHING!
[12.11.2015 00:27:48] Iter 4: Answer is in the range: [0,0124; 0,0125]
[12.11.2015 00:27:48] Step 5: alpha_end = (a+b)/2; Minimum x* is: 0,0125
[12.11.2015 00:27:48] Step 4: Alpha = 0,0124744921875;
[12.11.2015 00:27:48] Step 5: arguments = arguments - alpha * gradientValue = (-2,805; 3,131);
[12.11.2015 00:27:48] Step 6: k = k + 1 = 6;
[12.11.2015 00:27:48] Step 7: answer is: (-2,805; 3,131);
[12.11.2015 00:27:48] ITER 7:
[12.11.2015 00:27:48] Step 1: k = 7;
[12.11.2015 00:27:48] Step 2: gradient is (0,001, 0,000);
[12.11.2015 00:27:48] DSK method started!
[12.11.2015 00:27:48] Step 1: f(alpha)=0,0000, f(alpha + h)=0,0000; k=0;
[12.11.2015 00:27:48] Step 2: a=0,0125, alpha1=0,0125, k=2; Go to step 4!
[12.11.2015 00:27:48] Step 4: alphak=0,0125
[12.11.2015 00:27:48] Step 5: h > 0; a=alpha(k-1)=0,0125
[12.11.2015 00:27:48] k = k + 1 = 3; Go to step 4!
[12.11.2015 00:27:48] Step 4: alphak=0,0125
[12.11.2015 00:27:48] Step 5: h > 0; a=alpha(k-1)=0,0125
[12.11.2015 00:27:48] k = k + 1 = 4; Go to step 4!
[12.11.2015 00:27:48] Step 4: alphak=0,0126
[12.11.2015 00:27:48] Step 5: h > 0; a=alpha(k-1)=0,0125
[12.11.2015 00:27:48] k = k + 1 = 5; Go to step 4!
[12.11.2015 00:27:48] Step 4: alphak=0,0126
[12.11.2015 00:27:48] Step 5: h > 0; a=alpha(k-1)=0,0126
[12.11.2015 00:27:48] k = k + 1 = 6; Go to step 4!
[12.11.2015 00:27:48] Step 4: alphak=0,0128
[12.11.2015 00:27:48] Step 5: h > 0; a=alpha(k-1)=0,0126
[12.11.2015 00:27:48] k = k + 1 = 7; Go to step 4!
[12.11.2015 00:27:48] Step 4: alphak=0,0131
[12.11.2015 00:27:48] Step 5: h > 0; a=alpha(k-1)=0,0128
[12.11.2015 00:27:48] k = k + 1 = 8; Go to step 4!
[12.11.2015 00:27:48] Step 4: alphak=0,0138
[12.11.2015 00:27:48] Step 5: h > 0; a=alpha(k-1)=0,0131
[12.11.2015 00:27:48] k = k + 1 = 9; Go to step 4!
[12.11.2015 00:27:48] Step 4: alphak=0,0150
[12.11.2015 00:27:48] Step 5: h > 0; a=alpha(k-1)=0,0138
[12.11.2015 00:27:48] k = k + 1 = 10; Go to step 4!
[12.11.2015 00:27:48] Step 4: alphak=0,0176
[12.11.2015 00:27:48] Step 5: h > 0; a=alpha(k-1)=0,0150
[12.11.2015 00:27:48] k = k + 1 = 11; Go to step 4!
[12.11.2015 00:27:48] Step 4: alphak=0,0227
[12.11.2015 00:27:48] Step 5: h > 0; a=alpha(k-1)=0,0176
[12.11.2015 00:27:48] k = k + 1 = 12; Go to step 4!
[12.11.2015 00:27:48] Step 4: alphak=0,0330
[12.11.2015 00:27:48] Step 5: h > 0; b=alphak=0,0330
[12.11.2015 00:27:48] Step 6: Interval is: [0,0176 ; 0,0330]
[12.11.2015 00:27:48] Dichotomy method has been started!
[12.11.2015 00:27:48] Counting: delta = eps / 10 = 1E-05
[12.11.2015 00:27:48] Step 1: counting alpha_1 = 0,0253, alpha_2 = 0,0253
[12.11.2015 00:27:48] Step 3: f(0,0253) = 0,0000 <= f(0,0253) = 0,0000; b = alpha_2 = 0,0253.
[12.11.2015 00:27:48] Iter 0: Answer is in the range: [0,0176; 0,0253]
[12.11.2015 00:27:48] Step 1: counting alpha_1 = 0,0214, alpha_2 = 0,0214
[12.11.2015 00:27:48] Step 3: f(0,0214) = 0,0000 <= f(0,0214) = 0,0000; b = alpha_2 = 0,0214.
[12.11.2015 00:27:48] Iter 1: Answer is in the range: [0,0176; 0,0214]
[12.11.2015 00:27:48] Step 1: counting alpha_1 = 0,0195, alpha_2 = 0,0195
[12.11.2015 00:27:48] Step 3: f(0,0195) = 0,0000 > f(0,0195) = 0,0000; a = alpha_1 = 0,0195.
[12.11.2015 00:27:48] Iter 2: Answer is in the range: [0,0195; 0,0214]
[12.11.2015 00:27:48] Step 1: counting alpha_1 = 0,0205, alpha_2 = 0,0205
[12.11.2015 00:27:48] Step 3: f(0,0205) = 0,0000 > f(0,0205) = 0,0000; a = alpha_1 = 0,0205.
[12.11.2015 00:27:48] Iter 3: Answer is in the range: [0,0205; 0,0214]
[12.11.2015 00:27:48] Step 1: counting alpha_1 = 0,0210, alpha_2 = 0,0210
[12.11.2015 00:27:48] Step 3: f(0,0210) = 0,0000 > f(0,0210) = 0,0000; a = alpha_1 = 0,0210.
[12.11.2015 00:27:48] Iter 4: Answer is in the range: [0,0210; 0,0214]
[12.11.2015 00:27:48] Step 1: counting alpha_1 = 0,0212, alpha_2 = 0,0212
[12.11.2015 00:27:48] Step 3: f(0,0212) = 0,0000 <= f(0,0212) = 0,0000; b = alpha_2 = 0,0212.
[12.11.2015 00:27:48] Iter 5: Answer is in the range: [0,0210; 0,0212]
[12.11.2015 00:27:48] Step 1: counting alpha_1 = 0,0211, alpha_2 = 0,0211
[12.11.2015 00:27:48] Step 3: f(0,0211) = 0,0000 > f(0,0211) = 0,0000; a = alpha_1 = 0,0211.
[12.11.2015 00:27:48] Step 4: (b-a)/2 = 0,0001 < eps = 0,0001; STOP SEARCHING!
[12.11.2015 00:27:49] Iter 6: Answer is in the range: [0,0211; 0,0212]
[12.11.2015 00:27:49] Step 5: alpha_end = (a+b)/2; Minimum x* is: 0,0211
[12.11.2015 00:27:49] Step 4: Alpha = 0,0211398828125;
[12.11.2015 00:27:49] Step 5: arguments = arguments - alpha * gradientValue = (-2,805; 3,131);
[12.11.2015 00:27:49] Step 6: k = k + 1 = 7;
[12.11.2015 00:27:49] Step 7: answer is: (-2,805; 3,131);
[12.11.2015 00:27:49] ITER 8:
[12.11.2015 00:27:49] Step 1: k = 8;
[12.11.2015 00:27:49] Step 2: gradient is (-0,001, 0,001);
[12.11.2015 00:27:49] DSK method started!
[12.11.2015 00:27:49] Step 1: f(alpha)=0,0000, f(alpha + h)=0,0000; k=0;
[12.11.2015 00:27:49] Step 3: b=0,0211, alpha1=0,0211, h=0,0000, k=2.
[12.11.2015 00:27:49] Step 4: alphak=0,0211
[12.11.2015 00:27:49] Step 5: h > 0; b=alpha(k-1)=0,0211
[12.11.2015 00:27:49] k = k + 1 = 3; Go to step 4!
[12.11.2015 00:27:49] Step 4: alphak=0,0211
[12.11.2015 00:27:49] Step 5: h > 0; b=alpha(k-1)=0,0211
[12.11.2015 00:27:49] k = k + 1 = 4; Go to step 4!
[12.11.2015 00:27:49] Step 4: alphak=0,0211
[12.11.2015 00:27:49] Step 5: h > 0; b=alpha(k-1)=0,0211
[12.11.2015 00:27:49] k = k + 1 = 5; Go to step 4!
[12.11.2015 00:27:49] Step 4: alphak=0,0210
[12.11.2015 00:27:49] Step 5: h > 0; b=alpha(k-1)=0,0211
[12.11.2015 00:27:49] k = k + 1 = 6; Go to step 4!
[12.11.2015 00:27:49] Step 4: alphak=0,0208
[12.11.2015 00:27:49] Step 5: h > 0; b=alpha(k-1)=0,0210
[12.11.2015 00:27:49] k = k + 1 = 7; Go to step 4!
[12.11.2015 00:27:49] Step 4: alphak=0,0205
[12.11.2015 00:27:49] Step 5: h > 0; b=alpha(k-1)=0,0208
[12.11.2015 00:27:49] k = k + 1 = 8; Go to step 4!
[12.11.2015 00:27:49] Step 4: alphak=0,0199
[12.11.2015 00:27:49] Step 5: h > 0; b=alpha(k-1)=0,0205
[12.11.2015 00:27:49] k = k + 1 = 9; Go to step 4!
[12.11.2015 00:27:49] Step 4: alphak=0,0186
[12.11.2015 00:27:49] Step 5: h > 0; b=alpha(k-1)=0,0199
[12.11.2015 00:27:49] k = k + 1 = 10; Go to step 4!
[12.11.2015 00:27:49] Step 4: alphak=0,0160
[12.11.2015 00:27:49] Step 5: h > 0; b=alpha(k-1)=0,0186
[12.11.2015 00:27:49] k = k + 1 = 11; Go to step 4!
[12.11.2015 00:27:49] Step 4: alphak=0,0109
[12.11.2015 00:27:49] Step 5: h > 0; b=alpha(k-1)=0,0160
[12.11.2015 00:27:49] k = k + 1 = 12; Go to step 4!
[12.11.2015 00:27:49] Step 4: alphak=0,0007
[12.11.2015 00:27:49] Step 5: h > 0; b=alpha(k-1)=0,0109
[12.11.2015 00:27:49] k = k + 1 = 13; Go to step 4!
[12.11.2015 00:27:49] Step 4: alphak=-0,0198
[12.11.2015 00:27:49] Step 5: h < 0; a=alphak-0,0198
[12.11.2015 00:27:49] Step 6: Interval is: [-0,0198 ; 0,0109]
[12.11.2015 00:27:49] Dichotomy method has been started!
[12.11.2015 00:27:49] Counting: delta = eps / 10 = 1E-05
[12.11.2015 00:27:49] Step 1: counting alpha_1 = -0,0045, alpha_2 = -0,0045
[12.11.2015 00:27:49] Step 3: f(-0,0045) = 0,0000 > f(-0,0045) = 0,0000; a = alpha_1 = -0,0045.
[12.11.2015 00:27:49] Iter 0: Answer is in the range: [-0,0045; 0,0109]
[12.11.2015 00:27:49] Step 1: counting alpha_1 = 0,0032, alpha_2 = 0,0032
[12.11.2015 00:27:49] Step 3: f(0,0032) = 0,0000 <= f(0,0032) = 0,0000; b = alpha_2 = 0,0032.
[12.11.2015 00:27:49] Iter 1: Answer is in the range: [-0,0045; 0,0032]
[12.11.2015 00:27:49] Step 1: counting alpha_1 = -0,0006, alpha_2 = -0,0006
[12.11.2015 00:27:49] Step 3: f(-0,0006) = 0,0000 <= f(-0,0006) = 0,0000; b = alpha_2 = -0,0006.
[12.11.2015 00:27:49] Iter 2: Answer is in the range: [-0,0045; -0,0006]
[12.11.2015 00:27:49] Step 1: counting alpha_1 = -0,0026, alpha_2 = -0,0025
[12.11.2015 00:27:49] Step 3: f(-0,0026) = 0,0000 > f(-0,0025) = 0,0000; a = alpha_1 = -0,0026.
[12.11.2015 00:27:49] Iter 3: Answer is in the range: [-0,0026; -0,0006]
[12.11.2015 00:27:49] Step 1: counting alpha_1 = -0,0016, alpha_2 = -0,0016
[12.11.2015 00:27:49] Step 3: f(-0,0016) = 0,0000 > f(-0,0016) = 0,0000; a = alpha_1 = -0,0016.
[12.11.2015 00:27:49] Iter 4: Answer is in the range: [-0,0016; -0,0006]
[12.11.2015 00:27:49] Step 1: counting alpha_1 = -0,0011, alpha_2 = -0,0011
[12.11.2015 00:27:49] Step 3: f(-0,0011) = 0,0000 > f(-0,0011) = 0,0000; a = alpha_1 = -0,0011.
[12.11.2015 00:27:49] Iter 5: Answer is in the range: [-0,0011; -0,0006]
[12.11.2015 00:27:49] Step 1: counting alpha_1 = -0,0009, alpha_2 = -0,0009
[12.11.2015 00:27:49] Step 3: f(-0,0009) = 0,0000 <= f(-0,0009) = 0,0000; b = alpha_2 = -0,0009.
[12.11.2015 00:27:49] Iter 6: Answer is in the range: [-0,0011; -0,0009]
[12.11.2015 00:27:49] Step 1: counting alpha_1 = -0,0010, alpha_2 = -0,0010
[12.11.2015 00:27:49] Step 3: f(-0,0010) = 0,0000 > f(-0,0010) = 0,0000; a = alpha_1 = -0,0010.
[12.11.2015 00:27:49] Step 4: (b-a)/2 = 0,0001 < eps = 0,0001; STOP SEARCHING!
[12.11.2015 00:27:49] Iter 7: Answer is in the range: [-0,0010; -0,0009]
[12.11.2015 00:27:49] Step 5: alpha_end = (a+b)/2; Minimum x* is: -0,0009
[12.11.2015 00:27:49] Step 4: Alpha = -0,000922421874999991;
[12.11.2015 00:27:49] Step 5: arguments = arguments - alpha * gradientValue = (-2,805; 3,131);
[12.11.2015 00:27:49] Step 6: k = k + 1 = 8;
[12.11.2015 00:27:49] Step 7: answer is: (-2,805; 3,131);
[12.11.2015 00:27:49] ITER 9:
[12.11.2015 00:27:49] Step 1: k = 9;
[12.11.2015 00:27:49] Step 2: gradient is (-0,030, -0,037);
[12.11.2015 00:27:49] DSK method started!
[12.11.2015 00:27:49] Step 1: f(alpha)=0,0000, f(alpha + h)=0,0000; k=0;
[12.11.2015 00:27:49] Step 2: a=-0,0009, alpha1=-0,0009, k=2; Go to step 4!
[12.11.2015 00:27:49] Step 4: alphak=-0,0009
[12.11.2015 00:27:49] Step 5: h > 0; a=alpha(k-1)=-0,0009
[12.11.2015 00:27:49] k = k + 1 = 3; Go to step 4!
[12.11.2015 00:27:49] Step 4: alphak=-0,0009
[12.11.2015 00:27:49] Step 5: h > 0; a=alpha(k-1)=-0,0009
[12.11.2015 00:27:49] k = k + 1 = 4; Go to step 4!
[12.11.2015 00:27:49] Step 4: alphak=-0,0008
[12.11.2015 00:27:49] Step 5: h > 0; a=alpha(k-1)=-0,0009
[12.11.2015 00:27:49] k = k + 1 = 5; Go to step 4!
[12.11.2015 00:27:49] Step 4: alphak=-0,0008
[12.11.2015 00:27:49] Step 5: h > 0; a=alpha(k-1)=-0,0008
[12.11.2015 00:27:49] k = k + 1 = 6; Go to step 4!
[12.11.2015 00:27:49] Step 4: alphak=-0,0006
[12.11.2015 00:27:49] Step 5: h > 0; a=alpha(k-1)=-0,0008
[12.11.2015 00:27:49] k = k + 1 = 7; Go to step 4!
[12.11.2015 00:27:49] Step 4: alphak=-0,0003
[12.11.2015 00:27:49] Step 5: h > 0; a=alpha(k-1)=-0,0006
[12.11.2015 00:27:49] k = k + 1 = 8; Go to step 4!
[12.11.2015 00:27:49] Step 4: alphak=0,0004
[12.11.2015 00:27:49] Step 5: h > 0; a=alpha(k-1)=-0,0003
[12.11.2015 00:27:49] k = k + 1 = 9; Go to step 4!
[12.11.2015 00:27:49] Step 4: alphak=0,0016
[12.11.2015 00:27:49] Step 5: h > 0; b=alphak=0,0016
[12.11.2015 00:27:49] Step 6: Interval is: [-0,0003 ; 0,0016]
[12.11.2015 00:27:49] Dichotomy method has been started!
[12.11.2015 00:27:49] Counting: delta = eps / 10 = 1E-05
[12.11.2015 00:27:49] Step 1: counting alpha_1 = 0,0007, alpha_2 = 0,0007
[12.11.2015 00:27:49] Step 3: f(0,0007) = 0,0000 <= f(0,0007) = 0,0000; b = alpha_2 = 0,0007.
[12.11.2015 00:27:49] Iter 0: Answer is in the range: [-0,0003; 0,0007]
[12.11.2015 00:27:49] Step 1: counting alpha_1 = 0,0002, alpha_2 = 0,0002
[12.11.2015 00:27:49] Step 3: f(0,0002) = 0,0000 <= f(0,0002) = 0,0000; b = alpha_2 = 0,0002.
[12.11.2015 00:27:49] Iter 1: Answer is in the range: [-0,0003; 0,0002]
[12.11.2015 00:27:49] Step 1: counting alpha_1 = 0,0000, alpha_2 = 0,0000
[12.11.2015 00:27:49] Step 3: f(0,0000) = 0,0000 > f(0,0000) = 0,0000; a = alpha_1 = 0,0000.
[12.11.2015 00:27:49] Iter 2: Answer is in the range: [0,0000; 0,0002]
[12.11.2015 00:27:49] Step 1: counting alpha_1 = 0,0001, alpha_2 = 0,0001
[12.11.2015 00:27:49] Step 3: f(0,0001) = 0,0000 <= f(0,0001) = 0,0000; b = alpha_2 = 0,0001.
[12.11.2015 00:27:49] Step 4: (b-a)/2 = 0,0001 < eps = 0,0001; STOP SEARCHING!
[12.11.2015 00:27:49] Iter 3: Answer is in the range: [0,0000; 0,0001]
[12.11.2015 00:27:49] Step 5: alpha_end = (a+b)/2; Minimum x* is: 0,0000
[12.11.2015 00:27:49] Step 4: Alpha = 2,4453125000009E-05;
[12.11.2015 00:27:49] Step 5: arguments = arguments - alpha * gradientValue = (-2,805; 3,131);
[12.11.2015 00:27:49] Step 6: k = k + 1 = 9;
[12.11.2015 00:27:50] Step 7: answer is: (-2,805; 3,131);
[12.11.2015 00:27:50] ITER 10:
[12.11.2015 00:27:50] Step 1: k = 10;
[12.11.2015 00:27:50] Step 2: gradient is (0,001, 0,001);
[12.11.2015 00:27:50] DSK method started!
[12.11.2015 00:27:50] Step 1: f(alpha)=0,0000, f(alpha + h)=0,0000; k=0;
[12.11.2015 00:27:50] Step 3: b=0,0000, alpha1=0,0000, h=0,0000, k=2.
[12.11.2015 00:27:50] Step 4: alphak=0,0000
[12.11.2015 00:27:50] Step 5: h > 0; b=alpha(k-1)=0,0000
[12.11.2015 00:27:50] k = k + 1 = 3; Go to step 4!
[12.11.2015 00:27:50] Step 4: alphak=0,0000
[12.11.2015 00:27:50] Step 5: h > 0; b=alpha(k-1)=0,0000
[12.11.2015 00:27:50] k = k + 1 = 4; Go to step 4!
[12.11.2015 00:27:50] Step 4: alphak=-0,0001
[12.11.2015 00:27:50] Step 5: h > 0; b=alpha(k-1)=0,0000
[12.11.2015 00:27:50] k = k + 1 = 5; Go to step 4!
[12.11.2015 00:27:50] Step 4: alphak=-0,0001
[12.11.2015 00:27:50] Step 5: h > 0; b=alpha(k-1)=-0,0001
[12.11.2015 00:27:50] k = k + 1 = 6; Go to step 4!
[12.11.2015 00:27:50] Step 4: alphak=-0,0003
[12.11.2015 00:27:50] Step 5: h > 0; b=alpha(k-1)=-0,0001
[12.11.2015 00:27:50] k = k + 1 = 7; Go to step 4!
[12.11.2015 00:27:50] Step 4: alphak=-0,0006
[12.11.2015 00:27:50] Step 5: h > 0; b=alpha(k-1)=-0,0003
[12.11.2015 00:27:50] k = k + 1 = 8; Go to step 4!
[12.11.2015 00:27:50] Step 4: alphak=-0,0013
[12.11.2015 00:27:50] Step 5: h > 0; b=alpha(k-1)=-0,0006
[12.11.2015 00:27:50] k = k + 1 = 9; Go to step 4!
[12.11.2015 00:27:50] Step 4: alphak=-0,0025
[12.11.2015 00:27:50] Step 5: h < 0; a=alphak-0,0025
[12.11.2015 00:27:50] Step 6: Interval is: [-0,0025 ; -0,0006]
[12.11.2015 00:27:50] Dichotomy method has been started!
[12.11.2015 00:27:50] Counting: delta = eps / 10 = 1E-05
[12.11.2015 00:27:50] Step 1: counting alpha_1 = -0,0016, alpha_2 = -0,0016
[12.11.2015 00:27:50] Step 3: f(-0,0016) = 0,0000 <= f(-0,0016) = 0,0000; b = alpha_2 = -0,0016.
[12.11.2015 00:27:50] Iter 0: Answer is in the range: [-0,0025; -0,0016]
[12.11.2015 00:27:50] Step 1: counting alpha_1 = -0,0021, alpha_2 = -0,0020
[12.11.2015 00:27:50] Step 3: f(-0,0021) = 0,0000 > f(-0,0020) = 0,0000; a = alpha_1 = -0,0021.
[12.11.2015 00:27:50] Iter 1: Answer is in the range: [-0,0021; -0,0016]
[12.11.2015 00:27:50] Step 1: counting alpha_1 = -0,0018, alpha_2 = -0,0018
[12.11.2015 00:27:50] Step 3: f(-0,0018) = 0,0000 > f(-0,0018) = 0,0000; a = alpha_1 = -0,0018.
[12.11.2015 00:27:50] Iter 2: Answer is in the range: [-0,0018; -0,0016]
[12.11.2015 00:27:50] Step 1: counting alpha_1 = -0,0017, alpha_2 = -0,0017
[12.11.2015 00:27:50] Step 3: f(-0,0017) = 0,0000 > f(-0,0017) = 0,0000; a = alpha_1 = -0,0017.
[12.11.2015 00:27:50] Step 4: (b-a)/2 = 0,0001 < eps = 0,0001; STOP SEARCHING!
[12.11.2015 00:27:50] Iter 3: Answer is in the range: [-0,0017; -0,0016]
[12.11.2015 00:27:50] Step 5: alpha_end = (a+b)/2; Minimum x* is: -0,0016
[12.11.2015 00:27:50] Step 4: Alpha = -0,00163492187499999;
[12.11.2015 00:27:50] Step 5: arguments = arguments - alpha * gradientValue = (-2,805; 3,131);
[12.11.2015 00:27:50] Step 6: k = k + 1 = 10;
[12.11.2015 00:27:50] Step 7: answer is: (-2,805; 3,131);
[12.11.2015 00:27:50] ITER 11:
[12.11.2015 00:27:50] Step 1: k = 11;
[12.11.2015 00:27:50] Step 2: gradient is (-0,053, -0,066);
[12.11.2015 00:27:50] DSK method started!
[12.11.2015 00:27:50] Step 1: f(alpha)=0,0000, f(alpha + h)=0,0000; k=0;
[12.11.2015 00:27:50] Step 2: a=-0,0016, alpha1=-0,0016, k=2; Go to step 4!
[12.11.2015 00:27:50] Step 4: alphak=-0,0016
[12.11.2015 00:27:50] Step 5: h > 0; a=alpha(k-1)=-0,0016
[12.11.2015 00:27:50] k = k + 1 = 3; Go to step 4!
[12.11.2015 00:27:50] Step 4: alphak=-0,0016
[12.11.2015 00:27:50] Step 5: h > 0; a=alpha(k-1)=-0,0016
[12.11.2015 00:27:50] k = k + 1 = 4; Go to step 4!
[12.11.2015 00:27:50] Step 4: alphak=-0,0016
[12.11.2015 00:27:50] Step 5: h > 0; a=alpha(k-1)=-0,0016
[12.11.2015 00:27:50] k = k + 1 = 5; Go to step 4!
[12.11.2015 00:27:50] Step 4: alphak=-0,0015
[12.11.2015 00:27:50] Step 5: h > 0; a=alpha(k-1)=-0,0016
[12.11.2015 00:27:50] k = k + 1 = 6; Go to step 4!
[12.11.2015 00:27:50] Step 4: alphak=-0,0013
[12.11.2015 00:27:50] Step 5: h > 0; a=alpha(k-1)=-0,0015
[12.11.2015 00:27:50] k = k + 1 = 7; Go to step 4!
[12.11.2015 00:27:50] Step 4: alphak=-0,0010
[12.11.2015 00:27:50] Step 5: h > 0; a=alpha(k-1)=-0,0013
[12.11.2015 00:27:50] k = k + 1 = 8; Go to step 4!
[12.11.2015 00:27:50] Step 4: alphak=-0,0004
[12.11.2015 00:27:50] Step 5: h > 0; a=alpha(k-1)=-0,0010
[12.11.2015 00:27:50] k = k + 1 = 9; Go to step 4!
[12.11.2015 00:27:50] Step 4: alphak=0,0009
[12.11.2015 00:27:50] Step 5: h > 0; b=alphak=0,0009
[12.11.2015 00:27:50] Step 6: Interval is: [-0,0010 ; 0,0009]
[12.11.2015 00:27:50] Dichotomy method has been started!
[12.11.2015 00:27:50] Counting: delta = eps / 10 = 1E-05
[12.11.2015 00:27:50] Step 1: counting alpha_1 = 0,0000, alpha_2 = 0,0000
[12.11.2015 00:27:50] Step 3: f(0,0000) = 0,0000 > f(0,0000) = 0,0000; a = alpha_1 = 0,0000.
[12.11.2015 00:27:50] Iter 0: Answer is in the range: [0,0000; 0,0009]
[12.11.2015 00:27:50] Step 1: counting alpha_1 = 0,0004, alpha_2 = 0,0005
[12.11.2015 00:27:50] Step 3: f(0,0004) = 0,0000 <= f(0,0005) = 0,0000; b = alpha_2 = 0,0005.
[12.11.2015 00:27:50] Iter 1: Answer is in the range: [0,0000; 0,0005]
[12.11.2015 00:27:50] Step 1: counting alpha_1 = 0,0002, alpha_2 = 0,0002
[12.11.2015 00:27:50] Step 3: f(0,0002) = 0,0000 <= f(0,0002) = 0,0000; b = alpha_2 = 0,0002.
[12.11.2015 00:27:50] Iter 2: Answer is in the range: [0,0000; 0,0002]
[12.11.2015 00:27:50] Step 1: counting alpha_1 = 0,0001, alpha_2 = 0,0001
[12.11.2015 00:27:50] Step 3: f(0,0001) = 0,0000 <= f(0,0001) = 0,0000; b = alpha_2 = 0,0001.
[12.11.2015 00:27:50] Step 4: (b-a)/2 = 0,0001 < eps = 0,0001; STOP SEARCHING!
[12.11.2015 00:27:50] Iter 3: Answer is in the range: [0,0000; 0,0001]
[12.11.2015 00:27:50] Step 5: alpha_end = (a+b)/2; Minimum x* is: 0,0000
[12.11.2015 00:27:50] Step 4: Alpha = 2,44531250000087E-05;
[12.11.2015 00:27:50] Step 5: arguments = arguments - alpha * gradientValue = (-2,805; 3,131);
[12.11.2015 00:27:50] Step 6: k = k + 1 = 11;
[12.11.2015 00:27:50] Step 7: answer is: (-2,805; 3,131);
[12.11.2015 00:27:50] ITER 12:
[12.11.2015 00:27:50] Step 1: k = 12;
[12.11.2015 00:27:50] Step 2: gradient is (0,001, 0,001);
[12.11.2015 00:27:50] DSK method started!
[12.11.2015 00:27:50] Step 1: f(alpha)=0,0000, f(alpha + h)=0,0000; k=0;
[12.11.2015 00:27:50] Step 2: a=0,0000, alpha1=0,0000, k=2; Go to step 4!
[12.11.2015 00:27:50] Step 4: alphak=0,0000
[12.11.2015 00:27:50] Step 5: h > 0; a=alpha(k-1)=0,0000
[12.11.2015 00:27:50] k = k + 1 = 3; Go to step 4!
[12.11.2015 00:27:50] Step 4: alphak=0,0001
[12.11.2015 00:27:50] Step 5: h > 0; a=alpha(k-1)=0,0000
[12.11.2015 00:27:50] k = k + 1 = 4; Go to step 4!
[12.11.2015 00:27:50] Step 4: alphak=0,0001
[12.11.2015 00:27:50] Step 5: h > 0; a=alpha(k-1)=0,0001
[12.11.2015 00:27:50] k = k + 1 = 5; Go to step 4!
[12.11.2015 00:27:50] Step 4: alphak=0,0002
[12.11.2015 00:27:50] Step 5: h > 0; a=alpha(k-1)=0,0001
[12.11.2015 00:27:51] k = k + 1 = 6; Go to step 4!
[12.11.2015 00:27:51] Step 4: alphak=0,0003
[12.11.2015 00:27:51] Step 5: h > 0; a=alpha(k-1)=0,0002
[12.11.2015 00:27:51] k = k + 1 = 7; Go to step 4!
[12.11.2015 00:27:51] Step 4: alphak=0,0007
[12.11.2015 00:27:51] Step 5: h > 0; a=alpha(k-1)=0,0003
[12.11.2015 00:27:51] k = k + 1 = 8; Go to step 4!
[12.11.2015 00:27:51] Step 4: alphak=0,0013
[12.11.2015 00:27:51] Step 5: h > 0; a=alpha(k-1)=0,0007
[12.11.2015 00:27:51] k = k + 1 = 9; Go to step 4!
[12.11.2015 00:27:51] Step 4: alphak=0,0026
[12.11.2015 00:27:51] Step 5: h > 0; b=alphak=0,0026
[12.11.2015 00:27:51] Step 6: Interval is: [0,0007 ; 0,0026]
[12.11.2015 00:27:51] Dichotomy method has been started!
[12.11.2015 00:27:51] Counting: delta = eps / 10 = 1E-05
[12.11.2015 00:27:51] Step 1: counting alpha_1 = 0,0016, alpha_2 = 0,0016
[12.11.2015 00:27:51] Step 3: f(0,0016) = 0,0000 <= f(0,0016) = 0,0000; b = alpha_2 = 0,0016.
[12.11.2015 00:27:51] Iter 0: Answer is in the range: [0,0007; 0,0016]
[12.11.2015 00:27:51] Step 1: counting alpha_1 = 0,0011, alpha_2 = 0,0012
[12.11.2015 00:27:51] Step 3: f(0,0011) = 0,0000 > f(0,0012) = 0,0000; a = alpha_1 = 0,0011.
[12.11.2015 00:27:51] Iter 1: Answer is in the range: [0,0011; 0,0016]
[12.11.2015 00:27:51] Step 1: counting alpha_1 = 0,0014, alpha_2 = 0,0014
[12.11.2015 00:27:51] Step 3: f(0,0014) = 0,0000 > f(0,0014) = 0,0000; a = alpha_1 = 0,0014.
[12.11.2015 00:27:51] Iter 2: Answer is in the range: [0,0014; 0,0016]
[12.11.2015 00:27:51] Step 1: counting alpha_1 = 0,0015, alpha_2 = 0,0015
[12.11.2015 00:27:51] Step 3: f(0,0015) = 0,0000 <= f(0,0015) = 0,0000; b = alpha_2 = 0,0015.
[12.11.2015 00:27:51] Step 4: (b-a)/2 = 0,0001 < eps = 0,0001; STOP SEARCHING!
[12.11.2015 00:27:51] Iter 3: Answer is in the range: [0,0014; 0,0015]
[12.11.2015 00:27:51] Step 5: alpha_end = (a+b)/2; Minimum x* is: 0,0014
[12.11.2015 00:27:51] Step 4: Alpha = 0,00144632812500001;
[12.11.2015 00:27:51] Step 5: arguments = arguments - alpha * gradientValue = (-2,805; 3,131);
[12.11.2015 00:27:51] Step 6: k = k + 1 = 12;
[12.11.2015 00:27:51] Step 7: answer is: (-2,805; 3,131);
[12.11.2015 00:27:51] ITER 13:
[12.11.2015 00:27:51] Step 1: k = 13;
[12.11.2015 00:27:51] Step 2: gradient is (0,047, 0,058);
[12.11.2015 00:27:51] DSK method started!
[12.11.2015 00:27:51] Step 1: f(alpha)=0,0000, f(alpha + h)=0,0000; k=0;
[12.11.2015 00:27:51] Step 3: b=0,0014, alpha1=0,0015, h=0,0000, k=2.
[12.11.2015 00:27:51] Step 4: alphak=0,0014
[12.11.2015 00:27:51] Step 5: h > 0; b=alpha(k-1)=0,0014
[12.11.2015 00:27:51] k = k + 1 = 3; Go to step 4!
[12.11.2015 00:27:51] Step 4: alphak=0,0014
[12.11.2015 00:27:51] Step 5: h > 0; b=alpha(k-1)=0,0014
[12.11.2015 00:27:51] k = k + 1 = 4; Go to step 4!
[12.11.2015 00:27:51] Step 4: alphak=0,0014
[12.11.2015 00:27:51] Step 5: h > 0; b=alpha(k-1)=0,0014
[12.11.2015 00:27:51] k = k + 1 = 5; Go to step 4!
[12.11.2015 00:27:51] Step 4: alphak=0,0013
[12.11.2015 00:27:51] Step 5: h > 0; b=alpha(k-1)=0,0014
[12.11.2015 00:27:51] k = k + 1 = 6; Go to step 4!
[12.11.2015 00:27:51] Step 4: alphak=0,0011
[12.11.2015 00:27:51] Step 5: h > 0; b=alpha(k-1)=0,0013
[12.11.2015 00:27:51] k = k + 1 = 7; Go to step 4!
[12.11.2015 00:27:51] Step 4: alphak=0,0008
[12.11.2015 00:27:51] Step 5: h > 0; b=alpha(k-1)=0,0011
[12.11.2015 00:27:51] k = k + 1 = 8; Go to step 4!
[12.11.2015 00:27:51] Step 4: alphak=0,0002
[12.11.2015 00:27:51] Step 5: h > 0; b=alpha(k-1)=0,0008
[12.11.2015 00:27:51] k = k + 1 = 9; Go to step 4!
[12.11.2015 00:27:51] Step 4: alphak=-0,0011
[12.11.2015 00:27:51] Step 5: h < 0; a=alphak-0,0011
[12.11.2015 00:27:51] Step 6: Interval is: [-0,0011 ; 0,0008]
[12.11.2015 00:27:51] Dichotomy method has been started!
[12.11.2015 00:27:51] Counting: delta = eps / 10 = 1E-05
[12.11.2015 00:27:51] Step 1: counting alpha_1 = -0,0002, alpha_2 = -0,0001
[12.11.2015 00:27:51] Step 3: f(-0,0002) = 0,0000 > f(-0,0001) = 0,0000; a = alpha_1 = -0,0002.
[12.11.2015 00:27:51] Iter 0: Answer is in the range: [-0,0002; 0,0008]
[12.11.2015 00:27:51] Step 1: counting alpha_1 = 0,0003, alpha_2 = 0,0003
[12.11.2015 00:27:51] Step 3: f(0,0003) = 0,0000 <= f(0,0003) = 0,0000; b = alpha_2 = 0,0003.
[12.11.2015 00:27:51] Iter 1: Answer is in the range: [-0,0002; 0,0003]
[12.11.2015 00:27:51] Step 1: counting alpha_1 = 0,0001, alpha_2 = 0,0001
[12.11.2015 00:27:51] Step 3: f(0,0001) = 0,0000 <= f(0,0001) = 0,0000; b = alpha_2 = 0,0001.
[12.11.2015 00:27:51] Iter 2: Answer is in the range: [-0,0002; 0,0001]
[12.11.2015 00:27:51] Step 1: counting alpha_1 = 0,0000, alpha_2 = 0,0000
[12.11.2015 00:27:51] Step 3: f(0,0000) = 0,0000 > f(0,0000) = 0,0000; a = alpha_1 = 0,0000.
[12.11.2015 00:27:51] Step 4: (b-a)/2 = 0,0001 < eps = 0,0001; STOP SEARCHING!
[12.11.2015 00:27:51] Iter 3: Answer is in the range: [0,0000; 0,0001]
[12.11.2015 00:27:51] Step 5: alpha_end = (a+b)/2; Minimum x* is: 0,0000
[12.11.2015 00:27:51] Step 4: Alpha = 2,44531250000087E-05;
[12.11.2015 00:27:51] Step 5: arguments = arguments - alpha * gradientValue = (-2,805; 3,131);
[12.11.2015 00:27:51] Step 6: k = k + 1 = 13;
[12.11.2015 00:27:51] Step 7: answer is: (-2,805; 3,131);
[12.11.2015 00:27:51] ITER 14:
[12.11.2015 00:27:51] Step 1: k = 14;
[12.11.2015 00:27:51] Step 2: gradient is (0,001, 0,001);
[12.11.2015 00:27:51] DSK method started!
[12.11.2015 00:27:51] Step 1: f(alpha)=0,0000, f(alpha + h)=0,0000; k=0;
[12.11.2015 00:27:51] Step 3: b=0,0000, alpha1=0,0000, h=0,0000, k=2.
[12.11.2015 00:27:51] Step 4: alphak=0,0000
[12.11.2015 00:27:51] Step 5: h > 0; b=alpha(k-1)=0,0000
[12.11.2015 00:27:51] k = k + 1 = 3; Go to step 4!
[12.11.2015 00:27:51] Step 4: alphak=0,0000
[12.11.2015 00:27:51] Step 5: h > 0; b=alpha(k-1)=0,0000
[12.11.2015 00:27:51] k = k + 1 = 4; Go to step 4!
[12.11.2015 00:27:51] Step 4: alphak=-0,0001
[12.11.2015 00:27:51] Step 5: h > 0; b=alpha(k-1)=0,0000
[12.11.2015 00:27:51] k = k + 1 = 5; Go to step 4!
[12.11.2015 00:27:51] Step 4: alphak=-0,0001
[12.11.2015 00:27:51] Step 5: h > 0; b=alpha(k-1)=-0,0001
[12.11.2015 00:27:51] k = k + 1 = 6; Go to step 4!
[12.11.2015 00:27:51] Step 4: alphak=-0,0003
[12.11.2015 00:27:51] Step 5: h > 0; b=alpha(k-1)=-0,0001
[12.11.2015 00:27:51] k = k + 1 = 7; Go to step 4!
[12.11.2015 00:27:51] Step 4: alphak=-0,0006
[12.11.2015 00:27:51] Step 5: h > 0; b=alpha(k-1)=-0,0003
[12.11.2015 00:27:51] k = k + 1 = 8; Go to step 4!
[12.11.2015 00:27:51] Step 4: alphak=-0,0013
[12.11.2015 00:27:51] Step 5: h > 0; b=alpha(k-1)=-0,0006
[12.11.2015 00:27:51] k = k + 1 = 9; Go to step 4!
[12.11.2015 00:27:51] Step 4: alphak=-0,0025
[12.11.2015 00:27:51] Step 5: h < 0; a=alphak-0,0025
[12.11.2015 00:27:51] Step 6: Interval is: [-0,0025 ; -0,0006]
[12.11.2015 00:27:51] Dichotomy method has been started!
[12.11.2015 00:27:51] Counting: delta = eps / 10 = 1E-05
[12.11.2015 00:27:51] Step 1: counting alpha_1 = -0,0016, alpha_2 = -0,0016
[12.11.2015 00:27:52] Step 3: f(-0,0016) = 0,0000 <= f(-0,0016) = 0,0000; b = alpha_2 = -0,0016.
[12.11.2015 00:27:52] Iter 0: Answer is in the range: [-0,0025; -0,0016]
[12.11.2015 00:27:52] Step 1: counting alpha_1 = -0,0021, alpha_2 = -0,0020
[12.11.2015 00:27:52] Step 3: f(-0,0021) = 0,0000 > f(-0,0020) = 0,0000; a = alpha_1 = -0,0021.
[12.11.2015 00:27:52] Iter 1: Answer is in the range: [-0,0021; -0,0016]
[12.11.2015 00:27:52] Step 1: counting alpha_1 = -0,0018, alpha_2 = -0,0018
[12.11.2015 00:27:52] Step 3: f(-0,0018) = 0,0000 > f(-0,0018) = 0,0000; a = alpha_1 = -0,0018.
[12.11.2015 00:27:52] Iter 2: Answer is in the range: [-0,0018; -0,0016]
[12.11.2015 00:27:52] Step 1: counting alpha_1 = -0,0017, alpha_2 = -0,0017
[12.11.2015 00:27:52] Step 3: f(-0,0017) = 0,0000 > f(-0,0017) = 0,0000; a = alpha_1 = -0,0017.
[12.11.2015 00:27:52] Step 4: (b-a)/2 = 0,0001 < eps = 0,0001; STOP SEARCHING!
[12.11.2015 00:27:52] Iter 3: Answer is in the range: [-0,0017; -0,0016]
[12.11.2015 00:27:52] Step 5: alpha_end = (a+b)/2; Minimum x* is: -0,0016
[12.11.2015 00:27:52] Step 4: Alpha = -0,00163492187499999;
[12.11.2015 00:27:52] Step 5: arguments = arguments - alpha * gradientValue = (-2,805; 3,131);
[12.11.2015 00:27:52] Step 6: k = k + 1 = 14;
[12.11.2015 00:27:52] Step 7: answer is: (-2,805; 3,131);
[12.11.2015 00:27:52] ITER 15:
[12.11.2015 00:27:52] Step 1: k = 15;
[12.11.2015 00:27:52] Step 2: gradient is (-0,053, -0,066);
[12.11.2015 00:27:52] DSK method started!
[12.11.2015 00:27:52] Step 1: f(alpha)=0,0000, f(alpha + h)=0,0000; k=0;
[12.11.2015 00:27:52] Step 2: a=-0,0016, alpha1=-0,0016, k=2; Go to step 4!
[12.11.2015 00:27:52] Step 4: alphak=-0,0016
[12.11.2015 00:27:52] Step 5: h > 0; a=alpha(k-1)=-0,0016
[12.11.2015 00:27:52] k = k + 1 = 3; Go to step 4!
[12.11.2015 00:27:52] Step 4: alphak=-0,0016
[12.11.2015 00:27:52] Step 5: h > 0; a=alpha(k-1)=-0,0016
[12.11.2015 00:27:52] k = k + 1 = 4; Go to step 4!
[12.11.2015 00:27:52] Step 4: alphak=-0,0016
[12.11.2015 00:27:52] Step 5: h > 0; a=alpha(k-1)=-0,0016
[12.11.2015 00:27:52] k = k + 1 = 5; Go to step 4!
[12.11.2015 00:27:52] Step 4: alphak=-0,0015
[12.11.2015 00:27:52] Step 5: h > 0; a=alpha(k-1)=-0,0016
[12.11.2015 00:27:52] k = k + 1 = 6; Go to step 4!
[12.11.2015 00:27:52] Step 4: alphak=-0,0013
[12.11.2015 00:27:52] Step 5: h > 0; a=alpha(k-1)=-0,0015
[12.11.2015 00:27:52] k = k + 1 = 7; Go to step 4!
[12.11.2015 00:27:52] Step 4: alphak=-0,0010
[12.11.2015 00:27:52] Step 5: h > 0; a=alpha(k-1)=-0,0013
[12.11.2015 00:27:52] k = k + 1 = 8; Go to step 4!
[12.11.2015 00:27:52] Step 4: alphak=-0,0004
[12.11.2015 00:27:52] Step 5: h > 0; a=alpha(k-1)=-0,0010
[12.11.2015 00:27:52] k = k + 1 = 9; Go to step 4!
[12.11.2015 00:27:52] Step 4: alphak=0,0009
[12.11.2015 00:27:52] Step 5: h > 0; b=alphak=0,0009
[12.11.2015 00:27:52] Step 6: Interval is: [-0,0010 ; 0,0009]
[12.11.2015 00:27:52] Dichotomy method has been started!
[12.11.2015 00:27:52] Counting: delta = eps / 10 = 1E-05
[12.11.2015 00:27:52] Step 1: counting alpha_1 = 0,0000, alpha_2 = 0,0000
[12.11.2015 00:27:52] Step 3: f(0,0000) = 0,0000 > f(0,0000) = 0,0000; a = alpha_1 = 0,0000.
[12.11.2015 00:27:52] Iter 0: Answer is in the range: [0,0000; 0,0009]
[12.11.2015 00:27:52] Step 1: counting alpha_1 = 0,0004, alpha_2 = 0,0005
[12.11.2015 00:27:52] Step 3: f(0,0004) = 0,0000 <= f(0,0005) = 0,0000; b = alpha_2 = 0,0005.
[12.11.2015 00:27:52] Iter 1: Answer is in the range: [0,0000; 0,0005]
[12.11.2015 00:27:52] Step 1: counting alpha_1 = 0,0002, alpha_2 = 0,0002
[12.11.2015 00:27:52] Step 3: f(0,0002) = 0,0000 <= f(0,0002) = 0,0000; b = alpha_2 = 0,0002.
[12.11.2015 00:27:52] Iter 2: Answer is in the range: [0,0000; 0,0002]
[12.11.2015 00:27:52] Step 1: counting alpha_1 = 0,0001, alpha_2 = 0,0001
[12.11.2015 00:27:52] Step 3: f(0,0001) = 0,0000 <= f(0,0001) = 0,0000; b = alpha_2 = 0,0001.
[12.11.2015 00:27:52] Step 4: (b-a)/2 = 0,0001 < eps = 0,0001; STOP SEARCHING!
[12.11.2015 00:27:52] Iter 3: Answer is in the range: [0,0000; 0,0001]
[12.11.2015 00:27:52] Step 5: alpha_end = (a+b)/2; Minimum x* is: 0,0000
[12.11.2015 00:27:52] Step 4: Alpha = 2,44531250000087E-05;
[12.11.2015 00:27:52] Step 5: arguments = arguments - alpha * gradientValue = (-2,805; 3,131);
[12.11.2015 00:27:52] Step 6: k = k + 1 = 15;
[12.11.2015 00:27:52] Step 7: answer is: (-2,805; 3,131);
[12.11.2015 00:27:52] ITER 16:
[12.11.2015 00:27:52] Step 1: k = 16;
[12.11.2015 00:27:52] Step 2: gradient is (0,001, 0,001);
[12.11.2015 00:27:52] DSK method started!
[12.11.2015 00:27:52] Step 1: f(alpha)=0,0000, f(alpha + h)=0,0000; k=0;
[12.11.2015 00:27:52] Step 2: a=0,0000, alpha1=0,0000, k=2; Go to step 4!
[12.11.2015 00:27:52] Step 4: alphak=0,0000
[12.11.2015 00:27:52] Step 5: h > 0; a=alpha(k-1)=0,0000
[12.11.2015 00:27:52] k = k + 1 = 3; Go to step 4!
[12.11.2015 00:27:52] Step 4: alphak=0,0001
[12.11.2015 00:27:52] Step 5: h > 0; a=alpha(k-1)=0,0000
[12.11.2015 00:27:52] k = k + 1 = 4; Go to step 4!
[12.11.2015 00:27:52] Step 4: alphak=0,0001
[12.11.2015 00:27:52] Step 5: h > 0; a=alpha(k-1)=0,0001
[12.11.2015 00:27:52] k = k + 1 = 5; Go to step 4!
[12.11.2015 00:27:52] Step 4: alphak=0,0002
[12.11.2015 00:27:52] Step 5: h > 0; a=alpha(k-1)=0,0001
[12.11.2015 00:27:52] k = k + 1 = 6; Go to step 4!
[12.11.2015 00:27:52] Step 4: alphak=0,0003
[12.11.2015 00:27:52] Step 5: h > 0; a=alpha(k-1)=0,0002
[12.11.2015 00:27:52] k = k + 1 = 7; Go to step 4!
[12.11.2015 00:27:52] Step 4: alphak=0,0007
[12.11.2015 00:27:52] Step 5: h > 0; a=alpha(k-1)=0,0003
[12.11.2015 00:27:52] k = k + 1 = 8; Go to step 4!
[12.11.2015 00:27:52] Step 4: alphak=0,0013
[12.11.2015 00:27:52] Step 5: h > 0; a=alpha(k-1)=0,0007
[12.11.2015 00:27:52] k = k + 1 = 9; Go to step 4!
[12.11.2015 00:27:52] Step 4: alphak=0,0026
[12.11.2015 00:27:52] Step 5: h > 0; b=alphak=0,0026
[12.11.2015 00:27:52] Step 6: Interval is: [0,0007 ; 0,0026]
[12.11.2015 00:27:52] Dichotomy method has been started!
[12.11.2015 00:27:52] Counting: delta = eps / 10 = 1E-05
[12.11.2015 00:27:52] Step 1: counting alpha_1 = 0,0016, alpha_2 = 0,0016
[12.11.2015 00:27:52] Step 3: f(0,0016) = 0,0000 <= f(0,0016) = 0,0000; b = alpha_2 = 0,0016.
[12.11.2015 00:27:52] Iter 0: Answer is in the range: [0,0007; 0,0016]
[12.11.2015 00:27:52] Step 1: counting alpha_1 = 0,0011, alpha_2 = 0,0012
[12.11.2015 00:27:52] Step 3: f(0,0011) = 0,0000 > f(0,0012) = 0,0000; a = alpha_1 = 0,0011.
[12.11.2015 00:27:52] Iter 1: Answer is in the range: [0,0011; 0,0016]
[12.11.2015 00:27:52] Step 1: counting alpha_1 = 0,0014, alpha_2 = 0,0014
[12.11.2015 00:27:52] Step 3: f(0,0014) = 0,0000 > f(0,0014) = 0,0000; a = alpha_1 = 0,0014.
[12.11.2015 00:27:52] Iter 2: Answer is in the range: [0,0014; 0,0016]
[12.11.2015 00:27:52] Step 1: counting alpha_1 = 0,0015, alpha_2 = 0,0015
[12.11.2015 00:27:53] Step 3: f(0,0015) = 0,0000 <= f(0,0015) = 0,0000; b = alpha_2 = 0,0015.
[12.11.2015 00:27:53] Step 4: (b-a)/2 = 0,0001 < eps = 0,0001; STOP SEARCHING!
[12.11.2015 00:27:53] Iter 3: Answer is in the range: [0,0014; 0,0015]
[12.11.2015 00:27:53] Step 5: alpha_end = (a+b)/2; Minimum x* is: 0,0014
[12.11.2015 00:27:53] Step 4: Alpha = 0,00144632812500001;
[12.11.2015 00:27:53] Step 5: arguments = arguments - alpha * gradientValue = (-2,805; 3,131);
[12.11.2015 00:27:53] Step 6: k = k + 1 = 16;
[12.11.2015 00:27:53] Step 7: answer is: (-2,805; 3,131);
[12.11.2015 00:27:53] ITER 17:
[12.11.2015 00:27:53] Step 1: k = 17;
[12.11.2015 00:27:53] Step 2: gradient is (0,047, 0,058);
[12.11.2015 00:27:53] DSK method started!
[12.11.2015 00:27:53] Step 1: f(alpha)=0,0000, f(alpha + h)=0,0000; k=0;
[12.11.2015 00:27:53] Step 3: b=0,0014, alpha1=0,0015, h=0,0000, k=2.
[12.11.2015 00:27:53] Step 4: alphak=0,0014
[12.11.2015 00:27:53] Step 5: h > 0; b=alpha(k-1)=0,0014
[12.11.2015 00:27:53] k = k + 1 = 3; Go to step 4!
[12.11.2015 00:27:53] Step 4: alphak=0,0014
[12.11.2015 00:27:53] Step 5: h > 0; b=alpha(k-1)=0,0014
[12.11.2015 00:27:53] k = k + 1 = 4; Go to step 4!
[12.11.2015 00:27:53] Step 4: alphak=0,0014
[12.11.2015 00:27:53] Step 5: h > 0; b=alpha(k-1)=0,0014
[12.11.2015 00:27:53] k = k + 1 = 5; Go to step 4!
[12.11.2015 00:27:53] Step 4: alphak=0,0013
[12.11.2015 00:27:53] Step 5: h > 0; b=alpha(k-1)=0,0014
[12.11.2015 00:27:53] k = k + 1 = 6; Go to step 4!
[12.11.2015 00:27:53] Step 4: alphak=0,0011
[12.11.2015 00:27:53] Step 5: h > 0; b=alpha(k-1)=0,0013
[12.11.2015 00:27:53] k = k + 1 = 7; Go to step 4!
[12.11.2015 00:27:53] Step 4: alphak=0,0008
[12.11.2015 00:27:53] Step 5: h > 0; b=alpha(k-1)=0,0011
[12.11.2015 00:27:53] k = k + 1 = 8; Go to step 4!
[12.11.2015 00:27:53] Step 4: alphak=0,0002
[12.11.2015 00:27:53] Step 5: h > 0; b=alpha(k-1)=0,0008
[12.11.2015 00:27:53] k = k + 1 = 9; Go to step 4!
[12.11.2015 00:27:53] Step 4: alphak=-0,0011
[12.11.2015 00:27:53] Step 5: h < 0; a=alphak-0,0011
[12.11.2015 00:27:53] Step 6: Interval is: [-0,0011 ; 0,0008]
[12.11.2015 00:27:53] Dichotomy method has been started!
[12.11.2015 00:27:53] Counting: delta = eps / 10 = 1E-05
[12.11.2015 00:27:53] Step 1: counting alpha_1 = -0,0002, alpha_2 = -0,0001
[12.11.2015 00:27:53] Step 3: f(-0,0002) = 0,0000 > f(-0,0001) = 0,0000; a = alpha_1 = -0,0002.
[12.11.2015 00:27:53] Iter 0: Answer is in the range: [-0,0002; 0,0008]
[12.11.2015 00:27:53] Step 1: counting alpha_1 = 0,0003, alpha_2 = 0,0003
[12.11.2015 00:27:53] Step 3: f(0,0003) = 0,0000 <= f(0,0003) = 0,0000; b = alpha_2 = 0,0003.
[12.11.2015 00:27:53] Iter 1: Answer is in the range: [-0,0002; 0,0003]
[12.11.2015 00:27:53] Step 1: counting alpha_1 = 0,0001, alpha_2 = 0,0001
[12.11.2015 00:27:53] Step 3: f(0,0001) = 0,0000 <= f(0,0001) = 0,0000; b = alpha_2 = 0,0001.
[12.11.2015 00:27:53] Iter 2: Answer is in the range: [-0,0002; 0,0001]
[12.11.2015 00:27:53] Step 1: counting alpha_1 = 0,0000, alpha_2 = 0,0000
[12.11.2015 00:27:53] Step 3: f(0,0000) = 0,0000 > f(0,0000) = 0,0000; a = alpha_1 = 0,0000.
[12.11.2015 00:27:53] Step 4: (b-a)/2 = 0,0001 < eps = 0,0001; STOP SEARCHING!
[12.11.2015 00:27:53] Iter 3: Answer is in the range: [0,0000; 0,0001]
[12.11.2015 00:27:53] Step 5: alpha_end = (a+b)/2; Minimum x* is: 0,0000
[12.11.2015 00:27:53] Step 4: Alpha = 2,44531250000087E-05;
[12.11.2015 00:27:53] Step 5: arguments = arguments - alpha * gradientValue = (-2,805; 3,131);
[12.11.2015 00:27:53] Step 6: k = k + 1 = 17;
[12.11.2015 00:27:53] Step 7: answer is: (-2,805; 3,131);
[12.11.2015 00:27:53] ITER 18:
[12.11.2015 00:27:53] Step 1: k = 18;
[12.11.2015 00:27:53] Step 2: gradient is (0,001, 0,001);
[12.11.2015 00:27:53] DSK method started!
[12.11.2015 00:27:53] Step 1: f(alpha)=0,0000, f(alpha + h)=0,0000; k=0;
[12.11.2015 00:27:53] Step 3: b=0,0000, alpha1=0,0000, h=0,0000, k=2.
[12.11.2015 00:27:53] Step 4: alphak=0,0000
[12.11.2015 00:27:53] Step 5: h > 0; b=alpha(k-1)=0,0000
[12.11.2015 00:27:53] k = k + 1 = 3; Go to step 4!
[12.11.2015 00:27:53] Step 4: alphak=0,0000
[12.11.2015 00:27:53] Step 5: h > 0; b=alpha(k-1)=0,0000
[12.11.2015 00:27:53] k = k + 1 = 4; Go to step 4!
[12.11.2015 00:27:53] Step 4: alphak=-0,0001
[12.11.2015 00:27:53] Step 5: h > 0; b=alpha(k-1)=0,0000
[12.11.2015 00:27:53] k = k + 1 = 5; Go to step 4!
[12.11.2015 00:27:53] Step 4: alphak=-0,0001
[12.11.2015 00:27:53] Step 5: h > 0; b=alpha(k-1)=-0,0001
[12.11.2015 00:27:53] k = k + 1 = 6; Go to step 4!
[12.11.2015 00:27:53] Step 4: alphak=-0,0003
[12.11.2015 00:27:53] Step 5: h > 0; b=alpha(k-1)=-0,0001
[12.11.2015 00:27:53] k = k + 1 = 7; Go to step 4!
[12.11.2015 00:27:53] Step 4: alphak=-0,0006
[12.11.2015 00:27:53] Step 5: h > 0; b=alpha(k-1)=-0,0003
[12.11.2015 00:27:53] k = k + 1 = 8; Go to step 4!
[12.11.2015 00:27:53] Step 4: alphak=-0,0013
[12.11.2015 00:27:53] Step 5: h > 0; b=alpha(k-1)=-0,0006
[12.11.2015 00:27:53] k = k + 1 = 9; Go to step 4!
[12.11.2015 00:27:53] Step 4: alphak=-0,0025
[12.11.2015 00:27:53] Step 5: h < 0; a=alphak-0,0025
[12.11.2015 00:27:53] Step 6: Interval is: [-0,0025 ; -0,0006]
[12.11.2015 00:27:53] Dichotomy method has been started!
[12.11.2015 00:27:53] Counting: delta = eps / 10 = 1E-05
[12.11.2015 00:27:53] Step 1: counting alpha_1 = -0,0016, alpha_2 = -0,0016
[12.11.2015 00:27:53] Step 3: f(-0,0016) = 0,0000 <= f(-0,0016) = 0,0000; b = alpha_2 = -0,0016.
[12.11.2015 00:27:53] Iter 0: Answer is in the range: [-0,0025; -0,0016]
[12.11.2015 00:27:53] Step 1: counting alpha_1 = -0,0021, alpha_2 = -0,0020
[12.11.2015 00:27:53] Step 3: f(-0,0021) = 0,0000 > f(-0,0020) = 0,0000; a = alpha_1 = -0,0021.
[12.11.2015 00:27:53] Iter 1: Answer is in the range: [-0,0021; -0,0016]
[12.11.2015 00:27:53] Step 1: counting alpha_1 = -0,0018, alpha_2 = -0,0018
[12.11.2015 00:27:53] Step 3: f(-0,0018) = 0,0000 > f(-0,0018) = 0,0000; a = alpha_1 = -0,0018.
[12.11.2015 00:27:53] Iter 2: Answer is in the range: [-0,0018; -0,0016]
[12.11.2015 00:27:53] Step 1: counting alpha_1 = -0,0017, alpha_2 = -0,0017
[12.11.2015 00:27:54] Step 3: f(-0,0017) = 0,0000 > f(-0,0017) = 0,0000; a = alpha_1 = -0,0017.
[12.11.2015 00:27:54] Step 4: (b-a)/2 = 0,0001 < eps = 0,0001; STOP SEARCHING!
[12.11.2015 00:27:54] Iter 3: Answer is in the range: [-0,0017; -0,0016]
[12.11.2015 00:27:54] Step 5: alpha_end = (a+b)/2; Minimum x* is: -0,0016
[12.11.2015 00:27:54] Step 4: Alpha = -0,00163492187499999;
[12.11.2015 00:27:54] Step 5: arguments = arguments - alpha * gradientValue = (-2,805; 3,131);
[12.11.2015 00:27:54] Step 6: k = k + 1 = 18;
[12.11.2015 00:27:54] Step 7: answer is: (-2,805; 3,131);
[12.11.2015 00:27:54] ITER 19:
[12.11.2015 00:27:54] Step 1: k = 19;
[12.11.2015 00:27:54] Step 2: gradient is (-0,053, -0,066);
[12.11.2015 00:27:54] DSK method started!
[12.11.2015 00:27:54] Step 1: f(alpha)=0,0000, f(alpha + h)=0,0000; k=0;
[12.11.2015 00:27:54] Step 2: a=-0,0016, alpha1=-0,0016, k=2; Go to step 4!
[12.11.2015 00:27:54] Step 4: alphak=-0,0016
[12.11.2015 00:27:54] Step 5: h > 0; a=alpha(k-1)=-0,0016
[12.11.2015 00:27:54] k = k + 1 = 3; Go to step 4!
[12.11.2015 00:27:54] Step 4: alphak=-0,0016
[12.11.2015 00:27:54] Step 5: h > 0; a=alpha(k-1)=-0,0016
[12.11.2015 00:27:54] k = k + 1 = 4; Go to step 4!
[12.11.2015 00:27:54] Step 4: alphak=-0,0016
[12.11.2015 00:27:54] Step 5: h > 0; a=alpha(k-1)=-0,0016
[12.11.2015 00:27:54] k = k + 1 = 5; Go to step 4!
[12.11.2015 00:27:54] Step 4: alphak=-0,0015
[12.11.2015 00:27:54] Step 5: h > 0; a=alpha(k-1)=-0,0016
[12.11.2015 00:27:54] k = k + 1 = 6; Go to step 4!
[12.11.2015 00:27:54] Step 4: alphak=-0,0013
[12.11.2015 00:27:54] Step 5: h > 0; a=alpha(k-1)=-0,0015
[12.11.2015 00:27:54] k = k + 1 = 7; Go to step 4!
[12.11.2015 00:27:54] Step 4: alphak=-0,0010
[12.11.2015 00:27:54] Step 5: h > 0; a=alpha(k-1)=-0,0013
[12.11.2015 00:27:54] k = k + 1 = 8; Go to step 4!
[12.11.2015 00:27:54] Step 4: alphak=-0,0004
[12.11.2015 00:27:54] Step 5: h > 0; a=alpha(k-1)=-0,0010
[12.11.2015 00:27:54] k = k + 1 = 9; Go to step 4!
[12.11.2015 00:27:54] Step 4: alphak=0,0009
[12.11.2015 00:27:54] Step 5: h > 0; b=alphak=0,0009
[12.11.2015 00:27:54] Step 6: Interval is: [-0,0010 ; 0,0009]
[12.11.2015 00:27:54] Dichotomy method has been started!
[12.11.2015 00:27:54] Counting: delta = eps / 10 = 1E-05
[12.11.2015 00:27:54] Step 1: counting alpha_1 = 0,0000, alpha_2 = 0,0000
[12.11.2015 00:27:54] Step 3: f(0,0000) = 0,0000 > f(0,0000) = 0,0000; a = alpha_1 = 0,0000.
[12.11.2015 00:27:54] Iter 0: Answer is in the range: [0,0000; 0,0009]
[12.11.2015 00:27:54] Step 1: counting alpha_1 = 0,0004, alpha_2 = 0,0005
[12.11.2015 00:27:54] Step 3: f(0,0004) = 0,0000 <= f(0,0005) = 0,0000; b = alpha_2 = 0,0005.
[12.11.2015 00:27:54] Iter 1: Answer is in the range: [0,0000; 0,0005]
[12.11.2015 00:27:54] Step 1: counting alpha_1 = 0,0002, alpha_2 = 0,0002
[12.11.2015 00:27:54] Step 3: f(0,0002) = 0,0000 <= f(0,0002) = 0,0000; b = alpha_2 = 0,0002.
[12.11.2015 00:27:54] Iter 2: Answer is in the range: [0,0000; 0,0002]
[12.11.2015 00:27:54] Step 1: counting alpha_1 = 0,0001, alpha_2 = 0,0001
[12.11.2015 00:27:54] Step 3: f(0,0001) = 0,0000 <= f(0,0001) = 0,0000; b = alpha_2 = 0,0001.
[12.11.2015 00:27:54] Step 4: (b-a)/2 = 0,0001 < eps = 0,0001; STOP SEARCHING!
[12.11.2015 00:27:54] Iter 3: Answer is in the range: [0,0000; 0,0001]
[12.11.2015 00:27:54] Step 5: alpha_end = (a+b)/2; Minimum x* is: 0,0000
[12.11.2015 00:27:54] Step 4: Alpha = 2,44531250000087E-05;
[12.11.2015 00:27:54] Step 5: arguments = arguments - alpha * gradientValue = (-2,805; 3,131);
[12.11.2015 00:27:54] Step 6: k = k + 1 = 19;
[12.11.2015 00:27:54] Step 7: answer is: (-2,805; 3,131);
[12.11.2015 00:27:54] ITER 20:
[12.11.2015 00:27:54] Step 1: k = 20;
[12.11.2015 00:27:54] Step 2: gradient is (0,001, 0,001);
[12.11.2015 00:27:54] DSK method started!
