[23.11.2015 19:39:11] DFP method started
[23.11.2015 19:39:11] Input data. Start point DenseVector 2-Double
 3
-1
, epsilon 0,01000
[23.11.2015 19:39:11] Step 1: K = 0
[23.11.2015 19:39:11] Step 2: ITERATION number 0
[23.11.2015 19:39:11] Step 4: K==0, go to step 8.
[23.11.2015 19:39:11] Step 8: Search vector: DenseVector 2-Double
 41,9535
-5,99849

[23.11.2015 19:39:11] DSK method started!
[23.11.2015 19:39:11] Step 1: f(alpha)=13,2993, f(alpha + h)=12,0042; k=0;
[23.11.2015 19:39:11] Step 2: a=0,0015, alpha1=0,0025, k=2; Go to step 4!
[23.11.2015 19:39:11] Step 4: alphak=0,0035
[23.11.2015 19:39:11] Step 5: h > 0; a=alpha(k-1)=0,0025
[23.11.2015 19:39:11] k = k + 1 = 3; Go to step 4!
[23.11.2015 19:39:11] Step 4: alphak=0,0055
[23.11.2015 19:39:11] Step 5: h > 0; a=alpha(k-1)=0,0035
[23.11.2015 19:39:11] k = k + 1 = 4; Go to step 4!
[23.11.2015 19:39:11] Step 4: alphak=0,0095
[23.11.2015 19:39:11] Step 5: h > 0; a=alpha(k-1)=0,0055
[23.11.2015 19:39:11] k = k + 1 = 5; Go to step 4!
[23.11.2015 19:39:11] Step 4: alphak=0,0175
[23.11.2015 19:39:11] Step 5: h > 0; b=alphak=0,0175
[23.11.2015 19:39:11] Step 6: Interval is: [0,0055 ; 0,0175]
[23.11.2015 19:39:11] Dichotomy method has been started!
[23.11.2015 19:39:11] Counting: delta = eps / 10 = 0,0001
[23.11.2015 19:39:11] Step 1: counting alpha_1 = 0,0114, alpha_2 = 0,0116
[23.11.2015 19:39:11] Step 3: f(0,0114) = 5,4497 > f(0,0116) = 5,4182; a = alpha_1 = 0,0114.
[23.11.2015 19:39:11] Iter 0: Answer is in the range: [0,0114; 0,0175]
[23.11.2015 19:39:11] Step 1: counting alpha_1 = 0,0144, alpha_2 = 0,0146
[23.11.2015 19:39:11] Step 3: f(0,0144) = 5,5725 <= f(0,0146) = 5,6279; b = alpha_2 = 0,0146.
[23.11.2015 19:39:11] Iter 1: Answer is in the range: [0,0114; 0,0146]
[23.11.2015 19:39:11] Step 1: counting alpha_1 = 0,0129, alpha_2 = 0,0131
[23.11.2015 19:39:11] Step 3: f(0,0129) = 5,3515 <= f(0,0131) = 5,3624; b = alpha_2 = 0,0131.
[23.11.2015 19:39:11] Step 4: (b-a)/2 = 0,0008 < eps = 0,0010; STOP SEARCHING!
[23.11.2015 19:39:11] Iter 2: Answer is in the range: [0,0114; 0,0131]
[23.11.2015 19:39:11] Step 5: alpha_end = (a+b)/2; Minimum x* is: 0,0122
[23.11.2015 19:39:11] Step 9: New alpha 0,0122375000130385
[23.11.2015 19:39:11] Step 10: New local search point DenseVector 2-Double
 3
-1

[23.11.2015 19:39:11] Step 11: Iteration end.
[23.11.2015 19:39:11] Step 2: ITERATION number 1
[23.11.2015 19:39:11] Step 5: Sk = DenseVector 2-Double
0
0

[23.11.2015 19:39:11] Step 6: Yk = DenseVector 2-Double
0
0

