[11.11.2015 22:16:19] DFP method started
[11.11.2015 22:16:19] Input data. Start point (0,000;0,000), epsilon 0,01000
[11.11.2015 22:16:19] Step 1: K = 0
[11.11.2015 22:16:19] Step 2: ITERATION number 0
[11.11.2015 22:16:19] Step 4: K==0, go to step 8.
[11.11.2015 22:16:19] Step 8: Search vector: (0,000;0,000)
[11.11.2015 22:16:19] DSK method started!
[11.11.2015 22:16:19] Step 1: f(alpha)=169,3096, f(alpha + h)=161,2941; k=0;
[11.11.2015 22:16:19] Step 2: a=0,0010, alpha1=0,0110, k=2; Go to step 4!
[11.11.2015 22:16:19] Step 4: alphak=0,0210
[11.11.2015 22:16:19] Step 5: h > 0; a=alpha(k-1)=0,0110
[11.11.2015 22:16:19] k = k + 1 = 3; Go to step 4!
[11.11.2015 22:16:19] Step 4: alphak=0,0410
[11.11.2015 22:16:19] Step 5: h > 0; a=alpha(k-1)=0,0210
[11.11.2015 22:16:19] k = k + 1 = 4; Go to step 4!
[11.11.2015 22:16:19] Step 4: alphak=0,0810
[11.11.2015 22:16:19] Step 5: h > 0; a=alpha(k-1)=0,0410
[11.11.2015 22:16:19] k = k + 1 = 5; Go to step 4!
[11.11.2015 22:16:19] Step 4: alphak=0,1610
[11.11.2015 22:16:19] Step 5: h > 0; a=alpha(k-1)=0,0810
[11.11.2015 22:16:19] k = k + 1 = 6; Go to step 4!
[11.11.2015 22:16:19] Step 4: alphak=0,3210
[11.11.2015 22:16:19] Step 5: h > 0; b=alphak=0,3210
[11.11.2015 22:16:19] Step 6: Interval is: [0,0810 ; 0,3210]
[11.11.2015 22:16:19] Dichotomy method has been started!
[11.11.2015 22:16:19] Counting: delta = eps / 10 = 0,001
[11.11.2015 22:16:19] Step 1: counting alpha_1 = 0,2000, alpha_2 = 0,2020
[11.11.2015 22:16:19] Step 3: f(0,2000) = 231,3632 <= f(0,2020) = 244,7253; b = alpha_2 = 0,2020.
[11.11.2015 22:16:19] Iter 0: Answer is in the range: [0,0810; 0,2020]
[11.11.2015 22:16:19] Step 1: counting alpha_1 = 0,1405, alpha_2 = 0,1425
[11.11.2015 22:16:19] Step 3: f(0,1405) = 36,7629 <= f(0,1425) = 38,3565; b = alpha_2 = 0,1425.
[11.11.2015 22:16:19] Iter 1: Answer is in the range: [0,0810; 0,1425]
[11.11.2015 22:16:19] Step 1: counting alpha_1 = 0,1108, alpha_2 = 0,1128
[11.11.2015 22:16:19] Step 3: f(0,1108) = 38,1760 > f(0,1128) = 36,8697; a = alpha_1 = 0,1108.
[11.11.2015 22:16:19] Iter 2: Answer is in the range: [0,1108; 0,1425]
[11.11.2015 22:16:19] Step 1: counting alpha_1 = 0,1256, alpha_2 = 0,1276
[11.11.2015 22:16:19] Step 3: f(0,1256) = 32,1969 > f(0,1276) = 32,1278; a = alpha_1 = 0,1256.
[11.11.2015 22:16:19] Step 4: (b-a)/2 = 0,0084 < eps = 0,0100; STOP SEARCHING!
[11.11.2015 22:16:19] Iter 3: Answer is in the range: [0,1256; 0,1425]
[11.11.2015 22:16:19] Step 5: alpha_end = (a+b)/2; Minimum x* is: 0,1341
[11.11.2015 22:16:19] Step 9: Quasi-Newton matrix: 

[11.11.2015 22:16:19] Step 10: New local search point (0,000;0,000)
[11.11.2015 22:16:19] Step 11: Iteration end.
[11.11.2015 22:16:19] Step 2: ITERATION number 1
[11.11.2015 22:16:19] Step 5: Sk = 
[11.11.2015 22:16:19] Step 6: Yk = 
[11.11.2015 22:16:19] Step 7: Quasi-Newton matrix: 

[11.11.2015 22:16:19] Step 8: Search vector: (0,000;0,000)
[11.11.2015 22:16:19] DSK method started!
[11.11.2015 22:16:19] Step 1: f(alpha)=169,3096, f(alpha + h)=161,2941; k=0;
[11.11.2015 22:16:19] Step 2: a=0,0010, alpha1=0,0110, k=2; Go to step 4!
[11.11.2015 22:16:19] Step 4: alphak=0,0210
[11.11.2015 22:16:19] Step 5: h > 0; a=alpha(k-1)=0,0110
[11.11.2015 22:16:19] k = k + 1 = 3; Go to step 4!
[11.11.2015 22:16:19] Step 4: alphak=0,0410
[11.11.2015 22:16:19] Step 5: h > 0; a=alpha(k-1)=0,0210
[11.11.2015 22:16:19] k = k + 1 = 4; Go to step 4!
[11.11.2015 22:16:19] Step 4: alphak=0,0810
[11.11.2015 22:16:19] Step 5: h > 0; a=alpha(k-1)=0,0410
[11.11.2015 22:16:19] k = k + 1 = 5; Go to step 4!
[11.11.2015 22:16:19] Step 4: alphak=0,1610
[11.11.2015 22:16:19] Step 5: h > 0; a=alpha(k-1)=0,0810
[11.11.2015 22:16:19] k = k + 1 = 6; Go to step 4!
[11.11.2015 22:16:19] Step 4: alphak=0,3210
[11.11.2015 22:16:19] Step 5: h > 0; b=alphak=0,3210
[11.11.2015 22:16:19] Step 6: Interval is: [0,0810 ; 0,3210]
[11.11.2015 22:16:19] Dichotomy method has been started!
[11.11.2015 22:16:19] Counting: delta = eps / 10 = 0,001
[11.11.2015 22:16:19] Step 1: counting alpha_1 = 0,2000, alpha_2 = 0,2020
[11.11.2015 22:16:19] Step 3: f(0,2000) = 231,3632 <= f(0,2020) = 244,7253; b = alpha_2 = 0,2020.
[11.11.2015 22:16:19] Iter 0: Answer is in the range: [0,0810; 0,2020]
[11.11.2015 22:16:19] Step 1: counting alpha_1 = 0,1405, alpha_2 = 0,1425
[11.11.2015 22:16:19] Step 3: f(0,1405) = 36,7629 <= f(0,1425) = 38,3565; b = alpha_2 = 0,1425.
[11.11.2015 22:16:19] Iter 1: Answer is in the range: [0,0810; 0,1425]
[11.11.2015 22:16:19] Step 1: counting alpha_1 = 0,1108, alpha_2 = 0,1128
[11.11.2015 22:16:19] Step 3: f(0,1108) = 38,1760 > f(0,1128) = 36,8697; a = alpha_1 = 0,1108.
[11.11.2015 22:16:19] Iter 2: Answer is in the range: [0,1108; 0,1425]
[11.11.2015 22:16:19] Step 1: counting alpha_1 = 0,1256, alpha_2 = 0,1276
[11.11.2015 22:16:19] Step 3: f(0,1256) = 32,1969 > f(0,1276) = 32,1278; a = alpha_1 = 0,1256.
[11.11.2015 22:16:19] Step 4: (b-a)/2 = 0,0084 < eps = 0,0100; STOP SEARCHING!
[11.11.2015 22:16:19] Iter 3: Answer is in the range: [0,1256; 0,1425]
[11.11.2015 22:16:19] Step 5: alpha_end = (a+b)/2; Minimum x* is: 0,1341
[11.11.2015 22:16:19] Step 9: Quasi-Newton matrix: 

[11.11.2015 22:16:19] Step 10: New local search point (0,000;0,000)
[11.11.2015 22:16:19] Step 11: Iteration end.
[11.11.2015 22:16:19] Step 2: ITERATION number 2
[11.11.2015 22:16:19] Step 5: Sk = 
[11.11.2015 22:16:19] Step 6: Yk = 
[11.11.2015 22:16:19] Step 7: Quasi-Newton matrix: 

[11.11.2015 22:16:19] Step 8: Search vector: (0,000;0,000)
[11.11.2015 22:16:19] DSK method started!
[11.11.2015 22:16:19] Step 1: f(alpha)=169,3096, f(alpha + h)=161,2941; k=0;
[11.11.2015 22:16:19] Step 2: a=0,0010, alpha1=0,0110, k=2; Go to step 4!
[11.11.2015 22:16:19] Step 4: alphak=0,0210
[11.11.2015 22:16:19] Step 5: h > 0; a=alpha(k-1)=0,0110
[11.11.2015 22:16:19] k = k + 1 = 3; Go to step 4!
[11.11.2015 22:16:19] Step 4: alphak=0,0410
[11.11.2015 22:16:19] Step 5: h > 0; a=alpha(k-1)=0,0210
[11.11.2015 22:16:19] k = k + 1 = 4; Go to step 4!
[11.11.2015 22:16:19] Step 4: alphak=0,0810
[11.11.2015 22:16:19] Step 5: h > 0; a=alpha(k-1)=0,0410
[11.11.2015 22:16:19] k = k + 1 = 5; Go to step 4!
[11.11.2015 22:16:19] Step 4: alphak=0,1610
[11.11.2015 22:16:19] Step 5: h > 0; a=alpha(k-1)=0,0810
[11.11.2015 22:16:19] k = k + 1 = 6; Go to step 4!
[11.11.2015 22:16:19] Step 4: alphak=0,3210
[11.11.2015 22:16:19] Step 5: h > 0; b=alphak=0,3210
[11.11.2015 22:16:19] Step 6: Interval is: [0,0810 ; 0,3210]
[11.11.2015 22:16:19] Dichotomy method has been started!
[11.11.2015 22:16:19] Counting: delta = eps / 10 = 0,001
[11.11.2015 22:16:19] Step 1: counting alpha_1 = 0,2000, alpha_2 = 0,2020
[11.11.2015 22:16:19] Step 3: f(0,2000) = 231,3632 <= f(0,2020) = 244,7253; b = alpha_2 = 0,2020.
[11.11.2015 22:16:19] Iter 0: Answer is in the range: [0,0810; 0,2020]
[11.11.2015 22:16:19] Step 1: counting alpha_1 = 0,1405, alpha_2 = 0,1425
[11.11.2015 22:16:19] Step 3: f(0,1405) = 36,7629 <= f(0,1425) = 38,3565; b = alpha_2 = 0,1425.
[11.11.2015 22:16:19] Iter 1: Answer is in the range: [0,0810; 0,1425]
[11.11.2015 22:16:19] Step 1: counting alpha_1 = 0,1108, alpha_2 = 0,1128
[11.11.2015 22:16:19] Step 3: f(0,1108) = 38,1760 > f(0,1128) = 36,8697; a = alpha_1 = 0,1108.
[11.11.2015 22:16:19] Iter 2: Answer is in the range: [0,1108; 0,1425]
[11.11.2015 22:16:19] Step 1: counting alpha_1 = 0,1256, alpha_2 = 0,1276
[11.11.2015 22:16:19] Step 3: f(0,1256) = 32,1969 > f(0,1276) = 32,1278; a = alpha_1 = 0,1256.
[11.11.2015 22:16:19] Step 4: (b-a)/2 = 0,0084 < eps = 0,0100; STOP SEARCHING!
[11.11.2015 22:16:19] Iter 3: Answer is in the range: [0,1256; 0,1425]
[11.11.2015 22:16:19] Step 5: alpha_end = (a+b)/2; Minimum x* is: 0,1341
[11.11.2015 22:16:19] Step 9: Quasi-Newton matrix: 

[11.11.2015 22:16:19] Step 10: New local search point (0,000;0,000)
[11.11.2015 22:16:19] Step 11: Iteration end.
[11.11.2015 22:16:19] Step 2: ITERATION number 3
[11.11.2015 22:16:19] Step 5: Sk = 
[11.11.2015 22:16:19] Step 6: Yk = 
[11.11.2015 22:16:19] Step 7: Quasi-Newton matrix: 

[11.11.2015 22:16:19] Step 8: Search vector: (0,000;0,000)
[11.11.2015 22:16:19] DSK method started!
[11.11.2015 22:16:20] Step 1: f(alpha)=169,3096, f(alpha + h)=161,2941; k=0;
[11.11.2015 22:16:20] Step 2: a=0,0010, alpha1=0,0110, k=2; Go to step 4!
[11.11.2015 22:16:20] Step 4: alphak=0,0210
[11.11.2015 22:16:20] Step 5: h > 0; a=alpha(k-1)=0,0110
[11.11.2015 22:16:20] k = k + 1 = 3; Go to step 4!
[11.11.2015 22:16:20] Step 4: alphak=0,0410
[11.11.2015 22:16:20] Step 5: h > 0; a=alpha(k-1)=0,0210
[11.11.2015 22:16:20] k = k + 1 = 4; Go to step 4!
[11.11.2015 22:16:20] Step 4: alphak=0,0810
[11.11.2015 22:16:20] Step 5: h > 0; a=alpha(k-1)=0,0410
[11.11.2015 22:16:20] k = k + 1 = 5; Go to step 4!
[11.11.2015 22:16:20] Step 4: alphak=0,1610
[11.11.2015 22:16:20] Step 5: h > 0; a=alpha(k-1)=0,0810
[11.11.2015 22:16:20] k = k + 1 = 6; Go to step 4!
[11.11.2015 22:16:20] Step 4: alphak=0,3210
[11.11.2015 22:16:20] Step 5: h > 0; b=alphak=0,3210
[11.11.2015 22:16:20] Step 6: Interval is: [0,0810 ; 0,3210]
[11.11.2015 22:16:20] Dichotomy method has been started!
[11.11.2015 22:16:20] Counting: delta = eps / 10 = 0,001
[11.11.2015 22:16:20] Step 1: counting alpha_1 = 0,2000, alpha_2 = 0,2020
[11.11.2015 22:16:20] Step 3: f(0,2000) = 231,3632 <= f(0,2020) = 244,7253; b = alpha_2 = 0,2020.
[11.11.2015 22:16:20] Iter 0: Answer is in the range: [0,0810; 0,2020]
[11.11.2015 22:16:20] Step 1: counting alpha_1 = 0,1405, alpha_2 = 0,1425
[11.11.2015 22:16:20] Step 3: f(0,1405) = 36,7629 <= f(0,1425) = 38,3565; b = alpha_2 = 0,1425.
[11.11.2015 22:16:20] Iter 1: Answer is in the range: [0,0810; 0,1425]
[11.11.2015 22:16:20] Step 1: counting alpha_1 = 0,1108, alpha_2 = 0,1128
[11.11.2015 22:16:20] Step 3: f(0,1108) = 38,1760 > f(0,1128) = 36,8697; a = alpha_1 = 0,1108.
[11.11.2015 22:16:20] Iter 2: Answer is in the range: [0,1108; 0,1425]
[11.11.2015 22:16:20] Step 1: counting alpha_1 = 0,1256, alpha_2 = 0,1276
[11.11.2015 22:16:20] Step 3: f(0,1256) = 32,1969 > f(0,1276) = 32,1278; a = alpha_1 = 0,1256.
[11.11.2015 22:16:20] Step 4: (b-a)/2 = 0,0084 < eps = 0,0100; STOP SEARCHING!
[11.11.2015 22:16:20] Iter 3: Answer is in the range: [0,1256; 0,1425]
[11.11.2015 22:16:20] Step 5: alpha_end = (a+b)/2; Minimum x* is: 0,1341
[11.11.2015 22:16:20] Step 9: Quasi-Newton matrix: 

[11.11.2015 22:16:20] Step 10: New local search point (0,000;0,000)
[11.11.2015 22:16:20] Step 11: Iteration end.
[11.11.2015 22:16:20] Step 2: ITERATION number 4
[11.11.2015 22:16:20] Step 5: Sk = 
[11.11.2015 22:16:20] Step 6: Yk = 
[11.11.2015 22:16:20] Step 7: Quasi-Newton matrix: 

[11.11.2015 22:16:20] Step 8: Search vector: (0,000;0,000)
[11.11.2015 22:16:20] DSK method started!
[11.11.2015 22:16:20] Step 1: f(alpha)=169,3096, f(alpha + h)=161,2941; k=0;
[11.11.2015 22:16:20] Step 2: a=0,0010, alpha1=0,0110, k=2; Go to step 4!
[11.11.2015 22:16:20] Step 4: alphak=0,0210
[11.11.2015 22:16:20] Step 5: h > 0; a=alpha(k-1)=0,0110
[11.11.2015 22:16:20] k = k + 1 = 3; Go to step 4!
[11.11.2015 22:16:20] Step 4: alphak=0,0410
[11.11.2015 22:16:20] Step 5: h > 0; a=alpha(k-1)=0,0210
[11.11.2015 22:16:20] k = k + 1 = 4; Go to step 4!
[11.11.2015 22:16:20] Step 4: alphak=0,0810
[11.11.2015 22:16:20] Step 5: h > 0; a=alpha(k-1)=0,0410
[11.11.2015 22:16:20] k = k + 1 = 5; Go to step 4!
[11.11.2015 22:16:20] Step 4: alphak=0,1610
[11.11.2015 22:16:20] Step 5: h > 0; a=alpha(k-1)=0,0810
[11.11.2015 22:16:20] k = k + 1 = 6; Go to step 4!
[11.11.2015 22:16:20] Step 4: alphak=0,3210
[11.11.2015 22:16:20] Step 5: h > 0; b=alphak=0,3210
[11.11.2015 22:16:20] Step 6: Interval is: [0,0810 ; 0,3210]
[11.11.2015 22:16:20] Dichotomy method has been started!
[11.11.2015 22:16:20] Counting: delta = eps / 10 = 0,001
[11.11.2015 22:16:20] Step 1: counting alpha_1 = 0,2000, alpha_2 = 0,2020
[11.11.2015 22:16:20] Step 3: f(0,2000) = 231,3632 <= f(0,2020) = 244,7253; b = alpha_2 = 0,2020.
[11.11.2015 22:16:20] Iter 0: Answer is in the range: [0,0810; 0,2020]
[11.11.2015 22:16:20] Step 1: counting alpha_1 = 0,1405, alpha_2 = 0,1425
[11.11.2015 22:16:20] Step 3: f(0,1405) = 36,7629 <= f(0,1425) = 38,3565; b = alpha_2 = 0,1425.
[11.11.2015 22:16:20] Iter 1: Answer is in the range: [0,0810; 0,1425]
[11.11.2015 22:16:20] Step 1: counting alpha_1 = 0,1108, alpha_2 = 0,1128
[11.11.2015 22:16:20] Step 3: f(0,1108) = 38,1760 > f(0,1128) = 36,8697; a = alpha_1 = 0,1108.
[11.11.2015 22:16:20] Iter 2: Answer is in the range: [0,1108; 0,1425]
[11.11.2015 22:16:20] Step 1: counting alpha_1 = 0,1256, alpha_2 = 0,1276
[11.11.2015 22:16:20] Step 3: f(0,1256) = 32,1969 > f(0,1276) = 32,1278; a = alpha_1 = 0,1256.
[11.11.2015 22:16:20] Step 4: (b-a)/2 = 0,0084 < eps = 0,0100; STOP SEARCHING!
[11.11.2015 22:16:20] Iter 3: Answer is in the range: [0,1256; 0,1425]
[11.11.2015 22:16:20] Step 5: alpha_end = (a+b)/2; Minimum x* is: 0,1341
[11.11.2015 22:16:20] Step 9: Quasi-Newton matrix: 

[11.11.2015 22:16:20] Step 10: New local search point (0,000;0,000)
[11.11.2015 22:16:20] Step 11: Iteration end.
[11.11.2015 22:16:20] Step 2: ITERATION number 5
[11.11.2015 22:16:20] Step 5: Sk = 
[11.11.2015 22:16:20] Step 6: Yk = 
[11.11.2015 22:16:20] Step 7: Quasi-Newton matrix: 

[11.11.2015 22:16:20] Step 8: Search vector: (0,000;0,000)
[11.11.2015 22:16:20] DSK method started!
[11.11.2015 22:16:20] Step 1: f(alpha)=169,3096, f(alpha + h)=161,2941; k=0;
[11.11.2015 22:16:20] Step 2: a=0,0010, alpha1=0,0110, k=2; Go to step 4!
[11.11.2015 22:16:20] Step 4: alphak=0,0210
[11.11.2015 22:16:20] Step 5: h > 0; a=alpha(k-1)=0,0110
[11.11.2015 22:16:20] k = k + 1 = 3; Go to step 4!
[11.11.2015 22:16:20] Step 4: alphak=0,0410
[11.11.2015 22:16:20] Step 5: h > 0; a=alpha(k-1)=0,0210
[11.11.2015 22:16:20] k = k + 1 = 4; Go to step 4!
[11.11.2015 22:16:20] Step 4: alphak=0,0810
[11.11.2015 22:16:20] Step 5: h > 0; a=alpha(k-1)=0,0410
[11.11.2015 22:16:20] k = k + 1 = 5; Go to step 4!
[11.11.2015 22:16:20] Step 4: alphak=0,1610
[11.11.2015 22:16:20] Step 5: h > 0; a=alpha(k-1)=0,0810
[11.11.2015 22:16:20] k = k + 1 = 6; Go to step 4!
[11.11.2015 22:16:20] Step 4: alphak=0,3210
[11.11.2015 22:16:20] Step 5: h > 0; b=alphak=0,3210
[11.11.2015 22:16:20] Step 6: Interval is: [0,0810 ; 0,3210]
[11.11.2015 22:16:20] Dichotomy method has been started!
[11.11.2015 22:16:20] Counting: delta = eps / 10 = 0,001
[11.11.2015 22:16:20] Step 1: counting alpha_1 = 0,2000, alpha_2 = 0,2020
[11.11.2015 22:16:20] Step 3: f(0,2000) = 231,3632 <= f(0,2020) = 244,7253; b = alpha_2 = 0,2020.
[11.11.2015 22:16:20] Iter 0: Answer is in the range: [0,0810; 0,2020]
[11.11.2015 22:16:20] Step 1: counting alpha_1 = 0,1405, alpha_2 = 0,1425
[11.11.2015 22:16:20] Step 3: f(0,1405) = 36,7629 <= f(0,1425) = 38,3565; b = alpha_2 = 0,1425.
[11.11.2015 22:16:20] Iter 1: Answer is in the range: [0,0810; 0,1425]
[11.11.2015 22:16:20] Step 1: counting alpha_1 = 0,1108, alpha_2 = 0,1128
[11.11.2015 22:16:20] Step 3: f(0,1108) = 38,1760 > f(0,1128) = 36,8697; a = alpha_1 = 0,1108.
[11.11.2015 22:16:20] Iter 2: Answer is in the range: [0,1108; 0,1425]
[11.11.2015 22:16:20] Step 1: counting alpha_1 = 0,1256, alpha_2 = 0,1276
[11.11.2015 22:16:20] Step 3: f(0,1256) = 32,1969 > f(0,1276) = 32,1278; a = alpha_1 = 0,1256.
[11.11.2015 22:16:20] Step 4: (b-a)/2 = 0,0084 < eps = 0,0100; STOP SEARCHING!
[11.11.2015 22:16:20] Iter 3: Answer is in the range: [0,1256; 0,1425]
[11.11.2015 22:16:20] Step 5: alpha_end = (a+b)/2; Minimum x* is: 0,1341
[11.11.2015 22:16:20] Step 9: Quasi-Newton matrix: 

[11.11.2015 22:16:20] Step 10: New local search point (0,000;0,000)
[11.11.2015 22:16:20] Step 11: Iteration end.
[11.11.2015 22:16:20] Step 2: ITERATION number 6
[11.11.2015 22:16:20] Step 5: Sk = 
[11.11.2015 22:16:20] Step 6: Yk = 
[11.11.2015 22:16:20] Step 7: Quasi-Newton matrix: 

[11.11.2015 22:16:20] Step 8: Search vector: (0,000;0,000)
[11.11.2015 22:16:20] DSK method started!
[11.11.2015 22:16:20] Step 1: f(alpha)=169,3096, f(alpha + h)=161,2941; k=0;
[11.11.2015 22:16:20] Step 2: a=0,0010, alpha1=0,0110, k=2; Go to step 4!
[11.11.2015 22:16:20] Step 4: alphak=0,0210
[11.11.2015 22:16:20] Step 5: h > 0; a=alpha(k-1)=0,0110
[11.11.2015 22:16:20] k = k + 1 = 3; Go to step 4!
[11.11.2015 22:16:20] Step 4: alphak=0,0410
[11.11.2015 22:16:20] Step 5: h > 0; a=alpha(k-1)=0,0210
[11.11.2015 22:16:20] k = k + 1 = 4; Go to step 4!
[11.11.2015 22:16:20] Step 4: alphak=0,0810
[11.11.2015 22:16:20] Step 5: h > 0; a=alpha(k-1)=0,0410
[11.11.2015 22:16:20] k = k + 1 = 5; Go to step 4!
[11.11.2015 22:16:20] Step 4: alphak=0,1610
[11.11.2015 22:16:20] Step 5: h > 0; a=alpha(k-1)=0,0810
[11.11.2015 22:16:20] k = k + 1 = 6; Go to step 4!
[11.11.2015 22:16:21] Step 4: alphak=0,3210
[11.11.2015 22:16:21] Step 5: h > 0; b=alphak=0,3210
[11.11.2015 22:16:21] Step 6: Interval is: [0,0810 ; 0,3210]
[11.11.2015 22:16:21] Dichotomy method has been started!
[11.11.2015 22:16:21] Counting: delta = eps / 10 = 0,001
[11.11.2015 22:16:21] Step 1: counting alpha_1 = 0,2000, alpha_2 = 0,2020
[11.11.2015 22:16:21] Step 3: f(0,2000) = 231,3632 <= f(0,2020) = 244,7253; b = alpha_2 = 0,2020.
[11.11.2015 22:16:21] Iter 0: Answer is in the range: [0,0810; 0,2020]
[11.11.2015 22:16:21] Step 1: counting alpha_1 = 0,1405, alpha_2 = 0,1425
[11.11.2015 22:16:21] Step 3: f(0,1405) = 36,7629 <= f(0,1425) = 38,3565; b = alpha_2 = 0,1425.
[11.11.2015 22:16:21] Iter 1: Answer is in the range: [0,0810; 0,1425]
[11.11.2015 22:16:21] Step 1: counting alpha_1 = 0,1108, alpha_2 = 0,1128
[11.11.2015 22:16:21] Step 3: f(0,1108) = 38,1760 > f(0,1128) = 36,8697; a = alpha_1 = 0,1108.
[11.11.2015 22:16:21] Iter 2: Answer is in the range: [0,1108; 0,1425]
[11.11.2015 22:16:21] Step 1: counting alpha_1 = 0,1256, alpha_2 = 0,1276
[11.11.2015 22:16:21] Step 3: f(0,1256) = 32,1969 > f(0,1276) = 32,1278; a = alpha_1 = 0,1256.
[11.11.2015 22:16:21] Step 4: (b-a)/2 = 0,0084 < eps = 0,0100; STOP SEARCHING!
[11.11.2015 22:16:21] Iter 3: Answer is in the range: [0,1256; 0,1425]
[11.11.2015 22:16:21] Step 5: alpha_end = (a+b)/2; Minimum x* is: 0,1341
[11.11.2015 22:16:21] Step 9: Quasi-Newton matrix: 

[11.11.2015 22:16:21] Step 10: New local search point (0,000;0,000)
[11.11.2015 22:16:21] Step 11: Iteration end.
[11.11.2015 22:16:21] Step 2: ITERATION number 7
[11.11.2015 22:16:21] Step 5: Sk = 
[11.11.2015 22:16:21] Step 6: Yk = 
[11.11.2015 22:16:21] Step 7: Quasi-Newton matrix: 

[11.11.2015 22:16:21] Step 8: Search vector: (0,000;0,000)
[11.11.2015 22:16:21] DSK method started!
[11.11.2015 22:16:21] Step 1: f(alpha)=169,3096, f(alpha + h)=161,2941; k=0;
[11.11.2015 22:16:21] Step 2: a=0,0010, alpha1=0,0110, k=2; Go to step 4!
[11.11.2015 22:16:21] Step 4: alphak=0,0210
[11.11.2015 22:16:21] Step 5: h > 0; a=alpha(k-1)=0,0110
[11.11.2015 22:16:21] k = k + 1 = 3; Go to step 4!
[11.11.2015 22:16:21] Step 4: alphak=0,0410
[11.11.2015 22:16:21] Step 5: h > 0; a=alpha(k-1)=0,0210
[11.11.2015 22:16:21] k = k + 1 = 4; Go to step 4!
[11.11.2015 22:16:21] Step 4: alphak=0,0810
[11.11.2015 22:16:21] Step 5: h > 0; a=alpha(k-1)=0,0410
[11.11.2015 22:16:21] k = k + 1 = 5; Go to step 4!
[11.11.2015 22:16:21] Step 4: alphak=0,1610
[11.11.2015 22:16:21] Step 5: h > 0; a=alpha(k-1)=0,0810
[11.11.2015 22:16:21] k = k + 1 = 6; Go to step 4!
[11.11.2015 22:16:21] Step 4: alphak=0,3210
[11.11.2015 22:16:21] Step 5: h > 0; b=alphak=0,3210
[11.11.2015 22:16:21] Step 6: Interval is: [0,0810 ; 0,3210]
[11.11.2015 22:16:21] Dichotomy method has been started!
[11.11.2015 22:16:21] Counting: delta = eps / 10 = 0,001
[11.11.2015 22:16:21] Step 1: counting alpha_1 = 0,2000, alpha_2 = 0,2020
[11.11.2015 22:16:21] Step 3: f(0,2000) = 231,3632 <= f(0,2020) = 244,7253; b = alpha_2 = 0,2020.
[11.11.2015 22:16:21] Iter 0: Answer is in the range: [0,0810; 0,2020]
[11.11.2015 22:16:21] Step 1: counting alpha_1 = 0,1405, alpha_2 = 0,1425
[11.11.2015 22:16:21] Step 3: f(0,1405) = 36,7629 <= f(0,1425) = 38,3565; b = alpha_2 = 0,1425.
[11.11.2015 22:16:21] Iter 1: Answer is in the range: [0,0810; 0,1425]
[11.11.2015 22:16:21] Step 1: counting alpha_1 = 0,1108, alpha_2 = 0,1128
[11.11.2015 22:16:21] Step 3: f(0,1108) = 38,1760 > f(0,1128) = 36,8697; a = alpha_1 = 0,1108.
[11.11.2015 22:16:21] Iter 2: Answer is in the range: [0,1108; 0,1425]
[11.11.2015 22:16:21] Step 1: counting alpha_1 = 0,1256, alpha_2 = 0,1276
[11.11.2015 22:16:21] Step 3: f(0,1256) = 32,1969 > f(0,1276) = 32,1278; a = alpha_1 = 0,1256.
[11.11.2015 22:16:21] Step 4: (b-a)/2 = 0,0084 < eps = 0,0100; STOP SEARCHING!
[11.11.2015 22:16:21] Iter 3: Answer is in the range: [0,1256; 0,1425]
[11.11.2015 22:16:21] Step 5: alpha_end = (a+b)/2; Minimum x* is: 0,1341
[11.11.2015 22:16:21] Step 9: Quasi-Newton matrix: 

[11.11.2015 22:16:21] Step 10: New local search point (0,000;0,000)
[11.11.2015 22:16:21] Step 11: Iteration end.
[11.11.2015 22:16:21] Step 2: ITERATION number 8
[11.11.2015 22:16:21] Step 5: Sk = 
[11.11.2015 22:16:21] Step 6: Yk = 
[11.11.2015 22:16:21] Step 7: Quasi-Newton matrix: 

[11.11.2015 22:16:21] Step 8: Search vector: (0,000;0,000)
[11.11.2015 22:16:21] DSK method started!
[11.11.2015 22:16:21] Step 1: f(alpha)=169,3096, f(alpha + h)=161,2941; k=0;
[11.11.2015 22:16:21] Step 2: a=0,0010, alpha1=0,0110, k=2; Go to step 4!
[11.11.2015 22:16:21] Step 4: alphak=0,0210
[11.11.2015 22:16:21] Step 5: h > 0; a=alpha(k-1)=0,0110
[11.11.2015 22:16:21] k = k + 1 = 3; Go to step 4!
[11.11.2015 22:16:21] Step 4: alphak=0,0410
[11.11.2015 22:16:21] Step 5: h > 0; a=alpha(k-1)=0,0210
[11.11.2015 22:16:21] k = k + 1 = 4; Go to step 4!
[11.11.2015 22:16:21] Step 4: alphak=0,0810
[11.11.2015 22:16:21] Step 5: h > 0; a=alpha(k-1)=0,0410
[11.11.2015 22:16:21] k = k + 1 = 5; Go to step 4!
[11.11.2015 22:16:21] Step 4: alphak=0,1610
[11.11.2015 22:16:21] Step 5: h > 0; a=alpha(k-1)=0,0810
[11.11.2015 22:16:21] k = k + 1 = 6; Go to step 4!
[11.11.2015 22:16:21] Step 4: alphak=0,3210
[11.11.2015 22:16:21] Step 5: h > 0; b=alphak=0,3210
[11.11.2015 22:16:21] Step 6: Interval is: [0,0810 ; 0,3210]
[11.11.2015 22:16:21] Dichotomy method has been started!
[11.11.2015 22:16:21] Counting: delta = eps / 10 = 0,001
[11.11.2015 22:16:21] Step 1: counting alpha_1 = 0,2000, alpha_2 = 0,2020
[11.11.2015 22:16:21] Step 3: f(0,2000) = 231,3632 <= f(0,2020) = 244,7253; b = alpha_2 = 0,2020.
[11.11.2015 22:16:21] Iter 0: Answer is in the range: [0,0810; 0,2020]
[11.11.2015 22:16:21] Step 1: counting alpha_1 = 0,1405, alpha_2 = 0,1425
[11.11.2015 22:16:21] Step 3: f(0,1405) = 36,7629 <= f(0,1425) = 38,3565; b = alpha_2 = 0,1425.
[11.11.2015 22:16:21] Iter 1: Answer is in the range: [0,0810; 0,1425]
[11.11.2015 22:16:21] Step 1: counting alpha_1 = 0,1108, alpha_2 = 0,1128
[11.11.2015 22:16:21] Step 3: f(0,1108) = 38,1760 > f(0,1128) = 36,8697; a = alpha_1 = 0,1108.
[11.11.2015 22:16:21] Iter 2: Answer is in the range: [0,1108; 0,1425]
[11.11.2015 22:16:21] Step 1: counting alpha_1 = 0,1256, alpha_2 = 0,1276
[11.11.2015 22:16:21] Step 3: f(0,1256) = 32,1969 > f(0,1276) = 32,1278; a = alpha_1 = 0,1256.
[11.11.2015 22:16:21] Step 4: (b-a)/2 = 0,0084 < eps = 0,0100; STOP SEARCHING!
[11.11.2015 22:16:21] Iter 3: Answer is in the range: [0,1256; 0,1425]
[11.11.2015 22:16:21] Step 5: alpha_end = (a+b)/2; Minimum x* is: 0,1341
[11.11.2015 22:16:21] Step 9: Quasi-Newton matrix: 

[11.11.2015 22:16:21] Step 10: New local search point (0,000;0,000)
[11.11.2015 22:16:21] Step 11: Iteration end.
[11.11.2015 22:16:21] Step 2: ITERATION number 9
[11.11.2015 22:16:21] Step 5: Sk = 
[11.11.2015 22:16:21] Step 6: Yk = 
[11.11.2015 22:16:21] Step 7: Quasi-Newton matrix: 

[11.11.2015 22:16:21] Step 8: Search vector: (0,000;0,000)
[11.11.2015 22:16:21] DSK method started!
[11.11.2015 22:16:21] Step 1: f(alpha)=169,3096, f(alpha + h)=161,2941; k=0;
[11.11.2015 22:16:21] Step 2: a=0,0010, alpha1=0,0110, k=2; Go to step 4!
[11.11.2015 22:16:21] Step 4: alphak=0,0210
[11.11.2015 22:16:21] Step 5: h > 0; a=alpha(k-1)=0,0110
[11.11.2015 22:16:21] k = k + 1 = 3; Go to step 4!
[11.11.2015 22:16:21] Step 4: alphak=0,0410
[11.11.2015 22:16:21] Step 5: h > 0; a=alpha(k-1)=0,0210
[11.11.2015 22:16:21] k = k + 1 = 4; Go to step 4!
[11.11.2015 22:16:22] Step 4: alphak=0,0810
[11.11.2015 22:16:22] Step 5: h > 0; a=alpha(k-1)=0,0410
[11.11.2015 22:16:22] k = k + 1 = 5; Go to step 4!
[11.11.2015 22:16:22] Step 4: alphak=0,1610
[11.11.2015 22:16:22] Step 5: h > 0; a=alpha(k-1)=0,0810
[11.11.2015 22:16:22] k = k + 1 = 6; Go to step 4!
[11.11.2015 22:16:22] Step 4: alphak=0,3210
[11.11.2015 22:16:22] Step 5: h > 0; b=alphak=0,3210
[11.11.2015 22:16:22] Step 6: Interval is: [0,0810 ; 0,3210]
[11.11.2015 22:16:22] Dichotomy method has been started!
[11.11.2015 22:16:22] Counting: delta = eps / 10 = 0,001
[11.11.2015 22:16:22] Step 1: counting alpha_1 = 0,2000, alpha_2 = 0,2020
[11.11.2015 22:16:22] Step 3: f(0,2000) = 231,3632 <= f(0,2020) = 244,7253; b = alpha_2 = 0,2020.
[11.11.2015 22:16:22] Iter 0: Answer is in the range: [0,0810; 0,2020]
[11.11.2015 22:16:22] Step 1: counting alpha_1 = 0,1405, alpha_2 = 0,1425
[11.11.2015 22:16:22] Step 3: f(0,1405) = 36,7629 <= f(0,1425) = 38,3565; b = alpha_2 = 0,1425.
[11.11.2015 22:16:22] Iter 1: Answer is in the range: [0,0810; 0,1425]
[11.11.2015 22:16:22] Step 1: counting alpha_1 = 0,1108, alpha_2 = 0,1128
[11.11.2015 22:16:22] Step 3: f(0,1108) = 38,1760 > f(0,1128) = 36,8697; a = alpha_1 = 0,1108.
[11.11.2015 22:16:22] Iter 2: Answer is in the range: [0,1108; 0,1425]
[11.11.2015 22:16:22] Step 1: counting alpha_1 = 0,1256, alpha_2 = 0,1276
[11.11.2015 22:16:22] Step 3: f(0,1256) = 32,1969 > f(0,1276) = 32,1278; a = alpha_1 = 0,1256.
[11.11.2015 22:16:22] Step 4: (b-a)/2 = 0,0084 < eps = 0,0100; STOP SEARCHING!
[11.11.2015 22:16:22] Iter 3: Answer is in the range: [0,1256; 0,1425]
[11.11.2015 22:16:22] Step 5: alpha_end = (a+b)/2; Minimum x* is: 0,1341
[11.11.2015 22:16:22] Step 9: Quasi-Newton matrix: 

[11.11.2015 22:16:22] Step 10: New local search point (0,000;0,000)
[11.11.2015 22:16:22] Step 11: Iteration end.
[11.11.2015 22:16:22] Step 2: ITERATION number 10
[11.11.2015 22:16:22] Step 5: Sk = 
[11.11.2015 22:16:22] Step 6: Yk = 
[11.11.2015 22:16:22] Step 7: Quasi-Newton matrix: 

[11.11.2015 22:16:22] Step 8: Search vector: (0,000;0,000)
[11.11.2015 22:16:22] DSK method started!
[11.11.2015 22:16:22] Step 1: f(alpha)=169,3096, f(alpha + h)=161,2941; k=0;
[11.11.2015 22:16:22] Step 2: a=0,0010, alpha1=0,0110, k=2; Go to step 4!
[11.11.2015 22:16:22] Step 4: alphak=0,0210
[11.11.2015 22:16:22] Step 5: h > 0; a=alpha(k-1)=0,0110
[11.11.2015 22:16:22] k = k + 1 = 3; Go to step 4!
[11.11.2015 22:16:22] Step 4: alphak=0,0410
[11.11.2015 22:16:22] Step 5: h > 0; a=alpha(k-1)=0,0210
[11.11.2015 22:16:22] k = k + 1 = 4; Go to step 4!
[11.11.2015 22:16:22] Step 4: alphak=0,0810
[11.11.2015 22:16:22] Step 5: h > 0; a=alpha(k-1)=0,0410
[11.11.2015 22:16:22] k = k + 1 = 5; Go to step 4!
[11.11.2015 22:16:22] Step 4: alphak=0,1610
[11.11.2015 22:16:22] Step 5: h > 0; a=alpha(k-1)=0,0810
[11.11.2015 22:16:22] k = k + 1 = 6; Go to step 4!
[11.11.2015 22:16:22] Step 4: alphak=0,3210
[11.11.2015 22:16:22] Step 5: h > 0; b=alphak=0,3210
[11.11.2015 22:16:22] Step 6: Interval is: [0,0810 ; 0,3210]
[11.11.2015 22:16:22] Dichotomy method has been started!
[11.11.2015 22:16:22] Counting: delta = eps / 10 = 0,001
[11.11.2015 22:16:22] Step 1: counting alpha_1 = 0,2000, alpha_2 = 0,2020
[11.11.2015 22:16:22] Step 3: f(0,2000) = 231,3632 <= f(0,2020) = 244,7253; b = alpha_2 = 0,2020.
[11.11.2015 22:16:22] Iter 0: Answer is in the range: [0,0810; 0,2020]
[11.11.2015 22:16:22] Step 1: counting alpha_1 = 0,1405, alpha_2 = 0,1425
[11.11.2015 22:16:22] Step 3: f(0,1405) = 36,7629 <= f(0,1425) = 38,3565; b = alpha_2 = 0,1425.
[11.11.2015 22:16:22] Iter 1: Answer is in the range: [0,0810; 0,1425]
[11.11.2015 22:16:22] Step 1: counting alpha_1 = 0,1108, alpha_2 = 0,1128
[11.11.2015 22:16:22] Step 3: f(0,1108) = 38,1760 > f(0,1128) = 36,8697; a = alpha_1 = 0,1108.
[11.11.2015 22:16:22] Iter 2: Answer is in the range: [0,1108; 0,1425]
[11.11.2015 22:16:22] Step 1: counting alpha_1 = 0,1256, alpha_2 = 0,1276
[11.11.2015 22:16:22] Step 3: f(0,1256) = 32,1969 > f(0,1276) = 32,1278; a = alpha_1 = 0,1256.
[11.11.2015 22:16:22] Step 4: (b-a)/2 = 0,0084 < eps = 0,0100; STOP SEARCHING!
[11.11.2015 22:16:22] Iter 3: Answer is in the range: [0,1256; 0,1425]
[11.11.2015 22:16:22] Step 5: alpha_end = (a+b)/2; Minimum x* is: 0,1341
[11.11.2015 22:16:22] Step 9: Quasi-Newton matrix: 

[11.11.2015 22:16:22] Step 10: New local search point (0,000;0,000)
[11.11.2015 22:16:22] Step 11: Iteration end.
[11.11.2015 22:16:22] Step 2: ITERATION number 11
[11.11.2015 22:16:22] Step 5: Sk = 
[11.11.2015 22:16:22] Step 6: Yk = 
[11.11.2015 22:16:22] Step 7: Quasi-Newton matrix: 

[11.11.2015 22:16:22] Step 8: Search vector: (0,000;0,000)
[11.11.2015 22:16:22] DSK method started!
[11.11.2015 22:16:22] Step 1: f(alpha)=169,3096, f(alpha + h)=161,2941; k=0;
[11.11.2015 22:16:22] Step 2: a=0,0010, alpha1=0,0110, k=2; Go to step 4!
[11.11.2015 22:16:22] Step 4: alphak=0,0210
[11.11.2015 22:16:22] Step 5: h > 0; a=alpha(k-1)=0,0110
[11.11.2015 22:16:22] k = k + 1 = 3; Go to step 4!
[11.11.2015 22:16:22] Step 4: alphak=0,0410
[11.11.2015 22:16:22] Step 5: h > 0; a=alpha(k-1)=0,0210
[11.11.2015 22:16:22] k = k + 1 = 4; Go to step 4!
[11.11.2015 22:16:22] Step 4: alphak=0,0810
[11.11.2015 22:16:22] Step 5: h > 0; a=alpha(k-1)=0,0410
[11.11.2015 22:16:22] k = k + 1 = 5; Go to step 4!
[11.11.2015 22:16:22] Step 4: alphak=0,1610
[11.11.2015 22:16:22] Step 5: h > 0; a=alpha(k-1)=0,0810
[11.11.2015 22:16:22] k = k + 1 = 6; Go to step 4!
[11.11.2015 22:16:22] Step 4: alphak=0,3210
[11.11.2015 22:16:22] Step 5: h > 0; b=alphak=0,3210
[11.11.2015 22:16:22] Step 6: Interval is: [0,0810 ; 0,3210]
[11.11.2015 22:16:22] Dichotomy method has been started!
[11.11.2015 22:16:22] Counting: delta = eps / 10 = 0,001
[11.11.2015 22:16:22] Step 1: counting alpha_1 = 0,2000, alpha_2 = 0,2020
[11.11.2015 22:16:22] Step 3: f(0,2000) = 231,3632 <= f(0,2020) = 244,7253; b = alpha_2 = 0,2020.
[11.11.2015 22:16:22] Iter 0: Answer is in the range: [0,0810; 0,2020]
[11.11.2015 22:16:22] Step 1: counting alpha_1 = 0,1405, alpha_2 = 0,1425
[11.11.2015 22:16:22] Step 3: f(0,1405) = 36,7629 <= f(0,1425) = 38,3565; b = alpha_2 = 0,1425.
[11.11.2015 22:16:22] Iter 1: Answer is in the range: [0,0810; 0,1425]
[11.11.2015 22:16:22] Step 1: counting alpha_1 = 0,1108, alpha_2 = 0,1128
[11.11.2015 22:16:22] Step 3: f(0,1108) = 38,1760 > f(0,1128) = 36,8697; a = alpha_1 = 0,1108.
[11.11.2015 22:16:22] Iter 2: Answer is in the range: [0,1108; 0,1425]
[11.11.2015 22:16:22] Step 1: counting alpha_1 = 0,1256, alpha_2 = 0,1276
[11.11.2015 22:16:22] Step 3: f(0,1256) = 32,1969 > f(0,1276) = 32,1278; a = alpha_1 = 0,1256.
[11.11.2015 22:16:23] Step 4: (b-a)/2 = 0,0084 < eps = 0,0100; STOP SEARCHING!
[11.11.2015 22:16:23] Iter 3: Answer is in the range: [0,1256; 0,1425]
[11.11.2015 22:16:23] Step 5: alpha_end = (a+b)/2; Minimum x* is: 0,1341
[11.11.2015 22:16:23] Step 9: Quasi-Newton matrix: 

[11.11.2015 22:16:23] Step 10: New local search point (0,000;0,000)
[11.11.2015 22:16:23] Step 11: Iteration end.
[11.11.2015 22:16:23] Step 2: ITERATION number 12
[11.11.2015 22:16:23] Step 5: Sk = 
[11.11.2015 22:16:23] Step 6: Yk = 
[11.11.2015 22:16:23] Step 7: Quasi-Newton matrix: 

[11.11.2015 22:16:23] Step 8: Search vector: (0,000;0,000)
[11.11.2015 22:16:23] DSK method started!
[11.11.2015 22:16:23] Step 1: f(alpha)=169,3096, f(alpha + h)=161,2941; k=0;
[11.11.2015 22:16:23] Step 2: a=0,0010, alpha1=0,0110, k=2; Go to step 4!
[11.11.2015 22:16:23] Step 4: alphak=0,0210
[11.11.2015 22:16:23] Step 5: h > 0; a=alpha(k-1)=0,0110
[11.11.2015 22:16:23] k = k + 1 = 3; Go to step 4!
[11.11.2015 22:16:23] Step 4: alphak=0,0410
[11.11.2015 22:16:23] Step 5: h > 0; a=alpha(k-1)=0,0210
[11.11.2015 22:16:23] k = k + 1 = 4; Go to step 4!
[11.11.2015 22:16:23] Step 4: alphak=0,0810
[11.11.2015 22:16:23] Step 5: h > 0; a=alpha(k-1)=0,0410
[11.11.2015 22:16:23] k = k + 1 = 5; Go to step 4!
[11.11.2015 22:16:23] Step 4: alphak=0,1610
[11.11.2015 22:16:23] Step 5: h > 0; a=alpha(k-1)=0,0810
[11.11.2015 22:16:23] k = k + 1 = 6; Go to step 4!
[11.11.2015 22:16:23] Step 4: alphak=0,3210
[11.11.2015 22:16:23] Step 5: h > 0; b=alphak=0,3210
[11.11.2015 22:16:23] Step 6: Interval is: [0,0810 ; 0,3210]
[11.11.2015 22:16:23] Dichotomy method has been started!
[11.11.2015 22:16:23] Counting: delta = eps / 10 = 0,001
[11.11.2015 22:16:23] Step 1: counting alpha_1 = 0,2000, alpha_2 = 0,2020
[11.11.2015 22:16:23] Step 3: f(0,2000) = 231,3632 <= f(0,2020) = 244,7253; b = alpha_2 = 0,2020.
[11.11.2015 22:16:23] Iter 0: Answer is in the range: [0,0810; 0,2020]
[11.11.2015 22:16:23] Step 1: counting alpha_1 = 0,1405, alpha_2 = 0,1425
[11.11.2015 22:16:23] Step 3: f(0,1405) = 36,7629 <= f(0,1425) = 38,3565; b = alpha_2 = 0,1425.
[11.11.2015 22:16:23] Iter 1: Answer is in the range: [0,0810; 0,1425]
[11.11.2015 22:16:23] Step 1: counting alpha_1 = 0,1108, alpha_2 = 0,1128
[11.11.2015 22:16:23] Step 3: f(0,1108) = 38,1760 > f(0,1128) = 36,8697; a = alpha_1 = 0,1108.
[11.11.2015 22:16:23] Iter 2: Answer is in the range: [0,1108; 0,1425]
[11.11.2015 22:16:23] Step 1: counting alpha_1 = 0,1256, alpha_2 = 0,1276
[11.11.2015 22:16:23] Step 3: f(0,1256) = 32,1969 > f(0,1276) = 32,1278; a = alpha_1 = 0,1256.
[11.11.2015 22:16:23] Step 4: (b-a)/2 = 0,0084 < eps = 0,0100; STOP SEARCHING!
[11.11.2015 22:16:23] Iter 3: Answer is in the range: [0,1256; 0,1425]
[11.11.2015 22:16:23] Step 5: alpha_end = (a+b)/2; Minimum x* is: 0,1341
[11.11.2015 22:16:23] Step 9: Quasi-Newton matrix: 

[11.11.2015 22:16:23] Step 10: New local search point (0,000;0,000)
[11.11.2015 22:16:23] Step 11: Iteration end.
[11.11.2015 22:16:23] Step 2: ITERATION number 13
[11.11.2015 22:16:23] Step 5: Sk = 
[11.11.2015 22:16:23] Step 6: Yk = 
[11.11.2015 22:16:23] Step 7: Quasi-Newton matrix: 

[11.11.2015 22:16:23] Step 8: Search vector: (0,000;0,000)
[11.11.2015 22:16:23] DSK method started!
[11.11.2015 22:16:23] Step 1: f(alpha)=169,3096, f(alpha + h)=161,2941; k=0;
[11.11.2015 22:16:23] Step 2: a=0,0010, alpha1=0,0110, k=2; Go to step 4!
[11.11.2015 22:16:23] Step 4: alphak=0,0210
[11.11.2015 22:16:23] Step 5: h > 0; a=alpha(k-1)=0,0110
[11.11.2015 22:16:23] k = k + 1 = 3; Go to step 4!
[11.11.2015 22:16:23] Step 4: alphak=0,0410
[11.11.2015 22:16:23] Step 5: h > 0; a=alpha(k-1)=0,0210
[11.11.2015 22:16:23] k = k + 1 = 4; Go to step 4!
[11.11.2015 22:16:23] Step 4: alphak=0,0810
[11.11.2015 22:16:23] Step 5: h > 0; a=alpha(k-1)=0,0410
[11.11.2015 22:16:23] k = k + 1 = 5; Go to step 4!
[11.11.2015 22:16:23] Step 4: alphak=0,1610
[11.11.2015 22:16:23] Step 5: h > 0; a=alpha(k-1)=0,0810
[11.11.2015 22:16:23] k = k + 1 = 6; Go to step 4!
[11.11.2015 22:16:23] Step 4: alphak=0,3210
[11.11.2015 22:16:23] Step 5: h > 0; b=alphak=0,3210
[11.11.2015 22:16:23] Step 6: Interval is: [0,0810 ; 0,3210]
[11.11.2015 22:16:23] Dichotomy method has been started!
[11.11.2015 22:16:23] Counting: delta = eps / 10 = 0,001
[11.11.2015 22:16:23] Step 1: counting alpha_1 = 0,2000, alpha_2 = 0,2020
[11.11.2015 22:16:23] Step 3: f(0,2000) = 231,3632 <= f(0,2020) = 244,7253; b = alpha_2 = 0,2020.
[11.11.2015 22:16:23] Iter 0: Answer is in the range: [0,0810; 0,2020]
[11.11.2015 22:16:23] Step 1: counting alpha_1 = 0,1405, alpha_2 = 0,1425
[11.11.2015 22:16:23] Step 3: f(0,1405) = 36,7629 <= f(0,1425) = 38,3565; b = alpha_2 = 0,1425.
[11.11.2015 22:16:23] Iter 1: Answer is in the range: [0,0810; 0,1425]
[11.11.2015 22:16:23] Step 1: counting alpha_1 = 0,1108, alpha_2 = 0,1128
[11.11.2015 22:16:23] Step 3: f(0,1108) = 38,1760 > f(0,1128) = 36,8697; a = alpha_1 = 0,1108.
[11.11.2015 22:16:23] Iter 2: Answer is in the range: [0,1108; 0,1425]
[11.11.2015 22:16:23] Step 1: counting alpha_1 = 0,1256, alpha_2 = 0,1276
[11.11.2015 22:16:23] Step 3: f(0,1256) = 32,1969 > f(0,1276) = 32,1278; a = alpha_1 = 0,1256.
[11.11.2015 22:16:23] Step 4: (b-a)/2 = 0,0084 < eps = 0,0100; STOP SEARCHING!
[11.11.2015 22:16:23] Iter 3: Answer is in the range: [0,1256; 0,1425]
[11.11.2015 22:16:23] Step 5: alpha_end = (a+b)/2; Minimum x* is: 0,1341
[11.11.2015 22:16:23] Step 9: Quasi-Newton matrix: 

[11.11.2015 22:16:23] Step 10: New local search point (0,000;0,000)
[11.11.2015 22:16:23] Step 11: Iteration end.
[11.11.2015 22:16:23] Step 2: ITERATION number 14
[11.11.2015 22:16:23] Step 5: Sk = 
[11.11.2015 22:16:23] Step 6: Yk = 
[11.11.2015 22:16:23] Step 7: Quasi-Newton matrix: 

[11.11.2015 22:16:23] Step 8: Search vector: (0,000;0,000)
[11.11.2015 22:16:23] DSK method started!
[11.11.2015 22:16:23] Step 1: f(alpha)=169,3096, f(alpha + h)=161,2941; k=0;
[11.11.2015 22:16:23] Step 2: a=0,0010, alpha1=0,0110, k=2; Go to step 4!
[11.11.2015 22:16:23] Step 4: alphak=0,0210
[11.11.2015 22:16:24] Step 5: h > 0; a=alpha(k-1)=0,0110
[11.11.2015 22:16:24] k = k + 1 = 3; Go to step 4!
[11.11.2015 22:16:24] Step 4: alphak=0,0410
[11.11.2015 22:16:24] Step 5: h > 0; a=alpha(k-1)=0,0210
[11.11.2015 22:16:24] k = k + 1 = 4; Go to step 4!
[11.11.2015 22:16:24] Step 4: alphak=0,0810
[11.11.2015 22:16:24] Step 5: h > 0; a=alpha(k-1)=0,0410
[11.11.2015 22:16:24] k = k + 1 = 5; Go to step 4!
[11.11.2015 22:16:24] Step 4: alphak=0,1610
[11.11.2015 22:16:24] Step 5: h > 0; a=alpha(k-1)=0,0810
[11.11.2015 22:16:24] k = k + 1 = 6; Go to step 4!
[11.11.2015 22:16:24] Step 4: alphak=0,3210
[11.11.2015 22:16:24] Step 5: h > 0; b=alphak=0,3210
[11.11.2015 22:16:24] Step 6: Interval is: [0,0810 ; 0,3210]
[11.11.2015 22:16:24] Dichotomy method has been started!
[11.11.2015 22:16:24] Counting: delta = eps / 10 = 0,001
[11.11.2015 22:16:24] Step 1: counting alpha_1 = 0,2000, alpha_2 = 0,2020
[11.11.2015 22:16:24] Step 3: f(0,2000) = 231,3632 <= f(0,2020) = 244,7253; b = alpha_2 = 0,2020.
[11.11.2015 22:16:24] Iter 0: Answer is in the range: [0,0810; 0,2020]
[11.11.2015 22:16:24] Step 1: counting alpha_1 = 0,1405, alpha_2 = 0,1425
[11.11.2015 22:16:24] Step 3: f(0,1405) = 36,7629 <= f(0,1425) = 38,3565; b = alpha_2 = 0,1425.
[11.11.2015 22:16:24] Iter 1: Answer is in the range: [0,0810; 0,1425]
[11.11.2015 22:16:24] Step 1: counting alpha_1 = 0,1108, alpha_2 = 0,1128
[11.11.2015 22:16:24] Step 3: f(0,1108) = 38,1760 > f(0,1128) = 36,8697; a = alpha_1 = 0,1108.
[11.11.2015 22:16:24] Iter 2: Answer is in the range: [0,1108; 0,1425]
[11.11.2015 22:16:24] Step 1: counting alpha_1 = 0,1256, alpha_2 = 0,1276
[11.11.2015 22:16:24] Step 3: f(0,1256) = 32,1969 > f(0,1276) = 32,1278; a = alpha_1 = 0,1256.
[11.11.2015 22:16:24] Step 4: (b-a)/2 = 0,0084 < eps = 0,0100; STOP SEARCHING!
[11.11.2015 22:16:24] Iter 3: Answer is in the range: [0,1256; 0,1425]
[11.11.2015 22:16:24] Step 5: alpha_end = (a+b)/2; Minimum x* is: 0,1341
[11.11.2015 22:16:24] Step 9: Quasi-Newton matrix: 

[11.11.2015 22:16:24] Step 10: New local search point (0,000;0,000)
[11.11.2015 22:16:24] Step 11: Iteration end.
[11.11.2015 22:16:24] Step 2: ITERATION number 15
[11.11.2015 22:16:24] Step 5: Sk = 
[11.11.2015 22:16:24] Step 6: Yk = 
[11.11.2015 22:16:24] Step 7: Quasi-Newton matrix: 

[11.11.2015 22:16:24] Step 8: Search vector: (0,000;0,000)
[11.11.2015 22:16:24] DSK method started!
[11.11.2015 22:16:24] Step 1: f(alpha)=169,3096, f(alpha + h)=161,2941; k=0;
[11.11.2015 22:16:24] Step 2: a=0,0010, alpha1=0,0110, k=2; Go to step 4!
[11.11.2015 22:16:24] Step 4: alphak=0,0210
[11.11.2015 22:16:24] Step 5: h > 0; a=alpha(k-1)=0,0110
[11.11.2015 22:16:24] k = k + 1 = 3; Go to step 4!
[11.11.2015 22:16:24] Step 4: alphak=0,0410
[11.11.2015 22:16:24] Step 5: h > 0; a=alpha(k-1)=0,0210
[11.11.2015 22:16:24] k = k + 1 = 4; Go to step 4!
[11.11.2015 22:16:24] Step 4: alphak=0,0810
[11.11.2015 22:16:24] Step 5: h > 0; a=alpha(k-1)=0,0410
[11.11.2015 22:16:24] k = k + 1 = 5; Go to step 4!
[11.11.2015 22:16:24] Step 4: alphak=0,1610
[11.11.2015 22:16:24] Step 5: h > 0; a=alpha(k-1)=0,0810
[11.11.2015 22:16:24] k = k + 1 = 6; Go to step 4!
[11.11.2015 22:16:24] Step 4: alphak=0,3210
[11.11.2015 22:16:24] Step 5: h > 0; b=alphak=0,3210
[11.11.2015 22:16:24] Step 6: Interval is: [0,0810 ; 0,3210]
[11.11.2015 22:16:24] Dichotomy method has been started!
[11.11.2015 22:16:24] Counting: delta = eps / 10 = 0,001
[11.11.2015 22:16:24] Step 1: counting alpha_1 = 0,2000, alpha_2 = 0,2020
[11.11.2015 22:16:24] Step 3: f(0,2000) = 231,3632 <= f(0,2020) = 244,7253; b = alpha_2 = 0,2020.
[11.11.2015 22:16:24] Iter 0: Answer is in the range: [0,0810; 0,2020]
[11.11.2015 22:16:24] Step 1: counting alpha_1 = 0,1405, alpha_2 = 0,1425
[11.11.2015 22:16:24] Step 3: f(0,1405) = 36,7629 <= f(0,1425) = 38,3565; b = alpha_2 = 0,1425.
[11.11.2015 22:16:24] Iter 1: Answer is in the range: [0,0810; 0,1425]
[11.11.2015 22:16:24] Step 1: counting alpha_1 = 0,1108, alpha_2 = 0,1128
[11.11.2015 22:16:24] Step 3: f(0,1108) = 38,1760 > f(0,1128) = 36,8697; a = alpha_1 = 0,1108.
[11.11.2015 22:16:24] Iter 2: Answer is in the range: [0,1108; 0,1425]
[11.11.2015 22:16:24] Step 1: counting alpha_1 = 0,1256, alpha_2 = 0,1276
[11.11.2015 22:16:24] Step 3: f(0,1256) = 32,1969 > f(0,1276) = 32,1278; a = alpha_1 = 0,1256.
[11.11.2015 22:16:24] Step 4: (b-a)/2 = 0,0084 < eps = 0,0100; STOP SEARCHING!
[11.11.2015 22:16:24] Iter 3: Answer is in the range: [0,1256; 0,1425]
[11.11.2015 22:16:24] Step 5: alpha_end = (a+b)/2; Minimum x* is: 0,1341
[11.11.2015 22:16:24] Step 9: Quasi-Newton matrix: 

[11.11.2015 22:16:24] Step 10: New local search point (0,000;0,000)
[11.11.2015 22:16:24] Step 11: Iteration end.
[11.11.2015 22:16:24] Step 2: ITERATION number 16
[11.11.2015 22:16:24] Step 5: Sk = 
[11.11.2015 22:16:24] Step 6: Yk = 
[11.11.2015 22:16:24] Step 7: Quasi-Newton matrix: 

[11.11.2015 22:16:24] Step 8: Search vector: (0,000;0,000)
[11.11.2015 22:16:24] DSK method started!
[11.11.2015 22:16:24] Step 1: f(alpha)=169,3096, f(alpha + h)=161,2941; k=0;
[11.11.2015 22:16:24] Step 2: a=0,0010, alpha1=0,0110, k=2; Go to step 4!
[11.11.2015 22:16:24] Step 4: alphak=0,0210
[11.11.2015 22:16:24] Step 5: h > 0; a=alpha(k-1)=0,0110
[11.11.2015 22:16:24] k = k + 1 = 3; Go to step 4!
[11.11.2015 22:16:24] Step 4: alphak=0,0410
[11.11.2015 22:16:24] Step 5: h > 0; a=alpha(k-1)=0,0210
[11.11.2015 22:16:24] k = k + 1 = 4; Go to step 4!
[11.11.2015 22:16:24] Step 4: alphak=0,0810
[11.11.2015 22:16:24] Step 5: h > 0; a=alpha(k-1)=0,0410
[11.11.2015 22:16:24] k = k + 1 = 5; Go to step 4!
[11.11.2015 22:16:24] Step 4: alphak=0,1610
[11.11.2015 22:16:24] Step 5: h > 0; a=alpha(k-1)=0,0810
[11.11.2015 22:16:24] k = k + 1 = 6; Go to step 4!
[11.11.2015 22:16:24] Step 4: alphak=0,3210
[11.11.2015 22:16:24] Step 5: h > 0; b=alphak=0,3210
[11.11.2015 22:16:24] Step 6: Interval is: [0,0810 ; 0,3210]
[11.11.2015 22:16:24] Dichotomy method has been started!
[11.11.2015 22:16:24] Counting: delta = eps / 10 = 0,001
[11.11.2015 22:16:24] Step 1: counting alpha_1 = 0,2000, alpha_2 = 0,2020
[11.11.2015 22:16:24] Step 3: f(0,2000) = 231,3632 <= f(0,2020) = 244,7253; b = alpha_2 = 0,2020.
[11.11.2015 22:16:24] Iter 0: Answer is in the range: [0,0810; 0,2020]
[11.11.2015 22:16:24] Step 1: counting alpha_1 = 0,1405, alpha_2 = 0,1425
[11.11.2015 22:16:24] Step 3: f(0,1405) = 36,7629 <= f(0,1425) = 38,3565; b = alpha_2 = 0,1425.
[11.11.2015 22:16:24] Iter 1: Answer is in the range: [0,0810; 0,1425]
[11.11.2015 22:16:24] Step 1: counting alpha_1 = 0,1108, alpha_2 = 0,1128
[11.11.2015 22:16:24] Step 3: f(0,1108) = 38,1760 > f(0,1128) = 36,8697; a = alpha_1 = 0,1108.
[11.11.2015 22:16:25] Iter 2: Answer is in the range: [0,1108; 0,1425]
[11.11.2015 22:16:25] Step 1: counting alpha_1 = 0,1256, alpha_2 = 0,1276
[11.11.2015 22:16:25] Step 3: f(0,1256) = 32,1969 > f(0,1276) = 32,1278; a = alpha_1 = 0,1256.
[11.11.2015 22:16:25] Step 4: (b-a)/2 = 0,0084 < eps = 0,0100; STOP SEARCHING!
[11.11.2015 22:16:25] Iter 3: Answer is in the range: [0,1256; 0,1425]
[11.11.2015 22:16:25] Step 5: alpha_end = (a+b)/2; Minimum x* is: 0,1341
[11.11.2015 22:16:25] Step 9: Quasi-Newton matrix: 

[11.11.2015 22:16:25] Step 10: New local search point (0,000;0,000)
[11.11.2015 22:16:25] Step 11: Iteration end.
[11.11.2015 22:16:25] Step 2: ITERATION number 17
[11.11.2015 22:16:25] Step 5: Sk = 
[11.11.2015 22:16:25] Step 6: Yk = 
[11.11.2015 22:16:25] Step 7: Quasi-Newton matrix: 

[11.11.2015 22:16:25] Step 8: Search vector: (0,000;0,000)
[11.11.2015 22:16:25] DSK method started!
[11.11.2015 22:16:25] Step 1: f(alpha)=169,3096, f(alpha + h)=161,2941; k=0;
[11.11.2015 22:16:25] Step 2: a=0,0010, alpha1=0,0110, k=2; Go to step 4!
[11.11.2015 22:16:25] Step 4: alphak=0,0210
[11.11.2015 22:16:25] Step 5: h > 0; a=alpha(k-1)=0,0110
[11.11.2015 22:16:25] k = k + 1 = 3; Go to step 4!
[11.11.2015 22:16:25] Step 4: alphak=0,0410
[11.11.2015 22:16:25] Step 5: h > 0; a=alpha(k-1)=0,0210
[11.11.2015 22:16:25] k = k + 1 = 4; Go to step 4!
[11.11.2015 22:16:25] Step 4: alphak=0,0810
[11.11.2015 22:16:25] Step 5: h > 0; a=alpha(k-1)=0,0410
[11.11.2015 22:16:25] k = k + 1 = 5; Go to step 4!
[11.11.2015 22:16:25] Step 4: alphak=0,1610
[11.11.2015 22:16:25] Step 5: h > 0; a=alpha(k-1)=0,0810
[11.11.2015 22:16:25] k = k + 1 = 6; Go to step 4!
[11.11.2015 22:16:25] Step 4: alphak=0,3210
[11.11.2015 22:16:25] Step 5: h > 0; b=alphak=0,3210
[11.11.2015 22:16:25] Step 6: Interval is: [0,0810 ; 0,3210]
[11.11.2015 22:16:25] Dichotomy method has been started!
[11.11.2015 22:16:25] Counting: delta = eps / 10 = 0,001
[11.11.2015 22:16:25] Step 1: counting alpha_1 = 0,2000, alpha_2 = 0,2020
[11.11.2015 22:16:25] Step 3: f(0,2000) = 231,3632 <= f(0,2020) = 244,7253; b = alpha_2 = 0,2020.
[11.11.2015 22:16:25] Iter 0: Answer is in the range: [0,0810; 0,2020]
[11.11.2015 22:16:25] Step 1: counting alpha_1 = 0,1405, alpha_2 = 0,1425
[11.11.2015 22:16:25] Step 3: f(0,1405) = 36,7629 <= f(0,1425) = 38,3565; b = alpha_2 = 0,1425.
[11.11.2015 22:16:25] Iter 1: Answer is in the range: [0,0810; 0,1425]
[11.11.2015 22:16:25] Step 1: counting alpha_1 = 0,1108, alpha_2 = 0,1128
[11.11.2015 22:16:25] Step 3: f(0,1108) = 38,1760 > f(0,1128) = 36,8697; a = alpha_1 = 0,1108.
[11.11.2015 22:16:25] Iter 2: Answer is in the range: [0,1108; 0,1425]
[11.11.2015 22:16:25] Step 1: counting alpha_1 = 0,1256, alpha_2 = 0,1276
[11.11.2015 22:16:25] Step 3: f(0,1256) = 32,1969 > f(0,1276) = 32,1278; a = alpha_1 = 0,1256.
[11.11.2015 22:16:25] Step 4: (b-a)/2 = 0,0084 < eps = 0,0100; STOP SEARCHING!
[11.11.2015 22:16:25] Iter 3: Answer is in the range: [0,1256; 0,1425]
[11.11.2015 22:16:25] Step 5: alpha_end = (a+b)/2; Minimum x* is: 0,1341
[11.11.2015 22:16:25] Step 9: Quasi-Newton matrix: 

[11.11.2015 22:16:25] Step 10: New local search point (0,000;0,000)
[11.11.2015 22:16:25] Step 11: Iteration end.
[11.11.2015 22:16:25] Step 2: ITERATION number 18
[11.11.2015 22:16:25] Step 5: Sk = 
[11.11.2015 22:16:25] Step 6: Yk = 
[11.11.2015 22:16:25] Step 7: Quasi-Newton matrix: 

[11.11.2015 22:16:25] Step 8: Search vector: (0,000;0,000)
[11.11.2015 22:16:25] DSK method started!
[11.11.2015 22:16:25] Step 1: f(alpha)=169,3096, f(alpha + h)=161,2941; k=0;
[11.11.2015 22:16:25] Step 2: a=0,0010, alpha1=0,0110, k=2; Go to step 4!
[11.11.2015 22:16:25] Step 4: alphak=0,0210
[11.11.2015 22:16:25] Step 5: h > 0; a=alpha(k-1)=0,0110
[11.11.2015 22:16:25] k = k + 1 = 3; Go to step 4!
[11.11.2015 22:16:25] Step 4: alphak=0,0410
[11.11.2015 22:16:25] Step 5: h > 0; a=alpha(k-1)=0,0210
[11.11.2015 22:16:25] k = k + 1 = 4; Go to step 4!
[11.11.2015 22:16:25] Step 4: alphak=0,0810
[11.11.2015 22:16:25] Step 5: h > 0; a=alpha(k-1)=0,0410
[11.11.2015 22:16:25] k = k + 1 = 5; Go to step 4!
[11.11.2015 22:16:25] Step 4: alphak=0,1610
[11.11.2015 22:16:25] Step 5: h > 0; a=alpha(k-1)=0,0810
[11.11.2015 22:16:25] k = k + 1 = 6; Go to step 4!
[11.11.2015 22:16:25] Step 4: alphak=0,3210
[11.11.2015 22:16:25] Step 5: h > 0; b=alphak=0,3210
[11.11.2015 22:16:25] Step 6: Interval is: [0,0810 ; 0,3210]
[11.11.2015 22:16:25] Dichotomy method has been started!
[11.11.2015 22:16:25] Counting: delta = eps / 10 = 0,001
[11.11.2015 22:16:25] Step 1: counting alpha_1 = 0,2000, alpha_2 = 0,2020
[11.11.2015 22:16:25] Step 3: f(0,2000) = 231,3632 <= f(0,2020) = 244,7253; b = alpha_2 = 0,2020.
[11.11.2015 22:16:25] Iter 0: Answer is in the range: [0,0810; 0,2020]
[11.11.2015 22:16:25] Step 1: counting alpha_1 = 0,1405, alpha_2 = 0,1425
[11.11.2015 22:16:25] Step 3: f(0,1405) = 36,7629 <= f(0,1425) = 38,3565; b = alpha_2 = 0,1425.
[11.11.2015 22:16:25] Iter 1: Answer is in the range: [0,0810; 0,1425]
[11.11.2015 22:16:25] Step 1: counting alpha_1 = 0,1108, alpha_2 = 0,1128
[11.11.2015 22:16:25] Step 3: f(0,1108) = 38,1760 > f(0,1128) = 36,8697; a = alpha_1 = 0,1108.
[11.11.2015 22:16:25] Iter 2: Answer is in the range: [0,1108; 0,1425]
[11.11.2015 22:16:25] Step 1: counting alpha_1 = 0,1256, alpha_2 = 0,1276
[11.11.2015 22:16:25] Step 3: f(0,1256) = 32,1969 > f(0,1276) = 32,1278; a = alpha_1 = 0,1256.
[11.11.2015 22:16:25] Step 4: (b-a)/2 = 0,0084 < eps = 0,0100; STOP SEARCHING!
[11.11.2015 22:16:25] Iter 3: Answer is in the range: [0,1256; 0,1425]
[11.11.2015 22:16:25] Step 5: alpha_end = (a+b)/2; Minimum x* is: 0,1341
[11.11.2015 22:16:25] Step 9: Quasi-Newton matrix: 

[11.11.2015 22:16:25] Step 10: New local search point (0,000;0,000)
[11.11.2015 22:16:25] Step 11: Iteration end.
[11.11.2015 22:16:25] Step 2: ITERATION number 19
[11.11.2015 22:16:25] Step 5: Sk = 
[11.11.2015 22:16:25] Step 6: Yk = 
[11.11.2015 22:16:25] Step 7: Quasi-Newton matrix: 

[11.11.2015 22:16:25] Step 8: Search vector: (0,000;0,000)
[11.11.2015 22:16:25] DSK method started!
[11.11.2015 22:16:25] Step 1: f(alpha)=169,3096, f(alpha + h)=161,2941; k=0;
[11.11.2015 22:16:25] Step 2: a=0,0010, alpha1=0,0110, k=2; Go to step 4!
[11.11.2015 22:16:25] Step 4: alphak=0,0210
[11.11.2015 22:16:25] Step 5: h > 0; a=alpha(k-1)=0,0110
[11.11.2015 22:16:25] k = k + 1 = 3; Go to step 4!
[11.11.2015 22:16:25] Step 4: alphak=0,0410
[11.11.2015 22:16:25] Step 5: h > 0; a=alpha(k-1)=0,0210
[11.11.2015 22:16:25] k = k + 1 = 4; Go to step 4!
[11.11.2015 22:16:25] Step 4: alphak=0,0810
[11.11.2015 22:16:25] Step 5: h > 0; a=alpha(k-1)=0,0410
[11.11.2015 22:16:25] k = k + 1 = 5; Go to step 4!
[11.11.2015 22:16:25] Step 4: alphak=0,1610
[11.11.2015 22:16:25] Step 5: h > 0; a=alpha(k-1)=0,0810
[11.11.2015 22:16:25] k = k + 1 = 6; Go to step 4!
[11.11.2015 22:16:25] Step 4: alphak=0,3210
[11.11.2015 22:16:25] Step 5: h > 0; b=alphak=0,3210
[11.11.2015 22:16:25] Step 6: Interval is: [0,0810 ; 0,3210]
[11.11.2015 22:16:25] Dichotomy method has been started!
[11.11.2015 22:16:26] Counting: delta = eps / 10 = 0,001
[11.11.2015 22:16:26] Step 1: counting alpha_1 = 0,2000, alpha_2 = 0,2020
[11.11.2015 22:16:26] Step 3: f(0,2000) = 231,3632 <= f(0,2020) = 244,7253; b = alpha_2 = 0,2020.
[11.11.2015 22:16:26] Iter 0: Answer is in the range: [0,0810; 0,2020]
[11.11.2015 22:16:26] Step 1: counting alpha_1 = 0,1405, alpha_2 = 0,1425
[11.11.2015 22:16:26] Step 3: f(0,1405) = 36,7629 <= f(0,1425) = 38,3565; b = alpha_2 = 0,1425.
[11.11.2015 22:16:26] Iter 1: Answer is in the range: [0,0810; 0,1425]
[11.11.2015 22:16:26] Step 1: counting alpha_1 = 0,1108, alpha_2 = 0,1128
[11.11.2015 22:16:26] Step 3: f(0,1108) = 38,1760 > f(0,1128) = 36,8697; a = alpha_1 = 0,1108.
[11.11.2015 22:16:26] Iter 2: Answer is in the range: [0,1108; 0,1425]
[11.11.2015 22:16:26] Step 1: counting alpha_1 = 0,1256, alpha_2 = 0,1276
[11.11.2015 22:16:26] Step 3: f(0,1256) = 32,1969 > f(0,1276) = 32,1278; a = alpha_1 = 0,1256.
[11.11.2015 22:16:26] Step 4: (b-a)/2 = 0,0084 < eps = 0,0100; STOP SEARCHING!
[11.11.2015 22:16:26] Iter 3: Answer is in the range: [0,1256; 0,1425]
[11.11.2015 22:16:26] Step 5: alpha_end = (a+b)/2; Minimum x* is: 0,1341
[11.11.2015 22:16:26] Step 9: Quasi-Newton matrix: 

[11.11.2015 22:16:26] Step 10: New local search point (0,000;0,000)
[11.11.2015 22:16:26] Step 11: Iteration end.
[11.11.2015 22:16:26] Step 2: ITERATION number 20
[11.11.2015 22:16:26] Step 5: Sk = 
[11.11.2015 22:16:26] Step 6: Yk = 
[11.11.2015 22:16:26] Step 7: Quasi-Newton matrix: 

[11.11.2015 22:16:26] Step 8: Search vector: (0,000;0,000)
[11.11.2015 22:16:26] DSK method started!
[11.11.2015 22:16:26] Step 1: f(alpha)=169,3096, f(alpha + h)=161,2941; k=0;
[11.11.2015 22:16:26] Step 2: a=0,0010, alpha1=0,0110, k=2; Go to step 4!
[11.11.2015 22:16:26] Step 4: alphak=0,0210
[11.11.2015 22:16:26] Step 5: h > 0; a=alpha(k-1)=0,0110
[11.11.2015 22:16:26] k = k + 1 = 3; Go to step 4!
[11.11.2015 22:16:26] Step 4: alphak=0,0410
[11.11.2015 22:16:26] Step 5: h > 0; a=alpha(k-1)=0,0210
[11.11.2015 22:16:26] k = k + 1 = 4; Go to step 4!
[11.11.2015 22:16:26] Step 4: alphak=0,0810
[11.11.2015 22:16:26] Step 5: h > 0; a=alpha(k-1)=0,0410
[11.11.2015 22:16:26] k = k + 1 = 5; Go to step 4!
[11.11.2015 22:16:26] Step 4: alphak=0,1610
[11.11.2015 22:16:26] Step 5: h > 0; a=alpha(k-1)=0,0810
[11.11.2015 22:16:26] k = k + 1 = 6; Go to step 4!
[11.11.2015 22:16:26] Step 4: alphak=0,3210
[11.11.2015 22:16:26] Step 5: h > 0; b=alphak=0,3210
[11.11.2015 22:16:26] Step 6: Interval is: [0,0810 ; 0,3210]
[11.11.2015 22:16:26] Dichotomy method has been started!
[11.11.2015 22:16:26] Counting: delta = eps / 10 = 0,001
[11.11.2015 22:16:26] Step 1: counting alpha_1 = 0,2000, alpha_2 = 0,2020
[11.11.2015 22:16:26] Step 3: f(0,2000) = 231,3632 <= f(0,2020) = 244,7253; b = alpha_2 = 0,2020.
[11.11.2015 22:16:26] Iter 0: Answer is in the range: [0,0810; 0,2020]
[11.11.2015 22:16:26] Step 1: counting alpha_1 = 0,1405, alpha_2 = 0,1425
[11.11.2015 22:16:26] Step 3: f(0,1405) = 36,7629 <= f(0,1425) = 38,3565; b = alpha_2 = 0,1425.
[11.11.2015 22:16:26] Iter 1: Answer is in the range: [0,0810; 0,1425]
[11.11.2015 22:16:26] Step 1: counting alpha_1 = 0,1108, alpha_2 = 0,1128
[11.11.2015 22:16:26] Step 3: f(0,1108) = 38,1760 > f(0,1128) = 36,8697; a = alpha_1 = 0,1108.
[11.11.2015 22:16:26] Iter 2: Answer is in the range: [0,1108; 0,1425]
[11.11.2015 22:16:26] Step 1: counting alpha_1 = 0,1256, alpha_2 = 0,1276
[11.11.2015 22:16:26] Step 3: f(0,1256) = 32,1969 > f(0,1276) = 32,1278; a = alpha_1 = 0,1256.
[11.11.2015 22:16:26] Step 4: (b-a)/2 = 0,0084 < eps = 0,0100; STOP SEARCHING!
[11.11.2015 22:16:26] Iter 3: Answer is in the range: [0,1256; 0,1425]
[11.11.2015 22:16:26] Step 5: alpha_end = (a+b)/2; Minimum x* is: 0,1341
[11.11.2015 22:16:26] Step 9: Quasi-Newton matrix: 

[11.11.2015 22:16:26] Step 10: New local search point (0,000;0,000)
[11.11.2015 22:16:26] Step 11: Iteration end.
[11.11.2015 22:16:26] Step 2: ITERATION number 21
[11.11.2015 22:16:26] Step 5: Sk = 
[11.11.2015 22:16:26] Step 6: Yk = 
[11.11.2015 22:16:26] Step 7: Quasi-Newton matrix: 

[11.11.2015 22:16:26] Step 8: Search vector: (0,000;0,000)
[11.11.2015 22:16:26] DSK method started!
[11.11.2015 22:16:26] Step 1: f(alpha)=169,3096, f(alpha + h)=161,2941; k=0;
[11.11.2015 22:16:26] Step 2: a=0,0010, alpha1=0,0110, k=2; Go to step 4!
[11.11.2015 22:16:26] Step 4: alphak=0,0210
[11.11.2015 22:16:26] Step 5: h > 0; a=alpha(k-1)=0,0110
[11.11.2015 22:16:26] k = k + 1 = 3; Go to step 4!
[11.11.2015 22:16:26] Step 4: alphak=0,0410
[11.11.2015 22:16:26] Step 5: h > 0; a=alpha(k-1)=0,0210
[11.11.2015 22:16:26] k = k + 1 = 4; Go to step 4!
[11.11.2015 22:16:26] Step 4: alphak=0,0810
[11.11.2015 22:16:26] Step 5: h > 0; a=alpha(k-1)=0,0410
[11.11.2015 22:16:26] k = k + 1 = 5; Go to step 4!
[11.11.2015 22:16:26] Step 4: alphak=0,1610
[11.11.2015 22:16:26] Step 5: h > 0; a=alpha(k-1)=0,0810
[11.11.2015 22:16:26] k = k + 1 = 6; Go to step 4!
[11.11.2015 22:16:26] Step 4: alphak=0,3210
[11.11.2015 22:16:26] Step 5: h > 0; b=alphak=0,3210
[11.11.2015 22:16:26] Step 6: Interval is: [0,0810 ; 0,3210]
[11.11.2015 22:16:26] Dichotomy method has been started!
[11.11.2015 22:16:26] Counting: delta = eps / 10 = 0,001
[11.11.2015 22:16:26] Step 1: counting alpha_1 = 0,2000, alpha_2 = 0,2020
[11.11.2015 22:16:26] Step 3: f(0,2000) = 231,3632 <= f(0,2020) = 244,7253; b = alpha_2 = 0,2020.
[11.11.2015 22:16:26] Iter 0: Answer is in the range: [0,0810; 0,2020]
[11.11.2015 22:16:26] Step 1: counting alpha_1 = 0,1405, alpha_2 = 0,1425
[11.11.2015 22:16:26] Step 3: f(0,1405) = 36,7629 <= f(0,1425) = 38,3565; b = alpha_2 = 0,1425.
[11.11.2015 22:16:26] Iter 1: Answer is in the range: [0,0810; 0,1425]
[11.11.2015 22:16:26] Step 1: counting alpha_1 = 0,1108, alpha_2 = 0,1128
[11.11.2015 22:16:26] Step 3: f(0,1108) = 38,1760 > f(0,1128) = 36,8697; a = alpha_1 = 0,1108.
[11.11.2015 22:16:26] Iter 2: Answer is in the range: [0,1108; 0,1425]
[11.11.2015 22:16:26] Step 1: counting alpha_1 = 0,1256, alpha_2 = 0,1276
[11.11.2015 22:16:26] Step 3: f(0,1256) = 32,1969 > f(0,1276) = 32,1278; a = alpha_1 = 0,1256.
[11.11.2015 22:16:26] Step 4: (b-a)/2 = 0,0084 < eps = 0,0100; STOP SEARCHING!
[11.11.2015 22:16:26] Iter 3: Answer is in the range: [0,1256; 0,1425]
[11.11.2015 22:16:26] Step 5: alpha_end = (a+b)/2; Minimum x* is: 0,1341
[11.11.2015 22:16:26] Step 9: Quasi-Newton matrix: 

[11.11.2015 22:16:26] Step 10: New local search point (0,000;0,000)
[11.11.2015 22:16:26] Step 11: Iteration end.
[11.11.2015 22:16:26] Step 2: ITERATION number 22
[11.11.2015 22:16:26] Step 5: Sk = 
[11.11.2015 22:16:26] Step 6: Yk = 
[11.11.2015 22:16:26] Step 7: Quasi-Newton matrix: 

[11.11.2015 22:16:27] Step 8: Search vector: (0,000;0,000)
[11.11.2015 22:16:27] DSK method started!
[11.11.2015 22:16:27] Step 1: f(alpha)=169,3096, f(alpha + h)=161,2941; k=0;
[11.11.2015 22:16:27] Step 2: a=0,0010, alpha1=0,0110, k=2; Go to step 4!
[11.11.2015 22:16:27] Step 4: alphak=0,0210
[11.11.2015 22:16:27] Step 5: h > 0; a=alpha(k-1)=0,0110
[11.11.2015 22:16:27] k = k + 1 = 3; Go to step 4!
[11.11.2015 22:16:27] Step 4: alphak=0,0410
[11.11.2015 22:16:27] Step 5: h > 0; a=alpha(k-1)=0,0210
[11.11.2015 22:16:27] k = k + 1 = 4; Go to step 4!
[11.11.2015 22:16:27] Step 4: alphak=0,0810
[11.11.2015 22:16:27] Step 5: h > 0; a=alpha(k-1)=0,0410
[11.11.2015 22:16:27] k = k + 1 = 5; Go to step 4!
[11.11.2015 22:16:27] Step 4: alphak=0,1610
[11.11.2015 22:16:27] Step 5: h > 0; a=alpha(k-1)=0,0810
[11.11.2015 22:16:27] k = k + 1 = 6; Go to step 4!
[11.11.2015 22:16:27] Step 4: alphak=0,3210
[11.11.2015 22:16:27] Step 5: h > 0; b=alphak=0,3210
[11.11.2015 22:16:27] Step 6: Interval is: [0,0810 ; 0,3210]
[11.11.2015 22:16:27] Dichotomy method has been started!
[11.11.2015 22:16:27] Counting: delta = eps / 10 = 0,001
[11.11.2015 22:16:27] Step 1: counting alpha_1 = 0,2000, alpha_2 = 0,2020
[11.11.2015 22:16:27] Step 3: f(0,2000) = 231,3632 <= f(0,2020) = 244,7253; b = alpha_2 = 0,2020.
[11.11.2015 22:16:27] Iter 0: Answer is in the range: [0,0810; 0,2020]
[11.11.2015 22:16:27] Step 1: counting alpha_1 = 0,1405, alpha_2 = 0,1425
[11.11.2015 22:16:27] Step 3: f(0,1405) = 36,7629 <= f(0,1425) = 38,3565; b = alpha_2 = 0,1425.
[11.11.2015 22:16:27] Iter 1: Answer is in the range: [0,0810; 0,1425]
[11.11.2015 22:16:27] Step 1: counting alpha_1 = 0,1108, alpha_2 = 0,1128
[11.11.2015 22:16:27] Step 3: f(0,1108) = 38,1760 > f(0,1128) = 36,8697; a = alpha_1 = 0,1108.
[11.11.2015 22:16:27] Iter 2: Answer is in the range: [0,1108; 0,1425]
[11.11.2015 22:16:27] Step 1: counting alpha_1 = 0,1256, alpha_2 = 0,1276
[11.11.2015 22:16:27] Step 3: f(0,1256) = 32,1969 > f(0,1276) = 32,1278; a = alpha_1 = 0,1256.
[11.11.2015 22:16:27] Step 4: (b-a)/2 = 0,0084 < eps = 0,0100; STOP SEARCHING!
[11.11.2015 22:16:27] Iter 3: Answer is in the range: [0,1256; 0,1425]
[11.11.2015 22:16:27] Step 5: alpha_end = (a+b)/2; Minimum x* is: 0,1341
[11.11.2015 22:16:27] Step 9: Quasi-Newton matrix: 

[11.11.2015 22:16:27] Step 10: New local search point (0,000;0,000)
[11.11.2015 22:16:27] Step 11: Iteration end.
[11.11.2015 22:16:27] Step 2: ITERATION number 23
[11.11.2015 22:16:27] Step 5: Sk = 
[11.11.2015 22:16:27] Step 6: Yk = 
[11.11.2015 22:16:27] Step 7: Quasi-Newton matrix: 

[11.11.2015 22:16:27] Step 8: Search vector: (0,000;0,000)
[11.11.2015 22:16:27] DSK method started!
[11.11.2015 22:16:27] Step 1: f(alpha)=169,3096, f(alpha + h)=161,2941; k=0;
[11.11.2015 22:16:27] Step 2: a=0,0010, alpha1=0,0110, k=2; Go to step 4!
[11.11.2015 22:16:27] Step 4: alphak=0,0210
[11.11.2015 22:16:27] Step 5: h > 0; a=alpha(k-1)=0,0110
[11.11.2015 22:16:27] k = k + 1 = 3; Go to step 4!
[11.11.2015 22:16:27] Step 4: alphak=0,0410
[11.11.2015 22:16:27] Step 5: h > 0; a=alpha(k-1)=0,0210
[11.11.2015 22:16:27] k = k + 1 = 4; Go to step 4!
[11.11.2015 22:16:27] Step 4: alphak=0,0810
[11.11.2015 22:16:27] Step 5: h > 0; a=alpha(k-1)=0,0410
[11.11.2015 22:16:27] k = k + 1 = 5; Go to step 4!
[11.11.2015 22:16:27] Step 4: alphak=0,1610
[11.11.2015 22:16:27] Step 5: h > 0; a=alpha(k-1)=0,0810
[11.11.2015 22:16:27] k = k + 1 = 6; Go to step 4!
[11.11.2015 22:16:27] Step 4: alphak=0,3210
[11.11.2015 22:16:27] Step 5: h > 0; b=alphak=0,3210
[11.11.2015 22:16:27] Step 6: Interval is: [0,0810 ; 0,3210]
[11.11.2015 22:16:27] Dichotomy method has been started!
[11.11.2015 22:16:27] Counting: delta = eps / 10 = 0,001
[11.11.2015 22:16:27] Step 1: counting alpha_1 = 0,2000, alpha_2 = 0,2020
[11.11.2015 22:16:27] Step 3: f(0,2000) = 231,3632 <= f(0,2020) = 244,7253; b = alpha_2 = 0,2020.
[11.11.2015 22:16:27] Iter 0: Answer is in the range: [0,0810; 0,2020]
[11.11.2015 22:16:27] Step 1: counting alpha_1 = 0,1405, alpha_2 = 0,1425
[11.11.2015 22:16:27] Step 3: f(0,1405) = 36,7629 <= f(0,1425) = 38,3565; b = alpha_2 = 0,1425.
[11.11.2015 22:16:27] Iter 1: Answer is in the range: [0,0810; 0,1425]
[11.11.2015 22:16:27] Step 1: counting alpha_1 = 0,1108, alpha_2 = 0,1128
[11.11.2015 22:16:27] Step 3: f(0,1108) = 38,1760 > f(0,1128) = 36,8697; a = alpha_1 = 0,1108.
[11.11.2015 22:16:27] Iter 2: Answer is in the range: [0,1108; 0,1425]
[11.11.2015 22:16:27] Step 1: counting alpha_1 = 0,1256, alpha_2 = 0,1276
[11.11.2015 22:16:27] Step 3: f(0,1256) = 32,1969 > f(0,1276) = 32,1278; a = alpha_1 = 0,1256.
[11.11.2015 22:16:27] Step 4: (b-a)/2 = 0,0084 < eps = 0,0100; STOP SEARCHING!
[11.11.2015 22:16:27] Iter 3: Answer is in the range: [0,1256; 0,1425]
[11.11.2015 22:16:27] Step 5: alpha_end = (a+b)/2; Minimum x* is: 0,1341
[11.11.2015 22:16:27] Step 9: Quasi-Newton matrix: 

[11.11.2015 22:16:27] Step 10: New local search point (0,000;0,000)
[11.11.2015 22:16:27] Step 11: Iteration end.
[11.11.2015 22:16:27] Step 2: ITERATION number 24
[11.11.2015 22:16:27] Step 5: Sk = 
[11.11.2015 22:16:27] Step 6: Yk = 
[11.11.2015 22:16:27] Step 7: Quasi-Newton matrix: 

[11.11.2015 22:16:27] Step 8: Search vector: (0,000;0,000)
[11.11.2015 22:16:27] DSK method started!
[11.11.2015 22:16:27] Step 1: f(alpha)=169,3096, f(alpha + h)=161,2941; k=0;
[11.11.2015 22:16:27] Step 2: a=0,0010, alpha1=0,0110, k=2; Go to step 4!
[11.11.2015 22:16:27] Step 4: alphak=0,0210
[11.11.2015 22:16:27] Step 5: h > 0; a=alpha(k-1)=0,0110
[11.11.2015 22:16:27] k = k + 1 = 3; Go to step 4!
[11.11.2015 22:16:27] Step 4: alphak=0,0410
[11.11.2015 22:16:27] Step 5: h > 0; a=alpha(k-1)=0,0210
[11.11.2015 22:16:27] k = k + 1 = 4; Go to step 4!
[11.11.2015 22:16:27] Step 4: alphak=0,0810
[11.11.2015 22:16:27] Step 5: h > 0; a=alpha(k-1)=0,0410
[11.11.2015 22:16:27] k = k + 1 = 5; Go to step 4!
[11.11.2015 22:16:27] Step 4: alphak=0,1610
[11.11.2015 22:16:27] Step 5: h > 0; a=alpha(k-1)=0,0810
[11.11.2015 22:16:27] k = k + 1 = 6; Go to step 4!
[11.11.2015 22:16:27] Step 4: alphak=0,3210
[11.11.2015 22:16:27] Step 5: h > 0; b=alphak=0,3210
[11.11.2015 22:16:27] Step 6: Interval is: [0,0810 ; 0,3210]
[11.11.2015 22:16:27] Dichotomy method has been started!
[11.11.2015 22:16:27] Counting: delta = eps / 10 = 0,001
[11.11.2015 22:16:27] Step 1: counting alpha_1 = 0,2000, alpha_2 = 0,2020
[11.11.2015 22:16:28] Step 3: f(0,2000) = 231,3632 <= f(0,2020) = 244,7253; b = alpha_2 = 0,2020.
[11.11.2015 22:16:28] Iter 0: Answer is in the range: [0,0810; 0,2020]
[11.11.2015 22:16:28] Step 1: counting alpha_1 = 0,1405, alpha_2 = 0,1425
[11.11.2015 22:16:28] Step 3: f(0,1405) = 36,7629 <= f(0,1425) = 38,3565; b = alpha_2 = 0,1425.
[11.11.2015 22:16:28] Iter 1: Answer is in the range: [0,0810; 0,1425]
[11.11.2015 22:16:28] Step 1: counting alpha_1 = 0,1108, alpha_2 = 0,1128
[11.11.2015 22:16:28] Step 3: f(0,1108) = 38,1760 > f(0,1128) = 36,8697; a = alpha_1 = 0,1108.
[11.11.2015 22:16:28] Iter 2: Answer is in the range: [0,1108; 0,1425]
[11.11.2015 22:16:28] Step 1: counting alpha_1 = 0,1256, alpha_2 = 0,1276
[11.11.2015 22:16:28] Step 3: f(0,1256) = 32,1969 > f(0,1276) = 32,1278; a = alpha_1 = 0,1256.
[11.11.2015 22:16:28] Step 4: (b-a)/2 = 0,0084 < eps = 0,0100; STOP SEARCHING!
[11.11.2015 22:16:28] Iter 3: Answer is in the range: [0,1256; 0,1425]
[11.11.2015 22:16:28] Step 5: alpha_end = (a+b)/2; Minimum x* is: 0,1341
[11.11.2015 22:16:28] Step 9: Quasi-Newton matrix: 

[11.11.2015 22:16:28] Step 10: New local search point (0,000;0,000)
[11.11.2015 22:16:28] Step 11: Iteration end.
[11.11.2015 22:16:28] Step 2: ITERATION number 25
[11.11.2015 22:16:28] Step 5: Sk = 
[11.11.2015 22:16:28] Step 6: Yk = 
[11.11.2015 22:16:28] Step 7: Quasi-Newton matrix: 

[11.11.2015 22:16:28] Step 8: Search vector: (0,000;0,000)
[11.11.2015 22:16:28] DSK method started!
[11.11.2015 22:16:28] Step 1: f(alpha)=169,3096, f(alpha + h)=161,2941; k=0;
[11.11.2015 22:16:28] Step 2: a=0,0010, alpha1=0,0110, k=2; Go to step 4!
[11.11.2015 22:16:28] Step 4: alphak=0,0210
[11.11.2015 22:16:28] Step 5: h > 0; a=alpha(k-1)=0,0110
[11.11.2015 22:16:28] k = k + 1 = 3; Go to step 4!
[11.11.2015 22:16:28] Step 4: alphak=0,0410
[11.11.2015 22:16:28] Step 5: h > 0; a=alpha(k-1)=0,0210
[11.11.2015 22:16:28] k = k + 1 = 4; Go to step 4!
[11.11.2015 22:16:28] Step 4: alphak=0,0810
[11.11.2015 22:16:28] Step 5: h > 0; a=alpha(k-1)=0,0410
[11.11.2015 22:16:28] k = k + 1 = 5; Go to step 4!
[11.11.2015 22:16:28] Step 4: alphak=0,1610
[11.11.2015 22:16:28] Step 5: h > 0; a=alpha(k-1)=0,0810
[11.11.2015 22:16:28] k = k + 1 = 6; Go to step 4!
[11.11.2015 22:16:28] Step 4: alphak=0,3210
[11.11.2015 22:16:28] Step 5: h > 0; b=alphak=0,3210
[11.11.2015 22:16:28] Step 6: Interval is: [0,0810 ; 0,3210]
[11.11.2015 22:16:28] Dichotomy method has been started!
[11.11.2015 22:16:28] Counting: delta = eps / 10 = 0,001
[11.11.2015 22:16:28] Step 1: counting alpha_1 = 0,2000, alpha_2 = 0,2020
[11.11.2015 22:16:28] Step 3: f(0,2000) = 231,3632 <= f(0,2020) = 244,7253; b = alpha_2 = 0,2020.
[11.11.2015 22:16:28] Iter 0: Answer is in the range: [0,0810; 0,2020]
[11.11.2015 22:16:28] Step 1: counting alpha_1 = 0,1405, alpha_2 = 0,1425
[11.11.2015 22:16:28] Step 3: f(0,1405) = 36,7629 <= f(0,1425) = 38,3565; b = alpha_2 = 0,1425.
[11.11.2015 22:16:28] Iter 1: Answer is in the range: [0,0810; 0,1425]
[11.11.2015 22:16:28] Step 1: counting alpha_1 = 0,1108, alpha_2 = 0,1128
[11.11.2015 22:16:28] Step 3: f(0,1108) = 38,1760 > f(0,1128) = 36,8697; a = alpha_1 = 0,1108.
[11.11.2015 22:16:28] Iter 2: Answer is in the range: [0,1108; 0,1425]
[11.11.2015 22:16:28] Step 1: counting alpha_1 = 0,1256, alpha_2 = 0,1276
[11.11.2015 22:16:28] Step 3: f(0,1256) = 32,1969 > f(0,1276) = 32,1278; a = alpha_1 = 0,1256.
[11.11.2015 22:16:28] Step 4: (b-a)/2 = 0,0084 < eps = 0,0100; STOP SEARCHING!
[11.11.2015 22:16:28] Iter 3: Answer is in the range: [0,1256; 0,1425]
[11.11.2015 22:16:28] Step 5: alpha_end = (a+b)/2; Minimum x* is: 0,1341
[11.11.2015 22:16:28] Step 9: Quasi-Newton matrix: 

[11.11.2015 22:16:28] Step 10: New local search point (0,000;0,000)
[11.11.2015 22:16:28] Step 11: Iteration end.
[11.11.2015 22:16:28] Step 2: ITERATION number 26
[11.11.2015 22:16:28] Step 5: Sk = 
[11.11.2015 22:16:28] Step 6: Yk = 
[11.11.2015 22:16:28] Step 7: Quasi-Newton matrix: 

[11.11.2015 22:16:28] Step 8: Search vector: (0,000;0,000)
[11.11.2015 22:16:28] DSK method started!
[11.11.2015 22:16:28] Step 1: f(alpha)=169,3096, f(alpha + h)=161,2941; k=0;
[11.11.2015 22:16:28] Step 2: a=0,0010, alpha1=0,0110, k=2; Go to step 4!
[11.11.2015 22:16:28] Step 4: alphak=0,0210
[11.11.2015 22:16:28] Step 5: h > 0; a=alpha(k-1)=0,0110
[11.11.2015 22:16:28] k = k + 1 = 3; Go to step 4!
[11.11.2015 22:16:28] Step 4: alphak=0,0410
[11.11.2015 22:16:28] Step 5: h > 0; a=alpha(k-1)=0,0210
[11.11.2015 22:16:28] k = k + 1 = 4; Go to step 4!
[11.11.2015 22:16:28] Step 4: alphak=0,0810
[11.11.2015 22:16:28] Step 5: h > 0; a=alpha(k-1)=0,0410
[11.11.2015 22:16:28] k = k + 1 = 5; Go to step 4!
[11.11.2015 22:16:28] Step 4: alphak=0,1610
[11.11.2015 22:16:28] Step 5: h > 0; a=alpha(k-1)=0,0810
[11.11.2015 22:16:28] k = k + 1 = 6; Go to step 4!
[11.11.2015 22:16:28] Step 4: alphak=0,3210
[11.11.2015 22:16:28] Step 5: h > 0; b=alphak=0,3210
[11.11.2015 22:16:28] Step 6: Interval is: [0,0810 ; 0,3210]
[11.11.2015 22:16:28] Dichotomy method has been started!
[11.11.2015 22:16:28] Counting: delta = eps / 10 = 0,001
[11.11.2015 22:16:28] Step 1: counting alpha_1 = 0,2000, alpha_2 = 0,2020
[11.11.2015 22:16:28] Step 3: f(0,2000) = 231,3632 <= f(0,2020) = 244,7253; b = alpha_2 = 0,2020.
[11.11.2015 22:16:28] Iter 0: Answer is in the range: [0,0810; 0,2020]
[11.11.2015 22:16:28] Step 1: counting alpha_1 = 0,1405, alpha_2 = 0,1425
[11.11.2015 22:16:28] Step 3: f(0,1405) = 36,7629 <= f(0,1425) = 38,3565; b = alpha_2 = 0,1425.
[11.11.2015 22:16:28] Iter 1: Answer is in the range: [0,0810; 0,1425]
[11.11.2015 22:16:28] Step 1: counting alpha_1 = 0,1108, alpha_2 = 0,1128
[11.11.2015 22:16:29] Step 3: f(0,1108) = 38,1760 > f(0,1128) = 36,8697; a = alpha_1 = 0,1108.
[11.11.2015 22:16:29] Iter 2: Answer is in the range: [0,1108; 0,1425]
[11.11.2015 22:16:29] Step 1: counting alpha_1 = 0,1256, alpha_2 = 0,1276
[11.11.2015 22:16:29] Step 3: f(0,1256) = 32,1969 > f(0,1276) = 32,1278; a = alpha_1 = 0,1256.
[11.11.2015 22:16:29] Step 4: (b-a)/2 = 0,0084 < eps = 0,0100; STOP SEARCHING!
[11.11.2015 22:16:29] Iter 3: Answer is in the range: [0,1256; 0,1425]
[11.11.2015 22:16:29] Step 5: alpha_end = (a+b)/2; Minimum x* is: 0,1341
[11.11.2015 22:16:29] Step 9: Quasi-Newton matrix: 

[11.11.2015 22:16:29] Step 10: New local search point (0,000;0,000)
[11.11.2015 22:16:29] Step 11: Iteration end.
[11.11.2015 22:16:29] Step 2: ITERATION number 27
[11.11.2015 22:16:29] Step 5: Sk = 
[11.11.2015 22:16:29] Step 6: Yk = 
[11.11.2015 22:16:29] Step 7: Quasi-Newton matrix: 

[11.11.2015 22:16:29] Step 8: Search vector: (0,000;0,000)
[11.11.2015 22:16:29] DSK method started!
[11.11.2015 22:16:29] Step 1: f(alpha)=169,3096, f(alpha + h)=161,2941; k=0;
[11.11.2015 22:16:29] Step 2: a=0,0010, alpha1=0,0110, k=2; Go to step 4!
[11.11.2015 22:16:29] Step 4: alphak=0,0210
[11.11.2015 22:16:29] Step 5: h > 0; a=alpha(k-1)=0,0110
[11.11.2015 22:16:29] k = k + 1 = 3; Go to step 4!
[11.11.2015 22:16:29] Step 4: alphak=0,0410
[11.11.2015 22:16:29] Step 5: h > 0; a=alpha(k-1)=0,0210
[11.11.2015 22:16:29] k = k + 1 = 4; Go to step 4!
[11.11.2015 22:16:29] Step 4: alphak=0,0810
[11.11.2015 22:16:29] Step 5: h > 0; a=alpha(k-1)=0,0410
[11.11.2015 22:16:29] k = k + 1 = 5; Go to step 4!
[11.11.2015 22:16:29] Step 4: alphak=0,1610
[11.11.2015 22:16:29] Step 5: h > 0; a=alpha(k-1)=0,0810
[11.11.2015 22:16:29] k = k + 1 = 6; Go to step 4!
[11.11.2015 22:16:29] Step 4: alphak=0,3210
[11.11.2015 22:16:29] Step 5: h > 0; b=alphak=0,3210
[11.11.2015 22:16:29] Step 6: Interval is: [0,0810 ; 0,3210]
[11.11.2015 22:16:29] Dichotomy method has been started!
[11.11.2015 22:16:29] Counting: delta = eps / 10 = 0,001
[11.11.2015 22:16:29] Step 1: counting alpha_1 = 0,2000, alpha_2 = 0,2020
[11.11.2015 22:16:29] Step 3: f(0,2000) = 231,3632 <= f(0,2020) = 244,7253; b = alpha_2 = 0,2020.
[11.11.2015 22:16:29] Iter 0: Answer is in the range: [0,0810; 0,2020]
[11.11.2015 22:16:29] Step 1: counting alpha_1 = 0,1405, alpha_2 = 0,1425
[11.11.2015 22:16:29] Step 3: f(0,1405) = 36,7629 <= f(0,1425) = 38,3565; b = alpha_2 = 0,1425.
[11.11.2015 22:16:29] Iter 1: Answer is in the range: [0,0810; 0,1425]
[11.11.2015 22:16:29] Step 1: counting alpha_1 = 0,1108, alpha_2 = 0,1128
[11.11.2015 22:16:29] Step 3: f(0,1108) = 38,1760 > f(0,1128) = 36,8697; a = alpha_1 = 0,1108.
[11.11.2015 22:16:29] Iter 2: Answer is in the range: [0,1108; 0,1425]
[11.11.2015 22:16:29] Step 1: counting alpha_1 = 0,1256, alpha_2 = 0,1276
[11.11.2015 22:16:29] Step 3: f(0,1256) = 32,1969 > f(0,1276) = 32,1278; a = alpha_1 = 0,1256.
[11.11.2015 22:16:29] Step 4: (b-a)/2 = 0,0084 < eps = 0,0100; STOP SEARCHING!
[11.11.2015 22:16:29] Iter 3: Answer is in the range: [0,1256; 0,1425]
[11.11.2015 22:16:29] Step 5: alpha_end = (a+b)/2; Minimum x* is: 0,1341
[11.11.2015 22:16:29] Step 9: Quasi-Newton matrix: 

[11.11.2015 22:16:29] Step 10: New local search point (0,000;0,000)
[11.11.2015 22:16:29] Step 11: Iteration end.
[11.11.2015 22:16:29] Step 2: ITERATION number 28
[11.11.2015 22:16:29] Step 5: Sk = 
[11.11.2015 22:16:29] Step 6: Yk = 
[11.11.2015 22:16:29] Step 7: Quasi-Newton matrix: 

[11.11.2015 22:16:29] Step 8: Search vector: (0,000;0,000)
[11.11.2015 22:16:29] DSK method started!
[11.11.2015 22:16:29] Step 1: f(alpha)=169,3096, f(alpha + h)=161,2941; k=0;
[11.11.2015 22:16:29] Step 2: a=0,0010, alpha1=0,0110, k=2; Go to step 4!
[11.11.2015 22:16:29] Step 4: alphak=0,0210
[11.11.2015 22:16:29] Step 5: h > 0; a=alpha(k-1)=0,0110
[11.11.2015 22:16:29] k = k + 1 = 3; Go to step 4!
[11.11.2015 22:16:29] Step 4: alphak=0,0410
[11.11.2015 22:16:29] Step 5: h > 0; a=alpha(k-1)=0,0210
[11.11.2015 22:16:29] k = k + 1 = 4; Go to step 4!
[11.11.2015 22:16:29] Step 4: alphak=0,0810
[11.11.2015 22:16:29] Step 5: h > 0; a=alpha(k-1)=0,0410
[11.11.2015 22:16:29] k = k + 1 = 5; Go to step 4!
[11.11.2015 22:16:29] Step 4: alphak=0,1610
[11.11.2015 22:16:29] Step 5: h > 0; a=alpha(k-1)=0,0810
[11.11.2015 22:16:29] k = k + 1 = 6; Go to step 4!
[11.11.2015 22:16:29] Step 4: alphak=0,3210
[11.11.2015 22:16:29] Step 5: h > 0; b=alphak=0,3210
[11.11.2015 22:16:29] Step 6: Interval is: [0,0810 ; 0,3210]
[11.11.2015 22:16:29] Dichotomy method has been started!
[11.11.2015 22:16:29] Counting: delta = eps / 10 = 0,001
[11.11.2015 22:16:29] Step 1: counting alpha_1 = 0,2000, alpha_2 = 0,2020
[11.11.2015 22:16:29] Step 3: f(0,2000) = 231,3632 <= f(0,2020) = 244,7253; b = alpha_2 = 0,2020.
[11.11.2015 22:16:29] Iter 0: Answer is in the range: [0,0810; 0,2020]
[11.11.2015 22:16:29] Step 1: counting alpha_1 = 0,1405, alpha_2 = 0,1425
[11.11.2015 22:16:29] Step 3: f(0,1405) = 36,7629 <= f(0,1425) = 38,3565; b = alpha_2 = 0,1425.
[11.11.2015 22:16:29] Iter 1: Answer is in the range: [0,0810; 0,1425]
[11.11.2015 22:16:29] Step 1: counting alpha_1 = 0,1108, alpha_2 = 0,1128
[11.11.2015 22:16:29] Step 3: f(0,1108) = 38,1760 > f(0,1128) = 36,8697; a = alpha_1 = 0,1108.
[11.11.2015 22:16:29] Iter 2: Answer is in the range: [0,1108; 0,1425]
[11.11.2015 22:16:29] Step 1: counting alpha_1 = 0,1256, alpha_2 = 0,1276
[11.11.2015 22:16:29] Step 3: f(0,1256) = 32,1969 > f(0,1276) = 32,1278; a = alpha_1 = 0,1256.
[11.11.2015 22:16:29] Step 4: (b-a)/2 = 0,0084 < eps = 0,0100; STOP SEARCHING!
[11.11.2015 22:16:29] Iter 3: Answer is in the range: [0,1256; 0,1425]
[11.11.2015 22:16:30] Step 5: alpha_end = (a+b)/2; Minimum x* is: 0,1341
[11.11.2015 22:16:30] Step 9: Quasi-Newton matrix: 

[11.11.2015 22:16:30] Step 10: New local search point (0,000;0,000)
[11.11.2015 22:16:30] Step 11: Iteration end.
[11.11.2015 22:16:30] Step 2: ITERATION number 29
[11.11.2015 22:16:30] Step 5: Sk = 
[11.11.2015 22:16:30] Step 6: Yk = 
[11.11.2015 22:16:30] Step 7: Quasi-Newton matrix: 

[11.11.2015 22:16:30] Step 8: Search vector: (0,000;0,000)
[11.11.2015 22:16:30] DSK method started!
[11.11.2015 22:16:30] Step 1: f(alpha)=169,3096, f(alpha + h)=161,2941; k=0;
[11.11.2015 22:16:30] Step 2: a=0,0010, alpha1=0,0110, k=2; Go to step 4!
[11.11.2015 22:16:30] Step 4: alphak=0,0210
[11.11.2015 22:16:30] Step 5: h > 0; a=alpha(k-1)=0,0110
[11.11.2015 22:16:30] k = k + 1 = 3; Go to step 4!
[11.11.2015 22:16:30] Step 4: alphak=0,0410
[11.11.2015 22:16:30] Step 5: h > 0; a=alpha(k-1)=0,0210
[11.11.2015 22:16:30] k = k + 1 = 4; Go to step 4!
[11.11.2015 22:16:30] Step 4: alphak=0,0810
[11.11.2015 22:16:30] Step 5: h > 0; a=alpha(k-1)=0,0410
[11.11.2015 22:16:30] k = k + 1 = 5; Go to step 4!
[11.11.2015 22:16:30] Step 4: alphak=0,1610
[11.11.2015 22:16:30] Step 5: h > 0; a=alpha(k-1)=0,0810
[11.11.2015 22:16:30] k = k + 1 = 6; Go to step 4!
[11.11.2015 22:16:30] Step 4: alphak=0,3210
[11.11.2015 22:16:30] Step 5: h > 0; b=alphak=0,3210
[11.11.2015 22:16:30] Step 6: Interval is: [0,0810 ; 0,3210]
[11.11.2015 22:16:30] Dichotomy method has been started!
[11.11.2015 22:16:30] Counting: delta = eps / 10 = 0,001
[11.11.2015 22:16:30] Step 1: counting alpha_1 = 0,2000, alpha_2 = 0,2020
[11.11.2015 22:16:30] Step 3: f(0,2000) = 231,3632 <= f(0,2020) = 244,7253; b = alpha_2 = 0,2020.
[11.11.2015 22:16:30] Iter 0: Answer is in the range: [0,0810; 0,2020]
[11.11.2015 22:16:30] Step 1: counting alpha_1 = 0,1405, alpha_2 = 0,1425
[11.11.2015 22:16:30] Step 3: f(0,1405) = 36,7629 <= f(0,1425) = 38,3565; b = alpha_2 = 0,1425.
[11.11.2015 22:16:30] Iter 1: Answer is in the range: [0,0810; 0,1425]
[11.11.2015 22:16:30] Step 1: counting alpha_1 = 0,1108, alpha_2 = 0,1128
[11.11.2015 22:16:30] Step 3: f(0,1108) = 38,1760 > f(0,1128) = 36,8697; a = alpha_1 = 0,1108.
[11.11.2015 22:16:30] Iter 2: Answer is in the range: [0,1108; 0,1425]
[11.11.2015 22:16:30] Step 1: counting alpha_1 = 0,1256, alpha_2 = 0,1276
[11.11.2015 22:16:30] Step 3: f(0,1256) = 32,1969 > f(0,1276) = 32,1278; a = alpha_1 = 0,1256.
[11.11.2015 22:16:30] Step 4: (b-a)/2 = 0,0084 < eps = 0,0100; STOP SEARCHING!
[11.11.2015 22:16:30] Iter 3: Answer is in the range: [0,1256; 0,1425]
[11.11.2015 22:16:30] Step 5: alpha_end = (a+b)/2; Minimum x* is: 0,1341
[11.11.2015 22:16:30] Step 9: Quasi-Newton matrix: 

[11.11.2015 22:16:30] Step 10: New local search point (0,000;0,000)
[11.11.2015 22:16:30] Step 11: Iteration end.
[11.11.2015 22:16:30] Step 2: ITERATION number 30
[11.11.2015 22:16:30] Step 5: Sk = 
[11.11.2015 22:16:30] Step 6: Yk = 
[11.11.2015 22:16:30] Step 7: Quasi-Newton matrix: 

[11.11.2015 22:16:30] Step 8: Search vector: (0,000;0,000)
[11.11.2015 22:16:30] DSK method started!
[11.11.2015 22:16:30] Step 1: f(alpha)=169,3096, f(alpha + h)=161,2941; k=0;
[11.11.2015 22:16:30] Step 2: a=0,0010, alpha1=0,0110, k=2; Go to step 4!
[11.11.2015 22:16:30] Step 4: alphak=0,0210
[11.11.2015 22:16:30] Step 5: h > 0; a=alpha(k-1)=0,0110
[11.11.2015 22:16:30] k = k + 1 = 3; Go to step 4!
[11.11.2015 22:16:30] Step 4: alphak=0,0410
[11.11.2015 22:16:30] Step 5: h > 0; a=alpha(k-1)=0,0210
[11.11.2015 22:16:30] k = k + 1 = 4; Go to step 4!
[11.11.2015 22:16:30] Step 4: alphak=0,0810
[11.11.2015 22:16:30] Step 5: h > 0; a=alpha(k-1)=0,0410
[11.11.2015 22:16:30] k = k + 1 = 5; Go to step 4!
[11.11.2015 22:16:30] Step 4: alphak=0,1610
[11.11.2015 22:16:30] Step 5: h > 0; a=alpha(k-1)=0,0810
[11.11.2015 22:16:30] k = k + 1 = 6; Go to step 4!
[11.11.2015 22:16:30] Step 4: alphak=0,3210
[11.11.2015 22:16:30] Step 5: h > 0; b=alphak=0,3210
[11.11.2015 22:16:30] Step 6: Interval is: [0,0810 ; 0,3210]
[11.11.2015 22:16:30] Dichotomy method has been started!
[11.11.2015 22:16:30] Counting: delta = eps / 10 = 0,001
[11.11.2015 22:16:30] Step 1: counting alpha_1 = 0,2000, alpha_2 = 0,2020
[11.11.2015 22:16:30] Step 3: f(0,2000) = 231,3632 <= f(0,2020) = 244,7253; b = alpha_2 = 0,2020.
[11.11.2015 22:16:30] Iter 0: Answer is in the range: [0,0810; 0,2020]
[11.11.2015 22:16:30] Step 1: counting alpha_1 = 0,1405, alpha_2 = 0,1425
[11.11.2015 22:16:30] Step 3: f(0,1405) = 36,7629 <= f(0,1425) = 38,3565; b = alpha_2 = 0,1425.
[11.11.2015 22:16:30] Iter 1: Answer is in the range: [0,0810; 0,1425]
[11.11.2015 22:16:30] Step 1: counting alpha_1 = 0,1108, alpha_2 = 0,1128
[11.11.2015 22:16:30] Step 3: f(0,1108) = 38,1760 > f(0,1128) = 36,8697; a = alpha_1 = 0,1108.
[11.11.2015 22:16:30] Iter 2: Answer is in the range: [0,1108; 0,1425]
[11.11.2015 22:16:31] Step 1: counting alpha_1 = 0,1256, alpha_2 = 0,1276
[11.11.2015 22:16:31] Step 3: f(0,1256) = 32,1969 > f(0,1276) = 32,1278; a = alpha_1 = 0,1256.
[11.11.2015 22:16:31] Step 4: (b-a)/2 = 0,0084 < eps = 0,0100; STOP SEARCHING!
[11.11.2015 22:16:31] Iter 3: Answer is in the range: [0,1256; 0,1425]
[11.11.2015 22:16:31] Step 5: alpha_end = (a+b)/2; Minimum x* is: 0,1341
[11.11.2015 22:16:31] Step 9: Quasi-Newton matrix: 

[11.11.2015 22:16:31] Step 10: New local search point (0,000;0,000)
[11.11.2015 22:16:31] Step 11: Iteration end.
[11.11.2015 22:16:31] Step 2: ITERATION number 31
[11.11.2015 22:16:31] Step 5: Sk = 
[11.11.2015 22:16:31] Step 6: Yk = 
[11.11.2015 22:16:31] Step 7: Quasi-Newton matrix: 

[11.11.2015 22:16:31] Step 8: Search vector: (0,000;0,000)
[11.11.2015 22:16:31] DSK method started!
[11.11.2015 22:16:31] Step 1: f(alpha)=169,3096, f(alpha + h)=161,2941; k=0;
[11.11.2015 22:16:31] Step 2: a=0,0010, alpha1=0,0110, k=2; Go to step 4!
[11.11.2015 22:16:31] Step 4: alphak=0,0210
[11.11.2015 22:16:31] Step 5: h > 0; a=alpha(k-1)=0,0110
[11.11.2015 22:16:31] k = k + 1 = 3; Go to step 4!
[11.11.2015 22:16:31] Step 4: alphak=0,0410
[11.11.2015 22:16:31] Step 5: h > 0; a=alpha(k-1)=0,0210
[11.11.2015 22:16:31] k = k + 1 = 4; Go to step 4!
[11.11.2015 22:16:31] Step 4: alphak=0,0810
[11.11.2015 22:16:31] Step 5: h > 0; a=alpha(k-1)=0,0410
[11.11.2015 22:16:31] k = k + 1 = 5; Go to step 4!
[11.11.2015 22:16:31] Step 4: alphak=0,1610
[11.11.2015 22:16:31] Step 5: h > 0; a=alpha(k-1)=0,0810
[11.11.2015 22:16:31] k = k + 1 = 6; Go to step 4!
[11.11.2015 22:16:31] Step 4: alphak=0,3210
[11.11.2015 22:16:31] Step 5: h > 0; b=alphak=0,3210
[11.11.2015 22:16:31] Step 6: Interval is: [0,0810 ; 0,3210]
[11.11.2015 22:16:31] Dichotomy method has been started!
[11.11.2015 22:16:31] Counting: delta = eps / 10 = 0,001
[11.11.2015 22:16:31] Step 1: counting alpha_1 = 0,2000, alpha_2 = 0,2020
[11.11.2015 22:16:31] Step 3: f(0,2000) = 231,3632 <= f(0,2020) = 244,7253; b = alpha_2 = 0,2020.
[11.11.2015 22:16:31] Iter 0: Answer is in the range: [0,0810; 0,2020]
[11.11.2015 22:16:31] Step 1: counting alpha_1 = 0,1405, alpha_2 = 0,1425
[11.11.2015 22:16:31] Step 3: f(0,1405) = 36,7629 <= f(0,1425) = 38,3565; b = alpha_2 = 0,1425.
[11.11.2015 22:16:31] Iter 1: Answer is in the range: [0,0810; 0,1425]
[11.11.2015 22:16:31] Step 1: counting alpha_1 = 0,1108, alpha_2 = 0,1128
[11.11.2015 22:16:31] Step 3: f(0,1108) = 38,1760 > f(0,1128) = 36,8697; a = alpha_1 = 0,1108.
[11.11.2015 22:16:31] Iter 2: Answer is in the range: [0,1108; 0,1425]
[11.11.2015 22:16:31] Step 1: counting alpha_1 = 0,1256, alpha_2 = 0,1276
[11.11.2015 22:16:31] Step 3: f(0,1256) = 32,1969 > f(0,1276) = 32,1278; a = alpha_1 = 0,1256.
