[11.11.2015 23:23:18] DFP method started
[11.11.2015 23:23:19] Input data. Start point DenseMatrix 2x1-Double
0
0
, epsilon 0,01000
[11.11.2015 23:23:19] Step 1: K = 0
[11.11.2015 23:23:19] Step 2: ITERATION number 0
[11.11.2015 23:23:19] Step 4: K==0, go to step 8.
[11.11.2015 23:23:19] Step 8: Search vector: DenseMatrix 2x1-Double
14
22

[11.11.2015 23:23:19] DSK method started!
[11.11.2015 23:23:19] Step 1: f(alpha)=168,9268, f(alpha + h)=160,8038; k=0;
[11.11.2015 23:23:19] Step 2: a=0,0015, alpha1=0,0115, k=2; Go to step 4!
[11.11.2015 23:23:19] Step 4: alphak=0,0215
[11.11.2015 23:23:19] Step 5: h > 0; a=alpha(k-1)=0,0115
[11.11.2015 23:23:19] k = k + 1 = 3; Go to step 4!
[11.11.2015 23:23:19] Step 4: alphak=0,0415
[11.11.2015 23:23:19] Step 5: h > 0; a=alpha(k-1)=0,0215
[11.11.2015 23:23:19] k = k + 1 = 4; Go to step 4!
[11.11.2015 23:23:19] Step 4: alphak=0,0815
[11.11.2015 23:23:19] Step 5: h > 0; a=alpha(k-1)=0,0415
[11.11.2015 23:23:20] k = k + 1 = 5; Go to step 4!
[11.11.2015 23:23:20] Step 4: alphak=0,1615
[11.11.2015 23:23:20] Step 5: h > 0; a=alpha(k-1)=0,0815
[11.11.2015 23:23:20] k = k + 1 = 6; Go to step 4!
[11.11.2015 23:23:20] Step 4: alphak=0,3215
[11.11.2015 23:23:20] Step 5: h > 0; b=alphak=0,3215
[11.11.2015 23:23:20] Step 6: Interval is: [0,0815 ; 0,3215]
[11.11.2015 23:23:20] Dichotomy method has been started!
[11.11.2015 23:23:20] Counting: delta = eps / 10 = 0,001
[11.11.2015 23:23:20] Step 1: counting alpha_1 = 0,2005, alpha_2 = 0,2025
[11.11.2015 23:23:20] Step 3: f(0,2005) = 234,9298 <= f(0,2025) = 248,4421; b = alpha_2 = 0,2025.
[11.11.2015 23:23:20] Iter 0: Answer is in the range: [0,0815; 0,2025]
[11.11.2015 23:23:20] Step 1: counting alpha_1 = 0,1410, alpha_2 = 0,1430
[11.11.2015 23:23:20] Step 3: f(0,1410) = 37,1697 <= f(0,1430) = 38,8326; b = alpha_2 = 0,1430.
[11.11.2015 23:23:20] Iter 1: Answer is in the range: [0,0815; 0,1430]
[11.11.2015 23:23:20] Step 1: counting alpha_1 = 0,1113, alpha_2 = 0,1133
[11.11.2015 23:23:20] Step 3: f(0,1113) = 37,8083 > f(0,1133) = 36,5401; a = alpha_1 = 0,1113.
[11.11.2015 23:23:20] Iter 2: Answer is in the range: [0,1113; 0,1430]
[11.11.2015 23:23:20] Step 1: counting alpha_1 = 0,1262, alpha_2 = 0,1282
[11.11.2015 23:23:20] Step 3: f(0,1262) = 32,1590 > f(0,1282) = 32,1428; a = alpha_1 = 0,1262.
[11.11.2015 23:23:20] Step 4: (b-a)/2 = 0,0084 < eps = 0,0100; STOP SEARCHING!
[11.11.2015 23:23:20] Iter 3: Answer is in the range: [0,1262; 0,1430]
[11.11.2015 23:23:20] Step 5: alpha_end = (a+b)/2; Minimum x* is: 0,1346
[11.11.2015 23:23:20] Step 9: New alpha 
[11.11.2015 23:23:20] Step 10: New local search point DenseMatrix 2x1-Double
1,88446
 2,9613

[11.11.2015 23:23:20] Step 11: Iteration end.
[11.11.2015 23:23:20] Step 2: ITERATION number 1
[11.11.2015 23:23:20] Step 5: Sk = DenseMatrix 2x1-Double
1,88446
 2,9613

[11.11.2015 23:23:20] Step 6: Yk = DenseMatrix 2x1-Double
-12,4845
 56,3581

