[23.11.2015 19:34:59] Optimal gradient method started!
[23.11.2015 19:34:59] 	Data input:
(x1; x2) = (0,000; 0,000),
Alpha = 0,010,
eps = 0,010;
[23.11.2015 19:34:59] ITER 0:
[23.11.2015 19:34:59] Step 1: k = 0;
[23.11.2015 19:34:59] Step 2: gradient is (-14,000, -22,000);
[23.11.2015 19:34:59] DSK method started!
[23.11.2015 19:34:59] Step 1: f(alpha)=162,1841, f(alpha + h)=161,2941; k=0;
[23.11.2015 19:34:59] Step 2: a=0,0100, alpha1=0,0110, k=2; Go to step 4!
[23.11.2015 19:34:59] Step 4: alphak=0,0120
[23.11.2015 19:34:59] Step 5: h > 0; a=alpha(k-1)=0,0110
[23.11.2015 19:34:59] k = k + 1 = 3; Go to step 4!
[23.11.2015 19:34:59] Step 4: alphak=0,0140
[23.11.2015 19:34:59] Step 5: h > 0; a=alpha(k-1)=0,0120
[23.11.2015 19:34:59] k = k + 1 = 4; Go to step 4!
[23.11.2015 19:34:59] Step 4: alphak=0,0180
[23.11.2015 19:34:59] Step 5: h > 0; a=alpha(k-1)=0,0140
[23.11.2015 19:34:59] k = k + 1 = 5; Go to step 4!
[23.11.2015 19:34:59] Step 4: alphak=0,0260
[23.11.2015 19:34:59] Step 5: h > 0; a=alpha(k-1)=0,0180
[23.11.2015 19:34:59] k = k + 1 = 6; Go to step 4!
[23.11.2015 19:34:59] Step 4: alphak=0,0420
[23.11.2015 19:34:59] Step 5: h > 0; a=alpha(k-1)=0,0260
[23.11.2015 19:34:59] k = k + 1 = 7; Go to step 4!
[23.11.2015 19:34:59] Step 4: alphak=0,0740
[23.11.2015 19:34:59] Step 5: h > 0; a=alpha(k-1)=0,0420
[23.11.2015 19:34:59] k = k + 1 = 8; Go to step 4!
[23.11.2015 19:34:59] Step 4: alphak=0,1380
[23.11.2015 19:34:59] Step 5: h > 0; a=alpha(k-1)=0,0740
[23.11.2015 19:34:59] k = k + 1 = 9; Go to step 4!
[23.11.2015 19:34:59] Step 4: alphak=0,2660
[23.11.2015 19:34:59] Step 5: h > 0; b=alphak=0,2660
[23.11.2015 19:34:59] Step 6: Interval is: [0,0740 ; 0,2660]
[23.11.2015 19:34:59] Dichotomy method has been started!
[23.11.2015 19:34:59] Counting: delta = eps / 10 = 0,0001
[23.11.2015 19:34:59] Step 1: counting alpha_1 = 0,1699, alpha_2 = 0,1701
[23.11.2015 19:34:59] Step 3: f(0,1699) = 89,9921 <= f(0,1701) = 90,6046; b = alpha_2 = 0,1701.
[23.11.2015 19:34:59] Iter 0: Answer is in the range: [0,0740; 0,1701]
[23.11.2015 19:34:59] Step 1: counting alpha_1 = 0,1220, alpha_2 = 0,1222
[23.11.2015 19:34:59] Step 3: f(0,1220) = 32,8140 > f(0,1222) = 32,7647; a = alpha_1 = 0,1220.
[23.11.2015 19:34:59] Iter 1: Answer is in the range: [0,1220; 0,1701]
[23.11.2015 19:34:59] Step 1: counting alpha_1 = 0,1459, alpha_2 = 0,1461
[23.11.2015 19:34:59] Step 3: f(0,1459) = 41,6905 <= f(0,1461) = 41,9095; b = alpha_2 = 0,1461.
[23.11.2015 19:34:59] Iter 2: Answer is in the range: [0,1220; 0,1461]
[23.11.2015 19:34:59] Step 1: counting alpha_1 = 0,1339, alpha_2 = 0,1341
[23.11.2015 19:34:59] Step 3: f(0,1339) = 33,2443 <= f(0,1341) = 33,3146; b = alpha_2 = 0,1341.
[23.11.2015 19:34:59] Iter 3: Answer is in the range: [0,1220; 0,1341]
[23.11.2015 19:34:59] Step 1: counting alpha_1 = 0,1279, alpha_2 = 0,1281
[23.11.2015 19:34:59] Step 3: f(0,1279) = 32,1348 <= f(0,1281) = 32,1418; b = alpha_2 = 0,1281.
[23.11.2015 19:34:59] Iter 4: Answer is in the range: [0,1220; 0,1281]
[23.11.2015 19:34:59] Step 1: counting alpha_1 = 0,1249, alpha_2 = 0,1251
[23.11.2015 19:34:59] Step 3: f(0,1249) = 32,2638 > f(0,1251) = 32,2418; a = alpha_1 = 0,1249.
[23.11.2015 19:34:59] Iter 5: Answer is in the range: [0,1249; 0,1281]
[23.11.2015 19:34:59] Step 1: counting alpha_1 = 0,1264, alpha_2 = 0,1266
[23.11.2015 19:34:59] Step 3: f(0,1264) = 32,1451 > f(0,1266) = 32,1374; a = alpha_1 = 0,1264.
[23.11.2015 19:34:59] Step 4: (b-a)/2 = 0,0008 < eps = 0,0010; STOP SEARCHING!
[23.11.2015 19:34:59] Iter 6: Answer is in the range: [0,1264; 0,1281]
[23.11.2015 19:34:59] Step 5: alpha_end = (a+b)/2; Minimum x* is: 0,1273
[23.11.2015 19:34:59] Step 4: Alpha = 0,12729453125;
[23.11.2015 19:34:59] Step 5: arguments = arguments - alpha * gradientValue = (1,782; 2,800);
[23.11.2015 19:34:59] Step 6: k = k + 1 = 0;
[23.11.2015 19:34:59] Step 7: answer is: (1,782; 2,800);
[23.11.2015 19:34:59] ITER 1:
[23.11.2015 19:34:59] Step 1: k = 1;
[23.11.2015 19:34:59] Step 2: gradient is (-30,532, 19,401);
[23.11.2015 19:34:59] DSK method started!
[23.11.2015 19:34:59] Step 1: f(alpha)=462,2219, f(alpha + h)=476,3525; k=0;
[23.11.2015 19:34:59] Step 3: b=0,1273, alpha1=0,1283, h=-0,0010, k=2.
[23.11.2015 19:34:59] Step 4: alphak=0,1253
[23.11.2015 19:34:59] Step 5: h > 0; b=alpha(k-1)=0,1263
[23.11.2015 19:34:59] k = k + 1 = 3; Go to step 4!
[23.11.2015 19:34:59] Step 4: alphak=0,1233
[23.11.2015 19:34:59] Step 5: h > 0; b=alpha(k-1)=0,1253
[23.11.2015 19:34:59] k = k + 1 = 4; Go to step 4!
[23.11.2015 19:34:59] Step 4: alphak=0,1193
[23.11.2015 19:34:59] Step 5: h > 0; b=alpha(k-1)=0,1233
[23.11.2015 19:34:59] k = k + 1 = 5; Go to step 4!
[23.11.2015 19:34:59] Step 4: alphak=0,1113
[23.11.2015 19:34:59] Step 5: h > 0; b=alpha(k-1)=0,1193
[23.11.2015 19:34:59] k = k + 1 = 6; Go to step 4!
[23.11.2015 19:34:59] Step 4: alphak=0,0953
[23.11.2015 19:34:59] Step 5: h > 0; b=alpha(k-1)=0,1113
[23.11.2015 19:34:59] k = k + 1 = 7; Go to step 4!
[23.11.2015 19:34:59] Step 4: alphak=0,0633
[23.11.2015 19:34:59] Step 5: h > 0; b=alpha(k-1)=0,0953
[23.11.2015 19:34:59] k = k + 1 = 8; Go to step 4!
[23.11.2015 19:34:59] Step 4: alphak=-0,0007
[23.11.2015 19:34:59] Step 5: h < 0; a=alphak-0,0007
[23.11.2015 19:34:59] Step 6: Interval is: [-0,0007 ; 0,0953]
[23.11.2015 19:34:59] Dichotomy method has been started!
[23.11.2015 19:34:59] Counting: delta = eps / 10 = 0,0001
[23.11.2015 19:34:59] Step 1: counting alpha_1 = 0,0472, alpha_2 = 0,0474
[23.11.2015 19:34:59] Step 3: f(0,0472) = 1,6708 <= f(0,0474) = 1,7664; b = alpha_2 = 0,0474.
[23.11.2015 19:34:59] Iter 0: Answer is in the range: [-0,0007; 0,0474]
[23.11.2015 19:34:59] Step 1: counting alpha_1 = 0,0232, alpha_2 = 0,0234
[23.11.2015 19:34:59] Step 3: f(0,0232) = 6,9842 > f(0,0234) = 6,8307; a = alpha_1 = 0,0232.
[23.11.2015 19:34:59] Iter 1: Answer is in the range: [0,0232; 0,0474]
[23.11.2015 19:34:59] Step 1: counting alpha_1 = 0,0352, alpha_2 = 0,0354
[23.11.2015 19:34:59] Step 3: f(0,0352) = 0,6308 > f(0,0354) = 0,5803; a = alpha_1 = 0,0352.
[23.11.2015 19:34:59] Iter 2: Answer is in the range: [0,0352; 0,0474]
[23.11.2015 19:34:59] Step 1: counting alpha_1 = 0,0412, alpha_2 = 0,0414
[23.11.2015 19:34:59] Step 3: f(0,0412) = 0,0616 <= f(0,0414) = 0,0782; b = alpha_2 = 0,0414.
[23.11.2015 19:34:59] Iter 3: Answer is in the range: [0,0352; 0,0414]
[23.11.2015 19:34:59] Step 1: counting alpha_1 = 0,0382, alpha_2 = 0,0384
[23.11.2015 19:34:59] Step 3: f(0,0382) = 0,0957 > f(0,0384) = 0,0774; a = alpha_1 = 0,0382.
[23.11.2015 19:34:59] Iter 4: Answer is in the range: [0,0382; 0,0414]
[23.11.2015 19:34:59] Step 1: counting alpha_1 = 0,0397, alpha_2 = 0,0399
[23.11.2015 19:34:59] Step 3: f(0,0397) = 0,0134 > f(0,0399) = 0,0122; a = alpha_1 = 0,0397.
[23.11.2015 19:34:59] Step 4: (b-a)/2 = 0,0008 < eps = 0,0010; STOP SEARCHING!
[23.11.2015 19:34:59] Iter 5: Answer is in the range: [0,0397; 0,0414]
[23.11.2015 19:34:59] Step 5: alpha_end = (a+b)/2; Minimum x* is: 0,0406
[23.11.2015 19:34:59] Step 4: Alpha = 0,04055859375;
[23.11.2015 19:34:59] Step 5: arguments = arguments - alpha * gradientValue = (3,020; 2,014);
[23.11.2015 19:34:59] Step 6: k = k + 1 = 1;
[23.11.2015 19:34:59] Step 7: answer is: (3,020; 2,014);
[23.11.2015 19:34:59] ITER 2:
[23.11.2015 19:34:59] Step 1: k = 2;
[23.11.2015 19:34:59] Step 2: gradient is (1,807, 0,881);
[23.11.2015 19:34:59] DSK method started!
[23.11.2015 19:34:59] Step 1: f(alpha)=0,1330, f(alpha + h)=0,1424; k=0;
[23.11.2015 19:34:59] Step 3: b=0,0406, alpha1=0,0416, h=-0,0010, k=2.
[23.11.2015 19:34:59] Step 4: alphak=0,0386
[23.11.2015 19:34:59] Step 5: h > 0; b=alpha(k-1)=0,0396
[23.11.2015 19:34:59] k = k + 1 = 3; Go to step 4!
[23.11.2015 19:34:59] Step 4: alphak=0,0366
[23.11.2015 19:34:59] Step 5: h > 0; b=alpha(k-1)=0,0386
[23.11.2015 19:34:59] k = k + 1 = 4; Go to step 4!
[23.11.2015 19:34:59] Step 4: alphak=0,0326
[23.11.2015 19:34:59] Step 5: h > 0; b=alpha(k-1)=0,0366
[23.11.2015 19:34:59] k = k + 1 = 5; Go to step 4!
[23.11.2015 19:34:59] Step 4: alphak=0,0246
[23.11.2015 19:34:59] Step 5: h > 0; b=alpha(k-1)=0,0326
[23.11.2015 19:34:59] k = k + 1 = 6; Go to step 4!
[23.11.2015 19:34:59] Step 4: alphak=0,0086
[23.11.2015 19:34:59] Step 5: h > 0; b=alpha(k-1)=0,0246
[23.11.2015 19:34:59] k = k + 1 = 7; Go to step 4!
[23.11.2015 19:34:59] Step 4: alphak=-0,0234
[23.11.2015 19:34:59] Step 5: h < 0; a=alphak-0,0234
[23.11.2015 19:34:59] Step 6: Interval is: [-0,0234 ; 0,0246]
[23.11.2015 19:34:59] Dichotomy method has been started!
[23.11.2015 19:34:59] Counting: delta = eps / 10 = 0,0001
[23.11.2015 19:34:59] Step 1: counting alpha_1 = 0,0005, alpha_2 = 0,0007
[23.11.2015 19:34:59] Step 3: f(0,0005) = 0,0225 > f(0,0007) = 0,0217; a = alpha_1 = 0,0005.
[23.11.2015 19:34:59] Iter 0: Answer is in the range: [0,0005; 0,0246]
[23.11.2015 19:34:59] Step 1: counting alpha_1 = 0,0124, alpha_2 = 0,0126
[23.11.2015 19:34:59] Step 3: f(0,0124) = 0,0002 <= f(0,0126) = 0,0002; b = alpha_2 = 0,0126.
[23.11.2015 19:34:59] Iter 1: Answer is in the range: [0,0005; 0,0126]
[23.11.2015 19:34:59] Step 1: counting alpha_1 = 0,0064, alpha_2 = 0,0066
[23.11.2015 19:34:59] Step 3: f(0,0064) = 0,0054 > f(0,0066) = 0,0050; a = alpha_1 = 0,0064.
[23.11.2015 19:34:59] Iter 2: Answer is in the range: [0,0064; 0,0126]
[23.11.2015 19:34:59] Step 1: counting alpha_1 = 0,0094, alpha_2 = 0,0096
[23.11.2015 19:34:59] Step 3: f(0,0094) = 0,0013 > f(0,0096) = 0,0011; a = alpha_1 = 0,0094.
[23.11.2015 19:34:59] Iter 3: Answer is in the range: [0,0094; 0,0126]
[23.11.2015 19:34:59] Step 1: counting alpha_1 = 0,0109, alpha_2 = 0,0111
[23.11.2015 19:34:59] Step 3: f(0,0109) = 0,0003 > f(0,0111) = 0,0003; a = alpha_1 = 0,0109.
[23.11.2015 19:34:59] Step 4: (b-a)/2 = 0,0008 < eps = 0,0010; STOP SEARCHING!
[23.11.2015 19:34:59] Iter 4: Answer is in the range: [0,0109; 0,0126]
[23.11.2015 19:34:59] Step 5: alpha_end = (a+b)/2; Minimum x* is: 0,0118
[23.11.2015 19:34:59] Step 4: Alpha = 0,01176171875;
[23.11.2015 19:34:59] Step 5: arguments = arguments - alpha * gradientValue = (2,999; 2,003);
[23.11.2015 19:34:59] Step 6: k = k + 1 = 2;
[23.11.2015 19:34:59] Step 7: answer is: (2,999; 2,003);
[23.11.2015 19:34:59] ITER 3:
[23.11.2015 19:34:59] Step 1: k = 3;
[23.11.2015 19:34:59] Step 2: gradient is (0,006, 0,094);
[23.11.2015 19:34:59] DSK method started!
[23.11.2015 19:34:59] Step 1: f(alpha)=0,0001, f(alpha + h)=0,0001; k=0;
[23.11.2015 19:34:59] Step 2: a=0,0118, alpha1=0,0128, k=2; Go to step 4!
[23.11.2015 19:34:59] Step 4: alphak=0,0138
[23.11.2015 19:34:59] Step 5: h > 0; a=alpha(k-1)=0,0128
[23.11.2015 19:34:59] k = k + 1 = 3; Go to step 4!
[23.11.2015 19:34:59] Step 4: alphak=0,0158
[23.11.2015 19:34:59] Step 5: h > 0; a=alpha(k-1)=0,0138
[23.11.2015 19:34:59] k = k + 1 = 4; Go to step 4!
[23.11.2015 19:34:59] Step 4: alphak=0,0198
[23.11.2015 19:34:59] Step 5: h > 0; a=alpha(k-1)=0,0158
[23.11.2015 19:34:59] k = k + 1 = 5; Go to step 4!
[23.11.2015 19:34:59] Step 4: alphak=0,0278
[23.11.2015 19:34:59] Step 5: h > 0; a=alpha(k-1)=0,0198
[23.11.2015 19:34:59] k = k + 1 = 6; Go to step 4!
[23.11.2015 19:34:59] Step 4: alphak=0,0438
[23.11.2015 19:34:59] Step 5: h > 0; b=alphak=0,0438
[23.11.2015 19:34:59] Step 6: Interval is: [0,0198 ; 0,0438]
[23.11.2015 19:34:59] Dichotomy method has been started!
[23.11.2015 19:34:59] Counting: delta = eps / 10 = 0,0001
[23.11.2015 19:34:59] Step 1: counting alpha_1 = 0,0317, alpha_2 = 0,0319
[23.11.2015 19:34:59] Step 3: f(0,0317) = 0,0000 <= f(0,0319) = 0,0000; b = alpha_2 = 0,0319.
[23.11.2015 19:34:59] Iter 0: Answer is in the range: [0,0198; 0,0319]
[23.11.2015 19:34:59] Step 1: counting alpha_1 = 0,0257, alpha_2 = 0,0259
[23.11.2015 19:34:59] Step 3: f(0,0257) = 0,0000 > f(0,0259) = 0,0000; a = alpha_1 = 0,0257.
[23.11.2015 19:34:59] Iter 1: Answer is in the range: [0,0257; 0,0319]
[23.11.2015 19:34:59] Step 1: counting alpha_1 = 0,0287, alpha_2 = 0,0289
[23.11.2015 19:34:59] Step 3: f(0,0287) = 0,0000 <= f(0,0289) = 0,0000; b = alpha_2 = 0,0289.
[23.11.2015 19:34:59] Iter 2: Answer is in the range: [0,0257; 0,0289]
[23.11.2015 19:34:59] Step 1: counting alpha_1 = 0,0272, alpha_2 = 0,0274
[23.11.2015 19:34:59] Step 3: f(0,0272) = 0,0000 <= f(0,0274) = 0,0000; b = alpha_2 = 0,0274.
[23.11.2015 19:34:59] Step 4: (b-a)/2 = 0,0008 < eps = 0,0010; STOP SEARCHING!
[23.11.2015 19:34:59] Iter 3: Answer is in the range: [0,0257; 0,0274]
[23.11.2015 19:34:59] Step 5: alpha_end = (a+b)/2; Minimum x* is: 0,0266
[23.11.2015 19:34:59] Step 4: Alpha = 0,02655546875;
[23.11.2015 19:34:59] Step 5: arguments = arguments - alpha * gradientValue = (2,999; 2,001);
[23.11.2015 19:34:59] Step 6: k = k + 1 = 3;
[23.11.2015 19:34:59] Step 7: answer is: (2,999; 2,001);
[23.11.2015 19:34:59] ITER 4:
[23.11.2015 19:34:59] Step 1: k = 4;
[23.11.2015 19:34:59] Step 2: gradient is (-0,054, 0,007);
[23.11.2015 19:34:59] DSK method started!
[23.11.2015 19:34:59] Step 1: f(alpha)=0,0000, f(alpha + h)=0,0000; k=0;
[23.11.2015 19:34:59] Step 3: b=0,0266, alpha1=0,0276, h=-0,0010, k=2.
[23.11.2015 19:34:59] Step 4: alphak=0,0246
[23.11.2015 19:34:59] Step 5: h > 0; b=alpha(k-1)=0,0256
[23.11.2015 19:34:59] k = k + 1 = 3; Go to step 4!
[23.11.2015 19:34:59] Step 4: alphak=0,0226
[23.11.2015 19:34:59] Step 5: h > 0; b=alpha(k-1)=0,0246
[23.11.2015 19:34:59] k = k + 1 = 4; Go to step 4!
[23.11.2015 19:34:59] Step 4: alphak=0,0186
[23.11.2015 19:34:59] Step 5: h > 0; b=alpha(k-1)=0,0226
[23.11.2015 19:34:59] k = k + 1 = 5; Go to step 4!
[23.11.2015 19:34:59] Step 4: alphak=0,0106
[23.11.2015 19:34:59] Step 5: h < 0; a=alphak0,0106
[23.11.2015 19:34:59] Step 6: Interval is: [0,0106 ; 0,0226]
[23.11.2015 19:34:59] Dichotomy method has been started!
[23.11.2015 19:34:59] Counting: delta = eps / 10 = 0,0001
[23.11.2015 19:34:59] Step 1: counting alpha_1 = 0,0165, alpha_2 = 0,0167
[23.11.2015 19:34:59] Step 3: f(0,0165) = 0,0000 <= f(0,0167) = 0,0000; b = alpha_2 = 0,0167.
[23.11.2015 19:34:59] Iter 0: Answer is in the range: [0,0106; 0,0167]
[23.11.2015 19:34:59] Step 1: counting alpha_1 = 0,0135, alpha_2 = 0,0137
[23.11.2015 19:34:59] Step 3: f(0,0135) = 0,0000 > f(0,0137) = 0,0000; a = alpha_1 = 0,0135.
[23.11.2015 19:34:59] Iter 1: Answer is in the range: [0,0135; 0,0167]
[23.11.2015 19:34:59] Step 1: counting alpha_1 = 0,0150, alpha_2 = 0,0152
[23.11.2015 19:34:59] Step 3: f(0,0150) = 0,0000 > f(0,0152) = 0,0000; a = alpha_1 = 0,0150.
[23.11.2015 19:34:59] Step 4: (b-a)/2 = 0,0008 < eps = 0,0010; STOP SEARCHING!
[23.11.2015 19:34:59] Iter 2: Answer is in the range: [0,0150; 0,0167]
[23.11.2015 19:34:59] Step 5: alpha_end = (a+b)/2; Minimum x* is: 0,0158
[23.11.2015 19:34:59] Step 4: Alpha = 0,01581796875;
[23.11.2015 19:34:59] Step 5: arguments = arguments - alpha * gradientValue = (3,000; 2,001);
[23.11.2015 19:34:59] Step 6: k = k + 1 = 4;
[23.11.2015 19:34:59] Step 7: answer is: (3,000; 2,001);
[23.11.2015 19:34:59] ITER 5:
[23.11.2015 19:34:59] Step 1: k = 5;
[23.11.2015 19:34:59] Step 2: gradient is (0,006, 0,019);
[23.11.2015 19:34:59] DSK method started!
[23.11.2015 19:34:59] Step 1: f(alpha)=0,0000, f(alpha + h)=0,0000; k=0;
[23.11.2015 19:34:59] Step 2: a=0,0158, alpha1=0,0168, k=2; Go to step 4!
[23.11.2015 19:34:59] Step 4: alphak=0,0178
[23.11.2015 19:34:59] Step 5: h > 0; a=alpha(k-1)=0,0168
[23.11.2015 19:34:59] k = k + 1 = 3; Go to step 4!
[23.11.2015 19:34:59] Step 4: alphak=0,0198
[23.11.2015 19:34:59] Step 5: h > 0; a=alpha(k-1)=0,0178
[23.11.2015 19:34:59] k = k + 1 = 4; Go to step 4!
[23.11.2015 19:34:59] Step 4: alphak=0,0238
[23.11.2015 19:34:59] Step 5: h > 0; b=alphak=0,0238
[23.11.2015 19:34:59] Step 6: Interval is: [0,0178 ; 0,0238]
[23.11.2015 19:34:59] Dichotomy method has been started!
[23.11.2015 19:35:00] Counting: delta = eps / 10 = 0,0001
[23.11.2015 19:35:00] Step 1: counting alpha_1 = 0,0207, alpha_2 = 0,0209
[23.11.2015 19:35:00] Step 3: f(0,0207) = 0,0000 <= f(0,0209) = 0,0000; b = alpha_2 = 0,0209.
[23.11.2015 19:35:00] Iter 0: Answer is in the range: [0,0178; 0,0209]
[23.11.2015 19:35:00] Step 1: counting alpha_1 = 0,0193, alpha_2 = 0,0195
[23.11.2015 19:35:00] Step 3: f(0,0193) = 0,0000 > f(0,0195) = 0,0000; a = alpha_1 = 0,0193.
[23.11.2015 19:35:00] Step 4: (b-a)/2 = 0,0008 < eps = 0,0010; STOP SEARCHING!
[23.11.2015 19:35:00] Iter 1: Answer is in the range: [0,0193; 0,0209]
[23.11.2015 19:35:00] Step 5: alpha_end = (a+b)/2; Minimum x* is: 0,0201
[23.11.2015 19:35:00] Step 4: Alpha = 0,02009296875;
[23.11.2015 19:35:00] Step 5: arguments = arguments - alpha * gradientValue = (3,000; 2,000);
[23.11.2015 19:35:00] Step 6: k = k + 1 = 5;
[23.11.2015 19:35:00] Step 7: answer is: (3,000; 2,000);
[23.11.2015 19:35:00] ITER 6:
[23.11.2015 19:35:00] Step 1: k = 6;
[23.11.2015 19:35:00] Step 2: gradient is (-0,010, 0,004);
[23.11.2015 19:35:00] DSK method started!
[23.11.2015 19:35:00] Step 1: f(alpha)=0,0000, f(alpha + h)=0,0000; k=0;
[23.11.2015 19:35:00] Step 3: a=0,0191, b=0,0211; Go to step 6!
[23.11.2015 19:35:00] Step 6: Interval is: [0,0191 ; 0,0211]
[23.11.2015 19:35:00] Dichotomy method has been started!
[23.11.2015 19:35:00] Counting: delta = eps / 10 = 0,0001
[23.11.2015 19:35:00] Step 1: counting alpha_1 = 0,0200, alpha_2 = 0,0202
[23.11.2015 19:35:00] Step 3: f(0,0200) = 0,0000 <= f(0,0202) = 0,0000; b = alpha_2 = 0,0202.
[23.11.2015 19:35:00] Step 4: (b-a)/2 = 0,0006 < eps = 0,0010; STOP SEARCHING!
[23.11.2015 19:35:00] Iter 0: Answer is in the range: [0,0191; 0,0202]
[23.11.2015 19:35:00] Step 5: alpha_end = (a+b)/2; Minimum x* is: 0,0196
[23.11.2015 19:35:00] Step 4: Alpha = 0,01964296875;
[23.11.2015 19:35:00] Step 5: arguments = arguments - alpha * gradientValue = (3,000; 2,000);
[23.11.2015 19:35:00] Step 6: k = k + 1 = 6;
[23.11.2015 19:35:00] Step 7: answer is: (3,000; 2,000);
[23.11.2015 19:35:00] ITER 7:
[23.11.2015 19:35:00] Step 1: k = 7;
[23.11.2015 19:35:00] Step 2: gradient is (0,003, 0,005);
[23.11.2015 19:35:00] Step 3: gradient Euclidean norm is <= eps: 0,006 <= 0,01; Go to step 7!
[23.11.2015 19:35:00] Step 7: answer is: (3,000; 2,000);
[23.11.2015 19:35:40] Optimal gradient method started!
[23.11.2015 19:35:40] 	Data input:
(x1; x2) = (3,000; -1,000),
Alpha = 0,010,
eps = 0,010;
[23.11.2015 19:35:40] ITER 0:
[23.11.2015 19:35:40] Step 1: k = 0;
[23.11.2015 19:35:40] Step 2: gradient is (-42,000, 6,000);
[23.11.2015 19:35:40] DSK method started!
[23.11.2015 19:35:40] Step 1: f(alpha)=6,1661, f(alpha + h)=5,7744; k=0;
[23.11.2015 19:35:40] Step 2: a=0,0100, alpha1=0,0110, k=2; Go to step 4!
[23.11.2015 19:35:40] Step 4: alphak=0,0120
[23.11.2015 19:35:40] Step 5: h > 0; a=alpha(k-1)=0,0110
[23.11.2015 19:35:40] k = k + 1 = 3; Go to step 4!
[23.11.2015 19:35:40] Step 4: alphak=0,0140
[23.11.2015 19:35:40] Step 5: h > 0; b=alphak=0,0140
[23.11.2015 19:35:40] Step 6: Interval is: [0,0110 ; 0,0140]
[23.11.2015 19:35:40] Dichotomy method has been started!
[23.11.2015 19:35:40] Counting: delta = eps / 10 = 0,0001
[23.11.2015 19:35:40] Step 1: counting alpha_1 = 0,0124, alpha_2 = 0,0126
[23.11.2015 19:35:40] Step 3: f(0,0124) = 5,5085 > f(0,0126) = 5,4982; a = alpha_1 = 0,0124.
[23.11.2015 19:35:40] Step 4: (b-a)/2 = 0,0008 < eps = 0,0010; STOP SEARCHING!
[23.11.2015 19:35:40] Iter 0: Answer is in the range: [0,0124; 0,0140]
[23.11.2015 19:35:40] Step 5: alpha_end = (a+b)/2; Minimum x* is: 0,0132
[23.11.2015 19:35:40] Step 4: Alpha = 0,0132;
[23.11.2015 19:35:40] Step 5: arguments = arguments - alpha * gradientValue = (3,554; -1,079);
[23.11.2015 19:35:40] Step 6: k = k + 1 = 0;
[23.11.2015 19:35:40] Step 7: answer is: (3,554; -1,079);
[23.11.2015 19:35:40] ITER 1:
[23.11.2015 19:35:40] Step 1: k = 1;
[23.11.2015 19:35:40] Step 2: gradient is (3,323, 10,955);
[23.11.2015 19:35:40] DSK method started!
[23.11.2015 19:35:40] Step 1: f(alpha)=3,9771, f(alpha + h)=3,8779; k=0;
[23.11.2015 19:35:40] Step 2: a=0,0132, alpha1=0,0142, k=2; Go to step 4!
[23.11.2015 19:35:40] Step 4: alphak=0,0152
[23.11.2015 19:35:40] Step 5: h > 0; a=alpha(k-1)=0,0142
[23.11.2015 19:35:40] k = k + 1 = 3; Go to step 4!
[23.11.2015 19:35:40] Step 4: alphak=0,0172
[23.11.2015 19:35:40] Step 5: h > 0; a=alpha(k-1)=0,0152
[23.11.2015 19:35:40] k = k + 1 = 4; Go to step 4!
[23.11.2015 19:35:40] Step 4: alphak=0,0212
[23.11.2015 19:35:40] Step 5: h > 0; a=alpha(k-1)=0,0172
[23.11.2015 19:35:40] k = k + 1 = 5; Go to step 4!
[23.11.2015 19:35:40] Step 4: alphak=0,0292
[23.11.2015 19:35:40] Step 5: h > 0; a=alpha(k-1)=0,0212
[23.11.2015 19:35:40] k = k + 1 = 6; Go to step 4!
[23.11.2015 19:35:40] Step 4: alphak=0,0452
[23.11.2015 19:35:40] Step 5: h > 0; a=alpha(k-1)=0,0292
[23.11.2015 19:35:40] k = k + 1 = 7; Go to step 4!
[23.11.2015 19:35:40] Step 4: alphak=0,0772
[23.11.2015 19:35:40] Step 5: h > 0; b=alphak=0,0772
[23.11.2015 19:35:40] Step 6: Interval is: [0,0292 ; 0,0772]
[23.11.2015 19:35:40] Dichotomy method has been started!
[23.11.2015 19:35:40] Counting: delta = eps / 10 = 0,0001
[23.11.2015 19:35:40] Step 1: counting alpha_1 = 0,0531, alpha_2 = 0,0533
[23.11.2015 19:35:40] Step 3: f(0,0531) = 2,3088 <= f(0,0533) = 2,3142; b = alpha_2 = 0,0533.
[23.11.2015 19:35:40] Iter 0: Answer is in the range: [0,0292; 0,0533]
[23.11.2015 19:35:40] Step 1: counting alpha_1 = 0,0412, alpha_2 = 0,0414
[23.11.2015 19:35:40] Step 3: f(0,0412) = 2,2630 > f(0,0414) = 2,2595; a = alpha_1 = 0,0412.
[23.11.2015 19:35:40] Iter 1: Answer is in the range: [0,0412; 0,0533]
[23.11.2015 19:35:40] Step 1: counting alpha_1 = 0,0471, alpha_2 = 0,0473
[23.11.2015 19:35:40] Step 3: f(0,0471) = 2,2199 <= f(0,0473) = 2,2207; b = alpha_2 = 0,0473.
[23.11.2015 19:35:40] Iter 2: Answer is in the range: [0,0412; 0,0473]
[23.11.2015 19:35:40] Step 1: counting alpha_1 = 0,0441, alpha_2 = 0,0443
[23.11.2015 19:35:40] Step 3: f(0,0441) = 2,2255 > f(0,0443) = 2,2241; a = alpha_1 = 0,0441.
[23.11.2015 19:35:40] Iter 3: Answer is in the range: [0,0441; 0,0473]
[23.11.2015 19:35:40] Step 1: counting alpha_1 = 0,0456, alpha_2 = 0,0458
[23.11.2015 19:35:40] Step 3: f(0,0456) = 2,2186 > f(0,0458) = 2,2183; a = alpha_1 = 0,0456.
[23.11.2015 19:35:40] Step 4: (b-a)/2 = 0,0008 < eps = 0,0010; STOP SEARCHING!
[23.11.2015 19:35:40] Iter 4: Answer is in the range: [0,0456; 0,0473]
[23.11.2015 19:35:40] Step 5: alpha_end = (a+b)/2; Minimum x* is: 0,0465
[23.11.2015 19:35:40] Step 4: Alpha = 0,046478125;
[23.11.2015 19:35:40] Step 5: arguments = arguments - alpha * gradientValue = (3,400; -1,588);
[23.11.2015 19:35:40] Step 6: k = k + 1 = 1;
[23.11.2015 19:35:40] Step 7: answer is: (3,400; -1,588);
[23.11.2015 19:35:40] ITER 2:
[23.11.2015 19:35:40] Step 1: k = 2;
[23.11.2015 19:35:40] Step 2: gradient is (-16,137, 4,783);
[23.11.2015 19:35:40] DSK method started!
[23.11.2015 19:35:40] Step 1: f(alpha)=19,6449, f(alpha + h)=20,8333; k=0;
[23.11.2015 19:35:40] Step 3: b=0,0465, alpha1=0,0475, h=-0,0010, k=2.
[23.11.2015 19:35:40] Step 4: alphak=0,0445
[23.11.2015 19:35:40] Step 5: h > 0; b=alpha(k-1)=0,0455
[23.11.2015 19:35:40] k = k + 1 = 3; Go to step 4!
[23.11.2015 19:35:40] Step 4: alphak=0,0425
[23.11.2015 19:35:40] Step 5: h > 0; b=alpha(k-1)=0,0445
[23.11.2015 19:35:40] k = k + 1 = 4; Go to step 4!
[23.11.2015 19:35:40] Step 4: alphak=0,0385
[23.11.2015 19:35:40] Step 5: h > 0; b=alpha(k-1)=0,0425
[23.11.2015 19:35:40] k = k + 1 = 5; Go to step 4!
[23.11.2015 19:35:40] Step 4: alphak=0,0305
[23.11.2015 19:35:41] Step 5: h > 0; b=alpha(k-1)=0,0385
[23.11.2015 19:35:41] k = k + 1 = 6; Go to step 4!
[23.11.2015 19:35:41] Step 4: alphak=0,0145
[23.11.2015 19:35:41] Step 5: h > 0; b=alpha(k-1)=0,0305
[23.11.2015 19:35:41] k = k + 1 = 7; Go to step 4!
[23.11.2015 19:35:41] Step 4: alphak=-0,0175
[23.11.2015 19:35:41] Step 5: h < 0; a=alphak-0,0175
[23.11.2015 19:35:41] Step 6: Interval is: [-0,0175 ; 0,0305]
[23.11.2015 19:35:41] Dichotomy method has been started!
[23.11.2015 19:35:41] Counting: delta = eps / 10 = 0,0001
[23.11.2015 19:35:41] Step 1: counting alpha_1 = 0,0064, alpha_2 = 0,0066
[23.11.2015 19:35:41] Step 3: f(0,0064) = 0,8896 > f(0,0066) = 0,8639; a = alpha_1 = 0,0064.
[23.11.2015 19:35:41] Iter 0: Answer is in the range: [0,0064; 0,0305]
[23.11.2015 19:35:41] Step 1: counting alpha_1 = 0,0183, alpha_2 = 0,0185
[23.11.2015 19:35:41] Step 3: f(0,0183) = 1,2100 <= f(0,0185) = 1,2492; b = alpha_2 = 0,0185.
[23.11.2015 19:35:41] Iter 1: Answer is in the range: [0,0064; 0,0185]
[23.11.2015 19:35:41] Step 1: counting alpha_1 = 0,0124, alpha_2 = 0,0126
[23.11.2015 19:35:41] Step 3: f(0,0124) = 0,5659 <= f(0,0126) = 0,5714; b = alpha_2 = 0,0126.
[23.11.2015 19:35:41] Iter 2: Answer is in the range: [0,0064; 0,0126]
[23.11.2015 19:35:41] Step 1: counting alpha_1 = 0,0094, alpha_2 = 0,0096
[23.11.2015 19:35:41] Step 3: f(0,0094) = 0,6115 > f(0,0096) = 0,6011; a = alpha_1 = 0,0094.
[23.11.2015 19:35:41] Iter 3: Answer is in the range: [0,0094; 0,0126]
[23.11.2015 19:35:41] Step 1: counting alpha_1 = 0,0109, alpha_2 = 0,0111
[23.11.2015 19:35:41] Step 3: f(0,0109) = 0,5591 > f(0,0111) = 0,5566; a = alpha_1 = 0,0109.
[23.11.2015 19:35:41] Step 4: (b-a)/2 = 0,0008 < eps = 0,0010; STOP SEARCHING!
[23.11.2015 19:35:41] Iter 4: Answer is in the range: [0,0109; 0,0126]
[23.11.2015 19:35:41] Step 5: alpha_end = (a+b)/2; Minimum x* is: 0,0117
[23.11.2015 19:35:41] Step 4: Alpha = 0,01170625;
[23.11.2015 19:35:41] Step 5: arguments = arguments - alpha * gradientValue = (3,589; -1,644);
[23.11.2015 19:35:41] Step 6: k = k + 1 = 2;
[23.11.2015 19:35:41] Step 7: answer is: (3,589; -1,644);
[23.11.2015 19:35:41] ITER 3:
[23.11.2015 19:35:41] Step 1: k = 3;
[23.11.2015 19:35:41] Step 2: gradient is (1,967, 5,123);
[23.11.2015 19:35:41] DSK method started!
[23.11.2015 19:35:41] Step 1: f(alpha)=0,2804, f(alpha + h)=0,2642; k=0;
[23.11.2015 19:35:41] Step 2: a=0,0117, alpha1=0,0127, k=2; Go to step 4!
[23.11.2015 19:35:41] Step 4: alphak=0,0137
[23.11.2015 19:35:41] Step 5: h > 0; a=alpha(k-1)=0,0127
[23.11.2015 19:35:41] k = k + 1 = 3; Go to step 4!
[23.11.2015 19:35:41] Step 4: alphak=0,0157
[23.11.2015 19:35:41] Step 5: h > 0; a=alpha(k-1)=0,0137
[23.11.2015 19:35:41] k = k + 1 = 4; Go to step 4!
[23.11.2015 19:35:41] Step 4: alphak=0,0197
[23.11.2015 19:35:41] Step 5: h > 0; a=alpha(k-1)=0,0157
[23.11.2015 19:35:41] k = k + 1 = 5; Go to step 4!
[23.11.2015 19:35:41] Step 4: alphak=0,0277
[23.11.2015 19:35:41] Step 5: h > 0; a=alpha(k-1)=0,0197
[23.11.2015 19:35:41] k = k + 1 = 6; Go to step 4!
[23.11.2015 19:35:41] Step 4: alphak=0,0437
[23.11.2015 19:35:41] Step 5: h > 0; b=alphak=0,0437
[23.11.2015 19:35:41] Step 6: Interval is: [0,0197 ; 0,0437]
[23.11.2015 19:35:41] Dichotomy method has been started!
[23.11.2015 19:35:41] Counting: delta = eps / 10 = 0,0001
[23.11.2015 19:35:41] Step 1: counting alpha_1 = 0,0316, alpha_2 = 0,0318
[23.11.2015 19:35:41] Step 3: f(0,0316) = 0,1804 <= f(0,0318) = 0,1818; b = alpha_2 = 0,0318.
[23.11.2015 19:35:41] Iter 0: Answer is in the range: [0,0197; 0,0318]
[23.11.2015 19:35:41] Step 1: counting alpha_1 = 0,0257, alpha_2 = 0,0259
[23.11.2015 19:35:41] Step 3: f(0,0257) = 0,1603 > f(0,0259) = 0,1603; a = alpha_1 = 0,0257.
[23.11.2015 19:35:41] Iter 1: Answer is in the range: [0,0257; 0,0318]
[23.11.2015 19:35:41] Step 1: counting alpha_1 = 0,0286, alpha_2 = 0,0288
[23.11.2015 19:35:41] Step 3: f(0,0286) = 0,1649 <= f(0,0288) = 0,1656; b = alpha_2 = 0,0288.
[23.11.2015 19:35:41] Iter 2: Answer is in the range: [0,0257; 0,0288]
[23.11.2015 19:35:41] Step 1: counting alpha_1 = 0,0271, alpha_2 = 0,0273
[23.11.2015 19:35:41] Step 3: f(0,0271) = 0,1613 <= f(0,0273) = 0,1616; b = alpha_2 = 0,0273.
[23.11.2015 19:35:41] Step 4: (b-a)/2 = 0,0008 < eps = 0,0010; STOP SEARCHING!
[23.11.2015 19:35:41] Iter 3: Answer is in the range: [0,0257; 0,0273]
[23.11.2015 19:35:41] Step 5: alpha_end = (a+b)/2; Minimum x* is: 0,0265
[23.11.2015 19:35:41] Step 4: Alpha = 0,0265;
[23.11.2015 19:35:41] Step 5: arguments = arguments - alpha * gradientValue = (3,537; -1,780);
[23.11.2015 19:35:41] Step 6: k = k + 1 = 3;
[23.11.2015 19:35:41] Step 7: answer is: (3,537; -1,780);
[23.11.2015 19:35:41] ITER 4:
[23.11.2015 19:35:41] Step 1: k = 4;
[23.11.2015 19:35:41] Step 2: gradient is (-4,430, 1,552);
[23.11.2015 19:35:41] DSK method started!
[23.11.2015 19:35:41] Step 1: f(alpha)=0,2831, f(alpha + h)=0,3164; k=0;
[23.11.2015 19:35:41] Step 3: b=0,0265, alpha1=0,0275, h=-0,0010, k=2.
[23.11.2015 19:35:41] Step 4: alphak=0,0245
[23.11.2015 19:35:41] Step 5: h > 0; b=alpha(k-1)=0,0255
[23.11.2015 19:35:41] k = k + 1 = 3; Go to step 4!
[23.11.2015 19:35:41] Step 4: alphak=0,0225
[23.11.2015 19:35:41] Step 5: h > 0; b=alpha(k-1)=0,0245
[23.11.2015 19:35:41] k = k + 1 = 4; Go to step 4!
[23.11.2015 19:35:41] Step 4: alphak=0,0185
[23.11.2015 19:35:41] Step 5: h > 0; b=alpha(k-1)=0,0225
[23.11.2015 19:35:41] k = k + 1 = 5; Go to step 4!
[23.11.2015 19:35:41] Step 4: alphak=0,0105
[23.11.2015 19:35:41] Step 5: h > 0; b=alpha(k-1)=0,0185
[23.11.2015 19:35:41] k = k + 1 = 6; Go to step 4!
[23.11.2015 19:35:41] Step 4: alphak=-0,0055
[23.11.2015 19:35:41] Step 5: h < 0; a=alphak-0,0055
[23.11.2015 19:35:41] Step 6: Interval is: [-0,0055 ; 0,0185]
[23.11.2015 19:35:41] Dichotomy method has been started!
[23.11.2015 19:35:41] Counting: delta = eps / 10 = 0,0001
[23.11.2015 19:35:41] Step 1: counting alpha_1 = 0,0064, alpha_2 = 0,0066
[23.11.2015 19:35:41] Step 3: f(0,0064) = 0,0596 > f(0,0066) = 0,0578; a = alpha_1 = 0,0064.
[23.11.2015 19:35:41] Iter 0: Answer is in the range: [0,0064; 0,0185]
[23.11.2015 19:35:41] Step 1: counting alpha_1 = 0,0124, alpha_2 = 0,0126
[23.11.2015 19:35:41] Step 3: f(0,0124) = 0,0391 <= f(0,0126) = 0,0397; b = alpha_2 = 0,0126.
[23.11.2015 19:35:41] Iter 1: Answer is in the range: [0,0064; 0,0126]
[23.11.2015 19:35:41] Step 1: counting alpha_1 = 0,0094, alpha_2 = 0,0096
[23.11.2015 19:35:41] Step 3: f(0,0094) = 0,0405 > f(0,0096) = 0,0398; a = alpha_1 = 0,0094.
[23.11.2015 19:35:41] Iter 2: Answer is in the range: [0,0094; 0,0126]
[23.11.2015 19:35:41] Step 1: counting alpha_1 = 0,0109, alpha_2 = 0,0111
[23.11.2015 19:35:41] Step 3: f(0,0109) = 0,0375 > f(0,0111) = 0,0375; a = alpha_1 = 0,0109.
[23.11.2015 19:35:41] Step 4: (b-a)/2 = 0,0008 < eps = 0,0010; STOP SEARCHING!
[23.11.2015 19:35:41] Iter 3: Answer is in the range: [0,0109; 0,0126]
[23.11.2015 19:35:41] Step 5: alpha_end = (a+b)/2; Minimum x* is: 0,0117
[23.11.2015 19:35:41] Step 4: Alpha = 0,01170625;
[23.11.2015 19:35:41] Step 5: arguments = arguments - alpha * gradientValue = (3,589; -1,798);
[23.11.2015 19:35:41] Step 6: k = k + 1 = 4;
[23.11.2015 19:35:41] Step 7: answer is: (3,589; -1,798);
[23.11.2015 19:35:41] ITER 5:
[23.11.2015 19:35:41] Step 1: k = 5;
[23.11.2015 19:35:41] Step 2: gradient is (0,789, 1,437);
[23.11.2015 19:35:41] DSK method started!
[23.11.2015 19:35:41] Step 1: f(alpha)=0,0159, f(alpha + h)=0,0149; k=0;
[23.11.2015 19:35:41] Step 2: a=0,0117, alpha1=0,0127, k=2; Go to step 4!
[23.11.2015 19:35:41] Step 4: alphak=0,0137
[23.11.2015 19:35:41] Step 5: h > 0; a=alpha(k-1)=0,0127
[23.11.2015 19:35:41] k = k + 1 = 3; Go to step 4!
[23.11.2015 19:35:41] Step 4: alphak=0,0157
[23.11.2015 19:35:41] Step 5: h > 0; a=alpha(k-1)=0,0137
[23.11.2015 19:35:41] k = k + 1 = 4; Go to step 4!
[23.11.2015 19:35:41] Step 4: alphak=0,0197
[23.11.2015 19:35:41] Step 5: h > 0; a=alpha(k-1)=0,0157
[23.11.2015 19:35:41] k = k + 1 = 5; Go to step 4!
[23.11.2015 19:35:41] Step 4: alphak=0,0277
[23.11.2015 19:35:41] Step 5: h > 0; b=alphak=0,0277
[23.11.2015 19:35:41] Step 6: Interval is: [0,0157 ; 0,0277]
[23.11.2015 19:35:41] Dichotomy method has been started!
[23.11.2015 19:35:41] Counting: delta = eps / 10 = 0,0001
[23.11.2015 19:35:41] Step 1: counting alpha_1 = 0,0216, alpha_2 = 0,0218
[23.11.2015 19:35:41] Step 3: f(0,0216) = 0,0121 <= f(0,0218) = 0,0122; b = alpha_2 = 0,0218.
[23.11.2015 19:35:41] Iter 0: Answer is in the range: [0,0157; 0,0218]
[23.11.2015 19:35:41] Step 1: counting alpha_1 = 0,0187, alpha_2 = 0,0189
[23.11.2015 19:35:41] Step 3: f(0,0187) = 0,0118 > f(0,0189) = 0,0118; a = alpha_1 = 0,0187.
[23.11.2015 19:35:41] Iter 1: Answer is in the range: [0,0187; 0,0218]
[23.11.2015 19:35:41] Step 1: counting alpha_1 = 0,0201, alpha_2 = 0,0203
[23.11.2015 19:35:41] Step 3: f(0,0201) = 0,0118 <= f(0,0203) = 0,0118; b = alpha_2 = 0,0203.
[23.11.2015 19:35:41] Step 4: (b-a)/2 = 0,0008 < eps = 0,0010; STOP SEARCHING!
[23.11.2015 19:35:41] Iter 2: Answer is in the range: [0,0187; 0,0203]
[23.11.2015 19:35:41] Step 5: alpha_end = (a+b)/2; Minimum x* is: 0,0195
[23.11.2015 19:35:41] Step 4: Alpha = 0,01949375;
[23.11.2015 19:35:41] Step 5: arguments = arguments - alpha * gradientValue = (3,573; -1,826);
[23.11.2015 19:35:41] Step 6: k = k + 1 = 5;
[23.11.2015 19:35:41] Step 7: answer is: (3,573; -1,826);
[23.11.2015 19:35:41] ITER 6:
[23.11.2015 19:35:41] Step 1: k = 6;
[23.11.2015 19:35:41] Step 2: gradient is (-1,017, 0,551);
[23.11.2015 19:35:41] DSK method started!
[23.11.2015 19:35:41] Step 1: f(alpha)=0,0064, f(alpha + h)=0,0072; k=0;
[23.11.2015 19:35:41] Step 3: b=0,0195, alpha1=0,0205, h=-0,0010, k=2.
[23.11.2015 19:35:41] Step 4: alphak=0,0175
[23.11.2015 19:35:41] Step 5: h > 0; b=alpha(k-1)=0,0185
[23.11.2015 19:35:41] k = k + 1 = 3; Go to step 4!
[23.11.2015 19:35:41] Step 4: alphak=0,0155
[23.11.2015 19:35:41] Step 5: h > 0; b=alpha(k-1)=0,0175
[23.11.2015 19:35:41] k = k + 1 = 4; Go to step 4!
[23.11.2015 19:35:41] Step 4: alphak=0,0115
[23.11.2015 19:35:41] Step 5: h > 0; b=alpha(k-1)=0,0155
[23.11.2015 19:35:41] k = k + 1 = 5; Go to step 4!
[23.11.2015 19:35:41] Step 4: alphak=0,0035
[23.11.2015 19:35:41] Step 5: h < 0; a=alphak0,0035
[23.11.2015 19:35:41] Step 6: Interval is: [0,0035 ; 0,0155]
[23.11.2015 19:35:41] Dichotomy method has been started!
[23.11.2015 19:35:41] Counting: delta = eps / 10 = 0,0001
[23.11.2015 19:35:41] Step 1: counting alpha_1 = 0,0094, alpha_2 = 0,0096
[23.11.2015 19:35:41] Step 3: f(0,0094) = 0,0040 > f(0,0096) = 0,0039; a = alpha_1 = 0,0094.
[23.11.2015 19:35:41] Iter 0: Answer is in the range: [0,0094; 0,0155]
[23.11.2015 19:35:41] Step 1: counting alpha_1 = 0,0123, alpha_2 = 0,0125
[23.11.2015 19:35:41] Step 3: f(0,0123) = 0,0035 <= f(0,0125) = 0,0035; b = alpha_2 = 0,0125.
[23.11.2015 19:35:41] Iter 1: Answer is in the range: [0,0094; 0,0125]
[23.11.2015 19:35:41] Step 1: counting alpha_1 = 0,0109, alpha_2 = 0,0111
[23.11.2015 19:35:41] Step 3: f(0,0109) = 0,0036 > f(0,0111) = 0,0036; a = alpha_1 = 0,0109.
[23.11.2015 19:35:41] Step 4: (b-a)/2 = 0,0008 < eps = 0,0010; STOP SEARCHING!
[23.11.2015 19:35:41] Iter 2: Answer is in the range: [0,0109; 0,0125]
[23.11.2015 19:35:41] Step 5: alpha_end = (a+b)/2; Minimum x* is: 0,0117
[23.11.2015 19:35:41] Step 4: Alpha = 0,01170625;
[23.11.2015 19:35:41] Step 5: arguments = arguments - alpha * gradientValue = (3,585; -1,833);
[23.11.2015 19:35:41] Step 6: k = k + 1 = 6;
[23.11.2015 19:35:41] Step 7: answer is: (3,585; -1,833);
[23.11.2015 19:35:41] ITER 7:
[23.11.2015 19:35:41] Step 1: k = 7;
[23.11.2015 19:35:41] Step 2: gradient is (0,180, 0,451);
[23.11.2015 19:35:41] DSK method started!
[23.11.2015 19:35:41] Step 1: f(alpha)=0,0015, f(alpha + h)=0,0014; k=0;
[23.11.2015 19:35:41] Step 2: a=0,0117, alpha1=0,0127, k=2; Go to step 4!
[23.11.2015 19:35:41] Step 4: alphak=0,0137
[23.11.2015 19:35:41] Step 5: h > 0; a=alpha(k-1)=0,0127
[23.11.2015 19:35:41] k = k + 1 = 3; Go to step 4!
[23.11.2015 19:35:42] Step 4: alphak=0,0157
[23.11.2015 19:35:42] Step 5: h > 0; a=alpha(k-1)=0,0137
[23.11.2015 19:35:42] k = k + 1 = 4; Go to step 4!
[23.11.2015 19:35:42] Step 4: alphak=0,0197
[23.11.2015 19:35:42] Step 5: h > 0; a=alpha(k-1)=0,0157
[23.11.2015 19:35:42] k = k + 1 = 5; Go to step 4!
[23.11.2015 19:35:42] Step 4: alphak=0,0277
[23.11.2015 19:35:42] Step 5: h > 0; b=alphak=0,0277
[23.11.2015 19:35:42] Step 6: Interval is: [0,0157 ; 0,0277]
[23.11.2015 19:35:42] Dichotomy method has been started!
[23.11.2015 19:35:42] Counting: delta = eps / 10 = 0,0001
[23.11.2015 19:35:42] Step 1: counting alpha_1 = 0,0216, alpha_2 = 0,0218
[23.11.2015 19:35:42] Step 3: f(0,0216) = 0,0009 > f(0,0218) = 0,0009; a = alpha_1 = 0,0216.
[23.11.2015 19:35:42] Iter 0: Answer is in the range: [0,0216; 0,0277]
[23.11.2015 19:35:42] Step 1: counting alpha_1 = 0,0246, alpha_2 = 0,0248
[23.11.2015 19:35:42] Step 3: f(0,0246) = 0,0009 <= f(0,0248) = 0,0009; b = alpha_2 = 0,0248.
[23.11.2015 19:35:42] Iter 1: Answer is in the range: [0,0216; 0,0248]
[23.11.2015 19:35:42] Step 1: counting alpha_1 = 0,0231, alpha_2 = 0,0233
[23.11.2015 19:35:42] Step 3: f(0,0231) = 0,0009 <= f(0,0233) = 0,0009; b = alpha_2 = 0,0233.
[23.11.2015 19:35:42] Step 4: (b-a)/2 = 0,0008 < eps = 0,0010; STOP SEARCHING!
[23.11.2015 19:35:42] Iter 2: Answer is in the range: [0,0216; 0,0233]
[23.11.2015 19:35:42] Step 5: alpha_end = (a+b)/2; Minimum x* is: 0,0224
[23.11.2015 19:35:42] Step 4: Alpha = 0,02244375;
[23.11.2015 19:35:42] Step 5: arguments = arguments - alpha * gradientValue = (3,581; -1,843);
[23.11.2015 19:35:42] Step 6: k = k + 1 = 7;
[23.11.2015 19:35:42] Step 7: answer is: (3,581; -1,843);
[23.11.2015 19:35:42] ITER 8:
[23.11.2015 19:35:42] Step 1: k = 8;
[23.11.2015 19:35:42] Step 2: gradient is (-0,312, 0,130);
[23.11.2015 19:35:42] DSK method started!
[23.11.2015 19:35:42] Step 1: f(alpha)=0,0008, f(alpha + h)=0,0010; k=0;
[23.11.2015 19:35:42] Step 3: b=0,0224, alpha1=0,0234, h=-0,0010, k=2.
[23.11.2015 19:35:42] Step 4: alphak=0,0204
[23.11.2015 19:35:42] Step 5: h > 0; b=alpha(k-1)=0,0214
[23.11.2015 19:35:42] k = k + 1 = 3; Go to step 4!
[23.11.2015 19:35:42] Step 4: alphak=0,0184
[23.11.2015 19:35:42] Step 5: h > 0; b=alpha(k-1)=0,0204
[23.11.2015 19:35:42] k = k + 1 = 4; Go to step 4!
[23.11.2015 19:35:42] Step 4: alphak=0,0144
[23.11.2015 19:35:42] Step 5: h > 0; b=alpha(k-1)=0,0184
[23.11.2015 19:35:42] k = k + 1 = 5; Go to step 4!
[23.11.2015 19:35:42] Step 4: alphak=0,0064
[23.11.2015 19:35:42] Step 5: h < 0; a=alphak0,0064
[23.11.2015 19:35:42] Step 6: Interval is: [0,0064 ; 0,0184]
[23.11.2015 19:35:42] Dichotomy method has been started!
[23.11.2015 19:35:42] Counting: delta = eps / 10 = 0,0001
[23.11.2015 19:35:42] Step 1: counting alpha_1 = 0,0123, alpha_2 = 0,0125
[23.11.2015 19:35:42] Step 3: f(0,0123) = 0,0002 <= f(0,0125) = 0,0002; b = alpha_2 = 0,0125.
[23.11.2015 19:35:42] Iter 0: Answer is in the range: [0,0064; 0,0125]
[23.11.2015 19:35:42] Step 1: counting alpha_1 = 0,0094, alpha_2 = 0,0096
[23.11.2015 19:35:42] Step 3: f(0,0094) = 0,0002 > f(0,0096) = 0,0002; a = alpha_1 = 0,0094.
[23.11.2015 19:35:42] Iter 1: Answer is in the range: [0,0094; 0,0125]
[23.11.2015 19:35:42] Step 1: counting alpha_1 = 0,0109, alpha_2 = 0,0111
[23.11.2015 19:35:42] Step 3: f(0,0109) = 0,0002 > f(0,0111) = 0,0002; a = alpha_1 = 0,0109.
[23.11.2015 19:35:42] Step 4: (b-a)/2 = 0,0008 < eps = 0,0010; STOP SEARCHING!
[23.11.2015 19:35:42] Iter 2: Answer is in the range: [0,0109; 0,0125]
[23.11.2015 19:35:42] Step 5: alpha_end = (a+b)/2; Minimum x* is: 0,0117
[23.11.2015 19:35:42] Step 4: Alpha = 0,01170625;
[23.11.2015 19:35:42] Step 5: arguments = arguments - alpha * gradientValue = (3,585; -1,844);
[23.11.2015 19:35:42] Step 6: k = k + 1 = 8;
[23.11.2015 19:35:42] Step 7: answer is: (3,585; -1,844);
[23.11.2015 19:35:42] ITER 9:
[23.11.2015 19:35:42] Step 1: k = 9;
[23.11.2015 19:35:42] Step 2: gradient is (0,058, 0,112);
[23.11.2015 19:35:42] DSK method started!
[23.11.2015 19:35:42] Step 1: f(alpha)=0,0001, f(alpha + h)=0,0001; k=0;
[23.11.2015 19:35:42] Step 2: a=0,0117, alpha1=0,0127, k=2; Go to step 4!
[23.11.2015 19:35:42] Step 4: alphak=0,0137
[23.11.2015 19:35:42] Step 5: h > 0; a=alpha(k-1)=0,0127
[23.11.2015 19:35:42] k = k + 1 = 3; Go to step 4!
[23.11.2015 19:35:42] Step 4: alphak=0,0157
[23.11.2015 19:35:42] Step 5: h > 0; a=alpha(k-1)=0,0137
[23.11.2015 19:35:42] k = k + 1 = 4; Go to step 4!
[23.11.2015 19:35:42] Step 4: alphak=0,0197
[23.11.2015 19:35:42] Step 5: h > 0; a=alpha(k-1)=0,0157
[23.11.2015 19:35:42] k = k + 1 = 5; Go to step 4!
[23.11.2015 19:35:42] Step 4: alphak=0,0277
[23.11.2015 19:35:42] Step 5: h > 0; b=alphak=0,0277
[23.11.2015 19:35:42] Step 6: Interval is: [0,0157 ; 0,0277]
[23.11.2015 19:35:42] Dichotomy method has been started!
[23.11.2015 19:35:42] Counting: delta = eps / 10 = 0,0001
[23.11.2015 19:35:42] Step 1: counting alpha_1 = 0,0216, alpha_2 = 0,0218
[23.11.2015 19:35:42] Step 3: f(0,0216) = 0,0001 <= f(0,0218) = 0,0001; b = alpha_2 = 0,0218.
[23.11.2015 19:35:42] Iter 0: Answer is in the range: [0,0157; 0,0218]
[23.11.2015 19:35:42] Step 1: counting alpha_1 = 0,0187, alpha_2 = 0,0189
[23.11.2015 19:35:42] Step 3: f(0,0187) = 0,0001 > f(0,0189) = 0,0001; a = alpha_1 = 0,0187.
[23.11.2015 19:35:42] Iter 1: Answer is in the range: [0,0187; 0,0218]
[23.11.2015 19:35:42] Step 1: counting alpha_1 = 0,0201, alpha_2 = 0,0203
[23.11.2015 19:35:42] Step 3: f(0,0201) = 0,0001 <= f(0,0203) = 0,0001; b = alpha_2 = 0,0203.
[23.11.2015 19:35:42] Step 4: (b-a)/2 = 0,0008 < eps = 0,0010; STOP SEARCHING!
[23.11.2015 19:35:42] Iter 2: Answer is in the range: [0,0187; 0,0203]
[23.11.2015 19:35:42] Step 5: alpha_end = (a+b)/2; Minimum x* is: 0,0195
[23.11.2015 19:35:42] Step 4: Alpha = 0,01949375;
[23.11.2015 19:35:42] Step 5: arguments = arguments - alpha * gradientValue = (3,584; -1,847);
[23.11.2015 19:35:42] Step 6: k = k + 1 = 9;
[23.11.2015 19:35:42] Step 7: answer is: (3,584; -1,847);
[23.11.2015 19:35:42] ITER 10:
[23.11.2015 19:35:42] Step 1: k = 10;
[23.11.2015 19:35:42] Step 2: gradient is (-0,075, 0,040);
[23.11.2015 19:35:42] DSK method started!
[23.11.2015 19:35:42] Step 1: f(alpha)=0,0000, f(alpha + h)=0,0000; k=0;
[23.11.2015 19:35:42] Step 3: b=0,0195, alpha1=0,0205, h=-0,0010, k=2.
[23.11.2015 19:35:42] Step 4: alphak=0,0175
[23.11.2015 19:35:42] Step 5: h > 0; b=alpha(k-1)=0,0185
[23.11.2015 19:35:42] k = k + 1 = 3; Go to step 4!
[23.11.2015 19:35:42] Step 4: alphak=0,0155
[23.11.2015 19:35:42] Step 5: h > 0; b=alpha(k-1)=0,0175
[23.11.2015 19:35:42] k = k + 1 = 4; Go to step 4!
[23.11.2015 19:35:42] Step 4: alphak=0,0115
[23.11.2015 19:35:42] Step 5: h > 0; b=alpha(k-1)=0,0155
[23.11.2015 19:35:42] k = k + 1 = 5; Go to step 4!
[23.11.2015 19:35:42] Step 4: alphak=0,0035
[23.11.2015 19:35:42] Step 5: h < 0; a=alphak0,0035
[23.11.2015 19:35:42] Step 6: Interval is: [0,0035 ; 0,0155]
[23.11.2015 19:35:42] Dichotomy method has been started!
[23.11.2015 19:35:42] Counting: delta = eps / 10 = 0,0001
[23.11.2015 19:35:42] Step 1: counting alpha_1 = 0,0094, alpha_2 = 0,0096
[23.11.2015 19:35:42] Step 3: f(0,0094) = 0,0000 > f(0,0096) = 0,0000; a = alpha_1 = 0,0094.
[23.11.2015 19:35:42] Iter 0: Answer is in the range: [0,0094; 0,0155]
[23.11.2015 19:35:42] Step 1: counting alpha_1 = 0,0123, alpha_2 = 0,0125
[23.11.2015 19:35:42] Step 3: f(0,0123) = 0,0000 <= f(0,0125) = 0,0000; b = alpha_2 = 0,0125.
[23.11.2015 19:35:42] Iter 1: Answer is in the range: [0,0094; 0,0125]
[23.11.2015 19:35:42] Step 1: counting alpha_1 = 0,0109, alpha_2 = 0,0111
[23.11.2015 19:35:42] Step 3: f(0,0109) = 0,0000 > f(0,0111) = 0,0000; a = alpha_1 = 0,0109.
[23.11.2015 19:35:42] Step 4: (b-a)/2 = 0,0008 < eps = 0,0010; STOP SEARCHING!
[23.11.2015 19:35:42] Iter 2: Answer is in the range: [0,0109; 0,0125]
[23.11.2015 19:35:42] Step 5: alpha_end = (a+b)/2; Minimum x* is: 0,0117
[23.11.2015 19:35:42] Step 4: Alpha = 0,01170625;
[23.11.2015 19:35:42] Step 5: arguments = arguments - alpha * gradientValue = (3,584; -1,847);
[23.11.2015 19:35:42] Step 6: k = k + 1 = 10;
[23.11.2015 19:35:42] Step 7: answer is: (3,584; -1,847);
[23.11.2015 19:35:42] ITER 11:
[23.11.2015 19:35:42] Step 1: k = 11;
[23.11.2015 19:35:42] Step 2: gradient is (0,013, 0,033);
[23.11.2015 19:35:42] DSK method started!
[23.11.2015 19:35:42] Step 1: f(alpha)=0,0000, f(alpha + h)=0,0000; k=0;
[23.11.2015 19:35:42] Step 2: a=0,0117, alpha1=0,0127, k=2; Go to step 4!
[23.11.2015 19:35:42] Step 4: alphak=0,0137
[23.11.2015 19:35:42] Step 5: h > 0; a=alpha(k-1)=0,0127
[23.11.2015 19:35:42] k = k + 1 = 3; Go to step 4!
[23.11.2015 19:35:42] Step 4: alphak=0,0157
[23.11.2015 19:35:42] Step 5: h > 0; a=alpha(k-1)=0,0137
[23.11.2015 19:35:42] k = k + 1 = 4; Go to step 4!
[23.11.2015 19:35:42] Step 4: alphak=0,0197
[23.11.2015 19:35:42] Step 5: h > 0; a=alpha(k-1)=0,0157
[23.11.2015 19:35:42] k = k + 1 = 5; Go to step 4!
[23.11.2015 19:35:42] Step 4: alphak=0,0277
[23.11.2015 19:35:42] Step 5: h > 0; b=alphak=0,0277
[23.11.2015 19:35:42] Step 6: Interval is: [0,0157 ; 0,0277]
[23.11.2015 19:35:42] Dichotomy method has been started!
[23.11.2015 19:35:42] Counting: delta = eps / 10 = 0,0001
[23.11.2015 19:35:42] Step 1: counting alpha_1 = 0,0216, alpha_2 = 0,0218
[23.11.2015 19:35:42] Step 3: f(0,0216) = 0,0000 > f(0,0218) = 0,0000; a = alpha_1 = 0,0216.
[23.11.2015 19:35:42] Iter 0: Answer is in the range: [0,0216; 0,0277]
[23.11.2015 19:35:42] Step 1: counting alpha_1 = 0,0246, alpha_2 = 0,0248
[23.11.2015 19:35:42] Step 3: f(0,0246) = 0,0000 <= f(0,0248) = 0,0000; b = alpha_2 = 0,0248.
[23.11.2015 19:35:42] Iter 1: Answer is in the range: [0,0216; 0,0248]
[23.11.2015 19:35:42] Step 1: counting alpha_1 = 0,0231, alpha_2 = 0,0233
[23.11.2015 19:35:42] Step 3: f(0,0231) = 0,0000 <= f(0,0233) = 0,0000; b = alpha_2 = 0,0233.
[23.11.2015 19:35:42] Step 4: (b-a)/2 = 0,0008 < eps = 0,0010; STOP SEARCHING!
[23.11.2015 19:35:42] Iter 2: Answer is in the range: [0,0216; 0,0233]
[23.11.2015 19:35:42] Step 5: alpha_end = (a+b)/2; Minimum x* is: 0,0224
[23.11.2015 19:35:42] Step 4: Alpha = 0,02244375;
[23.11.2015 19:35:42] Step 5: arguments = arguments - alpha * gradientValue = (3,584; -1,848);
[23.11.2015 19:35:42] Step 6: k = k + 1 = 11;
[23.11.2015 19:35:42] Step 7: answer is: (3,584; -1,848);
[23.11.2015 19:35:42] ITER 12:
[23.11.2015 19:35:42] Step 1: k = 12;
[23.11.2015 19:35:42] Step 2: gradient is (-0,021, 0,009);
[23.11.2015 19:35:42] DSK method started!
[23.11.2015 19:35:42] Step 1: f(alpha)=0,0000, f(alpha + h)=0,0000; k=0;
[23.11.2015 19:35:42] Step 3: b=0,0224, alpha1=0,0234, h=-0,0010, k=2.
[23.11.2015 19:35:42] Step 4: alphak=0,0204
[23.11.2015 19:35:42] Step 5: h > 0; b=alpha(k-1)=0,0214
[23.11.2015 19:35:42] k = k + 1 = 3; Go to step 4!
[23.11.2015 19:35:43] Step 4: alphak=0,0184
[23.11.2015 19:35:43] Step 5: h > 0; b=alpha(k-1)=0,0204
[23.11.2015 19:35:43] k = k + 1 = 4; Go to step 4!
[23.11.2015 19:35:43] Step 4: alphak=0,0144
[23.11.2015 19:35:43] Step 5: h > 0; b=alpha(k-1)=0,0184
[23.11.2015 19:35:43] k = k + 1 = 5; Go to step 4!
[23.11.2015 19:35:43] Step 4: alphak=0,0064
[23.11.2015 19:35:43] Step 5: h < 0; a=alphak0,0064
[23.11.2015 19:35:43] Step 6: Interval is: [0,0064 ; 0,0184]
[23.11.2015 19:35:43] Dichotomy method has been started!
[23.11.2015 19:35:43] Counting: delta = eps / 10 = 0,0001
[23.11.2015 19:35:43] Step 1: counting alpha_1 = 0,0123, alpha_2 = 0,0125
[23.11.2015 19:35:43] Step 3: f(0,0123) = 0,0000 <= f(0,0125) = 0,0000; b = alpha_2 = 0,0125.
[23.11.2015 19:35:43] Iter 0: Answer is in the range: [0,0064; 0,0125]
[23.11.2015 19:35:43] Step 1: counting alpha_1 = 0,0094, alpha_2 = 0,0096
[23.11.2015 19:35:43] Step 3: f(0,0094) = 0,0000 > f(0,0096) = 0,0000; a = alpha_1 = 0,0094.
[23.11.2015 19:35:43] Iter 1: Answer is in the range: [0,0094; 0,0125]
[23.11.2015 19:35:43] Step 1: counting alpha_1 = 0,0109, alpha_2 = 0,0111
[23.11.2015 19:35:43] Step 3: f(0,0109) = 0,0000 > f(0,0111) = 0,0000; a = alpha_1 = 0,0109.
[23.11.2015 19:35:43] Step 4: (b-a)/2 = 0,0008 < eps = 0,0010; STOP SEARCHING!
[23.11.2015 19:35:43] Iter 2: Answer is in the range: [0,0109; 0,0125]
[23.11.2015 19:35:43] Step 5: alpha_end = (a+b)/2; Minimum x* is: 0,0117
[23.11.2015 19:35:43] Step 4: Alpha = 0,01170625;
[23.11.2015 19:35:43] Step 5: arguments = arguments - alpha * gradientValue = (3,584; -1,848);
[23.11.2015 19:35:43] Step 6: k = k + 1 = 12;
[23.11.2015 19:35:43] Step 7: answer is: (3,584; -1,848);
[23.11.2015 19:35:43] ITER 13:
[23.11.2015 19:35:43] Step 1: k = 13;
[23.11.2015 19:35:43] Step 2: gradient is (0,003, 0,008);
[23.11.2015 19:35:43] Step 3: gradient Euclidean norm is <= eps: 0,008 <= 0,01; Go to step 7!
[23.11.2015 19:35:43] Step 7: answer is: (3,584; -1,848);
[23.11.2015 19:37:58] DFP method started
[23.11.2015 19:37:58] Input data. Start point DenseVector 2-Double
 3
-1
, epsilon 0,01000
[23.11.2015 19:37:58] Step 1: K = 0
[23.11.2015 19:37:58] Step 2: ITERATION number 0
[23.11.2015 19:37:58] Step 4: K==0, go to step 8.
[23.11.2015 19:37:58] Step 8: Search vector: DenseVector 2-Double
 41,9535
-5,99849

[23.11.2015 19:37:58] DSK method started!
[23.11.2015 19:37:58] Step 1: f(alpha)=13,2993, f(alpha + h)=12,0042; k=0;
[23.11.2015 19:37:58] Step 2: a=0,0015, alpha1=0,0025, k=2; Go to step 4!
[23.11.2015 19:37:58] Step 4: alphak=0,0035
[23.11.2015 19:37:58] Step 5: h > 0; a=alpha(k-1)=0,0025
[23.11.2015 19:37:58] k = k + 1 = 3; Go to step 4!
[23.11.2015 19:37:58] Step 4: alphak=0,0055
[23.11.2015 19:37:58] Step 5: h > 0; a=alpha(k-1)=0,0035
[23.11.2015 19:37:58] k = k + 1 = 4; Go to step 4!
[23.11.2015 19:37:58] Step 4: alphak=0,0095
[23.11.2015 19:37:58] Step 5: h > 0; a=alpha(k-1)=0,0055
[23.11.2015 19:37:58] k = k + 1 = 5; Go to step 4!
[23.11.2015 19:37:58] Step 4: alphak=0,0175
[23.11.2015 19:37:58] Step 5: h > 0; b=alphak=0,0175
[23.11.2015 19:37:58] Step 6: Interval is: [0,0055 ; 0,0175]
[23.11.2015 19:37:58] Dichotomy method has been started!
[23.11.2015 19:37:58] Counting: delta = eps / 10 = 0,0001
[23.11.2015 19:37:58] Step 1: counting alpha_1 = 0,0114, alpha_2 = 0,0116
[23.11.2015 19:37:58] Step 3: f(0,0114) = 5,4497 > f(0,0116) = 5,4182; a = alpha_1 = 0,0114.
[23.11.2015 19:37:58] Iter 0: Answer is in the range: [0,0114; 0,0175]
[23.11.2015 19:37:58] Step 1: counting alpha_1 = 0,0144, alpha_2 = 0,0146
[23.11.2015 19:37:58] Step 3: f(0,0144) = 5,5725 <= f(0,0146) = 5,6279; b = alpha_2 = 0,0146.
[23.11.2015 19:37:58] Iter 1: Answer is in the range: [0,0114; 0,0146]
[23.11.2015 19:37:58] Step 1: counting alpha_1 = 0,0129, alpha_2 = 0,0131
[23.11.2015 19:37:58] Step 3: f(0,0129) = 5,3515 <= f(0,0131) = 5,3624; b = alpha_2 = 0,0131.
[23.11.2015 19:37:58] Step 4: (b-a)/2 = 0,0008 < eps = 0,0010; STOP SEARCHING!
[23.11.2015 19:37:58] Iter 2: Answer is in the range: [0,0114; 0,0131]
[23.11.2015 19:37:58] Step 5: alpha_end = (a+b)/2; Minimum x* is: 0,0122
[23.11.2015 19:37:58] Step 9: New alpha 0,0122375000130385
[23.11.2015 19:37:58] Step 10: New local search point DenseVector 2-Double
 3
-1

[23.11.2015 19:37:58] Step 11: Iteration end.
[23.11.2015 19:37:58] Step 2: ITERATION number 1
[23.11.2015 19:37:58] Step 5: Sk = DenseVector 2-Double
0
0

[23.11.2015 19:37:58] Step 6: Yk = DenseVector 2-Double
0
0

