[25.11.2015 14:39:01] DFP method started
[25.11.2015 14:39:01] Input data. Start point DenseVector 2-Double
100
100
, epsilon 0,10000
[25.11.2015 14:39:01] Step 1: K = 0
[25.11.2015 14:39:01] Step 2: ITERATION number 0
[25.11.2015 14:39:01] Step 4: K==0, go to step 8.
[25.11.2015 14:39:02] Step 8: Search vector: DenseVector 2-Double
-4,05579E+06
-4,05738E+06

[25.11.2015 14:39:02] Начата работа метода Дэвиса-Свенна-Кэмпи.
[25.11.2015 14:39:02] Начальная точка x0 = 0, h= 0,01
[25.11.2015 14:39:02] 1. Вычисление f(x0) = 203656570, f(x0+h) = 5,36243459548834E+18
[25.11.2015 14:39:02] 3. Сработало условие f(x0-h)>=f(x0), f(x0-h) = 5,4697765590062E+18, f(x0) = 203656570
[25.11.2015 14:39:02] 3. Метод завершается с результатом -0,01;0,01
[25.11.2015 14:39:02] Начал работу метод параболической аппроксимации Пауэлла.
[25.11.2015 14:39:02] Начальные значения, интервал -0,01;0,01, eps = 0,01
[25.11.2015 14:39:02] Итерация номер 1
[25.11.2015 14:39:02] 1. Найдено x1 = -0,01, x2 = 0, x3 = 0,01
[25.11.2015 14:39:02] 2. Минимальное значение: -0,01
[25.11.2015 14:39:02] 3. Пересчитан x4 = 4,95475771248058E-05
[25.11.2015 14:39:02] 4. x4 не достаточно приближен к истинному минимуму. Продолжение работы алгоритма.
[25.11.2015 14:39:02] 5. Точки отсортированы по возрастанию. -0,01, 0, 4,95475771248058E-05, 0,01
[25.11.2015 14:39:02] 5. Точки отсортированы по значению функции. 4,95475771248058E-05, 0, 0,01, -0,01
[25.11.2015 14:39:02] Итерация номер 2
[25.11.2015 14:39:02] 1. Найдено x1 = 4,95475771248058E-05, x2 = 0, x3 = 0,01
[25.11.2015 14:39:02] 2. Минимальное значение: 0
[25.11.2015 14:39:02] 3. Пересчитан x4 = 2,4773788571759E-05
[25.11.2015 14:39:02] 4. x4 достаточно приближен к истинному минимуму. Завершение работы алгоритма.
[25.11.2015 14:39:02] Step 9: New alpha 2,4773788571759E-05
[25.11.2015 14:39:02] Step 10: New local search point DenseVector 2-Double
-0,477185
-0,516625

[25.11.2015 14:39:02] Step 11: Iteration end.
[25.11.2015 14:39:02] Step 2: ITERATION number 1
[25.11.2015 14:39:02] Step 5: Sk = DenseVector 2-Double
-100,477
-100,517

[25.11.2015 14:39:02] Step 6: Yk = DenseVector 2-Double
-4,05578E+06
-4,05739E+06

[25.11.2015 14:39:02] Step 7: Quasi-Newton matrix: 
DenseMatrix 2x2-Double
  0,50021  -0,499988
-0,499988   0,499814

[25.11.2015 14:39:02] Step 8: Search vector: DenseVector 2-Double
-7,40382
  7,4009

[25.11.2015 14:39:02] Начата работа метода Дэвиса-Свенна-Кэмпи.
[25.11.2015 14:39:02] Начальная точка x0 = 2,4773788571759E-05, h= 0,01
[25.11.2015 14:39:02] 1. Вычисление f(x0) = 179,425175651702, f(x0+h) = 178,169316685025
[25.11.2015 14:39:02] 2. Сработало условие f(x0)>f(x0+h), f(x0) = 179,425175651702, f(x0+h) = 178,169316685025
[25.11.2015 14:39:02] 4. Начало итерационного поиска
[25.11.2015 14:39:02] Итерация номер 1
[25.11.2015 14:39:02] 5. Сработало условие f(x[k-1])>f(x[k]). k = 2, f(x[k-1]) = 178,169316685025, f(x[k]) = 176,595587733627
[25.11.2015 14:39:02] Была найдена более подходящая левая граница отрезка локализации минимума: 0,0100247737885718
[25.11.2015 14:39:02] Итерация номер 2
[25.11.2015 14:39:02] 5. Сработало условие f(x[k-1])>f(x[k]). k = 3, f(x[k-1]) = 176,595587733627, f(x[k]) = 172,503117339314
[25.11.2015 14:39:02] Была найдена более подходящая левая граница отрезка локализации минимума: 0,0200247737885718
[25.11.2015 14:39:02] Итерация номер 3
[25.11.2015 14:39:02] 5. Сработало условие f(x[k-1])>f(x[k]). k = 4, f(x[k-1]) = 172,503117339314, f(x[k]) = 160,679015709333
[25.11.2015 14:39:02] Была найдена более подходящая левая граница отрезка локализации минимума: 0,0400247737885718
[25.11.2015 14:39:02] Итерация номер 4
[25.11.2015 14:39:02] 5. Сработало условие f(x[k-1])>f(x[k]). k = 5, f(x[k-1]) = 160,679015709333, f(x[k]) = 124,811885374254
[25.11.2015 14:39:02] Была найдена более подходящая левая граница отрезка локализации минимума: 0,0800247737885718
[25.11.2015 14:39:02] Итерация номер 5
[25.11.2015 14:39:02] 5. Сработало условие f(x[k-1])>f(x[k]). k = 6, f(x[k-1]) = 124,811885374254, f(x[k]) = 42,273299408159
[25.11.2015 14:39:02] Была найдена более подходящая левая граница отрезка локализации минимума: 0,160024773788572
[25.11.2015 14:39:02] Итерация номер 6
[25.11.2015 14:39:02] 5. Сработало условие f(x[k-1])<=f(x[k]). k = 7, f(x[k-1]) = 42,273299408159, f(x[k]) = 448,464333242031
[25.11.2015 14:39:02] Была найдена более подходящая правая граница отрезка локализации минимума: 0,640024773788572
[25.11.2015 14:39:02] Найдены подходящие границы отрезка локализации минимума. Это 0,160024773788572;0,640024773788572
[25.11.2015 14:39:02] Начал работу метод параболической аппроксимации Пауэлла.
[25.11.2015 14:39:02] Начальные значения, интервал 0,160024773788572;0,640024773788572, eps = 0,01
[25.11.2015 14:39:02] Итерация номер 1
[25.11.2015 14:39:02] 1. Найдено x1 = 0,160024773788572, x2 = 0,400024773788572, x3 = 0,640024773788572
[25.11.2015 14:39:02] 2. Минимальное значение: 0,160024773788572
[25.11.2015 14:39:02] 3. Пересчитан x4 = 0,324168477075026
[25.11.2015 14:39:02] 4. x4 не достаточно приближен к истинному минимуму. Продолжение работы алгоритма.
[25.11.2015 14:39:02] 5. Точки отсортированы по возрастанию. 0,160024773788572, 0,324168477075026, 0,400024773788572, 0,640024773788572
[25.11.2015 14:39:02] 5. Точки отсортированы по значению функции. 0,400024773788572, 0,324168477075026, 0,160024773788572, 0,640024773788572
[25.11.2015 14:39:02] Итерация номер 2
[25.11.2015 14:39:02] 1. Найдено x1 = 0,400024773788572, x2 = 0,324168477075026, x3 = 0,160024773788572
[25.11.2015 14:39:02] 2. Минимальное значение: 0,160024773788572
[25.11.2015 14:39:02] 3. Пересчитан x4 = 0,404735233583745
[25.11.2015 14:39:02] 4. x4 не достаточно приближен к истинному минимуму. Продолжение работы алгоритма.
[25.11.2015 14:39:02] 5. Точки отсортированы по возрастанию. 0,160024773788572, 0,324168477075026, 0,400024773788572, 0,404735233583745
[25.11.2015 14:39:02] 5. Точки отсортированы по значению функции. 0,400024773788572, 0,404735233583745, 0,324168477075026, 0,160024773788572
[25.11.2015 14:39:02] Итерация номер 3
[25.11.2015 14:39:02] 1. Найдено x1 = 0,400024773788572, x2 = 0,404735233583745, x3 = 0,324168477075026
[25.11.2015 14:39:02] 2. Минимальное значение: 0,324168477075026
[25.11.2015 14:39:02] 3. Пересчитан x4 = 0,381528828410004
[25.11.2015 14:39:02] 4. x4 не достаточно приближен к истинному минимуму. Продолжение работы алгоритма.
[25.11.2015 14:39:02] 5. Точки отсортированы по возрастанию. 0,324168477075026, 0,381528828410004, 0,400024773788572, 0,404735233583745
[25.11.2015 14:39:02] 5. Точки отсортированы по значению функции. 0,381528828410004, 0,400024773788572, 0,404735233583745, 0,324168477075026
[25.11.2015 14:39:02] Итерация номер 4
[25.11.2015 14:39:02] 1. Найдено x1 = 0,381528828410004, x2 = 0,400024773788572, x3 = 0,404735233583745
[25.11.2015 14:39:02] 2. Минимальное значение: 0,381528828410004
[25.11.2015 14:39:02] 3. Пересчитан x4 = 0,384243454472023
[25.11.2015 14:39:02] 4. x4 достаточно приближен к истинному минимуму. Завершение работы алгоритма.
[25.11.2015 14:39:02] Step 9: New alpha 0,384243454472023
[25.11.2015 14:39:02] Step 10: New local search point DenseVector 2-Double
-3,32205
 2,32712

[25.11.2015 14:39:02] Step 11: Iteration end.
[25.11.2015 14:39:02] Step 2: ITERATION number 2
[25.11.2015 14:39:02] Step 5: Sk = DenseVector 2-Double
-2,84487
 2,84375

[25.11.2015 14:39:02] Step 6: Yk = DenseVector 2-Double
-48,3425
-33,2685

[25.11.2015 14:39:02] Step 7: Quasi-Newton matrix: 
DenseMatrix 2x2-Double
 0,188804  -0,188838
-0,188838   0,188922

[25.11.2015 14:39:02] Step 8: Search vector: DenseVector 2-Double
 0,0493999
-0,0473851

[25.11.2015 14:39:02] Начата работа метода Дэвиса-Свенна-Кэмпи.
[25.11.2015 14:39:02] Начальная точка x0 = 0,384243454472023, h= 0,01
[25.11.2015 14:39:02] 1. Вычисление f(x0) = 29,6454549537391, f(x0+h) = 29,6457297349891
[25.11.2015 14:39:02] 3. Сработало условие f(x0)<=f(x0+h), f(x0) = 29,6454549537391, f(x0+h) = 29,6457297349891
[25.11.2015 14:39:02] 4. Начало итерационного поиска
[25.11.2015 14:39:02] Итерация номер 1
[25.11.2015 14:39:02] 5. Сработало условие f(x[k-1])>f(x[k]). k = 2, f(x[k-1]) = 29,6452115481894, f(x[k]) = 29,6449995338504
[25.11.2015 14:39:02] Была найдена более подходящая правая граница отрезка локализации минимума: 0,374243454472023
[25.11.2015 14:39:02] Итерация номер 2
[25.11.2015 14:39:02] 5. Сработало условие f(x[k-1])>f(x[k]). k = 3, f(x[k-1]) = 29,6449995338504, f(x[k]) = 29,6446697408596
[25.11.2015 14:39:02] Была найдена более подходящая правая граница отрезка локализации минимума: 0,364243454472023
[25.11.2015 14:39:02] Итерация номер 3
[25.11.2015 14:39:02] 5. Сработало условие f(x[k-1])>f(x[k]). k = 4, f(x[k-1]) = 29,6446697408596, f(x[k]) = 29,6443875321604
[25.11.2015 14:39:02] Была найдена более подходящая правая граница отрезка локализации минимума: 0,344243454472023
[25.11.2015 14:39:02] Итерация номер 4
[25.11.2015 14:39:02] 5. Сработало условие f(x[k-1])<=f(x[k]). k = 5, f(x[k-1]) = 29,6443875321604, f(x[k]) = 29,6453361023736
[25.11.2015 14:39:02] Была найдена более подходящая левая граница отрезка локализации минимума: 0,224243454472023
[25.11.2015 14:39:02] Найдены подходящие границы отрезка локализации минимума. Это 0,224243454472023;0,344243454472023
[25.11.2015 14:39:02] Начал работу метод параболической аппроксимации Пауэлла.
[25.11.2015 14:39:02] Начальные значения, интервал 0,224243454472023;0,344243454472023, eps = 0,01
[25.11.2015 14:39:02] Итерация номер 1
[25.11.2015 14:39:02] 1. Найдено x1 = 0,224243454472023, x2 = 0,284243454472023, x3 = 0,344243454472023
[25.11.2015 14:39:02] 2. Минимальное значение: 0,224243454472023
[25.11.2015 14:39:02] 3. Пересчитан x4 = 0,301854772540054
[25.11.2015 14:39:02] 4. x4 не достаточно приближен к истинному минимуму. Продолжение работы алгоритма.
[25.11.2015 14:39:02] 5. Точки отсортированы по возрастанию. 0,224243454472023, 0,284243454472023, 0,301854772540054, 0,344243454472023
[25.11.2015 14:39:02] 5. Точки отсортированы по значению функции. 0,301854772540054, 0,284243454472023, 0,344243454472023, 0,224243454472023
[25.11.2015 14:39:02] Итерация номер 2
[25.11.2015 14:39:02] 1. Найдено x1 = 0,301854772540054, x2 = 0,284243454472023, x3 = 0,344243454472023
[25.11.2015 14:39:02] 2. Минимальное значение: 0,284243454472023
[25.11.2015 14:39:02] 3. Пересчитан x4 = 0,301838962239904
[25.11.2015 14:39:02] 4. x4 не достаточно приближен к истинному минимуму. Продолжение работы алгоритма.
[25.11.2015 14:39:02] 5. Точки отсортированы по возрастанию. 0,284243454472023, 0,301838962239904, 0,301854772540054, 0,344243454472023
[25.11.2015 14:39:02] 5. Точки отсортированы по значению функции. 0,301838962239904, 0,301854772540054, 0,284243454472023, 0,344243454472023
[25.11.2015 14:39:02] Итерация номер 3
[25.11.2015 14:39:02] 1. Найдено x1 = 0,301838962239904, x2 = 0,301854772540054, x3 = 0,284243454472023
[25.11.2015 14:39:02] 2. Минимальное значение: 0,284243454472023
[25.11.2015 14:39:02] 3. Пересчитан x4 = 0,301832858660287
[25.11.2015 14:39:02] 4. x4 не достаточно приближен к истинному минимуму. Продолжение работы алгоритма.
[25.11.2015 14:39:02] 5. Точки отсортированы по возрастанию. 0,284243454472023, 0,301832858660287, 0,301838962239904, 0,301854772540054
[25.11.2015 14:39:02] 5. Точки отсортированы по значению функции. 0,301832858660287, 0,301838962239904, 0,301854772540054, 0,284243454472023
[25.11.2015 14:39:02] Итерация номер 4
[25.11.2015 14:39:02] 1. Найдено x1 = 0,301832858660287, x2 = 0,301838962239904, x3 = 0,301854772540054
[25.11.2015 14:39:02] 2. Минимальное значение: 0,301832858660287
[25.11.2015 14:39:02] 3. Пересчитан x4 = 0,301883338756915
[25.11.2015 14:39:02] 4. x4 достаточно приближен к истинному минимуму. Завершение работы алгоритма.
[25.11.2015 14:39:02] Step 9: New alpha 0,301883338756915
[25.11.2015 14:39:02] Step 10: New local search point DenseVector 2-Double
-3,30714
 2,31282

[25.11.2015 14:39:02] Step 11: Iteration end.
[25.11.2015 14:39:02] Step 2: ITERATION number 3
[25.11.2015 14:39:02] Step 5: Sk = DenseVector 2-Double
  0,014913
-0,0143048

[25.11.2015 14:39:02] Step 6: Yk = DenseVector 2-Double
  1,53507
-0,421657

[25.11.2015 14:39:02] Step 7: Quasi-Newton matrix: 
DenseMatrix 2x2-Double
 0,00769127  -0,00736702
-0,00736702   0,00710498

[25.11.2015 14:39:02] Step 8: Search vector: DenseVector 2-Double
0,000434279
 0,00159222

[25.11.2015 14:39:02] Начата работа метода Дэвиса-Свенна-Кэмпи.
[25.11.2015 14:39:02] Начальная точка x0 = 0,301883338756915, h= 0,01
[25.11.2015 14:39:02] 1. Вычисление f(x0) = 29,6193038470317, f(x0+h) = 29,618473089909
[25.11.2015 14:39:02] 2. Сработало условие f(x0)>f(x0+h), f(x0) = 29,6193038470317, f(x0+h) = 29,618473089909
[25.11.2015 14:39:02] 4. Начало итерационного поиска
[25.11.2015 14:39:02] Итерация номер 1
[25.11.2015 14:39:02] 5. Сработало условие f(x[k-1])>f(x[k]). k = 2, f(x[k-1]) = 29,618473089909, f(x[k]) = 29,6176423404292
[25.11.2015 14:39:02] Была найдена более подходящая левая граница отрезка локализации минимума: 0,311883338756915
[25.11.2015 14:39:02] Итерация номер 2
[25.11.2015 14:39:02] 5. Сработало условие f(x[k-1])>f(x[k]). k = 3, f(x[k-1]) = 29,6176423404292, f(x[k]) = 29,6159808643993
[25.11.2015 14:39:02] Была найдена более подходящая левая граница отрезка локализации минимума: 0,321883338756915
[25.11.2015 14:39:02] Итерация номер 3
[25.11.2015 14:39:02] 5. Сработало условие f(x[k-1])>f(x[k]). k = 4, f(x[k-1]) = 29,6159808643993, f(x[k]) = 29,6126580040653
[25.11.2015 14:39:02] Была найдена более подходящая левая граница отрезка локализации минимума: 0,341883338756915
[25.11.2015 14:39:02] Итерация номер 4
[25.11.2015 14:39:02] 5. Сработало условие f(x[k-1])>f(x[k]). k = 5, f(x[k-1]) = 29,6126580040653, f(x[k]) = 29,6060126503525
[25.11.2015 14:39:02] Была найдена более подходящая левая граница отрезка локализации минимума: 0,381883338756915
[25.11.2015 14:39:02] Итерация номер 5
[25.11.2015 14:39:02] 5. Сработало условие f(x[k-1])>f(x[k]). k = 6, f(x[k-1]) = 29,6060126503525, f(x[k]) = 29,5927234111682
[25.11.2015 14:39:02] Была найдена более подходящая левая граница отрезка локализации минимума: 0,461883338756915
[25.11.2015 14:39:02] Итерация номер 6
[25.11.2015 14:39:02] 5. Сработало условие f(x[k-1])>f(x[k]). k = 7, f(x[k-1]) = 29,5927234111682, f(x[k]) = 29,5661508091255
[25.11.2015 14:39:02] Была найдена более подходящая левая граница отрезка локализации минимума: 0,621883338756915
[25.11.2015 14:39:02] Итерация номер 7
[25.11.2015 14:39:02] 5. Сработало условие f(x[k-1])>f(x[k]). k = 8, f(x[k-1]) = 29,5661508091255, f(x[k]) = 29,51302913724
[25.11.2015 14:39:02] Была найдена более подходящая левая граница отрезка локализации минимума: 0,941883338756915
[25.11.2015 14:39:02] Итерация номер 8
[25.11.2015 14:39:02] 5. Сработало условие f(x[k-1])>f(x[k]). k = 9, f(x[k-1]) = 29,51302913724, f(x[k]) = 29,4068801375205
[25.11.2015 14:39:02] Была найдена более подходящая левая граница отрезка локализации минимума: 1,58188333875692
[25.11.2015 14:39:02] Итерация номер 9
[25.11.2015 14:39:02] 5. Сработало условие f(x[k-1])>f(x[k]). k = 10, f(x[k-1]) = 29,4068801375205, f(x[k]) = 29,1949612376676
[25.11.2015 14:39:02] Была найдена более подходящая левая граница отрезка локализации минимума: 2,86188333875692
[25.11.2015 14:39:02] Итерация номер 10
[25.11.2015 14:39:02] 5. Сработало условие f(x[k-1])>f(x[k]). k = 11, f(x[k-1]) = 29,1949612376676, f(x[k]) = 28,7726536452083
[25.11.2015 14:39:02] Была найдена более подходящая левая граница отрезка локализации минимума: 5,42188333875692
[25.11.2015 14:39:02] Итерация номер 11
[25.11.2015 14:39:02] 5. Сработало условие f(x[k-1])>f(x[k]). k = 12, f(x[k-1]) = 28,7726536452083, f(x[k]) = 27,9342701102272
[25.11.2015 14:39:02] Была найдена более подходящая левая граница отрезка локализации минимума: 10,5418833387569
[25.11.2015 14:39:02] Итерация номер 12
[25.11.2015 14:39:02] 5. Сработало условие f(x[k-1])>f(x[k]). k = 13, f(x[k-1]) = 27,9342701102272, f(x[k]) = 26,2833218033832
[25.11.2015 14:39:02] Была найдена более подходящая левая граница отрезка локализации минимума: 20,7818833387569
[25.11.2015 14:39:02] Итерация номер 13
[25.11.2015 14:39:02] 5. Сработало условие f(x[k-1])>f(x[k]). k = 14, f(x[k-1]) = 26,2833218033832, f(x[k]) = 23,091927081279
[25.11.2015 14:39:02] Была найдена более подходящая левая граница отрезка локализации минимума: 41,2618833387569
[25.11.2015 14:39:02] Итерация номер 14
[25.11.2015 14:39:02] 5. Сработало условие f(x[k-1])>f(x[k]). k = 15, f(x[k-1]) = 23,091927081279, f(x[k]) = 17,2103924308269
[25.11.2015 14:39:02] Была найдена более подходящая левая граница отрезка локализации минимума: 82,2218833387569
[25.11.2015 14:39:02] Итерация номер 15
[25.11.2015 14:39:02] 5. Сработало условие f(x[k-1])>f(x[k]). k = 16, f(x[k-1]) = 17,2103924308269, f(x[k]) = 7,9492403569816
[25.11.2015 14:39:02] Была найдена более подходящая левая граница отрезка локализации минимума: 164,141883338757
[25.11.2015 14:39:02] Итерация номер 16
[25.11.2015 14:39:02] 5. Сработало условие f(x[k-1])>f(x[k]). k = 17, f(x[k-1]) = 7,9492403569816, f(x[k]) = 3,77651325632635
[25.11.2015 14:39:02] Была найдена более подходящая левая граница отрезка локализации минимума: 327,981883338757
[25.11.2015 14:39:02] Итерация номер 17
[25.11.2015 14:39:02] 5. Сработало условие f(x[k-1])<=f(x[k]). k = 18, f(x[k-1]) = 3,77651325632635, f(x[k]) = 93,432211914041
[25.11.2015 14:39:02] Была найдена более подходящая правая граница отрезка локализации минимума: 1311,02188333876
[25.11.2015 14:39:02] Найдены подходящие границы отрезка локализации минимума. Это 327,981883338757;1311,02188333876
[25.11.2015 14:39:02] Начал работу метод параболической аппроксимации Пауэлла.
[25.11.2015 14:39:02] Начальные значения, интервал 327,981883338757;1311,02188333876, eps = 0,01
[25.11.2015 14:39:02] Итерация номер 1
[25.11.2015 14:39:02] 1. Найдено x1 = 327,981883338757, x2 = 819,501883338757, x3 = 1311,02188333876
[25.11.2015 14:39:02] 2. Минимальное значение: 327,981883338757
[25.11.2015 14:39:02] 3. Пересчитан x4 = 550,807084100111
[25.11.2015 14:39:02] 4. x4 не достаточно приближен к истинному минимуму. Продолжение работы алгоритма.
[25.11.2015 14:39:02] 5. Точки отсортированы по возрастанию. 327,981883338757, 550,807084100111, 819,501883338757, 1311,02188333876
[25.11.2015 14:39:02] 5. Точки отсортированы по значению функции. 550,807084100111, 327,981883338757, 819,501883338757, 1311,02188333876
[25.11.2015 14:39:02] Итерация номер 2
[25.11.2015 14:39:02] 1. Найдено x1 = 550,807084100111, x2 = 327,981883338757, x3 = 819,501883338757
[25.11.2015 14:39:02] 2. Минимальное значение: 327,981883338757
[25.11.2015 14:39:02] 3. Пересчитан x4 = 542,112759238409
[25.11.2015 14:39:02] 4. x4 не достаточно приближен к истинному минимуму. Продолжение работы алгоритма.
[25.11.2015 14:39:02] 5. Точки отсортированы по возрастанию. 327,981883338757, 542,112759238409, 550,807084100111, 819,501883338757
[25.11.2015 14:39:02] 5. Точки отсортированы по значению функции. 550,807084100111, 542,112759238409, 327,981883338757, 819,501883338757
[25.11.2015 14:39:02] Итерация номер 3
[25.11.2015 14:39:02] 1. Найдено x1 = 550,807084100111, x2 = 542,112759238409, x3 = 327,981883338757
[25.11.2015 14:39:02] 2. Минимальное значение: 327,981883338757
[25.11.2015 14:39:02] 3. Пересчитан x4 = 556,998534612451
[25.11.2015 14:39:02] 4. x4 не достаточно приближен к истинному минимуму. Продолжение работы алгоритма.
[25.11.2015 14:39:02] 5. Точки отсортированы по возрастанию. 327,981883338757, 542,112759238409, 550,807084100111, 556,998534612451
[25.11.2015 14:39:02] 5. Точки отсортированы по значению функции. 556,998534612451, 550,807084100111, 542,112759238409, 327,981883338757
[25.11.2015 14:39:02] Итерация номер 4
[25.11.2015 14:39:02] 1. Найдено x1 = 556,998534612451, x2 = 550,807084100111, x3 = 542,112759238409
[25.11.2015 14:39:02] 2. Минимальное значение: 542,112759238409
[25.11.2015 14:39:02] 3. Пересчитан x4 = 555,904343222237
[25.11.2015 14:39:02] 4. x4 не достаточно приближен к истинному минимуму. Продолжение работы алгоритма.
[25.11.2015 14:39:02] 5. Точки отсортированы по возрастанию. 542,112759238409, 550,807084100111, 555,904343222237, 556,998534612451
[25.11.2015 14:39:02] 5. Точки отсортированы по значению функции. 555,904343222237, 556,998534612451, 550,807084100111, 542,112759238409
[25.11.2015 14:39:02] Итерация номер 5
[25.11.2015 14:39:02] 1. Найдено x1 = 555,904343222237, x2 = 556,998534612451, x3 = 550,807084100111
[25.11.2015 14:39:02] 2. Минимальное значение: 550,807084100111
[25.11.2015 14:39:02] 3. Пересчитан x4 = 555,891555208603
[25.11.2015 14:39:02] 4. x4 не достаточно приближен к истинному минимуму. Продолжение работы алгоритма.
[25.11.2015 14:39:02] 5. Точки отсортированы по возрастанию. 550,807084100111, 555,891555208603, 555,904343222237, 556,998534612451
[25.11.2015 14:39:02] 5. Точки отсортированы по значению функции. 555,891555208603, 555,904343222237, 556,998534612451, 550,807084100111
[25.11.2015 14:39:02] Итерация номер 6
[25.11.2015 14:39:02] 1. Найдено x1 = 555,891555208603, x2 = 555,904343222237, x3 = 556,998534612451
[25.11.2015 14:39:03] 2. Минимальное значение: 555,891555208603
[25.11.2015 14:39:03] 3. Пересчитан x4 = 555,892873094787
[25.11.2015 14:39:03] 4. x4 достаточно приближен к истинному минимуму. Завершение работы алгоритма.
[25.11.2015 14:39:03] Step 9: New alpha 555,892873094787
[25.11.2015 14:39:03] Step 10: New local search point DenseVector 2-Double
-3,06573
 3,19792

[25.11.2015 14:39:03] Step 11: Iteration end.
[25.11.2015 14:39:03] Step 2: ITERATION number 4
[25.11.2015 14:39:03] Step 5: Sk = DenseVector 2-Double
0,241413
0,885103

[25.11.2015 14:39:03] Step 6: Yk = DenseVector 2-Double
20,4232
46,6203

[25.11.2015 14:39:03] Step 7: Quasi-Newton matrix: 
DenseMatrix 2x2-Double
0,00143722  0,00454866
0,00454866   0,0169927

[25.11.2015 14:39:03] Step 8: Search vector: DenseVector 2-Double
 0,00378533
-0,00165831

[25.11.2015 14:39:03] Начата работа метода Дэвиса-Свенна-Кэмпи.
[25.11.2015 14:39:03] Начальная точка x0 = 555,892873094787, h= 0,01
[25.11.2015 14:39:03] 1. Вычисление f(x0) = 68,5651304690461, f(x0+h) = 68,5667339199466
[25.11.2015 14:39:03] 3. Сработало условие f(x0)<=f(x0+h), f(x0) = 68,5651304690461, f(x0+h) = 68,5667339199466
[25.11.2015 14:39:03] 4. Начало итерационного поиска
[25.11.2015 14:39:03] Итерация номер 1
[25.11.2015 14:39:03] 5. Сработало условие f(x[k-1])>f(x[k]). k = 2, f(x[k-1]) = 68,5635269891925, f(x[k]) = 68,5619234803874
[25.11.2015 14:39:03] Была найдена более подходящая правая граница отрезка локализации минимума: 555,882873094787
[25.11.2015 14:39:03] Итерация номер 2
[25.11.2015 14:39:03] 5. Сработало условие f(x[k-1])>f(x[k]). k = 3, f(x[k-1]) = 68,5619234803874, f(x[k]) = 68,5587163759295
[25.11.2015 14:39:03] Была найдена более подходящая правая граница отрезка локализации минимума: 555,872873094787
[25.11.2015 14:39:03] Итерация номер 3
[25.11.2015 14:39:03] 5. Сработало условие f(x[k-1])>f(x[k]). k = 4, f(x[k-1]) = 68,5587163759295, f(x[k]) = 68,5523018196691
[25.11.2015 14:39:03] Была найдена более подходящая правая граница отрезка локализации минимума: 555,852873094787
[25.11.2015 14:39:03] Итерация номер 4
[25.11.2015 14:39:03] 5. Сработало условие f(x[k-1])>f(x[k]). k = 5, f(x[k-1]) = 68,5523018196691, f(x[k]) = 68,5394713181425
[25.11.2015 14:39:03] Была найдена более подходящая правая граница отрезка локализации минимума: 555,812873094787
[25.11.2015 14:39:03] Итерация номер 5
[25.11.2015 14:39:03] 5. Сработало условие f(x[k-1])>f(x[k]). k = 6, f(x[k-1]) = 68,5394713181425, f(x[k]) = 68,5138047620436
[25.11.2015 14:39:03] Была найдена более подходящая правая граница отрезка локализации минимума: 555,732873094787
[25.11.2015 14:39:03] Итерация номер 6
[25.11.2015 14:39:03] 5. Сработало условие f(x[k-1])>f(x[k]). k = 7, f(x[k-1]) = 68,5138047620436, f(x[k]) = 68,4624494614963
[25.11.2015 14:39:03] Была найдена более подходящая правая граница отрезка локализации минимума: 555,572873094787
[25.11.2015 14:39:03] Итерация номер 7
[25.11.2015 14:39:03] 5. Сработало условие f(x[k-1])>f(x[k]). k = 8, f(x[k-1]) = 68,4624494614963, f(x[k]) = 68,359650297845
[25.11.2015 14:39:03] Была найдена более подходящая правая граница отрезка локализации минимума: 555,252873094787
[25.11.2015 14:39:03] Итерация номер 8
[25.11.2015 14:39:03] 5. Сработало условие f(x[k-1])>f(x[k]). k = 9, f(x[k-1]) = 68,359650297845, f(x[k]) = 68,1536992498595
[25.11.2015 14:39:03] Была найдена более подходящая правая граница отрезка локализации минимума: 554,612873094787
[25.11.2015 14:39:03] Итерация номер 9
[25.11.2015 14:39:03] 5. Сработало условие f(x[k-1])>f(x[k]). k = 10, f(x[k-1]) = 68,1536992498595, f(x[k]) = 67,7403985525049
[25.11.2015 14:39:03] Была найдена более подходящая правая граница отрезка локализации минимума: 553,332873094787
[25.11.2015 14:39:03] Итерация номер 10
[25.11.2015 14:39:03] 5. Сработало условие f(x[k-1])>f(x[k]). k = 11, f(x[k-1]) = 67,7403985525049, f(x[k]) = 66,90830172305
[25.11.2015 14:39:03] Была найдена более подходящая правая граница отрезка локализации минимума: 550,772873094787
[25.11.2015 14:39:03] Итерация номер 11
[25.11.2015 14:39:03] 5. Сработало условие f(x[k-1])>f(x[k]). k = 12, f(x[k-1]) = 66,90830172305, f(x[k]) = 65,2229296115283
[25.11.2015 14:39:03] Была найдена более подходящая правая граница отрезка локализации минимума: 545,652873094787
[25.11.2015 14:39:03] Итерация номер 12
[25.11.2015 14:39:03] 5. Сработало условие f(x[k-1])>f(x[k]). k = 13, f(x[k-1]) = 65,2229296115283, f(x[k]) = 61,7740821898683
[25.11.2015 14:39:03] Была найдена более подходящая правая граница отрезка локализации минимума: 535,412873094787
[25.11.2015 14:39:03] Итерация номер 13
[25.11.2015 14:39:03] 5. Сработало условие f(x[k-1])>f(x[k]). k = 14, f(x[k-1]) = 61,7740821898683, f(x[k]) = 54,6198085807224
[25.11.2015 14:39:03] Была найдена более подходящая правая граница отрезка локализации минимума: 514,932873094787
[25.11.2015 14:39:03] Итерация номер 14
[25.11.2015 14:39:03] 5. Сработало условие f(x[k-1])>f(x[k]). k = 15, f(x[k-1]) = 54,6198085807224, f(x[k]) = 39,7788046719655
[25.11.2015 14:39:03] Была найдена более подходящая правая граница отрезка локализации минимума: 473,972873094787
[25.11.2015 14:39:03] Итерация номер 15
[25.11.2015 14:39:03] 5. Сработало условие f(x[k-1])>f(x[k]). k = 16, f(x[k-1]) = 39,7788046719655, f(x[k]) = 12,6728153748736
[25.11.2015 14:39:03] Была найдена более подходящая правая граница отрезка локализации минимума: 392,052873094787
[25.11.2015 14:39:03] Итерация номер 16
[25.11.2015 14:39:03] 5. Сработало условие f(x[k-1])<=f(x[k]). k = 17, f(x[k-1]) = 12,6728153748736, f(x[k]) = 18,4913259137376
[25.11.2015 14:39:03] Была найдена более подходящая левая граница отрезка локализации минимума: -99,4671269052133
[25.11.2015 14:39:03] Найдены подходящие границы отрезка локализации минимума. Это -99,4671269052133;392,052873094787
[25.11.2015 14:39:03] Начал работу метод параболической аппроксимации Пауэлла.
[25.11.2015 14:39:03] Начальные значения, интервал -99,4671269052133;392,052873094787, eps = 0,01
[25.11.2015 14:39:03] Итерация номер 1
[25.11.2015 14:39:03] 1. Найдено x1 = -99,4671269052133, x2 = 146,292873094787, x3 = 392,052873094787
[25.11.2015 14:39:03] 2. Минимальное значение: -99,4671269052133
[25.11.2015 14:39:03] 3. Пересчитан x4 = 95,0437343483511
[25.11.2015 14:39:03] 4. x4 не достаточно приближен к истинному минимуму. Продолжение работы алгоритма.
[25.11.2015 14:39:03] 5. Точки отсортированы по возрастанию. -99,4671269052133, 95,0437343483511, 146,292873094787, 392,052873094787
[25.11.2015 14:39:03] 5. Точки отсортированы по значению функции. 95,0437343483511, 146,292873094787, -99,4671269052133, 392,052873094787
[25.11.2015 14:39:03] Итерация номер 2
[25.11.2015 14:39:03] 1. Найдено x1 = 95,0437343483511, x2 = 146,292873094787, x3 = -99,4671269052133
[25.11.2015 14:39:03] 2. Минимальное значение: -99,4671269052133
[25.11.2015 14:39:03] 3. Пересчитан x4 = 72,9018386943832
[25.11.2015 14:39:03] 4. x4 не достаточно приближен к истинному минимуму. Продолжение работы алгоритма.
[25.11.2015 14:39:03] 5. Точки отсортированы по возрастанию. -99,4671269052133, 72,9018386943832, 95,0437343483511, 146,292873094787
[25.11.2015 14:39:03] 5. Точки отсортированы по значению функции. 72,9018386943832, 95,0437343483511, 146,292873094787, -99,4671269052133
[25.11.2015 14:39:03] Итерация номер 3
[25.11.2015 14:39:03] 1. Найдено x1 = 72,9018386943832, x2 = 95,0437343483511, x3 = 146,292873094787
[25.11.2015 14:39:03] 2. Минимальное значение: 72,9018386943832
[25.11.2015 14:39:03] 3. Пересчитан x4 = 61,0689733273679
[25.11.2015 14:39:03] 4. x4 не достаточно приближен к истинному минимуму. Продолжение работы алгоритма.
[25.11.2015 14:39:03] 5. Точки отсортированы по возрастанию. 61,0689733273679, 72,9018386943832, 95,0437343483511, 146,292873094787
[25.11.2015 14:39:03] 5. Точки отсортированы по значению функции. 61,0689733273679, 72,9018386943832, 95,0437343483511, 146,292873094787
[25.11.2015 14:39:03] Итерация номер 4
[25.11.2015 14:39:03] 1. Найдено x1 = 61,0689733273679, x2 = 72,9018386943832, x3 = 95,0437343483511
[25.11.2015 14:39:03] 2. Минимальное значение: 61,0689733273679
[25.11.2015 14:39:03] 3. Пересчитан x4 = 63,4595696107156
[25.11.2015 14:39:03] 4. x4 не достаточно приближен к истинному минимуму. Продолжение работы алгоритма.
[25.11.2015 14:39:03] 5. Точки отсортированы по возрастанию. 61,0689733273679, 63,4595696107156, 72,9018386943832, 95,0437343483511
[25.11.2015 14:39:03] 5. Точки отсортированы по значению функции. 63,4595696107156, 61,0689733273679, 72,9018386943832, 95,0437343483511
[25.11.2015 14:39:03] Итерация номер 5
[25.11.2015 14:39:03] 1. Найдено x1 = 63,4595696107156, x2 = 61,0689733273679, x3 = 72,9018386943832
[25.11.2015 14:39:03] 2. Минимальное значение: 61,0689733273679
[25.11.2015 14:39:03] 3. Пересчитан x4 = 63,5941985019437
[25.11.2015 14:39:03] 4. x4 не достаточно приближен к истинному минимуму. Продолжение работы алгоритма.
[25.11.2015 14:39:03] 5. Точки отсортированы по возрастанию. 61,0689733273679, 63,4595696107156, 63,5941985019437, 72,9018386943832
[25.11.2015 14:39:03] 5. Точки отсортированы по значению функции. 63,5941985019437, 63,4595696107156, 61,0689733273679, 72,9018386943832
[25.11.2015 14:39:03] Итерация номер 6
[25.11.2015 14:39:03] 1. Найдено x1 = 63,5941985019437, x2 = 63,4595696107156, x3 = 61,0689733273679
[25.11.2015 14:39:03] 2. Минимальное значение: 61,0689733273679
[25.11.2015 14:39:03] 3. Пересчитан x4 = 63,5792577070152
[25.11.2015 14:39:03] 4. x4 не достаточно приближен к истинному минимуму. Продолжение работы алгоритма.
[25.11.2015 14:39:03] 5. Точки отсортированы по возрастанию. 61,0689733273679, 63,4595696107156, 63,5792577070152, 63,5941985019437
[25.11.2015 14:39:03] 5. Точки отсортированы по значению функции. 63,5792577070152, 63,5941985019437, 63,4595696107156, 61,0689733273679
[25.11.2015 14:39:03] Итерация номер 7
[25.11.2015 14:39:03] 1. Найдено x1 = 63,5792577070152, x2 = 63,5941985019437, x3 = 63,4595696107156
[25.11.2015 14:39:03] 2. Минимальное значение: 63,4595696107156
[25.11.2015 14:39:03] 3. Пересчитан x4 = 63,5794173330281
[25.11.2015 14:39:03] 4. x4 не достаточно приближен к истинному минимуму. Продолжение работы алгоритма.
[25.11.2015 14:39:03] 5. Точки отсортированы по возрастанию. 63,4595696107156, 63,5792577070152, 63,5794173330281, 63,5941985019437
[25.11.2015 14:39:03] 5. Точки отсортированы по значению функции. 63,5794173330281, 63,5792577070152, 63,5941985019437, 63,4595696107156
[25.11.2015 14:39:03] Итерация номер 8
[25.11.2015 14:39:03] 1. Найдено x1 = 63,5794173330281, x2 = 63,5792577070152, x3 = 63,5941985019437
[25.11.2015 14:39:03] 2. Минимальное значение: 63,5792577070152
[25.11.2015 14:39:03] 3. Пересчитан x4 = 63,5794168461966
[25.11.2015 14:39:03] 4. x4 достаточно приближен к истинному минимуму. Завершение работы алгоритма.
[25.11.2015 14:39:03] Step 9: New alpha 63,5794168461966
[25.11.2015 14:39:03] Step 10: New local search point DenseVector 2-Double
-2,82506
 3,09249

[25.11.2015 14:39:03] Step 11: Iteration end.
[25.11.2015 14:39:03] Step 2: ITERATION number 5
[25.11.2015 14:39:03] Step 5: Sk = DenseVector 2-Double
 0,240669
-0,105434

[25.11.2015 14:39:03] Step 6: Yk = DenseVector 2-Double
  17,904
-8,34121

[25.11.2015 14:39:03] Step 7: Quasi-Newton matrix: 
DenseMatrix 2x2-Double
  0,0120767  -0,00293087
-0,00293087   0,00634916

[25.11.2015 14:39:03] Step 8: Search vector: DenseVector 2-Double
0,00728892
 0,0156452

[25.11.2015 14:39:03] Начата работа метода Дэвиса-Свенна-Кэмпи.
[25.11.2015 14:39:03] Начальная точка x0 = 63,5794168461966, h= 0,01
[25.11.2015 14:39:03] 1. Вычисление f(x0) = 55,7119355404856, f(x0+h) = 55,7322934909793
[25.11.2015 14:39:03] 3. Сработало условие f(x0)<=f(x0+h), f(x0) = 55,7119355404856, f(x0+h) = 55,7322934909793
[25.11.2015 14:39:03] 4. Начало итерационного поиска
[25.11.2015 14:39:03] Итерация номер 1
[25.11.2015 14:39:03] 5. Сработало условие f(x[k-1])>f(x[k]). k = 2, f(x[k-1]) = 55,6915820058721, f(x[k]) = 55,6712328867533
[25.11.2015 14:39:03] Была найдена более подходящая правая граница отрезка локализации минимума: 63,5694168461966
[25.11.2015 14:39:03] Итерация номер 2
[25.11.2015 14:39:03] 5. Сработало условие f(x[k-1])>f(x[k]). k = 3, f(x[k-1]) = 55,6712328867533, f(x[k]) = 55,6305478934604
[25.11.2015 14:39:03] Была найдена более подходящая правая граница отрезка локализации минимума: 63,5594168461966
[25.11.2015 14:39:03] Итерация номер 3
[25.11.2015 14:39:03] 5. Сработало условие f(x[k-1])>f(x[k]). k = 4, f(x[k-1]) = 55,6305478934604, f(x[k]) = 55,549230875872
[25.11.2015 14:39:03] Была найдена более подходящая правая граница отрезка локализации минимума: 63,5394168461966
[25.11.2015 14:39:03] Итерация номер 4
[25.11.2015 14:39:03] 5. Сработало условие f(x[k-1])>f(x[k]). k = 5, f(x[k-1]) = 55,549230875872, f(x[k]) = 55,3868086304501
[25.11.2015 14:39:03] Была найдена более подходящая правая граница отрезка локализации минимума: 63,4994168461966
[25.11.2015 14:39:03] Итерация номер 5
[25.11.2015 14:39:03] 5. Сработало условие f(x[k-1])>f(x[k]). k = 6, f(x[k-1]) = 55,3868086304501, f(x[k]) = 55,062810608957
[25.11.2015 14:39:03] Была найдена более подходящая правая граница отрезка локализации минимума: 63,4194168461966
[25.11.2015 14:39:03] Итерация номер 6
[25.11.2015 14:39:03] 5. Сработало условие f(x[k-1])>f(x[k]). k = 7, f(x[k-1]) = 55,062810608957, f(x[k]) = 54,4181949292592
[25.11.2015 14:39:03] Была найдена более подходящая правая граница отрезка локализации минимума: 63,2594168461966
[25.11.2015 14:39:03] Итерация номер 7
[25.11.2015 14:39:03] 5. Сработало условие f(x[k-1])>f(x[k]). k = 8, f(x[k-1]) = 54,4181949292592, f(x[k]) = 53,142440961901
[25.11.2015 14:39:03] Была найдена более подходящая правая граница отрезка локализации минимума: 62,9394168461966
[25.11.2015 14:39:03] Итерация номер 8
[25.11.2015 14:39:03] 5. Сработало условие f(x[k-1])>f(x[k]). k = 9, f(x[k-1]) = 53,142440961901, f(x[k]) = 50,6444909352893
[25.11.2015 14:39:03] Была найдена более подходящая правая граница отрезка локализации минимума: 62,2994168461966
[25.11.2015 14:39:03] Итерация номер 9
[25.11.2015 14:39:03] 5. Сработало условие f(x[k-1])>f(x[k]). k = 10, f(x[k-1]) = 50,6444909352893, f(x[k]) = 45,8600224962217
[25.11.2015 14:39:03] Была найдена более подходящая правая граница отрезка локализации минимума: 61,0194168461966
[25.11.2015 14:39:03] Итерация номер 10
[25.11.2015 14:39:03] 5. Сработало условие f(x[k-1])>f(x[k]). k = 11, f(x[k-1]) = 45,8600224962217, f(x[k]) = 37,1146241221534
[25.11.2015 14:39:03] Была найдена более подходящая правая граница отрезка локализации минимума: 58,4594168461966
[25.11.2015 14:39:03] Итерация номер 11
[25.11.2015 14:39:03] 5. Сработало условие f(x[k-1])>f(x[k]). k = 12, f(x[k-1]) = 37,1146241221534, f(x[k]) = 22,7438728666291
[25.11.2015 14:39:03] Была найдена более подходящая правая граница отрезка локализации минимума: 53,3394168461966
[25.11.2015 14:39:03] Итерация номер 12
[25.11.2015 14:39:03] 5. Сработало условие f(x[k-1])>f(x[k]). k = 13, f(x[k-1]) = 22,7438728666291, f(x[k]) = 5,14400568545329
[25.11.2015 14:39:03] Была найдена более подходящая правая граница отрезка локализации минимума: 43,0994168461966
[25.11.2015 14:39:03] Итерация номер 13
[25.11.2015 14:39:03] 5. Сработало условие f(x[k-1])>f(x[k]). k = 14, f(x[k-1]) = 5,14400568545329, f(x[k]) = 4,67158429670668
[25.11.2015 14:39:03] Была найдена более подходящая правая граница отрезка локализации минимума: 22,6194168461966
[25.11.2015 14:39:03] Итерация номер 14
[25.11.2015 14:39:03] 5. Сработало условие f(x[k-1])<=f(x[k]). k = 15, f(x[k-1]) = 4,67158429670668, f(x[k]) = 77,8284831060741
[25.11.2015 14:39:03] Была найдена более подходящая левая граница отрезка локализации минимума: -100,260583153803
[25.11.2015 14:39:03] Найдены подходящие границы отрезка локализации минимума. Это -100,260583153803;22,6194168461966
[25.11.2015 14:39:03] Начал работу метод параболической аппроксимации Пауэлла.
[25.11.2015 14:39:03] Начальные значения, интервал -100,260583153803;22,6194168461966, eps = 0,01
[25.11.2015 14:39:03] Итерация номер 1
[25.11.2015 14:39:03] 1. Найдено x1 = -100,260583153803, x2 = -38,8205831538034, x3 = 22,6194168461966
[25.11.2015 14:39:03] 2. Минимальное значение: -100,260583153803
[25.11.2015 14:39:03] 3. Пересчитан x4 = 6,3541998455921
[25.11.2015 14:39:03] 4. x4 не достаточно приближен к истинному минимуму. Продолжение работы алгоритма.
[25.11.2015 14:39:03] 5. Точки отсортированы по возрастанию. -100,260583153803, -38,8205831538034, 6,3541998455921, 22,6194168461966
[25.11.2015 14:39:03] 5. Точки отсортированы по значению функции. 6,3541998455921, 22,6194168461966, -38,8205831538034, -100,260583153803
[25.11.2015 14:39:03] Итерация номер 2
[25.11.2015 14:39:04] 1. Найдено x1 = 6,3541998455921, x2 = 22,6194168461966, x3 = -38,8205831538034
[25.11.2015 14:39:04] 2. Минимальное значение: -38,8205831538034
[25.11.2015 14:39:04] 3. Пересчитан x4 = 0,540185361996867
[25.11.2015 14:39:04] 4. x4 не достаточно приближен к истинному минимуму. Продолжение работы алгоритма.
[25.11.2015 14:39:04] 5. Точки отсортированы по возрастанию. -38,8205831538034, 0,540185361996867, 6,3541998455921, 22,6194168461966
[25.11.2015 14:39:04] 5. Точки отсортированы по значению функции. 0,540185361996867, 6,3541998455921, 22,6194168461966, -38,8205831538034
[25.11.2015 14:39:04] Итерация номер 3
[25.11.2015 14:39:04] 1. Найдено x1 = 0,540185361996867, x2 = 6,3541998455921, x3 = 22,6194168461966
[25.11.2015 14:39:04] 2. Минимальное значение: 0,540185361996867
[25.11.2015 14:39:04] 3. Пересчитан x4 = 2,57905788762997
[25.11.2015 14:39:04] 4. x4 не достаточно приближен к истинному минимуму. Продолжение работы алгоритма.
[25.11.2015 14:39:04] 5. Точки отсортированы по возрастанию. 0,540185361996867, 2,57905788762997, 6,3541998455921, 22,6194168461966
[25.11.2015 14:39:04] 5. Точки отсортированы по значению функции. 2,57905788762997, 0,540185361996867, 6,3541998455921, 22,6194168461966
[25.11.2015 14:39:04] Итерация номер 4
[25.11.2015 14:39:04] 1. Найдено x1 = 2,57905788762997, x2 = 0,540185361996867, x3 = 6,3541998455921
[25.11.2015 14:39:04] 2. Минимальное значение: 0,540185361996867
[25.11.2015 14:39:04] 3. Пересчитан x4 = 2,50511378227203
[25.11.2015 14:39:04] 4. x4 не достаточно приближен к истинному минимуму. Продолжение работы алгоритма.
[25.11.2015 14:39:04] 5. Точки отсортированы по возрастанию. 0,540185361996867, 2,50511378227203, 2,57905788762997, 6,3541998455921
[25.11.2015 14:39:04] 5. Точки отсортированы по значению функции. 2,50511378227203, 2,57905788762997, 0,540185361996867, 6,3541998455921
[25.11.2015 14:39:04] Итерация номер 5
[25.11.2015 14:39:04] 1. Найдено x1 = 2,50511378227203, x2 = 2,57905788762997, x3 = 0,540185361996867
[25.11.2015 14:39:04] 2. Минимальное значение: 0,540185361996867
[25.11.2015 14:39:04] 3. Пересчитан x4 = 2,52043738140823
[25.11.2015 14:39:04] 4. x4 не достаточно приближен к истинному минимуму. Продолжение работы алгоритма.
[25.11.2015 14:39:04] 5. Точки отсортированы по возрастанию. 0,540185361996867, 2,50511378227203, 2,52043738140823, 2,57905788762997
[25.11.2015 14:39:04] 5. Точки отсортированы по значению функции. 2,52043738140823, 2,50511378227203, 2,57905788762997, 0,540185361996867
[25.11.2015 14:39:04] Итерация номер 6
[25.11.2015 14:39:04] 1. Найдено x1 = 2,52043738140823, x2 = 2,50511378227203, x3 = 2,57905788762997
[25.11.2015 14:39:04] 2. Минимальное значение: 2,50511378227203
[25.11.2015 14:39:04] 3. Пересчитан x4 = 2,52061552330054
[25.11.2015 14:39:04] 4. x4 не достаточно приближен к истинному минимуму. Продолжение работы алгоритма.
[25.11.2015 14:39:04] 5. Точки отсортированы по возрастанию. 2,50511378227203, 2,52043738140823, 2,52061552330054, 2,57905788762997
[25.11.2015 14:39:04] 5. Точки отсортированы по значению функции. 2,52061552330054, 2,52043738140823, 2,50511378227203, 2,57905788762997
[25.11.2015 14:39:04] Итерация номер 7
[25.11.2015 14:39:04] 1. Найдено x1 = 2,52061552330054, x2 = 2,52043738140823, x3 = 2,50511378227203
[25.11.2015 14:39:04] 2. Минимальное значение: 2,50511378227203
[25.11.2015 14:39:04] 3. Пересчитан x4 = 2,5206174325861
[25.11.2015 14:39:04] 4. x4 не достаточно приближен к истинному минимуму. Продолжение работы алгоритма.
[25.11.2015 14:39:04] 5. Точки отсортированы по возрастанию. 2,50511378227203, 2,52043738140823, 2,52061552330054, 2,5206174325861
[25.11.2015 14:39:04] 5. Точки отсортированы по значению функции. 2,5206174325861, 2,52061552330054, 2,52043738140823, 2,50511378227203
[25.11.2015 14:39:04] Итерация номер 8
[25.11.2015 14:39:04] 1. Найдено x1 = 2,5206174325861, x2 = 2,52061552330054, x3 = 2,52043738140823
[25.11.2015 14:39:04] 2. Минимальное значение: 2,52043738140823
[25.11.2015 14:39:04] 3. Пересчитан x4 = 2,52061742763129
[25.11.2015 14:39:04] 4. x4 достаточно приближен к истинному минимуму. Завершение работы алгоритма.
[25.11.2015 14:39:04] Step 9: New alpha 2,52061742763129
[25.11.2015 14:39:04] Step 10: New local search point DenseVector 2-Double
-2,80669
 3,13192

[25.11.2015 14:39:04] Step 11: Iteration end.
[25.11.2015 14:39:04] Step 2: ITERATION number 6
[25.11.2015 14:39:04] Step 5: Sk = DenseVector 2-Double
0,0183726
0,0394357

[25.11.2015 14:39:04] Step 6: Yk = DenseVector 2-Double
1,25197
3,13593

[25.11.2015 14:39:04] Step 7: Quasi-Newton matrix: 
DenseMatrix 2x2-Double
  0,0137758  0,000358975
0,000358975    0,0124321

[25.11.2015 14:39:04] Step 8: Search vector: DenseVector 2-Double
  0,00137715
-0,000549825

[25.11.2015 14:39:04] Начата работа метода Дэвиса-Свенна-Кэмпи.
[25.11.2015 14:39:04] Начальная точка x0 = 2,52061742763129, h= 0,01
[25.11.2015 14:39:04] 1. Вычисление f(x0) = 0,000139634036588668, f(x0+h) = 0,000141655916815041
[25.11.2015 14:39:04] 3. Сработало условие f(x0)<=f(x0+h), f(x0) = 0,000139634036588668, f(x0+h) = 0,000141655916815041
[25.11.2015 14:39:04] 4. Начало итерационного поиска
[25.11.2015 14:39:04] Итерация номер 1
[25.11.2015 14:39:04] 5. Сработало условие f(x[k-1])>f(x[k]). k = 2, f(x[k-1]) = 0,00013762668141691, f(x[k]) = 0,000135633851495414
[25.11.2015 14:39:04] Была найдена более подходящая правая граница отрезка локализации минимума: 2,51061742763129
[25.11.2015 14:39:04] Итерация номер 2
[25.11.2015 14:39:04] 5. Сработало условие f(x[k-1])>f(x[k]). k = 3, f(x[k-1]) = 0,000135633851495414, f(x[k]) = 0,000131691768186456
[25.11.2015 14:39:04] Была найдена более подходящая правая граница отрезка локализации минимума: 2,50061742763129
[25.11.2015 14:39:04] Итерация номер 3
[25.11.2015 14:39:04] 5. Сработало условие f(x[k-1])>f(x[k]). k = 4, f(x[k-1]) = 0,000131691768186456, f(x[k]) = 0,000123981913184518
[25.11.2015 14:39:04] Была найдена более подходящая правая граница отрезка локализации минимума: 2,48061742763129
[25.11.2015 14:39:04] Итерация номер 4
[25.11.2015 14:39:04] 5. Сработало условие f(x[k-1])>f(x[k]). k = 5, f(x[k-1]) = 0,000123981913184518, f(x[k]) = 0,000109259493487866
[25.11.2015 14:39:04] Была найдена более подходящая правая граница отрезка локализации минимума: 2,44061742763129
[25.11.2015 14:39:04] Итерация номер 5
[25.11.2015 14:39:04] 5. Сработало условие f(x[k-1])>f(x[k]). k = 6, f(x[k-1]) = 0,000109259493487866, f(x[k]) = 8,26041660796965E-05
[25.11.2015 14:39:04] Была найдена более подходящая правая граница отрезка локализации минимума: 2,36061742763129
[25.11.2015 14:39:04] Итерация номер 6
[25.11.2015 14:39:04] 5. Сработало условие f(x[k-1])>f(x[k]). k = 7, f(x[k-1]) = 8,26041660796965E-05, f(x[k]) = 4,04543654482072E-05
[25.11.2015 14:39:04] Была найдена более подходящая правая граница отрезка локализации минимума: 2,20061742763129
[25.11.2015 14:39:04] Итерация номер 7
[25.11.2015 14:39:04] 5. Сработало условие f(x[k-1])>f(x[k]). k = 8, f(x[k-1]) = 4,04543654482072E-05, f(x[k]) = 8,20633921754382E-07
[25.11.2015 14:39:04] Была найдена более подходящая правая граница отрезка локализации минимума: 1,88061742763129
[25.11.2015 14:39:04] Итерация номер 8
[25.11.2015 14:39:04] 5. Сработало условие f(x[k-1])<=f(x[k]). k = 9, f(x[k-1]) = 8,20633921754382E-07, f(x[k]) = 0,000100396322520014
[25.11.2015 14:39:04] Была найдена более подходящая левая граница отрезка локализации минимума: -0,0393825723687073
[25.11.2015 14:39:04] Найдены подходящие границы отрезка локализации минимума. Это -0,0393825723687073;1,88061742763129
[25.11.2015 14:39:04] Начал работу метод параболической аппроксимации Пауэлла.
[25.11.2015 14:39:04] Начальные значения, интервал -0,0393825723687073;1,88061742763129, eps = 0,01
[25.11.2015 14:39:04] Итерация номер 1
[25.11.2015 14:39:04] 1. Найдено x1 = -0,0393825723687073, x2 = 0,920617427631293, x3 = 1,88061742763129
[25.11.2015 14:39:04] 2. Минимальное значение: -0,0393825723687073
[25.11.2015 14:39:04] 3. Пересчитан x4 = 1,13509221370879
[25.11.2015 14:39:04] 4. x4 не достаточно приближен к истинному минимуму. Продолжение работы алгоритма.
[25.11.2015 14:39:04] 5. Точки отсортированы по возрастанию. -0,0393825723687073, 0,920617427631293, 1,13509221370879, 1,88061742763129
[25.11.2015 14:39:04] 5. Точки отсортированы по значению функции. 1,13509221370879, 0,920617427631293, 1,88061742763129, -0,0393825723687073
[25.11.2015 14:39:04] Итерация номер 2
[25.11.2015 14:39:04] 1. Найдено x1 = 1,13509221370879, x2 = 0,920617427631293, x3 = 1,88061742763129
[25.11.2015 14:39:04] 2. Минимальное значение: 0,920617427631293
[25.11.2015 14:39:04] 3. Пересчитан x4 = 1,13495227246621
[25.11.2015 14:39:04] 4. x4 не достаточно приближен к истинному минимуму. Продолжение работы алгоритма.
[25.11.2015 14:39:04] 5. Точки отсортированы по возрастанию. 0,920617427631293, 1,13495227246621, 1,13509221370879, 1,88061742763129
[25.11.2015 14:39:04] 5. Точки отсортированы по значению функции. 1,13495227246621, 1,13509221370879, 0,920617427631293, 1,88061742763129
[25.11.2015 14:39:04] Итерация номер 3
[25.11.2015 14:39:04] 1. Найдено x1 = 1,13495227246621, x2 = 1,13509221370879, x3 = 0,920617427631293
[25.11.2015 14:39:04] 2. Минимальное значение: 0,920617427631293
[25.11.2015 14:39:04] 3. Пересчитан x4 = 1,13491645324099
[25.11.2015 14:39:04] 4. x4 не достаточно приближен к истинному минимуму. Продолжение работы алгоритма.
[25.11.2015 14:39:04] 5. Точки отсортированы по возрастанию. 0,920617427631293, 1,13491645324099, 1,13495227246621, 1,13509221370879
[25.11.2015 14:39:04] 5. Точки отсортированы по значению функции. 1,13491645324099, 1,13495227246621, 1,13509221370879, 0,920617427631293
[25.11.2015 14:39:04] Итерация номер 4
[25.11.2015 14:39:04] 1. Найдено x1 = 1,13491645324099, x2 = 1,13495227246621, x3 = 1,13509221370879
[25.11.2015 14:39:04] 2. Минимальное значение: 1,13491645324099
[25.11.2015 14:39:04] 3. Пересчитан x4 = 1,13491644293413
[25.11.2015 14:39:04] 4. x4 достаточно приближен к истинному минимуму. Завершение работы алгоритма.
[25.11.2015 14:39:04] Step 9: New alpha 1,13491644293413
[25.11.2015 14:39:04] Step 10: New local search point DenseVector 2-Double
-2,80512
  3,1313

[25.11.2015 14:39:04] Step 11: Iteration end.
[25.11.2015 14:39:04] Step 2: ITERATION number 7
[25.11.2015 14:39:04] Step 3: End of searching. Final values: Function = 7,73665835432429E-09, Point = DenseVector 2-Double
-2,80512
  3,1313
. Go to step 12.
[25.11.2015 14:39:04] Step 12: Search is done!
[25.11.2015 14:39:36] DFP method started
[25.11.2015 14:39:36] Input data. Start point DenseVector 2-Double
 100
-100
, epsilon 0,10000
[25.11.2015 14:39:36] Step 1: K = 0
[25.11.2015 14:39:36] Step 2: ITERATION number 0
[25.11.2015 14:39:36] Step 4: K==0, go to step 8.
[25.11.2015 14:39:36] Step 8: Search vector: DenseVector 2-Double
-3,97579E+06
 4,01742E+06

[25.11.2015 14:39:36] Начата работа метода Дэвиса-Свенна-Кэмпи.
[25.11.2015 14:39:36] Начальная точка x0 = 0, h= 0,01
[25.11.2015 14:39:36] 1. Вычисление f(x0) = 199660970, f(x0+h) = 5,05258143075612E+18
[25.11.2015 14:39:36] 3. Сработало условие f(x0-h)>=f(x0), f(x0-h) = 5,15473245237824E+18, f(x0) = 199660970
[25.11.2015 14:39:36] 3. Метод завершается с результатом -0,01;0,01
[25.11.2015 14:39:36] Начал работу метод параболической аппроксимации Пауэлла.
[25.11.2015 14:39:36] Начальные значения, интервал -0,01;0,01, eps = 0,01
[25.11.2015 14:39:36] Итерация номер 1
[25.11.2015 14:39:36] 1. Найдено x1 = -0,01, x2 = 0, x3 = 0,01
[25.11.2015 14:39:36] 2. Минимальное значение: -0,01
[25.11.2015 14:39:36] 3. Пересчитан x4 = 5,00381504848698E-05
[25.11.2015 14:39:36] 4. x4 не достаточно приближен к истинному минимуму. Продолжение работы алгоритма.
[25.11.2015 14:39:36] 5. Точки отсортированы по возрастанию. -0,01, 0, 5,00381504848698E-05, 0,01
[25.11.2015 14:39:36] 5. Точки отсортированы по значению функции. 5,00381504848698E-05, 0, 0,01, -0,01
[25.11.2015 14:39:36] Итерация номер 2
[25.11.2015 14:39:36] 1. Найдено x1 = 5,00381504848698E-05, x2 = 0, x3 = 0,01
[25.11.2015 14:39:36] 2. Минимальное значение: 0
[25.11.2015 14:39:36] 3. Пересчитан x4 = 2,50190752522642E-05
[25.11.2015 14:39:36] 4. x4 достаточно приближен к истинному минимуму. Завершение работы алгоритма.
[25.11.2015 14:39:36] Step 9: New alpha 2,50190752522642E-05
[25.11.2015 14:39:36] Step 10: New local search point DenseVector 2-Double
0,529511
0,512183

[25.11.2015 14:39:36] Step 11: Iteration end.
[25.11.2015 14:39:36] Step 2: ITERATION number 1
[25.11.2015 14:39:36] Step 5: Sk = DenseVector 2-Double
-99,4705
 100,512

[25.11.2015 14:39:36] Step 6: Yk = DenseVector 2-Double
-3,97582E+06
 4,01739E+06

[25.11.2015 14:39:36] Step 7: Quasi-Newton matrix: 
DenseMatrix 2x2-Double
0,505213   0,49996
 0,49996  0,494812

[25.11.2015 14:39:36] Step 8: Search vector: DenseVector 2-Double
 33,761
33,4117

[25.11.2015 14:39:36] Начата работа метода Дэвиса-Свенна-Кэмпи.
[25.11.2015 14:39:36] Начальная точка x0 = 2,50190752522642E-05, h= 0,01
[25.11.2015 14:39:36] 1. Вычисление f(x0) = 142,676480627219, f(x0+h) = 117,666254990115
[25.11.2015 14:39:36] 2. Сработало условие f(x0)>f(x0+h), f(x0) = 142,676480627219, f(x0+h) = 117,666254990115
[25.11.2015 14:39:36] 4. Начало итерационного поиска
[25.11.2015 14:39:36] Итерация номер 1
[25.11.2015 14:39:36] 5. Сработало условие f(x[k-1])>f(x[k]). k = 2, f(x[k-1]) = 117,666254990115, f(x[k]) = 89,3305789012127
[25.11.2015 14:39:36] Была найдена более подходящая левая граница отрезка локализации минимума: 0,0100250190752523
[25.11.2015 14:39:36] Итерация номер 2
[25.11.2015 14:39:36] 5. Сработало условие f(x[k-1])>f(x[k]). k = 3, f(x[k-1]) = 89,3305789012127, f(x[k]) = 34,3923379598263
[25.11.2015 14:39:36] Была найдена более подходящая левая граница отрезка локализации минимума: 0,0200250190752523
[25.11.2015 14:39:36] Итерация номер 3
[25.11.2015 14:39:36] 5. Сработало условие f(x[k-1])<=f(x[k]). k = 4, f(x[k-1]) = 34,3923379598263, f(x[k]) = 47,6243937952175
[25.11.2015 14:39:36] Была найдена более подходящая правая граница отрезка локализации минимума: 0,0800250190752523
[25.11.2015 14:39:36] Найдены подходящие границы отрезка локализации минимума. Это 0,0200250190752523;0,0800250190752523
[25.11.2015 14:39:36] Начал работу метод параболической аппроксимации Пауэлла.
[25.11.2015 14:39:36] Начальные значения, интервал 0,0200250190752523;0,0800250190752523, eps = 0,01
[25.11.2015 14:39:36] Итерация номер 1
[25.11.2015 14:39:36] 1. Найдено x1 = 0,0200250190752523, x2 = 0,0500250190752523, x3 = 0,0800250190752523
[25.11.2015 14:39:36] 2. Минимальное значение: 0,0200250190752523
[25.11.2015 14:39:36] 3. Пересчитан x4 = 0,0558929855024124
[25.11.2015 14:39:36] 4. x4 не достаточно приближен к истинному минимуму. Продолжение работы алгоритма.
[25.11.2015 14:39:36] 5. Точки отсортированы по возрастанию. 0,0200250190752523, 0,0500250190752523, 0,0558929855024124, 0,0800250190752523
[25.11.2015 14:39:36] 5. Точки отсортированы по значению функции. 0,0558929855024124, 0,0500250190752523, 0,0800250190752523, 0,0200250190752523
[25.11.2015 14:39:36] Итерация номер 2
[25.11.2015 14:39:36] 1. Найдено x1 = 0,0558929855024124, x2 = 0,0500250190752523, x3 = 0,0800250190752523
[25.11.2015 14:39:36] 2. Минимальное значение: 0,0500250190752523
[25.11.2015 14:39:36] 3. Пересчитан x4 = 0,0589567954442238
[25.11.2015 14:39:36] 4. x4 достаточно приближен к истинному минимуму. Завершение работы алгоритма.
[25.11.2015 14:39:36] Step 9: New alpha 0,0589567954442238
[25.11.2015 14:39:36] Step 10: New local search point DenseVector 2-Double
2,51995
2,48203

[25.11.2015 14:39:36] Step 11: Iteration end.
[25.11.2015 14:39:36] Step 2: ITERATION number 2
[25.11.2015 14:39:36] Step 5: Sk = DenseVector 2-Double
1,99044
1,96985

[25.11.2015 14:39:36] Step 6: Yk = DenseVector 2-Double
15,5458
45,4815

[25.11.2015 14:39:36] Step 7: Quasi-Newton matrix: 
DenseMatrix 2x2-Double
 0,032897  0,0325194
0,0325194  0,0321956

[25.11.2015 14:39:36] Step 8: Search vector: DenseVector 2-Double
0,206731
0,203747

[25.11.2015 14:39:36] Начата работа метода Дэвиса-Свенна-Кэмпи.
[25.11.2015 14:39:36] Начальная точка x0 = 0,0589567954442238, h= 0,01
[25.11.2015 14:39:36] 1. Вычисление f(x0) = 7,45660434338961, f(x0+h) = 7,44738739458615
[25.11.2015 14:39:36] 2. Сработало условие f(x0)>f(x0+h), f(x0) = 7,45660434338961, f(x0+h) = 7,44738739458615
[25.11.2015 14:39:36] 4. Начало итерационного поиска
[25.11.2015 14:39:36] Итерация номер 1
[25.11.2015 14:39:36] 5. Сработало условие f(x[k-1])>f(x[k]). k = 2, f(x[k-1]) = 7,44738739458615, f(x[k]) = 7,43877700324245
[25.11.2015 14:39:36] Была найдена более подходящая левая граница отрезка локализации минимума: 0,0689567954442238
[25.11.2015 14:39:36] Итерация номер 2
[25.11.2015 14:39:36] 5. Сработало условие f(x[k-1])>f(x[k]). k = 3, f(x[k-1]) = 7,43877700324245, f(x[k]) = 7,4233809016058
[25.11.2015 14:39:36] Была найдена более подходящая левая граница отрезка локализации минимума: 0,0789567954442238
[25.11.2015 14:39:36] Итерация номер 3
[25.11.2015 14:39:36] 5. Сработало условие f(x[k-1])>f(x[k]). k = 4, f(x[k-1]) = 7,4233809016058, f(x[k]) = 7,39992253094544
[25.11.2015 14:39:36] Была найдена более подходящая левая граница отрезка локализации минимума: 0,0989567954442238
[25.11.2015 14:39:36] Итерация номер 4
[25.11.2015 14:39:36] 5. Сработало условие f(x[k-1])>f(x[k]). k = 5, f(x[k-1]) = 7,39992253094544, f(x[k]) = 7,38262270299725
[25.11.2015 14:39:36] Была найдена более подходящая левая граница отрезка локализации минимума: 0,138956795444224
[25.11.2015 14:39:36] Итерация номер 5
[25.11.2015 14:39:36] 5. Сработало условие f(x[k-1])<=f(x[k]). k = 6, f(x[k-1]) = 7,38262270299725, f(x[k]) = 7,46875481422812
[25.11.2015 14:39:36] Была найдена более подходящая правая граница отрезка локализации минимума: 0,378956795444224
[25.11.2015 14:39:36] Найдены подходящие границы отрезка локализации минимума. Это 0,138956795444224;0,378956795444224
[25.11.2015 14:39:36] Начал работу метод параболической аппроксимации Пауэлла.
[25.11.2015 14:39:36] Начальные значения, интервал 0,138956795444224;0,378956795444224, eps = 0,01
[25.11.2015 14:39:36] Итерация номер 1
[25.11.2015 14:39:36] 1. Найдено x1 = 0,138956795444224, x2 = 0,258956795444224, x3 = 0,378956795444224
[25.11.2015 14:39:36] 2. Минимальное значение: 0,138956795444224
[25.11.2015 14:39:36] 3. Пересчитан x4 = 0,213468931757672
[25.11.2015 14:39:36] 4. x4 не достаточно приближен к истинному минимуму. Продолжение работы алгоритма.
[25.11.2015 14:39:36] 5. Точки отсортированы по возрастанию. 0,138956795444224, 0,213468931757672, 0,258956795444224, 0,378956795444224
[25.11.2015 14:39:36] 5. Точки отсортированы по значению функции. 0,213468931757672, 0,258956795444224, 0,138956795444224, 0,378956795444224
[25.11.2015 14:39:36] Итерация номер 2
[25.11.2015 14:39:36] 1. Найдено x1 = 0,213468931757672, x2 = 0,258956795444224, x3 = 0,138956795444224
[25.11.2015 14:39:36] 2. Минимальное значение: 0,138956795444224
[25.11.2015 14:39:36] 3. Пересчитан x4 = 0,213631569326547
[25.11.2015 14:39:36] 4. x4 не достаточно приближен к истинному минимуму. Продолжение работы алгоритма.
[25.11.2015 14:39:36] 5. Точки отсортированы по возрастанию. 0,138956795444224, 0,213468931757672, 0,213631569326547, 0,258956795444224
[25.11.2015 14:39:36] 5. Точки отсортированы по значению функции. 0,213631569326547, 0,213468931757672, 0,258956795444224, 0,138956795444224
[25.11.2015 14:39:36] Итерация номер 3
[25.11.2015 14:39:36] 1. Найдено x1 = 0,213631569326547, x2 = 0,213468931757672, x3 = 0,258956795444224
[25.11.2015 14:39:36] 2. Минимальное значение: 0,213468931757672
[25.11.2015 14:39:36] 3. Пересчитан x4 = 0,213744875228383
[25.11.2015 14:39:36] 4. x4 достаточно приближен к истинному минимуму. Завершение работы алгоритма.
[25.11.2015 14:39:36] Step 9: New alpha 0,213744875228383
[25.11.2015 14:39:36] Step 10: New local search point DenseVector 2-Double
2,56414
2,52558

[25.11.2015 14:39:36] Step 11: Iteration end.
[25.11.2015 14:39:36] Step 2: ITERATION number 3
[25.11.2015 14:39:36] Step 5: Sk = DenseVector 2-Double
0,0441876
0,0435498

[25.11.2015 14:39:36] Step 6: Yk = DenseVector 2-Double
2,89222
3,47865

[25.11.2015 14:39:36] Step 7: Quasi-Newton matrix: 
DenseMatrix 2x2-Double
0,00700591  0,00687766
0,00687766  0,00680094

[25.11.2015 14:39:36] Step 8: Search vector: DenseVector 2-Double
 0,000429487
-0,000356921

[25.11.2015 14:39:36] Начата работа метода Дэвиса-Свенна-Кэмпи.
[25.11.2015 14:39:36] Начальная точка x0 = 0,213744875228383, h= 0,01
[25.11.2015 14:39:36] 1. Вычисление f(x0) = 7,37989876085191, f(x0+h) = 7,37977530375857
[25.11.2015 14:39:36] 2. Сработало условие f(x0)>f(x0+h), f(x0) = 7,37989876085191, f(x0+h) = 7,37977530375857
[25.11.2015 14:39:36] 4. Начало итерационного поиска
[25.11.2015 14:39:36] Итерация номер 1
[25.11.2015 14:39:36] 5. Сработало условие f(x[k-1])>f(x[k]). k = 2, f(x[k-1]) = 7,37977530375857, f(x[k]) = 7,37965184768258
[25.11.2015 14:39:36] Была найдена более подходящая левая граница отрезка локализации минимума: 0,223744875228383
[25.11.2015 14:39:36] Итерация номер 2
[25.11.2015 14:39:36] 5. Сработало условие f(x[k-1])>f(x[k]). k = 3, f(x[k-1]) = 7,37965184768258, f(x[k]) = 7,37940493858272
[25.11.2015 14:39:36] Была найдена более подходящая левая граница отрезка локализации минимума: 0,233744875228383
[25.11.2015 14:39:36] Итерация номер 3
[25.11.2015 14:39:36] 5. Сработало условие f(x[k-1])>f(x[k]). k = 4, f(x[k-1]) = 7,37940493858272, f(x[k]) = 7,37891113259147
[25.11.2015 14:39:36] Была найдена более подходящая левая граница отрезка локализации минимума: 0,253744875228383
[25.11.2015 14:39:36] Итерация номер 4
[25.11.2015 14:39:36] 5. Сработало условие f(x[k-1])>f(x[k]). k = 5, f(x[k-1]) = 7,37891113259147, f(x[k]) = 7,37792356944323
[25.11.2015 14:39:36] Была найдена более подходящая левая граница отрезка локализации минимума: 0,293744875228383
[25.11.2015 14:39:36] Итерация номер 5
[25.11.2015 14:39:36] 5. Сработало условие f(x[k-1])>f(x[k]). k = 6, f(x[k-1]) = 7,37792356944323, f(x[k]) = 7,37594863848747
[25.11.2015 14:39:36] Была найдена более подходящая левая граница отрезка локализации минимума: 0,373744875228383
[25.11.2015 14:39:36] Итерация номер 6
[25.11.2015 14:39:36] 5. Сработало условие f(x[k-1])>f(x[k]). k = 7, f(x[k-1]) = 7,37594863848747, f(x[k]) = 7,37199955796721
[25.11.2015 14:39:36] Была найдена более подходящая левая граница отрезка локализации минимума: 0,533744875228383
[25.11.2015 14:39:36] Итерация номер 7
[25.11.2015 14:39:36] 5. Сработало условие f(x[k-1])>f(x[k]). k = 8, f(x[k-1]) = 7,37199955796721, f(x[k]) = 7,36410452271972
[25.11.2015 14:39:36] Была найдена более подходящая левая граница отрезка локализации минимума: 0,853744875228383
[25.11.2015 14:39:36] Итерация номер 8
[25.11.2015 14:39:36] 5. Сработало условие f(x[k-1])>f(x[k]). k = 9, f(x[k-1]) = 7,36410452271972, f(x[k]) = 7,34832695722019
[25.11.2015 14:39:37] Была найдена более подходящая левая граница отрезка локализации минимума: 1,49374487522838
[25.11.2015 14:39:37] Итерация номер 9
[25.11.2015 14:39:37] 5. Сработало условие f(x[k-1])>f(x[k]). k = 10, f(x[k-1]) = 7,34832695722019, f(x[k]) = 7,31682186080176
[25.11.2015 14:39:37] Была найдена более подходящая левая граница отрезка локализации минимума: 2,77374487522838
[25.11.2015 14:39:37] Итерация номер 10
[25.11.2015 14:39:37] 5. Сработало условие f(x[k-1])>f(x[k]). k = 11, f(x[k-1]) = 7,31682186080176, f(x[k]) = 7,25401192324703
[25.11.2015 14:39:37] Была найдена более подходящая левая граница отрезка локализации минимума: 5,33374487522838
[25.11.2015 14:39:37] Итерация номер 11
[25.11.2015 14:39:37] 5. Сработало условие f(x[k-1])>f(x[k]). k = 12, f(x[k-1]) = 7,25401192324703, f(x[k]) = 7,12919400766234
[25.11.2015 14:39:37] Была найдена более подходящая левая граница отрезка локализации минимума: 10,4537448752284
[25.11.2015 14:39:37] Итерация номер 12
[25.11.2015 14:39:37] 5. Сработало условие f(x[k-1])>f(x[k]). k = 13, f(x[k-1]) = 7,12919400766234, f(x[k]) = 6,88277356527558
[25.11.2015 14:39:37] Была найдена более подходящая левая граница отрезка локализации минимума: 20,6937448752284
[25.11.2015 14:39:37] Итерация номер 13
[25.11.2015 14:39:37] 5. Сработало условие f(x[k-1])>f(x[k]). k = 14, f(x[k-1]) = 6,88277356527558, f(x[k]) = 6,40285533730995
[25.11.2015 14:39:37] Была найдена более подходящая левая граница отрезка локализации минимума: 41,1737448752284
[25.11.2015 14:39:37] Итерация номер 14
[25.11.2015 14:39:37] 5. Сработало условие f(x[k-1])>f(x[k]). k = 15, f(x[k-1]) = 6,40285533730995, f(x[k]) = 5,49520946137634
[25.11.2015 14:39:37] Была найдена более подходящая левая граница отрезка локализации минимума: 82,1337448752284
[25.11.2015 14:39:37] Итерация номер 15
[25.11.2015 14:39:37] 5. Сработало условие f(x[k-1])>f(x[k]). k = 16, f(x[k-1]) = 5,49520946137634, f(x[k]) = 3,89285788117422
[25.11.2015 14:39:37] Была найдена более подходящая левая граница отрезка локализации минимума: 164,053744875228
[25.11.2015 14:39:37] Итерация номер 16
[25.11.2015 14:39:37] 5. Сработало условие f(x[k-1])>f(x[k]). k = 17, f(x[k-1]) = 3,89285788117422, f(x[k]) = 1,57618989356851
[25.11.2015 14:39:37] Была найдена более подходящая левая граница отрезка локализации минимума: 327,893744875228
[25.11.2015 14:39:37] Итерация номер 17
[25.11.2015 14:39:37] 5. Сработало условие f(x[k-1])>f(x[k]). k = 18, f(x[k-1]) = 1,57618989356851, f(x[k]) = 0,830817262520757
[25.11.2015 14:39:37] Была найдена более подходящая левая граница отрезка локализации минимума: 655,573744875228
[25.11.2015 14:39:37] Итерация номер 18
[25.11.2015 14:39:37] 5. Сработало условие f(x[k-1])<=f(x[k]). k = 19, f(x[k-1]) = 0,830817262520757, f(x[k]) = 18,3085348226689
[25.11.2015 14:39:37] Была найдена более подходящая правая граница отрезка локализации минимума: 2621,65374487523
[25.11.2015 14:39:37] Найдены подходящие границы отрезка локализации минимума. Это 655,573744875228;2621,65374487523
[25.11.2015 14:39:37] Начал работу метод параболической аппроксимации Пауэлла.
[25.11.2015 14:39:37] Начальные значения, интервал 655,573744875228;2621,65374487523, eps = 0,01
[25.11.2015 14:39:37] Итерация номер 1
[25.11.2015 14:39:37] 1. Найдено x1 = 655,573744875228, x2 = 1638,61374487523, x3 = 2621,65374487523
[25.11.2015 14:39:37] 2. Минимальное значение: 655,573744875228
[25.11.2015 14:39:37] 3. Пересчитан x4 = 1076,62043692059
[25.11.2015 14:39:37] 4. x4 не достаточно приближен к истинному минимуму. Продолжение работы алгоритма.
[25.11.2015 14:39:37] 5. Точки отсортированы по возрастанию. 655,573744875228, 1076,62043692059, 1638,61374487523, 2621,65374487523
[25.11.2015 14:39:37] 5. Точки отсортированы по значению функции. 1076,62043692059, 655,573744875228, 1638,61374487523, 2621,65374487523
[25.11.2015 14:39:37] Итерация номер 2
[25.11.2015 14:39:37] 1. Найдено x1 = 1076,62043692059, x2 = 655,573744875228, x3 = 1638,61374487523
[25.11.2015 14:39:37] 2. Минимальное значение: 655,573744875228
[25.11.2015 14:39:37] 3. Пересчитан x4 = 1066,18452373985
[25.11.2015 14:39:37] 4. x4 не достаточно приближен к истинному минимуму. Продолжение работы алгоритма.
[25.11.2015 14:39:37] 5. Точки отсортированы по возрастанию. 655,573744875228, 1066,18452373985, 1076,62043692059, 1638,61374487523
[25.11.2015 14:39:37] 5. Точки отсортированы по значению функции. 1076,62043692059, 1066,18452373985, 655,573744875228, 1638,61374487523
[25.11.2015 14:39:37] Итерация номер 3
[25.11.2015 14:39:37] 1. Найдено x1 = 1076,62043692059, x2 = 1066,18452373985, x3 = 655,573744875228
[25.11.2015 14:39:37] 2. Минимальное значение: 655,573744875228
[25.11.2015 14:39:37] 3. Пересчитан x4 = 1076,2905353191
[25.11.2015 14:39:37] 4. x4 не достаточно приближен к истинному минимуму. Продолжение работы алгоритма.
[25.11.2015 14:39:37] 5. Точки отсортированы по возрастанию. 655,573744875228, 1066,18452373985, 1076,2905353191, 1076,62043692059
[25.11.2015 14:39:37] 5. Точки отсортированы по значению функции. 1076,2905353191, 1076,62043692059, 1066,18452373985, 655,573744875228
[25.11.2015 14:39:37] Итерация номер 4
[25.11.2015 14:39:37] 1. Найдено x1 = 1076,2905353191, x2 = 1076,62043692059, x3 = 1066,18452373985
[25.11.2015 14:39:37] 2. Минимальное значение: 1066,18452373985
[25.11.2015 14:39:37] 3. Пересчитан x4 = 1076,12419880462
[25.11.2015 14:39:37] 4. x4 не достаточно приближен к истинному минимуму. Продолжение работы алгоритма.
[25.11.2015 14:39:37] 5. Точки отсортированы по возрастанию. 1066,18452373985, 1076,12419880462, 1076,2905353191, 1076,62043692059
[25.11.2015 14:39:37] 5. Точки отсортированы по значению функции. 1076,12419880462, 1076,2905353191, 1076,62043692059, 1066,18452373985
[25.11.2015 14:39:37] Итерация номер 5
[25.11.2015 14:39:37] 1. Найдено x1 = 1076,12419880462, x2 = 1076,2905353191, x3 = 1076,62043692059
[25.11.2015 14:39:37] 2. Минимальное значение: 1076,12419880462
[25.11.2015 14:39:37] 3. Пересчитан x4 = 1076,12447564421
[25.11.2015 14:39:37] 4. x4 достаточно приближен к истинному минимуму. Завершение работы алгоритма.
[25.11.2015 14:39:37] Step 9: New alpha 1076,12447564421
[25.11.2015 14:39:37] Step 10: New local search point DenseVector 2-Double
3,02632
2,14149

[25.11.2015 14:39:37] Step 11: Iteration end.
[25.11.2015 14:39:37] Step 2: ITERATION number 4
[25.11.2015 14:39:37] Step 5: Sk = DenseVector 2-Double
 0,462181
-0,384091

[25.11.2015 14:39:37] Step 6: Yk = DenseVector 2-Double
 20,4555
-9,98138

[25.11.2015 14:39:37] Step 7: Quasi-Newton matrix: 
DenseMatrix 2x2-Double
 0,0161185  -0,0132716
-0,0132716   0,0112824

[25.11.2015 14:39:37] Step 8: Search vector: DenseVector 2-Double
-0,000722125
 -0,00147984

[25.11.2015 14:39:37] Начата работа метода Дэвиса-Свенна-Кэмпи.
[25.11.2015 14:39:37] Начальная точка x0 = 1076,12447564421, h= 0,01
[25.11.2015 14:39:37] 1. Вычисление f(x0) = 48,8704958392087, f(x0+h) = 48,8712145883472
[25.11.2015 14:39:37] 3. Сработало условие f(x0)<=f(x0+h), f(x0) = 48,8704958392087, f(x0+h) = 48,8712145883472
[25.11.2015 14:39:37] 4. Начало итерационного поиска
[25.11.2015 14:39:37] Итерация номер 1
[25.11.2015 14:39:37] 5. Сработало условие f(x[k-1])>f(x[k]). k = 2, f(x[k-1]) = 48,869777090621, f(x[k]) = 48,8690583425842
[25.11.2015 14:39:37] Была найдена более подходящая правая граница отрезка локализации минимума: 1076,11447564421
[25.11.2015 14:39:37] Итерация номер 2
[25.11.2015 14:39:37] 5. Сработало условие f(x[k-1])>f(x[k]). k = 3, f(x[k-1]) = 48,8690583425842, f(x[k]) = 48,8676208481636
[25.11.2015 14:39:37] Была найдена более подходящая правая граница отрезка локализации минимума: 1076,10447564421
[25.11.2015 14:39:37] Итерация номер 3
[25.11.2015 14:39:37] 5. Сработало условие f(x[k-1])>f(x[k]). k = 4, f(x[k-1]) = 48,8676208481636, f(x[k]) = 48,8647458659369
[25.11.2015 14:39:37] Была найдена более подходящая правая граница отрезка локализации минимума: 1076,08447564421
[25.11.2015 14:39:37] Итерация номер 4
[25.11.2015 14:39:37] 5. Сработало условие f(x[k-1])>f(x[k]). k = 5, f(x[k-1]) = 48,8647458659369, f(x[k]) = 48,8589959279623
[25.11.2015 14:39:37] Была найдена более подходящая правая граница отрезка локализации минимума: 1076,04447564421
[25.11.2015 14:39:37] Итерация номер 5
[25.11.2015 14:39:37] 5. Сработало условие f(x[k-1])>f(x[k]). k = 6, f(x[k-1]) = 48,8589959279623, f(x[k]) = 48,8474961580917
[25.11.2015 14:39:37] Была найдена более подходящая правая граница отрезка локализации минимума: 1075,96447564421
[25.11.2015 14:39:37] Итерация номер 6
[25.11.2015 14:39:37] 5. Сработало условие f(x[k-1])>f(x[k]). k = 7, f(x[k-1]) = 48,8474961580917, f(x[k]) = 48,8244970439739
[25.11.2015 14:39:37] Была найдена более подходящая правая граница отрезка локализации минимума: 1075,80447564421
[25.11.2015 14:39:37] Итерация номер 7
[25.11.2015 14:39:37] 5. Сработало условие f(x[k-1])>f(x[k]). k = 8, f(x[k-1]) = 48,8244970439739, f(x[k]) = 48,7785005287074
[25.11.2015 14:39:37] Была найдена более подходящая правая граница отрезка локализации минимума: 1075,48447564421
[25.11.2015 14:39:37] Итерация номер 8
[25.11.2015 14:39:37] 5. Сработало условие f(x[k-1])>f(x[k]). k = 9, f(x[k-1]) = 48,7785005287074, f(x[k]) = 48,6865144339192
[25.11.2015 14:39:37] Была найдена более подходящая правая граница отрезка локализации минимума: 1074,84447564421
[25.11.2015 14:39:37] Итерация номер 9
[25.11.2015 14:39:37] 5. Сработало условие f(x[k-1])>f(x[k]). k = 10, f(x[k-1]) = 48,6865144339192, f(x[k]) = 48,5025706593453
[25.11.2015 14:39:37] Была найдена более подходящая правая граница отрезка локализации минимума: 1073,56447564421
[25.11.2015 14:39:37] Итерация номер 10
[25.11.2015 14:39:37] 5. Сработало условие f(x[k-1])>f(x[k]). k = 11, f(x[k-1]) = 48,5025706593453, f(x[k]) = 48,1348021635326
[25.11.2015 14:39:37] Была найдена более подходящая правая граница отрезка локализации минимума: 1071,00447564421
[25.11.2015 14:39:37] Итерация номер 11
[25.11.2015 14:39:37] 5. Сработало условие f(x[k-1])>f(x[k]). k = 12, f(x[k-1]) = 48,1348021635326, f(x[k]) = 47,3997848060937
[25.11.2015 14:39:37] Была найдена более подходящая правая граница отрезка локализации минимума: 1065,88447564421
[25.11.2015 14:39:37] Итерация номер 12
[25.11.2015 14:39:37] 5. Сработало условие f(x[k-1])>f(x[k]). k = 13, f(x[k-1]) = 47,3997848060937, f(x[k]) = 45,9321803826545
[25.11.2015 14:39:37] Была найдена более подходящая правая граница отрезка локализации минимума: 1055,64447564421
[25.11.2015 14:39:37] Итерация номер 13
[25.11.2015 14:39:37] 5. Сработало условие f(x[k-1])>f(x[k]). k = 14, f(x[k-1]) = 45,9321803826545, f(x[k]) = 43,0095769458639
[25.11.2015 14:39:37] Была найдена более подходящая правая граница отрезка локализации минимума: 1035,16447564421
[25.11.2015 14:39:37] Итерация номер 14
[25.11.2015 14:39:37] 5. Сработало условие f(x[k-1])>f(x[k]). k = 15, f(x[k-1]) = 43,0095769458639, f(x[k]) = 37,2389889759205
[25.11.2015 14:39:37] Была найдена более подходящая правая граница отрезка локализации минимума: 994,204475644215
[25.11.2015 14:39:37] Итерация номер 15
[25.11.2015 14:39:37] 5. Сработало условие f(x[k-1])>f(x[k]). k = 16, f(x[k-1]) = 37,2389889759205, f(x[k]) = 26,2078396948425
[25.11.2015 14:39:37] Была найдена более подходящая правая граница отрезка локализации минимума: 912,284475644214
[25.11.2015 14:39:37] Итерация номер 16
[25.11.2015 14:39:37] 5. Сработало условие f(x[k-1])>f(x[k]). k = 17, f(x[k-1]) = 26,2078396948425, f(x[k]) = 8,1656231294696
[25.11.2015 14:39:37] Была найдена более подходящая правая граница отрезка локализации минимума: 748,444475644214
[25.11.2015 14:39:37] Итерация номер 17
[25.11.2015 14:39:37] 5. Сработало условие f(x[k-1])<=f(x[k]). k = 18, f(x[k-1]) = 8,1656231294696, f(x[k]) = 8,60239299794778
[25.11.2015 14:39:37] Была найдена более подходящая левая граница отрезка локализации минимума: -234,595524355786
[25.11.2015 14:39:37] Найдены подходящие границы отрезка локализации минимума. Это -234,595524355786;748,444475644214
[25.11.2015 14:39:37] Начал работу метод параболической аппроксимации Пауэлла.
[25.11.2015 14:39:37] Начальные значения, интервал -234,595524355786;748,444475644214, eps = 0,01
[25.11.2015 14:39:37] Итерация номер 1
[25.11.2015 14:39:37] 1. Найдено x1 = -234,595524355786, x2 = 256,924475644214, x3 = 748,444475644214
[25.11.2015 14:39:37] 2. Минимальное значение: -234,595524355786
[25.11.2015 14:39:37] 3. Пересчитан x4 = 111,946356449044
[25.11.2015 14:39:37] 4. x4 не достаточно приближен к истинному минимуму. Продолжение работы алгоритма.
[25.11.2015 14:39:37] 5. Точки отсортированы по возрастанию. -234,595524355786, 111,946356449044, 256,924475644214, 748,444475644214
[25.11.2015 14:39:37] 5. Точки отсортированы по значению функции. 111,946356449044, 256,924475644214, -234,595524355786, 748,444475644214
[25.11.2015 14:39:37] Итерация номер 2
[25.11.2015 14:39:37] 1. Найдено x1 = 111,946356449044, x2 = 256,924475644214, x3 = -234,595524355786
[25.11.2015 14:39:37] 2. Минимальное значение: -234,595524355786
[25.11.2015 14:39:37] 3. Пересчитан x4 = 86,6314366845416
[25.11.2015 14:39:37] 4. x4 не достаточно приближен к истинному минимуму. Продолжение работы алгоритма.
[25.11.2015 14:39:37] 5. Точки отсортированы по возрастанию. -234,595524355786, 86,6314366845416, 111,946356449044, 256,924475644214
[25.11.2015 14:39:37] 5. Точки отсортированы по значению функции. 86,6314366845416, 111,946356449044, 256,924475644214, -234,595524355786
[25.11.2015 14:39:37] Итерация номер 3
[25.11.2015 14:39:38] 1. Найдено x1 = 86,6314366845416, x2 = 111,946356449044, x3 = 256,924475644214
[25.11.2015 14:39:38] 2. Минимальное значение: 86,6314366845416
[25.11.2015 14:39:38] 3. Пересчитан x4 = 70,7324509702639
[25.11.2015 14:39:38] 4. x4 не достаточно приближен к истинному минимуму. Продолжение работы алгоритма.
[25.11.2015 14:39:38] 5. Точки отсортированы по возрастанию. 70,7324509702639, 86,6314366845416, 111,946356449044, 256,924475644214
[25.11.2015 14:39:38] 5. Точки отсортированы по значению функции. 70,7324509702639, 86,6314366845416, 111,946356449044, 256,924475644214
[25.11.2015 14:39:38] Итерация номер 4
[25.11.2015 14:39:38] 1. Найдено x1 = 70,7324509702639, x2 = 86,6314366845416, x3 = 111,946356449044
[25.11.2015 14:39:38] 2. Минимальное значение: 70,7324509702639
[25.11.2015 14:39:38] 3. Пересчитан x4 = 73,0942534169029
[25.11.2015 14:39:38] 4. x4 не достаточно приближен к истинному минимуму. Продолжение работы алгоритма.
[25.11.2015 14:39:38] 5. Точки отсортированы по возрастанию. 70,7324509702639, 73,0942534169029, 86,6314366845416, 111,946356449044
[25.11.2015 14:39:38] 5. Точки отсортированы по значению функции. 73,0942534169029, 70,7324509702639, 86,6314366845416, 111,946356449044
[25.11.2015 14:39:38] Итерация номер 5
[25.11.2015 14:39:38] 1. Найдено x1 = 73,0942534169029, x2 = 70,7324509702639, x3 = 86,6314366845416
[25.11.2015 14:39:38] 2. Минимальное значение: 70,7324509702639
[25.11.2015 14:39:38] 3. Пересчитан x4 = 73,1915759025581
[25.11.2015 14:39:38] 4. x4 не достаточно приближен к истинному минимуму. Продолжение работы алгоритма.
[25.11.2015 14:39:38] 5. Точки отсортированы по возрастанию. 70,7324509702639, 73,0942534169029, 73,1915759025581, 86,6314366845416
[25.11.2015 14:39:38] 5. Точки отсортированы по значению функции. 73,1915759025581, 73,0942534169029, 70,7324509702639, 86,6314366845416
[25.11.2015 14:39:38] Итерация номер 6
[25.11.2015 14:39:38] 1. Найдено x1 = 73,1915759025581, x2 = 73,0942534169029, x3 = 70,7324509702639
[25.11.2015 14:39:38] 2. Минимальное значение: 70,7324509702639
[25.11.2015 14:39:38] 3. Пересчитан x4 = 73,1838783088894
[25.11.2015 14:39:38] 4. x4 не достаточно приближен к истинному минимуму. Продолжение работы алгоритма.
[25.11.2015 14:39:38] 5. Точки отсортированы по возрастанию. 70,7324509702639, 73,0942534169029, 73,1838783088894, 73,1915759025581
[25.11.2015 14:39:38] 5. Точки отсортированы по значению функции. 73,1838783088894, 73,1915759025581, 73,0942534169029, 70,7324509702639
[25.11.2015 14:39:38] Итерация номер 7
[25.11.2015 14:39:38] 1. Найдено x1 = 73,1838783088894, x2 = 73,1915759025581, x3 = 73,0942534169029
[25.11.2015 14:39:38] 2. Минимальное значение: 73,0942534169029
[25.11.2015 14:39:38] 3. Пересчитан x4 = 73,1839234419403
[25.11.2015 14:39:38] 4. x4 не достаточно приближен к истинному минимуму. Продолжение работы алгоритма.
[25.11.2015 14:39:38] 5. Точки отсортированы по возрастанию. 73,0942534169029, 73,1838783088894, 73,1839234419403, 73,1915759025581
[25.11.2015 14:39:38] 5. Точки отсортированы по значению функции. 73,1839234419403, 73,1838783088894, 73,1915759025581, 73,0942534169029
[25.11.2015 14:39:38] Итерация номер 8
[25.11.2015 14:39:38] 1. Найдено x1 = 73,1839234419403, x2 = 73,1838783088894, x3 = 73,1915759025581
[25.11.2015 14:39:38] 2. Минимальное значение: 73,1838783088894
[25.11.2015 14:39:38] 3. Пересчитан x4 = 73,1839292774273
[25.11.2015 14:39:38] 4. x4 достаточно приближен к истинному минимуму. Завершение работы алгоритма.
[25.11.2015 14:39:38] Step 9: New alpha 73,1839292774273
[25.11.2015 14:39:38] Step 10: New local search point DenseVector 2-Double
2,97347
2,03319

[25.11.2015 14:39:38] Step 11: Iteration end.
[25.11.2015 14:39:38] Step 2: ITERATION number 5
[25.11.2015 14:39:38] Step 5: Sk = DenseVector 2-Double
-0,052848
  -0,1083

[25.11.2015 14:39:38] Step 6: Yk = DenseVector 2-Double
-6,13277
-5,22277

[25.11.2015 14:39:38] Step 7: Quasi-Newton matrix: 
DenseMatrix 2x2-Double
0,00558459  0,00356114
0,00356114   0,0165546

[25.11.2015 14:39:38] Step 8: Search vector: DenseVector 2-Double
 0,00490575
-0,00576057

[25.11.2015 14:39:38] Начата работа метода Дэвиса-Свенна-Кэмпи.
[25.11.2015 14:39:38] Начальная точка x0 = 73,1839292774273, h= 0,01
[25.11.2015 14:39:38] 1. Вычисление f(x0) = 4,09393846448511, f(x0+h) = 4,09515604308351
[25.11.2015 14:39:38] 3. Сработало условие f(x0)<=f(x0+h), f(x0) = 4,09393846448511, f(x0+h) = 4,09515604308351
[25.11.2015 14:39:38] 4. Начало итерационного поиска
[25.11.2015 14:39:38] Итерация номер 1
[25.11.2015 14:39:38] 5. Сработало условие f(x[k-1])>f(x[k]). k = 2, f(x[k-1]) = 4,09272107065162, f(x[k]) = 4,09150386158074
[25.11.2015 14:39:38] Была найдена более подходящая правая граница отрезка локализации минимума: 73,1739292774273
[25.11.2015 14:39:38] Итерация номер 2
[25.11.2015 14:39:38] 5. Сработало условие f(x[k-1])>f(x[k]). k = 3, f(x[k-1]) = 4,09150386158074, f(x[k]) = 4,08906999771741
[25.11.2015 14:39:38] Была найдена более подходящая правая граница отрезка локализации минимума: 73,1639292774273
[25.11.2015 14:39:38] Итерация номер 3
[25.11.2015 14:39:38] 5. Сработало условие f(x[k-1])>f(x[k]). k = 4, f(x[k-1]) = 4,08906999771741, f(x[k]) = 4,08420448703899
[25.11.2015 14:39:38] Была найдена более подходящая правая граница отрезка локализации минимума: 73,1439292774273
[25.11.2015 14:39:38] Итерация номер 4
[25.11.2015 14:39:38] 5. Сработало условие f(x[k-1])>f(x[k]). k = 5, f(x[k-1]) = 4,08420448703899, f(x[k]) = 4,07448233335196
[25.11.2015 14:39:38] Была найдена более подходящая правая граница отрезка локализации минимума: 73,1039292774273
[25.11.2015 14:39:38] Итерация номер 5
[25.11.2015 14:39:38] 5. Сработало условие f(x[k-1])>f(x[k]). k = 6, f(x[k-1]) = 4,07448233335196, f(x[k]) = 4,05507349247685
[25.11.2015 14:39:38] Была найдена более подходящая правая граница отрезка локализации минимума: 73,0239292774273
[25.11.2015 14:39:38] Итерация номер 6
[25.11.2015 14:39:38] 5. Сработало условие f(x[k-1])>f(x[k]). k = 7, f(x[k-1]) = 4,05507349247685, f(x[k]) = 4,01639764336654
[25.11.2015 14:39:38] Была найдена более подходящая правая граница отрезка локализации минимума: 72,8639292774273
[25.11.2015 14:39:38] Итерация номер 7
[25.11.2015 14:39:38] 5. Сработало условие f(x[k-1])>f(x[k]). k = 8, f(x[k-1]) = 4,01639764336654, f(x[k]) = 3,93961301024652
[25.11.2015 14:39:38] Была найдена более подходящая правая граница отрезка локализации минимума: 72,5439292774273
[25.11.2015 14:39:38] Итерация номер 8
[25.11.2015 14:39:38] 5. Сработало условие f(x[k-1])>f(x[k]). k = 9, f(x[k-1]) = 3,93961301024652, f(x[k]) = 3,78830990293682
[25.11.2015 14:39:38] Была найдена более подходящая правая граница отрезка локализации минимума: 71,9039292774273
[25.11.2015 14:39:38] Итерация номер 9
[25.11.2015 14:39:38] 5. Сработало условие f(x[k-1])>f(x[k]). k = 10, f(x[k-1]) = 3,78830990293682, f(x[k]) = 3,49475186748389
[25.11.2015 14:39:38] Была найдена более подходящая правая граница отрезка локализации минимума: 70,6239292774273
[25.11.2015 14:39:38] Итерация номер 10
[25.11.2015 14:39:38] 5. Сработало условие f(x[k-1])>f(x[k]). k = 11, f(x[k-1]) = 3,49475186748389, f(x[k]) = 2,94370254433409
[25.11.2015 14:39:38] Была найдена более подходящая правая граница отрезка локализации минимума: 68,0639292774273
[25.11.2015 14:39:38] Итерация номер 11
[25.11.2015 14:39:38] 5. Сработало условие f(x[k-1])>f(x[k]). k = 12, f(x[k-1]) = 2,94370254433409, f(x[k]) = 1,98495407424586
[25.11.2015 14:39:38] Была найдена более подходящая правая граница отрезка локализации минимума: 62,9439292774273
[25.11.2015 14:39:38] Итерация номер 12
[25.11.2015 14:39:38] 5. Сработало условие f(x[k-1])>f(x[k]). k = 13, f(x[k-1]) = 1,98495407424586, f(x[k]) = 0,634978303872473
[25.11.2015 14:39:38] Была найдена более подходящая правая граница отрезка локализации минимума: 52,7039292774273
[25.11.2015 14:39:38] Итерация номер 13
[25.11.2015 14:39:38] 5. Сработало условие f(x[k-1])>f(x[k]). k = 14, f(x[k-1]) = 0,634978303872473, f(x[k]) = 0,181354897364246
[25.11.2015 14:39:38] Была найдена более подходящая правая граница отрезка локализации минимума: 32,2239292774273
[25.11.2015 14:39:38] Итерация номер 14
[25.11.2015 14:39:38] 5. Сработало условие f(x[k-1])<=f(x[k]). k = 15, f(x[k-1]) = 0,181354897364246, f(x[k]) = 8,44184402735722
[25.11.2015 14:39:38] Была найдена более подходящая левая граница отрезка локализации минимума: -90,6560707225727
[25.11.2015 14:39:38] Найдены подходящие границы отрезка локализации минимума. Это -90,6560707225727;32,2239292774273
[25.11.2015 14:39:38] Начал работу метод параболической аппроксимации Пауэлла.
[25.11.2015 14:39:38] Начальные значения, интервал -90,6560707225727;32,2239292774273, eps = 0,01
[25.11.2015 14:39:38] Итерация номер 1
[25.11.2015 14:39:38] 1. Найдено x1 = -90,6560707225727, x2 = -29,2160707225727, x3 = 32,2239292774273
[25.11.2015 14:39:38] 2. Минимальное значение: -90,6560707225727
[25.11.2015 14:39:38] 3. Пересчитан x4 = 5,45787565819195
[25.11.2015 14:39:38] 4. x4 не достаточно приближен к истинному минимуму. Продолжение работы алгоритма.
[25.11.2015 14:39:38] 5. Точки отсортированы по возрастанию. -90,6560707225727, -29,2160707225727, 5,45787565819195, 32,2239292774273
[25.11.2015 14:39:38] 5. Точки отсортированы по значению функции. 5,45787565819195, 32,2239292774273, -29,2160707225727, -90,6560707225727
[25.11.2015 14:39:38] Итерация номер 2
[25.11.2015 14:39:38] 1. Найдено x1 = 5,45787565819195, x2 = 32,2239292774273, x3 = -29,2160707225727
[25.11.2015 14:39:38] 2. Минимальное значение: -29,2160707225727
[25.11.2015 14:39:38] 3. Пересчитан x4 = 5,56009690558579
[25.11.2015 14:39:38] 4. x4 не достаточно приближен к истинному минимуму. Продолжение работы алгоритма.
[25.11.2015 14:39:38] 5. Точки отсортированы по возрастанию. -29,2160707225727, 5,45787565819195, 5,56009690558579, 32,2239292774273
[25.11.2015 14:39:38] 5. Точки отсортированы по значению функции. 5,56009690558579, 5,45787565819195, 32,2239292774273, -29,2160707225727
[25.11.2015 14:39:38] Итерация номер 3
[25.11.2015 14:39:38] 1. Найдено x1 = 5,56009690558579, x2 = 5,45787565819195, x3 = 32,2239292774273
[25.11.2015 14:39:38] 2. Минимальное значение: 5,45787565819195
[25.11.2015 14:39:38] 3. Пересчитан x4 = 5,51935637396301
[25.11.2015 14:39:38] 4. x4 не достаточно приближен к истинному минимуму. Продолжение работы алгоритма.
[25.11.2015 14:39:38] 5. Точки отсортированы по возрастанию. 5,45787565819195, 5,51935637396301, 5,56009690558579, 32,2239292774273
[25.11.2015 14:39:38] 5. Точки отсортированы по значению функции. 5,51935637396301, 5,56009690558579, 5,45787565819195, 32,2239292774273
[25.11.2015 14:39:38] Итерация номер 4
[25.11.2015 14:39:38] 1. Найдено x1 = 5,51935637396301, x2 = 5,56009690558579, x3 = 5,45787565819195
[25.11.2015 14:39:38] 2. Минимальное значение: 5,45787565819195
[25.11.2015 14:39:38] 3. Пересчитан x4 = 5,51935010493082
[25.11.2015 14:39:38] 4. x4 не достаточно приближен к истинному минимуму. Продолжение работы алгоритма.
[25.11.2015 14:39:38] 5. Точки отсортированы по возрастанию. 5,45787565819195, 5,51935010493082, 5,51935637396301, 5,56009690558579
[25.11.2015 14:39:38] 5. Точки отсортированы по значению функции. 5,51935010493082, 5,51935637396301, 5,56009690558579, 5,45787565819195
[25.11.2015 14:39:38] Итерация номер 5
[25.11.2015 14:39:38] 1. Найдено x1 = 5,51935010493082, x2 = 5,51935637396301, x3 = 5,56009690558579
[25.11.2015 14:39:38] 2. Минимальное значение: 5,51935010493082
[25.11.2015 14:39:38] 3. Пересчитан x4 = 5,51935001169293
[25.11.2015 14:39:38] 4. x4 достаточно приближен к истинному минимуму. Завершение работы алгоритма.
[25.11.2015 14:39:38] Step 9: New alpha 5,51935001169293
[25.11.2015 14:39:38] Step 10: New local search point DenseVector 2-Double
3,00055
2,00139

[25.11.2015 14:39:38] Step 11: Iteration end.
[25.11.2015 14:39:38] Step 2: ITERATION number 6
[25.11.2015 14:39:38] Step 3: End of searching. Final values: Function = 5,95144304939229E-05, Point = DenseVector 2-Double
3,00055
2,00139
. Go to step 12.
[25.11.2015 14:39:38] Step 12: Search is done!
