[25.11.2015 15:00:55] DFP method started
[25.11.2015 15:00:55] Input data. Start point DenseVector 2-Double
0
0
, epsilon 0,01000
[25.11.2015 15:00:55] Step 1: K = 0
[25.11.2015 15:00:55] Step 2: ITERATION number 0
[25.11.2015 15:00:55] Step 4: K==0, go to step 8.
[25.11.2015 15:00:55] Step 8: Search vector: DenseVector 2-Double
14
22

[25.11.2015 15:00:55] Начата работа метода Дэвиса-Свенна-Кэмпи.
[25.11.2015 15:00:55] Начальная точка x0 = 0, h= 0,001
[25.11.2015 15:00:55] 1. Вычисление f(x0) = 170, f(x0+h) = 169,309614448672
[25.11.2015 15:00:55] 2. Сработало условие f(x0)>f(x0+h), f(x0) = 170, f(x0+h) = 169,309614448672
[25.11.2015 15:00:55] 4. Начало итерационного поиска
[25.11.2015 15:00:55] Итерация номер 1
[25.11.2015 15:00:55] 5. Сработало условие f(x[k-1])>f(x[k]). k = 2, f(x[k-1]) = 169,309614448672, f(x[k]) = 168,598549770752
[25.11.2015 15:00:55] Была найдена более подходящая левая граница отрезка локализации минимума: 0,001
[25.11.2015 15:00:55] Итерация номер 2
[25.11.2015 15:00:55] 5. Сработало условие f(x[k-1])>f(x[k]). k = 3, f(x[k-1]) = 168,598549770752, f(x[k]) = 167,114961068032
[25.11.2015 15:00:55] Была найдена более подходящая левая граница отрезка локализации минимума: 0,002
[25.11.2015 15:00:55] Итерация номер 3
[25.11.2015 15:00:55] 5. Сработало условие f(x[k-1])>f(x[k]). k = 4, f(x[k-1]) = 167,114961068032, f(x[k]) = 163,906358976512
[25.11.2015 15:00:55] Была найдена более подходящая левая граница отрезка локализации минимума: 0,004
[25.11.2015 15:00:55] Итерация номер 4
[25.11.2015 15:00:55] 5. Сработало условие f(x[k-1])>f(x[k]). k = 5, f(x[k-1]) = 163,906358976512, f(x[k]) = 156,564254728192
[25.11.2015 15:00:55] Была найдена более подходящая левая граница отрезка локализации минимума: 0,008
[25.11.2015 15:00:55] Итерация номер 5
[25.11.2015 15:00:55] 5. Сработало условие f(x[k-1])>f(x[k]). k = 6, f(x[k-1]) = 156,564254728192, f(x[k]) = 138,594788483072
[25.11.2015 15:00:55] Была найдена более подходящая левая граница отрезка локализации минимума: 0,016
[25.11.2015 15:00:55] Итерация номер 6
[25.11.2015 15:00:55] 5. Сработало условие f(x[k-1])>f(x[k]). k = 7, f(x[k-1]) = 138,594788483072, f(x[k]) = 94,236814385152
[25.11.2015 15:00:55] Была найдена более подходящая левая граница отрезка локализации минимума: 0,032
[25.11.2015 15:00:55] Итерация номер 7
[25.11.2015 15:00:55] 5. Сработало условие f(x[k-1])>f(x[k]). k = 8, f(x[k-1]) = 94,236814385152, f(x[k]) = 32,136603410432
[25.11.2015 15:00:55] Была найдена более подходящая левая граница отрезка локализации минимума: 0,064
[25.11.2015 15:00:55] Итерация номер 8
[25.11.2015 15:00:55] 5. Сработало условие f(x[k-1])<=f(x[k]). k = 9, f(x[k-1]) = 32,136603410432, f(x[k]) = 856,990176550912
[25.11.2015 15:00:55] Была найдена более подходящая правая граница отрезка локализации минимума: 0,256
[25.11.2015 15:00:55] Найдены подходящие границы отрезка локализации минимума. Это 0,064;0,256
[25.11.2015 15:00:55] Начал работу метод параболической аппроксимации Пауэлла.
[25.11.2015 15:00:55] Начальные значения, интервал 0,064;0,256, eps = 0,001
[25.11.2015 15:00:55] Итерация номер 1
[25.11.2015 15:00:55] 1. Найдено x1 = 0,064, x2 = 0,16, x3 = 0,256
[25.11.2015 15:00:55] 2. Минимальное значение: 0,064
[25.11.2015 15:00:55] 3. Пересчитан x4 = 0,115495075108833
[25.11.2015 15:00:55] 4. x4 не достаточно приближен к истинному минимуму. Продолжение работы алгоритма.
[25.11.2015 15:00:55] 5. Точки отсортированы по возрастанию. 0,064, 0,115495075108833, 0,16, 0,256
[25.11.2015 15:00:55] 5. Точки отсортированы по значению функции. 0,115495075108833, 0,16, 0,064, 0,256
[25.11.2015 15:00:55] Итерация номер 2
[25.11.2015 15:00:55] 1. Найдено x1 = 0,115495075108833, x2 = 0,16, x3 = 0,064
[25.11.2015 15:00:55] 2. Минимальное значение: 0,064
[25.11.2015 15:00:55] 3. Пересчитан x4 = 0,12034111093778
[25.11.2015 15:00:55] 4. x4 не достаточно приближен к истинному минимуму. Продолжение работы алгоритма.
[25.11.2015 15:00:55] 5. Точки отсортированы по возрастанию. 0,064, 0,115495075108833, 0,12034111093778, 0,16
[25.11.2015 15:00:55] 5. Точки отсортированы по значению функции. 0,12034111093778, 0,115495075108833, 0,16, 0,064
[25.11.2015 15:00:55] Итерация номер 3
[25.11.2015 15:00:55] 1. Найдено x1 = 0,12034111093778, x2 = 0,115495075108833, x3 = 0,16
[25.11.2015 15:00:55] 2. Минимальное значение: 0,115495075108833
[25.11.2015 15:00:55] 3. Пересчитан x4 = 0,125697792189233
[25.11.2015 15:00:55] 4. x4 не достаточно приближен к истинному минимуму. Продолжение работы алгоритма.
[25.11.2015 15:00:55] 5. Точки отсортированы по возрастанию. 0,115495075108833, 0,12034111093778, 0,125697792189233, 0,16
[25.11.2015 15:00:55] 5. Точки отсортированы по значению функции. 0,125697792189233, 0,12034111093778, 0,115495075108833, 0,16
[25.11.2015 15:00:55] Итерация номер 4
[25.11.2015 15:00:55] 1. Найдено x1 = 0,125697792189233, x2 = 0,12034111093778, x3 = 0,115495075108833
[25.11.2015 15:00:55] 2. Минимальное значение: 0,115495075108833
[25.11.2015 15:00:55] 3. Пересчитан x4 = 0,127749928818468
[25.11.2015 15:00:55] 4. x4 не достаточно приближен к истинному минимуму. Продолжение работы алгоритма.
[25.11.2015 15:00:55] 5. Точки отсортированы по возрастанию. 0,115495075108833, 0,12034111093778, 0,125697792189233, 0,127749928818468
[25.11.2015 15:00:55] 5. Точки отсортированы по значению функции. 0,127749928818468, 0,125697792189233, 0,12034111093778, 0,115495075108833
[25.11.2015 15:00:55] Итерация номер 5
[25.11.2015 15:00:55] 1. Найдено x1 = 0,127749928818468, x2 = 0,125697792189233, x3 = 0,12034111093778
[25.11.2015 15:00:55] 2. Минимальное значение: 0,12034111093778
[25.11.2015 15:00:55] 3. Пересчитан x4 = 0,127362536664157
[25.11.2015 15:00:55] 4. x4 не достаточно приближен к истинному минимуму. Продолжение работы алгоритма.
[25.11.2015 15:00:55] 5. Точки отсортированы по возрастанию. 0,12034111093778, 0,125697792189233, 0,127362536664157, 0,127749928818468
[25.11.2015 15:00:55] 5. Точки отсортированы по значению функции. 0,127362536664157, 0,127749928818468, 0,125697792189233, 0,12034111093778
[25.11.2015 15:00:55] Итерация номер 6
[25.11.2015 15:00:55] 1. Найдено x1 = 0,127362536664157, x2 = 0,127749928818468, x3 = 0,125697792189233
[25.11.2015 15:00:55] 2. Минимальное значение: 0,125697792189233
[25.11.2015 15:00:55] 3. Пересчитан x4 = 0,127333344579476
[25.11.2015 15:00:55] 4. x4 не достаточно приближен к истинному минимуму. Продолжение работы алгоритма.
[25.11.2015 15:00:55] 5. Точки отсортированы по возрастанию. 0,125697792189233, 0,127333344579476, 0,127362536664157, 0,127749928818468
[25.11.2015 15:00:55] 5. Точки отсортированы по значению функции. 0,127333344579476, 0,127362536664157, 0,127749928818468, 0,125697792189233
[25.11.2015 15:00:55] Итерация номер 7
[25.11.2015 15:00:55] 1. Найдено x1 = 0,127333344579476, x2 = 0,127362536664157, x3 = 0,127749928818468
[25.11.2015 15:00:55] 2. Минимальное значение: 0,127333344579476
[25.11.2015 15:00:55] 3. Пересчитан x4 = 0,127335720534148
[25.11.2015 15:00:55] 4. x4 достаточно приближен к истинному минимуму. Завершение работы алгоритма.
[25.11.2015 15:00:55] Step 9: New alpha 0,127335720534148
[25.11.2015 15:00:55] Step 10: New local search point DenseVector 2-Double
 1,7827
2,80139

[25.11.2015 15:00:55] Step 11: Iteration end.
[25.11.2015 15:00:55] Step 2: ITERATION number 1
[25.11.2015 15:00:55] Step 5: Sk = DenseVector 2-Double
 1,7827
2,80139

[25.11.2015 15:00:55] Step 6: Yk = DenseVector 2-Double
-16,5399
 41,4346

[25.11.2015 15:00:55] Step 7: Quasi-Newton matrix: 
DenseMatrix 2x2-Double
0,899258  0,401992
0,401992  0,228078

[25.11.2015 15:00:55] Step 8: Search vector: DenseVector 2-Double
19,6507
7,84421

[25.11.2015 15:00:55] Начата работа метода Дэвиса-Свенна-Кэмпи.
[25.11.2015 15:00:55] Начальная точка x0 = 0,127335720534148, h= 0,001
[25.11.2015 15:00:55] 1. Вычисление f(x0) = 262,08242939298, f(x0+h) = 267,923346336681
[25.11.2015 15:00:55] 3. Сработало условие f(x0)<=f(x0+h), f(x0) = 262,08242939298, f(x0+h) = 267,923346336681
[25.11.2015 15:00:55] 4. Начало итерационного поиска
[25.11.2015 15:00:55] Итерация номер 1
[25.11.2015 15:00:55] 5. Сработало условие f(x[k-1])>f(x[k]). k = 2, f(x[k-1]) = 256,336332922835, f(x[k]) = 250,684183526806
[25.11.2015 15:00:55] Была найдена более подходящая правая граница отрезка локализации минимума: 0,126335720534148
[25.11.2015 15:00:55] Итерация номер 2
[25.11.2015 15:00:55] 5. Сработало условие f(x[k-1])>f(x[k]). k = 3, f(x[k-1]) = 250,684183526806, f(x[k]) = 239,65825070719
[25.11.2015 15:00:55] Была найдена более подходящая правая граница отрезка локализации минимума: 0,125335720534148
[25.11.2015 15:00:55] Итерация номер 3
[25.11.2015 15:00:55] 5. Сработало условие f(x[k-1])>f(x[k]). k = 4, f(x[k-1]) = 239,65825070719, f(x[k]) = 218,695727704276
[25.11.2015 15:00:55] Была найдена более подходящая правая граница отрезка локализации минимума: 0,123335720534148
[25.11.2015 15:00:55] Итерация номер 4
[25.11.2015 15:00:55] 5. Сработало условие f(x[k-1])>f(x[k]). k = 5, f(x[k-1]) = 218,695727704276, f(x[k]) = 180,938164654693
[25.11.2015 15:00:55] Была найдена более подходящая правая граница отрезка локализации минимума: 0,119335720534148
[25.11.2015 15:00:55] Итерация номер 5
[25.11.2015 15:00:55] 5. Сработало условие f(x[k-1])>f(x[k]). k = 6, f(x[k-1]) = 180,938164654693, f(x[k]) = 120,623188685696
[25.11.2015 15:00:55] Была найдена более подходящая правая граница отрезка локализации минимума: 0,111335720534148
[25.11.2015 15:00:55] Итерация номер 6
[25.11.2015 15:00:55] 5. Сработало условие f(x[k-1])>f(x[k]). k = 7, f(x[k-1]) = 120,623188685696, f(x[k]) = 49,8246879880175
[25.11.2015 15:00:55] Была найдена более подходящая правая граница отрезка локализации минимума: 0,0953357205341479
[25.11.2015 15:00:55] Итерация номер 7
[25.11.2015 15:00:55] 5. Сработало условие f(x[k-1])>f(x[k]). k = 8, f(x[k-1]) = 49,8246879880175, f(x[k]) = 32,4259657604653
[25.11.2015 15:00:55] Была найдена более подходящая правая граница отрезка локализации минимума: 0,0633357205341479
[25.11.2015 15:00:55] Итерация номер 8
[25.11.2015 15:00:55] 5. Сработало условие f(x[k-1])<=f(x[k]). k = 9, f(x[k-1]) = 32,4259657604653, f(x[k]) = 95,4121268199685
[25.11.2015 15:00:55] Была найдена более подходящая левая граница отрезка локализации минимума: -0,128664279465852
[25.11.2015 15:00:55] Найдены подходящие границы отрезка локализации минимума. Это -0,128664279465852;0,0633357205341479
[25.11.2015 15:00:55] Начал работу метод параболической аппроксимации Пауэлла.
[25.11.2015 15:00:55] Начальные значения, интервал -0,128664279465852;0,0633357205341479, eps = 0,001
[25.11.2015 15:00:55] Итерация номер 1
[25.11.2015 15:00:55] 1. Найдено x1 = -0,128664279465852, x2 = -0,0326642794658521, x3 = 0,0633357205341479
[25.11.2015 15:00:55] 2. Минимальное значение: -0,128664279465852
[25.11.2015 15:00:55] 3. Пересчитан x4 = 0,0192746974515086
[25.11.2015 15:00:55] 4. x4 не достаточно приближен к истинному минимуму. Продолжение работы алгоритма.
[25.11.2015 15:00:55] 5. Точки отсортированы по возрастанию. -0,128664279465852, -0,0326642794658521, 0,0192746974515086, 0,0633357205341479
[25.11.2015 15:00:55] 5. Точки отсортированы по значению функции. 0,0192746974515086, 0,0633357205341479, -0,0326642794658521, -0,128664279465852
[25.11.2015 15:00:55] Итерация номер 2
[25.11.2015 15:00:55] 1. Найдено x1 = 0,0192746974515086, x2 = 0,0633357205341479, x3 = -0,0326642794658521
[25.11.2015 15:00:55] 2. Минимальное значение: -0,0326642794658521
[25.11.2015 15:00:55] 3. Пересчитан x4 = 0,0161879743314269
[25.11.2015 15:00:55] 4. x4 не достаточно приближен к истинному минимуму. Продолжение работы алгоритма.
[25.11.2015 15:00:55] 5. Точки отсортированы по возрастанию. -0,0326642794658521, 0,0161879743314269, 0,0192746974515086, 0,0633357205341479
[25.11.2015 15:00:56] 5. Точки отсортированы по значению функции. 0,0192746974515086, 0,0161879743314269, 0,0633357205341479, -0,0326642794658521
[25.11.2015 15:00:56] Итерация номер 3
[25.11.2015 15:00:56] 1. Найдено x1 = 0,0192746974515086, x2 = 0,0161879743314269, x3 = 0,0633357205341479
[25.11.2015 15:00:56] 2. Минимальное значение: 0,0161879743314269
[25.11.2015 15:00:56] 3. Пересчитан x4 = 0,0228527991668395
[25.11.2015 15:00:56] 4. x4 не достаточно приближен к истинному минимуму. Продолжение работы алгоритма.
[25.11.2015 15:00:56] 5. Точки отсортированы по возрастанию. 0,0161879743314269, 0,0192746974515086, 0,0228527991668395, 0,0633357205341479
[25.11.2015 15:00:56] 5. Точки отсортированы по значению функции. 0,0228527991668395, 0,0192746974515086, 0,0161879743314269, 0,0633357205341479
[25.11.2015 15:00:56] Итерация номер 4
[25.11.2015 15:00:56] 1. Найдено x1 = 0,0228527991668395, x2 = 0,0192746974515086, x3 = 0,0161879743314269
[25.11.2015 15:00:56] 2. Минимальное значение: 0,0161879743314269
[25.11.2015 15:00:56] 3. Пересчитан x4 = 0,0245038466364617
[25.11.2015 15:00:56] 4. x4 не достаточно приближен к истинному минимуму. Продолжение работы алгоритма.
[25.11.2015 15:00:56] 5. Точки отсортированы по возрастанию. 0,0161879743314269, 0,0192746974515086, 0,0228527991668395, 0,0245038466364617
[25.11.2015 15:00:56] 5. Точки отсортированы по значению функции. 0,0245038466364617, 0,0228527991668395, 0,0192746974515086, 0,0161879743314269
[25.11.2015 15:00:56] Итерация номер 5
[25.11.2015 15:00:56] 1. Найдено x1 = 0,0245038466364617, x2 = 0,0228527991668395, x3 = 0,0192746974515086
[25.11.2015 15:00:56] 2. Минимальное значение: 0,0192746974515086
[25.11.2015 15:00:56] 3. Пересчитан x4 = 0,0243039843655515
[25.11.2015 15:00:56] 4. x4 не достаточно приближен к истинному минимуму. Продолжение работы алгоритма.
[25.11.2015 15:00:56] 5. Точки отсортированы по возрастанию. 0,0192746974515086, 0,0228527991668395, 0,0243039843655515, 0,0245038466364617
[25.11.2015 15:00:56] 5. Точки отсортированы по значению функции. 0,0243039843655515, 0,0245038466364617, 0,0228527991668395, 0,0192746974515086
[25.11.2015 15:00:56] Итерация номер 6
[25.11.2015 15:00:56] 1. Найдено x1 = 0,0243039843655515, x2 = 0,0245038466364617, x3 = 0,0228527991668395
[25.11.2015 15:00:56] 2. Минимальное значение: 0,0228527991668395
[25.11.2015 15:00:56] 3. Пересчитан x4 = 0,0242824315301454
[25.11.2015 15:00:56] 4. x4 не достаточно приближен к истинному минимуму. Продолжение работы алгоритма.
[25.11.2015 15:00:56] 5. Точки отсортированы по возрастанию. 0,0228527991668395, 0,0242824315301454, 0,0243039843655515, 0,0245038466364617
[25.11.2015 15:00:56] 5. Точки отсортированы по значению функции. 0,0242824315301454, 0,0243039843655515, 0,0245038466364617, 0,0228527991668395
[25.11.2015 15:00:56] Итерация номер 7
[25.11.2015 15:00:56] 1. Найдено x1 = 0,0242824315301454, x2 = 0,0243039843655515, x3 = 0,0245038466364617
[25.11.2015 15:00:56] 2. Минимальное значение: 0,0242824315301454
[25.11.2015 15:00:56] 3. Пересчитан x4 = 0,0242836205036004
[25.11.2015 15:00:56] 4. x4 достаточно приближен к истинному минимуму. Завершение работы алгоритма.
[25.11.2015 15:00:56] Step 9: New alpha 0,0242836205036004
[25.11.2015 15:00:56] Step 10: New local search point DenseVector 2-Double
2,25989
2,99187

[25.11.2015 15:00:56] Step 11: Iteration end.
[25.11.2015 15:00:56] Step 2: ITERATION number 2
[25.11.2015 15:00:56] Step 5: Sk = DenseVector 2-Double
0,477191
0,190486

[25.11.2015 15:00:56] Step 6: Yk = DenseVector 2-Double
12,7383
25,1607

[25.11.2015 15:00:56] Step 7: Quasi-Newton matrix: 
DenseMatrix 2x2-Double
  0,071203  -0,0170829
-0,0170829   0,0162195

[25.11.2015 15:00:56] Step 8: Search vector: DenseVector 2-Double
 2,02934
-1,02741

[25.11.2015 15:00:56] Начата работа метода Дэвиса-Свенна-Кэмпи.
[25.11.2015 15:00:56] Начальная точка x0 = 0,0242836205036004, h= 0,001
[25.11.2015 15:00:56] 1. Вычисление f(x0) = 24,2012561531103, f(x0+h) = 24,1228067662168
[25.11.2015 15:00:56] 2. Сработало условие f(x0)>f(x0+h), f(x0) = 24,2012561531103, f(x0+h) = 24,1228067662168
[25.11.2015 15:00:56] 4. Начало итерационного поиска
[25.11.2015 15:00:56] Итерация номер 1
[25.11.2015 15:00:56] 5. Сработало условие f(x[k-1])>f(x[k]). k = 2, f(x[k-1]) = 24,1228067662168, f(x[k]) = 24,0445029659215
[25.11.2015 15:00:56] Была найдена более подходящая левая граница отрезка локализации минимума: 0,0252836205036004
[25.11.2015 15:00:56] Итерация номер 2
[25.11.2015 15:00:56] 5. Сработало условие f(x[k-1])>f(x[k]). k = 3, f(x[k-1]) = 24,0445029659215, f(x[k]) = 23,8883335716399
[25.11.2015 15:00:56] Была найдена более подходящая левая граница отрезка локализации минимума: 0,0262836205036004
[25.11.2015 15:00:56] Итерация номер 3
[25.11.2015 15:00:56] 5. Сработало условие f(x[k-1])>f(x[k]). k = 4, f(x[k-1]) = 23,8883335716399, f(x[k]) = 23,5777577582058
[25.11.2015 15:00:56] Была найдена более подходящая левая граница отрезка локализации минимума: 0,0282836205036004
[25.11.2015 15:00:56] Итерация номер 4
[25.11.2015 15:00:56] 5. Сработало условие f(x[k-1])>f(x[k]). k = 5, f(x[k-1]) = 23,5777577582058, f(x[k]) = 22,9637395953679
[25.11.2015 15:00:56] Была найдена более подходящая левая граница отрезка локализации минимума: 0,0322836205036004
[25.11.2015 15:00:56] Итерация номер 5
[25.11.2015 15:00:56] 5. Сработало условие f(x[k-1])>f(x[k]). k = 6, f(x[k-1]) = 22,9637395953679, f(x[k]) = 21,7648954638911
[25.11.2015 15:00:56] Была найдена более подходящая левая граница отрезка локализации минимума: 0,0402836205036004
[25.11.2015 15:00:56] Итерация номер 6
[25.11.2015 15:00:56] 5. Сработало условие f(x[k-1])>f(x[k]). k = 7, f(x[k-1]) = 21,7648954638911, f(x[k]) = 19,4893359616885
[25.11.2015 15:00:56] Была найдена более подходящая левая граница отрезка локализации минимума: 0,0562836205036004
[25.11.2015 15:00:56] Итерация номер 7
[25.11.2015 15:00:56] 5. Сработало условие f(x[k-1])>f(x[k]). k = 8, f(x[k-1]) = 19,4893359616885, f(x[k]) = 15,4711043413238
[25.11.2015 15:00:56] Была найдена более подходящая левая граница отрезка локализации минимума: 0,0882836205036004
[25.11.2015 15:00:56] Итерация номер 8
[25.11.2015 15:00:56] 5. Сработало условие f(x[k-1])>f(x[k]). k = 9, f(x[k-1]) = 15,4711043413238, f(x[k]) = 9,94504887547065
[25.11.2015 15:00:56] Была найдена более подходящая левая граница отрезка локализации минимума: 0,1522836205036
[25.11.2015 15:00:56] Итерация номер 9
[25.11.2015 15:00:56] 5. Сработало условие f(x[k-1])<=f(x[k]). k = 10, f(x[k-1]) = 9,94504887547065, f(x[k]) = 12,3475071195531
[25.11.2015 15:00:56] Была найдена более подходящая правая граница отрезка локализации минимума: 0,5362836205036
[25.11.2015 15:00:56] Найдены подходящие границы отрезка локализации минимума. Это 0,1522836205036;0,5362836205036
[25.11.2015 15:00:56] Начал работу метод параболической аппроксимации Пауэлла.
[25.11.2015 15:00:56] Начальные значения, интервал 0,1522836205036;0,5362836205036, eps = 0,001
[25.11.2015 15:00:56] Итерация номер 1
[25.11.2015 15:00:56] 1. Найдено x1 = 0,1522836205036, x2 = 0,3442836205036, x3 = 0,5362836205036
[25.11.2015 15:00:56] 2. Минимальное значение: 0,1522836205036
[25.11.2015 15:00:56] 3. Пересчитан x4 = 0,372901007838194
[25.11.2015 15:00:56] 4. x4 не достаточно приближен к истинному минимуму. Продолжение работы алгоритма.
[25.11.2015 15:00:56] 5. Точки отсортированы по возрастанию. 0,1522836205036, 0,3442836205036, 0,372901007838194, 0,5362836205036
[25.11.2015 15:00:56] 5. Точки отсортированы по значению функции. 0,372901007838194, 0,3442836205036, 0,5362836205036, 0,1522836205036
[25.11.2015 15:00:56] Итерация номер 2
[25.11.2015 15:00:56] 1. Найдено x1 = 0,372901007838194, x2 = 0,3442836205036, x3 = 0,5362836205036
[25.11.2015 15:00:56] 2. Минимальное значение: 0,3442836205036
[25.11.2015 15:00:56] 3. Пересчитан x4 = 0,380657106326996
[25.11.2015 15:00:56] 4. x4 не достаточно приближен к истинному минимуму. Продолжение работы алгоритма.
[25.11.2015 15:00:56] 5. Точки отсортированы по возрастанию. 0,3442836205036, 0,372901007838194, 0,380657106326996, 0,5362836205036
[25.11.2015 15:00:56] 5. Точки отсортированы по значению функции. 0,380657106326996, 0,372901007838194, 0,3442836205036, 0,5362836205036
[25.11.2015 15:00:56] Итерация номер 3
[25.11.2015 15:00:56] 1. Найдено x1 = 0,380657106326996, x2 = 0,372901007838194, x3 = 0,3442836205036
[25.11.2015 15:00:56] 2. Минимальное значение: 0,3442836205036
[25.11.2015 15:00:56] 3. Пересчитан x4 = 0,382712019186048
[25.11.2015 15:00:56] 4. x4 не достаточно приближен к истинному минимуму. Продолжение работы алгоритма.
[25.11.2015 15:00:56] 5. Точки отсортированы по возрастанию. 0,3442836205036, 0,372901007838194, 0,380657106326996, 0,382712019186048
[25.11.2015 15:00:56] 5. Точки отсортированы по значению функции. 0,382712019186048, 0,380657106326996, 0,372901007838194, 0,3442836205036
[25.11.2015 15:00:56] Итерация номер 4
[25.11.2015 15:00:56] 1. Найдено x1 = 0,382712019186048, x2 = 0,380657106326996, x3 = 0,372901007838194
[25.11.2015 15:00:56] 2. Минимальное значение: 0,372901007838194
[25.11.2015 15:00:56] 3. Пересчитан x4 = 0,382582767316371
[25.11.2015 15:00:56] 4. x4 не достаточно приближен к истинному минимуму. Продолжение работы алгоритма.
[25.11.2015 15:00:56] 5. Точки отсортированы по возрастанию. 0,372901007838194, 0,380657106326996, 0,382582767316371, 0,382712019186048
[25.11.2015 15:00:56] 5. Точки отсортированы по значению функции. 0,382582767316371, 0,382712019186048, 0,380657106326996, 0,372901007838194
[25.11.2015 15:00:56] Итерация номер 5
[25.11.2015 15:00:56] 1. Найдено x1 = 0,382582767316371, x2 = 0,382712019186048, x3 = 0,380657106326996
[25.11.2015 15:00:56] 2. Минимальное значение: 0,380657106326996
[25.11.2015 15:00:56] 3. Пересчитан x4 = 0,382577824646382
[25.11.2015 15:00:56] 4. x4 не достаточно приближен к истинному минимуму. Продолжение работы алгоритма.
[25.11.2015 15:00:56] 5. Точки отсортированы по возрастанию. 0,380657106326996, 0,382577824646382, 0,382582767316371, 0,382712019186048
[25.11.2015 15:00:56] 5. Точки отсортированы по значению функции. 0,382577824646382, 0,382582767316371, 0,382712019186048, 0,380657106326996
[25.11.2015 15:00:56] Итерация номер 6
[25.11.2015 15:00:56] 1. Найдено x1 = 0,382577824646382, x2 = 0,382582767316371, x3 = 0,382712019186048
[25.11.2015 15:00:56] 2. Минимальное значение: 0,382577824646382
[25.11.2015 15:00:56] 3. Пересчитан x4 = 0,382577900348029
[25.11.2015 15:00:56] 4. x4 достаточно приближен к истинному минимуму. Завершение работы алгоритма.
[25.11.2015 15:00:56] Step 9: New alpha 0,382577900348029
[25.11.2015 15:00:56] Step 10: New local search point DenseVector 2-Double
3,03627
2,59881

[25.11.2015 15:00:56] Step 11: Iteration end.
[25.11.2015 15:00:56] Step 2: ITERATION number 3
[25.11.2015 15:00:56] Step 5: Sk = DenseVector 2-Double
 0,776381
-0,393066

[25.11.2015 15:00:56] Step 6: Yk = DenseVector 2-Double
 33,3134
-13,9564

[25.11.2015 15:00:56] Step 7: Quasi-Newton matrix: 
DenseMatrix 2x2-Double
 0,0209415  -0,0056425
-0,0056425   0,0146954

[25.11.2015 15:00:56] Step 8: Search vector: DenseVector 2-Double
-0,151961
-0,362724

[25.11.2015 15:00:56] Начата работа метода Дэвиса-Свенна-Кэмпи.
[25.11.2015 15:00:56] Начальная точка x0 = 0,382577900348029, h= 0,001
[25.11.2015 15:00:56] 1. Вычисление f(x0) = 4,22899570926848, f(x0+h) = 4,22030434617301
[25.11.2015 15:00:56] 2. Сработало условие f(x0)>f(x0+h), f(x0) = 4,22899570926848, f(x0+h) = 4,22030434617301
[25.11.2015 15:00:56] 4. Начало итерационного поиска
[25.11.2015 15:00:56] Итерация номер 1
[25.11.2015 15:00:56] 5. Сработало условие f(x[k-1])>f(x[k]). k = 2, f(x[k-1]) = 4,22030434617301, f(x[k]) = 4,21162479397778
[25.11.2015 15:00:56] Была найдена более подходящая левая граница отрезка локализации минимума: 0,383577900348029
[25.11.2015 15:00:56] Итерация номер 2
[25.11.2015 15:00:56] 5. Сработало условие f(x[k-1])>f(x[k]). k = 3, f(x[k-1]) = 4,21162479397778, f(x[k]) = 4,19430110865565
[25.11.2015 15:00:56] Была найдена более подходящая левая граница отрезка локализации минимума: 0,384577900348029
[25.11.2015 15:00:56] Итерация номер 3
[25.11.2015 15:00:56] 5. Сработало условие f(x[k-1])>f(x[k]). k = 4, f(x[k-1]) = 4,19430110865565, f(x[k]) = 4,15979531888167
[25.11.2015 15:00:56] Была найдена более подходящая левая граница отрезка локализации минимума: 0,386577900348029
[25.11.2015 15:00:56] Итерация номер 4
[25.11.2015 15:00:56] 5. Сработало условие f(x[k-1])>f(x[k]). k = 5, f(x[k-1]) = 4,15979531888167, f(x[k]) = 4,09134929995058
[25.11.2015 15:00:56] Была найдена более подходящая левая граница отрезка локализации минимума: 0,390577900348029
[25.11.2015 15:00:56] Итерация номер 5
[25.11.2015 15:00:56] 5. Сработало условие f(x[k-1])>f(x[k]). k = 6, f(x[k-1]) = 4,09134929995058, f(x[k]) = 3,95671340739724
[25.11.2015 15:00:56] Была найдена более подходящая левая граница отрезка локализации минимума: 0,398577900348029
[25.11.2015 15:00:56] Итерация номер 6
[25.11.2015 15:00:56] 5. Сработало условие f(x[k-1])>f(x[k]). k = 7, f(x[k-1]) = 3,95671340739724, f(x[k]) = 3,69641751834709
[25.11.2015 15:00:56] Была найдена более подходящая левая граница отрезка локализации минимума: 0,414577900348029
[25.11.2015 15:00:56] Итерация номер 7
[25.11.2015 15:00:56] 5. Сработало условие f(x[k-1])>f(x[k]). k = 8, f(x[k-1]) = 3,69641751834709, f(x[k]) = 3,21134131647844
[25.11.2015 15:00:56] Была найдена более подходящая левая граница отрезка локализации минимума: 0,446577900348029
[25.11.2015 15:00:56] Итерация номер 8
[25.11.2015 15:00:56] 5. Сработало условие f(x[k-1])>f(x[k]). k = 9, f(x[k-1]) = 3,21134131647844, f(x[k]) = 2,38017072870491
[25.11.2015 15:00:56] Была найдена более подходящая левая граница отрезка локализации минимума: 0,510577900348029
[25.11.2015 15:00:56] Итерация номер 9
[25.11.2015 15:00:56] 5. Сработало условие f(x[k-1])>f(x[k]). k = 10, f(x[k-1]) = 2,38017072870491, f(x[k]) = 1,2494901051853
[25.11.2015 15:00:56] Была найдена более подходящая левая граница отрезка локализации минимума: 0,638577900348029
[25.11.2015 15:00:56] Итерация номер 10
[25.11.2015 15:00:56] 5. Сработало условие f(x[k-1])>f(x[k]). k = 11, f(x[k-1]) = 1,2494901051853, f(x[k]) = 0,926672569643481
[25.11.2015 15:00:56] Была найдена более подходящая левая граница отрезка локализации минимума: 0,894577900348029
[25.11.2015 15:00:56] Итерация номер 11
[25.11.2015 15:00:56] 5. Сработало условие f(x[k-1])<=f(x[k]). k = 12, f(x[k-1]) = 0,926672569643481, f(x[k]) = 6,62698753978413
[25.11.2015 15:00:56] Была найдена более подходящая правая граница отрезка локализации минимума: 2,43057790034803
[25.11.2015 15:00:56] Найдены подходящие границы отрезка локализации минимума. Это 0,894577900348029;2,43057790034803
[25.11.2015 15:00:56] Начал работу метод параболической аппроксимации Пауэлла.
[25.11.2015 15:00:56] Начальные значения, интервал 0,894577900348029;2,43057790034803, eps = 0,001
[25.11.2015 15:00:56] Итерация номер 1
[25.11.2015 15:00:56] 1. Найдено x1 = 0,894577900348029, x2 = 1,66257790034803, x3 = 2,43057790034803
[25.11.2015 15:00:56] 2. Минимальное значение: 0,894577900348029
[25.11.2015 15:00:56] 3. Пересчитан x4 = 1,21504547274921
[25.11.2015 15:00:56] 4. x4 не достаточно приближен к истинному минимуму. Продолжение работы алгоритма.
[25.11.2015 15:00:56] 5. Точки отсортированы по возрастанию. 0,894577900348029, 1,21504547274921, 1,66257790034803, 2,43057790034803
[25.11.2015 15:00:56] 5. Точки отсортированы по значению функции. 1,21504547274921, 0,894577900348029, 1,66257790034803, 2,43057790034803
[25.11.2015 15:00:56] Итерация номер 2
[25.11.2015 15:00:56] 1. Найдено x1 = 1,21504547274921, x2 = 0,894577900348029, x3 = 1,66257790034803
[25.11.2015 15:00:56] 2. Минимальное значение: 0,894577900348029
[25.11.2015 15:00:56] 3. Пересчитан x4 = 1,22336348613053
[25.11.2015 15:00:56] 4. x4 не достаточно приближен к истинному минимуму. Продолжение работы алгоритма.
[25.11.2015 15:00:56] 5. Точки отсортированы по возрастанию. 0,894577900348029, 1,21504547274921, 1,22336348613053, 1,66257790034803
[25.11.2015 15:00:56] 5. Точки отсортированы по значению функции. 1,21504547274921, 1,22336348613053, 0,894577900348029, 1,66257790034803
[25.11.2015 15:00:56] Итерация номер 3
[25.11.2015 15:00:56] 1. Найдено x1 = 1,21504547274921, x2 = 1,22336348613053, x3 = 0,894577900348029
[25.11.2015 15:00:56] 2. Минимальное значение: 0,894577900348029
[25.11.2015 15:00:56] 3. Пересчитан x4 = 1,21542744356527
[25.11.2015 15:00:56] 4. x4 не достаточно приближен к истинному минимуму. Продолжение работы алгоритма.
[25.11.2015 15:00:56] 5. Точки отсортированы по возрастанию. 0,894577900348029, 1,21504547274921, 1,21542744356527, 1,22336348613053
[25.11.2015 15:00:56] 5. Точки отсортированы по значению функции. 1,21542744356527, 1,21504547274921, 1,22336348613053, 0,894577900348029
[25.11.2015 15:00:56] Итерация номер 4
[25.11.2015 15:00:56] 1. Найдено x1 = 1,21542744356527, x2 = 1,21504547274921, x3 = 1,22336348613053
[25.11.2015 15:00:56] 2. Минимальное значение: 1,21504547274921
[25.11.2015 15:00:56] 3. Пересчитан x4 = 1,215290708025
[25.11.2015 15:00:56] 4. x4 достаточно приближен к истинному минимуму. Завершение работы алгоритма.
[25.11.2015 15:00:56] Step 9: New alpha 1,215290708025
[25.11.2015 15:00:56] Step 10: New local search point DenseVector 2-Double
 2,8516
2,15799

[25.11.2015 15:00:56] Step 11: Iteration end.
[25.11.2015 15:00:56] Step 2: ITERATION number 4
[25.11.2015 15:00:56] Step 5: Sk = DenseVector 2-Double
-0,184676
-0,440815

[25.11.2015 15:00:56] Step 6: Yk = DenseVector 2-Double
 -22,598
-27,6701

[25.11.2015 15:00:56] Step 7: Quasi-Newton matrix: 
DenseMatrix 2x2-Double
  0,0162711  -0,00661425
-0,00661425    0,0213329

[25.11.2015 15:00:56] Step 8: Search vector: DenseVector 2-Double
 0,134936
-0,110201

[25.11.2015 15:00:56] Начата работа метода Дэвиса-Свенна-Кэмпи.
[25.11.2015 15:00:56] Начальная точка x0 = 1,215290708025, h= 0,001
[25.11.2015 15:00:56] 1. Вычисление f(x0) = 0,0265143542905984, f(x0+h) = 0,0266107577363656
[25.11.2015 15:00:56] 3. Сработало условие f(x0)<=f(x0+h), f(x0) = 0,0265143542905984, f(x0+h) = 0,0266107577363656
[25.11.2015 15:00:56] 4. Начало итерационного поиска
[25.11.2015 15:00:56] Итерация номер 1
[25.11.2015 15:00:56] 5. Сработало условие f(x[k-1])>f(x[k]). k = 2, f(x[k-1]) = 0,0264191486983365, f(x[k]) = 0,0263251408511969
[25.11.2015 15:00:56] Была найдена более подходящая правая граница отрезка локализации минимума: 1,214290708025
[25.11.2015 15:00:56] Итерация номер 2
[25.11.2015 15:00:56] 5. Сработало условие f(x[k-1])>f(x[k]). k = 3, f(x[k-1]) = 0,0263251408511969, f(x[k]) = 0,0261407179588203
[25.11.2015 15:00:56] Была найдена более подходящая правая граница отрезка локализации минимума: 1,213290708025
[25.11.2015 15:00:56] Итерация номер 3
[25.11.2015 15:00:56] 5. Сработало условие f(x[k-1])>f(x[k]). k = 4, f(x[k-1]) = 0,0261407179588203, f(x[k]) = 0,0257862403480366
[25.11.2015 15:00:56] Была найдена более подходящая правая граница отрезка локализации минимума: 1,211290708025
[25.11.2015 15:00:56] Итерация номер 4
[25.11.2015 15:00:56] 5. Сработало условие f(x[k-1])>f(x[k]). k = 5, f(x[k-1]) = 0,0257862403480366, f(x[k]) = 0,0251347335629421
[25.11.2015 15:00:56] Была найдена более подходящая правая граница отрезка локализации минимума: 1,207290708025
[25.11.2015 15:00:56] Итерация номер 5
[25.11.2015 15:00:56] 5. Сработало условие f(x[k-1])>f(x[k]). k = 6, f(x[k-1]) = 0,0251347335629421, f(x[k]) = 0,0240613198178365
[25.11.2015 15:00:56] Была найдена более подходящая правая граница отрезка локализации минимума: 1,199290708025
[25.11.2015 15:00:56] Итерация номер 6
[25.11.2015 15:00:56] 5. Сработало условие f(x[k-1])>f(x[k]). k = 7, f(x[k-1]) = 0,0240613198178365, f(x[k]) = 0,0228313427336423
[25.11.2015 15:00:56] Была найдена более подходящая правая граница отрезка локализации минимума: 1,183290708025
[25.11.2015 15:00:56] Итерация номер 7
[25.11.2015 15:00:56] 5. Сработало условие f(x[k-1])<=f(x[k]). k = 8, f(x[k-1]) = 0,0228313427336423, f(x[k]) = 0,0240264385884644
[25.11.2015 15:00:56] Была найдена более подходящая левая граница отрезка локализации минимума: 1,087290708025
[25.11.2015 15:00:56] Найдены подходящие границы отрезка локализации минимума. Это 1,087290708025;1,183290708025
[25.11.2015 15:00:56] Начал работу метод параболической аппроксимации Пауэлла.
[25.11.2015 15:00:56] Начальные значения, интервал 1,087290708025;1,183290708025, eps = 0,001
[25.11.2015 15:00:56] Итерация номер 1
[25.11.2015 15:00:56] 1. Найдено x1 = 1,087290708025, x2 = 1,135290708025, x3 = 1,183290708025
[25.11.2015 15:00:56] 2. Минимальное значение: 1,087290708025
[25.11.2015 15:00:56] 3. Пересчитан x4 = 1,13498517526101
[25.11.2015 15:00:56] 4. x4 не достаточно приближен к истинному минимуму. Продолжение работы алгоритма.
[25.11.2015 15:00:56] 5. Точки отсортированы по возрастанию. 1,087290708025, 1,13498517526101, 1,135290708025, 1,183290708025
[25.11.2015 15:00:56] 5. Точки отсортированы по значению функции. 1,13498517526101, 1,135290708025, 1,087290708025, 1,183290708025
[25.11.2015 15:00:56] Итерация номер 2
[25.11.2015 15:00:56] 1. Найдено x1 = 1,13498517526101, x2 = 1,135290708025, x3 = 1,087290708025
[25.11.2015 15:00:56] 2. Минимальное значение: 1,087290708025
[25.11.2015 15:00:57] 3. Пересчитан x4 = 1,13501970281257
[25.11.2015 15:00:57] 4. x4 не достаточно приближен к истинному минимуму. Продолжение работы алгоритма.
[25.11.2015 15:00:57] 5. Точки отсортированы по возрастанию. 1,087290708025, 1,13498517526101, 1,13501970281257, 1,135290708025
[25.11.2015 15:00:57] 5. Точки отсортированы по значению функции. 1,13501970281257, 1,13498517526101, 1,135290708025, 1,087290708025
[25.11.2015 15:00:57] Итерация номер 3
[25.11.2015 15:00:57] 1. Найдено x1 = 1,13501970281257, x2 = 1,13498517526101, x3 = 1,135290708025
[25.11.2015 15:00:57] 2. Минимальное значение: 1,13498517526101
[25.11.2015 15:00:57] 3. Пересчитан x4 = 1,13501987222513
[25.11.2015 15:00:57] 4. x4 достаточно приближен к истинному минимуму. Завершение работы алгоритма.
[25.11.2015 15:00:57] Step 9: New alpha 1,13501987222513
[25.11.2015 15:00:57] Step 10: New local search point DenseVector 2-Double
3,00475
2,03291

[25.11.2015 15:00:57] Step 11: Iteration end.
[25.11.2015 15:00:57] Step 2: ITERATION number 5
[25.11.2015 15:00:57] Step 5: Sk = DenseVector 2-Double
0,153155
-0,12508

[25.11.2015 15:00:57] Step 6: Yk = DenseVector 2-Double
 8,09952
-1,72793

[25.11.2015 15:00:57] Step 7: Quasi-Newton matrix: 
DenseMatrix 2x2-Double
  0,0167915  -0,00992595
-0,00992595    0,0258603

[25.11.2015 15:00:57] Step 8: Search vector: DenseVector 2-Double
-0,00469955
 -0,0220285

[25.11.2015 15:00:57] Начата работа метода Дэвиса-Свенна-Кэмпи.
[25.11.2015 15:00:57] Начальная точка x0 = 1,13501987222513, h= 0,001
[25.11.2015 15:00:57] 1. Вычисление f(x0) = 0,000987239015225831, f(x0+h) = 0,000981011260284282
[25.11.2015 15:00:57] 2. Сработало условие f(x0)>f(x0+h), f(x0) = 0,000987239015225831, f(x0+h) = 0,000981011260284282
[25.11.2015 15:00:57] 4. Начало итерационного поиска
[25.11.2015 15:00:57] Итерация номер 1
[25.11.2015 15:00:57] 5. Сработало условие f(x[k-1])>f(x[k]). k = 2, f(x[k-1]) = 0,000981011260284282, f(x[k]) = 0,000974805968086028
[25.11.2015 15:00:57] Была найдена более подходящая левая граница отрезка локализации минимума: 1,13601987222513
[25.11.2015 15:00:57] Итерация номер 2
[25.11.2015 15:00:57] 5. Сработало условие f(x[k-1])>f(x[k]). k = 3, f(x[k-1]) = 0,000974805968086028, f(x[k]) = 0,000962462769696386
[25.11.2015 15:00:57] Была найдена более подходящая левая граница отрезка локализации минимума: 1,13701987222513
[25.11.2015 15:00:57] Итерация номер 3
[25.11.2015 15:00:57] 5. Сработало условие f(x[k-1])>f(x[k]). k = 4, f(x[k-1]) = 0,000962462769696386, f(x[k]) = 0,000938045901382798
[25.11.2015 15:00:57] Была найдена более подходящая левая граница отрезка локализации минимума: 1,13901987222513
[25.11.2015 15:00:57] Итерация номер 4
[25.11.2015 15:00:57] 5. Сработало условие f(x[k-1])>f(x[k]). k = 5, f(x[k-1]) = 0,000938045901382798, f(x[k]) = 0,000890290154129058
[25.11.2015 15:00:57] Была найдена более подходящая левая граница отрезка локализации минимума: 1,14301987222513
[25.11.2015 15:00:57] Итерация номер 5
[25.11.2015 15:00:57] 5. Сработало условие f(x[k-1])>f(x[k]). k = 6, f(x[k-1]) = 0,000890290154129058, f(x[k]) = 0,000799089621272819
[25.11.2015 15:00:57] Была найдена более подходящая левая граница отрезка локализации минимума: 1,15101987222513
[25.11.2015 15:00:57] Итерация номер 6
[25.11.2015 15:00:57] 5. Сработало условие f(x[k-1])>f(x[k]). k = 7, f(x[k-1]) = 0,000799089621272819, f(x[k]) = 0,000633924436647825
[25.11.2015 15:00:57] Была найдена более подходящая левая граница отрезка локализации минимума: 1,16701987222513
[25.11.2015 15:00:57] Итерация номер 7
[25.11.2015 15:00:57] 5. Сработало условие f(x[k-1])>f(x[k]). k = 8, f(x[k-1]) = 0,000633924436647825, f(x[k]) = 0,000372473887088022
[25.11.2015 15:00:57] Была найдена более подходящая левая граница отрезка локализации минимума: 1,19901987222513
[25.11.2015 15:00:57] Итерация номер 8
[25.11.2015 15:00:57] 5. Сработало условие f(x[k-1])>f(x[k]). k = 9, f(x[k-1]) = 0,000372473887088022, f(x[k]) = 0,000124582741206748
[25.11.2015 15:00:57] Была найдена более подходящая левая граница отрезка локализации минимума: 1,26301987222513
[25.11.2015 15:00:57] Итерация номер 9
[25.11.2015 15:00:57] 5. Сработало условие f(x[k-1])<=f(x[k]). k = 10, f(x[k-1]) = 0,000124582741206748, f(x[k]) = 0,000724770646284367
[25.11.2015 15:00:57] Была найдена более подходящая правая граница отрезка локализации минимума: 1,64701987222513
[25.11.2015 15:00:57] Найдены подходящие границы отрезка локализации минимума. Это 1,26301987222513;1,64701987222513
[25.11.2015 15:00:57] Начал работу метод параболической аппроксимации Пауэлла.
[25.11.2015 15:00:57] Начальные значения, интервал 1,26301987222513;1,64701987222513, eps = 0,001
[25.11.2015 15:00:57] Итерация номер 1
[25.11.2015 15:00:57] 1. Найдено x1 = 1,26301987222513, x2 = 1,45501987222513, x3 = 1,64701987222513
[25.11.2015 15:00:57] 2. Минимальное значение: 1,26301987222513
[25.11.2015 15:00:57] 3. Пересчитан x4 = 1,4138527828953
[25.11.2015 15:00:57] 4. x4 не достаточно приближен к истинному минимуму. Продолжение работы алгоритма.
[25.11.2015 15:00:57] 5. Точки отсортированы по возрастанию. 1,26301987222513, 1,4138527828953, 1,45501987222513, 1,64701987222513
[25.11.2015 15:00:57] 5. Точки отсортированы по значению функции. 1,4138527828953, 1,45501987222513, 1,26301987222513, 1,64701987222513
[25.11.2015 15:00:57] Итерация номер 2
[25.11.2015 15:00:57] 1. Найдено x1 = 1,4138527828953, x2 = 1,45501987222513, x3 = 1,26301987222513
[25.11.2015 15:00:57] 2. Минимальное значение: 1,26301987222513
[25.11.2015 15:00:57] 3. Пересчитан x4 = 1,41374703594834
[25.11.2015 15:00:57] 4. x4 не достаточно приближен к истинному минимуму. Продолжение работы алгоритма.
[25.11.2015 15:00:57] 5. Точки отсортированы по возрастанию. 1,26301987222513, 1,41374703594834, 1,4138527828953, 1,45501987222513
[25.11.2015 15:00:57] 5. Точки отсортированы по значению функции. 1,41374703594834, 1,4138527828953, 1,45501987222513, 1,26301987222513
[25.11.2015 15:00:57] Итерация номер 3
[25.11.2015 15:00:57] 1. Найдено x1 = 1,41374703594834, x2 = 1,4138527828953, x3 = 1,45501987222513
[25.11.2015 15:00:57] 2. Минимальное значение: 1,41374703594834
[25.11.2015 15:00:57] 3. Пересчитан x4 = 1,41372119566859
[25.11.2015 15:00:57] 4. x4 достаточно приближен к истинному минимуму. Завершение работы алгоритма.
[25.11.2015 15:00:57] Step 9: New alpha 1,41372119566859
[25.11.2015 15:00:57] Step 10: New local search point DenseVector 2-Double
2,99811
2,00177

[25.11.2015 15:00:57] Step 11: Iteration end.
[25.11.2015 15:00:57] Step 2: ITERATION number 6
[25.11.2015 15:00:57] Step 5: Sk = DenseVector 2-Double
-0,00664385
 -0,0311422

[25.11.2015 15:00:57] Step 6: Yk = DenseVector 2-Double
-1,11797
-1,21845

[25.11.2015 15:00:57] Step 7: Quasi-Newton matrix: 
DenseMatrix 2x2-Double
  0,0163852  -0,00958133
-0,00958133    0,0343501

[25.11.2015 15:00:57] Step 8: Search vector: DenseVector 2-Double
  0,0019284
-0,00176944

[25.11.2015 15:00:57] Начата работа метода Дэвиса-Свенна-Кэмпи.
[25.11.2015 15:00:57] Начальная точка x0 = 1,41372119566859, h= 0,001
[25.11.2015 15:00:57] 1. Вычисление f(x0) = 2,25794909626979E-05, f(x0+h) = 2,26848114567603E-05
[25.11.2015 15:00:57] 3. Сработало условие f(x0)<=f(x0+h), f(x0) = 2,25794909626979E-05, f(x0+h) = 2,26848114567603E-05
[25.11.2015 15:00:57] 4. Начало итерационного поиска
[25.11.2015 15:00:57] Итерация номер 1
[25.11.2015 15:00:57] 5. Сработало условие f(x[k-1])>f(x[k]). k = 2, f(x[k-1]) = 2,24744157284724E-05, f(x[k]) = 2,23695857538432E-05
[25.11.2015 15:00:57] Была найдена более подходящая правая граница отрезка локализации минимума: 1,41272119566859
[25.11.2015 15:00:57] Итерация номер 2
[25.11.2015 15:00:57] 5. Сработало условие f(x[k-1])>f(x[k]). k = 3, f(x[k-1]) = 2,23695857538432E-05, f(x[k]) = 2,21606615824695E-05
[25.11.2015 15:00:57] Была найдена более подходящая правая граница отрезка локализации минимума: 1,41172119566859
[25.11.2015 15:00:57] Итерация номер 3
[25.11.2015 15:00:57] 5. Сработало условие f(x[k-1])>f(x[k]). k = 4, f(x[k-1]) = 2,21606615824695E-05, f(x[k]) = 2,17457563443214E-05
[25.11.2015 15:00:57] Была найдена более подходящая правая граница отрезка локализации минимума: 1,40972119566859
[25.11.2015 15:00:57] Итерация номер 4
[25.11.2015 15:00:57] 5. Сработало условие f(x[k-1])>f(x[k]). k = 5, f(x[k-1]) = 2,17457563443214E-05, f(x[k]) = 2,09277182315295E-05
[25.11.2015 15:00:57] Была найдена более подходящая правая граница отрезка локализации минимума: 1,40572119566859
[25.11.2015 15:00:57] Итерация номер 5
[25.11.2015 15:00:57] 5. Сработало условие f(x[k-1])>f(x[k]). k = 6, f(x[k-1]) = 2,09277182315295E-05, f(x[k]) = 1,93387310229683E-05
[25.11.2015 15:00:57] Была найдена более подходящая правая граница отрезка локализации минимума: 1,39772119566859
[25.11.2015 15:00:57] Итерация номер 6
[25.11.2015 15:00:57] 5. Сработало условие f(x[k-1])>f(x[k]). k = 7, f(x[k-1]) = 1,93387310229683E-05, f(x[k]) = 1,63491091737553E-05
[25.11.2015 15:00:57] Была найдена более подходящая правая граница отрезка локализации минимума: 1,38172119566859
[25.11.2015 15:00:57] Итерация номер 7
[25.11.2015 15:00:57] 5. Сработало условие f(x[k-1])>f(x[k]). k = 8, f(x[k-1]) = 1,63491091737553E-05, f(x[k]) = 1,11232477512242E-05
[25.11.2015 15:00:57] Была найдена более подходящая правая граница отрезка локализации минимума: 1,34972119566859
[25.11.2015 15:00:57] Итерация номер 8
[25.11.2015 15:00:57] 5. Сработало условие f(x[k-1])>f(x[k]). k = 9, f(x[k-1]) = 1,11232477512242E-05, f(x[k]) = 3,68483007358591E-06
[25.11.2015 15:00:57] Была найдена более подходящая правая граница отрезка локализации минимума: 1,28572119566859
[25.11.2015 15:00:57] Итерация номер 9
[25.11.2015 15:00:57] 5. Сработало условие f(x[k-1])>f(x[k]). k = 10, f(x[k-1]) = 3,68483007358591E-06, f(x[k]) = 8,59424397989712E-07
[25.11.2015 15:00:57] Была найдена более подходящая правая граница отрезка локализации минимума: 1,15772119566859
[25.11.2015 15:00:57] Итерация номер 10
[25.11.2015 15:00:57] 5. Сработало условие f(x[k-1])<=f(x[k]). k = 11, f(x[k-1]) = 8,59424397989712E-07, f(x[k]) = 4,34000118390694E-05
[25.11.2015 15:00:57] Была найдена более подходящая левая граница отрезка локализации минимума: 0,389721195668585
[25.11.2015 15:00:57] Найдены подходящие границы отрезка локализации минимума. Это 0,389721195668585;1,15772119566859
[25.11.2015 15:00:57] Начал работу метод параболической аппроксимации Пауэлла.
[25.11.2015 15:00:57] Начальные значения, интервал 0,389721195668585;1,15772119566859, eps = 0,001
[25.11.2015 15:00:57] Итерация номер 1
[25.11.2015 15:00:57] 1. Найдено x1 = 0,389721195668585, x2 = 0,773721195668585, x3 = 1,15772119566859
[25.11.2015 15:00:57] 2. Минимальное значение: 0,389721195668585
[25.11.2015 15:00:57] 3. Пересчитан x4 = 0,984703202104935
[25.11.2015 15:00:57] 4. x4 не достаточно приближен к истинному минимуму. Продолжение работы алгоритма.
[25.11.2015 15:00:57] 5. Точки отсортированы по возрастанию. 0,389721195668585, 0,773721195668585, 0,984703202104935, 1,15772119566859
[25.11.2015 15:00:57] 5. Точки отсортированы по значению функции. 0,984703202104935, 1,15772119566859, 0,773721195668585, 0,389721195668585
[25.11.2015 15:00:57] Итерация номер 2
[25.11.2015 15:00:57] 1. Найдено x1 = 0,984703202104935, x2 = 1,15772119566859, x3 = 0,773721195668585
[25.11.2015 15:00:57] 2. Минимальное значение: 0,773721195668585
[25.11.2015 15:00:57] 3. Пересчитан x4 = 0,98469945812413
[25.11.2015 15:00:57] 4. x4 не достаточно приближен к истинному минимуму. Продолжение работы алгоритма.
[25.11.2015 15:00:57] 5. Точки отсортированы по возрастанию. 0,773721195668585, 0,98469945812413, 0,984703202104935, 1,15772119566859
[25.11.2015 15:00:57] 5. Точки отсортированы по значению функции. 0,984703202104935, 0,98469945812413, 1,15772119566859, 0,773721195668585
[25.11.2015 15:00:57] Итерация номер 3
[25.11.2015 15:00:57] 1. Найдено x1 = 0,984703202104935, x2 = 0,98469945812413, x3 = 1,15772119566859
[25.11.2015 15:00:57] 2. Минимальное значение: 0,98469945812413
[25.11.2015 15:00:57] 3. Пересчитан x4 = 0,984705510565312
[25.11.2015 15:00:57] 4. x4 достаточно приближен к истинному минимуму. Завершение работы алгоритма.
[25.11.2015 15:00:57] Step 9: New alpha 0,984705510565312
[25.11.2015 15:00:57] Step 10: New local search point DenseVector 2-Double
3,00001
2,00003

[25.11.2015 15:00:57] Step 11: Iteration end.
[25.11.2015 15:00:57] Step 2: ITERATION number 7
[25.11.2015 15:00:57] Step 3: End of searching. Final values: Function = 1,53297811264706E-08, Point = DenseVector 2-Double
3,00001
2,00003
. Go to step 12.
[25.11.2015 15:00:57] Step 12: Search is done!
