[11.11.2015 22:31:13] DFP method started
[11.11.2015 22:31:13] Input data. Start point (0,000;0,000), epsilon 0,01000
[11.11.2015 22:31:13] Step 1: K = 0
[11.11.2015 22:31:13] Step 2: ITERATION number 0
[11.11.2015 22:31:13] Step 4: K==0, go to step 8.
[11.11.2015 22:31:26] Step 8: Search vector: (14,000;22,000)
[11.11.2015 22:31:26] DSK method started!
[11.11.2015 22:31:26] Step 1: f(alpha)=169,9932, f(alpha + h)=162,1753; k=0;
[11.11.2015 22:31:26] Step 2: a=0,0000, alpha1=0,0100, k=2; Go to step 4!
[11.11.2015 22:31:26] Step 4: alphak=0,0200
[11.11.2015 22:31:26] Step 5: h > 0; a=alpha(k-1)=0,0100
[11.11.2015 22:31:26] k = k + 1 = 3; Go to step 4!
[11.11.2015 22:31:26] Step 4: alphak=0,0400
[11.11.2015 22:31:26] Step 5: h > 0; a=alpha(k-1)=0,0200
[11.11.2015 22:31:26] k = k + 1 = 4; Go to step 4!
[11.11.2015 22:31:26] Step 4: alphak=0,0800
[11.11.2015 22:31:26] Step 5: h > 0; a=alpha(k-1)=0,0400
[11.11.2015 22:31:26] k = k + 1 = 5; Go to step 4!
[11.11.2015 22:31:26] Step 4: alphak=0,1600
[11.11.2015 22:31:26] Step 5: h > 0; a=alpha(k-1)=0,0800
[11.11.2015 22:31:26] k = k + 1 = 6; Go to step 4!
[11.11.2015 22:31:26] Step 4: alphak=0,3200
[11.11.2015 22:31:26] Step 5: h > 0; b=alphak=0,3200
[11.11.2015 22:31:26] Step 6: Interval is: [0,0800 ; 0,3200]
[11.11.2015 22:31:26] Dichotomy method has been started!
[11.11.2015 22:31:26] Counting: delta = eps / 10 = 0,001
[11.11.2015 22:31:26] Step 1: counting alpha_1 = 0,1990, alpha_2 = 0,2010
[11.11.2015 22:31:26] Step 3: f(0,1990) = 224,9520 <= f(0,2010) = 238,0420; b = alpha_2 = 0,2010.
[11.11.2015 22:31:26] Iter 0: Answer is in the range: [0,0800; 0,2010]
[11.11.2015 22:31:26] Step 1: counting alpha_1 = 0,1395, alpha_2 = 0,1415
[11.11.2015 22:31:26] Step 3: f(0,1395) = 36,0670 <= f(0,1415) = 37,5359; b = alpha_2 = 0,1415.
[11.11.2015 22:31:26] Iter 1: Answer is in the range: [0,0800; 0,1415]
[11.11.2015 22:31:26] Step 1: counting alpha_1 = 0,1098, alpha_2 = 0,1118
[11.11.2015 22:31:26] Step 3: f(0,1098) = 38,8735 > f(0,1118) = 37,4989; a = alpha_1 = 0,1098.
[11.11.2015 22:31:26] Iter 2: Answer is in the range: [0,1098; 0,1415]
[11.11.2015 22:31:26] Step 1: counting alpha_1 = 0,1246, alpha_2 = 0,1266
[11.11.2015 22:31:26] Step 3: f(0,1246) = 32,3019 > f(0,1266) = 32,1377; a = alpha_1 = 0,1246.
[11.11.2015 22:31:26] Step 4: (b-a)/2 = 0,0084 < eps = 0,0100; STOP SEARCHING!
[11.11.2015 22:31:26] Iter 3: Answer is in the range: [0,1246; 0,1415]
[11.11.2015 22:31:26] Step 5: alpha_end = (a+b)/2; Minimum x* is: 0,1331
[11.11.2015 22:31:26] Step 9: Quasi-Newton matrix: 
1  0  
0  1  

[11.11.2015 22:31:26] Step 10: New local search point (1,863;2,928)
[11.11.2015 22:31:26] Step 11: Iteration end.
[11.11.2015 22:31:26] Step 2: ITERATION number 1
[11.11.2015 22:31:26] Step 5: Sk = (1,863;2,928)
[11.11.2015 22:31:26] Step 6: Yk = (-13,391;53,060)
[11.11.2015 22:31:27] Step 7: Quasi-Newton matrix: 
NaN  NaN  
NaN  NaN  

[11.11.2015 22:31:27] Step 8: Search vector: (NaN;NaN)
[11.11.2015 22:31:27] DSK method started!
[11.11.2015 22:31:27] Step 1: f(alpha)=328,7664, f(alpha + h)=438,5479; k=0;
[11.11.2015 22:31:27] Step 3: b=0,1331, alpha1=0,1431, h=-0,0100, k=2.
[11.11.2015 22:31:27] Step 4: alphak=0,1131
[11.11.2015 22:31:27] Step 5: h > 0; b=alpha(k-1)=0,1231
[11.11.2015 22:31:27] k = k + 1 = 3; Go to step 4!
[11.11.2015 22:31:27] Step 4: alphak=0,0931
[11.11.2015 22:31:27] Step 5: h > 0; b=alpha(k-1)=0,1131
[11.11.2015 22:31:27] k = k + 1 = 4; Go to step 4!
[11.11.2015 22:31:27] Step 4: alphak=0,0531
[11.11.2015 22:31:27] Step 5: h > 0; b=alpha(k-1)=0,0931
[11.11.2015 22:31:27] k = k + 1 = 5; Go to step 4!
[11.11.2015 22:31:27] Step 4: alphak=-0,0269
[11.11.2015 22:31:27] Step 5: h < 0; a=alphak-0,0269
[11.11.2015 22:31:27] Step 6: Interval is: [-0,0269 ; 0,0931]
[11.11.2015 22:31:27] Dichotomy method has been started!
[11.11.2015 22:31:27] Counting: delta = eps / 10 = 0,001
[11.11.2015 22:31:27] Step 1: counting alpha_1 = 0,0321, alpha_2 = 0,0341
[11.11.2015 22:31:27] Step 3: f(0,0321) = 2,6900 > f(0,0341) = 2,2234; a = alpha_1 = 0,0321.
[11.11.2015 22:31:27] Iter 0: Answer is in the range: [0,0321; 0,0931]
[11.11.2015 22:31:27] Step 1: counting alpha_1 = 0,0616, alpha_2 = 0,0636
[11.11.2015 22:31:27] Step 3: f(0,0616) = 12,6905 <= f(0,0636) = 14,8547; b = alpha_2 = 0,0636.
[11.11.2015 22:31:27] Iter 1: Answer is in the range: [0,0321; 0,0636]
[11.11.2015 22:31:27] Step 1: counting alpha_1 = 0,0468, alpha_2 = 0,0488
[11.11.2015 22:31:27] Step 3: f(0,0468) = 2,9707 <= f(0,0488) = 3,6965; b = alpha_2 = 0,0488.
[11.11.2015 22:31:27] Step 4: (b-a)/2 = 0,0084 < eps = 0,0100; STOP SEARCHING!
[11.11.2015 22:31:27] Iter 2: Answer is in the range: [0,0321; 0,0488]
[11.11.2015 22:31:27] Step 5: alpha_end = (a+b)/2; Minimum x* is: 0,0404
[11.11.2015 22:31:27] Step 9: Quasi-Newton matrix: 
NaN  NaN  
NaN  NaN  

[11.11.2015 22:31:27] Step 10: New local search point (NaN;NaN)
[11.11.2015 22:31:27] Step 11: Iteration end.
[11.11.2015 22:31:27] Step 2: ITERATION number 2
[11.11.2015 22:31:27] Step 5: Sk = (NaN;NaN)
[11.11.2015 22:31:27] Step 6: Yk = (NaN;NaN)
[11.11.2015 22:31:27] Step 7: Quasi-Newton matrix: 
NaN  NaN  
NaN  NaN  

[11.11.2015 22:31:27] Step 8: Search vector: (NaN;NaN)
[11.11.2015 22:31:27] DSK method started!
[11.11.2015 22:31:27] Step 1: f(alpha)=NaN, f(alpha + h)=NaN; k=0;
[11.11.2015 22:31:27] Step 3: b=0,0404, alpha1=0,0504, h=-0,0100, k=2.
[11.11.2015 22:31:27] Step 4: alphak=0,0204
[11.11.2015 22:31:27] Step 5: h > 0; b=alpha(k-1)=0,0304
[11.11.2015 22:31:27] k = k + 1 = 3; Go to step 4!
[11.11.2015 22:31:27] Step 4: alphak=0,0004
[11.11.2015 22:31:27] Step 5: h > 0; b=alpha(k-1)=0,0204
[11.11.2015 22:31:27] k = k + 1 = 4; Go to step 4!
[11.11.2015 22:31:27] Step 4: alphak=-0,0396
[11.11.2015 22:31:27] Step 5: h > 0; b=alpha(k-1)=0,0004
[11.11.2015 22:31:27] k = k + 1 = 5; Go to step 4!
[11.11.2015 22:31:27] Step 4: alphak=-0,1196
[11.11.2015 22:31:27] Step 5: h > 0; b=alpha(k-1)=-0,0396
[11.11.2015 22:31:27] k = k + 1 = 6; Go to step 4!
[11.11.2015 22:31:27] Step 4: alphak=-0,2796
[11.11.2015 22:31:27] Step 5: h > 0; b=alpha(k-1)=-0,1196
[11.11.2015 22:31:27] k = k + 1 = 7; Go to step 4!
[11.11.2015 22:31:27] Step 4: alphak=-0,5996
[11.11.2015 22:31:27] Step 5: h > 0; b=alpha(k-1)=-0,2796
[11.11.2015 22:31:27] k = k + 1 = 8; Go to step 4!
[11.11.2015 22:31:27] Step 4: alphak=-1,2396
[11.11.2015 22:31:27] Step 5: h > 0; b=alpha(k-1)=-0,5996
[11.11.2015 22:31:27] k = k + 1 = 9; Go to step 4!
[11.11.2015 22:31:27] Step 4: alphak=-2,5196
[11.11.2015 22:31:27] Step 5: h > 0; b=alpha(k-1)=-1,2396
[11.11.2015 22:31:27] k = k + 1 = 10; Go to step 4!
[11.11.2015 22:31:27] Step 4: alphak=-5,0796
[11.11.2015 22:31:27] Step 5: h > 0; b=alpha(k-1)=-2,5196
[11.11.2015 22:31:27] k = k + 1 = 11; Go to step 4!
[11.11.2015 22:31:27] Step 4: alphak=-10,1996
[11.11.2015 22:31:27] Step 5: h > 0; b=alpha(k-1)=-5,0796
[11.11.2015 22:31:27] k = k + 1 = 12; Go to step 4!
[11.11.2015 22:31:27] Step 4: alphak=-20,4396
[11.11.2015 22:31:27] Step 5: h > 0; b=alpha(k-1)=-10,1996
[11.11.2015 22:31:27] k = k + 1 = 13; Go to step 4!
[11.11.2015 22:31:27] Step 4: alphak=-40,9196
[11.11.2015 22:31:27] Step 5: h > 0; b=alpha(k-1)=-20,4396
[11.11.2015 22:31:27] k = k + 1 = 14; Go to step 4!
[11.11.2015 22:31:27] Step 4: alphak=-81,8796
[11.11.2015 22:31:27] Step 5: h > 0; b=alpha(k-1)=-40,9196
[11.11.2015 22:31:27] k = k + 1 = 15; Go to step 4!
[11.11.2015 22:31:27] Step 4: alphak=-163,7996
[11.11.2015 22:31:27] Step 5: h > 0; b=alpha(k-1)=-81,8796
[11.11.2015 22:31:27] k = k + 1 = 16; Go to step 4!
[11.11.2015 22:31:27] Step 4: alphak=-327,6396
[11.11.2015 22:31:27] Step 5: h > 0; b=alpha(k-1)=-163,7996
[11.11.2015 22:31:27] k = k + 1 = 17; Go to step 4!
[11.11.2015 22:31:27] Step 4: alphak=-655,3196
[11.11.2015 22:31:27] Step 5: h > 0; b=alpha(k-1)=-327,6396
[11.11.2015 22:31:27] k = k + 1 = 18; Go to step 4!
[11.11.2015 22:31:27] Step 4: alphak=-1310,6796
[11.11.2015 22:31:27] Step 5: h > 0; b=alpha(k-1)=-655,3196
[11.11.2015 22:31:27] k = k + 1 = 19; Go to step 4!
[11.11.2015 22:31:27] Step 4: alphak=-2621,3996
[11.11.2015 22:31:27] Step 5: h > 0; b=alpha(k-1)=-1310,6796
[11.11.2015 22:31:27] k = k + 1 = 20; Go to step 4!
[11.11.2015 22:31:27] Step 4: alphak=-5242,8396
[11.11.2015 22:31:27] Step 5: h > 0; b=alpha(k-1)=-2621,3996
[11.11.2015 22:31:27] k = k + 1 = 21; Go to step 4!
[11.11.2015 22:31:27] Step 4: alphak=-10485,7196
[11.11.2015 22:31:27] Step 5: h > 0; b=alpha(k-1)=-5242,8396
[11.11.2015 22:31:27] k = k + 1 = 22; Go to step 4!
[11.11.2015 22:31:27] Step 4: alphak=-20971,4796
[11.11.2015 22:31:27] Step 5: h > 0; b=alpha(k-1)=-10485,7196
[11.11.2015 22:31:27] k = k + 1 = 23; Go to step 4!
[11.11.2015 22:31:27] Step 4: alphak=-41942,9996
[11.11.2015 22:31:27] Step 5: h > 0; b=alpha(k-1)=-20971,4796
[11.11.2015 22:31:27] k = k + 1 = 24; Go to step 4!
[11.11.2015 22:31:27] Step 4: alphak=-83886,0396
[11.11.2015 22:31:27] Step 5: h > 0; b=alpha(k-1)=-41942,9996
[11.11.2015 22:31:27] k = k + 1 = 25; Go to step 4!
[11.11.2015 22:31:27] Step 4: alphak=-167772,1196
[11.11.2015 22:31:27] Step 5: h > 0; b=alpha(k-1)=-83886,0396
[11.11.2015 22:31:27] k = k + 1 = 26; Go to step 4!
[11.11.2015 22:31:27] Step 4: alphak=-335544,2796
[11.11.2015 22:31:27] Step 5: h > 0; b=alpha(k-1)=-167772,1196
[11.11.2015 22:31:27] k = k + 1 = 27; Go to step 4!
[11.11.2015 22:31:27] Step 4: alphak=-671088,5996
[11.11.2015 22:31:27] Step 5: h > 0; b=alpha(k-1)=-335544,2796
[11.11.2015 22:31:27] k = k + 1 = 28; Go to step 4!
[11.11.2015 22:31:27] Step 4: alphak=-1342177,2396
[11.11.2015 22:31:27] Step 5: h > 0; b=alpha(k-1)=-671088,5996
[11.11.2015 22:31:27] k = k + 1 = 29; Go to step 4!
[11.11.2015 22:31:27] Step 4: alphak=-2684354,5196
[11.11.2015 22:31:27] Step 5: h > 0; b=alpha(k-1)=-1342177,2396
[11.11.2015 22:31:27] k = k + 1 = 30; Go to step 4!
[11.11.2015 22:31:27] Step 4: alphak=-5368709,0796
[11.11.2015 22:31:27] Step 5: h > 0; b=alpha(k-1)=-2684354,5196
[11.11.2015 22:31:27] k = k + 1 = 31; Go to step 4!
[11.11.2015 22:31:27] Step 4: alphak=-10737418,1996
[11.11.2015 22:31:27] Step 5: h > 0; b=alpha(k-1)=-5368709,0796
[11.11.2015 22:31:27] k = k + 1 = 32; Go to step 4!
[11.11.2015 22:31:27] Step 4: alphak=-21474836,4396
[11.11.2015 22:31:27] Step 5: h > 0; b=alpha(k-1)=-10737418,1996
[11.11.2015 22:31:27] k = k + 1 = 33; Go to step 4!
[11.11.2015 22:31:27] Step 4: alphak=-42949672,9196
[11.11.2015 22:31:27] Step 5: h > 0; b=alpha(k-1)=-21474836,4396
[11.11.2015 22:31:27] k = k + 1 = 34; Go to step 4!
[11.11.2015 22:31:27] Step 4: alphak=-85899345,8796
[11.11.2015 22:31:27] Step 5: h > 0; b=alpha(k-1)=-42949672,9196
[11.11.2015 22:31:27] k = k + 1 = 35; Go to step 4!
[11.11.2015 22:31:27] Step 4: alphak=-171798691,7996
[11.11.2015 22:31:27] Step 5: h > 0; b=alpha(k-1)=-85899345,8796
[11.11.2015 22:31:27] k = k + 1 = 36; Go to step 4!
[11.11.2015 22:31:27] Step 4: alphak=-343597383,6396
[11.11.2015 22:31:27] Step 5: h > 0; b=alpha(k-1)=-171798691,7996
[11.11.2015 22:31:27] k = k + 1 = 37; Go to step 4!
[11.11.2015 22:31:27] Step 4: alphak=-687194767,3196
[11.11.2015 22:31:27] Step 5: h > 0; b=alpha(k-1)=-343597383,6396
[11.11.2015 22:31:27] k = k + 1 = 38; Go to step 4!
[11.11.2015 22:31:27] Step 4: alphak=-1374389534,6796
[11.11.2015 22:31:27] Step 5: h > 0; b=alpha(k-1)=-687194767,3196
[11.11.2015 22:31:28] k = k + 1 = 39; Go to step 4!
[11.11.2015 22:31:28] Step 4: alphak=-2748779069,3996
[11.11.2015 22:31:28] Step 5: h > 0; b=alpha(k-1)=-1374389534,6796
[11.11.2015 22:31:28] k = k + 1 = 40; Go to step 4!
[11.11.2015 22:31:28] Step 4: alphak=-5497558138,8396
[11.11.2015 22:31:28] Step 5: h > 0; b=alpha(k-1)=-2748779069,3996
[11.11.2015 22:31:28] k = k + 1 = 41; Go to step 4!
[11.11.2015 22:31:28] Step 4: alphak=-10995116277,7196
[11.11.2015 22:31:28] Step 5: h > 0; b=alpha(k-1)=-5497558138,8396
[11.11.2015 22:31:28] k = k + 1 = 42; Go to step 4!
[11.11.2015 22:31:28] Step 4: alphak=-21990232555,4796
[11.11.2015 22:31:28] Step 5: h > 0; b=alpha(k-1)=-10995116277,7196
[11.11.2015 22:31:28] k = k + 1 = 43; Go to step 4!
[11.11.2015 22:31:28] Step 4: alphak=-43980465110,9996
[11.11.2015 22:31:28] Step 5: h > 0; b=alpha(k-1)=-21990232555,4796
[11.11.2015 22:31:28] k = k + 1 = 44; Go to step 4!
[11.11.2015 22:31:28] Step 4: alphak=-87960930222,0396
[11.11.2015 22:31:28] Step 5: h > 0; b=alpha(k-1)=-43980465110,9996
[11.11.2015 22:31:28] k = k + 1 = 45; Go to step 4!
[11.11.2015 22:31:28] Step 4: alphak=-175921860444,1200
[11.11.2015 22:31:28] Step 5: h > 0; b=alpha(k-1)=-87960930222,0396
[11.11.2015 22:31:28] k = k + 1 = 46; Go to step 4!
[11.11.2015 22:31:28] Step 4: alphak=-351843720888,2800
[11.11.2015 22:31:28] Step 5: h > 0; b=alpha(k-1)=-175921860444,1200
[11.11.2015 22:31:28] k = k + 1 = 47; Go to step 4!
[11.11.2015 22:31:28] Step 4: alphak=-703687441776,6000
[11.11.2015 22:31:28] Step 5: h > 0; b=alpha(k-1)=-351843720888,2800
[11.11.2015 22:31:28] k = k + 1 = 48; Go to step 4!
[11.11.2015 22:31:28] Step 4: alphak=-1407374883553,2400
[11.11.2015 22:31:28] Step 5: h > 0; b=alpha(k-1)=-703687441776,6000
[11.11.2015 22:31:28] k = k + 1 = 49; Go to step 4!
[11.11.2015 22:31:28] Step 4: alphak=-2814749767106,5200
[11.11.2015 22:31:28] Step 5: h > 0; b=alpha(k-1)=-1407374883553,2400
[11.11.2015 22:31:28] k = k + 1 = 50; Go to step 4!
[11.11.2015 22:31:28] Step 4: alphak=-5629499534213,0800
[11.11.2015 22:31:28] Step 5: h > 0; b=alpha(k-1)=-2814749767106,5200
[11.11.2015 22:31:28] k = k + 1 = 51; Go to step 4!
[11.11.2015 22:31:28] Step 4: alphak=-11258999068426,2000
[11.11.2015 22:31:28] Step 5: h > 0; b=alpha(k-1)=-5629499534213,0800
[11.11.2015 22:31:28] k = k + 1 = 52; Go to step 4!
[11.11.2015 22:31:28] Step 4: alphak=-22517998136852,4000
[11.11.2015 22:31:28] Step 5: h > 0; b=alpha(k-1)=-11258999068426,2000
[11.11.2015 22:31:28] k = k + 1 = 53; Go to step 4!
[11.11.2015 22:31:28] Step 4: alphak=-45035996273704,9000
[11.11.2015 22:31:28] Step 5: h > 0; b=alpha(k-1)=-22517998136852,4000
[11.11.2015 22:31:28] k = k + 1 = 54; Go to step 4!
[11.11.2015 22:31:28] Step 4: alphak=-90071992547409,9000
[11.11.2015 22:31:28] Step 5: h > 0; b=alpha(k-1)=-45035996273704,9000
[11.11.2015 22:31:28] k = k + 1 = 55; Go to step 4!
[11.11.2015 22:31:28] Step 4: alphak=-180143985094820,0000
[11.11.2015 22:31:28] Step 5: h > 0; b=alpha(k-1)=-90071992547409,9000
[11.11.2015 22:31:28] k = k + 1 = 56; Go to step 4!
[11.11.2015 22:31:28] Step 4: alphak=-360287970189640,0000
[11.11.2015 22:31:28] Step 5: h > 0; b=alpha(k-1)=-180143985094820,0000
[11.11.2015 22:31:28] k = k + 1 = 57; Go to step 4!
[11.11.2015 22:31:28] Step 4: alphak=-720575940379279,0000
[11.11.2015 22:31:28] Step 5: h > 0; b=alpha(k-1)=-360287970189640,0000
[11.11.2015 22:31:28] k = k + 1 = 58; Go to step 4!
[11.11.2015 22:31:28] Step 4: alphak=-1441151880758560,0000
[11.11.2015 22:31:28] Step 5: h > 0; b=alpha(k-1)=-720575940379279,0000
[11.11.2015 22:31:28] k = k + 1 = 59; Go to step 4!
[11.11.2015 22:31:28] Step 4: alphak=-2882303761517120,0000
[11.11.2015 22:31:28] Step 5: h > 0; b=alpha(k-1)=-1441151880758560,0000
[11.11.2015 22:31:28] k = k + 1 = 60; Go to step 4!
[11.11.2015 22:31:28] Step 4: alphak=-5764607523034240,0000
[11.11.2015 22:31:28] Step 5: h > 0; b=alpha(k-1)=-2882303761517120,0000
[11.11.2015 22:31:28] k = k + 1 = 61; Go to step 4!
[11.11.2015 22:31:28] Step 4: alphak=-11529215046068500,0000
[11.11.2015 22:31:28] Step 5: h > 0; b=alpha(k-1)=-5764607523034240,0000
[11.11.2015 22:31:28] k = k + 1 = 62; Go to step 4!
[11.11.2015 22:31:28] Step 4: alphak=-23058430092136900,0000
[11.11.2015 22:31:28] Step 5: h > 0; b=alpha(k-1)=-11529215046068500,0000
[11.11.2015 22:31:28] k = k + 1 = 63; Go to step 4!
[11.11.2015 22:31:28] Step 4: alphak=-46116860184273900,0000
[11.11.2015 22:31:28] Step 5: h > 0; b=alpha(k-1)=-23058430092136900,0000
[11.11.2015 22:31:28] k = k + 1 = 64; Go to step 4!
[11.11.2015 22:31:28] Step 4: alphak=-92233720368547800,0000
[11.11.2015 22:31:28] Step 5: h > 0; b=alpha(k-1)=-46116860184273900,0000
[11.11.2015 22:31:28] k = k + 1 = 65; Go to step 4!
[11.11.2015 22:31:28] Step 4: alphak=-184467440737096000,0000
[11.11.2015 22:31:28] Step 5: h > 0; b=alpha(k-1)=-92233720368547800,0000
[11.11.2015 22:31:28] k = k + 1 = 66; Go to step 4!
[11.11.2015 22:31:28] Step 4: alphak=-368934881474191000,0000
[11.11.2015 22:31:28] Step 5: h > 0; b=alpha(k-1)=-184467440737096000,0000
[11.11.2015 22:31:28] k = k + 1 = 67; Go to step 4!
[11.11.2015 22:31:28] Step 4: alphak=-737869762948382000,0000
[11.11.2015 22:31:28] Step 5: h > 0; b=alpha(k-1)=-368934881474191000,0000
[11.11.2015 22:31:28] k = k + 1 = 68; Go to step 4!
[11.11.2015 22:31:28] Step 4: alphak=-1475739525896760000,0000
[11.11.2015 22:31:28] Step 5: h > 0; b=alpha(k-1)=-737869762948382000,0000
[11.11.2015 22:31:28] k = k + 1 = 69; Go to step 4!
[11.11.2015 22:31:28] Step 4: alphak=-2951479051793530000,0000
[11.11.2015 22:31:28] Step 5: h > 0; b=alpha(k-1)=-1475739525896760000,0000
[11.11.2015 22:31:28] k = k + 1 = 70; Go to step 4!
[11.11.2015 22:31:28] Step 4: alphak=-5902958103587060000,0000
[11.11.2015 22:31:28] Step 5: h > 0; b=alpha(k-1)=-2951479051793530000,0000
[11.11.2015 22:31:28] k = k + 1 = 71; Go to step 4!
[11.11.2015 22:31:28] Step 4: alphak=-11805916207174100000,0000
[11.11.2015 22:31:28] Step 5: h > 0; b=alpha(k-1)=-5902958103587060000,0000
[11.11.2015 22:31:28] k = k + 1 = 72; Go to step 4!
[11.11.2015 22:31:28] Step 4: alphak=-23611832414348200000,0000
[11.11.2015 22:31:28] Step 5: h > 0; b=alpha(k-1)=-11805916207174100000,0000
[11.11.2015 22:31:28] k = k + 1 = 73; Go to step 4!
[11.11.2015 22:31:28] Step 4: alphak=-47223664828696500000,0000
[11.11.2015 22:31:28] Step 5: h > 0; b=alpha(k-1)=-23611832414348200000,0000
[11.11.2015 22:31:28] k = k + 1 = 74; Go to step 4!
[11.11.2015 22:31:28] Step 4: alphak=-94447329657392900000,0000
[11.11.2015 22:31:28] Step 5: h > 0; b=alpha(k-1)=-47223664828696500000,0000
[11.11.2015 22:31:28] k = k + 1 = 75; Go to step 4!
[11.11.2015 22:31:28] Step 4: alphak=-188894659314786000000,0000
[11.11.2015 22:31:28] Step 5: h > 0; b=alpha(k-1)=-94447329657392900000,0000
[11.11.2015 22:31:28] k = k + 1 = 76; Go to step 4!
[11.11.2015 22:31:28] Step 4: alphak=-377789318629572000000,0000
[11.11.2015 22:31:28] Step 5: h > 0; b=alpha(k-1)=-188894659314786000000,0000
[11.11.2015 22:31:28] k = k + 1 = 77; Go to step 4!
[11.11.2015 22:31:28] Step 4: alphak=-755578637259143000000,0000
[11.11.2015 22:31:28] Step 5: h > 0; b=alpha(k-1)=-377789318629572000000,0000
[11.11.2015 22:31:28] k = k + 1 = 78; Go to step 4!
[11.11.2015 22:31:28] Step 4: alphak=-1511157274518290000000,0000
[11.11.2015 22:31:28] Step 5: h > 0; b=alpha(k-1)=-755578637259143000000,0000
[11.11.2015 22:31:28] k = k + 1 = 79; Go to step 4!
[11.11.2015 22:31:28] Step 4: alphak=-3022314549036570000000,0000
[11.11.2015 22:31:28] Step 5: h > 0; b=alpha(k-1)=-1511157274518290000000,0000
[11.11.2015 22:31:28] k = k + 1 = 80; Go to step 4!
[11.11.2015 22:31:28] Step 4: alphak=-6044629098073150000000,0000
[11.11.2015 22:31:28] Step 5: h > 0; b=alpha(k-1)=-3022314549036570000000,0000
[11.11.2015 22:31:28] k = k + 1 = 81; Go to step 4!
[11.11.2015 22:31:28] Step 4: alphak=-12089258196146300000000,0000
[11.11.2015 22:31:28] Step 5: h > 0; b=alpha(k-1)=-6044629098073150000000,0000
[11.11.2015 22:31:28] k = k + 1 = 82; Go to step 4!
[11.11.2015 22:31:28] Step 4: alphak=-24178516392292600000000,0000
[11.11.2015 22:31:28] Step 5: h > 0; b=alpha(k-1)=-12089258196146300000000,0000
[11.11.2015 22:31:28] k = k + 1 = 83; Go to step 4!
[11.11.2015 22:31:28] Step 4: alphak=-48357032784585200000000,0000
[11.11.2015 22:31:28] Step 5: h > 0; b=alpha(k-1)=-24178516392292600000000,0000
[11.11.2015 22:31:28] k = k + 1 = 84; Go to step 4!
[11.11.2015 22:31:28] Step 4: alphak=-96714065569170300000000,0000
[11.11.2015 22:31:28] Step 5: h > 0; b=alpha(k-1)=-48357032784585200000000,0000
[11.11.2015 22:31:28] k = k + 1 = 85; Go to step 4!
[11.11.2015 22:31:28] Step 4: alphak=-193428131138341000000000,0000
[11.11.2015 22:31:28] Step 5: h > 0; b=alpha(k-1)=-96714065569170300000000,0000
[11.11.2015 22:31:28] k = k + 1 = 86; Go to step 4!
[11.11.2015 22:31:28] Step 4: alphak=-386856262276681000000000,0000
[11.11.2015 22:31:28] Step 5: h > 0; b=alpha(k-1)=-193428131138341000000000,0000
[11.11.2015 22:31:28] k = k + 1 = 87; Go to step 4!
[11.11.2015 22:31:28] Step 4: alphak=-773712524553363000000000,0000
[11.11.2015 22:31:28] Step 5: h > 0; b=alpha(k-1)=-386856262276681000000000,0000
[11.11.2015 22:31:29] k = k + 1 = 88; Go to step 4!
[11.11.2015 22:31:29] Step 4: alphak=-1547425049106730000000000,0000
[11.11.2015 22:31:29] Step 5: h > 0; b=alpha(k-1)=-773712524553363000000000,0000
[11.11.2015 22:31:29] k = k + 1 = 89; Go to step 4!
[11.11.2015 22:31:29] Step 4: alphak=-3094850098213450000000000,0000
[11.11.2015 22:31:29] Step 5: h > 0; b=alpha(k-1)=-1547425049106730000000000,0000
[11.11.2015 22:31:29] k = k + 1 = 90; Go to step 4!
[11.11.2015 22:31:29] Step 4: alphak=-6189700196426900000000000,0000
[11.11.2015 22:31:29] Step 5: h > 0; b=alpha(k-1)=-3094850098213450000000000,0000
[11.11.2015 22:31:29] k = k + 1 = 91; Go to step 4!
[11.11.2015 22:31:29] Step 4: alphak=-12379400392853800000000000,0000
[11.11.2015 22:31:29] Step 5: h > 0; b=alpha(k-1)=-6189700196426900000000000,0000
[11.11.2015 22:31:29] k = k + 1 = 92; Go to step 4!
[11.11.2015 22:31:29] Step 4: alphak=-24758800785707600000000000,0000
[11.11.2015 22:31:29] Step 5: h > 0; b=alpha(k-1)=-12379400392853800000000000,0000
[11.11.2015 22:31:29] k = k + 1 = 93; Go to step 4!
[11.11.2015 22:31:29] Step 4: alphak=-49517601571415200000000000,0000
[11.11.2015 22:31:29] Step 5: h > 0; b=alpha(k-1)=-24758800785707600000000000,0000
[11.11.2015 22:31:29] k = k + 1 = 94; Go to step 4!
[11.11.2015 22:31:29] Step 4: alphak=-99035203142830400000000000,0000
[11.11.2015 22:31:29] Step 5: h > 0; b=alpha(k-1)=-49517601571415200000000000,0000
[11.11.2015 22:31:29] k = k + 1 = 95; Go to step 4!
[11.11.2015 22:31:29] Step 4: alphak=-198070406285661000000000000,0000
[11.11.2015 22:31:29] Step 5: h > 0; b=alpha(k-1)=-99035203142830400000000000,0000
[11.11.2015 22:31:29] k = k + 1 = 96; Go to step 4!
[11.11.2015 22:31:29] Step 4: alphak=-396140812571322000000000000,0000
[11.11.2015 22:31:29] Step 5: h > 0; b=alpha(k-1)=-198070406285661000000000000,0000
[11.11.2015 22:31:29] k = k + 1 = 97; Go to step 4!
[11.11.2015 22:31:29] Step 4: alphak=-792281625142643000000000000,0000
[11.11.2015 22:31:29] Step 5: h > 0; b=alpha(k-1)=-396140812571322000000000000,0000
[11.11.2015 22:31:29] k = k + 1 = 98; Go to step 4!
[11.11.2015 22:31:29] Step 4: alphak=-1584563250285290000000000000,0000
[11.11.2015 22:31:29] Step 5: h > 0; b=alpha(k-1)=-792281625142643000000000000,0000
[11.11.2015 22:31:29] k = k + 1 = 99; Go to step 4!
[11.11.2015 22:31:29] Step 4: alphak=-3169126500570570000000000000,0000
[11.11.2015 22:31:29] Step 5: h > 0; b=alpha(k-1)=-1584563250285290000000000000,0000
[11.11.2015 22:31:29] k = k + 1 = 100; Go to step 4!
[11.11.2015 22:31:29] Step 4: alphak=-6338253001141150000000000000,0000
[11.11.2015 22:31:29] Step 5: h > 0; b=alpha(k-1)=-3169126500570570000000000000,0000
[11.11.2015 22:31:29] k = k + 1 = 101; Go to step 4!
[11.11.2015 22:31:29] Step 4: alphak=-12676506002282300000000000000,0000
[11.11.2015 22:31:29] Step 5: h > 0; b=alpha(k-1)=-6338253001141150000000000000,0000
[11.11.2015 22:31:29] k = k + 1 = 102; Go to step 4!
[11.11.2015 22:31:29] Step 4: alphak=-25353012004564600000000000000,0000
[11.11.2015 22:31:29] Step 5: h > 0; b=alpha(k-1)=-12676506002282300000000000000,0000
[11.11.2015 22:31:29] k = k + 1 = 103; Go to step 4!
[11.11.2015 22:31:29] Step 4: alphak=-50706024009129200000000000000,0000
[11.11.2015 22:31:29] Step 5: h > 0; b=alpha(k-1)=-25353012004564600000000000000,0000
[11.11.2015 22:31:29] k = k + 1 = 104; Go to step 4!
[11.11.2015 22:31:29] Step 4: alphak=-101412048018258000000000000000,0000
[11.11.2015 22:31:29] Step 5: h > 0; b=alpha(k-1)=-50706024009129200000000000000,0000
[11.11.2015 22:31:29] k = k + 1 = 105; Go to step 4!
[11.11.2015 22:31:29] Step 4: alphak=-202824096036517000000000000000,0000
[11.11.2015 22:31:29] Step 5: h > 0; b=alpha(k-1)=-101412048018258000000000000000,0000
[11.11.2015 22:31:29] k = k + 1 = 106; Go to step 4!
[11.11.2015 22:31:29] Step 4: alphak=-405648192073033000000000000000,0000
[11.11.2015 22:31:29] Step 5: h > 0; b=alpha(k-1)=-202824096036517000000000000000,0000
[11.11.2015 22:31:29] k = k + 1 = 107; Go to step 4!
[11.11.2015 22:31:29] Step 4: alphak=-811296384146067000000000000000,0000
[11.11.2015 22:31:29] Step 5: h > 0; b=alpha(k-1)=-405648192073033000000000000000,0000
[11.11.2015 22:31:29] k = k + 1 = 108; Go to step 4!
[11.11.2015 22:31:29] Step 4: alphak=-1622592768292130000000000000000,0000
[11.11.2015 22:31:29] Step 5: h > 0; b=alpha(k-1)=-811296384146067000000000000000,0000
[11.11.2015 22:31:29] k = k + 1 = 109; Go to step 4!
[11.11.2015 22:31:29] Step 4: alphak=-3245185536584270000000000000000,0000
[11.11.2015 22:31:29] Step 5: h > 0; b=alpha(k-1)=-1622592768292130000000000000000,0000
[11.11.2015 22:31:29] k = k + 1 = 110; Go to step 4!
[11.11.2015 22:31:29] Step 4: alphak=-6490371073168530000000000000000,0000
[11.11.2015 22:31:29] Step 5: h > 0; b=alpha(k-1)=-3245185536584270000000000000000,0000
[11.11.2015 22:31:29] k = k + 1 = 111; Go to step 4!
[11.11.2015 22:31:29] Step 4: alphak=-12980742146337100000000000000000,0000
[11.11.2015 22:31:29] Step 5: h > 0; b=alpha(k-1)=-6490371073168530000000000000000,0000
[11.11.2015 22:31:29] k = k + 1 = 112; Go to step 4!
[11.11.2015 22:31:29] Step 4: alphak=-25961484292674100000000000000000,0000
[11.11.2015 22:31:29] Step 5: h > 0; b=alpha(k-1)=-12980742146337100000000000000000,0000
[11.11.2015 22:31:29] k = k + 1 = 113; Go to step 4!
[11.11.2015 22:31:29] Step 4: alphak=-51922968585348300000000000000000,0000
[11.11.2015 22:31:29] Step 5: h > 0; b=alpha(k-1)=-25961484292674100000000000000000,0000
[11.11.2015 22:31:29] k = k + 1 = 114; Go to step 4!
[11.11.2015 22:31:29] Step 4: alphak=-103845937170697000000000000000000,0000
[11.11.2015 22:31:29] Step 5: h > 0; b=alpha(k-1)=-51922968585348300000000000000000,0000
[11.11.2015 22:31:29] k = k + 1 = 115; Go to step 4!
[11.11.2015 22:31:29] Step 4: alphak=-207691874341393000000000000000000,0000
[11.11.2015 22:31:29] Step 5: h > 0; b=alpha(k-1)=-103845937170697000000000000000000,0000
[11.11.2015 22:31:29] k = k + 1 = 116; Go to step 4!
[11.11.2015 22:31:29] Step 4: alphak=-415383748682786000000000000000000,0000
[11.11.2015 22:31:29] Step 5: h > 0; b=alpha(k-1)=-207691874341393000000000000000000,0000
[11.11.2015 22:31:29] k = k + 1 = 117; Go to step 4!
[11.11.2015 22:31:29] Step 4: alphak=-830767497365572000000000000000000,0000
[11.11.2015 22:31:29] Step 5: h > 0; b=alpha(k-1)=-415383748682786000000000000000000,0000
[11.11.2015 22:31:29] k = k + 1 = 118; Go to step 4!
[11.11.2015 22:31:29] Step 4: alphak=-1661534994731140000000000000000000,0000
[11.11.2015 22:31:29] Step 5: h > 0; b=alpha(k-1)=-830767497365572000000000000000000,0000
[11.11.2015 22:31:29] k = k + 1 = 119; Go to step 4!
[11.11.2015 22:31:29] Step 4: alphak=-3323069989462290000000000000000000,0000
[11.11.2015 22:31:29] Step 5: h > 0; b=alpha(k-1)=-1661534994731140000000000000000000,0000
[11.11.2015 22:31:29] k = k + 1 = 120; Go to step 4!
[11.11.2015 22:31:29] Step 4: alphak=-6646139978924580000000000000000000,0000
[11.11.2015 22:31:29] Step 5: h > 0; b=alpha(k-1)=-3323069989462290000000000000000000,0000
[11.11.2015 22:31:29] k = k + 1 = 121; Go to step 4!
[11.11.2015 22:31:29] Step 4: alphak=-13292279957849200000000000000000000,0000
[11.11.2015 22:31:29] Step 5: h > 0; b=alpha(k-1)=-6646139978924580000000000000000000,0000
[11.11.2015 22:31:29] k = k + 1 = 122; Go to step 4!
[11.11.2015 22:31:29] Step 4: alphak=-26584559915698300000000000000000000,0000
[11.11.2015 22:31:29] Step 5: h > 0; b=alpha(k-1)=-13292279957849200000000000000000000,0000
[11.11.2015 22:31:29] k = k + 1 = 123; Go to step 4!
[11.11.2015 22:31:29] Step 4: alphak=-53169119831396600000000000000000000,0000
[11.11.2015 22:31:29] Step 5: h > 0; b=alpha(k-1)=-26584559915698300000000000000000000,0000
[11.11.2015 22:31:29] k = k + 1 = 124; Go to step 4!
[11.11.2015 22:31:29] Step 4: alphak=-106338239662793000000000000000000000,0000
[11.11.2015 22:31:29] Step 5: h > 0; b=alpha(k-1)=-53169119831396600000000000000000000,0000
[11.11.2015 22:31:29] k = k + 1 = 125; Go to step 4!
[11.11.2015 22:31:29] Step 4: alphak=-212676479325587000000000000000000000,0000
[11.11.2015 22:31:29] Step 5: h > 0; b=alpha(k-1)=-106338239662793000000000000000000000,0000
[11.11.2015 22:31:29] k = k + 1 = 126; Go to step 4!
[11.11.2015 22:31:29] Step 4: alphak=-425352958651173000000000000000000000,0000
[11.11.2015 22:31:29] Step 5: h > 0; b=alpha(k-1)=-212676479325587000000000000000000000,0000
[11.11.2015 22:31:29] k = k + 1 = 127; Go to step 4!
[11.11.2015 22:31:29] Step 4: alphak=-850705917302346000000000000000000000,0000
[11.11.2015 22:31:29] Step 5: h > 0; b=alpha(k-1)=-425352958651173000000000000000000000,0000
[11.11.2015 22:31:29] k = k + 1 = 128; Go to step 4!
[11.11.2015 22:31:29] Step 4: alphak=-1701411834604690000000000000000000000,0000
[11.11.2015 22:31:29] Step 5: h > 0; b=alpha(k-1)=-850705917302346000000000000000000000,0000
[11.11.2015 22:31:30] k = k + 1 = 129; Go to step 4!
[11.11.2015 22:31:30] Step 4: alphak=-3402823669209380000000000000000000000,0000
[11.11.2015 22:31:30] Step 5: h > 0; b=alpha(k-1)=-1701411834604690000000000000000000000,0000
[11.11.2015 22:31:30] k = k + 1 = 130; Go to step 4!
[11.11.2015 22:31:30] Step 4: alphak=-6805647338418770000000000000000000000,0000
[11.11.2015 22:31:30] Step 5: h > 0; b=alpha(k-1)=-3402823669209380000000000000000000000,0000
[11.11.2015 22:31:30] k = k + 1 = 131; Go to step 4!
[11.11.2015 22:31:30] Step 4: alphak=-13611294676837500000000000000000000000,0000
[11.11.2015 22:31:30] Step 5: h > 0; b=alpha(k-1)=-6805647338418770000000000000000000000,0000
[11.11.2015 22:31:30] k = k + 1 = 132; Go to step 4!
[11.11.2015 22:31:30] Step 4: alphak=-27222589353675100000000000000000000000,0000
[11.11.2015 22:31:30] Step 5: h > 0; b=alpha(k-1)=-13611294676837500000000000000000000000,0000
[11.11.2015 22:31:30] k = k + 1 = 133; Go to step 4!
[11.11.2015 22:31:30] Step 4: alphak=-54445178707350200000000000000000000000,0000
[11.11.2015 22:31:30] Step 5: h > 0; b=alpha(k-1)=-27222589353675100000000000000000000000,0000
[11.11.2015 22:31:30] k = k + 1 = 134; Go to step 4!
[11.11.2015 22:31:30] Step 4: alphak=-108890357414700000000000000000000000000,0000
[11.11.2015 22:31:30] Step 5: h > 0; b=alpha(k-1)=-54445178707350200000000000000000000000,0000
[11.11.2015 22:31:30] k = k + 1 = 135; Go to step 4!
[11.11.2015 22:31:30] Step 4: alphak=-217780714829401000000000000000000000000,0000
[11.11.2015 22:31:30] Step 5: h > 0; b=alpha(k-1)=-108890357414700000000000000000000000000,0000
[11.11.2015 22:31:30] k = k + 1 = 136; Go to step 4!
[11.11.2015 22:31:30] Step 4: alphak=-435561429658801000000000000000000000000,0000
[11.11.2015 22:31:30] Step 5: h > 0; b=alpha(k-1)=-217780714829401000000000000000000000000,0000
[11.11.2015 22:31:30] k = k + 1 = 137; Go to step 4!
[11.11.2015 22:31:30] Step 4: alphak=-871122859317602000000000000000000000000,0000
[11.11.2015 22:31:30] Step 5: h > 0; b=alpha(k-1)=-435561429658801000000000000000000000000,0000
[11.11.2015 22:31:30] k = k + 1 = 138; Go to step 4!
[11.11.2015 22:31:30] Step 4: alphak=-1742245718635210000000000000000000000000,0000
[11.11.2015 22:31:30] Step 5: h > 0; b=alpha(k-1)=-871122859317602000000000000000000000000,0000
[11.11.2015 22:31:30] k = k + 1 = 139; Go to step 4!
[11.11.2015 22:31:30] Step 4: alphak=-3484491437270410000000000000000000000000,0000
[11.11.2015 22:31:30] Step 5: h > 0; b=alpha(k-1)=-1742245718635210000000000000000000000000,0000
[11.11.2015 22:31:30] k = k + 1 = 140; Go to step 4!
[11.11.2015 22:31:30] Step 4: alphak=-6968982874540820000000000000000000000000,0000
[11.11.2015 22:31:30] Step 5: h > 0; b=alpha(k-1)=-3484491437270410000000000000000000000000,0000
[11.11.2015 22:31:30] k = k + 1 = 141; Go to step 4!
[11.11.2015 22:31:30] Step 4: alphak=-13937965749081600000000000000000000000000,0000
[11.11.2015 22:31:30] Step 5: h > 0; b=alpha(k-1)=-6968982874540820000000000000000000000000,0000
[11.11.2015 22:31:30] k = k + 1 = 142; Go to step 4!
[11.11.2015 22:31:30] Step 4: alphak=-27875931498163300000000000000000000000000,0000
[11.11.2015 22:31:30] Step 5: h > 0; b=alpha(k-1)=-13937965749081600000000000000000000000000,0000
[11.11.2015 22:31:30] k = k + 1 = 143; Go to step 4!
[11.11.2015 22:31:30] Step 4: alphak=-55751862996326600000000000000000000000000,0000
[11.11.2015 22:31:30] Step 5: h > 0; b=alpha(k-1)=-27875931498163300000000000000000000000000,0000
[11.11.2015 22:31:30] k = k + 1 = 144; Go to step 4!
[11.11.2015 22:31:30] Step 4: alphak=-111503725992653000000000000000000000000000,0000
[11.11.2015 22:31:30] Step 5: h > 0; b=alpha(k-1)=-55751862996326600000000000000000000000000,0000
[11.11.2015 22:31:30] k = k + 1 = 145; Go to step 4!
[11.11.2015 22:31:30] Step 4: alphak=-223007451985306000000000000000000000000000,0000
[11.11.2015 22:31:30] Step 5: h > 0; b=alpha(k-1)=-111503725992653000000000000000000000000000,0000
[11.11.2015 22:31:30] k = k + 1 = 146; Go to step 4!
[11.11.2015 22:31:30] Step 4: alphak=-446014903970612000000000000000000000000000,0000
[11.11.2015 22:31:30] Step 5: h > 0; b=alpha(k-1)=-223007451985306000000000000000000000000000,0000
[11.11.2015 22:31:30] k = k + 1 = 147; Go to step 4!
[11.11.2015 22:31:30] Step 4: alphak=-892029807941225000000000000000000000000000,0000
[11.11.2015 22:31:30] Step 5: h > 0; b=alpha(k-1)=-446014903970612000000000000000000000000000,0000
[11.11.2015 22:31:30] k = k + 1 = 148; Go to step 4!
[11.11.2015 22:31:30] Step 4: alphak=-1784059615882450000000000000000000000000000,0000
[11.11.2015 22:31:30] Step 5: h > 0; b=alpha(k-1)=-892029807941225000000000000000000000000000,0000
[11.11.2015 22:31:30] k = k + 1 = 149; Go to step 4!
[11.11.2015 22:31:30] Step 4: alphak=-3568119231764900000000000000000000000000000,0000
[11.11.2015 22:31:30] Step 5: h > 0; b=alpha(k-1)=-1784059615882450000000000000000000000000000,0000
[11.11.2015 22:31:30] k = k + 1 = 150; Go to step 4!
[11.11.2015 22:31:30] Step 4: alphak=-7136238463529800000000000000000000000000000,0000
[11.11.2015 22:31:30] Step 5: h > 0; b=alpha(k-1)=-3568119231764900000000000000000000000000000,0000
[11.11.2015 22:31:30] k = k + 1 = 151; Go to step 4!
[11.11.2015 22:31:30] Step 4: alphak=-14272476927059600000000000000000000000000000,0000
[11.11.2015 22:31:30] Step 5: h > 0; b=alpha(k-1)=-7136238463529800000000000000000000000000000,0000
[11.11.2015 22:31:30] k = k + 1 = 152; Go to step 4!
[11.11.2015 22:31:30] Step 4: alphak=-28544953854119200000000000000000000000000000,0000
[11.11.2015 22:31:30] Step 5: h > 0; b=alpha(k-1)=-14272476927059600000000000000000000000000000,0000
[11.11.2015 22:31:30] k = k + 1 = 153; Go to step 4!
[11.11.2015 22:31:30] Step 4: alphak=-57089907708238400000000000000000000000000000,0000
[11.11.2015 22:31:30] Step 5: h > 0; b=alpha(k-1)=-28544953854119200000000000000000000000000000,0000
[11.11.2015 22:31:30] k = k + 1 = 154; Go to step 4!
[11.11.2015 22:31:30] Step 4: alphak=-114179815416477000000000000000000000000000000,0000
[11.11.2015 22:31:30] Step 5: h > 0; b=alpha(k-1)=-57089907708238400000000000000000000000000000,0000
[11.11.2015 22:31:30] k = k + 1 = 155; Go to step 4!
[11.11.2015 22:31:30] Step 4: alphak=-228359630832954000000000000000000000000000000,0000
[11.11.2015 22:31:30] Step 5: h > 0; b=alpha(k-1)=-114179815416477000000000000000000000000000000,0000
[11.11.2015 22:31:30] k = k + 1 = 156; Go to step 4!
[11.11.2015 22:31:30] Step 4: alphak=-456719261665907000000000000000000000000000000,0000
[11.11.2015 22:31:30] Step 5: h > 0; b=alpha(k-1)=-228359630832954000000000000000000000000000000,0000
[11.11.2015 22:31:30] k = k + 1 = 157; Go to step 4!
[11.11.2015 22:31:30] Step 4: alphak=-913438523331814000000000000000000000000000000,0000
[11.11.2015 22:31:30] Step 5: h > 0; b=alpha(k-1)=-456719261665907000000000000000000000000000000,0000
[11.11.2015 22:31:30] k = k + 1 = 158; Go to step 4!
[11.11.2015 22:31:30] Step 4: alphak=-1826877046663630000000000000000000000000000000,0000
[11.11.2015 22:31:30] Step 5: h > 0; b=alpha(k-1)=-913438523331814000000000000000000000000000000,0000
[11.11.2015 22:31:30] k = k + 1 = 159; Go to step 4!
[11.11.2015 22:31:30] Step 4: alphak=-3653754093327260000000000000000000000000000000,0000
