[23.11.2015 18:24:17] DFP method started
[23.11.2015 18:24:17] Input data. Start point DenseVector 2-Double
0
0
, epsilon 0,01000
[23.11.2015 18:24:17] Step 1: K = 0
[23.11.2015 18:24:17] Step 2: ITERATION number 0
[23.11.2015 18:24:17] Step 4: K==0, go to step 8.
[23.11.2015 18:24:17] Step 8: Search vector: DenseVector 2-Double
14,021
22,013

[23.11.2015 18:24:17] DSK method started!
[23.11.2015 18:24:17] Step 1: f(alpha)=168,5752, f(alpha + h)=167,8195; k=0;
[23.11.2015 18:24:17] Step 2: a=0,0010, alpha1=0,0020, k=2; Go to step 4!
[23.11.2015 18:24:17] Step 4: alphak=0,0030
[23.11.2015 18:24:17] Step 5: h > 0; a=alpha(k-1)=0,0020
[23.11.2015 18:24:17] k = k + 1 = 3; Go to step 4!
[23.11.2015 18:24:17] Step 4: alphak=0,0050
[23.11.2015 18:24:17] Step 5: h > 0; a=alpha(k-1)=0,0030
[23.11.2015 18:24:17] k = k + 1 = 4; Go to step 4!
[23.11.2015 18:24:17] Step 4: alphak=0,0090
[23.11.2015 18:24:17] Step 5: h > 0; a=alpha(k-1)=0,0050
[23.11.2015 18:24:17] k = k + 1 = 5; Go to step 4!
[23.11.2015 18:24:17] Step 4: alphak=0,0170
[23.11.2015 18:24:17] Step 5: h > 0; a=alpha(k-1)=0,0090
[23.11.2015 18:24:17] k = k + 1 = 6; Go to step 4!
[23.11.2015 18:24:17] Step 4: alphak=0,0330
[23.11.2015 18:24:17] Step 5: h > 0; a=alpha(k-1)=0,0170
[23.11.2015 18:24:17] k = k + 1 = 7; Go to step 4!
[23.11.2015 18:24:17] Step 4: alphak=0,0650
[23.11.2015 18:24:17] Step 5: h > 0; a=alpha(k-1)=0,0330
[23.11.2015 18:24:17] k = k + 1 = 8; Go to step 4!
[23.11.2015 18:24:17] Step 4: alphak=0,1290
[23.11.2015 18:24:17] Step 5: h > 0; a=alpha(k-1)=0,0650
[23.11.2015 18:24:17] k = k + 1 = 9; Go to step 4!
[23.11.2015 18:24:17] Step 4: alphak=0,2570
[23.11.2015 18:24:17] Step 5: h > 0; b=alphak=0,2570
[23.11.2015 18:24:17] Step 6: Interval is: [0,0650 ; 0,2570]
[23.11.2015 18:24:17] Dichotomy method has been started!
[23.11.2015 18:24:17] Counting: delta = eps / 10 = 0,0001
[23.11.2015 18:24:17] Step 1: counting alpha_1 = 0,1609, alpha_2 = 0,1611
[23.11.2015 18:24:17] Step 3: f(0,1609) = 79,2662 <= f(0,1611) = 79,8313; b = alpha_2 = 0,1611.
[23.11.2015 18:24:17] Iter 0: Answer is in the range: [0,0650; 0,1611]
[23.11.2015 18:24:17] Step 1: counting alpha_1 = 0,1130, alpha_2 = 0,1132
[23.11.2015 18:24:17] Step 3: f(0,1130) = 33,6650 > f(0,1132) = 33,5719; a = alpha_1 = 0,1130.
[23.11.2015 18:24:17] Iter 1: Answer is in the range: [0,1130; 0,1611]
[23.11.2015 18:24:17] Step 1: counting alpha_1 = 0,1369, alpha_2 = 0,1371
[23.11.2015 18:24:17] Step 3: f(0,1369) = 36,8714 <= f(0,1371) = 37,0408; b = alpha_2 = 0,1371.
[23.11.2015 18:24:17] Iter 2: Answer is in the range: [0,1130; 0,1371]
[23.11.2015 18:24:17] Step 1: counting alpha_1 = 0,1249, alpha_2 = 0,1251
[23.11.2015 18:24:17] Step 3: f(0,1249) = 31,3488 <= f(0,1251) = 31,3715; b = alpha_2 = 0,1251.
[23.11.2015 18:24:17] Iter 3: Answer is in the range: [0,1130; 0,1251]
[23.11.2015 18:24:17] Step 1: counting alpha_1 = 0,1189, alpha_2 = 0,1191
[23.11.2015 18:24:17] Step 3: f(0,1189) = 31,6412 > f(0,1191) = 31,6023; a = alpha_1 = 0,1189.
[23.11.2015 18:24:17] Iter 4: Answer is in the range: [0,1189; 0,1251]
[23.11.2015 18:24:17] Step 1: counting alpha_1 = 0,1219, alpha_2 = 0,1221
[23.11.2015 18:24:17] Step 3: f(0,1219) = 31,2647 > f(0,1221) = 31,2556; a = alpha_1 = 0,1219.
[23.11.2015 18:24:17] Iter 5: Answer is in the range: [0,1219; 0,1251]
[23.11.2015 18:24:17] Step 1: counting alpha_1 = 0,1234, alpha_2 = 0,1236
[23.11.2015 18:24:17] Step 3: f(0,1234) = 31,2474 <= f(0,1236) = 31,2540; b = alpha_2 = 0,1236.
[23.11.2015 18:24:17] Step 4: (b-a)/2 = 0,0008 < eps = 0,0010; STOP SEARCHING!
[23.11.2015 18:24:17] Iter 6: Answer is in the range: [0,1219; 0,1236]
[23.11.2015 18:24:17] Step 5: alpha_end = (a+b)/2; Minimum x* is: 0,1228
[23.11.2015 18:24:17] Step 9: New alpha 0,122789843797497
[23.11.2015 18:24:17] Step 10: New local search point DenseVector 2-Double
1,72164
2,70297

[23.11.2015 18:24:17] Step 11: Iteration end.
[23.11.2015 18:24:17] Step 2: ITERATION number 1
[23.11.2015 18:24:17] Step 5: Sk = DenseVector 2-Double
1,72164
2,70297

[23.11.2015 18:24:17] Step 6: Yk = DenseVector 2-Double
-15,7192
 39,2257

