[11.11.2015 23:37:05] DFP method started
[11.11.2015 23:37:05] Input data. Start point DenseMatrix 2x1-Double
0
0
, epsilon 0,01000
[11.11.2015 23:37:05] Step 1: K = 0
[11.11.2015 23:37:05] Step 2: ITERATION number 0
[11.11.2015 23:37:05] Step 4: K==0, go to step 8.
[11.11.2015 23:37:06] Step 8: Search vector: DenseMatrix 2x1-Double
33,1694
33,5358

[11.11.2015 23:37:06] DSK method started!
[11.11.2015 23:37:06] Step 1: f(alpha)=2145642,0529, f(alpha + h)=2236385,4968; k=0;
[11.11.2015 23:37:06] Step 3: b=0,9542, alpha1=0,9642, h=-0,0100, k=2.
[11.11.2015 23:37:06] Step 4: alphak=0,9342
[11.11.2015 23:37:06] Step 5: h > 0; b=alpha(k-1)=0,9442
[11.11.2015 23:37:06] k = k + 1 = 3; Go to step 4!
[11.11.2015 23:37:06] Step 4: alphak=0,9142
[11.11.2015 23:37:06] Step 5: h > 0; b=alpha(k-1)=0,9342
[11.11.2015 23:37:06] k = k + 1 = 4; Go to step 4!
[11.11.2015 23:37:06] Step 4: alphak=0,8742
[11.11.2015 23:37:06] Step 5: h > 0; b=alpha(k-1)=0,9142
[11.11.2015 23:37:06] k = k + 1 = 5; Go to step 4!
[11.11.2015 23:37:06] Step 4: alphak=0,7942
[11.11.2015 23:37:06] Step 5: h > 0; b=alpha(k-1)=0,8742
[11.11.2015 23:37:06] k = k + 1 = 6; Go to step 4!
[11.11.2015 23:37:06] Step 4: alphak=0,6342
[11.11.2015 23:37:06] Step 5: h > 0; b=alpha(k-1)=0,7942
[11.11.2015 23:37:06] k = k + 1 = 7; Go to step 4!
[11.11.2015 23:37:06] Step 4: alphak=0,3142
[11.11.2015 23:37:06] Step 5: h > 0; b=alpha(k-1)=0,6342
[11.11.2015 23:37:06] k = k + 1 = 8; Go to step 4!
[11.11.2015 23:37:06] Step 4: alphak=-0,3258
[11.11.2015 23:37:06] Step 5: h > 0; b=alpha(k-1)=0,3142
[11.11.2015 23:37:06] k = k + 1 = 9; Go to step 4!
[11.11.2015 23:37:06] Step 4: alphak=-1,6058
[11.11.2015 23:37:06] Step 5: h < 0; a=alphak-1,6058
[11.11.2015 23:37:06] Step 6: Interval is: [-1,6058 ; 0,3142]
[11.11.2015 23:37:06] Dichotomy method has been started!
[11.11.2015 23:37:06] Counting: delta = eps / 10 = 0,001
[11.11.2015 23:37:06] Step 1: counting alpha_1 = -0,6468, alpha_2 = -0,6448
[11.11.2015 23:37:06] Step 3: f(-0,6468) = 378228,8060 > f(-0,6448) = 373361,6983; a = alpha_1 = -0,6468.
[11.11.2015 23:37:06] Iter 0: Answer is in the range: [-0,6468; 0,3142]
[11.11.2015 23:37:06] Step 1: counting alpha_1 = -0,1673, alpha_2 = -0,1653
[11.11.2015 23:37:06] Step 3: f(-0,1673) = 559,4760 > f(-0,1653) = 515,7141; a = alpha_1 = -0,1673.
[11.11.2015 23:37:06] Iter 1: Answer is in the range: [-0,1673; 0,3142]
[11.11.2015 23:37:06] Step 1: counting alpha_1 = 0,0725, alpha_2 = 0,0745
[11.11.2015 23:37:06] Step 3: f(0,0725) = 9,5206 > f(0,0745) = 8,6849; a = alpha_1 = 0,0725.
[11.11.2015 23:37:06] Iter 2: Answer is in the range: [0,0725; 0,3142]
[11.11.2015 23:37:06] Step 1: counting alpha_1 = 0,1923, alpha_2 = 0,1943
[11.11.2015 23:37:06] Step 3: f(0,1923) = 2985,7545 <= f(0,1943) = 3130,5412; b = alpha_2 = 0,1943.
[11.11.2015 23:37:06] Iter 3: Answer is in the range: [0,0725; 0,1943]
[11.11.2015 23:37:06] Step 1: counting alpha_1 = 0,1324, alpha_2 = 0,1344
[11.11.2015 23:37:06] Step 3: f(0,1324) = 454,3522 <= f(0,1344) = 494,6613; b = alpha_2 = 0,1344.
[11.11.2015 23:37:06] Iter 4: Answer is in the range: [0,0725; 0,1344]
[11.11.2015 23:37:06] Step 1: counting alpha_1 = 0,1024, alpha_2 = 0,1044
[11.11.2015 23:37:06] Step 3: f(0,1024) = 82,9509 <= f(0,1044) = 96,3700; b = alpha_2 = 0,1044.
[11.11.2015 23:37:06] Iter 5: Answer is in the range: [0,0725; 0,1044]
[11.11.2015 23:37:06] Step 1: counting alpha_1 = 0,0874, alpha_2 = 0,0894
[11.11.2015 23:37:06] Step 3: f(0,0874) = 20,3483 <= f(0,0894) = 25,2605; b = alpha_2 = 0,0894.
[11.11.2015 23:37:06] Step 4: (b-a)/2 = 0,0085 < eps = 0,0100; STOP SEARCHING!
[11.11.2015 23:37:06] Iter 6: Answer is in the range: [0,0725; 0,0894]
[11.11.2015 23:37:06] Step 5: alpha_end = (a+b)/2; Minimum x* is: 0,0809
[11.11.2015 23:37:06] Step 9: New alpha 0,0809422168731689
[11.11.2015 23:37:06] Step 10: New local search point DenseMatrix 2x1-Double
2,68481
2,71446

[11.11.2015 23:37:06] Step 11: Iteration end.
[11.11.2015 23:37:06] Step 2: ITERATION number 1
[11.11.2015 23:37:06] Step 5: Sk = DenseMatrix 2x1-Double
2,68481
2,71446

[11.11.2015 23:37:06] Step 6: Yk = DenseMatrix 2x1-Double
12,5467
57,0797

[11.11.2015 23:37:06] Step 7: Quasi-Newton matrix: 
DenseMatrix 2x2-Double
-2,24344E+14  4,93131E+13
-2,26822E+14  4,98578E+13

[11.11.2015 23:37:07] Step 8: Search vector: DenseMatrix 2x1-Double
-2,38529E+15
-2,41163E+15

[11.11.2015 23:37:07] DSK method started!
[11.11.2015 23:37:07] Step 1: f(alpha)=22,2134, f(alpha + h)=21,5893; k=0;
[11.11.2015 23:37:07] Step 2: a=0,0809, alpha1=0,0909, k=2; Go to step 4!
[11.11.2015 23:37:07] Step 4: alphak=0,1009
[11.11.2015 23:37:07] Step 5: h > 0; a=alpha(k-1)=0,0909
[11.11.2015 23:37:07] k = k + 1 = 3; Go to step 4!
[11.11.2015 23:37:07] Step 4: alphak=0,1209
[11.11.2015 23:37:07] Step 5: h > 0; a=alpha(k-1)=0,1009
[11.11.2015 23:37:07] k = k + 1 = 4; Go to step 4!
[11.11.2015 23:37:07] Step 4: alphak=0,1609
[11.11.2015 23:37:07] Step 5: h > 0; b=alphak=0,1609
[11.11.2015 23:37:07] Step 6: Interval is: [0,1009 ; 0,1609]
[11.11.2015 23:37:07] Dichotomy method has been started!
[11.11.2015 23:37:07] Counting: delta = eps / 10 = 0,001
[11.11.2015 23:37:07] Step 1: counting alpha_1 = 0,1299, alpha_2 = 0,1319
[11.11.2015 23:37:07] Step 3: f(0,1299) = 10,7886 > f(0,1319) = 10,5480; a = alpha_1 = 0,1299.
[11.11.2015 23:37:07] Iter 0: Answer is in the range: [0,1299; 0,1609]
[11.11.2015 23:37:07] Step 1: counting alpha_1 = 0,1444, alpha_2 = 0,1464
[11.11.2015 23:37:07] Step 3: f(0,1444) = 12,1213 <= f(0,1464) = 13,0186; b = alpha_2 = 0,1464.
[11.11.2015 23:37:07] Step 4: (b-a)/2 = 0,0082 < eps = 0,0100; STOP SEARCHING!
[11.11.2015 23:37:07] Iter 1: Answer is in the range: [0,1299; 0,1464]
[11.11.2015 23:37:07] Step 5: alpha_end = (a+b)/2; Minimum x* is: 0,1382
[11.11.2015 23:37:07] Step 9: New alpha 0,138192216873169
[11.11.2015 23:37:07] Step 10: New local search point DenseMatrix 2x1-Double
-3,29628E+14
-3,33269E+14

[11.11.2015 23:37:07] Step 11: Iteration end.
[11.11.2015 23:37:07] Step 2: ITERATION number 2
[11.11.2015 23:37:07] Step 5: Sk = DenseMatrix 2x1-Double
-3,29628E+14
-3,33269E+14

[11.11.2015 23:37:07] Step 6: Yk = DenseMatrix 2x1-Double
-1,21031E+44
-1,21031E+44

[11.11.2015 23:37:07] Step 7: Quasi-Newton matrix: 
DenseMatrix 2x2-Double
NaN  NaN
NaN  NaN

[11.11.2015 23:37:07] Step 8: Search vector: DenseMatrix 2x1-Double
NaN
NaN

[11.11.2015 23:37:07] DSK method started!
[11.11.2015 23:37:07] Step 1: f(alpha)=156513769682199000000000000000000000000000000000000000000000000000000000000000000000000000000000000000000000000000000000000000000000000000000000000000000000000000000000000000,0000, f(alpha + h)=206975907735307000000000000000000000000000000000000000000000000000000000000000000000000000000000000000000000000000000000000000000000000000000000000000000000000000000000000000,0000; k=0;
[11.11.2015 23:37:07] Step 3: b=0,1382, alpha1=0,1482, h=-0,0100, k=2.
[11.11.2015 23:37:07] Step 4: alphak=0,1182
[11.11.2015 23:37:07] Step 5: h > 0; b=alpha(k-1)=0,1282
[11.11.2015 23:37:07] k = k + 1 = 3; Go to step 4!
[11.11.2015 23:37:07] Step 4: alphak=0,0982
[11.11.2015 23:37:07] Step 5: h > 0; b=alpha(k-1)=0,1182
[11.11.2015 23:37:07] k = k + 1 = 4; Go to step 4!
[11.11.2015 23:37:07] Step 4: alphak=0,0582
[11.11.2015 23:37:07] Step 5: h > 0; b=alpha(k-1)=0,0982
[11.11.2015 23:37:07] k = k + 1 = 5; Go to step 4!
[11.11.2015 23:37:07] Step 4: alphak=-0,0218
[11.11.2015 23:37:07] Step 5: h > 0; b=alpha(k-1)=0,0582
[11.11.2015 23:37:07] k = k + 1 = 6; Go to step 4!
[11.11.2015 23:37:07] Step 4: alphak=-0,1818
[11.11.2015 23:37:07] Step 5: h < 0; a=alphak-0,1818
[11.11.2015 23:37:07] Step 6: Interval is: [-0,1818 ; 0,0582]
[11.11.2015 23:37:07] Dichotomy method has been started!
[11.11.2015 23:37:07] Counting: delta = eps / 10 = 0,001
[11.11.2015 23:37:07] Step 1: counting alpha_1 = -0,0628, alpha_2 = -0,0608
[11.11.2015 23:37:07] Step 3: f(-0,0628) = 6678394587484890000000000000000000000000000000000000000000000000000000000000000000000000000000000000000000000000000000000000000000000000000000000000000000000000000000000000,0000 > f(-0,0608) = 5867524326116900000000000000000000000000000000000000000000000000000000000000000000000000000000000000000000000000000000000000000000000000000000000000000000000000000000000000,0000; a = alpha_1 = -0,0628.
[11.11.2015 23:37:07] Iter 0: Answer is in the range: [-0,0628; 0,0582]
[11.11.2015 23:37:07] Step 1: counting alpha_1 = -0,0033, alpha_2 = -0,0013
[11.11.2015 23:37:07] Step 3: f(-0,0033) = 51376714313286200000000000000000000000000000000000000000000000000000000000000000000000000000000000000000000000000000000000000000000000000000000000000000000000000000000,0000 > f(-0,0013) = 1255339329518110000000000000000000000000000000000000000000000000000000000000000000000000000000000000000000000000000000000000000000000000000000000000000000000000000000,0000; a = alpha_1 = -0,0033.
[11.11.2015 23:37:07] Iter 1: Answer is in the range: [-0,0033; 0,0582]
[11.11.2015 23:37:07] Step 1: counting alpha_1 = 0,0264, alpha_2 = 0,0284
[11.11.2015 23:37:07] Step 3: f(0,0264) = 209802021290545000000000000000000000000000000000000000000000000000000000000000000000000000000000000000000000000000000000000000000000000000000000000000000000000000000000000,0000 <= f(0,0284) = 280848423820209000000000000000000000000000000000000000000000000000000000000000000000000000000000000000000000000000000000000000000000000000000000000000000000000000000000000,0000; b = alpha_2 = 0,0284.
[11.11.2015 23:37:07] Iter 2: Answer is in the range: [-0,0033; 0,0284]
[11.11.2015 23:37:07] Step 1: counting alpha_1 = 0,0116, alpha_2 = 0,0136
[11.11.2015 23:37:07] Step 3: f(0,0116) = 7683051234716090000000000000000000000000000000000000000000000000000000000000000000000000000000000000000000000000000000000000000000000000000000000000000000000000000000000,0000 <= f(0,0136) = 14540565114830500000000000000000000000000000000000000000000000000000000000000000000000000000000000000000000000000000000000000000000000000000000000000000000000000000000000,0000; b = alpha_2 = 0,0136.
[11.11.2015 23:37:07] Step 4: (b-a)/2 = 0,0084 < eps = 0,0100; STOP SEARCHING!
[11.11.2015 23:37:07] Iter 3: Answer is in the range: [-0,0033; 0,0136]
[11.11.2015 23:37:07] Step 5: alpha_end = (a+b)/2; Minimum x* is: 0,0051
[11.11.2015 23:37:07] Step 9: New alpha 0,0051297168731689
[11.11.2015 23:37:07] Step 10: New local search point DenseMatrix 2x1-Double
NaN
NaN

[11.11.2015 23:37:07] Step 11: Iteration end.
[11.11.2015 23:37:07] Step 2: ITERATION number 3
[11.11.2015 23:37:07] Step 5: Sk = DenseMatrix 2x1-Double
NaN
NaN

[11.11.2015 23:37:07] Step 6: Yk = DenseMatrix 2x1-Double
NaN
NaN

[11.11.2015 23:37:07] Step 7: Quasi-Newton matrix: 
DenseMatrix 2x2-Double
NaN  NaN
NaN  NaN

[11.11.2015 23:37:07] Step 8: Search vector: DenseMatrix 2x1-Double
NaN
NaN

[11.11.2015 23:37:07] DSK method started!
[11.11.2015 23:37:07] Step 1: f(alpha)=NaN, f(alpha + h)=NaN; k=0;
[11.11.2015 23:37:07] Step 3: b=0,0051, alpha1=0,0151, h=-0,0100, k=2.
[11.11.2015 23:37:07] Step 4: alphak=-0,0149
[11.11.2015 23:37:07] Step 5: h > 0; b=alpha(k-1)=-0,0049
[11.11.2015 23:37:07] k = k + 1 = 3; Go to step 4!
[11.11.2015 23:37:07] Step 4: alphak=-0,0349
[11.11.2015 23:37:07] Step 5: h > 0; b=alpha(k-1)=-0,0149
[11.11.2015 23:37:07] k = k + 1 = 4; Go to step 4!
[11.11.2015 23:37:07] Step 4: alphak=-0,0749
[11.11.2015 23:37:07] Step 5: h > 0; b=alpha(k-1)=-0,0349
[11.11.2015 23:37:07] k = k + 1 = 5; Go to step 4!
[11.11.2015 23:37:07] Step 4: alphak=-0,1549
[11.11.2015 23:37:07] Step 5: h > 0; b=alpha(k-1)=-0,0749
[11.11.2015 23:37:07] k = k + 1 = 6; Go to step 4!
[11.11.2015 23:37:07] Step 4: alphak=-0,3149
[11.11.2015 23:37:07] Step 5: h > 0; b=alpha(k-1)=-0,1549
[11.11.2015 23:37:07] k = k + 1 = 7; Go to step 4!
[11.11.2015 23:37:07] Step 4: alphak=-0,6349
[11.11.2015 23:37:07] Step 5: h > 0; b=alpha(k-1)=-0,3149
[11.11.2015 23:37:07] k = k + 1 = 8; Go to step 4!
[11.11.2015 23:37:07] Step 4: alphak=-1,2749
[11.11.2015 23:37:07] Step 5: h > 0; b=alpha(k-1)=-0,6349
[11.11.2015 23:37:07] k = k + 1 = 9; Go to step 4!
[11.11.2015 23:37:07] Step 4: alphak=-2,5549
[11.11.2015 23:37:07] Step 5: h > 0; b=alpha(k-1)=-1,2749
[11.11.2015 23:37:07] k = k + 1 = 10; Go to step 4!
[11.11.2015 23:37:07] Step 4: alphak=-5,1149
[11.11.2015 23:37:07] Step 5: h > 0; b=alpha(k-1)=-2,5549
[11.11.2015 23:37:07] k = k + 1 = 11; Go to step 4!
[11.11.2015 23:37:07] Step 4: alphak=-10,2349
[11.11.2015 23:37:07] Step 5: h > 0; b=alpha(k-1)=-5,1149
[11.11.2015 23:37:07] k = k + 1 = 12; Go to step 4!
[11.11.2015 23:37:07] Step 4: alphak=-20,4749
[11.11.2015 23:37:07] Step 5: h > 0; b=alpha(k-1)=-10,2349
[11.11.2015 23:37:07] k = k + 1 = 13; Go to step 4!
[11.11.2015 23:37:07] Step 4: alphak=-40,9549
[11.11.2015 23:37:07] Step 5: h > 0; b=alpha(k-1)=-20,4749
[11.11.2015 23:37:07] k = k + 1 = 14; Go to step 4!
[11.11.2015 23:37:07] Step 4: alphak=-81,9149
[11.11.2015 23:37:07] Step 5: h > 0; b=alpha(k-1)=-40,9549
[11.11.2015 23:37:07] k = k + 1 = 15; Go to step 4!
[11.11.2015 23:37:07] Step 4: alphak=-163,8349
[11.11.2015 23:37:07] Step 5: h > 0; b=alpha(k-1)=-81,9149
[11.11.2015 23:37:07] k = k + 1 = 16; Go to step 4!
[11.11.2015 23:37:07] Step 4: alphak=-327,6749
[11.11.2015 23:37:07] Step 5: h > 0; b=alpha(k-1)=-163,8349
[11.11.2015 23:37:07] k = k + 1 = 17; Go to step 4!
[11.11.2015 23:37:07] Step 4: alphak=-655,3549
[11.11.2015 23:37:07] Step 5: h > 0; b=alpha(k-1)=-327,6749
[11.11.2015 23:37:07] k = k + 1 = 18; Go to step 4!
[11.11.2015 23:37:07] Step 4: alphak=-1310,7149
[11.11.2015 23:37:07] Step 5: h > 0; b=alpha(k-1)=-655,3549
[11.11.2015 23:37:07] k = k + 1 = 19; Go to step 4!
[11.11.2015 23:37:07] Step 4: alphak=-2621,4349
[11.11.2015 23:37:07] Step 5: h > 0; b=alpha(k-1)=-1310,7149
[11.11.2015 23:37:07] k = k + 1 = 20; Go to step 4!
[11.11.2015 23:37:07] Step 4: alphak=-5242,8749
[11.11.2015 23:37:07] Step 5: h > 0; b=alpha(k-1)=-2621,4349
[11.11.2015 23:37:07] k = k + 1 = 21; Go to step 4!
[11.11.2015 23:37:07] Step 4: alphak=-10485,7549
[11.11.2015 23:37:07] Step 5: h > 0; b=alpha(k-1)=-5242,8749
[11.11.2015 23:37:07] k = k + 1 = 22; Go to step 4!
[11.11.2015 23:37:07] Step 4: alphak=-20971,5149
[11.11.2015 23:37:07] Step 5: h > 0; b=alpha(k-1)=-10485,7549
[11.11.2015 23:37:07] k = k + 1 = 23; Go to step 4!
[11.11.2015 23:37:07] Step 4: alphak=-41943,0349
[11.11.2015 23:37:07] Step 5: h > 0; b=alpha(k-1)=-20971,5149
[11.11.2015 23:37:07] k = k + 1 = 24; Go to step 4!
[11.11.2015 23:37:07] Step 4: alphak=-83886,0749
[11.11.2015 23:37:07] Step 5: h > 0; b=alpha(k-1)=-41943,0349
[11.11.2015 23:37:07] k = k + 1 = 25; Go to step 4!
[11.11.2015 23:37:07] Step 4: alphak=-167772,1549
[11.11.2015 23:37:07] Step 5: h > 0; b=alpha(k-1)=-83886,0749
[11.11.2015 23:37:07] k = k + 1 = 26; Go to step 4!
[11.11.2015 23:37:07] Step 4: alphak=-335544,3149
[11.11.2015 23:37:07] Step 5: h > 0; b=alpha(k-1)=-167772,1549
[11.11.2015 23:37:07] k = k + 1 = 27; Go to step 4!
[11.11.2015 23:37:07] Step 4: alphak=-671088,6349
[11.11.2015 23:37:07] Step 5: h > 0; b=alpha(k-1)=-335544,3149
[11.11.2015 23:37:07] k = k + 1 = 28; Go to step 4!
[11.11.2015 23:37:07] Step 4: alphak=-1342177,2749
[11.11.2015 23:37:07] Step 5: h > 0; b=alpha(k-1)=-671088,6349
[11.11.2015 23:37:07] k = k + 1 = 29; Go to step 4!
[11.11.2015 23:37:07] Step 4: alphak=-2684354,5549
[11.11.2015 23:37:07] Step 5: h > 0; b=alpha(k-1)=-1342177,2749
[11.11.2015 23:37:07] k = k + 1 = 30; Go to step 4!
[11.11.2015 23:37:07] Step 4: alphak=-5368709,1149
[11.11.2015 23:37:07] Step 5: h > 0; b=alpha(k-1)=-2684354,5549
[11.11.2015 23:37:07] k = k + 1 = 31; Go to step 4!
[11.11.2015 23:37:07] Step 4: alphak=-10737418,2349
[11.11.2015 23:37:07] Step 5: h > 0; b=alpha(k-1)=-5368709,1149
[11.11.2015 23:37:07] k = k + 1 = 32; Go to step 4!
[11.11.2015 23:37:07] Step 4: alphak=-21474836,4749
[11.11.2015 23:37:07] Step 5: h > 0; b=alpha(k-1)=-10737418,2349
[11.11.2015 23:37:07] k = k + 1 = 33; Go to step 4!
[11.11.2015 23:37:07] Step 4: alphak=-42949672,9549
[11.11.2015 23:37:07] Step 5: h > 0; b=alpha(k-1)=-21474836,4749
[11.11.2015 23:37:07] k = k + 1 = 34; Go to step 4!
[11.11.2015 23:37:07] Step 4: alphak=-85899345,9149
[11.11.2015 23:37:07] Step 5: h > 0; b=alpha(k-1)=-42949672,9549
[11.11.2015 23:37:07] k = k + 1 = 35; Go to step 4!
[11.11.2015 23:37:07] Step 4: alphak=-171798691,8349
[11.11.2015 23:37:07] Step 5: h > 0; b=alpha(k-1)=-85899345,9149
[11.11.2015 23:37:08] k = k + 1 = 36; Go to step 4!
[11.11.2015 23:37:08] Step 4: alphak=-343597383,6749
[11.11.2015 23:37:08] Step 5: h > 0; b=alpha(k-1)=-171798691,8349
[11.11.2015 23:37:08] k = k + 1 = 37; Go to step 4!
[11.11.2015 23:37:08] Step 4: alphak=-687194767,3549
[11.11.2015 23:37:08] Step 5: h > 0; b=alpha(k-1)=-343597383,6749
[11.11.2015 23:37:08] k = k + 1 = 38; Go to step 4!
[11.11.2015 23:37:08] Step 4: alphak=-1374389534,7149
[11.11.2015 23:37:08] Step 5: h > 0; b=alpha(k-1)=-687194767,3549
[11.11.2015 23:37:08] k = k + 1 = 39; Go to step 4!
[11.11.2015 23:37:08] Step 4: alphak=-2748779069,4349
[11.11.2015 23:37:08] Step 5: h > 0; b=alpha(k-1)=-1374389534,7149
[11.11.2015 23:37:08] k = k + 1 = 40; Go to step 4!
[11.11.2015 23:37:08] Step 4: alphak=-5497558138,8749
[11.11.2015 23:37:08] Step 5: h > 0; b=alpha(k-1)=-2748779069,4349
[11.11.2015 23:37:08] k = k + 1 = 41; Go to step 4!
[11.11.2015 23:37:08] Step 4: alphak=-10995116277,7549
[11.11.2015 23:37:08] Step 5: h > 0; b=alpha(k-1)=-5497558138,8749
[11.11.2015 23:37:08] k = k + 1 = 42; Go to step 4!
[11.11.2015 23:37:08] Step 4: alphak=-21990232555,5149
[11.11.2015 23:37:08] Step 5: h > 0; b=alpha(k-1)=-10995116277,7549
[11.11.2015 23:37:08] k = k + 1 = 43; Go to step 4!
[11.11.2015 23:37:08] Step 4: alphak=-43980465111,0349
[11.11.2015 23:37:08] Step 5: h > 0; b=alpha(k-1)=-21990232555,5149
[11.11.2015 23:37:08] k = k + 1 = 44; Go to step 4!
[11.11.2015 23:37:08] Step 4: alphak=-87960930222,0749
[11.11.2015 23:37:08] Step 5: h > 0; b=alpha(k-1)=-43980465111,0349
[11.11.2015 23:37:08] k = k + 1 = 45; Go to step 4!
[11.11.2015 23:37:08] Step 4: alphak=-175921860444,1550
[11.11.2015 23:37:08] Step 5: h > 0; b=alpha(k-1)=-87960930222,0749
[11.11.2015 23:37:08] k = k + 1 = 46; Go to step 4!
[11.11.2015 23:37:08] Step 4: alphak=-351843720888,3150
[11.11.2015 23:37:08] Step 5: h > 0; b=alpha(k-1)=-175921860444,1550
[11.11.2015 23:37:08] k = k + 1 = 47; Go to step 4!
[11.11.2015 23:37:08] Step 4: alphak=-703687441776,6350
[11.11.2015 23:37:08] Step 5: h > 0; b=alpha(k-1)=-351843720888,3150
[11.11.2015 23:37:08] k = k + 1 = 48; Go to step 4!
[11.11.2015 23:37:08] Step 4: alphak=-1407374883553,2700
[11.11.2015 23:37:08] Step 5: h > 0; b=alpha(k-1)=-703687441776,6350
[11.11.2015 23:37:08] k = k + 1 = 49; Go to step 4!
[11.11.2015 23:37:08] Step 4: alphak=-2814749767106,5500
[11.11.2015 23:37:08] Step 5: h > 0; b=alpha(k-1)=-1407374883553,2700
[11.11.2015 23:37:08] k = k + 1 = 50; Go to step 4!
[11.11.2015 23:37:08] Step 4: alphak=-5629499534213,1200
[11.11.2015 23:37:08] Step 5: h > 0; b=alpha(k-1)=-2814749767106,5500
[11.11.2015 23:37:08] k = k + 1 = 51; Go to step 4!
[11.11.2015 23:37:08] Step 4: alphak=-11258999068426,2000
[11.11.2015 23:37:08] Step 5: h > 0; b=alpha(k-1)=-5629499534213,1200
[11.11.2015 23:37:08] k = k + 1 = 52; Go to step 4!
[11.11.2015 23:37:08] Step 4: alphak=-22517998136852,5000
[11.11.2015 23:37:08] Step 5: h > 0; b=alpha(k-1)=-11258999068426,2000
[11.11.2015 23:37:08] k = k + 1 = 53; Go to step 4!
[11.11.2015 23:37:08] Step 4: alphak=-45035996273705,0000
[11.11.2015 23:37:08] Step 5: h > 0; b=alpha(k-1)=-22517998136852,5000
[11.11.2015 23:37:08] k = k + 1 = 54; Go to step 4!
[11.11.2015 23:37:08] Step 4: alphak=-90071992547409,9000
[11.11.2015 23:37:08] Step 5: h > 0; b=alpha(k-1)=-45035996273705,0000
[11.11.2015 23:37:08] k = k + 1 = 55; Go to step 4!
[11.11.2015 23:37:08] Step 4: alphak=-180143985094820,0000
[11.11.2015 23:37:08] Step 5: h > 0; b=alpha(k-1)=-90071992547409,9000
[11.11.2015 23:37:08] k = k + 1 = 56; Go to step 4!
[11.11.2015 23:37:08] Step 4: alphak=-360287970189640,0000
[11.11.2015 23:37:08] Step 5: h > 0; b=alpha(k-1)=-180143985094820,0000
[11.11.2015 23:37:08] k = k + 1 = 57; Go to step 4!
[11.11.2015 23:37:08] Step 4: alphak=-720575940379279,0000
[11.11.2015 23:37:08] Step 5: h > 0; b=alpha(k-1)=-360287970189640,0000
[11.11.2015 23:37:08] k = k + 1 = 58; Go to step 4!
[11.11.2015 23:37:08] Step 4: alphak=-1441151880758560,0000
[11.11.2015 23:37:08] Step 5: h > 0; b=alpha(k-1)=-720575940379279,0000
[11.11.2015 23:37:08] k = k + 1 = 59; Go to step 4!
[11.11.2015 23:37:08] Step 4: alphak=-2882303761517120,0000
[11.11.2015 23:37:08] Step 5: h > 0; b=alpha(k-1)=-1441151880758560,0000
[11.11.2015 23:37:08] k = k + 1 = 60; Go to step 4!
[11.11.2015 23:37:08] Step 4: alphak=-5764607523034240,0000
[11.11.2015 23:37:08] Step 5: h > 0; b=alpha(k-1)=-2882303761517120,0000
[11.11.2015 23:37:08] k = k + 1 = 61; Go to step 4!
[11.11.2015 23:37:08] Step 4: alphak=-11529215046068500,0000
[11.11.2015 23:37:08] Step 5: h > 0; b=alpha(k-1)=-5764607523034240,0000
[11.11.2015 23:37:08] k = k + 1 = 62; Go to step 4!
[11.11.2015 23:37:08] Step 4: alphak=-23058430092136900,0000
[11.11.2015 23:37:08] Step 5: h > 0; b=alpha(k-1)=-11529215046068500,0000
[11.11.2015 23:37:08] k = k + 1 = 63; Go to step 4!
[11.11.2015 23:37:08] Step 4: alphak=-46116860184273900,0000
[11.11.2015 23:37:08] Step 5: h > 0; b=alpha(k-1)=-23058430092136900,0000
[11.11.2015 23:37:08] k = k + 1 = 64; Go to step 4!
[11.11.2015 23:37:08] Step 4: alphak=-92233720368547800,0000
[11.11.2015 23:37:08] Step 5: h > 0; b=alpha(k-1)=-46116860184273900,0000
[11.11.2015 23:37:08] k = k + 1 = 65; Go to step 4!
[11.11.2015 23:37:08] Step 4: alphak=-184467440737096000,0000
[11.11.2015 23:37:08] Step 5: h > 0; b=alpha(k-1)=-92233720368547800,0000
[11.11.2015 23:37:08] k = k + 1 = 66; Go to step 4!
[11.11.2015 23:37:08] Step 4: alphak=-368934881474191000,0000
[11.11.2015 23:37:08] Step 5: h > 0; b=alpha(k-1)=-184467440737096000,0000
[11.11.2015 23:37:08] k = k + 1 = 67; Go to step 4!
[11.11.2015 23:37:08] Step 4: alphak=-737869762948382000,0000
[11.11.2015 23:37:08] Step 5: h > 0; b=alpha(k-1)=-368934881474191000,0000
[11.11.2015 23:37:08] k = k + 1 = 68; Go to step 4!
[11.11.2015 23:37:08] Step 4: alphak=-1475739525896760000,0000
[11.11.2015 23:37:08] Step 5: h > 0; b=alpha(k-1)=-737869762948382000,0000
[11.11.2015 23:37:08] k = k + 1 = 69; Go to step 4!
[11.11.2015 23:37:08] Step 4: alphak=-2951479051793530000,0000
[11.11.2015 23:37:08] Step 5: h > 0; b=alpha(k-1)=-1475739525896760000,0000
[11.11.2015 23:37:08] k = k + 1 = 70; Go to step 4!
[11.11.2015 23:37:08] Step 4: alphak=-5902958103587060000,0000
[11.11.2015 23:37:08] Step 5: h > 0; b=alpha(k-1)=-2951479051793530000,0000
[11.11.2015 23:37:08] k = k + 1 = 71; Go to step 4!
[11.11.2015 23:37:08] Step 4: alphak=-11805916207174100000,0000
[11.11.2015 23:37:08] Step 5: h > 0; b=alpha(k-1)=-5902958103587060000,0000
[11.11.2015 23:37:08] k = k + 1 = 72; Go to step 4!
[11.11.2015 23:37:08] Step 4: alphak=-23611832414348200000,0000
[11.11.2015 23:37:08] Step 5: h > 0; b=alpha(k-1)=-11805916207174100000,0000
[11.11.2015 23:37:08] k = k + 1 = 73; Go to step 4!
[11.11.2015 23:37:08] Step 4: alphak=-47223664828696500000,0000
[11.11.2015 23:37:08] Step 5: h > 0; b=alpha(k-1)=-23611832414348200000,0000
[11.11.2015 23:37:08] k = k + 1 = 74; Go to step 4!
[11.11.2015 23:37:08] Step 4: alphak=-94447329657392900000,0000
[11.11.2015 23:37:08] Step 5: h > 0; b=alpha(k-1)=-47223664828696500000,0000
[11.11.2015 23:37:08] k = k + 1 = 75; Go to step 4!
[11.11.2015 23:37:08] Step 4: alphak=-188894659314786000000,0000
[11.11.2015 23:37:08] Step 5: h > 0; b=alpha(k-1)=-94447329657392900000,0000
[11.11.2015 23:37:08] k = k + 1 = 76; Go to step 4!
[11.11.2015 23:37:08] Step 4: alphak=-377789318629572000000,0000
[11.11.2015 23:37:08] Step 5: h > 0; b=alpha(k-1)=-188894659314786000000,0000
[11.11.2015 23:37:08] k = k + 1 = 77; Go to step 4!
[11.11.2015 23:37:08] Step 4: alphak=-755578637259143000000,0000
[11.11.2015 23:37:08] Step 5: h > 0; b=alpha(k-1)=-377789318629572000000,0000
[11.11.2015 23:37:08] k = k + 1 = 78; Go to step 4!
[11.11.2015 23:37:08] Step 4: alphak=-1511157274518290000000,0000
[11.11.2015 23:37:08] Step 5: h > 0; b=alpha(k-1)=-755578637259143000000,0000
[11.11.2015 23:37:08] k = k + 1 = 79; Go to step 4!
[11.11.2015 23:37:08] Step 4: alphak=-3022314549036570000000,0000
[11.11.2015 23:37:08] Step 5: h > 0; b=alpha(k-1)=-1511157274518290000000,0000
[11.11.2015 23:37:08] k = k + 1 = 80; Go to step 4!
[11.11.2015 23:37:08] Step 4: alphak=-6044629098073150000000,0000
[11.11.2015 23:37:08] Step 5: h > 0; b=alpha(k-1)=-3022314549036570000000,0000
[11.11.2015 23:37:08] k = k + 1 = 81; Go to step 4!
[11.11.2015 23:37:08] Step 4: alphak=-12089258196146300000000,0000
[11.11.2015 23:37:08] Step 5: h > 0; b=alpha(k-1)=-6044629098073150000000,0000
[11.11.2015 23:37:08] k = k + 1 = 82; Go to step 4!
[11.11.2015 23:37:08] Step 4: alphak=-24178516392292600000000,0000
[11.11.2015 23:37:08] Step 5: h > 0; b=alpha(k-1)=-12089258196146300000000,0000
[11.11.2015 23:37:08] k = k + 1 = 83; Go to step 4!
[11.11.2015 23:37:08] Step 4: alphak=-48357032784585200000000,0000
[11.11.2015 23:37:08] Step 5: h > 0; b=alpha(k-1)=-24178516392292600000000,0000
[11.11.2015 23:37:08] k = k + 1 = 84; Go to step 4!
[11.11.2015 23:37:08] Step 4: alphak=-96714065569170300000000,0000
[11.11.2015 23:37:08] Step 5: h > 0; b=alpha(k-1)=-48357032784585200000000,0000
[11.11.2015 23:37:08] k = k + 1 = 85; Go to step 4!
[11.11.2015 23:37:08] Step 4: alphak=-193428131138341000000000,0000
[11.11.2015 23:37:08] Step 5: h > 0; b=alpha(k-1)=-96714065569170300000000,0000
[11.11.2015 23:37:09] k = k + 1 = 86; Go to step 4!
[11.11.2015 23:37:09] Step 4: alphak=-386856262276681000000000,0000
[11.11.2015 23:37:09] Step 5: h > 0; b=alpha(k-1)=-193428131138341000000000,0000
[11.11.2015 23:37:09] k = k + 1 = 87; Go to step 4!
[11.11.2015 23:37:09] Step 4: alphak=-773712524553363000000000,0000
[11.11.2015 23:37:09] Step 5: h > 0; b=alpha(k-1)=-386856262276681000000000,0000
[11.11.2015 23:37:09] k = k + 1 = 88; Go to step 4!
[11.11.2015 23:37:09] Step 4: alphak=-1547425049106730000000000,0000
[11.11.2015 23:37:09] Step 5: h > 0; b=alpha(k-1)=-773712524553363000000000,0000
[11.11.2015 23:37:09] k = k + 1 = 89; Go to step 4!
[11.11.2015 23:37:09] Step 4: alphak=-3094850098213450000000000,0000
[11.11.2015 23:37:09] Step 5: h > 0; b=alpha(k-1)=-1547425049106730000000000,0000
[11.11.2015 23:37:09] k = k + 1 = 90; Go to step 4!
[11.11.2015 23:37:09] Step 4: alphak=-6189700196426900000000000,0000
[11.11.2015 23:37:09] Step 5: h > 0; b=alpha(k-1)=-3094850098213450000000000,0000
[11.11.2015 23:37:09] k = k + 1 = 91; Go to step 4!
[11.11.2015 23:37:09] Step 4: alphak=-12379400392853800000000000,0000
[11.11.2015 23:37:09] Step 5: h > 0; b=alpha(k-1)=-6189700196426900000000000,0000
[11.11.2015 23:37:09] k = k + 1 = 92; Go to step 4!
[11.11.2015 23:37:09] Step 4: alphak=-24758800785707600000000000,0000
[11.11.2015 23:37:09] Step 5: h > 0; b=alpha(k-1)=-12379400392853800000000000,0000
[11.11.2015 23:37:09] k = k + 1 = 93; Go to step 4!
[11.11.2015 23:37:09] Step 4: alphak=-49517601571415200000000000,0000
[11.11.2015 23:37:09] Step 5: h > 0; b=alpha(k-1)=-24758800785707600000000000,0000
[11.11.2015 23:37:09] k = k + 1 = 94; Go to step 4!
[11.11.2015 23:37:09] Step 4: alphak=-99035203142830400000000000,0000
[11.11.2015 23:37:09] Step 5: h > 0; b=alpha(k-1)=-49517601571415200000000000,0000
[11.11.2015 23:37:09] k = k + 1 = 95; Go to step 4!
[11.11.2015 23:37:09] Step 4: alphak=-198070406285661000000000000,0000
[11.11.2015 23:37:09] Step 5: h > 0; b=alpha(k-1)=-99035203142830400000000000,0000
[11.11.2015 23:37:09] k = k + 1 = 96; Go to step 4!
[11.11.2015 23:37:09] Step 4: alphak=-396140812571322000000000000,0000
[11.11.2015 23:37:09] Step 5: h > 0; b=alpha(k-1)=-198070406285661000000000000,0000
[11.11.2015 23:37:09] k = k + 1 = 97; Go to step 4!
[11.11.2015 23:37:09] Step 4: alphak=-792281625142643000000000000,0000
[11.11.2015 23:37:09] Step 5: h > 0; b=alpha(k-1)=-396140812571322000000000000,0000
[11.11.2015 23:37:09] k = k + 1 = 98; Go to step 4!
[11.11.2015 23:37:09] Step 4: alphak=-1584563250285290000000000000,0000
[11.11.2015 23:37:09] Step 5: h > 0; b=alpha(k-1)=-792281625142643000000000000,0000
[11.11.2015 23:37:09] k = k + 1 = 99; Go to step 4!
[11.11.2015 23:37:09] Step 4: alphak=-3169126500570570000000000000,0000
[11.11.2015 23:37:09] Step 5: h > 0; b=alpha(k-1)=-1584563250285290000000000000,0000
[11.11.2015 23:37:09] k = k + 1 = 100; Go to step 4!
[11.11.2015 23:37:09] Step 4: alphak=-6338253001141150000000000000,0000
[11.11.2015 23:37:09] Step 5: h > 0; b=alpha(k-1)=-3169126500570570000000000000,0000
[11.11.2015 23:37:09] k = k + 1 = 101; Go to step 4!
[11.11.2015 23:37:09] Step 4: alphak=-12676506002282300000000000000,0000
[11.11.2015 23:37:09] Step 5: h > 0; b=alpha(k-1)=-6338253001141150000000000000,0000
[11.11.2015 23:37:09] k = k + 1 = 102; Go to step 4!
[11.11.2015 23:37:09] Step 4: alphak=-25353012004564600000000000000,0000
[11.11.2015 23:37:09] Step 5: h > 0; b=alpha(k-1)=-12676506002282300000000000000,0000
[11.11.2015 23:37:09] k = k + 1 = 103; Go to step 4!
[11.11.2015 23:37:09] Step 4: alphak=-50706024009129200000000000000,0000
[11.11.2015 23:37:09] Step 5: h > 0; b=alpha(k-1)=-25353012004564600000000000000,0000
[11.11.2015 23:37:09] k = k + 1 = 104; Go to step 4!
[11.11.2015 23:37:09] Step 4: alphak=-101412048018258000000000000000,0000
[11.11.2015 23:37:09] Step 5: h > 0; b=alpha(k-1)=-50706024009129200000000000000,0000
[11.11.2015 23:37:09] k = k + 1 = 105; Go to step 4!
[11.11.2015 23:37:09] Step 4: alphak=-202824096036517000000000000000,0000
[11.11.2015 23:37:09] Step 5: h > 0; b=alpha(k-1)=-101412048018258000000000000000,0000
[11.11.2015 23:37:09] k = k + 1 = 106; Go to step 4!
[11.11.2015 23:37:09] Step 4: alphak=-405648192073033000000000000000,0000
[11.11.2015 23:37:09] Step 5: h > 0; b=alpha(k-1)=-202824096036517000000000000000,0000
[11.11.2015 23:37:09] k = k + 1 = 107; Go to step 4!
[11.11.2015 23:37:09] Step 4: alphak=-811296384146067000000000000000,0000
[11.11.2015 23:37:09] Step 5: h > 0; b=alpha(k-1)=-405648192073033000000000000000,0000
[11.11.2015 23:37:09] k = k + 1 = 108; Go to step 4!
[11.11.2015 23:37:09] Step 4: alphak=-1622592768292130000000000000000,0000
[11.11.2015 23:37:09] Step 5: h > 0; b=alpha(k-1)=-811296384146067000000000000000,0000
[11.11.2015 23:37:09] k = k + 1 = 109; Go to step 4!
[11.11.2015 23:37:09] Step 4: alphak=-3245185536584270000000000000000,0000
[11.11.2015 23:37:09] Step 5: h > 0; b=alpha(k-1)=-1622592768292130000000000000000,0000
[11.11.2015 23:37:09] k = k + 1 = 110; Go to step 4!
[11.11.2015 23:37:09] Step 4: alphak=-6490371073168530000000000000000,0000
